<?xml version="1.0" encoding="UTF-8"?>
<testsuite name="org.elasticsearch.common.xcontent.MapXContentParserTests" tests="2" skipped="0" failures="0" errors="0" timestamp="2020-02-16T22:50:45" hostname="Escoto-PC" time="0.558">
  <properties/>
  <testcase name="testRandomObject" classname="org.elasticsearch.common.xcontent.MapXContentParserTests" time="0.434"/>
  <testcase name="testSimpleMap" classname="org.elasticsearch.common.xcontent.MapXContentParserTests" time="0.124"/>
  <system-out><![CDATA[[2020-02-17T05:50:45,691][INFO ][o.e.c.x.MapXContentParserTests] [testRandomObject] before test
[2020-02-17T05:50:46,060][INFO ][o.e.c.x.MapXContentParserTests] [testRandomObject] after test
[2020-02-17T05:50:46,084][INFO ][o.e.c.x.MapXContentParserTests] [testSimpleMap] before test
[2020-02-17T05:50:46,184][INFO ][o.e.c.x.MapXContentParserTests] [testSimpleMap] after test
]]></system-out>
  <system-err><![CDATA[]]></system-err>
</testsuite>
