<?xml version="1.0" encoding="UTF-8"?>
<testsuite name="org.elasticsearch.cluster.metadata.IndexNameExpressionResolverTests" tests="55" skipped="0" failures="0" errors="0" timestamp="2020-02-16T22:20:33" hostname="Escoto-PC" time="0.624">
  <properties/>
  <testcase name="testIsAllIndicesNormalIndexes" classname="org.elasticsearch.cluster.metadata.IndexNameExpressionResolverTests" time="0.005"/>
  <testcase name="testIndexOptionsNoExpandWildcards" classname="org.elasticsearch.cluster.metadata.IndexNameExpressionResolverTests" time="0.008"/>
  <testcase name="testIndexOptionsWildcardExpansion" classname="org.elasticsearch.cluster.metadata.IndexNameExpressionResolverTests" time="0.008"/>
  <testcase name="testIsPatternMatchingAllIndicesNonMatchingTrailingWildcardAndExclusion" classname="org.elasticsearch.cluster.metadata.IndexNameExpressionResolverTests" time="0.003"/>
  <testcase name="testIsAllIndicesEmpty" classname="org.elasticsearch.cluster.metadata.IndexNameExpressionResolverTests" time="0.038"/>
  <testcase name="testIsPatternMatchingAllIndicesMatchingSingleExclusion" classname="org.elasticsearch.cluster.metadata.IndexNameExpressionResolverTests" time="0.002"/>
  <testcase name="testDeleteIndexIgnoresAliases" classname="org.elasticsearch.cluster.metadata.IndexNameExpressionResolverTests" time="0.003"/>
  <testcase name="testIsExplicitAllIndicesNormalIndexes" classname="org.elasticsearch.cluster.metadata.IndexNameExpressionResolverTests" time="0.008"/>
  <testcase name="testIndexAliasesSkipIdentity" classname="org.elasticsearch.cluster.metadata.IndexNameExpressionResolverTests" time="0.006"/>
  <testcase name="testIndexOptionsEmptyCluster" classname="org.elasticsearch.cluster.metadata.IndexNameExpressionResolverTests" time="0.006"/>
  <testcase name="testIsPatternMatchingAllIndicesMatchingTrailingWildcard" classname="org.elasticsearch.cluster.metadata.IndexNameExpressionResolverTests" time="0.004"/>
  <testcase name="testConcreteIndicesWildcardAndAliases" classname="org.elasticsearch.cluster.metadata.IndexNameExpressionResolverTests" time="0.011"/>
  <testcase name="testIndexOptionsLenient" classname="org.elasticsearch.cluster.metadata.IndexNameExpressionResolverTests" time="0.005"/>
  <testcase name="testIsExplicitAllIndicesWildcard" classname="org.elasticsearch.cluster.metadata.IndexNameExpressionResolverTests" time="0.008"/>
  <testcase name="testIsPatternMatchingAllIndicesOnlyWildcard" classname="org.elasticsearch.cluster.metadata.IndexNameExpressionResolverTests" time="0.017"/>
  <testcase name="testIsAllIndicesExplicitAllPlusOther" classname="org.elasticsearch.cluster.metadata.IndexNameExpressionResolverTests" time="0.012"/>
  <testcase name="testConcreteIndicesIgnoreIndicesOneMissingIndex" classname="org.elasticsearch.cluster.metadata.IndexNameExpressionResolverTests" time="0.003"/>
  <testcase name="testConcreteIndicesWildcardWithNegation" classname="org.elasticsearch.cluster.metadata.IndexNameExpressionResolverTests" time="0.005"/>
  <testcase name="testConcreteIndicesNoIndicesErrorMessage" classname="org.elasticsearch.cluster.metadata.IndexNameExpressionResolverTests" time="0.003"/>
  <testcase name="testConcreteIndicesIgnoreIndicesOneMissingIndexOtherFound" classname="org.elasticsearch.cluster.metadata.IndexNameExpressionResolverTests" time="0.004"/>
  <testcase name="testIndexOptionsStrict" classname="org.elasticsearch.cluster.metadata.IndexNameExpressionResolverTests" time="0.01"/>
  <testcase name="testInvalidIndex" classname="org.elasticsearch.cluster.metadata.IndexNameExpressionResolverTests" time="0.038"/>
  <testcase name="testConcreteWriteIndexWithNoWriteIndexWithMultipleIndices" classname="org.elasticsearch.cluster.metadata.IndexNameExpressionResolverTests" time="0.01"/>
  <testcase name="testConcreteIndicesWildcardNoMatch" classname="org.elasticsearch.cluster.metadata.IndexNameExpressionResolverTests" time="0.004"/>
  <testcase name="testIndexAliases" classname="org.elasticsearch.cluster.metadata.IndexNameExpressionResolverTests" time="0.013"/>
  <testcase name="testResolveExpressions" classname="org.elasticsearch.cluster.metadata.IndexNameExpressionResolverTests" time="0.032"/>
  <testcase name="testIsPatternMatchingAllIndicesMatchingTrailingWildcardAndExclusion" classname="org.elasticsearch.cluster.metadata.IndexNameExpressionResolverTests" time="0.018"/>
  <testcase name="testConcreteIndicesAllPatternRandom" classname="org.elasticsearch.cluster.metadata.IndexNameExpressionResolverTests" time="0.004"/>
  <testcase name="testIsExplicitAllIndicesNull" classname="org.elasticsearch.cluster.metadata.IndexNameExpressionResolverTests" time="0.002"/>
  <testcase name="testConcreteIndicesIgnoreIndicesEmptyRequest" classname="org.elasticsearch.cluster.metadata.IndexNameExpressionResolverTests" time="0.005"/>
  <testcase name="testIndexOptionsFailClosedIndicesAndAliases" classname="org.elasticsearch.cluster.metadata.IndexNameExpressionResolverTests" time="0.002"/>
  <testcase name="testConcreteWriteIndexSuccessful" classname="org.elasticsearch.cluster.metadata.IndexNameExpressionResolverTests" time="0.005"/>
  <testcase name="testIsPatternMatchingAllIndicesNonMatchingSingleExclusion" classname="org.elasticsearch.cluster.metadata.IndexNameExpressionResolverTests" time="0.027"/>
  <testcase name="testConcreteIndicesIgnoreIndicesAllMissing" classname="org.elasticsearch.cluster.metadata.IndexNameExpressionResolverTests" time="0.029"/>
  <testcase name="testIndicesAliasesRequestIgnoresAliases" classname="org.elasticsearch.cluster.metadata.IndexNameExpressionResolverTests" time="0.003"/>
  <testcase name="testConcreteIndicesNoIndicesErrorMessageNoExpand" classname="org.elasticsearch.cluster.metadata.IndexNameExpressionResolverTests" time="0.028"/>
  <testcase name="testIsAllIndicesNull" classname="org.elasticsearch.cluster.metadata.IndexNameExpressionResolverTests" time="0.003"/>
  <testcase name="testIsAllIndicesWildcard" classname="org.elasticsearch.cluster.metadata.IndexNameExpressionResolverTests" time="0.002"/>
  <testcase name="testIndexOptionsAllowUnavailableDisallowEmpty" classname="org.elasticsearch.cluster.metadata.IndexNameExpressionResolverTests" time="0.029"/>
  <testcase name="testConcreteWriteIndexWithWildcardExpansion" classname="org.elasticsearch.cluster.metadata.IndexNameExpressionResolverTests" time="0.044"/>
  <testcase name="testIsAllIndicesExplicitAll" classname="org.elasticsearch.cluster.metadata.IndexNameExpressionResolverTests" time="0.004"/>
  <testcase name="testIndexOptionsSingleIndexNoExpandWildcards" classname="org.elasticsearch.cluster.metadata.IndexNameExpressionResolverTests" time="0.003"/>
  <testcase name="testConcreteIndicesWildcardExpansion" classname="org.elasticsearch.cluster.metadata.IndexNameExpressionResolverTests" time="0.002"/>
  <testcase name="testFilterClosedIndicesOnAliases" classname="org.elasticsearch.cluster.metadata.IndexNameExpressionResolverTests" time="0.072"/>
  <testcase name="testIsPatternMatchingAllIndicesExplicitList" classname="org.elasticsearch.cluster.metadata.IndexNameExpressionResolverTests" time="0.016"/>
  <testcase name="testIgnoreThrottled" classname="org.elasticsearch.cluster.metadata.IndexNameExpressionResolverTests" time="0.014"/>
  <testcase name="testIsPatternMatchingAllIndicesNonMatchingTrailingWildcard" classname="org.elasticsearch.cluster.metadata.IndexNameExpressionResolverTests" time="0.003"/>
  <testcase name="testIsExplicitAllIndicesExplicitAll" classname="org.elasticsearch.cluster.metadata.IndexNameExpressionResolverTests" time="0.002"/>
  <testcase name="testConcreteWriteIndexWithNoWriteIndexWithSingleIndex" classname="org.elasticsearch.cluster.metadata.IndexNameExpressionResolverTests" time="0.004"/>
  <testcase name="testAliasResolutionNotAllowingMultipleIndices" classname="org.elasticsearch.cluster.metadata.IndexNameExpressionResolverTests" time="0.004"/>
  <testcase name="testIsExplicitAllIndicesExplicitAllPlusOther" classname="org.elasticsearch.cluster.metadata.IndexNameExpressionResolverTests" time="0.002"/>
  <testcase name="testIsExplicitAllIndicesEmpty" classname="org.elasticsearch.cluster.metadata.IndexNameExpressionResolverTests" time="0.005"/>
  <testcase name="testFilteringAliases" classname="org.elasticsearch.cluster.metadata.IndexNameExpressionResolverTests" time="0.002"/>
  <testcase name="testConcreteWriteIndexWithInvalidIndicesRequest" classname="org.elasticsearch.cluster.metadata.IndexNameExpressionResolverTests" time="0.015"/>
  <testcase name="testDedupConcreteIndices" classname="org.elasticsearch.cluster.metadata.IndexNameExpressionResolverTests" time="0.003"/>
  <system-out><![CDATA[[2020-02-17T03:20:33,904][INFO ][o.e.c.m.IndexNameExpressionResolverTests] [testIsAllIndicesNormalIndexes] before test
[2020-02-17T03:20:33,906][INFO ][o.e.c.m.IndexNameExpressionResolverTests] [testIsAllIndicesNormalIndexes] after test
[2020-02-17T03:20:33,913][INFO ][o.e.c.m.IndexNameExpressionResolverTests] [testIndexOptionsNoExpandWildcards] before test
[2020-02-17T03:20:33,914][INFO ][o.e.c.m.IndexNameExpressionResolverTests] [testIndexOptionsNoExpandWildcards] after test
[2020-02-17T03:20:33,921][INFO ][o.e.c.m.IndexNameExpressionResolverTests] [testIndexOptionsWildcardExpansion] before test
[2020-02-17T03:20:33,922][INFO ][o.e.c.m.IndexNameExpressionResolverTests] [testIndexOptionsWildcardExpansion] after test
[2020-02-17T03:20:33,925][INFO ][o.e.c.m.IndexNameExpressionResolverTests] [testIsPatternMatchingAllIndicesNonMatchingTrailingWildcardAndExclusion] before test
[2020-02-17T03:20:33,925][INFO ][o.e.c.m.IndexNameExpressionResolverTests] [testIsPatternMatchingAllIndicesNonMatchingTrailingWildcardAndExclusion] after test
[2020-02-17T03:20:33,963][INFO ][o.e.c.m.IndexNameExpressionResolverTests] [testIsAllIndicesEmpty] before test
[2020-02-17T03:20:33,963][INFO ][o.e.c.m.IndexNameExpressionResolverTests] [testIsAllIndicesEmpty] after test
[2020-02-17T03:20:33,965][INFO ][o.e.c.m.IndexNameExpressionResolverTests] [testIsPatternMatchingAllIndicesMatchingSingleExclusion] before test
[2020-02-17T03:20:33,965][INFO ][o.e.c.m.IndexNameExpressionResolverTests] [testIsPatternMatchingAllIndicesMatchingSingleExclusion] after test
[2020-02-17T03:20:33,967][INFO ][o.e.c.m.IndexNameExpressionResolverTests] [testDeleteIndexIgnoresAliases] before test
[2020-02-17T03:20:33,968][INFO ][o.e.c.m.IndexNameExpressionResolverTests] [testDeleteIndexIgnoresAliases] after test
[2020-02-17T03:20:33,975][INFO ][o.e.c.m.IndexNameExpressionResolverTests] [testIsExplicitAllIndicesNormalIndexes] before test
[2020-02-17T03:20:33,976][INFO ][o.e.c.m.IndexNameExpressionResolverTests] [testIsExplicitAllIndicesNormalIndexes] after test
[2020-02-17T03:20:33,981][INFO ][o.e.c.m.IndexNameExpressionResolverTests] [testIndexAliasesSkipIdentity] before test
[2020-02-17T03:20:33,982][INFO ][o.e.c.m.IndexNameExpressionResolverTests] [testIndexAliasesSkipIdentity] after test
[2020-02-17T03:20:33,988][INFO ][o.e.c.m.IndexNameExpressionResolverTests] [testIndexOptionsEmptyCluster] before test
[2020-02-17T03:20:33,988][INFO ][o.e.c.m.IndexNameExpressionResolverTests] [testIndexOptionsEmptyCluster] after test
[2020-02-17T03:20:33,992][INFO ][o.e.c.m.IndexNameExpressionResolverTests] [testIsPatternMatchingAllIndicesMatchingTrailingWildcard] before test
[2020-02-17T03:20:33,993][INFO ][o.e.c.m.IndexNameExpressionResolverTests] [testIsPatternMatchingAllIndicesMatchingTrailingWildcard] after test
[2020-02-17T03:20:33,998][INFO ][o.e.c.m.IndexNameExpressionResolverTests] [testConcreteIndicesWildcardAndAliases] before test
[2020-02-17T03:20:34,004][INFO ][o.e.c.m.IndexNameExpressionResolverTests] [testConcreteIndicesWildcardAndAliases] after test
[2020-02-17T03:20:34,009][INFO ][o.e.c.m.IndexNameExpressionResolverTests] [testIndexOptionsLenient] before test
[2020-02-17T03:20:34,009][INFO ][o.e.c.m.IndexNameExpressionResolverTests] [testIndexOptionsLenient] after test
[2020-02-17T03:20:34,017][INFO ][o.e.c.m.IndexNameExpressionResolverTests] [testIsExplicitAllIndicesWildcard] before test
[2020-02-17T03:20:34,017][INFO ][o.e.c.m.IndexNameExpressionResolverTests] [testIsExplicitAllIndicesWildcard] after test
[2020-02-17T03:20:34,034][INFO ][o.e.c.m.IndexNameExpressionResolverTests] [testIsPatternMatchingAllIndicesOnlyWildcard] before test
[2020-02-17T03:20:34,034][INFO ][o.e.c.m.IndexNameExpressionResolverTests] [testIsPatternMatchingAllIndicesOnlyWildcard] after test
[2020-02-17T03:20:34,046][INFO ][o.e.c.m.IndexNameExpressionResolverTests] [testIsAllIndicesExplicitAllPlusOther] before test
[2020-02-17T03:20:34,046][INFO ][o.e.c.m.IndexNameExpressionResolverTests] [testIsAllIndicesExplicitAllPlusOther] after test
[2020-02-17T03:20:34,050][INFO ][o.e.c.m.IndexNameExpressionResolverTests] [testConcreteIndicesIgnoreIndicesOneMissingIndex] before test
[2020-02-17T03:20:34,050][INFO ][o.e.c.m.IndexNameExpressionResolverTests] [testConcreteIndicesIgnoreIndicesOneMissingIndex] after test
[2020-02-17T03:20:34,055][INFO ][o.e.c.m.IndexNameExpressionResolverTests] [testConcreteIndicesWildcardWithNegation] before test
[2020-02-17T03:20:34,055][INFO ][o.e.c.m.IndexNameExpressionResolverTests] [testConcreteIndicesWildcardWithNegation] after test
[2020-02-17T03:20:34,057][INFO ][o.e.c.m.IndexNameExpressionResolverTests] [testConcreteIndicesNoIndicesErrorMessage] before test
[2020-02-17T03:20:34,058][INFO ][o.e.c.m.IndexNameExpressionResolverTests] [testConcreteIndicesNoIndicesErrorMessage] after test
[2020-02-17T03:20:34,061][INFO ][o.e.c.m.IndexNameExpressionResolverTests] [testConcreteIndicesIgnoreIndicesOneMissingIndexOtherFound] before test
[2020-02-17T03:20:34,061][INFO ][o.e.c.m.IndexNameExpressionResolverTests] [testConcreteIndicesIgnoreIndicesOneMissingIndexOtherFound] after test
[2020-02-17T03:20:34,071][INFO ][o.e.c.m.IndexNameExpressionResolverTests] [testIndexOptionsStrict] before test
[2020-02-17T03:20:34,072][INFO ][o.e.c.m.IndexNameExpressionResolverTests] [testIndexOptionsStrict] after test
[2020-02-17T03:20:34,109][INFO ][o.e.c.m.IndexNameExpressionResolverTests] [testInvalidIndex] before test
[2020-02-17T03:20:34,109][INFO ][o.e.c.m.IndexNameExpressionResolverTests] [testInvalidIndex] after test
[2020-02-17T03:20:34,119][INFO ][o.e.c.m.IndexNameExpressionResolverTests] [testConcreteWriteIndexWithNoWriteIndexWithMultipleIndices] before test
[2020-02-17T03:20:34,120][INFO ][o.e.c.m.IndexNameExpressionResolverTests] [testConcreteWriteIndexWithNoWriteIndexWithMultipleIndices] after test
[2020-02-17T03:20:34,123][INFO ][o.e.c.m.IndexNameExpressionResolverTests] [testConcreteIndicesWildcardNoMatch] before test
[2020-02-17T03:20:34,124][INFO ][o.e.c.m.IndexNameExpressionResolverTests] [testConcreteIndicesWildcardNoMatch] after test
[2020-02-17T03:20:34,137][INFO ][o.e.c.m.IndexNameExpressionResolverTests] [testIndexAliases] before test
[2020-02-17T03:20:34,137][INFO ][o.e.c.m.IndexNameExpressionResolverTests] [testIndexAliases] after test
[2020-02-17T03:20:34,169][INFO ][o.e.c.m.IndexNameExpressionResolverTests] [testResolveExpressions] before test
[2020-02-17T03:20:34,170][INFO ][o.e.c.m.IndexNameExpressionResolverTests] [testResolveExpressions] after test
[2020-02-17T03:20:34,187][INFO ][o.e.c.m.IndexNameExpressionResolverTests] [testIsPatternMatchingAllIndicesMatchingTrailingWildcardAndExclusion] before test
[2020-02-17T03:20:34,187][INFO ][o.e.c.m.IndexNameExpressionResolverTests] [testIsPatternMatchingAllIndicesMatchingTrailingWildcardAndExclusion] after test
[2020-02-17T03:20:34,190][INFO ][o.e.c.m.IndexNameExpressionResolverTests] [testConcreteIndicesAllPatternRandom] before test
[2020-02-17T03:20:34,191][INFO ][o.e.c.m.IndexNameExpressionResolverTests] [testConcreteIndicesAllPatternRandom] after test
[2020-02-17T03:20:34,193][INFO ][o.e.c.m.IndexNameExpressionResolverTests] [testIsExplicitAllIndicesNull] before test
[2020-02-17T03:20:34,194][INFO ][o.e.c.m.IndexNameExpressionResolverTests] [testIsExplicitAllIndicesNull] after test
[2020-02-17T03:20:34,198][INFO ][o.e.c.m.IndexNameExpressionResolverTests] [testConcreteIndicesIgnoreIndicesEmptyRequest] before test
[2020-02-17T03:20:34,199][INFO ][o.e.c.m.IndexNameExpressionResolverTests] [testConcreteIndicesIgnoreIndicesEmptyRequest] after test
[2020-02-17T03:20:34,201][INFO ][o.e.c.m.IndexNameExpressionResolverTests] [testIndexOptionsFailClosedIndicesAndAliases] before test
[2020-02-17T03:20:34,201][INFO ][o.e.c.m.IndexNameExpressionResolverTests] [testIndexOptionsFailClosedIndicesAndAliases] after test
[2020-02-17T03:20:34,206][INFO ][o.e.c.m.IndexNameExpressionResolverTests] [testConcreteWriteIndexSuccessful] before test
[2020-02-17T03:20:34,206][INFO ][o.e.c.m.IndexNameExpressionResolverTests] [testConcreteWriteIndexSuccessful] after test
[2020-02-17T03:20:34,232][INFO ][o.e.c.m.IndexNameExpressionResolverTests] [testIsPatternMatchingAllIndicesNonMatchingSingleExclusion] before test
[2020-02-17T03:20:34,233][INFO ][o.e.c.m.IndexNameExpressionResolverTests] [testIsPatternMatchingAllIndicesNonMatchingSingleExclusion] after test
[2020-02-17T03:20:34,261][INFO ][o.e.c.m.IndexNameExpressionResolverTests] [testConcreteIndicesIgnoreIndicesAllMissing] before test
[2020-02-17T03:20:34,261][INFO ][o.e.c.m.IndexNameExpressionResolverTests] [testConcreteIndicesIgnoreIndicesAllMissing] after test
[2020-02-17T03:20:34,264][INFO ][o.e.c.m.IndexNameExpressionResolverTests] [testIndicesAliasesRequestIgnoresAliases] before test
[2020-02-17T03:20:34,265][INFO ][o.e.c.m.IndexNameExpressionResolverTests] [testIndicesAliasesRequestIgnoresAliases] after test
[2020-02-17T03:20:34,293][INFO ][o.e.c.m.IndexNameExpressionResolverTests] [testConcreteIndicesNoIndicesErrorMessageNoExpand] before test
[2020-02-17T03:20:34,293][INFO ][o.e.c.m.IndexNameExpressionResolverTests] [testConcreteIndicesNoIndicesErrorMessageNoExpand] after test
[2020-02-17T03:20:34,296][INFO ][o.e.c.m.IndexNameExpressionResolverTests] [testIsAllIndicesNull] before test
[2020-02-17T03:20:34,296][INFO ][o.e.c.m.IndexNameExpressionResolverTests] [testIsAllIndicesNull] after test
[2020-02-17T03:20:34,298][INFO ][o.e.c.m.IndexNameExpressionResolverTests] [testIsAllIndicesWildcard] before test
[2020-02-17T03:20:34,298][INFO ][o.e.c.m.IndexNameExpressionResolverTests] [testIsAllIndicesWildcard] after test
[2020-02-17T03:20:34,327][INFO ][o.e.c.m.IndexNameExpressionResolverTests] [testIndexOptionsAllowUnavailableDisallowEmpty] before test
[2020-02-17T03:20:34,327][INFO ][o.e.c.m.IndexNameExpressionResolverTests] [testIndexOptionsAllowUnavailableDisallowEmpty] after test
[2020-02-17T03:20:34,371][INFO ][o.e.c.m.IndexNameExpressionResolverTests] [testConcreteWriteIndexWithWildcardExpansion] before test
[2020-02-17T03:20:34,371][INFO ][o.e.c.m.IndexNameExpressionResolverTests] [testConcreteWriteIndexWithWildcardExpansion] after test
[2020-02-17T03:20:34,375][INFO ][o.e.c.m.IndexNameExpressionResolverTests] [testIsAllIndicesExplicitAll] before test
[2020-02-17T03:20:34,375][INFO ][o.e.c.m.IndexNameExpressionResolverTests] [testIsAllIndicesExplicitAll] after test
[2020-02-17T03:20:34,377][INFO ][o.e.c.m.IndexNameExpressionResolverTests] [testIndexOptionsSingleIndexNoExpandWildcards] before test
[2020-02-17T03:20:34,378][INFO ][o.e.c.m.IndexNameExpressionResolverTests] [testIndexOptionsSingleIndexNoExpandWildcards] after test
[2020-02-17T03:20:34,380][INFO ][o.e.c.m.IndexNameExpressionResolverTests] [testConcreteIndicesWildcardExpansion] before test
[2020-02-17T03:20:34,380][INFO ][o.e.c.m.IndexNameExpressionResolverTests] [testConcreteIndicesWildcardExpansion] after test
[2020-02-17T03:20:34,452][INFO ][o.e.c.m.IndexNameExpressionResolverTests] [testFilterClosedIndicesOnAliases] before test
[2020-02-17T03:20:34,452][INFO ][o.e.c.m.IndexNameExpressionResolverTests] [testFilterClosedIndicesOnAliases] after test
[2020-02-17T03:20:34,468][INFO ][o.e.c.m.IndexNameExpressionResolverTests] [testIsPatternMatchingAllIndicesExplicitList] before test
[2020-02-17T03:20:34,468][INFO ][o.e.c.m.IndexNameExpressionResolverTests] [testIsPatternMatchingAllIndicesExplicitList] after test
[2020-02-17T03:20:34,482][INFO ][o.e.c.m.IndexNameExpressionResolverTests] [testIgnoreThrottled] before test
[2020-02-17T03:20:34,483][INFO ][o.e.c.m.IndexNameExpressionResolverTests] [testIgnoreThrottled] after test
[2020-02-17T03:20:34,486][INFO ][o.e.c.m.IndexNameExpressionResolverTests] [testIsPatternMatchingAllIndicesNonMatchingTrailingWildcard] before test
[2020-02-17T03:20:34,486][INFO ][o.e.c.m.IndexNameExpressionResolverTests] [testIsPatternMatchingAllIndicesNonMatchingTrailingWildcard] after test
[2020-02-17T03:20:34,489][INFO ][o.e.c.m.IndexNameExpressionResolverTests] [testIsExplicitAllIndicesExplicitAll] before test
[2020-02-17T03:20:34,489][INFO ][o.e.c.m.IndexNameExpressionResolverTests] [testIsExplicitAllIndicesExplicitAll] after test
[2020-02-17T03:20:34,493][INFO ][o.e.c.m.IndexNameExpressionResolverTests] [testConcreteWriteIndexWithNoWriteIndexWithSingleIndex] before test
[2020-02-17T03:20:34,494][INFO ][o.e.c.m.IndexNameExpressionResolverTests] [testConcreteWriteIndexWithNoWriteIndexWithSingleIndex] after test
[2020-02-17T03:20:34,497][INFO ][o.e.c.m.IndexNameExpressionResolverTests] [testAliasResolutionNotAllowingMultipleIndices] before test
[2020-02-17T03:20:34,497][INFO ][o.e.c.m.IndexNameExpressionResolverTests] [testAliasResolutionNotAllowingMultipleIndices] after test
[2020-02-17T03:20:34,500][INFO ][o.e.c.m.IndexNameExpressionResolverTests] [testIsExplicitAllIndicesExplicitAllPlusOther] before test
[2020-02-17T03:20:34,500][INFO ][o.e.c.m.IndexNameExpressionResolverTests] [testIsExplicitAllIndicesExplicitAllPlusOther] after test
[2020-02-17T03:20:34,504][INFO ][o.e.c.m.IndexNameExpressionResolverTests] [testIsExplicitAllIndicesEmpty] before test
[2020-02-17T03:20:34,504][INFO ][o.e.c.m.IndexNameExpressionResolverTests] [testIsExplicitAllIndicesEmpty] after test
[2020-02-17T03:20:34,506][INFO ][o.e.c.m.IndexNameExpressionResolverTests] [testFilteringAliases] before test
[2020-02-17T03:20:34,507][INFO ][o.e.c.m.IndexNameExpressionResolverTests] [testFilteringAliases] after test
[2020-02-17T03:20:34,508][INFO ][o.e.c.m.IndexNameExpressionResolverTests] [testConcreteWriteIndexWithInvalidIndicesRequest] before test
[2020-02-17T03:20:34,522][INFO ][o.e.c.m.IndexNameExpressionResolverTests] [testConcreteWriteIndexWithInvalidIndicesRequest] after test
[2020-02-17T03:20:34,524][INFO ][o.e.c.m.IndexNameExpressionResolverTests] [testDedupConcreteIndices] before test
[2020-02-17T03:20:34,524][INFO ][o.e.c.m.IndexNameExpressionResolverTests] [testDedupConcreteIndices] after test
]]></system-out>
  <system-err><![CDATA[]]></system-err>
</testsuite>
