<?xml version="1.0" encoding="UTF-8"?>
<testsuite name="org.elasticsearch.action.admin.indices.shards.IndicesShardStoreResponseTests" tests="2" skipped="0" failures="0" errors="0" timestamp="2020-02-16T22:20:34" hostname="Escoto-PC" time="0.014">
  <properties/>
  <testcase name="testBasicSerialization" classname="org.elasticsearch.action.admin.indices.shards.IndicesShardStoreResponseTests" time="0.01"/>
  <testcase name="testStoreStatusOrdering" classname="org.elasticsearch.action.admin.indices.shards.IndicesShardStoreResponseTests" time="0.004"/>
  <system-out><![CDATA[[2020-02-17T09:20:34,035][INFO ][o.e.a.a.i.s.IndicesShardStoreResponseTests] [testBasicSerialization] before test
[2020-02-17T09:20:34,040][INFO ][o.e.a.a.i.s.IndicesShardStoreResponseTests] [testBasicSerialization] after test
[2020-02-17T09:20:34,043][INFO ][o.e.a.a.i.s.IndicesShardStoreResponseTests] [testStoreStatusOrdering] before test
[2020-02-17T09:20:34,044][INFO ][o.e.a.a.i.s.IndicesShardStoreResponseTests] [testStoreStatusOrdering] after test
]]></system-out>
  <system-err><![CDATA[]]></system-err>
</testsuite>
