<?xml version="1.0" encoding="UTF-8"?>
<testsuite name="org.elasticsearch.common.util.concurrent.SizeBlockingQueueTests" tests="1" skipped="0" failures="0" errors="0" timestamp="2020-02-16T22:21:59" hostname="Escoto-PC" time="0.21">
  <properties/>
  <testcase name="testQueueSize" classname="org.elasticsearch.common.util.concurrent.SizeBlockingQueueTests" time="0.21"/>
  <system-out><![CDATA[[2020-02-16T22:21:59,958][INFO ][o.e.c.u.c.SizeBlockingQueueTests] [testQueueSize] before test
[2020-02-16T22:22:00,166][INFO ][o.e.c.u.c.SizeBlockingQueueTests] [testQueueSize] after test
]]></system-out>
  <system-err><![CDATA[]]></system-err>
</testsuite>
