<?xml version="1.0" encoding="UTF-8"?>
<testsuite name="org.elasticsearch.common.xcontent.smile.SmileXContentTests" tests="53" skipped="0" failures="0" errors="0" timestamp="2020-02-16T22:20:55" hostname="Escoto-PC" time="0.367">
  <properties/>
  <testcase name="testLatLon" classname="org.elasticsearch.common.xcontent.smile.SmileXContentTests" time="0.006"/>
  <testcase name="testLongs" classname="org.elasticsearch.common.xcontent.smile.SmileXContentTests" time="0.003"/>
  <testcase name="testReadableInstant" classname="org.elasticsearch.common.xcontent.smile.SmileXContentTests" time="0.003"/>
  <testcase name="testBinaryUTF8" classname="org.elasticsearch.common.xcontent.smile.SmileXContentTests" time="0.003"/>
  <testcase name="testStrings" classname="org.elasticsearch.common.xcontent.smile.SmileXContentTests" time="0.004"/>
  <testcase name="testBinaryValueWithOffsetLength" classname="org.elasticsearch.common.xcontent.smile.SmileXContentTests" time="0.004"/>
  <testcase name="testField" classname="org.elasticsearch.common.xcontent.smile.SmileXContentTests" time="0.009"/>
  <testcase name="testSelfReferencingMapsOneLevel" classname="org.elasticsearch.common.xcontent.smile.SmileXContentTests" time="0.002"/>
  <testcase name="testBigDecimals" classname="org.elasticsearch.common.xcontent.smile.SmileXContentTests" time="0.002"/>
  <testcase name="testObject" classname="org.elasticsearch.common.xcontent.smile.SmileXContentTests" time="0.004"/>
  <testcase name="testBytes" classname="org.elasticsearch.common.xcontent.smile.SmileXContentTests" time="0.002"/>
  <testcase name="testBigIntegers" classname="org.elasticsearch.common.xcontent.smile.SmileXContentTests" time="0.01"/>
  <testcase name="testToXContent" classname="org.elasticsearch.common.xcontent.smile.SmileXContentTests" time="0.013"/>
  <testcase name="testMissingEndObject" classname="org.elasticsearch.common.xcontent.smile.SmileXContentTests" time="0.002"/>
  <testcase name="testJavaTime" classname="org.elasticsearch.common.xcontent.smile.SmileXContentTests" time="0.003"/>
  <testcase name="testSelfReferencingMapsTwoLevels" classname="org.elasticsearch.common.xcontent.smile.SmileXContentTests" time="0.003"/>
  <testcase name="testDateField" classname="org.elasticsearch.common.xcontent.smile.SmileXContentTests" time="0.003"/>
  <testcase name="testSelfReferencingIterableTwoLevels" classname="org.elasticsearch.common.xcontent.smile.SmileXContentTests" time="0.002"/>
  <testcase name="testSelfReferencingIterable" classname="org.elasticsearch.common.xcontent.smile.SmileXContentTests" time="0.002"/>
  <testcase name="testUnknownObject" classname="org.elasticsearch.common.xcontent.smile.SmileXContentTests" time="0.002"/>
  <testcase name="testDoubles" classname="org.elasticsearch.common.xcontent.smile.SmileXContentTests" time="0.003"/>
  <testcase name="testChecksForDuplicates" classname="org.elasticsearch.common.xcontent.smile.SmileXContentTests" time="0.004"/>
  <testcase name="testEnsureNotNull" classname="org.elasticsearch.common.xcontent.smile.SmileXContentTests" time="0.004"/>
  <testcase name="testEnsureNameNotNull" classname="org.elasticsearch.common.xcontent.smile.SmileXContentTests" time="0.004"/>
  <testcase name="testBinaryValue" classname="org.elasticsearch.common.xcontent.smile.SmileXContentTests" time="0.002"/>
  <testcase name="testNullValue" classname="org.elasticsearch.common.xcontent.smile.SmileXContentTests" time="0.002"/>
  <testcase name="testMap" classname="org.elasticsearch.common.xcontent.smile.SmileXContentTests" time="0.003"/>
  <testcase name="testBooleans" classname="org.elasticsearch.common.xcontent.smile.SmileXContentTests" time="0.023"/>
  <testcase name="testGeoPoint" classname="org.elasticsearch.common.xcontent.smile.SmileXContentTests" time="0.022"/>
  <testcase name="testNullField" classname="org.elasticsearch.common.xcontent.smile.SmileXContentTests" time="0.009"/>
  <testcase name="testStartEndArray" classname="org.elasticsearch.common.xcontent.smile.SmileXContentTests" time="0.003"/>
  <testcase name="testSelfReferencingObjectsArray" classname="org.elasticsearch.common.xcontent.smile.SmileXContentTests" time="0.004"/>
  <testcase name="testIntegers" classname="org.elasticsearch.common.xcontent.smile.SmileXContentTests" time="0.033"/>
  <testcase name="testCalendar" classname="org.elasticsearch.common.xcontent.smile.SmileXContentTests" time="0.003"/>
  <testcase name="testShorts" classname="org.elasticsearch.common.xcontent.smile.SmileXContentTests" time="0.021"/>
  <testcase name="testIterable" classname="org.elasticsearch.common.xcontent.smile.SmileXContentTests" time="0.003"/>
  <testcase name="testNamedObject" classname="org.elasticsearch.common.xcontent.smile.SmileXContentTests" time="0.007"/>
  <testcase name="testDate" classname="org.elasticsearch.common.xcontent.smile.SmileXContentTests" time="0.005"/>
  <testcase name="testBigInteger" classname="org.elasticsearch.common.xcontent.smile.SmileXContentTests" time="0.003"/>
  <testcase name="testObjects" classname="org.elasticsearch.common.xcontent.smile.SmileXContentTests" time="0.005"/>
  <testcase name="testContentType" classname="org.elasticsearch.common.xcontent.smile.SmileXContentTests" time="0.015"/>
  <testcase name="testRawField" classname="org.elasticsearch.common.xcontent.smile.SmileXContentTests" time="0.004"/>
  <testcase name="testBasics" classname="org.elasticsearch.common.xcontent.smile.SmileXContentTests" time="0.003"/>
  <testcase name="testMissingEndArray" classname="org.elasticsearch.common.xcontent.smile.SmileXContentTests" time="0.007"/>
  <testcase name="testPath" classname="org.elasticsearch.common.xcontent.smile.SmileXContentTests" time="0.005"/>
  <testcase name="testFloats" classname="org.elasticsearch.common.xcontent.smile.SmileXContentTests" time="0.013"/>
  <testcase name="testText" classname="org.elasticsearch.common.xcontent.smile.SmileXContentTests" time="0.003"/>
  <testcase name="testEnsureNoSelfReferences" classname="org.elasticsearch.common.xcontent.smile.SmileXContentTests" time="0.015"/>
  <testcase name="testSelfReferencingIterableOneLevel" classname="org.elasticsearch.common.xcontent.smile.SmileXContentTests" time="0.006"/>
  <testcase name="testRawValue" classname="org.elasticsearch.common.xcontent.smile.SmileXContentTests" time="0.022"/>
  <testcase name="testRepeatedMapsAndNoSelfReferences" classname="org.elasticsearch.common.xcontent.smile.SmileXContentTests" time="0.004"/>
  <testcase name="testStartEndObject" classname="org.elasticsearch.common.xcontent.smile.SmileXContentTests" time="0.004"/>
  <testcase name="testBinaryField" classname="org.elasticsearch.common.xcontent.smile.SmileXContentTests" time="0.017"/>
  <system-out><![CDATA[[2020-02-16T17:20:55,266][INFO ][o.e.c.x.s.SmileXContentTests] [testLatLon] before test
[2020-02-16T17:20:55,267][INFO ][o.e.c.x.s.SmileXContentTests] [testLatLon] after test
[2020-02-16T17:20:55,270][INFO ][o.e.c.x.s.SmileXContentTests] [testLongs] before test
[2020-02-16T17:20:55,270][INFO ][o.e.c.x.s.SmileXContentTests] [testLongs] after test
[2020-02-16T17:20:55,272][INFO ][o.e.c.x.s.SmileXContentTests] [testReadableInstant] before test
[2020-02-16T17:20:55,273][INFO ][o.e.c.x.s.SmileXContentTests] [testReadableInstant] after test
[2020-02-16T17:20:55,276][INFO ][o.e.c.x.s.SmileXContentTests] [testBinaryUTF8] before test
[2020-02-16T17:20:55,276][INFO ][o.e.c.x.s.SmileXContentTests] [testBinaryUTF8] after test
[2020-02-16T17:20:55,280][INFO ][o.e.c.x.s.SmileXContentTests] [testStrings] before test
[2020-02-16T17:20:55,280][INFO ][o.e.c.x.s.SmileXContentTests] [testStrings] after test
[2020-02-16T17:20:55,284][INFO ][o.e.c.x.s.SmileXContentTests] [testBinaryValueWithOffsetLength] before test
[2020-02-16T17:20:55,284][INFO ][o.e.c.x.s.SmileXContentTests] [testBinaryValueWithOffsetLength] after test
[2020-02-16T17:20:55,293][INFO ][o.e.c.x.s.SmileXContentTests] [testField] before test
[2020-02-16T17:20:55,293][INFO ][o.e.c.x.s.SmileXContentTests] [testField] after test
[2020-02-16T17:20:55,295][INFO ][o.e.c.x.s.SmileXContentTests] [testSelfReferencingMapsOneLevel] before test
[2020-02-16T17:20:55,295][INFO ][o.e.c.x.s.SmileXContentTests] [testSelfReferencingMapsOneLevel] after test
[2020-02-16T17:20:55,298][INFO ][o.e.c.x.s.SmileXContentTests] [testBigDecimals] before test
[2020-02-16T17:20:55,298][INFO ][o.e.c.x.s.SmileXContentTests] [testBigDecimals] after test
[2020-02-16T17:20:55,301][INFO ][o.e.c.x.s.SmileXContentTests] [testObject] before test
[2020-02-16T17:20:55,301][INFO ][o.e.c.x.s.SmileXContentTests] [testObject] after test
[2020-02-16T17:20:55,304][INFO ][o.e.c.x.s.SmileXContentTests] [testBytes] before test
[2020-02-16T17:20:55,304][INFO ][o.e.c.x.s.SmileXContentTests] [testBytes] after test
[2020-02-16T17:20:55,313][INFO ][o.e.c.x.s.SmileXContentTests] [testBigIntegers] before test
[2020-02-16T17:20:55,314][INFO ][o.e.c.x.s.SmileXContentTests] [testBigIntegers] after test
[2020-02-16T17:20:55,327][INFO ][o.e.c.x.s.SmileXContentTests] [testToXContent] before test
[2020-02-16T17:20:55,327][INFO ][o.e.c.x.s.SmileXContentTests] [testToXContent] after test
[2020-02-16T17:20:55,330][INFO ][o.e.c.x.s.SmileXContentTests] [testMissingEndObject] before test
[2020-02-16T17:20:55,330][INFO ][o.e.c.x.s.SmileXContentTests] [testMissingEndObject] after test
[2020-02-16T17:20:55,333][INFO ][o.e.c.x.s.SmileXContentTests] [testJavaTime] before test
[2020-02-16T17:20:55,334][INFO ][o.e.c.x.s.SmileXContentTests] [testJavaTime] after test
[2020-02-16T17:20:55,337][INFO ][o.e.c.x.s.SmileXContentTests] [testSelfReferencingMapsTwoLevels] before test
[2020-02-16T17:20:55,337][INFO ][o.e.c.x.s.SmileXContentTests] [testSelfReferencingMapsTwoLevels] after test
[2020-02-16T17:20:55,339][INFO ][o.e.c.x.s.SmileXContentTests] [testDateField] before test
[2020-02-16T17:20:55,339][INFO ][o.e.c.x.s.SmileXContentTests] [testDateField] after test
[2020-02-16T17:20:55,341][INFO ][o.e.c.x.s.SmileXContentTests] [testSelfReferencingIterableTwoLevels] before test
[2020-02-16T17:20:55,341][INFO ][o.e.c.x.s.SmileXContentTests] [testSelfReferencingIterableTwoLevels] after test
[2020-02-16T17:20:55,344][INFO ][o.e.c.x.s.SmileXContentTests] [testSelfReferencingIterable] before test
[2020-02-16T17:20:55,344][INFO ][o.e.c.x.s.SmileXContentTests] [testSelfReferencingIterable] after test
[2020-02-16T17:20:55,346][INFO ][o.e.c.x.s.SmileXContentTests] [testUnknownObject] before test
[2020-02-16T17:20:55,346][INFO ][o.e.c.x.s.SmileXContentTests] [testUnknownObject] after test
[2020-02-16T17:20:55,348][INFO ][o.e.c.x.s.SmileXContentTests] [testDoubles] before test
[2020-02-16T17:20:55,349][INFO ][o.e.c.x.s.SmileXContentTests] [testDoubles] after test
[2020-02-16T17:20:55,353][INFO ][o.e.c.x.s.SmileXContentTests] [testChecksForDuplicates] before test
[2020-02-16T17:20:55,353][INFO ][o.e.c.x.s.SmileXContentTests] [testChecksForDuplicates] after test
[2020-02-16T17:20:55,357][INFO ][o.e.c.x.s.SmileXContentTests] [testEnsureNotNull] before test
[2020-02-16T17:20:55,357][INFO ][o.e.c.x.s.SmileXContentTests] [testEnsureNotNull] after test
[2020-02-16T17:20:55,360][INFO ][o.e.c.x.s.SmileXContentTests] [testEnsureNameNotNull] before test
[2020-02-16T17:20:55,361][INFO ][o.e.c.x.s.SmileXContentTests] [testEnsureNameNotNull] after test
[2020-02-16T17:20:55,363][INFO ][o.e.c.x.s.SmileXContentTests] [testBinaryValue] before test
[2020-02-16T17:20:55,363][INFO ][o.e.c.x.s.SmileXContentTests] [testBinaryValue] after test
[2020-02-16T17:20:55,365][INFO ][o.e.c.x.s.SmileXContentTests] [testNullValue] before test
[2020-02-16T17:20:55,365][INFO ][o.e.c.x.s.SmileXContentTests] [testNullValue] after test
[2020-02-16T17:20:55,367][INFO ][o.e.c.x.s.SmileXContentTests] [testMap] before test
[2020-02-16T17:20:55,368][INFO ][o.e.c.x.s.SmileXContentTests] [testMap] after test
[2020-02-16T17:20:55,390][INFO ][o.e.c.x.s.SmileXContentTests] [testBooleans] before test
[2020-02-16T17:20:55,391][INFO ][o.e.c.x.s.SmileXContentTests] [testBooleans] after test
[2020-02-16T17:20:55,413][INFO ][o.e.c.x.s.SmileXContentTests] [testGeoPoint] before test
[2020-02-16T17:20:55,413][INFO ][o.e.c.x.s.SmileXContentTests] [testGeoPoint] after test
[2020-02-16T17:20:55,422][INFO ][o.e.c.x.s.SmileXContentTests] [testNullField] before test
[2020-02-16T17:20:55,422][INFO ][o.e.c.x.s.SmileXContentTests] [testNullField] after test
[2020-02-16T17:20:55,425][INFO ][o.e.c.x.s.SmileXContentTests] [testStartEndArray] before test
[2020-02-16T17:20:55,425][INFO ][o.e.c.x.s.SmileXContentTests] [testStartEndArray] after test
[2020-02-16T17:20:55,428][INFO ][o.e.c.x.s.SmileXContentTests] [testSelfReferencingObjectsArray] before test
[2020-02-16T17:20:55,428][INFO ][o.e.c.x.s.SmileXContentTests] [testSelfReferencingObjectsArray] after test
[2020-02-16T17:20:55,461][INFO ][o.e.c.x.s.SmileXContentTests] [testIntegers] before test
[2020-02-16T17:20:55,462][INFO ][o.e.c.x.s.SmileXContentTests] [testIntegers] after test
[2020-02-16T17:20:55,464][INFO ][o.e.c.x.s.SmileXContentTests] [testCalendar] before test
[2020-02-16T17:20:55,465][INFO ][o.e.c.x.s.SmileXContentTests] [testCalendar] after test
[2020-02-16T17:20:55,467][INFO ][o.e.c.x.s.SmileXContentTests] [testShorts] before test
[2020-02-16T17:20:55,486][INFO ][o.e.c.x.s.SmileXContentTests] [testShorts] after test
[2020-02-16T17:20:55,489][INFO ][o.e.c.x.s.SmileXContentTests] [testIterable] before test
[2020-02-16T17:20:55,489][INFO ][o.e.c.x.s.SmileXContentTests] [testIterable] after test
[2020-02-16T17:20:55,497][INFO ][o.e.c.x.s.SmileXContentTests] [testNamedObject] before test
[2020-02-16T17:20:55,497][WARN ][o.e.d.c.ParseField       ] [testNamedObject] Deprecated field [deprecated] used, expected [test2] instead
[2020-02-16T17:20:55,497][INFO ][o.e.c.x.s.SmileXContentTests] [testNamedObject] after test
[2020-02-16T17:20:55,501][INFO ][o.e.c.x.s.SmileXContentTests] [testDate] before test
[2020-02-16T17:20:55,502][INFO ][o.e.c.x.s.SmileXContentTests] [testDate] after test
[2020-02-16T17:20:55,504][INFO ][o.e.c.x.s.SmileXContentTests] [testBigInteger] before test
[2020-02-16T17:20:55,505][INFO ][o.e.c.x.s.SmileXContentTests] [testBigInteger] after test
[2020-02-16T17:20:55,507][INFO ][o.e.c.x.s.SmileXContentTests] [testObjects] before test
[2020-02-16T17:20:55,510][INFO ][o.e.c.x.s.SmileXContentTests] [testObjects] after test
[2020-02-16T17:20:55,525][INFO ][o.e.c.x.s.SmileXContentTests] [testContentType] before test
[2020-02-16T17:20:55,525][INFO ][o.e.c.x.s.SmileXContentTests] [testContentType] after test
[2020-02-16T17:20:55,529][INFO ][o.e.c.x.s.SmileXContentTests] [testRawField] before test
[2020-02-16T17:20:55,529][INFO ][o.e.c.x.s.SmileXContentTests] [testRawField] after test
[2020-02-16T17:20:55,532][INFO ][o.e.c.x.s.SmileXContentTests] [testBasics] before test
[2020-02-16T17:20:55,532][INFO ][o.e.c.x.s.SmileXContentTests] [testBasics] after test
[2020-02-16T17:20:55,539][INFO ][o.e.c.x.s.SmileXContentTests] [testMissingEndArray] before test
[2020-02-16T17:20:55,539][INFO ][o.e.c.x.s.SmileXContentTests] [testMissingEndArray] after test
[2020-02-16T17:20:55,543][INFO ][o.e.c.x.s.SmileXContentTests] [testPath] before test
[2020-02-16T17:20:55,544][INFO ][o.e.c.x.s.SmileXContentTests] [testPath] after test
[2020-02-16T17:20:55,556][INFO ][o.e.c.x.s.SmileXContentTests] [testFloats] before test
[2020-02-16T17:20:55,557][INFO ][o.e.c.x.s.SmileXContentTests] [testFloats] after test
[2020-02-16T17:20:55,559][INFO ][o.e.c.x.s.SmileXContentTests] [testText] before test
[2020-02-16T17:20:55,560][INFO ][o.e.c.x.s.SmileXContentTests] [testText] after test
[2020-02-16T17:20:55,575][INFO ][o.e.c.x.s.SmileXContentTests] [testEnsureNoSelfReferences] before test
[2020-02-16T17:20:55,575][INFO ][o.e.c.x.s.SmileXContentTests] [testEnsureNoSelfReferences] after test
[2020-02-16T17:20:55,581][INFO ][o.e.c.x.s.SmileXContentTests] [testSelfReferencingIterableOneLevel] before test
[2020-02-16T17:20:55,581][INFO ][o.e.c.x.s.SmileXContentTests] [testSelfReferencingIterableOneLevel] after test
[2020-02-16T17:20:55,603][INFO ][o.e.c.x.s.SmileXContentTests] [testRawValue] before test
[2020-02-16T17:20:55,603][INFO ][o.e.c.x.s.SmileXContentTests] [testRawValue] after test
[2020-02-16T17:20:55,605][INFO ][o.e.c.x.s.SmileXContentTests] [testRepeatedMapsAndNoSelfReferences] before test
[2020-02-16T17:20:55,607][INFO ][o.e.c.x.s.SmileXContentTests] [testRepeatedMapsAndNoSelfReferences] after test
[2020-02-16T17:20:55,610][INFO ][o.e.c.x.s.SmileXContentTests] [testStartEndObject] before test
[2020-02-16T17:20:55,611][INFO ][o.e.c.x.s.SmileXContentTests] [testStartEndObject] after test
[2020-02-16T17:20:55,627][INFO ][o.e.c.x.s.SmileXContentTests] [testBinaryField] before test
[2020-02-16T17:20:55,627][INFO ][o.e.c.x.s.SmileXContentTests] [testBinaryField] after test
]]></system-out>
  <system-err><![CDATA[]]></system-err>
</testsuite>
