<?xml version="1.0" encoding="UTF-8"?>
<testsuite name="org.elasticsearch.action.admin.cluster.state.ClusterStateResponseTests" tests="2" skipped="0" failures="0" errors="0" timestamp="2020-02-16T22:20:04" hostname="Escoto-PC" time="0.022">
  <properties/>
  <testcase name="testEqualsAndHashcode" classname="org.elasticsearch.action.admin.cluster.state.ClusterStateResponseTests" time="0.008"/>
  <testcase name="testSerialization" classname="org.elasticsearch.action.admin.cluster.state.ClusterStateResponseTests" time="0.013"/>
  <system-out><![CDATA[[2020-02-16T18:20:04,950][INFO ][o.e.a.a.c.s.ClusterStateResponseTests] [testEqualsAndHashcode] before test
[2020-02-16T18:20:04,957][INFO ][o.e.a.a.c.s.ClusterStateResponseTests] [testEqualsAndHashcode] after test
[2020-02-16T18:20:04,963][INFO ][o.e.a.a.c.s.ClusterStateResponseTests] [testSerialization] before test
[2020-02-16T18:20:04,970][INFO ][o.e.a.a.c.s.ClusterStateResponseTests] [testSerialization] after test
]]></system-out>
  <system-err><![CDATA[]]></system-err>
</testsuite>
