<?xml version="1.0" encoding="UTF-8"?>
<testsuite name="org.elasticsearch.action.fieldcaps.FieldCapabilitiesResponseTests" tests="2" skipped="0" failures="0" errors="0" timestamp="2020-02-16T22:20:18" hostname="Escoto-PC" time="0.015">
  <properties/>
  <testcase name="testEqualsAndHashcode" classname="org.elasticsearch.action.fieldcaps.FieldCapabilitiesResponseTests" time="0.011"/>
  <testcase name="testSerialization" classname="org.elasticsearch.action.fieldcaps.FieldCapabilitiesResponseTests" time="0.003"/>
  <system-out><![CDATA[[2020-02-17T02:20:18,044][INFO ][o.e.a.f.FieldCapabilitiesResponseTests] [testEqualsAndHashcode] before test
[2020-02-17T02:20:18,054][INFO ][o.e.a.f.FieldCapabilitiesResponseTests] [testEqualsAndHashcode] after test
[2020-02-17T02:20:18,056][INFO ][o.e.a.f.FieldCapabilitiesResponseTests] [testSerialization] before test
[2020-02-17T02:20:18,057][INFO ][o.e.a.f.FieldCapabilitiesResponseTests] [testSerialization] after test
]]></system-out>
  <system-err><![CDATA[]]></system-err>
</testsuite>
