<?xml version="1.0" encoding="UTF-8"?>
<testsuite name="org.elasticsearch.cluster.metadata.IndexNameExpressionResolverExpressionsIterationTests" tests="55" skipped="0" failures="0" errors="0" timestamp="2020-02-16T22:21:33" hostname="Escoto-PC" time="0.138">
  <properties/>
  <testcase name="testIsAllIndicesNormalIndexes" classname="org.elasticsearch.cluster.metadata.IndexNameExpressionResolverExpressionsIterationTests" time="0.002"/>
  <testcase name="testIndexOptionsNoExpandWildcards" classname="org.elasticsearch.cluster.metadata.IndexNameExpressionResolverExpressionsIterationTests" time="0.003"/>
  <testcase name="testIndexOptionsWildcardExpansion" classname="org.elasticsearch.cluster.metadata.IndexNameExpressionResolverExpressionsIterationTests" time="0.003"/>
  <testcase name="testIsPatternMatchingAllIndicesNonMatchingTrailingWildcardAndExclusion" classname="org.elasticsearch.cluster.metadata.IndexNameExpressionResolverExpressionsIterationTests" time="0.002"/>
  <testcase name="testIsAllIndicesEmpty" classname="org.elasticsearch.cluster.metadata.IndexNameExpressionResolverExpressionsIterationTests" time="0.002"/>
  <testcase name="testIsPatternMatchingAllIndicesMatchingSingleExclusion" classname="org.elasticsearch.cluster.metadata.IndexNameExpressionResolverExpressionsIterationTests" time="0.002"/>
  <testcase name="testDeleteIndexIgnoresAliases" classname="org.elasticsearch.cluster.metadata.IndexNameExpressionResolverExpressionsIterationTests" time="0.003"/>
  <testcase name="testIsExplicitAllIndicesNormalIndexes" classname="org.elasticsearch.cluster.metadata.IndexNameExpressionResolverExpressionsIterationTests" time="0.002"/>
  <testcase name="testIndexAliasesSkipIdentity" classname="org.elasticsearch.cluster.metadata.IndexNameExpressionResolverExpressionsIterationTests" time="0.003"/>
  <testcase name="testIndexOptionsEmptyCluster" classname="org.elasticsearch.cluster.metadata.IndexNameExpressionResolverExpressionsIterationTests" time="0.003"/>
  <testcase name="testIsPatternMatchingAllIndicesMatchingTrailingWildcard" classname="org.elasticsearch.cluster.metadata.IndexNameExpressionResolverExpressionsIterationTests" time="0.006"/>
  <testcase name="testConcreteIndicesWildcardAndAliases" classname="org.elasticsearch.cluster.metadata.IndexNameExpressionResolverExpressionsIterationTests" time="0.004"/>
  <testcase name="testIndexOptionsLenient" classname="org.elasticsearch.cluster.metadata.IndexNameExpressionResolverExpressionsIterationTests" time="0.003"/>
  <testcase name="testIsExplicitAllIndicesWildcard" classname="org.elasticsearch.cluster.metadata.IndexNameExpressionResolverExpressionsIterationTests" time="0.002"/>
  <testcase name="testIsPatternMatchingAllIndicesOnlyWildcard" classname="org.elasticsearch.cluster.metadata.IndexNameExpressionResolverExpressionsIterationTests" time="0.001"/>
  <testcase name="testIsAllIndicesExplicitAllPlusOther" classname="org.elasticsearch.cluster.metadata.IndexNameExpressionResolverExpressionsIterationTests" time="0.002"/>
  <testcase name="testConcreteIndicesIgnoreIndicesOneMissingIndex" classname="org.elasticsearch.cluster.metadata.IndexNameExpressionResolverExpressionsIterationTests" time="0.001"/>
  <testcase name="testConcreteIndicesWildcardWithNegation" classname="org.elasticsearch.cluster.metadata.IndexNameExpressionResolverExpressionsIterationTests" time="0.002"/>
  <testcase name="testConcreteIndicesNoIndicesErrorMessage" classname="org.elasticsearch.cluster.metadata.IndexNameExpressionResolverExpressionsIterationTests" time="0.002"/>
  <testcase name="testConcreteIndicesIgnoreIndicesOneMissingIndexOtherFound" classname="org.elasticsearch.cluster.metadata.IndexNameExpressionResolverExpressionsIterationTests" time="0.002"/>
  <testcase name="testIndexOptionsStrict" classname="org.elasticsearch.cluster.metadata.IndexNameExpressionResolverExpressionsIterationTests" time="0.003"/>
  <testcase name="testInvalidIndex" classname="org.elasticsearch.cluster.metadata.IndexNameExpressionResolverExpressionsIterationTests" time="0.002"/>
  <testcase name="testConcreteWriteIndexWithNoWriteIndexWithMultipleIndices" classname="org.elasticsearch.cluster.metadata.IndexNameExpressionResolverExpressionsIterationTests" time="0.003"/>
  <testcase name="testConcreteIndicesWildcardNoMatch" classname="org.elasticsearch.cluster.metadata.IndexNameExpressionResolverExpressionsIterationTests" time="0.004"/>
  <testcase name="testIndexAliases" classname="org.elasticsearch.cluster.metadata.IndexNameExpressionResolverExpressionsIterationTests" time="0.003"/>
  <testcase name="testResolveExpressions" classname="org.elasticsearch.cluster.metadata.IndexNameExpressionResolverExpressionsIterationTests" time="0.002"/>
  <testcase name="testIsPatternMatchingAllIndicesMatchingTrailingWildcardAndExclusion" classname="org.elasticsearch.cluster.metadata.IndexNameExpressionResolverExpressionsIterationTests" time="0.002"/>
  <testcase name="testConcreteIndicesAllPatternRandom" classname="org.elasticsearch.cluster.metadata.IndexNameExpressionResolverExpressionsIterationTests" time="0.003"/>
  <testcase name="testIsExplicitAllIndicesNull" classname="org.elasticsearch.cluster.metadata.IndexNameExpressionResolverExpressionsIterationTests" time="0.002"/>
  <testcase name="testConcreteIndicesIgnoreIndicesEmptyRequest" classname="org.elasticsearch.cluster.metadata.IndexNameExpressionResolverExpressionsIterationTests" time="0.002"/>
  <testcase name="testIndexOptionsFailClosedIndicesAndAliases" classname="org.elasticsearch.cluster.metadata.IndexNameExpressionResolverExpressionsIterationTests" time="0.002"/>
  <testcase name="testConcreteWriteIndexSuccessful" classname="org.elasticsearch.cluster.metadata.IndexNameExpressionResolverExpressionsIterationTests" time="0.002"/>
  <testcase name="testIsPatternMatchingAllIndicesNonMatchingSingleExclusion" classname="org.elasticsearch.cluster.metadata.IndexNameExpressionResolverExpressionsIterationTests" time="0.001"/>
  <testcase name="testConcreteIndicesIgnoreIndicesAllMissing" classname="org.elasticsearch.cluster.metadata.IndexNameExpressionResolverExpressionsIterationTests" time="0.002"/>
  <testcase name="testIndicesAliasesRequestIgnoresAliases" classname="org.elasticsearch.cluster.metadata.IndexNameExpressionResolverExpressionsIterationTests" time="0.003"/>
  <testcase name="testConcreteIndicesNoIndicesErrorMessageNoExpand" classname="org.elasticsearch.cluster.metadata.IndexNameExpressionResolverExpressionsIterationTests" time="0.003"/>
  <testcase name="testIsAllIndicesNull" classname="org.elasticsearch.cluster.metadata.IndexNameExpressionResolverExpressionsIterationTests" time="0.002"/>
  <testcase name="testIsAllIndicesWildcard" classname="org.elasticsearch.cluster.metadata.IndexNameExpressionResolverExpressionsIterationTests" time="0.002"/>
  <testcase name="testIndexOptionsAllowUnavailableDisallowEmpty" classname="org.elasticsearch.cluster.metadata.IndexNameExpressionResolverExpressionsIterationTests" time="0.003"/>
  <testcase name="testConcreteWriteIndexWithWildcardExpansion" classname="org.elasticsearch.cluster.metadata.IndexNameExpressionResolverExpressionsIterationTests" time="0.002"/>
  <testcase name="testIsAllIndicesExplicitAll" classname="org.elasticsearch.cluster.metadata.IndexNameExpressionResolverExpressionsIterationTests" time="0.001"/>
  <testcase name="testIndexOptionsSingleIndexNoExpandWildcards" classname="org.elasticsearch.cluster.metadata.IndexNameExpressionResolverExpressionsIterationTests" time="0.003"/>
  <testcase name="testConcreteIndicesWildcardExpansion" classname="org.elasticsearch.cluster.metadata.IndexNameExpressionResolverExpressionsIterationTests" time="0.003"/>
  <testcase name="testFilterClosedIndicesOnAliases" classname="org.elasticsearch.cluster.metadata.IndexNameExpressionResolverExpressionsIterationTests" time="0.002"/>
  <testcase name="testIsPatternMatchingAllIndicesExplicitList" classname="org.elasticsearch.cluster.metadata.IndexNameExpressionResolverExpressionsIterationTests" time="0.002"/>
  <testcase name="testIgnoreThrottled" classname="org.elasticsearch.cluster.metadata.IndexNameExpressionResolverExpressionsIterationTests" time="0.003"/>
  <testcase name="testIsPatternMatchingAllIndicesNonMatchingTrailingWildcard" classname="org.elasticsearch.cluster.metadata.IndexNameExpressionResolverExpressionsIterationTests" time="0.002"/>
  <testcase name="testIsExplicitAllIndicesExplicitAll" classname="org.elasticsearch.cluster.metadata.IndexNameExpressionResolverExpressionsIterationTests" time="0.001"/>
  <testcase name="testConcreteWriteIndexWithNoWriteIndexWithSingleIndex" classname="org.elasticsearch.cluster.metadata.IndexNameExpressionResolverExpressionsIterationTests" time="0.003"/>
  <testcase name="testAliasResolutionNotAllowingMultipleIndices" classname="org.elasticsearch.cluster.metadata.IndexNameExpressionResolverExpressionsIterationTests" time="0.003"/>
  <testcase name="testIsExplicitAllIndicesExplicitAllPlusOther" classname="org.elasticsearch.cluster.metadata.IndexNameExpressionResolverExpressionsIterationTests" time="0.003"/>
  <testcase name="testIsExplicitAllIndicesEmpty" classname="org.elasticsearch.cluster.metadata.IndexNameExpressionResolverExpressionsIterationTests" time="0.001"/>
  <testcase name="testFilteringAliases" classname="org.elasticsearch.cluster.metadata.IndexNameExpressionResolverExpressionsIterationTests" time="0.002"/>
  <testcase name="testConcreteWriteIndexWithInvalidIndicesRequest" classname="org.elasticsearch.cluster.metadata.IndexNameExpressionResolverExpressionsIterationTests" time="0.002"/>
  <testcase name="testDedupConcreteIndices" classname="org.elasticsearch.cluster.metadata.IndexNameExpressionResolverExpressionsIterationTests" time="0.002"/>
  <system-out><![CDATA[[2020-02-16T18:21:33,363][INFO ][o.e.c.m.IndexNameExpressionResolverExpressionsIterationTests] [testIsAllIndicesNormalIndexes] before test
[2020-02-16T18:21:33,363][INFO ][o.e.c.m.IndexNameExpressionResolverExpressionsIterationTests] [testIsAllIndicesNormalIndexes] after test
[2020-02-16T18:21:33,365][INFO ][o.e.c.m.IndexNameExpressionResolverExpressionsIterationTests] [testIndexOptionsNoExpandWildcards] before test
[2020-02-16T18:21:33,367][INFO ][o.e.c.m.IndexNameExpressionResolverExpressionsIterationTests] [testIndexOptionsNoExpandWildcards] after test
[2020-02-16T18:21:33,368][INFO ][o.e.c.m.IndexNameExpressionResolverExpressionsIterationTests] [testIndexOptionsWildcardExpansion] before test
[2020-02-16T18:21:33,369][INFO ][o.e.c.m.IndexNameExpressionResolverExpressionsIterationTests] [testIndexOptionsWildcardExpansion] after test
[2020-02-16T18:21:33,371][INFO ][o.e.c.m.IndexNameExpressionResolverExpressionsIterationTests] [testIsPatternMatchingAllIndicesNonMatchingTrailingWildcardAndExclusion] before test
[2020-02-16T18:21:33,372][INFO ][o.e.c.m.IndexNameExpressionResolverExpressionsIterationTests] [testIsPatternMatchingAllIndicesNonMatchingTrailingWildcardAndExclusion] after test
[2020-02-16T18:21:33,373][INFO ][o.e.c.m.IndexNameExpressionResolverExpressionsIterationTests] [testIsAllIndicesEmpty] before test
[2020-02-16T18:21:33,373][INFO ][o.e.c.m.IndexNameExpressionResolverExpressionsIterationTests] [testIsAllIndicesEmpty] after test
[2020-02-16T18:21:33,375][INFO ][o.e.c.m.IndexNameExpressionResolverExpressionsIterationTests] [testIsPatternMatchingAllIndicesMatchingSingleExclusion] before test
[2020-02-16T18:21:33,375][INFO ][o.e.c.m.IndexNameExpressionResolverExpressionsIterationTests] [testIsPatternMatchingAllIndicesMatchingSingleExclusion] after test
[2020-02-16T18:21:33,377][INFO ][o.e.c.m.IndexNameExpressionResolverExpressionsIterationTests] [testDeleteIndexIgnoresAliases] before test
[2020-02-16T18:21:33,379][INFO ][o.e.c.m.IndexNameExpressionResolverExpressionsIterationTests] [testDeleteIndexIgnoresAliases] after test
[2020-02-16T18:21:33,380][INFO ][o.e.c.m.IndexNameExpressionResolverExpressionsIterationTests] [testIsExplicitAllIndicesNormalIndexes] before test
[2020-02-16T18:21:33,380][INFO ][o.e.c.m.IndexNameExpressionResolverExpressionsIterationTests] [testIsExplicitAllIndicesNormalIndexes] after test
[2020-02-16T18:21:33,382][INFO ][o.e.c.m.IndexNameExpressionResolverExpressionsIterationTests] [testIndexAliasesSkipIdentity] before test
[2020-02-16T18:21:33,384][INFO ][o.e.c.m.IndexNameExpressionResolverExpressionsIterationTests] [testIndexAliasesSkipIdentity] after test
[2020-02-16T18:21:33,385][INFO ][o.e.c.m.IndexNameExpressionResolverExpressionsIterationTests] [testIndexOptionsEmptyCluster] before test
[2020-02-16T18:21:33,387][INFO ][o.e.c.m.IndexNameExpressionResolverExpressionsIterationTests] [testIndexOptionsEmptyCluster] after test
[2020-02-16T18:21:33,392][INFO ][o.e.c.m.IndexNameExpressionResolverExpressionsIterationTests] [testIsPatternMatchingAllIndicesMatchingTrailingWildcard] before test
[2020-02-16T18:21:33,392][INFO ][o.e.c.m.IndexNameExpressionResolverExpressionsIterationTests] [testIsPatternMatchingAllIndicesMatchingTrailingWildcard] after test
[2020-02-16T18:21:33,394][INFO ][o.e.c.m.IndexNameExpressionResolverExpressionsIterationTests] [testConcreteIndicesWildcardAndAliases] before test
[2020-02-16T18:21:33,396][INFO ][o.e.c.m.IndexNameExpressionResolverExpressionsIterationTests] [testConcreteIndicesWildcardAndAliases] after test
[2020-02-16T18:21:33,398][INFO ][o.e.c.m.IndexNameExpressionResolverExpressionsIterationTests] [testIndexOptionsLenient] before test
[2020-02-16T18:21:33,399][INFO ][o.e.c.m.IndexNameExpressionResolverExpressionsIterationTests] [testIndexOptionsLenient] after test
[2020-02-16T18:21:33,401][INFO ][o.e.c.m.IndexNameExpressionResolverExpressionsIterationTests] [testIsExplicitAllIndicesWildcard] before test
[2020-02-16T18:21:33,401][INFO ][o.e.c.m.IndexNameExpressionResolverExpressionsIterationTests] [testIsExplicitAllIndicesWildcard] after test
[2020-02-16T18:21:33,403][INFO ][o.e.c.m.IndexNameExpressionResolverExpressionsIterationTests] [testIsPatternMatchingAllIndicesOnlyWildcard] before test
[2020-02-16T18:21:33,403][INFO ][o.e.c.m.IndexNameExpressionResolverExpressionsIterationTests] [testIsPatternMatchingAllIndicesOnlyWildcard] after test
[2020-02-16T18:21:33,405][INFO ][o.e.c.m.IndexNameExpressionResolverExpressionsIterationTests] [testIsAllIndicesExplicitAllPlusOther] before test
[2020-02-16T18:21:33,405][INFO ][o.e.c.m.IndexNameExpressionResolverExpressionsIterationTests] [testIsAllIndicesExplicitAllPlusOther] after test
[2020-02-16T18:21:33,406][INFO ][o.e.c.m.IndexNameExpressionResolverExpressionsIterationTests] [testConcreteIndicesIgnoreIndicesOneMissingIndex] before test
[2020-02-16T18:21:33,407][INFO ][o.e.c.m.IndexNameExpressionResolverExpressionsIterationTests] [testConcreteIndicesIgnoreIndicesOneMissingIndex] after test
[2020-02-16T18:21:33,408][INFO ][o.e.c.m.IndexNameExpressionResolverExpressionsIterationTests] [testConcreteIndicesWildcardWithNegation] before test
[2020-02-16T18:21:33,409][INFO ][o.e.c.m.IndexNameExpressionResolverExpressionsIterationTests] [testConcreteIndicesWildcardWithNegation] after test
[2020-02-16T18:21:33,411][INFO ][o.e.c.m.IndexNameExpressionResolverExpressionsIterationTests] [testConcreteIndicesNoIndicesErrorMessage] before test
[2020-02-16T18:21:33,411][INFO ][o.e.c.m.IndexNameExpressionResolverExpressionsIterationTests] [testConcreteIndicesNoIndicesErrorMessage] after test
[2020-02-16T18:21:33,413][INFO ][o.e.c.m.IndexNameExpressionResolverExpressionsIterationTests] [testConcreteIndicesIgnoreIndicesOneMissingIndexOtherFound] before test
[2020-02-16T18:21:33,413][INFO ][o.e.c.m.IndexNameExpressionResolverExpressionsIterationTests] [testConcreteIndicesIgnoreIndicesOneMissingIndexOtherFound] after test
[2020-02-16T18:21:33,415][INFO ][o.e.c.m.IndexNameExpressionResolverExpressionsIterationTests] [testIndexOptionsStrict] before test
[2020-02-16T18:21:33,416][INFO ][o.e.c.m.IndexNameExpressionResolverExpressionsIterationTests] [testIndexOptionsStrict] after test
[2020-02-16T18:21:33,418][INFO ][o.e.c.m.IndexNameExpressionResolverExpressionsIterationTests] [testInvalidIndex] before test
[2020-02-16T18:21:33,419][INFO ][o.e.c.m.IndexNameExpressionResolverExpressionsIterationTests] [testInvalidIndex] after test
[2020-02-16T18:21:33,420][INFO ][o.e.c.m.IndexNameExpressionResolverExpressionsIterationTests] [testConcreteWriteIndexWithNoWriteIndexWithMultipleIndices] before test
[2020-02-16T18:21:33,421][INFO ][o.e.c.m.IndexNameExpressionResolverExpressionsIterationTests] [testConcreteWriteIndexWithNoWriteIndexWithMultipleIndices] after test
[2020-02-16T18:21:33,423][INFO ][o.e.c.m.IndexNameExpressionResolverExpressionsIterationTests] [testConcreteIndicesWildcardNoMatch] before test
[2020-02-16T18:21:33,426][INFO ][o.e.c.m.IndexNameExpressionResolverExpressionsIterationTests] [testConcreteIndicesWildcardNoMatch] after test
[2020-02-16T18:21:33,427][INFO ][o.e.c.m.IndexNameExpressionResolverExpressionsIterationTests] [testIndexAliases] before test
[2020-02-16T18:21:33,428][INFO ][o.e.c.m.IndexNameExpressionResolverExpressionsIterationTests] [testIndexAliases] after test
[2020-02-16T18:21:33,430][INFO ][o.e.c.m.IndexNameExpressionResolverExpressionsIterationTests] [testResolveExpressions] before test
[2020-02-16T18:21:33,430][INFO ][o.e.c.m.IndexNameExpressionResolverExpressionsIterationTests] [testResolveExpressions] after test
[2020-02-16T18:21:33,432][INFO ][o.e.c.m.IndexNameExpressionResolverExpressionsIterationTests] [testIsPatternMatchingAllIndicesMatchingTrailingWildcardAndExclusion] before test
[2020-02-16T18:21:33,432][INFO ][o.e.c.m.IndexNameExpressionResolverExpressionsIterationTests] [testIsPatternMatchingAllIndicesMatchingTrailingWildcardAndExclusion] after test
[2020-02-16T18:21:33,434][INFO ][o.e.c.m.IndexNameExpressionResolverExpressionsIterationTests] [testConcreteIndicesAllPatternRandom] before test
[2020-02-16T18:21:33,435][INFO ][o.e.c.m.IndexNameExpressionResolverExpressionsIterationTests] [testConcreteIndicesAllPatternRandom] after test
[2020-02-16T18:21:33,437][INFO ][o.e.c.m.IndexNameExpressionResolverExpressionsIterationTests] [testIsExplicitAllIndicesNull] before test
[2020-02-16T18:21:33,437][INFO ][o.e.c.m.IndexNameExpressionResolverExpressionsIterationTests] [testIsExplicitAllIndicesNull] after test
[2020-02-16T18:21:33,439][INFO ][o.e.c.m.IndexNameExpressionResolverExpressionsIterationTests] [testConcreteIndicesIgnoreIndicesEmptyRequest] before test
[2020-02-16T18:21:33,439][INFO ][o.e.c.m.IndexNameExpressionResolverExpressionsIterationTests] [testConcreteIndicesIgnoreIndicesEmptyRequest] after test
[2020-02-16T18:21:33,441][INFO ][o.e.c.m.IndexNameExpressionResolverExpressionsIterationTests] [testIndexOptionsFailClosedIndicesAndAliases] before test
[2020-02-16T18:21:33,442][INFO ][o.e.c.m.IndexNameExpressionResolverExpressionsIterationTests] [testIndexOptionsFailClosedIndicesAndAliases] after test
[2020-02-16T18:21:33,443][INFO ][o.e.c.m.IndexNameExpressionResolverExpressionsIterationTests] [testConcreteWriteIndexSuccessful] before test
[2020-02-16T18:21:33,444][INFO ][o.e.c.m.IndexNameExpressionResolverExpressionsIterationTests] [testConcreteWriteIndexSuccessful] after test
[2020-02-16T18:21:33,445][INFO ][o.e.c.m.IndexNameExpressionResolverExpressionsIterationTests] [testIsPatternMatchingAllIndicesNonMatchingSingleExclusion] before test
[2020-02-16T18:21:33,446][INFO ][o.e.c.m.IndexNameExpressionResolverExpressionsIterationTests] [testIsPatternMatchingAllIndicesNonMatchingSingleExclusion] after test
[2020-02-16T18:21:33,447][INFO ][o.e.c.m.IndexNameExpressionResolverExpressionsIterationTests] [testConcreteIndicesIgnoreIndicesAllMissing] before test
[2020-02-16T18:21:33,448][INFO ][o.e.c.m.IndexNameExpressionResolverExpressionsIterationTests] [testConcreteIndicesIgnoreIndicesAllMissing] after test
[2020-02-16T18:21:33,450][INFO ][o.e.c.m.IndexNameExpressionResolverExpressionsIterationTests] [testIndicesAliasesRequestIgnoresAliases] before test
[2020-02-16T18:21:33,452][INFO ][o.e.c.m.IndexNameExpressionResolverExpressionsIterationTests] [testIndicesAliasesRequestIgnoresAliases] after test
[2020-02-16T18:21:33,454][INFO ][o.e.c.m.IndexNameExpressionResolverExpressionsIterationTests] [testConcreteIndicesNoIndicesErrorMessageNoExpand] before test
[2020-02-16T18:21:33,454][INFO ][o.e.c.m.IndexNameExpressionResolverExpressionsIterationTests] [testConcreteIndicesNoIndicesErrorMessageNoExpand] after test
[2020-02-16T18:21:33,456][INFO ][o.e.c.m.IndexNameExpressionResolverExpressionsIterationTests] [testIsAllIndicesNull] before test
[2020-02-16T18:21:33,456][INFO ][o.e.c.m.IndexNameExpressionResolverExpressionsIterationTests] [testIsAllIndicesNull] after test
[2020-02-16T18:21:33,458][INFO ][o.e.c.m.IndexNameExpressionResolverExpressionsIterationTests] [testIsAllIndicesWildcard] before test
[2020-02-16T18:21:33,458][INFO ][o.e.c.m.IndexNameExpressionResolverExpressionsIterationTests] [testIsAllIndicesWildcard] after test
[2020-02-16T18:21:33,460][INFO ][o.e.c.m.IndexNameExpressionResolverExpressionsIterationTests] [testIndexOptionsAllowUnavailableDisallowEmpty] before test
[2020-02-16T18:21:33,461][INFO ][o.e.c.m.IndexNameExpressionResolverExpressionsIterationTests] [testIndexOptionsAllowUnavailableDisallowEmpty] after test
[2020-02-16T18:21:33,463][INFO ][o.e.c.m.IndexNameExpressionResolverExpressionsIterationTests] [testConcreteWriteIndexWithWildcardExpansion] before test
[2020-02-16T18:21:33,464][INFO ][o.e.c.m.IndexNameExpressionResolverExpressionsIterationTests] [testConcreteWriteIndexWithWildcardExpansion] after test
[2020-02-16T18:21:33,466][INFO ][o.e.c.m.IndexNameExpressionResolverExpressionsIterationTests] [testIsAllIndicesExplicitAll] before test
[2020-02-16T18:21:33,466][INFO ][o.e.c.m.IndexNameExpressionResolverExpressionsIterationTests] [testIsAllIndicesExplicitAll] after test
[2020-02-16T18:21:33,467][INFO ][o.e.c.m.IndexNameExpressionResolverExpressionsIterationTests] [testIndexOptionsSingleIndexNoExpandWildcards] before test
[2020-02-16T18:21:33,469][INFO ][o.e.c.m.IndexNameExpressionResolverExpressionsIterationTests] [testIndexOptionsSingleIndexNoExpandWildcards] after test
[2020-02-16T18:21:33,471][INFO ][o.e.c.m.IndexNameExpressionResolverExpressionsIterationTests] [testConcreteIndicesWildcardExpansion] before test
[2020-02-16T18:21:33,471][INFO ][o.e.c.m.IndexNameExpressionResolverExpressionsIterationTests] [testConcreteIndicesWildcardExpansion] after test
[2020-02-16T18:21:33,473][INFO ][o.e.c.m.IndexNameExpressionResolverExpressionsIterationTests] [testFilterClosedIndicesOnAliases] before test
[2020-02-16T18:21:33,473][INFO ][o.e.c.m.IndexNameExpressionResolverExpressionsIterationTests] [testFilterClosedIndicesOnAliases] after test
[2020-02-16T18:21:33,475][INFO ][o.e.c.m.IndexNameExpressionResolverExpressionsIterationTests] [testIsPatternMatchingAllIndicesExplicitList] before test
[2020-02-16T18:21:33,475][INFO ][o.e.c.m.IndexNameExpressionResolverExpressionsIterationTests] [testIsPatternMatchingAllIndicesExplicitList] after test
[2020-02-16T18:21:33,477][INFO ][o.e.c.m.IndexNameExpressionResolverExpressionsIterationTests] [testIgnoreThrottled] before test
[2020-02-16T18:21:33,478][INFO ][o.e.c.m.IndexNameExpressionResolverExpressionsIterationTests] [testIgnoreThrottled] after test
[2020-02-16T18:21:33,480][INFO ][o.e.c.m.IndexNameExpressionResolverExpressionsIterationTests] [testIsPatternMatchingAllIndicesNonMatchingTrailingWildcard] before test
[2020-02-16T18:21:33,480][INFO ][o.e.c.m.IndexNameExpressionResolverExpressionsIterationTests] [testIsPatternMatchingAllIndicesNonMatchingTrailingWildcard] after test
[2020-02-16T18:21:33,482][INFO ][o.e.c.m.IndexNameExpressionResolverExpressionsIterationTests] [testIsExplicitAllIndicesExplicitAll] before test
[2020-02-16T18:21:33,482][INFO ][o.e.c.m.IndexNameExpressionResolverExpressionsIterationTests] [testIsExplicitAllIndicesExplicitAll] after test
[2020-02-16T18:21:33,484][INFO ][o.e.c.m.IndexNameExpressionResolverExpressionsIterationTests] [testConcreteWriteIndexWithNoWriteIndexWithSingleIndex] before test
[2020-02-16T18:21:33,484][INFO ][o.e.c.m.IndexNameExpressionResolverExpressionsIterationTests] [testConcreteWriteIndexWithNoWriteIndexWithSingleIndex] after test
[2020-02-16T18:21:33,487][INFO ][o.e.c.m.IndexNameExpressionResolverExpressionsIterationTests] [testAliasResolutionNotAllowingMultipleIndices] before test
[2020-02-16T18:21:33,488][INFO ][o.e.c.m.IndexNameExpressionResolverExpressionsIterationTests] [testAliasResolutionNotAllowingMultipleIndices] after test
[2020-02-16T18:21:33,490][INFO ][o.e.c.m.IndexNameExpressionResolverExpressionsIterationTests] [testIsExplicitAllIndicesExplicitAllPlusOther] before test
[2020-02-16T18:21:33,490][INFO ][o.e.c.m.IndexNameExpressionResolverExpressionsIterationTests] [testIsExplicitAllIndicesExplicitAllPlusOther] after test
[2020-02-16T18:21:33,492][INFO ][o.e.c.m.IndexNameExpressionResolverExpressionsIterationTests] [testIsExplicitAllIndicesEmpty] before test
[2020-02-16T18:21:33,492][INFO ][o.e.c.m.IndexNameExpressionResolverExpressionsIterationTests] [testIsExplicitAllIndicesEmpty] after test
[2020-02-16T18:21:33,493][INFO ][o.e.c.m.IndexNameExpressionResolverExpressionsIterationTests] [testFilteringAliases] before test
[2020-02-16T18:21:33,494][INFO ][o.e.c.m.IndexNameExpressionResolverExpressionsIterationTests] [testFilteringAliases] after test
[2020-02-16T18:21:33,496][INFO ][o.e.c.m.IndexNameExpressionResolverExpressionsIterationTests] [testConcreteWriteIndexWithInvalidIndicesRequest] before test
[2020-02-16T18:21:33,497][INFO ][o.e.c.m.IndexNameExpressionResolverExpressionsIterationTests] [testConcreteWriteIndexWithInvalidIndicesRequest] after test
[2020-02-16T18:21:33,499][INFO ][o.e.c.m.IndexNameExpressionResolverExpressionsIterationTests] [testDedupConcreteIndices] before test
[2020-02-16T18:21:33,499][INFO ][o.e.c.m.IndexNameExpressionResolverExpressionsIterationTests] [testDedupConcreteIndices] after test
]]></system-out>
  <system-err><![CDATA[]]></system-err>
</testsuite>
