<?xml version="1.0" encoding="UTF-8"?>
<testsuite name="org.elasticsearch.common.util.concurrent.CountDownTests" tests="2" skipped="0" failures="0" errors="0" timestamp="2020-02-16T22:21:58" hostname="Escoto-PC" time="0.009">
  <properties/>
  <testcase name="testConcurrent" classname="org.elasticsearch.common.util.concurrent.CountDownTests" time="0.006"/>
  <testcase name="testSingleThreaded" classname="org.elasticsearch.common.util.concurrent.CountDownTests" time="0.003"/>
  <system-out><![CDATA[[2020-02-17T00:21:58,540][INFO ][o.e.c.u.c.CountDownTests ] [testConcurrent] before test
[2020-02-17T00:21:58,545][INFO ][o.e.c.u.c.CountDownTests ] [testConcurrent] after test
[2020-02-17T00:21:58,548][INFO ][o.e.c.u.c.CountDownTests ] [testSingleThreaded] before test
[2020-02-17T00:21:58,548][INFO ][o.e.c.u.c.CountDownTests ] [testSingleThreaded] after test
]]></system-out>
  <system-err><![CDATA[]]></system-err>
</testsuite>
