<?xml version="1.0" encoding="UTF-8"?>
<testsuite name="org.elasticsearch.transport.PublishPortTests" tests="1" skipped="0" failures="0" errors="0" timestamp="2020-02-16T22:26:00" hostname="Escoto-PC" time="0.005">
  <properties/>
  <testcase name="testPublishPort" classname="org.elasticsearch.transport.PublishPortTests" time="0.005"/>
  <system-out><![CDATA[[2020-02-17T01:26:00,481][INFO ][o.e.t.PublishPortTests   ] [testPublishPort] before test
[2020-02-17T01:26:00,485][INFO ][o.e.t.PublishPortTests   ] [testPublishPort] after test
]]></system-out>
  <system-err><![CDATA[]]></system-err>
</testsuite>
