<?xml version="1.0" encoding="UTF-8"?>
<testsuite name="org.elasticsearch.cluster.ClusterInfoTests" tests="1" skipped="0" failures="0" errors="0" timestamp="2020-02-16T22:20:52" hostname="Escoto-PC" time="0.014">
  <properties/>
  <testcase name="testSerialization" classname="org.elasticsearch.cluster.ClusterInfoTests" time="0.014"/>
  <system-out><![CDATA[[2020-02-16T23:20:52,137][INFO ][o.e.c.ClusterInfoTests   ] [testSerialization] before test
[2020-02-16T23:20:52,149][INFO ][o.e.c.ClusterInfoTests   ] [testSerialization] after test
]]></system-out>
  <system-err><![CDATA[]]></system-err>
</testsuite>
