<?xml version="1.0" encoding="UTF-8"?>
<testsuite name="org.elasticsearch.index.engine.InternalEngineSettingsTests" tests="1" skipped="0" failures="0" errors="0" timestamp="2020-02-16T22:22:27" hostname="Escoto-PC" time="1.033">
  <properties/>
  <testcase name="testSettingsUpdate" classname="org.elasticsearch.index.engine.InternalEngineSettingsTests" time="1.033"/>
  <system-out><![CDATA[[2020-02-17T01:22:27,496][INFO ][o.e.e.NodeEnvironment    ] [testSettingsUpdate] using [1] data paths, mounts [[Old HDD (E:)]], net usable_space [89.5gb], net total_space [232.8gb], types [NTFS]
[2020-02-17T01:22:27,497][INFO ][o.e.e.NodeEnvironment    ] [testSettingsUpdate] heap size [512mb], compressed ordinary object pointers [true]
[2020-02-17T01:22:27,499][INFO ][o.e.n.Node               ] [testSettingsUpdate] node name [node_s_0], node ID [YhWKvjH3QNCyCWEojcX_sg], cluster name [single-node-cluster-TEST_WORKER_VM=[12]-CLUSTER_SEED=[-3476619884699687152]-HASH=[13EE47091E4]]
[2020-02-17T01:22:27,500][INFO ][o.e.n.Node               ] [testSettingsUpdate] version[7.5.1], pid[2148], build[unknown/unknown/unknown/unknown], OS[Windows 7/6.1/amd64], JVM[Oracle Corporation/OpenJDK 64-Bit Server VM/12.0.2/12.0.2+10]
[2020-02-17T01:22:27,500][INFO ][o.e.n.Node               ] [testSettingsUpdate] JVM home [C:\Program Files\Java\jdk-12.0.2]
[2020-02-17T01:22:27,500][INFO ][o.e.n.Node               ] [testSettingsUpdate] JVM arguments [-Dcompiler.java=12, -Des.scripting.update.ctx_in_params=false, -Des.transport.cname_in_publish_address=true, -Dgradle.dist.lib=C:\Users\Escoto\.gradle\wrapper\dists\gradle-5.6.2-bin\3clyn6icets6f02ptgd5hlmou\gradle-5.6.2\lib, -Dgradle.user.home=C:\Users\Escoto\.gradle, -Dgradle.worker.jar=C:\Users\Escoto\.gradle/caches/5.6.2/workerMain/gradle-worker.jar, -Dio.netty.noKeySetOptimization=true, -Dio.netty.noUnsafe=true, -Dio.netty.recycler.maxCapacityPerThread=0, -Djava.awt.headless=true, -Djna.nosys=true, -Dorg.gradle.native=false, -Druntime.java=12, -Dtests.artifact=server, -Dtests.gradle=true, -Dtests.logger.level=WARN, -Dtests.security.manager=true, -Dtests.seed=9EA1F2A3814E5F76, -Dtests.task=:server:test, -Dtests.timeoutSuite=1800000!, -esa, --illegal-access=warn, -XX:+HeapDumpOnOutOfMemoryError, -XX:HeapDumpPath=E:\NotD\git\elasticsearch\server\build\heapdump, -Xms512m, -Xmx512m, -Dfile.encoding=windows-1252, -Djava.io.tmpdir=./temp, -Duser.country=US, -Duser.language=en, -Duser.variant, -ea]
[2020-02-17T01:22:27,501][INFO ][o.e.p.PluginsService     ] [testSettingsUpdate] no modules loaded
[2020-02-17T01:22:27,501][INFO ][o.e.p.PluginsService     ] [testSettingsUpdate] loaded plugin [org.elasticsearch.test.MockHttpTransport$TestPlugin]
[2020-02-17T01:22:27,501][INFO ][o.e.p.PluginsService     ] [testSettingsUpdate] loaded plugin [org.elasticsearch.transport.nio.MockNioTransportPlugin]
[2020-02-17T01:22:27,698][INFO ][o.e.d.DiscoveryModule    ] [testSettingsUpdate] using discovery type [zen] and seed hosts providers [settings]
[2020-02-17T01:22:27,707][INFO ][o.e.n.Node               ] [testSettingsUpdate] initialized
[2020-02-17T01:22:27,707][INFO ][o.e.n.Node               ] [testSettingsUpdate] starting ...
[2020-02-17T01:22:28,217][INFO ][o.e.t.TransportService   ] [testSettingsUpdate] publish_address {127.0.0.1:11500}, bound_addresses {127.0.0.1:11500}, {[::1]:11500}
[2020-02-17T01:22:28,224][INFO ][o.e.c.c.Coordinator      ] [testSettingsUpdate] setting initial configuration to VotingConfiguration{YhWKvjH3QNCyCWEojcX_sg}
[2020-02-17T01:22:28,274][INFO ][o.e.c.s.MasterService    ] [node_s_0] elected-as-master ([1] nodes joined)[{node_s_0}{YhWKvjH3QNCyCWEojcX_sg}{8IB_u2O2T_ixjnp7t1xb2g}{127.0.0.1}{127.0.0.1:11500}{dim} elect leader, _BECOME_MASTER_TASK_, _FINISH_ELECTION_], term: 1, version: 1, delta: master node changed {previous [], current [{node_s_0}{YhWKvjH3QNCyCWEojcX_sg}{8IB_u2O2T_ixjnp7t1xb2g}{127.0.0.1}{127.0.0.1:11500}{dim}]}
[2020-02-17T01:22:28,281][INFO ][o.e.c.c.CoordinationState] [node_s_0] cluster UUID set to [sV_ewa4jRO-5pC2X4GnZQw]
[2020-02-17T01:22:28,287][INFO ][o.e.c.s.ClusterApplierService] [node_s_0] master node changed {previous [], current [{node_s_0}{YhWKvjH3QNCyCWEojcX_sg}{8IB_u2O2T_ixjnp7t1xb2g}{127.0.0.1}{127.0.0.1:11500}{dim}]}, term: 1, version: 1, reason: Publication{term=1, version=1}
[2020-02-17T01:22:28,288][INFO ][o.e.n.Node               ] [testSettingsUpdate] started
[2020-02-17T01:22:28,294][INFO ][o.e.g.GatewayService     ] [node_s_0] recovered [0] indices into cluster_state
[2020-02-17T01:22:28,295][INFO ][o.e.c.m.MetaDataIndexTemplateService] [node_s_0] adding template [one_shard_index_template] for index patterns [*]
[2020-02-17T01:22:28,306][INFO ][o.e.c.m.MetaDataIndexTemplateService] [node_s_0] adding template [random-soft-deletes-template] for index patterns [*]
[2020-02-17T01:22:28,314][INFO ][o.e.i.e.InternalEngineSettingsTests] [testSettingsUpdate] before test
[2020-02-17T01:22:28,315][INFO ][o.e.c.m.MetaDataCreateIndexService] [node_s_0] [foo] creating index, cause [api], templates [random-soft-deletes-template, one_shard_index_template], shards [1]/[0], mappings []
[2020-02-17T01:22:28,375][INFO ][o.e.c.r.a.AllocationService] [node_s_0] Cluster health status changed from [YELLOW] to [GREEN] (reason: [shards started [[foo][0]]]).
[2020-02-17T01:22:28,388][INFO ][o.e.c.s.IndexScopedSettings] [node_s_0] updating [index.gc_deletes] from [60s] to [2836860913741876ms]
[2020-02-17T01:22:28,397][INFO ][o.e.c.s.IndexScopedSettings] [node_s_0] updating [index.gc_deletes] from [60s] to [2836860913741876ms]
[2020-02-17T01:22:28,401][INFO ][o.e.c.s.IndexScopedSettings] [node_s_0] updating [index.gc_deletes] from [2836860913741876ms] to [1308709745458153ms]
[2020-02-17T01:22:28,410][INFO ][o.e.c.s.IndexScopedSettings] [node_s_0] updating [index.gc_deletes] from [2836860913741876ms] to [1308709745458153ms]
[2020-02-17T01:22:28,414][INFO ][o.e.c.s.IndexScopedSettings] [node_s_0] updating [index.gc_deletes] from [1308709745458153ms] to [3466352980565050ms]
[2020-02-17T01:22:28,422][INFO ][o.e.c.s.IndexScopedSettings] [node_s_0] updating [index.gc_deletes] from [1308709745458153ms] to [3466352980565050ms]
[2020-02-17T01:22:28,426][INFO ][o.e.c.s.IndexScopedSettings] [node_s_0] updating [index.gc_deletes] from [3466352980565050ms] to [3928625634049120ms]
[2020-02-17T01:22:28,433][INFO ][o.e.c.s.IndexScopedSettings] [node_s_0] updating [index.gc_deletes] from [3466352980565050ms] to [3928625634049120ms]
[2020-02-17T01:22:28,437][INFO ][o.e.c.s.IndexScopedSettings] [node_s_0] updating [index.gc_deletes] from [3928625634049120ms] to [2890928608830167ms]
[2020-02-17T01:22:28,445][INFO ][o.e.c.s.IndexScopedSettings] [node_s_0] updating [index.gc_deletes] from [3928625634049120ms] to [2890928608830167ms]
[2020-02-17T01:22:28,449][INFO ][o.e.c.s.IndexScopedSettings] [node_s_0] updating [index.gc_deletes] from [2890928608830167ms] to [1000ms]
[2020-02-17T01:22:28,457][INFO ][o.e.c.s.IndexScopedSettings] [node_s_0] updating [index.gc_deletes] from [2890928608830167ms] to [1000ms]
[2020-02-17T01:22:28,462][INFO ][o.e.c.s.IndexScopedSettings] [node_s_0] updating [index.gc_deletes] from [1000ms] to [0ms]
[2020-02-17T01:22:28,471][INFO ][o.e.c.s.IndexScopedSettings] [node_s_0] updating [index.gc_deletes] from [1000ms] to [0ms]
[2020-02-17T01:22:28,475][INFO ][o.e.c.s.IndexScopedSettings] [node_s_0] updating [index.gc_deletes] from [0ms] to [1000ms]
[2020-02-17T01:22:28,485][INFO ][o.e.c.s.IndexScopedSettings] [node_s_0] updating [index.gc_deletes] from [0ms] to [1000ms]
[2020-02-17T01:22:28,486][INFO ][o.e.i.e.InternalEngineSettingsTests] [testSettingsUpdate] after test
[2020-02-17T01:22:28,486][INFO ][o.e.c.m.MetaDataDeleteIndexService] [node_s_0] [foo/KNdo4gC7QvWyvbAz51C-CQ] deleting index
[2020-02-17T01:22:28,515][INFO ][o.e.n.Node               ] [suite] stopping ...
[2020-02-17T01:22:28,518][INFO ][o.e.n.Node               ] [suite] stopped
[2020-02-17T01:22:28,518][INFO ][o.e.n.Node               ] [suite] closing ...
[2020-02-17T01:22:28,520][INFO ][o.e.n.Node               ] [suite] closed
]]></system-out>
  <system-err><![CDATA[]]></system-err>
</testsuite>
