<?xml version="1.0" encoding="UTF-8"?>
<testsuite name="org.elasticsearch.common.util.BitArrayTests" tests="1" skipped="0" failures="0" errors="0" timestamp="2020-02-16T22:20:51" hostname="Escoto-PC" time="0.012">
  <properties/>
  <testcase name="testRandom" classname="org.elasticsearch.common.util.BitArrayTests" time="0.012"/>
  <system-out><![CDATA[[2020-02-16T18:20:51,179][INFO ][o.e.c.u.BitArrayTests    ] [testRandom] before test
[2020-02-16T18:20:51,189][INFO ][o.e.c.u.BitArrayTests    ] [testRandom] after test
]]></system-out>
  <system-err><![CDATA[]]></system-err>
</testsuite>
