<?xml version="1.0" encoding="UTF-8"?>
<testsuite name="org.elasticsearch.common.blobstore.BlobPathTests" tests="1" skipped="0" failures="0" errors="0" timestamp="2020-02-16T22:20:41" hostname="Escoto-PC" time="0.004">
  <properties/>
  <testcase name="testBuildAsString" classname="org.elasticsearch.common.blobstore.BlobPathTests" time="0.004"/>
  <system-out><![CDATA[[2020-02-16T16:20:41,139][INFO ][o.e.c.b.BlobPathTests    ] [testBuildAsString] before test
[2020-02-16T16:20:41,141][INFO ][o.e.c.b.BlobPathTests    ] [testBuildAsString] after test
]]></system-out>
  <system-err><![CDATA[]]></system-err>
</testsuite>
