<?xml version="1.0" encoding="UTF-8"?>
<testsuite name="org.elasticsearch.cluster.ClusterStateTests" tests="3" skipped="0" failures="0" errors="0" timestamp="2020-02-16T22:20:31" hostname="Escoto-PC" time="0.024">
  <properties/>
  <testcase name="testBuilderRejectsNullInCustoms" classname="org.elasticsearch.cluster.ClusterStateTests" time="0.011"/>
  <testcase name="testBuilderRejectsNullCustom" classname="org.elasticsearch.cluster.ClusterStateTests" time="0.011"/>
  <testcase name="testSupersedes" classname="org.elasticsearch.cluster.ClusterStateTests" time="0.002"/>
  <system-out><![CDATA[[2020-02-17T03:20:31,908][INFO ][o.e.c.ClusterStateTests  ] [testBuilderRejectsNullInCustoms] before test
[2020-02-17T03:20:31,910][INFO ][o.e.c.ClusterStateTests  ] [testBuilderRejectsNullInCustoms] after test
[2020-02-17T03:20:31,920][INFO ][o.e.c.ClusterStateTests  ] [testBuilderRejectsNullCustom] before test
[2020-02-17T03:20:31,921][INFO ][o.e.c.ClusterStateTests  ] [testBuilderRejectsNullCustom] after test
[2020-02-17T03:20:31,923][INFO ][o.e.c.ClusterStateTests  ] [testSupersedes] before test
[2020-02-17T03:20:31,923][INFO ][o.e.c.ClusterStateTests  ] [testSupersedes] after test
]]></system-out>
  <system-err><![CDATA[]]></system-err>
</testsuite>
