<?xml version="1.0" encoding="UTF-8"?>
<testsuite name="org.elasticsearch.search.aggregations.bucket.histogram.ExtendedBoundsTests" tests="3" skipped="0" failures="0" errors="0" timestamp="2020-02-16T22:25:23" hostname="Escoto-PC" time="0.011">
  <properties/>
  <testcase name="testTransportRoundTrip" classname="org.elasticsearch.search.aggregations.bucket.histogram.ExtendedBoundsTests" time="0.002"/>
  <testcase name="testParseAndValidate" classname="org.elasticsearch.search.aggregations.bucket.histogram.ExtendedBoundsTests" time="0.005"/>
  <testcase name="testXContentRoundTrip" classname="org.elasticsearch.search.aggregations.bucket.histogram.ExtendedBoundsTests" time="0.002"/>
  <system-out><![CDATA[[2020-02-16T22:25:23,470][INFO ][o.e.s.a.b.h.ExtendedBoundsTests] [testTransportRoundTrip] before test
[2020-02-16T22:25:23,470][INFO ][o.e.s.a.b.h.ExtendedBoundsTests] [testTransportRoundTrip] after test
[2020-02-16T22:25:23,473][INFO ][o.e.s.a.b.h.ExtendedBoundsTests] [testParseAndValidate] before test
[2020-02-16T22:25:23,476][INFO ][o.e.s.a.b.h.ExtendedBoundsTests] [testParseAndValidate] after test
[2020-02-16T22:25:23,478][INFO ][o.e.s.a.b.h.ExtendedBoundsTests] [testXContentRoundTrip] before test
[2020-02-16T22:25:23,479][INFO ][o.e.s.a.b.h.ExtendedBoundsTests] [testXContentRoundTrip] after test
]]></system-out>
  <system-err><![CDATA[]]></system-err>
</testsuite>
