<?xml version="1.0" encoding="UTF-8"?>
<testsuite name="org.elasticsearch.cluster.metadata.ToAndFromJsonMetaDataTests" tests="1" skipped="0" failures="0" errors="0" timestamp="2020-02-16T22:21:33" hostname="Escoto-PC" time="0.019">
  <properties/>
  <testcase name="testSimpleJsonFromAndTo" classname="org.elasticsearch.cluster.metadata.ToAndFromJsonMetaDataTests" time="0.019"/>
  <system-out><![CDATA[[2020-02-16T21:21:33,888][INFO ][o.e.c.m.ToAndFromJsonMetaDataTests] [testSimpleJsonFromAndTo] before test
[2020-02-16T21:21:33,905][INFO ][o.e.c.m.ToAndFromJsonMetaDataTests] [testSimpleJsonFromAndTo] after test
]]></system-out>
  <system-err><![CDATA[]]></system-err>
</testsuite>
