<?xml version="1.0" encoding="UTF-8"?>
<testsuite name="org.elasticsearch.index.query.SearchIndexNameMatcherTests" tests="2" skipped="0" failures="0" errors="0" timestamp="2020-02-16T22:23:41" hostname="Escoto-PC" time="0.006">
  <properties/>
  <testcase name="testLocalIndex" classname="org.elasticsearch.index.query.SearchIndexNameMatcherTests" time="0.004"/>
  <testcase name="testRemoteIndex" classname="org.elasticsearch.index.query.SearchIndexNameMatcherTests" time="0.002"/>
  <system-out><![CDATA[[2020-02-17T09:23:41,012][INFO ][o.e.i.q.SearchIndexNameMatcherTests] [testLocalIndex] before test
[2020-02-17T09:23:41,014][INFO ][o.e.i.q.SearchIndexNameMatcherTests] [testLocalIndex] after test
[2020-02-17T09:23:41,016][INFO ][o.e.i.q.SearchIndexNameMatcherTests] [testRemoteIndex] before test
[2020-02-17T09:23:41,017][INFO ][o.e.i.q.SearchIndexNameMatcherTests] [testRemoteIndex] after test
]]></system-out>
  <system-err><![CDATA[]]></system-err>
</testsuite>
