<?xml version="1.0" encoding="UTF-8"?>
<testsuite name="org.elasticsearch.search.aggregations.metrics.ExtendedStatsTests" tests="7" skipped="0" failures="0" errors="0" timestamp="2020-02-16T22:25:31" hostname="Escoto-PC" time="0.025">
  <properties/>
  <testcase name="testFromXContentMulti" classname="org.elasticsearch.search.aggregations.metrics.ExtendedStatsTests" time="0.016"/>
  <testcase name="testSerialization" classname="org.elasticsearch.search.aggregations.metrics.ExtendedStatsTests" time="0.002"/>
  <testcase name="testEqualsAndHashcode" classname="org.elasticsearch.search.aggregations.metrics.ExtendedStatsTests" time="0.001"/>
  <testcase name="testSerializationMulti" classname="org.elasticsearch.search.aggregations.metrics.ExtendedStatsTests" time="0.001"/>
  <testcase name="testShallowCopy" classname="org.elasticsearch.search.aggregations.metrics.ExtendedStatsTests" time="0.002"/>
  <testcase name="testToString" classname="org.elasticsearch.search.aggregations.metrics.ExtendedStatsTests" time="0.001"/>
  <testcase name="testFromXContent" classname="org.elasticsearch.search.aggregations.metrics.ExtendedStatsTests" time="0.002"/>
  <system-out><![CDATA[[2020-02-17T09:25:31,684][INFO ][o.e.s.a.m.ExtendedStatsTests] [testFromXContentMulti] before test
[2020-02-17T09:25:31,686][INFO ][o.e.p.PluginsService     ] [testFromXContentMulti] no modules loaded
[2020-02-17T09:25:31,686][INFO ][o.e.p.PluginsService     ] [testFromXContentMulti] no plugins loaded
[2020-02-17T09:25:31,691][INFO ][o.e.p.PluginsService     ] [testFromXContentMulti] no modules loaded
[2020-02-17T09:25:31,691][INFO ][o.e.p.PluginsService     ] [testFromXContentMulti] no plugins loaded
[2020-02-17T09:25:31,694][INFO ][o.e.s.a.m.ExtendedStatsTests] [testFromXContentMulti] after test
[2020-02-17T09:25:31,696][INFO ][o.e.s.a.m.ExtendedStatsTests] [testSerialization] before test
[2020-02-17T09:25:31,696][INFO ][o.e.s.a.m.ExtendedStatsTests] [testSerialization] after test
[2020-02-17T09:25:31,697][INFO ][o.e.s.a.m.ExtendedStatsTests] [testEqualsAndHashcode] before test
[2020-02-17T09:25:31,697][INFO ][o.e.s.a.m.ExtendedStatsTests] [testEqualsAndHashcode] after test
[2020-02-17T09:25:31,699][INFO ][o.e.s.a.m.ExtendedStatsTests] [testSerializationMulti] before test
[2020-02-17T09:25:31,699][INFO ][o.e.s.a.m.ExtendedStatsTests] [testSerializationMulti] after test
[2020-02-17T09:25:31,700][INFO ][o.e.s.a.m.ExtendedStatsTests] [testShallowCopy] before test
[2020-02-17T09:25:31,700][INFO ][o.e.s.a.m.ExtendedStatsTests] [testShallowCopy] after test
[2020-02-17T09:25:31,701][INFO ][o.e.s.a.m.ExtendedStatsTests] [testToString] before test
[2020-02-17T09:25:31,702][INFO ][o.e.s.a.m.ExtendedStatsTests] [testToString] after test
[2020-02-17T09:25:31,703][INFO ][o.e.s.a.m.ExtendedStatsTests] [testFromXContent] before test
[2020-02-17T09:25:31,703][INFO ][o.e.s.a.m.ExtendedStatsTests] [testFromXContent] after test
]]></system-out>
  <system-err><![CDATA[]]></system-err>
</testsuite>
