<?xml version="1.0" encoding="UTF-8"?>
<testsuite name="org.elasticsearch.index.mapper.RoutingFieldMapperTests" tests="2" skipped="0" failures="0" errors="0" timestamp="2020-02-16T22:23:30" hostname="Escoto-PC" time="0.884">
  <properties/>
  <testcase name="testIncludeInObjectNotAllowed" classname="org.elasticsearch.index.mapper.RoutingFieldMapperTests" time="0.791"/>
  <testcase name="testRoutingMapper" classname="org.elasticsearch.index.mapper.RoutingFieldMapperTests" time="0.092"/>
  <system-out><![CDATA[[2020-02-16T15:23:30,325][INFO ][o.e.e.NodeEnvironment    ] [testIncludeInObjectNotAllowed] using [1] data paths, mounts [[Old HDD (E:)]], net usable_space [89.5gb], net total_space [232.8gb], types [NTFS]
[2020-02-16T15:23:30,325][INFO ][o.e.e.NodeEnvironment    ] [testIncludeInObjectNotAllowed] heap size [512mb], compressed ordinary object pointers [true]
[2020-02-16T15:23:30,328][INFO ][o.e.n.Node               ] [testIncludeInObjectNotAllowed] node name [node_s_0], node ID [7i2e1E8iQwyjH3Da9Im4ag], cluster name [single-node-cluster-TEST_WORKER_VM=[12]-CLUSTER_SEED=[4138469087896342496]-HASH=[14D8565B85E]]
[2020-02-16T15:23:30,328][INFO ][o.e.n.Node               ] [testIncludeInObjectNotAllowed] version[7.5.1], pid[2148], build[unknown/unknown/unknown/unknown], OS[Windows 7/6.1/amd64], JVM[Oracle Corporation/OpenJDK 64-Bit Server VM/12.0.2/12.0.2+10]
[2020-02-16T15:23:30,328][INFO ][o.e.n.Node               ] [testIncludeInObjectNotAllowed] JVM home [C:\Program Files\Java\jdk-12.0.2]
[2020-02-16T15:23:30,328][INFO ][o.e.n.Node               ] [testIncludeInObjectNotAllowed] JVM arguments [-Dcompiler.java=12, -Des.scripting.update.ctx_in_params=false, -Des.transport.cname_in_publish_address=true, -Dgradle.dist.lib=C:\Users\Escoto\.gradle\wrapper\dists\gradle-5.6.2-bin\3clyn6icets6f02ptgd5hlmou\gradle-5.6.2\lib, -Dgradle.user.home=C:\Users\Escoto\.gradle, -Dgradle.worker.jar=C:\Users\Escoto\.gradle/caches/5.6.2/workerMain/gradle-worker.jar, -Dio.netty.noKeySetOptimization=true, -Dio.netty.noUnsafe=true, -Dio.netty.recycler.maxCapacityPerThread=0, -Djava.awt.headless=true, -Djna.nosys=true, -Dorg.gradle.native=false, -Druntime.java=12, -Dtests.artifact=server, -Dtests.gradle=true, -Dtests.logger.level=WARN, -Dtests.security.manager=true, -Dtests.seed=9EA1F2A3814E5F76, -Dtests.task=:server:test, -Dtests.timeoutSuite=1800000!, -esa, --illegal-access=warn, -XX:+HeapDumpOnOutOfMemoryError, -XX:HeapDumpPath=E:\NotD\git\elasticsearch\server\build\heapdump, -Xms512m, -Xmx512m, -Dfile.encoding=windows-1252, -Djava.io.tmpdir=./temp, -Duser.country=US, -Duser.language=en, -Duser.variant, -ea]
[2020-02-16T15:23:30,328][INFO ][o.e.p.PluginsService     ] [testIncludeInObjectNotAllowed] no modules loaded
[2020-02-16T15:23:30,328][INFO ][o.e.p.PluginsService     ] [testIncludeInObjectNotAllowed] loaded plugin [org.elasticsearch.test.MockHttpTransport$TestPlugin]
[2020-02-16T15:23:30,328][INFO ][o.e.p.PluginsService     ] [testIncludeInObjectNotAllowed] loaded plugin [org.elasticsearch.transport.nio.MockNioTransportPlugin]
[2020-02-16T15:23:30,555][INFO ][o.e.d.DiscoveryModule    ] [testIncludeInObjectNotAllowed] using discovery type [zen] and seed hosts providers [settings]
[2020-02-16T15:23:30,562][INFO ][o.e.n.Node               ] [testIncludeInObjectNotAllowed] initialized
[2020-02-16T15:23:30,562][INFO ][o.e.n.Node               ] [testIncludeInObjectNotAllowed] starting ...
[2020-02-16T15:23:30,892][INFO ][o.e.t.TransportService   ] [testIncludeInObjectNotAllowed] publish_address {127.0.0.1:11500}, bound_addresses {127.0.0.1:11500}, {[::1]:11500}
[2020-02-16T15:23:30,898][INFO ][o.e.c.c.Coordinator      ] [testIncludeInObjectNotAllowed] setting initial configuration to VotingConfiguration{7i2e1E8iQwyjH3Da9Im4ag}
[2020-02-16T15:23:30,926][INFO ][o.e.c.s.MasterService    ] [node_s_0] elected-as-master ([1] nodes joined)[{node_s_0}{7i2e1E8iQwyjH3Da9Im4ag}{7pjBuCE7SHeI-eJVpflP9Q}{127.0.0.1}{127.0.0.1:11500}{dim} elect leader, _BECOME_MASTER_TASK_, _FINISH_ELECTION_], term: 1, version: 1, delta: master node changed {previous [], current [{node_s_0}{7i2e1E8iQwyjH3Da9Im4ag}{7pjBuCE7SHeI-eJVpflP9Q}{127.0.0.1}{127.0.0.1:11500}{dim}]}
[2020-02-16T15:23:30,934][INFO ][o.e.c.c.CoordinationState] [node_s_0] cluster UUID set to [naxVI_vLRYW0lEBjGaphfQ]
[2020-02-16T15:23:30,940][INFO ][o.e.c.s.ClusterApplierService] [node_s_0] master node changed {previous [], current [{node_s_0}{7i2e1E8iQwyjH3Da9Im4ag}{7pjBuCE7SHeI-eJVpflP9Q}{127.0.0.1}{127.0.0.1:11500}{dim}]}, term: 1, version: 1, reason: Publication{term=1, version=1}
[2020-02-16T15:23:30,942][INFO ][o.e.n.Node               ] [testIncludeInObjectNotAllowed] started
[2020-02-16T15:23:30,947][INFO ][o.e.g.GatewayService     ] [node_s_0] recovered [0] indices into cluster_state
[2020-02-16T15:23:30,948][INFO ][o.e.c.m.MetaDataIndexTemplateService] [node_s_0] adding template [one_shard_index_template] for index patterns [*]
[2020-02-16T15:23:30,962][INFO ][o.e.c.m.MetaDataIndexTemplateService] [node_s_0] adding template [random-soft-deletes-template] for index patterns [*]
[2020-02-16T15:23:30,971][INFO ][o.e.i.m.RoutingFieldMapperTests] [testIncludeInObjectNotAllowed] before test
[2020-02-16T15:23:30,974][INFO ][o.e.c.m.MetaDataCreateIndexService] [node_s_0] [test] creating index, cause [api], templates [random-soft-deletes-template, one_shard_index_template], shards [1]/[0], mappings []
[2020-02-16T15:23:31,028][INFO ][o.e.c.r.a.AllocationService] [node_s_0] Cluster health status changed from [YELLOW] to [GREEN] (reason: [shards started [[test][0]]]).
[2020-02-16T15:23:31,038][INFO ][o.e.i.m.RoutingFieldMapperTests] [testIncludeInObjectNotAllowed] after test
[2020-02-16T15:23:31,056][INFO ][o.e.c.m.MetaDataDeleteIndexService] [node_s_0] [test/6_k3liv-TfWwxIKv-WoWzQ] deleting index
[2020-02-16T15:23:31,109][INFO ][o.e.i.m.RoutingFieldMapperTests] [testRoutingMapper] before test
[2020-02-16T15:23:31,111][INFO ][o.e.c.m.MetaDataCreateIndexService] [node_s_0] [test] creating index, cause [api], templates [random-soft-deletes-template, one_shard_index_template], shards [1]/[0], mappings []
[2020-02-16T15:23:31,168][INFO ][o.e.c.r.a.AllocationService] [node_s_0] Cluster health status changed from [YELLOW] to [GREEN] (reason: [shards started [[test][0]]]).
[2020-02-16T15:23:31,178][INFO ][o.e.i.m.RoutingFieldMapperTests] [testRoutingMapper] after test
[2020-02-16T15:23:31,179][INFO ][o.e.c.m.MetaDataDeleteIndexService] [node_s_0] [test/_K01UbNOQn630YL9sK4MDw] deleting index
[2020-02-16T15:23:31,199][INFO ][o.e.n.Node               ] [suite] stopping ...
[2020-02-16T15:23:31,200][INFO ][o.e.n.Node               ] [suite] stopped
[2020-02-16T15:23:31,200][INFO ][o.e.n.Node               ] [suite] closing ...
[2020-02-16T15:23:31,201][INFO ][o.e.n.Node               ] [suite] closed
]]></system-out>
  <system-err><![CDATA[]]></system-err>
</testsuite>
