<?xml version="1.0" encoding="UTF-8"?>
<testsuite name="org.elasticsearch.action.admin.cluster.stats.ClusterStatsNodesTests" tests="1" skipped="0" failures="0" errors="0" timestamp="2020-02-16T22:20:24" hostname="Escoto-PC" time="0.007">
  <properties/>
  <testcase name="testNetworkTypesToXContent" classname="org.elasticsearch.action.admin.cluster.stats.ClusterStatsNodesTests" time="0.007"/>
  <system-out><![CDATA[[2020-02-16T17:20:24,737][INFO ][o.e.a.a.c.s.ClusterStatsNodesTests] [testNetworkTypesToXContent] before test
[2020-02-16T17:20:24,740][INFO ][o.e.a.a.c.s.ClusterStatsNodesTests] [testNetworkTypesToXContent] after test
]]></system-out>
  <system-err><![CDATA[]]></system-err>
</testsuite>
