<?xml version="1.0" encoding="UTF-8"?>
<testsuite name="org.elasticsearch.rest.action.document.RestDeleteActionTests" tests="1" skipped="0" failures="0" errors="0" timestamp="2020-02-16T22:24:04" hostname="Escoto-PC" time="0.007">
  <properties/>
  <testcase name="testTypeInPath" classname="org.elasticsearch.rest.action.document.RestDeleteActionTests" time="0.007"/>
  <system-out><![CDATA[[2020-02-16T18:24:04,971][INFO ][o.e.r.a.d.RestDeleteActionTests] [testTypeInPath] before test
[2020-02-16T18:24:04,973][WARN ][o.e.d.r.a.d.RestDeleteAction] [testTypeInPath] [types removal] Specifying types in document index requests is deprecated, use the /{index}/_doc/{id} endpoint instead.
[2020-02-16T18:24:04,975][INFO ][o.e.r.a.d.RestDeleteActionTests] [testTypeInPath] after test
]]></system-out>
  <system-err><![CDATA[]]></system-err>
</testsuite>
