<?xml version="1.0" encoding="UTF-8"?>
<testsuite name="org.elasticsearch.action.TaskOperationFailureTests" tests="1" skipped="0" failures="0" errors="0" timestamp="2020-02-16T22:20:27" hostname="Escoto-PC" time="0.009">
  <properties/>
  <testcase name="testFromXContent" classname="org.elasticsearch.action.TaskOperationFailureTests" time="0.009"/>
  <system-out><![CDATA[[2020-02-16T20:20:27,870][INFO ][o.e.a.TaskOperationFailureTests] [testFromXContent] before test
[2020-02-16T20:20:27,875][INFO ][o.e.a.TaskOperationFailureTests] [testFromXContent] after test
]]></system-out>
  <system-err><![CDATA[]]></system-err>
</testsuite>
