<?xml version="1.0" encoding="UTF-8"?>
<testsuite name="org.elasticsearch.rest.action.document.RestBulkActionTests" tests="1" skipped="0" failures="0" errors="0" timestamp="2020-02-16T22:25:17" hostname="Escoto-PC" time="0.006">
  <properties/>
  <testcase name="testBulkPipelineUpsert" classname="org.elasticsearch.rest.action.document.RestBulkActionTests" time="0.006"/>
  <system-out><![CDATA[[2020-02-16T23:25:17,846][INFO ][o.e.r.a.d.RestBulkActionTests] [testBulkPipelineUpsert] before test
[2020-02-16T23:25:17,851][INFO ][o.e.r.a.d.RestBulkActionTests] [testBulkPipelineUpsert] after test
]]></system-out>
  <system-err><![CDATA[]]></system-err>
</testsuite>
