<?xml version="1.0" encoding="UTF-8"?>
<testsuite name="org.elasticsearch.transport.RemoteClusterAwareClientTests" tests="2" skipped="0" failures="0" errors="0" timestamp="2020-02-16T22:24:45" hostname="Escoto-PC" time="1.983">
  <properties/>
  <testcase name="testSearchShards" classname="org.elasticsearch.transport.RemoteClusterAwareClientTests" time="1.076"/>
  <testcase name="testSearchShardsThreadContextHeader" classname="org.elasticsearch.transport.RemoteClusterAwareClientTests" time="0.906"/>
  <system-out><![CDATA[[2020-02-17T08:24:45,750][INFO ][o.e.t.RemoteClusterAwareClientTests] [testSearchShards] before test
[2020-02-17T08:24:46,115][INFO ][o.e.t.TransportService   ] [testSearchShards] publish_address {127.0.0.1:11600}, bound_addresses {127.0.0.1:11600}, {[::1]:11600}
[2020-02-17T08:24:46,398][INFO ][o.e.t.TransportService   ] [testSearchShards] publish_address {127.0.0.1:11601}, bound_addresses {127.0.0.1:11601}, {[::1]:11601}
[2020-02-17T08:24:46,806][INFO ][o.e.t.TransportService   ] [testSearchShards] publish_address {127.0.0.1:11602}, bound_addresses {127.0.0.1:11602}, {[::1]:11602}
[2020-02-17T08:24:46,823][INFO ][o.e.t.RemoteClusterAwareClientTests] [testSearchShards] after test
[2020-02-17T08:24:46,828][INFO ][o.e.t.RemoteClusterAwareClientTests] [testSearchShardsThreadContextHeader] before test
[2020-02-17T08:24:47,120][INFO ][o.e.t.TransportService   ] [testSearchShardsThreadContextHeader] publish_address {127.0.0.1:11600}, bound_addresses {127.0.0.1:11600}, {[::1]:11600}
[2020-02-17T08:24:47,429][INFO ][o.e.t.TransportService   ] [testSearchShardsThreadContextHeader] publish_address {127.0.0.1:11601}, bound_addresses {127.0.0.1:11601}, {[::1]:11601}
[2020-02-17T08:24:47,721][INFO ][o.e.t.TransportService   ] [testSearchShardsThreadContextHeader] publish_address {127.0.0.1:11602}, bound_addresses {127.0.0.1:11602}, {[::1]:11602}
[2020-02-17T08:24:47,730][INFO ][o.e.t.RemoteClusterAwareClientTests] [testSearchShardsThreadContextHeader] after test
]]></system-out>
  <system-err><![CDATA[]]></system-err>
</testsuite>
