<?xml version="1.0" encoding="UTF-8"?>
<testsuite name="org.elasticsearch.index.mapper.IpFieldMapperTests" tests="8" skipped="0" failures="0" errors="0" timestamp="2020-02-16T22:22:35" hostname="Escoto-PC" time="1.759">
  <properties/>
  <testcase name="testStore" classname="org.elasticsearch.index.mapper.IpFieldMapperTests" time="1.104"/>
  <testcase name="testDefaults" classname="org.elasticsearch.index.mapper.IpFieldMapperTests" time="0.091"/>
  <testcase name="testSerializeDefaults" classname="org.elasticsearch.index.mapper.IpFieldMapperTests" time="0.098"/>
  <testcase name="testNoDocValues" classname="org.elasticsearch.index.mapper.IpFieldMapperTests" time="0.089"/>
  <testcase name="testEmptyName" classname="org.elasticsearch.index.mapper.IpFieldMapperTests" time="0.087"/>
  <testcase name="testIgnoreMalformed" classname="org.elasticsearch.index.mapper.IpFieldMapperTests" time="0.091"/>
  <testcase name="testNotIndexed" classname="org.elasticsearch.index.mapper.IpFieldMapperTests" time="0.09"/>
  <testcase name="testNullValue" classname="org.elasticsearch.index.mapper.IpFieldMapperTests" time="0.108"/>
  <system-out><![CDATA[[2020-02-16T14:22:35,856][INFO ][o.e.e.NodeEnvironment    ] [testStore] using [1] data paths, mounts [[Old HDD (E:)]], net usable_space [89.5gb], net total_space [232.8gb], types [NTFS]
[2020-02-16T14:22:35,857][INFO ][o.e.e.NodeEnvironment    ] [testStore] heap size [512mb], compressed ordinary object pointers [true]
[2020-02-16T14:22:35,859][INFO ][o.e.n.Node               ] [testStore] node name [node_s_0], node ID [U72XXqo6QAul_dD5YsJqbQ], cluster name [single-node-cluster-TEST_WORKER_VM=[13]-CLUSTER_SEED=[-8536259065054170214]-HASH=[140D6D8703D]]
[2020-02-16T14:22:35,859][INFO ][o.e.n.Node               ] [testStore] version[7.5.1], pid[5104], build[unknown/unknown/unknown/unknown], OS[Windows 7/6.1/amd64], JVM[Oracle Corporation/OpenJDK 64-Bit Server VM/12.0.2/12.0.2+10]
[2020-02-16T14:22:35,859][INFO ][o.e.n.Node               ] [testStore] JVM home [C:\Program Files\Java\jdk-12.0.2]
[2020-02-16T14:22:35,859][INFO ][o.e.n.Node               ] [testStore] JVM arguments [-Dcompiler.java=12, -Des.scripting.update.ctx_in_params=false, -Des.transport.cname_in_publish_address=true, -Dgradle.dist.lib=C:\Users\Escoto\.gradle\wrapper\dists\gradle-5.6.2-bin\3clyn6icets6f02ptgd5hlmou\gradle-5.6.2\lib, -Dgradle.user.home=C:\Users\Escoto\.gradle, -Dgradle.worker.jar=C:\Users\Escoto\.gradle/caches/5.6.2/workerMain/gradle-worker.jar, -Dio.netty.noKeySetOptimization=true, -Dio.netty.noUnsafe=true, -Dio.netty.recycler.maxCapacityPerThread=0, -Djava.awt.headless=true, -Djna.nosys=true, -Dorg.gradle.native=false, -Druntime.java=12, -Dtests.artifact=server, -Dtests.gradle=true, -Dtests.logger.level=WARN, -Dtests.security.manager=true, -Dtests.seed=9EA1F2A3814E5F76, -Dtests.task=:server:test, -Dtests.timeoutSuite=1800000!, -esa, --illegal-access=warn, -XX:+HeapDumpOnOutOfMemoryError, -XX:HeapDumpPath=E:\NotD\git\elasticsearch\server\build\heapdump, -Xms512m, -Xmx512m, -Dfile.encoding=windows-1252, -Djava.io.tmpdir=./temp, -Duser.country=US, -Duser.language=en, -Duser.variant, -ea]
[2020-02-16T14:22:35,860][INFO ][o.e.p.PluginsService     ] [testStore] no modules loaded
[2020-02-16T14:22:35,860][INFO ][o.e.p.PluginsService     ] [testStore] loaded plugin [org.elasticsearch.test.InternalSettingsPlugin]
[2020-02-16T14:22:35,860][INFO ][o.e.p.PluginsService     ] [testStore] loaded plugin [org.elasticsearch.test.MockHttpTransport$TestPlugin]
[2020-02-16T14:22:35,860][INFO ][o.e.p.PluginsService     ] [testStore] loaded plugin [org.elasticsearch.transport.nio.MockNioTransportPlugin]
[2020-02-16T14:22:36,085][INFO ][o.e.d.DiscoveryModule    ] [testStore] using discovery type [zen] and seed hosts providers [settings]
[2020-02-16T14:22:36,094][INFO ][o.e.n.Node               ] [testStore] initialized
[2020-02-16T14:22:36,094][INFO ][o.e.n.Node               ] [testStore] starting ...
[2020-02-16T14:22:36,548][INFO ][o.e.t.TransportService   ] [testStore] publish_address {127.0.0.1:11600}, bound_addresses {127.0.0.1:11600}, {[::1]:11600}
[2020-02-16T14:22:36,555][INFO ][o.e.c.c.Coordinator      ] [testStore] setting initial configuration to VotingConfiguration{U72XXqo6QAul_dD5YsJqbQ}
[2020-02-16T14:22:36,624][INFO ][o.e.c.s.MasterService    ] [node_s_0] elected-as-master ([1] nodes joined)[{node_s_0}{U72XXqo6QAul_dD5YsJqbQ}{dVNsB9e0RkyfUsfLi6jfGg}{127.0.0.1}{127.0.0.1:11600}{dim} elect leader, _BECOME_MASTER_TASK_, _FINISH_ELECTION_], term: 1, version: 1, delta: master node changed {previous [], current [{node_s_0}{U72XXqo6QAul_dD5YsJqbQ}{dVNsB9e0RkyfUsfLi6jfGg}{127.0.0.1}{127.0.0.1:11600}{dim}]}
[2020-02-16T14:22:36,651][INFO ][o.e.c.c.CoordinationState] [node_s_0] cluster UUID set to [cl_q3_g9QYOMQXTtBJP4QA]
[2020-02-16T14:22:36,658][INFO ][o.e.c.s.ClusterApplierService] [node_s_0] master node changed {previous [], current [{node_s_0}{U72XXqo6QAul_dD5YsJqbQ}{dVNsB9e0RkyfUsfLi6jfGg}{127.0.0.1}{127.0.0.1:11600}{dim}]}, term: 1, version: 1, reason: Publication{term=1, version=1}
[2020-02-16T14:22:36,679][INFO ][o.e.n.Node               ] [testStore] started
[2020-02-16T14:22:36,687][INFO ][o.e.g.GatewayService     ] [node_s_0] recovered [0] indices into cluster_state
[2020-02-16T14:22:36,689][INFO ][o.e.c.m.MetaDataIndexTemplateService] [node_s_0] adding template [one_shard_index_template] for index patterns [*]
[2020-02-16T14:22:36,742][INFO ][o.e.c.m.MetaDataIndexTemplateService] [node_s_0] adding template [random-soft-deletes-template] for index patterns [*]
[2020-02-16T14:22:36,778][INFO ][o.e.i.m.IpFieldMapperTests] [testStore] before test
[2020-02-16T14:22:36,779][INFO ][o.e.c.m.MetaDataCreateIndexService] [node_s_0] [test] creating index, cause [api], templates [one_shard_index_template, random-soft-deletes-template], shards [1]/[0], mappings []
[2020-02-16T14:22:36,850][INFO ][o.e.c.r.a.AllocationService] [node_s_0] Cluster health status changed from [YELLOW] to [GREEN] (reason: [shards started [[test][0]]]).
[2020-02-16T14:22:36,899][INFO ][o.e.i.m.IpFieldMapperTests] [testStore] after test
[2020-02-16T14:22:36,900][INFO ][o.e.c.m.MetaDataDeleteIndexService] [node_s_0] [test/bOZkfGcrTheLzHauHAQu2A] deleting index
[2020-02-16T14:22:36,946][INFO ][o.e.i.m.IpFieldMapperTests] [testDefaults] before test
[2020-02-16T14:22:36,948][INFO ][o.e.c.m.MetaDataCreateIndexService] [node_s_0] [test] creating index, cause [api], templates [one_shard_index_template, random-soft-deletes-template], shards [1]/[0], mappings []
[2020-02-16T14:22:37,000][INFO ][o.e.c.r.a.AllocationService] [node_s_0] Cluster health status changed from [YELLOW] to [GREEN] (reason: [shards started [[test][0]]]).
[2020-02-16T14:22:37,012][INFO ][o.e.i.m.IpFieldMapperTests] [testDefaults] after test
[2020-02-16T14:22:37,012][INFO ][o.e.c.m.MetaDataDeleteIndexService] [node_s_0] [test/FCx8sslZQ7mCyn_0yQp-KQ] deleting index
[2020-02-16T14:22:37,037][INFO ][o.e.i.m.IpFieldMapperTests] [testSerializeDefaults] before test
[2020-02-16T14:22:37,039][INFO ][o.e.c.m.MetaDataCreateIndexService] [node_s_0] [test] creating index, cause [api], templates [one_shard_index_template, random-soft-deletes-template], shards [1]/[0], mappings []
[2020-02-16T14:22:37,091][INFO ][o.e.c.r.a.AllocationService] [node_s_0] Cluster health status changed from [YELLOW] to [GREEN] (reason: [shards started [[test][0]]]).
[2020-02-16T14:22:37,103][INFO ][o.e.i.m.IpFieldMapperTests] [testSerializeDefaults] after test
[2020-02-16T14:22:37,104][INFO ][o.e.c.m.MetaDataDeleteIndexService] [node_s_0] [test/znPLd1ZOSTuzaTE5kOml-Q] deleting index
[2020-02-16T14:22:37,136][INFO ][o.e.i.m.IpFieldMapperTests] [testNoDocValues] before test
[2020-02-16T14:22:37,137][INFO ][o.e.c.m.MetaDataCreateIndexService] [node_s_0] [test] creating index, cause [api], templates [one_shard_index_template, random-soft-deletes-template], shards [1]/[0], mappings []
[2020-02-16T14:22:37,187][INFO ][o.e.c.r.a.AllocationService] [node_s_0] Cluster health status changed from [YELLOW] to [GREEN] (reason: [shards started [[test][0]]]).
[2020-02-16T14:22:37,200][INFO ][o.e.i.m.IpFieldMapperTests] [testNoDocValues] after test
[2020-02-16T14:22:37,200][INFO ][o.e.c.m.MetaDataDeleteIndexService] [node_s_0] [test/uNzH7Qu0QBmnCPvmooS1TQ] deleting index
[2020-02-16T14:22:37,225][INFO ][o.e.i.m.IpFieldMapperTests] [testEmptyName] before test
[2020-02-16T14:22:37,227][INFO ][o.e.c.m.MetaDataCreateIndexService] [node_s_0] [test] creating index, cause [api], templates [one_shard_index_template, random-soft-deletes-template], shards [1]/[0], mappings []
[2020-02-16T14:22:37,275][INFO ][o.e.c.r.a.AllocationService] [node_s_0] Cluster health status changed from [YELLOW] to [GREEN] (reason: [shards started [[test][0]]]).
[2020-02-16T14:22:37,285][INFO ][o.e.i.m.IpFieldMapperTests] [testEmptyName] after test
[2020-02-16T14:22:37,285][INFO ][o.e.c.m.MetaDataDeleteIndexService] [node_s_0] [test/m6RwISN3SJ-tSGgFlD12Ug] deleting index
[2020-02-16T14:22:37,313][INFO ][o.e.i.m.IpFieldMapperTests] [testIgnoreMalformed] before test
[2020-02-16T14:22:37,314][INFO ][o.e.c.m.MetaDataCreateIndexService] [node_s_0] [test] creating index, cause [api], templates [one_shard_index_template, random-soft-deletes-template], shards [1]/[0], mappings []
[2020-02-16T14:22:37,364][INFO ][o.e.c.r.a.AllocationService] [node_s_0] Cluster health status changed from [YELLOW] to [GREEN] (reason: [shards started [[test][0]]]).
[2020-02-16T14:22:37,375][INFO ][o.e.i.m.IpFieldMapperTests] [testIgnoreMalformed] after test
[2020-02-16T14:22:37,375][INFO ][o.e.c.m.MetaDataDeleteIndexService] [node_s_0] [test/JCe-HrMTQiOb4Z4-AZa1tQ] deleting index
[2020-02-16T14:22:37,403][INFO ][o.e.i.m.IpFieldMapperTests] [testNotIndexed] before test
[2020-02-16T14:22:37,404][INFO ][o.e.c.m.MetaDataCreateIndexService] [node_s_0] [test] creating index, cause [api], templates [one_shard_index_template, random-soft-deletes-template], shards [1]/[0], mappings []
[2020-02-16T14:22:37,457][INFO ][o.e.c.r.a.AllocationService] [node_s_0] Cluster health status changed from [YELLOW] to [GREEN] (reason: [shards started [[test][0]]]).
[2020-02-16T14:22:37,467][INFO ][o.e.i.m.IpFieldMapperTests] [testNotIndexed] after test
[2020-02-16T14:22:37,467][INFO ][o.e.c.m.MetaDataDeleteIndexService] [node_s_0] [test/0_as-NtAR2Gqd4YDHdR2NQ] deleting index
[2020-02-16T14:22:37,493][INFO ][o.e.i.m.IpFieldMapperTests] [testNullValue] before test
[2020-02-16T14:22:37,494][INFO ][o.e.c.m.MetaDataCreateIndexService] [node_s_0] [test] creating index, cause [api], templates [one_shard_index_template, random-soft-deletes-template], shards [1]/[0], mappings []
[2020-02-16T14:22:37,545][INFO ][o.e.c.r.a.AllocationService] [node_s_0] Cluster health status changed from [YELLOW] to [GREEN] (reason: [shards started [[test][0]]]).
[2020-02-16T14:22:37,561][INFO ][o.e.i.m.IpFieldMapperTests] [testNullValue] after test
[2020-02-16T14:22:37,561][INFO ][o.e.c.m.MetaDataDeleteIndexService] [node_s_0] [test/WU30KeY-SWmwaBlfPql2CA] deleting index
[2020-02-16T14:22:37,598][INFO ][o.e.n.Node               ] [suite] stopping ...
[2020-02-16T14:22:37,601][INFO ][o.e.n.Node               ] [suite] stopped
[2020-02-16T14:22:37,601][INFO ][o.e.n.Node               ] [suite] closing ...
[2020-02-16T14:22:37,601][INFO ][o.e.n.Node               ] [suite] closed
]]></system-out>
  <system-err><![CDATA[]]></system-err>
</testsuite>
