<?xml version="1.0" encoding="UTF-8"?>
<testsuite name="org.elasticsearch.search.aggregations.metrics.PercentilesMethodTests" tests="4" skipped="0" failures="0" errors="0" timestamp="2020-02-16T22:25:32" hostname="Escoto-PC" time="0.01">
  <properties/>
  <testcase name="testwriteTo" classname="org.elasticsearch.search.aggregations.metrics.PercentilesMethodTests" time="0.003"/>
  <testcase name="testInvalidReadFrom" classname="org.elasticsearch.search.aggregations.metrics.PercentilesMethodTests" time="0.003"/>
  <testcase name="testReadFrom" classname="org.elasticsearch.search.aggregations.metrics.PercentilesMethodTests" time="0.002"/>
  <testcase name="testValidOrdinals" classname="org.elasticsearch.search.aggregations.metrics.PercentilesMethodTests" time="0.001"/>
  <system-out><![CDATA[[2020-02-17T00:25:32,645][INFO ][o.e.s.a.m.PercentilesMethodTests] [testwriteTo] before test
[2020-02-17T00:25:32,646][INFO ][o.e.s.a.m.PercentilesMethodTests] [testwriteTo] after test
[2020-02-17T00:25:32,648][INFO ][o.e.s.a.m.PercentilesMethodTests] [testInvalidReadFrom] before test
[2020-02-17T00:25:32,648][INFO ][o.e.s.a.m.PercentilesMethodTests] [testInvalidReadFrom] after test
[2020-02-17T00:25:32,651][INFO ][o.e.s.a.m.PercentilesMethodTests] [testReadFrom] before test
[2020-02-17T00:25:32,651][INFO ][o.e.s.a.m.PercentilesMethodTests] [testReadFrom] after test
[2020-02-17T00:25:32,652][INFO ][o.e.s.a.m.PercentilesMethodTests] [testValidOrdinals] before test
[2020-02-17T00:25:32,653][INFO ][o.e.s.a.m.PercentilesMethodTests] [testValidOrdinals] after test
]]></system-out>
  <system-err><![CDATA[]]></system-err>
</testsuite>
