<?xml version="1.0" encoding="UTF-8"?>
<testsuite name="org.elasticsearch.index.query.QueryShardContextTests" tests="3" skipped="0" failures="0" errors="0" timestamp="2020-02-16T22:23:38" hostname="Escoto-PC" time="0.011">
  <properties/>
  <testcase name="testFailIfFieldMappingNotFound" classname="org.elasticsearch.index.query.QueryShardContextTests" time="0.006"/>
  <testcase name="testClusterAlias" classname="org.elasticsearch.index.query.QueryShardContextTests" time="0.003"/>
  <testcase name="testGetFullyQualifiedIndex" classname="org.elasticsearch.index.query.QueryShardContextTests" time="0.002"/>
  <system-out><![CDATA[[2020-02-16T18:23:38,726][INFO ][o.e.i.q.QueryShardContextTests] [testFailIfFieldMappingNotFound] before test
[2020-02-16T18:23:38,729][INFO ][o.e.i.q.QueryShardContextTests] [testFailIfFieldMappingNotFound] after test
[2020-02-16T18:23:38,731][INFO ][o.e.i.q.QueryShardContextTests] [testClusterAlias] before test
[2020-02-16T18:23:38,732][INFO ][o.e.i.q.QueryShardContextTests] [testClusterAlias] after test
[2020-02-16T18:23:38,733][INFO ][o.e.i.q.QueryShardContextTests] [testGetFullyQualifiedIndex] before test
[2020-02-16T18:23:38,734][INFO ][o.e.i.q.QueryShardContextTests] [testGetFullyQualifiedIndex] after test
]]></system-out>
  <system-err><![CDATA[]]></system-err>
</testsuite>
