<?xml version="1.0" encoding="UTF-8"?>
<testsuite name="org.elasticsearch.common.geo.GeometryParserTests" tests="4" skipped="0" failures="0" errors="0" timestamp="2020-02-16T22:20:45" hostname="Escoto-PC" time="0.032">
  <properties/>
  <testcase name="testWKTParsing" classname="org.elasticsearch.common.geo.GeometryParserTests" time="0.006"/>
  <testcase name="testGeoJsonParsing" classname="org.elasticsearch.common.geo.GeometryParserTests" time="0.022"/>
  <testcase name="testNullParsing" classname="org.elasticsearch.common.geo.GeometryParserTests" time="0.002"/>
  <testcase name="testUnsupportedValueParsing" classname="org.elasticsearch.common.geo.GeometryParserTests" time="0.002"/>
  <system-out><![CDATA[[2020-02-16T22:20:45,179][INFO ][o.e.c.g.GeometryParserTests] [testWKTParsing] before test
[2020-02-16T22:20:45,180][INFO ][o.e.c.g.GeometryParserTests] [testWKTParsing] after test
[2020-02-16T22:20:45,202][INFO ][o.e.c.g.GeometryParserTests] [testGeoJsonParsing] before test
[2020-02-16T22:20:45,203][INFO ][o.e.c.g.GeometryParserTests] [testGeoJsonParsing] after test
[2020-02-16T22:20:45,205][INFO ][o.e.c.g.GeometryParserTests] [testNullParsing] before test
[2020-02-16T22:20:45,205][INFO ][o.e.c.g.GeometryParserTests] [testNullParsing] after test
[2020-02-16T22:20:45,207][INFO ][o.e.c.g.GeometryParserTests] [testUnsupportedValueParsing] before test
[2020-02-16T22:20:45,207][INFO ][o.e.c.g.GeometryParserTests] [testUnsupportedValueParsing] after test
]]></system-out>
  <system-err><![CDATA[]]></system-err>
</testsuite>
