<?xml version="1.0" encoding="UTF-8"?>
<testsuite name="org.elasticsearch.persistent.StartPersistentActionRequestTests" tests="2" skipped="0" failures="0" errors="0" timestamp="2020-02-16T22:25:15" hostname="Escoto-PC" time="0.006">
  <properties/>
  <testcase name="testEqualsAndHashcode" classname="org.elasticsearch.persistent.StartPersistentActionRequestTests" time="0.004"/>
  <testcase name="testSerialization" classname="org.elasticsearch.persistent.StartPersistentActionRequestTests" time="0.002"/>
  <system-out><![CDATA[[2020-02-16T16:25:15,623][INFO ][o.e.p.StartPersistentActionRequestTests] [testEqualsAndHashcode] before test
[2020-02-16T16:25:15,626][INFO ][o.e.p.StartPersistentActionRequestTests] [testEqualsAndHashcode] after test
[2020-02-16T16:25:15,628][INFO ][o.e.p.StartPersistentActionRequestTests] [testSerialization] before test
[2020-02-16T16:25:15,628][INFO ][o.e.p.StartPersistentActionRequestTests] [testSerialization] after test
]]></system-out>
  <system-err><![CDATA[]]></system-err>
</testsuite>
