<?xml version="1.0" encoding="UTF-8"?>
<testsuite name="org.elasticsearch.index.mapper.GenericStoreDynamicTemplateTests" tests="1" skipped="0" failures="0" errors="0" timestamp="2020-02-16T22:22:33" hostname="Escoto-PC" time="0.678">
  <properties/>
  <testcase name="testSimple" classname="org.elasticsearch.index.mapper.GenericStoreDynamicTemplateTests" time="0.678"/>
  <system-out><![CDATA[[2020-02-17T07:22:33,885][INFO ][o.e.e.NodeEnvironment    ] [testSimple] using [1] data paths, mounts [[Old HDD (E:)]], net usable_space [89.5gb], net total_space [232.8gb], types [NTFS]
[2020-02-17T07:22:33,885][INFO ][o.e.e.NodeEnvironment    ] [testSimple] heap size [512mb], compressed ordinary object pointers [true]
[2020-02-17T07:22:33,887][INFO ][o.e.n.Node               ] [testSimple] node name [node_s_0], node ID [LpDE9XTNRFSxRP_seHl75g], cluster name [single-node-cluster-TEST_WORKER_VM=[13]-CLUSTER_SEED=[5427835797804357678]-HASH=[140615FF0F4]]
[2020-02-17T07:22:33,887][INFO ][o.e.n.Node               ] [testSimple] version[7.5.1], pid[5104], build[unknown/unknown/unknown/unknown], OS[Windows 7/6.1/amd64], JVM[Oracle Corporation/OpenJDK 64-Bit Server VM/12.0.2/12.0.2+10]
[2020-02-17T07:22:33,887][INFO ][o.e.n.Node               ] [testSimple] JVM home [C:\Program Files\Java\jdk-12.0.2]
[2020-02-17T07:22:33,887][INFO ][o.e.n.Node               ] [testSimple] JVM arguments [-Dcompiler.java=12, -Des.scripting.update.ctx_in_params=false, -Des.transport.cname_in_publish_address=true, -Dgradle.dist.lib=C:\Users\Escoto\.gradle\wrapper\dists\gradle-5.6.2-bin\3clyn6icets6f02ptgd5hlmou\gradle-5.6.2\lib, -Dgradle.user.home=C:\Users\Escoto\.gradle, -Dgradle.worker.jar=C:\Users\Escoto\.gradle/caches/5.6.2/workerMain/gradle-worker.jar, -Dio.netty.noKeySetOptimization=true, -Dio.netty.noUnsafe=true, -Dio.netty.recycler.maxCapacityPerThread=0, -Djava.awt.headless=true, -Djna.nosys=true, -Dorg.gradle.native=false, -Druntime.java=12, -Dtests.artifact=server, -Dtests.gradle=true, -Dtests.logger.level=WARN, -Dtests.security.manager=true, -Dtests.seed=9EA1F2A3814E5F76, -Dtests.task=:server:test, -Dtests.timeoutSuite=1800000!, -esa, --illegal-access=warn, -XX:+HeapDumpOnOutOfMemoryError, -XX:HeapDumpPath=E:\NotD\git\elasticsearch\server\build\heapdump, -Xms512m, -Xmx512m, -Dfile.encoding=windows-1252, -Djava.io.tmpdir=./temp, -Duser.country=US, -Duser.language=en, -Duser.variant, -ea]
[2020-02-17T07:22:33,888][INFO ][o.e.p.PluginsService     ] [testSimple] no modules loaded
[2020-02-17T07:22:33,888][INFO ][o.e.p.PluginsService     ] [testSimple] loaded plugin [org.elasticsearch.test.MockHttpTransport$TestPlugin]
[2020-02-17T07:22:33,888][INFO ][o.e.p.PluginsService     ] [testSimple] loaded plugin [org.elasticsearch.transport.nio.MockNioTransportPlugin]
[2020-02-17T07:22:34,078][INFO ][o.e.d.DiscoveryModule    ] [testSimple] using discovery type [zen] and seed hosts providers [settings]
[2020-02-17T07:22:34,085][INFO ][o.e.n.Node               ] [testSimple] initialized
[2020-02-17T07:22:34,085][INFO ][o.e.n.Node               ] [testSimple] starting ...
[2020-02-17T07:22:34,335][INFO ][o.e.t.TransportService   ] [testSimple] publish_address {127.0.0.1:11600}, bound_addresses {127.0.0.1:11600}, {[::1]:11600}
[2020-02-17T07:22:34,341][INFO ][o.e.c.c.Coordinator      ] [testSimple] setting initial configuration to VotingConfiguration{LpDE9XTNRFSxRP_seHl75g}
[2020-02-17T07:22:34,382][INFO ][o.e.c.s.MasterService    ] [node_s_0] elected-as-master ([1] nodes joined)[{node_s_0}{LpDE9XTNRFSxRP_seHl75g}{FWnR7YwaQ7OlytQeXIUMBw}{127.0.0.1}{127.0.0.1:11600}{dim} elect leader, _BECOME_MASTER_TASK_, _FINISH_ELECTION_], term: 1, version: 1, delta: master node changed {previous [], current [{node_s_0}{LpDE9XTNRFSxRP_seHl75g}{FWnR7YwaQ7OlytQeXIUMBw}{127.0.0.1}{127.0.0.1:11600}{dim}]}
[2020-02-17T07:22:34,388][INFO ][o.e.c.c.CoordinationState] [node_s_0] cluster UUID set to [qEXJ_yU4QySzlK2gZPdoLw]
[2020-02-17T07:22:34,394][INFO ][o.e.c.s.ClusterApplierService] [node_s_0] master node changed {previous [], current [{node_s_0}{LpDE9XTNRFSxRP_seHl75g}{FWnR7YwaQ7OlytQeXIUMBw}{127.0.0.1}{127.0.0.1:11600}{dim}]}, term: 1, version: 1, reason: Publication{term=1, version=1}
[2020-02-17T07:22:34,394][INFO ][o.e.n.Node               ] [testSimple] started
[2020-02-17T07:22:34,398][INFO ][o.e.g.GatewayService     ] [node_s_0] recovered [0] indices into cluster_state
[2020-02-17T07:22:34,399][INFO ][o.e.c.m.MetaDataIndexTemplateService] [node_s_0] adding template [one_shard_index_template] for index patterns [*]
[2020-02-17T07:22:34,407][INFO ][o.e.c.m.MetaDataIndexTemplateService] [node_s_0] adding template [random-soft-deletes-template] for index patterns [*]
[2020-02-17T07:22:34,414][INFO ][o.e.i.m.GenericStoreDynamicTemplateTests] [testSimple] before test
[2020-02-17T07:22:34,417][INFO ][o.e.c.m.MetaDataCreateIndexService] [node_s_0] [test] creating index, cause [api], templates [one_shard_index_template, random-soft-deletes-template], shards [1]/[0], mappings []
[2020-02-17T07:22:34,462][INFO ][o.e.c.r.a.AllocationService] [node_s_0] Cluster health status changed from [YELLOW] to [GREEN] (reason: [shards started [[test][0]]]).
[2020-02-17T07:22:34,471][INFO ][o.e.c.m.MetaDataMappingService] [node_s_0] [test/34qU5WRpRuCTNkGZHRbprQ] create_mapping [person]
[2020-02-17T07:22:34,481][INFO ][o.e.c.m.MetaDataMappingService] [node_s_0] [test/34qU5WRpRuCTNkGZHRbprQ] update_mapping [person]
[2020-02-17T07:22:34,490][INFO ][o.e.i.m.GenericStoreDynamicTemplateTests] [testSimple] after test
[2020-02-17T07:22:34,490][INFO ][o.e.c.m.MetaDataDeleteIndexService] [node_s_0] [test/34qU5WRpRuCTNkGZHRbprQ] deleting index
[2020-02-17T07:22:34,547][INFO ][o.e.n.Node               ] [suite] stopping ...
[2020-02-17T07:22:34,548][INFO ][o.e.n.Node               ] [suite] stopped
[2020-02-17T07:22:34,548][INFO ][o.e.n.Node               ] [suite] closing ...
[2020-02-17T07:22:34,549][INFO ][o.e.n.Node               ] [suite] closed
]]></system-out>
  <system-err><![CDATA[]]></system-err>
</testsuite>
