<?xml version="1.0" encoding="UTF-8"?>
<testsuite name="org.elasticsearch.search.aggregations.MultiBucketAggregatorWrapperTests" tests="1" skipped="0" failures="0" errors="0" timestamp="2020-02-16T22:24:27" hostname="Escoto-PC" time="0.015">
  <properties/>
  <testcase name="testNoNullScorerIsDelegated" classname="org.elasticsearch.search.aggregations.MultiBucketAggregatorWrapperTests" time="0.015"/>
  <system-out><![CDATA[[2020-02-16T13:24:27,649][INFO ][o.e.s.a.MultiBucketAggregatorWrapperTests] [testNoNullScorerIsDelegated] before test
[2020-02-16T13:24:27,662][INFO ][o.e.s.a.MultiBucketAggregatorWrapperTests] [testNoNullScorerIsDelegated] after test
]]></system-out>
  <system-err><![CDATA[]]></system-err>
</testsuite>
