<?xml version="1.0" encoding="UTF-8"?>
<testsuite name="org.elasticsearch.indices.NodeIndicesStatsTests" tests="1" skipped="0" failures="0" errors="0" timestamp="2020-02-16T22:24:55" hostname="Escoto-PC" time="0.003">
  <properties/>
  <testcase name="testInvalidLevel" classname="org.elasticsearch.indices.NodeIndicesStatsTests" time="0.003"/>
  <system-out><![CDATA[[2020-02-17T10:24:55,894][INFO ][o.e.i.NodeIndicesStatsTests] [testInvalidLevel] before test
[2020-02-17T10:24:55,896][INFO ][o.e.i.NodeIndicesStatsTests] [testInvalidLevel] after test
]]></system-out>
  <system-err><![CDATA[]]></system-err>
</testsuite>
