<?xml version="1.0" encoding="UTF-8"?>
<testsuite name="org.elasticsearch.search.aggregations.pipeline.BucketHelpersTests" tests="2" skipped="0" failures="0" errors="0" timestamp="2020-02-16T22:24:27" hostname="Escoto-PC" time="0.018">
  <properties/>
  <testcase name="testReturnMultiValueObject" classname="org.elasticsearch.search.aggregations.pipeline.BucketHelpersTests" time="0.013"/>
  <testcase name="testReturnsObjectArray" classname="org.elasticsearch.search.aggregations.pipeline.BucketHelpersTests" time="0.005"/>
  <system-out><![CDATA[[2020-02-17T07:09:27,794][INFO ][o.e.s.a.p.BucketHelpersTests] [testReturnMultiValueObject] before test
[2020-02-17T07:09:27,804][INFO ][o.e.s.a.p.BucketHelpersTests] [testReturnMultiValueObject] after test
[2020-02-17T07:09:27,809][INFO ][o.e.s.a.p.BucketHelpersTests] [testReturnsObjectArray] before test
[2020-02-17T07:09:27,809][INFO ][o.e.s.a.p.BucketHelpersTests] [testReturnsObjectArray] after test
]]></system-out>
  <system-err><![CDATA[]]></system-err>
</testsuite>
