<?xml version="1.0" encoding="UTF-8"?>
<testsuite name="org.elasticsearch.plugins.PluginsTests" tests="2" skipped="0" failures="0" errors="0" timestamp="2020-02-16T22:25:16" hostname="Escoto-PC" time="0.004">
  <properties/>
  <testcase name="testMakePlatformName" classname="org.elasticsearch.plugins.PluginsTests" time="0.002"/>
  <testcase name="testMakeSpecificPlatformNames" classname="org.elasticsearch.plugins.PluginsTests" time="0.002"/>
  <system-out><![CDATA[[2020-02-17T10:25:16,133][INFO ][o.e.p.PluginsTests       ] [testMakePlatformName] before test
[2020-02-17T10:25:16,134][INFO ][o.e.p.PluginsTests       ] [testMakePlatformName] after test
[2020-02-17T10:25:16,135][INFO ][o.e.p.PluginsTests       ] [testMakeSpecificPlatformNames] before test
[2020-02-17T10:25:16,135][INFO ][o.e.p.PluginsTests       ] [testMakeSpecificPlatformNames] after test
]]></system-out>
  <system-err><![CDATA[]]></system-err>
</testsuite>
