<?xml version="1.0" encoding="UTF-8"?>
<testsuite name="org.elasticsearch.rest.action.admin.indices.RestClearIndicesCacheActionTests" tests="1" skipped="0" failures="0" errors="0" timestamp="2020-02-16T22:24:04" hostname="Escoto-PC" time="0.002">
  <properties/>
  <testcase name="testRequestCacheSet" classname="org.elasticsearch.rest.action.admin.indices.RestClearIndicesCacheActionTests" time="0.002"/>
  <system-out><![CDATA[[2020-02-17T01:24:04,627][INFO ][o.e.r.a.a.i.RestClearIndicesCacheActionTests] [testRequestCacheSet] before test
[2020-02-17T01:24:04,629][INFO ][o.e.r.a.a.i.RestClearIndicesCacheActionTests] [testRequestCacheSet] after test
]]></system-out>
  <system-err><![CDATA[]]></system-err>
</testsuite>
