<?xml version="1.0" encoding="UTF-8"?>
<testsuite name="org.elasticsearch.monitor.jvm.JvmInfoTests" tests="1" skipped="0" failures="0" errors="0" timestamp="2020-02-16T22:24:01" hostname="Escoto-PC" time="0.003">
  <properties/>
  <testcase name="testUseG1GC" classname="org.elasticsearch.monitor.jvm.JvmInfoTests" time="0.003"/>
  <system-out><![CDATA[[2020-02-16T23:24:01,301][INFO ][o.e.m.j.JvmInfoTests     ] [testUseG1GC] before test
[2020-02-16T23:24:01,303][INFO ][o.e.m.j.JvmInfoTests     ] [testUseG1GC] after test
]]></system-out>
  <system-err><![CDATA[]]></system-err>
</testsuite>
