<?xml version="1.0" encoding="UTF-8"?>
<testsuite name="org.elasticsearch.env.EnvironmentTests" tests="12" skipped="0" failures="0" errors="0" timestamp="2020-02-16T22:22:19" hostname="Escoto-PC" time="0.083">
  <properties/>
  <testcase name="testPathLogsWhenNotSet" classname="org.elasticsearch.env.EnvironmentTests" time="0.006"/>
  <testcase name="testNodeDoesNotRequireLocalStorageButHasPathData" classname="org.elasticsearch.env.EnvironmentTests" time="0.005"/>
  <testcase name="testTempPathValidationWhenRegularFile" classname="org.elasticsearch.env.EnvironmentTests" time="0.005"/>
  <testcase name="testRepositoryResolution" classname="org.elasticsearch.env.EnvironmentTests" time="0.015"/>
  <testcase name="testConfigPathWhenNotSet" classname="org.elasticsearch.env.EnvironmentTests" time="0.004"/>
  <testcase name="testPathDataWhenNotSet" classname="org.elasticsearch.env.EnvironmentTests" time="0.009"/>
  <testcase name="testNodeDoesNotRequireLocalStorage" classname="org.elasticsearch.env.EnvironmentTests" time="0.008"/>
  <testcase name="testPathNormalization" classname="org.elasticsearch.env.EnvironmentTests" time="0.008"/>
  <testcase name="testDefaultConfigPath" classname="org.elasticsearch.env.EnvironmentTests" time="0.006"/>
  <testcase name="testPathDataNotSetInEnvironmentIfNotSet" classname="org.elasticsearch.env.EnvironmentTests" time="0.003"/>
  <testcase name="testConfigPath" classname="org.elasticsearch.env.EnvironmentTests" time="0.005"/>
  <testcase name="testNonExistentTempPathValidation" classname="org.elasticsearch.env.EnvironmentTests" time="0.009"/>
  <system-out><![CDATA[[2020-02-17T03:52:19,113][INFO ][o.e.e.EnvironmentTests   ] [testPathLogsWhenNotSet] before test
[2020-02-17T03:52:19,117][INFO ][o.e.e.EnvironmentTests   ] [testPathLogsWhenNotSet] after test
[2020-02-17T03:52:19,120][INFO ][o.e.e.EnvironmentTests   ] [testNodeDoesNotRequireLocalStorageButHasPathData] before test
[2020-02-17T03:52:19,122][INFO ][o.e.e.EnvironmentTests   ] [testNodeDoesNotRequireLocalStorageButHasPathData] after test
[2020-02-17T03:52:19,125][INFO ][o.e.e.EnvironmentTests   ] [testTempPathValidationWhenRegularFile] before test
[2020-02-17T03:52:19,127][INFO ][o.e.e.EnvironmentTests   ] [testTempPathValidationWhenRegularFile] after test
[2020-02-17T03:52:19,130][INFO ][o.e.e.EnvironmentTests   ] [testRepositoryResolution] before test
[2020-02-17T03:52:19,142][INFO ][o.e.e.EnvironmentTests   ] [testRepositoryResolution] after test
[2020-02-17T03:52:19,145][INFO ][o.e.e.EnvironmentTests   ] [testConfigPathWhenNotSet] before test
[2020-02-17T03:52:19,146][INFO ][o.e.e.EnvironmentTests   ] [testConfigPathWhenNotSet] after test
[2020-02-17T03:52:19,153][INFO ][o.e.e.EnvironmentTests   ] [testPathDataWhenNotSet] before test
[2020-02-17T03:52:19,155][INFO ][o.e.e.EnvironmentTests   ] [testPathDataWhenNotSet] after test
[2020-02-17T03:52:19,161][INFO ][o.e.e.EnvironmentTests   ] [testNodeDoesNotRequireLocalStorage] before test
[2020-02-17T03:52:19,163][INFO ][o.e.e.EnvironmentTests   ] [testNodeDoesNotRequireLocalStorage] after test
[2020-02-17T03:52:19,167][INFO ][o.e.e.EnvironmentTests   ] [testPathNormalization] before test
[2020-02-17T03:52:19,170][WARN ][o.e.d.c.s.Settings       ] [testPathNormalization] [pidfile] setting was deprecated in Elasticsearch and will be removed in a future release! See the breaking changes documentation for the next major version.
[2020-02-17T03:52:19,171][INFO ][o.e.e.EnvironmentTests   ] [testPathNormalization] after test
[2020-02-17T03:52:19,175][INFO ][o.e.e.EnvironmentTests   ] [testDefaultConfigPath] before test
[2020-02-17T03:52:19,177][INFO ][o.e.e.EnvironmentTests   ] [testDefaultConfigPath] after test
[2020-02-17T03:52:19,179][INFO ][o.e.e.EnvironmentTests   ] [testPathDataNotSetInEnvironmentIfNotSet] before test
[2020-02-17T03:52:19,180][INFO ][o.e.e.EnvironmentTests   ] [testPathDataNotSetInEnvironmentIfNotSet] after test
[2020-02-17T03:52:19,182][INFO ][o.e.e.EnvironmentTests   ] [testConfigPath] before test
[2020-02-17T03:52:19,185][INFO ][o.e.e.EnvironmentTests   ] [testConfigPath] after test
[2020-02-17T03:52:19,187][INFO ][o.e.e.EnvironmentTests   ] [testNonExistentTempPathValidation] before test
[2020-02-17T03:52:19,194][INFO ][o.e.e.EnvironmentTests   ] [testNonExistentTempPathValidation] after test
]]></system-out>
  <system-err><![CDATA[]]></system-err>
</testsuite>
