<?xml version="1.0" encoding="UTF-8"?>
<testsuite name="org.elasticsearch.index.query.RangeQueryRewriteTests" tests="3" skipped="0" failures="0" errors="0" timestamp="2020-02-16T22:23:39" hostname="Escoto-PC" time="1.421">
  <properties/>
  <testcase name="testRewriteMissingField" classname="org.elasticsearch.index.query.RangeQueryRewriteTests" time="1.249"/>
  <testcase name="testRewriteEmptyReader" classname="org.elasticsearch.index.query.RangeQueryRewriteTests" time="0.086"/>
  <testcase name="testRewriteMissingReader" classname="org.elasticsearch.index.query.RangeQueryRewriteTests" time="0.086"/>
  <system-out><![CDATA[[2020-02-16T23:23:39,477][INFO ][o.e.e.NodeEnvironment    ] [testRewriteMissingField] using [1] data paths, mounts [[Old HDD (E:)]], net usable_space [89.5gb], net total_space [232.8gb], types [NTFS]
[2020-02-16T23:23:39,479][INFO ][o.e.e.NodeEnvironment    ] [testRewriteMissingField] heap size [512mb], compressed ordinary object pointers [true]
[2020-02-16T23:23:39,483][INFO ][o.e.n.Node               ] [testRewriteMissingField] node name [node_s_0], node ID [Kp9fdET9Sm23gx4dzOdH7w], cluster name [single-node-cluster-TEST_WORKER_VM=[12]-CLUSTER_SEED=[3617417513737097242]-HASH=[14FA6E3C320]]
[2020-02-16T23:23:39,483][INFO ][o.e.n.Node               ] [testRewriteMissingField] version[7.5.1], pid[2148], build[unknown/unknown/unknown/unknown], OS[Windows 7/6.1/amd64], JVM[Oracle Corporation/OpenJDK 64-Bit Server VM/12.0.2/12.0.2+10]
[2020-02-16T23:23:39,483][INFO ][o.e.n.Node               ] [testRewriteMissingField] JVM home [C:\Program Files\Java\jdk-12.0.2]
[2020-02-16T23:23:39,483][INFO ][o.e.n.Node               ] [testRewriteMissingField] JVM arguments [-Dcompiler.java=12, -Des.scripting.update.ctx_in_params=false, -Des.transport.cname_in_publish_address=true, -Dgradle.dist.lib=C:\Users\Escoto\.gradle\wrapper\dists\gradle-5.6.2-bin\3clyn6icets6f02ptgd5hlmou\gradle-5.6.2\lib, -Dgradle.user.home=C:\Users\Escoto\.gradle, -Dgradle.worker.jar=C:\Users\Escoto\.gradle/caches/5.6.2/workerMain/gradle-worker.jar, -Dio.netty.noKeySetOptimization=true, -Dio.netty.noUnsafe=true, -Dio.netty.recycler.maxCapacityPerThread=0, -Djava.awt.headless=true, -Djna.nosys=true, -Dorg.gradle.native=false, -Druntime.java=12, -Dtests.artifact=server, -Dtests.gradle=true, -Dtests.logger.level=WARN, -Dtests.security.manager=true, -Dtests.seed=9EA1F2A3814E5F76, -Dtests.task=:server:test, -Dtests.timeoutSuite=1800000!, -esa, --illegal-access=warn, -XX:+HeapDumpOnOutOfMemoryError, -XX:HeapDumpPath=E:\NotD\git\elasticsearch\server\build\heapdump, -Xms512m, -Xmx512m, -Dfile.encoding=windows-1252, -Djava.io.tmpdir=./temp, -Duser.country=US, -Duser.language=en, -Duser.variant, -ea]
[2020-02-16T23:23:39,483][INFO ][o.e.p.PluginsService     ] [testRewriteMissingField] no modules loaded
[2020-02-16T23:23:39,483][INFO ][o.e.p.PluginsService     ] [testRewriteMissingField] loaded plugin [org.elasticsearch.test.MockHttpTransport$TestPlugin]
[2020-02-16T23:23:39,483][INFO ][o.e.p.PluginsService     ] [testRewriteMissingField] loaded plugin [org.elasticsearch.transport.nio.MockNioTransportPlugin]
[2020-02-16T23:23:39,726][INFO ][o.e.d.DiscoveryModule    ] [testRewriteMissingField] using discovery type [zen] and seed hosts providers [settings]
[2020-02-16T23:23:39,734][INFO ][o.e.n.Node               ] [testRewriteMissingField] initialized
[2020-02-16T23:23:39,734][INFO ][o.e.n.Node               ] [testRewriteMissingField] starting ...
[2020-02-16T23:23:40,551][INFO ][o.e.t.TransportService   ] [testRewriteMissingField] publish_address {127.0.0.1:11500}, bound_addresses {127.0.0.1:11500}, {[::1]:11500}
[2020-02-16T23:23:40,558][INFO ][o.e.c.c.Coordinator      ] [testRewriteMissingField] setting initial configuration to VotingConfiguration{Kp9fdET9Sm23gx4dzOdH7w}
[2020-02-16T23:23:40,590][INFO ][o.e.c.s.MasterService    ] [node_s_0] elected-as-master ([1] nodes joined)[{node_s_0}{Kp9fdET9Sm23gx4dzOdH7w}{G9io0qMQQUiyN4wrQ2EVbA}{127.0.0.1}{127.0.0.1:11500}{dim} elect leader, _BECOME_MASTER_TASK_, _FINISH_ELECTION_], term: 1, version: 1, delta: master node changed {previous [], current [{node_s_0}{Kp9fdET9Sm23gx4dzOdH7w}{G9io0qMQQUiyN4wrQ2EVbA}{127.0.0.1}{127.0.0.1:11500}{dim}]}
[2020-02-16T23:23:40,600][INFO ][o.e.c.c.CoordinationState] [node_s_0] cluster UUID set to [hVT9fi4RRx2-yxSjiI0IBQ]
[2020-02-16T23:23:40,606][INFO ][o.e.c.s.ClusterApplierService] [node_s_0] master node changed {previous [], current [{node_s_0}{Kp9fdET9Sm23gx4dzOdH7w}{G9io0qMQQUiyN4wrQ2EVbA}{127.0.0.1}{127.0.0.1:11500}{dim}]}, term: 1, version: 1, reason: Publication{term=1, version=1}
[2020-02-16T23:23:40,607][INFO ][o.e.n.Node               ] [testRewriteMissingField] started
[2020-02-16T23:23:40,612][INFO ][o.e.g.GatewayService     ] [node_s_0] recovered [0] indices into cluster_state
[2020-02-16T23:23:40,613][INFO ][o.e.c.m.MetaDataIndexTemplateService] [node_s_0] adding template [one_shard_index_template] for index patterns [*]
[2020-02-16T23:23:40,621][INFO ][o.e.c.m.MetaDataIndexTemplateService] [node_s_0] adding template [random-soft-deletes-template] for index patterns [*]
[2020-02-16T23:23:40,628][INFO ][o.e.i.q.RangeQueryRewriteTests] [testRewriteMissingField] before test
[2020-02-16T23:23:40,629][INFO ][o.e.c.m.MetaDataCreateIndexService] [node_s_0] [test] creating index, cause [api], templates [random-soft-deletes-template, one_shard_index_template], shards [1]/[0], mappings []
[2020-02-16T23:23:40,679][INFO ][o.e.c.r.a.AllocationService] [node_s_0] Cluster health status changed from [YELLOW] to [GREEN] (reason: [shards started [[test][0]]]).
[2020-02-16T23:23:40,688][INFO ][o.e.i.q.RangeQueryRewriteTests] [testRewriteMissingField] after test
[2020-02-16T23:23:40,688][INFO ][o.e.c.m.MetaDataDeleteIndexService] [node_s_0] [test/WPceS9MYRD6hjScQ_MzYcg] deleting index
[2020-02-16T23:23:40,719][INFO ][o.e.i.q.RangeQueryRewriteTests] [testRewriteEmptyReader] before test
[2020-02-16T23:23:40,720][INFO ][o.e.c.m.MetaDataCreateIndexService] [node_s_0] [test] creating index, cause [api], templates [random-soft-deletes-template, one_shard_index_template], shards [1]/[0], mappings []
[2020-02-16T23:23:40,769][INFO ][o.e.c.r.a.AllocationService] [node_s_0] Cluster health status changed from [YELLOW] to [GREEN] (reason: [shards started [[test][0]]]).
[2020-02-16T23:23:40,778][INFO ][o.e.i.q.RangeQueryRewriteTests] [testRewriteEmptyReader] after test
[2020-02-16T23:23:40,778][INFO ][o.e.c.m.MetaDataDeleteIndexService] [node_s_0] [test/GkrMObLHQcO3ZDnKd1hpfA] deleting index
[2020-02-16T23:23:40,803][INFO ][o.e.i.q.RangeQueryRewriteTests] [testRewriteMissingReader] before test
[2020-02-16T23:23:40,804][INFO ][o.e.c.m.MetaDataCreateIndexService] [node_s_0] [test] creating index, cause [api], templates [random-soft-deletes-template, one_shard_index_template], shards [1]/[0], mappings []
[2020-02-16T23:23:40,855][INFO ][o.e.c.r.a.AllocationService] [node_s_0] Cluster health status changed from [YELLOW] to [GREEN] (reason: [shards started [[test][0]]]).
[2020-02-16T23:23:40,865][INFO ][o.e.i.q.RangeQueryRewriteTests] [testRewriteMissingReader] after test
[2020-02-16T23:23:40,865][INFO ][o.e.c.m.MetaDataDeleteIndexService] [node_s_0] [test/tlR4qvx6QIOtd5VYvFLQkQ] deleting index
[2020-02-16T23:23:40,887][INFO ][o.e.n.Node               ] [suite] stopping ...
[2020-02-16T23:23:40,888][INFO ][o.e.n.Node               ] [suite] stopped
[2020-02-16T23:23:40,888][INFO ][o.e.n.Node               ] [suite] closing ...
[2020-02-16T23:23:40,888][INFO ][o.e.n.Node               ] [suite] closed
]]></system-out>
  <system-err><![CDATA[]]></system-err>
</testsuite>
