<?xml version="1.0" encoding="UTF-8"?>
<testsuite name="org.elasticsearch.action.admin.indices.alias.IndicesAliasesRequestTests" tests="1" skipped="0" failures="0" errors="0" timestamp="2020-02-16T22:20:05" hostname="Escoto-PC" time="0.02">
  <properties/>
  <testcase name="testToAndFromXContent" classname="org.elasticsearch.action.admin.indices.alias.IndicesAliasesRequestTests" time="0.02"/>
  <system-out><![CDATA[[2020-02-17T11:20:05,111][INFO ][o.e.a.a.i.a.IndicesAliasesRequestTests] [testToAndFromXContent] before test
[2020-02-17T11:20:05,128][INFO ][o.e.a.a.i.a.IndicesAliasesRequestTests] [testToAndFromXContent] after test
]]></system-out>
  <system-err><![CDATA[]]></system-err>
</testsuite>
