<?xml version="1.0" encoding="UTF-8"?>
<testsuite name="org.elasticsearch.index.fielddata.IndexFieldDataServiceTests" tests="7" skipped="0" failures="0" errors="0" timestamp="2020-02-16T22:22:36" hostname="Escoto-PC" time="1.768">
  <properties/>
  <testcase name="testGetForFieldDefaults" classname="org.elasticsearch.index.fielddata.IndexFieldDataServiceTests" time="1.305"/>
  <testcase name="testRequireDocValuesOnBools" classname="org.elasticsearch.index.fielddata.IndexFieldDataServiceTests" time="0.005"/>
  <testcase name="testClearField" classname="org.elasticsearch.index.fielddata.IndexFieldDataServiceTests" time="0.162"/>
  <testcase name="testRequireDocValuesOnDoubles" classname="org.elasticsearch.index.fielddata.IndexFieldDataServiceTests" time="0.005"/>
  <testcase name="testRequireDocValuesOnLongs" classname="org.elasticsearch.index.fielddata.IndexFieldDataServiceTests" time="0.045"/>
  <testcase name="testSetCacheListenerTwice" classname="org.elasticsearch.index.fielddata.IndexFieldDataServiceTests" time="0.123"/>
  <testcase name="testFieldDataCacheListener" classname="org.elasticsearch.index.fielddata.IndexFieldDataServiceTests" time="0.123"/>
  <system-out><![CDATA[[2020-02-16T19:22:36,707][INFO ][o.e.e.NodeEnvironment    ] [testGetForFieldDefaults] using [1] data paths, mounts [[Old HDD (E:)]], net usable_space [89.5gb], net total_space [232.8gb], types [NTFS]
[2020-02-16T19:22:36,709][INFO ][o.e.e.NodeEnvironment    ] [testGetForFieldDefaults] heap size [512mb], compressed ordinary object pointers [true]
[2020-02-16T19:22:36,711][INFO ][o.e.n.Node               ] [testGetForFieldDefaults] node name [node_s_0], node ID [GAcX-TbaSMmkbnew-Lnitw], cluster name [single-node-cluster-TEST_WORKER_VM=[12]-CLUSTER_SEED=[-8594886370839467276]-HASH=[1410990B302]]
[2020-02-16T19:22:36,711][INFO ][o.e.n.Node               ] [testGetForFieldDefaults] version[7.5.1], pid[2148], build[unknown/unknown/unknown/unknown], OS[Windows 7/6.1/amd64], JVM[Oracle Corporation/OpenJDK 64-Bit Server VM/12.0.2/12.0.2+10]
[2020-02-16T19:22:36,711][INFO ][o.e.n.Node               ] [testGetForFieldDefaults] JVM home [C:\Program Files\Java\jdk-12.0.2]
[2020-02-16T19:22:36,711][INFO ][o.e.n.Node               ] [testGetForFieldDefaults] JVM arguments [-Dcompiler.java=12, -Des.scripting.update.ctx_in_params=false, -Des.transport.cname_in_publish_address=true, -Dgradle.dist.lib=C:\Users\Escoto\.gradle\wrapper\dists\gradle-5.6.2-bin\3clyn6icets6f02ptgd5hlmou\gradle-5.6.2\lib, -Dgradle.user.home=C:\Users\Escoto\.gradle, -Dgradle.worker.jar=C:\Users\Escoto\.gradle/caches/5.6.2/workerMain/gradle-worker.jar, -Dio.netty.noKeySetOptimization=true, -Dio.netty.noUnsafe=true, -Dio.netty.recycler.maxCapacityPerThread=0, -Djava.awt.headless=true, -Djna.nosys=true, -Dorg.gradle.native=false, -Druntime.java=12, -Dtests.artifact=server, -Dtests.gradle=true, -Dtests.logger.level=WARN, -Dtests.security.manager=true, -Dtests.seed=9EA1F2A3814E5F76, -Dtests.task=:server:test, -Dtests.timeoutSuite=1800000!, -esa, --illegal-access=warn, -XX:+HeapDumpOnOutOfMemoryError, -XX:HeapDumpPath=E:\NotD\git\elasticsearch\server\build\heapdump, -Xms512m, -Xmx512m, -Dfile.encoding=windows-1252, -Djava.io.tmpdir=./temp, -Duser.country=US, -Duser.language=en, -Duser.variant, -ea]
[2020-02-16T19:22:36,712][INFO ][o.e.p.PluginsService     ] [testGetForFieldDefaults] no modules loaded
[2020-02-16T19:22:36,712][INFO ][o.e.p.PluginsService     ] [testGetForFieldDefaults] loaded plugin [org.elasticsearch.test.InternalSettingsPlugin]
[2020-02-16T19:22:36,712][INFO ][o.e.p.PluginsService     ] [testGetForFieldDefaults] loaded plugin [org.elasticsearch.test.MockHttpTransport$TestPlugin]
[2020-02-16T19:22:36,712][INFO ][o.e.p.PluginsService     ] [testGetForFieldDefaults] loaded plugin [org.elasticsearch.transport.nio.MockNioTransportPlugin]
[2020-02-16T19:22:36,931][INFO ][o.e.d.DiscoveryModule    ] [testGetForFieldDefaults] using discovery type [zen] and seed hosts providers [settings]
[2020-02-16T19:22:36,941][INFO ][o.e.n.Node               ] [testGetForFieldDefaults] initialized
[2020-02-16T19:22:36,941][INFO ][o.e.n.Node               ] [testGetForFieldDefaults] starting ...
[2020-02-16T19:22:37,746][INFO ][o.e.t.TransportService   ] [testGetForFieldDefaults] publish_address {127.0.0.1:11500}, bound_addresses {127.0.0.1:11500}, {[::1]:11500}
[2020-02-16T19:22:37,754][INFO ][o.e.c.c.Coordinator      ] [testGetForFieldDefaults] setting initial configuration to VotingConfiguration{GAcX-TbaSMmkbnew-Lnitw}
[2020-02-16T19:22:37,835][INFO ][o.e.c.s.MasterService    ] [node_s_0] elected-as-master ([1] nodes joined)[{node_s_0}{GAcX-TbaSMmkbnew-Lnitw}{wVppf6BIQrq-i8yytjwi-w}{127.0.0.1}{127.0.0.1:11500}{dim} elect leader, _BECOME_MASTER_TASK_, _FINISH_ELECTION_], term: 1, version: 1, delta: master node changed {previous [], current [{node_s_0}{GAcX-TbaSMmkbnew-Lnitw}{wVppf6BIQrq-i8yytjwi-w}{127.0.0.1}{127.0.0.1:11500}{dim}]}
[2020-02-16T19:22:37,843][INFO ][o.e.c.c.CoordinationState] [node_s_0] cluster UUID set to [U_cNIIBuTTqcpMKDhCLTRA]
[2020-02-16T19:22:37,851][INFO ][o.e.c.s.ClusterApplierService] [node_s_0] master node changed {previous [], current [{node_s_0}{GAcX-TbaSMmkbnew-Lnitw}{wVppf6BIQrq-i8yytjwi-w}{127.0.0.1}{127.0.0.1:11500}{dim}]}, term: 1, version: 1, reason: Publication{term=1, version=1}
[2020-02-16T19:22:37,852][INFO ][o.e.n.Node               ] [testGetForFieldDefaults] started
[2020-02-16T19:22:37,860][INFO ][o.e.g.GatewayService     ] [node_s_0] recovered [0] indices into cluster_state
[2020-02-16T19:22:37,863][INFO ][o.e.c.m.MetaDataIndexTemplateService] [node_s_0] adding template [one_shard_index_template] for index patterns [*]
[2020-02-16T19:22:37,875][INFO ][o.e.c.m.MetaDataIndexTemplateService] [node_s_0] adding template [random-soft-deletes-template] for index patterns [*]
[2020-02-16T19:22:37,884][INFO ][o.e.i.f.IndexFieldDataServiceTests] [testGetForFieldDefaults] before test
[2020-02-16T19:22:37,886][INFO ][o.e.c.m.MetaDataCreateIndexService] [node_s_0] [test] creating index, cause [api], templates [random-soft-deletes-template, one_shard_index_template], shards [1]/[0], mappings []
[2020-02-16T19:22:37,956][INFO ][o.e.c.r.a.AllocationService] [node_s_0] Cluster health status changed from [YELLOW] to [GREEN] (reason: [shards started [[test][0]]]).
[2020-02-16T19:22:37,975][INFO ][o.e.i.f.IndexFieldDataServiceTests] [testGetForFieldDefaults] after test
[2020-02-16T19:22:37,975][INFO ][o.e.c.m.MetaDataDeleteIndexService] [node_s_0] [test/Ot2unRUSSBagGDteofmNnQ] deleting index
[2020-02-16T19:22:38,002][INFO ][o.e.i.f.IndexFieldDataServiceTests] [testRequireDocValuesOnBools] before test
[2020-02-16T19:22:38,004][INFO ][o.e.i.f.IndexFieldDataServiceTests] [testRequireDocValuesOnBools] after test
[2020-02-16T19:22:38,009][INFO ][o.e.i.f.IndexFieldDataServiceTests] [testClearField] before test
[2020-02-16T19:22:38,011][INFO ][o.e.c.m.MetaDataCreateIndexService] [node_s_0] [test] creating index, cause [api], templates [random-soft-deletes-template, one_shard_index_template], shards [1]/[0], mappings []
[2020-02-16T19:22:38,073][INFO ][o.e.c.r.a.AllocationService] [node_s_0] Cluster health status changed from [YELLOW] to [GREEN] (reason: [shards started [[test][0]]]).
[2020-02-16T19:22:38,137][INFO ][o.e.i.f.IndexFieldDataServiceTests] [testClearField] after test
[2020-02-16T19:22:38,137][INFO ][o.e.c.m.MetaDataDeleteIndexService] [node_s_0] [test/mqEeALLFT2iKdIJzztADQg] deleting index
[2020-02-16T19:22:38,170][INFO ][o.e.i.f.IndexFieldDataServiceTests] [testRequireDocValuesOnDoubles] before test
[2020-02-16T19:22:38,171][INFO ][o.e.i.f.IndexFieldDataServiceTests] [testRequireDocValuesOnDoubles] after test
[2020-02-16T19:22:38,198][INFO ][o.e.i.f.IndexFieldDataServiceTests] [testRequireDocValuesOnLongs] before test
[2020-02-16T19:22:38,216][INFO ][o.e.i.f.IndexFieldDataServiceTests] [testRequireDocValuesOnLongs] after test
[2020-02-16T19:22:38,219][INFO ][o.e.i.f.IndexFieldDataServiceTests] [testSetCacheListenerTwice] before test
[2020-02-16T19:22:38,225][INFO ][o.e.c.m.MetaDataCreateIndexService] [node_s_0] [test] creating index, cause [api], templates [random-soft-deletes-template, one_shard_index_template], shards [1]/[0], mappings []
[2020-02-16T19:22:38,302][INFO ][o.e.c.r.a.AllocationService] [node_s_0] Cluster health status changed from [YELLOW] to [GREEN] (reason: [shards started [[test][0]]]).
[2020-02-16T19:22:38,314][INFO ][o.e.i.f.IndexFieldDataServiceTests] [testSetCacheListenerTwice] after test
[2020-02-16T19:22:38,314][INFO ][o.e.c.m.MetaDataDeleteIndexService] [node_s_0] [test/CQpfqEVsTcSfRGuOfbgRwg] deleting index
[2020-02-16T19:22:38,344][INFO ][o.e.i.f.IndexFieldDataServiceTests] [testFieldDataCacheListener] before test
[2020-02-16T19:22:38,345][INFO ][o.e.c.m.MetaDataCreateIndexService] [node_s_0] [test] creating index, cause [api], templates [random-soft-deletes-template, one_shard_index_template], shards [1]/[0], mappings []
[2020-02-16T19:22:38,414][INFO ][o.e.c.r.a.AllocationService] [node_s_0] Cluster health status changed from [YELLOW] to [GREEN] (reason: [shards started [[test][0]]]).
[2020-02-16T19:22:38,428][INFO ][o.e.i.f.IndexFieldDataServiceTests] [testFieldDataCacheListener] after test
[2020-02-16T19:22:38,429][INFO ][o.e.c.m.MetaDataDeleteIndexService] [node_s_0] [test/8l5dVCbATYivjKB-HJWeHQ] deleting index
[2020-02-16T19:22:38,463][INFO ][o.e.n.Node               ] [suite] stopping ...
[2020-02-16T19:22:38,464][INFO ][o.e.n.Node               ] [suite] stopped
[2020-02-16T19:22:38,464][INFO ][o.e.n.Node               ] [suite] closing ...
[2020-02-16T19:22:38,465][INFO ][o.e.n.Node               ] [suite] closed
]]></system-out>
  <system-err><![CDATA[]]></system-err>
</testsuite>
