<?xml version="1.0" encoding="UTF-8"?>
<testsuite name="org.elasticsearch.search.aggregations.pipeline.StatsBucketTests" tests="4" skipped="0" failures="0" errors="0" timestamp="2020-02-16T22:24:28" hostname="Escoto-PC" time="0.018">
  <properties/>
  <testcase name="testValidate" classname="org.elasticsearch.search.aggregations.pipeline.StatsBucketTests" time="0.005"/>
  <testcase name="testEqualsAndHashcode" classname="org.elasticsearch.search.aggregations.pipeline.StatsBucketTests" time="0.003"/>
  <testcase name="testFromXContent" classname="org.elasticsearch.search.aggregations.pipeline.StatsBucketTests" time="0.005"/>
  <testcase name="testSerialization" classname="org.elasticsearch.search.aggregations.pipeline.StatsBucketTests" time="0.005"/>
  <system-out><![CDATA[[2020-02-17T02:24:28,568][INFO ][o.e.s.a.p.StatsBucketTests] [testValidate] before test
[2020-02-17T02:24:28,570][INFO ][o.e.s.a.p.StatsBucketTests] [testValidate] after test
[2020-02-17T02:24:28,573][INFO ][o.e.s.a.p.StatsBucketTests] [testEqualsAndHashcode] before test
[2020-02-17T02:24:28,573][INFO ][o.e.s.a.p.StatsBucketTests] [testEqualsAndHashcode] after test
[2020-02-17T02:24:28,577][INFO ][o.e.s.a.p.StatsBucketTests] [testFromXContent] before test
[2020-02-17T02:24:28,577][INFO ][o.e.s.a.p.StatsBucketTests] [testFromXContent] Content string: {
  "ZbgkzxjHjUMdOZD" : {
    "stats_bucket" : {
      "buckets_path" : [
        "rkyMR"
      ],
      "format" : "qTcmRyn",
      "gap_policy" : "skip"
    }
  }
}
[2020-02-17T02:24:28,578][INFO ][o.e.s.a.p.StatsBucketTests] [testFromXContent] Content string: {
  "ZbgkzxjHjUMdOZD" : {
    "stats_bucket" : {
      "buckets_path" : [
        "rkyMR"
      ],
      "format" : "qTcmRyn",
      "gap_policy" : "skip"
    }
  }
}
[2020-02-17T02:24:28,578][INFO ][o.e.s.a.p.StatsBucketTests] [testFromXContent] after test
[2020-02-17T02:24:28,583][INFO ][o.e.s.a.p.StatsBucketTests] [testSerialization] before test
[2020-02-17T02:24:28,583][INFO ][o.e.s.a.p.StatsBucketTests] [testSerialization] after test
]]></system-out>
  <system-err><![CDATA[]]></system-err>
</testsuite>
