<?xml version="1.0" encoding="UTF-8"?>
<testsuite name="org.elasticsearch.index.mapper.DocumentFieldMapperTests" tests="1" skipped="0" failures="0" errors="0" timestamp="2020-02-16T22:22:59" hostname="Escoto-PC" time="0.003">
  <properties/>
  <testcase name="testAnalyzers" classname="org.elasticsearch.index.mapper.DocumentFieldMapperTests" time="0.003"/>
  <system-out><![CDATA[]]></system-out>
  <system-err><![CDATA[]]></system-err>
</testsuite>
