<?xml version="1.0" encoding="UTF-8"?>
<testsuite name="org.elasticsearch.action.admin.indices.alias.get.TransportGetAliasesActionTests" tests="1" skipped="0" failures="0" errors="0" timestamp="2020-02-16T22:20:24" hostname="Escoto-PC" time="0.014">
  <properties/>
  <testcase name="testPostProcess" classname="org.elasticsearch.action.admin.indices.alias.get.TransportGetAliasesActionTests" time="0.014"/>
  <system-out><![CDATA[[2020-02-16T18:20:24,987][INFO ][o.e.a.a.i.a.g.TransportGetAliasesActionTests] [testPostProcess] before test
[2020-02-16T18:20:24,992][INFO ][o.e.a.a.i.a.g.TransportGetAliasesActionTests] [testPostProcess] after test
]]></system-out>
  <system-err><![CDATA[]]></system-err>
</testsuite>
