<?xml version="1.0" encoding="UTF-8"?>
<testsuite name="org.elasticsearch.deps.lucene.VectorHighlighterTests" tests="4" skipped="0" failures="0" errors="0" timestamp="2020-02-16T22:20:57" hostname="Escoto-PC" time="0.058">
  <properties/>
  <testcase name="testVectorHighlighterPrefixQuery" classname="org.elasticsearch.deps.lucene.VectorHighlighterTests" time="0.043"/>
  <testcase name="testVectorHighlighter" classname="org.elasticsearch.deps.lucene.VectorHighlighterTests" time="0.004"/>
  <testcase name="testVectorHighlighterNoStore" classname="org.elasticsearch.deps.lucene.VectorHighlighterTests" time="0.005"/>
  <testcase name="testVectorHighlighterNoTermVector" classname="org.elasticsearch.deps.lucene.VectorHighlighterTests" time="0.005"/>
  <system-out><![CDATA[[2020-02-17T09:20:57,356][INFO ][o.e.d.l.VectorHighlighterTests] [testVectorHighlighterPrefixQuery] before test
[2020-02-17T09:20:57,398][INFO ][o.e.d.l.VectorHighlighterTests] [testVectorHighlighterPrefixQuery] after test
[2020-02-17T09:20:57,399][INFO ][o.e.d.l.VectorHighlighterTests] [testVectorHighlighter] before test
[2020-02-17T09:20:57,402][INFO ][o.e.d.l.VectorHighlighterTests] [testVectorHighlighter] after test
[2020-02-17T09:20:57,405][INFO ][o.e.d.l.VectorHighlighterTests] [testVectorHighlighterNoStore] before test
[2020-02-17T09:20:57,408][INFO ][o.e.d.l.VectorHighlighterTests] [testVectorHighlighterNoStore] after test
[2020-02-17T09:20:57,409][INFO ][o.e.d.l.VectorHighlighterTests] [testVectorHighlighterNoTermVector] before test
[2020-02-17T09:20:57,412][INFO ][o.e.d.l.VectorHighlighterTests] [testVectorHighlighterNoTermVector] after test
]]></system-out>
  <system-err><![CDATA[]]></system-err>
</testsuite>
