<?xml version="1.0" encoding="UTF-8"?>
<testsuite name="org.elasticsearch.cluster.routing.allocation.TrackFailedAllocationNodesTests" tests="1" skipped="0" failures="0" errors="0" timestamp="2020-02-16T22:20:39" hostname="Escoto-PC" time="0.007">
  <properties/>
  <testcase name="testTrackFailedNodes" classname="org.elasticsearch.cluster.routing.allocation.TrackFailedAllocationNodesTests" time="0.007"/>
  <system-out><![CDATA[[2020-02-16T23:20:39,562][INFO ][o.e.c.r.a.TrackFailedAllocationNodesTests] [testTrackFailedNodes] before test
[2020-02-16T23:20:39,564][WARN ][o.e.c.r.a.AllocationService] [testTrackFailedNodes] failing shard [failed shard, shard [idx][0], node[node-0], [P], recovery_source[new shard recovery], s[INITIALIZING], a[id=0iBHzthCQQ-LtOowwwlUoA], unassigned_info[[reason=INDEX_CREATED], at[2020-02-16T22:20:39.563Z], delayed=false, allocation_status[no_attempt]], message [null], failure [Unknown], markAsStale [false]]
[2020-02-16T23:20:39,564][INFO ][o.e.c.r.a.AllocationService] [testTrackFailedNodes] Cluster health status changed from [YELLOW] to [RED] (reason: [shards failed [[idx][0]]]).
[2020-02-16T23:20:39,564][WARN ][o.e.c.r.a.AllocationService] [testTrackFailedNodes] failing shard [failed shard, shard [idx][0], node[node-1], [P], recovery_source[new shard recovery], s[INITIALIZING], a[id=TnQJ5obYQJ2QT_EndXD22g], unassigned_info[[reason=ALLOCATION_FAILED], at[2020-02-16T22:20:39.564Z], failed_attempts[1], failed_nodes[[node-0]], delayed=false, details[failed shard on node [node-0]: null], allocation_status[no_attempt]], message [null], failure [Unknown], markAsStale [false]]
[2020-02-16T23:20:39,565][WARN ][o.e.c.r.a.AllocationService] [testTrackFailedNodes] failing shard [failed shard, shard [idx][0], node[node-0], [P], recovery_source[new shard recovery], s[INITIALIZING], a[id=kRWTMHmERMWTD5mCdtMjKg], unassigned_info[[reason=ALLOCATION_FAILED], at[2020-02-16T22:20:39.564Z], failed_attempts[2], failed_nodes[[node-0, node-1]], delayed=false, details[failed shard on node [node-1]: null], allocation_status[no_attempt]], message [null], failure [Unknown], markAsStale [false]]
[2020-02-16T23:20:39,565][WARN ][o.e.c.r.a.AllocationService] [testTrackFailedNodes] failing shard [failed shard, shard [idx][0], node[node-1], [P], recovery_source[new shard recovery], s[INITIALIZING], a[id=LPlnyXxnRIifD0AHbfjcpw], unassigned_info[[reason=ALLOCATION_FAILED], at[2020-02-16T22:20:39.565Z], failed_attempts[3], failed_nodes[[node-0, node-1]], delayed=false, details[failed shard on node [node-0]: null], allocation_status[no_attempt]], message [null], failure [Unknown], markAsStale [true]]
[2020-02-16T23:20:39,565][WARN ][o.e.c.r.a.AllocationService] [testTrackFailedNodes] failing shard [failed shard, shard [idx][0], node[node-0], [P], recovery_source[new shard recovery], s[INITIALIZING], a[id=s5YJruQDT2ahcwbCiuw2NQ], unassigned_info[[reason=ALLOCATION_FAILED], at[2020-02-16T22:20:39.565Z], failed_attempts[4], failed_nodes[[node-0, node-1]], delayed=false, details[failed shard on node [node-1]: null], allocation_status[no_attempt]], message [null], failure [Unknown], markAsStale [true]]
[2020-02-16T23:20:39,567][INFO ][o.e.c.r.a.AllocationService] [testTrackFailedNodes] Cluster health status changed from [RED] to [GREEN] (reason: [shards started [[idx][0]]]).
[2020-02-16T23:20:39,567][WARN ][o.e.c.r.a.AllocationService] [testTrackFailedNodes] failing shard [failed shard, shard [idx][0], node[node-0], [P], s[STARTED], a[id=CDOQ_x_mTZ6igRWOHZxQig], message [null], failure [Unknown], markAsStale [false]]
[2020-02-16T23:20:39,567][INFO ][o.e.c.r.a.AllocationService] [testTrackFailedNodes] Cluster health status changed from [GREEN] to [RED] (reason: [shards failed [[idx][0]]]).
[2020-02-16T23:20:39,567][INFO ][o.e.c.r.a.TrackFailedAllocationNodesTests] [testTrackFailedNodes] after test
]]></system-out>
  <system-err><![CDATA[]]></system-err>
</testsuite>
