<?xml version="1.0" encoding="UTF-8"?>
<testsuite name="org.elasticsearch.action.admin.cluster.snapshots.status.SnapshotStatsTests" tests="1" skipped="0" failures="0" errors="0" timestamp="2020-02-16T22:20:02" hostname="Escoto-PC" time="0.018">
  <properties/>
  <testcase name="testFromXContent" classname="org.elasticsearch.action.admin.cluster.snapshots.status.SnapshotStatsTests" time="0.018"/>
  <system-out><![CDATA[[2020-02-16T15:20:02,969][INFO ][o.e.a.a.c.s.s.SnapshotStatsTests] [testFromXContent] before test
[2020-02-16T15:20:02,984][INFO ][o.e.a.a.c.s.s.SnapshotStatsTests] [testFromXContent] after test
]]></system-out>
  <system-err><![CDATA[]]></system-err>
</testsuite>
