<?xml version="1.0" encoding="UTF-8"?>
<testsuite name="org.elasticsearch.action.resync.ResyncReplicationRequestTests" tests="1" skipped="0" failures="0" errors="0" timestamp="2020-02-16T22:20:37" hostname="Escoto-PC" time="0.012">
  <properties/>
  <testcase name="testSerialization" classname="org.elasticsearch.action.resync.ResyncReplicationRequestTests" time="0.012"/>
  <system-out><![CDATA[[2020-02-16T18:20:37,891][INFO ][o.e.a.r.ResyncReplicationRequestTests] [testSerialization] before test
[2020-02-16T18:20:37,894][INFO ][o.e.a.r.ResyncReplicationRequestTests] [testSerialization] after test
]]></system-out>
  <system-err><![CDATA[]]></system-err>
</testsuite>
