<?xml version="1.0" encoding="UTF-8"?>
<testsuite name="org.elasticsearch.common.util.ArrayUtilsTests" tests="2" skipped="0" failures="0" errors="0" timestamp="2020-02-16T22:20:51" hostname="Escoto-PC" time="0.009">
  <properties/>
  <testcase name="testBinarySearch" classname="org.elasticsearch.common.util.ArrayUtilsTests" time="0.004"/>
  <testcase name="testConcat" classname="org.elasticsearch.common.util.ArrayUtilsTests" time="0.005"/>
  <system-out><![CDATA[[2020-02-16T17:20:51,146][INFO ][o.e.c.u.ArrayUtilsTests  ] [testBinarySearch] before test
[2020-02-16T17:20:51,148][INFO ][o.e.c.u.ArrayUtilsTests  ] [testBinarySearch] after test
[2020-02-16T17:20:51,153][INFO ][o.e.c.u.ArrayUtilsTests  ] [testConcat] before test
[2020-02-16T17:20:51,153][INFO ][o.e.c.u.ArrayUtilsTests  ] [testConcat] after test
]]></system-out>
  <system-err><![CDATA[]]></system-err>
</testsuite>
