<?xml version="1.0" encoding="UTF-8"?>
<testsuite name="org.elasticsearch.common.ReleasablesTests" tests="1" skipped="0" failures="0" errors="0" timestamp="2020-02-16T22:20:48" hostname="Escoto-PC" time="0.002">
  <properties/>
  <testcase name="testReleaseOnce" classname="org.elasticsearch.common.ReleasablesTests" time="0.002"/>
  <system-out><![CDATA[[2020-02-16T22:20:48,547][INFO ][o.e.c.ReleasablesTests   ] [testReleaseOnce] before test
[2020-02-16T22:20:48,547][INFO ][o.e.c.ReleasablesTests   ] [testReleaseOnce] after test
]]></system-out>
  <system-err><![CDATA[]]></system-err>
</testsuite>
