<?xml version="1.0" encoding="UTF-8"?>
<testsuite name="org.elasticsearch.ExceptionSerializationTests" tests="40" skipped="0" failures="0" errors="0" timestamp="2020-02-16T22:22:21" hostname="Escoto-PC" time="2.897">
  <properties/>
  <testcase name="testSearchContextMissingException" classname="org.elasticsearch.ExceptionSerializationTests" time="0.005"/>
  <testcase name="testIllegalShardRoutingStateException" classname="org.elasticsearch.ExceptionSerializationTests" time="0.003"/>
  <testcase name="testIOException" classname="org.elasticsearch.ExceptionSerializationTests" time="0.004"/>
  <testcase name="testExceptionRegistration" classname="org.elasticsearch.ExceptionSerializationTests" time="2.682"/>
  <testcase name="testTimestampParsingException" classname="org.elasticsearch.ExceptionSerializationTests" time="0.005"/>
  <testcase name="testInterruptedException" classname="org.elasticsearch.ExceptionSerializationTests" time="0.003"/>
  <testcase name="testConnectTransportException" classname="org.elasticsearch.ExceptionSerializationTests" time="0.003"/>
  <testcase name="testRecoveryEngineException" classname="org.elasticsearch.ExceptionSerializationTests" time="0.007"/>
  <testcase name="testSearchParseException" classname="org.elasticsearch.ExceptionSerializationTests" time="0.003"/>
  <testcase name="testAliasesMissingException" classname="org.elasticsearch.ExceptionSerializationTests" time="0.003"/>
  <testcase name="testTooManyBucketsException" classname="org.elasticsearch.ExceptionSerializationTests" time="0.006"/>
  <testcase name="testNoLongerPrimaryShardException" classname="org.elasticsearch.ExceptionSerializationTests" time="0.003"/>
  <testcase name="testInvalidIndexTemplateException" classname="org.elasticsearch.ExceptionSerializationTests" time="0.012"/>
  <testcase name="testNotSerializableExceptionWrapper" classname="org.elasticsearch.ExceptionSerializationTests" time="0.01"/>
  <testcase name="testRoutingMissingException" classname="org.elasticsearch.ExceptionSerializationTests" time="0.007"/>
  <testcase name="testIds" classname="org.elasticsearch.ExceptionSerializationTests" time="0.003"/>
  <testcase name="testActionNotFoundTransportException" classname="org.elasticsearch.ExceptionSerializationTests" time="0.003"/>
  <testcase name="testSearchException" classname="org.elasticsearch.ExceptionSerializationTests" time="0.003"/>
  <testcase name="testShardLockObtainFailedException" classname="org.elasticsearch.ExceptionSerializationTests" time="0.003"/>
  <testcase name="testElasticsearchSecurityException" classname="org.elasticsearch.ExceptionSerializationTests" time="0.002"/>
  <testcase name="testSearchPhaseExecutionException" classname="org.elasticsearch.ExceptionSerializationTests" time="0.022"/>
  <testcase name="testIllegalIndexShardStateException" classname="org.elasticsearch.ExceptionSerializationTests" time="0.023"/>
  <testcase name="testActionTransportException" classname="org.elasticsearch.ExceptionSerializationTests" time="0.006"/>
  <testcase name="testIndexTemplateMissingException" classname="org.elasticsearch.ExceptionSerializationTests" time="0.008"/>
  <testcase name="testSnapshotException" classname="org.elasticsearch.ExceptionSerializationTests" time="0.004"/>
  <testcase name="testCircuitBreakingException" classname="org.elasticsearch.ExceptionSerializationTests" time="0.003"/>
  <testcase name="testParsingException" classname="org.elasticsearch.ExceptionSerializationTests" time="0.003"/>
  <testcase name="testRepositoryException" classname="org.elasticsearch.ExceptionSerializationTests" time="0.003"/>
  <testcase name="testWriteThrowable" classname="org.elasticsearch.ExceptionSerializationTests" time="0.005"/>
  <testcase name="testWithRestHeadersException" classname="org.elasticsearch.ExceptionSerializationTests" time="0.002"/>
  <testcase name="testThatIdsArePositive" classname="org.elasticsearch.ExceptionSerializationTests" time="0.002"/>
  <testcase name="testElasticsearchRemoteException" classname="org.elasticsearch.ExceptionSerializationTests" time="0.003"/>
  <testcase name="testSnapshotInProgressException" classname="org.elasticsearch.ExceptionSerializationTests" time="0.002"/>
  <testcase name="testFailedNodeException" classname="org.elasticsearch.ExceptionSerializationTests" time="0.002"/>
  <testcase name="testFileSystemExceptions" classname="org.elasticsearch.ExceptionSerializationTests" time="0.003"/>
  <testcase name="testQueryShardException" classname="org.elasticsearch.ExceptionSerializationTests" time="0.002"/>
  <testcase name="testRecoverFilesRecoveryException" classname="org.elasticsearch.ExceptionSerializationTests" time="0.007"/>
  <testcase name="testClusterBlockException" classname="org.elasticsearch.ExceptionSerializationTests" time="0.019"/>
  <testcase name="testThatIdsAreUnique" classname="org.elasticsearch.ExceptionSerializationTests" time="0.002"/>
  <testcase name="testUnknownException" classname="org.elasticsearch.ExceptionSerializationTests" time="0.002"/>
  <system-out><![CDATA[[2020-02-16T22:22:21,736][INFO ][o.e.ExceptionSerializationTests] [testSearchContextMissingException] before test
[2020-02-16T22:22:21,739][INFO ][o.e.ExceptionSerializationTests] [testSearchContextMissingException] after test
[2020-02-16T22:22:21,741][INFO ][o.e.ExceptionSerializationTests] [testIllegalShardRoutingStateException] before test
[2020-02-16T22:22:21,742][INFO ][o.e.ExceptionSerializationTests] [testIllegalShardRoutingStateException] after test
[2020-02-16T22:22:21,745][INFO ][o.e.ExceptionSerializationTests] [testIOException] before test
[2020-02-16T22:22:21,746][INFO ][o.e.ExceptionSerializationTests] [testIOException] after test
[2020-02-16T22:22:21,750][INFO ][o.e.ExceptionSerializationTests] [testExceptionRegistration] before test
[2020-02-16T22:22:24,427][INFO ][o.e.ExceptionSerializationTests] [testExceptionRegistration] after test
[2020-02-16T22:22:24,432][INFO ][o.e.ExceptionSerializationTests] [testTimestampParsingException] before test
[2020-02-16T22:22:24,433][INFO ][o.e.ExceptionSerializationTests] [testTimestampParsingException] after test
[2020-02-16T22:22:24,435][INFO ][o.e.ExceptionSerializationTests] [testInterruptedException] before test
[2020-02-16T22:22:24,435][INFO ][o.e.ExceptionSerializationTests] [testInterruptedException] after test
[2020-02-16T22:22:24,437][INFO ][o.e.ExceptionSerializationTests] [testConnectTransportException] before test
[2020-02-16T22:22:24,438][INFO ][o.e.ExceptionSerializationTests] [testConnectTransportException] after test
[2020-02-16T22:22:24,445][INFO ][o.e.ExceptionSerializationTests] [testRecoveryEngineException] before test
[2020-02-16T22:22:24,446][INFO ][o.e.ExceptionSerializationTests] [testRecoveryEngineException] after test
[2020-02-16T22:22:24,448][INFO ][o.e.ExceptionSerializationTests] [testSearchParseException] before test
[2020-02-16T22:22:24,449][INFO ][o.e.ExceptionSerializationTests] [testSearchParseException] after test
[2020-02-16T22:22:24,453][INFO ][o.e.ExceptionSerializationTests] [testAliasesMissingException] before test
[2020-02-16T22:22:24,453][INFO ][o.e.ExceptionSerializationTests] [testAliasesMissingException] after test
[2020-02-16T22:22:24,458][INFO ][o.e.ExceptionSerializationTests] [testTooManyBucketsException] before test
[2020-02-16T22:22:24,459][INFO ][o.e.ExceptionSerializationTests] [testTooManyBucketsException] after test
[2020-02-16T22:22:24,461][INFO ][o.e.ExceptionSerializationTests] [testNoLongerPrimaryShardException] before test
[2020-02-16T22:22:24,462][INFO ][o.e.ExceptionSerializationTests] [testNoLongerPrimaryShardException] after test
[2020-02-16T22:22:24,473][INFO ][o.e.ExceptionSerializationTests] [testInvalidIndexTemplateException] before test
[2020-02-16T22:22:24,474][INFO ][o.e.ExceptionSerializationTests] [testInvalidIndexTemplateException] after test
[2020-02-16T22:22:24,477][INFO ][o.e.ExceptionSerializationTests] [testNotSerializableExceptionWrapper] before test
[2020-02-16T22:22:24,484][INFO ][o.e.ExceptionSerializationTests] [testNotSerializableExceptionWrapper] after test
[2020-02-16T22:22:24,490][INFO ][o.e.ExceptionSerializationTests] [testRoutingMissingException] before test
[2020-02-16T22:22:24,490][INFO ][o.e.ExceptionSerializationTests] [testRoutingMissingException] after test
[2020-02-16T22:22:24,493][INFO ][o.e.ExceptionSerializationTests] [testIds] before test
[2020-02-16T22:22:24,494][INFO ][o.e.ExceptionSerializationTests] [testIds] after test
[2020-02-16T22:22:24,496][INFO ][o.e.ExceptionSerializationTests] [testActionNotFoundTransportException] before test
[2020-02-16T22:22:24,497][INFO ][o.e.ExceptionSerializationTests] [testActionNotFoundTransportException] after test
[2020-02-16T22:22:24,499][INFO ][o.e.ExceptionSerializationTests] [testSearchException] before test
[2020-02-16T22:22:24,500][INFO ][o.e.ExceptionSerializationTests] [testSearchException] after test
[2020-02-16T22:22:24,502][INFO ][o.e.ExceptionSerializationTests] [testShardLockObtainFailedException] before test
[2020-02-16T22:22:24,502][INFO ][o.e.ExceptionSerializationTests] [testShardLockObtainFailedException] after test
[2020-02-16T22:22:24,504][INFO ][o.e.ExceptionSerializationTests] [testElasticsearchSecurityException] before test
[2020-02-16T22:22:24,505][INFO ][o.e.ExceptionSerializationTests] [testElasticsearchSecurityException] after test
[2020-02-16T22:22:24,526][INFO ][o.e.ExceptionSerializationTests] [testSearchPhaseExecutionException] before test
[2020-02-16T22:22:24,527][INFO ][o.e.ExceptionSerializationTests] [testSearchPhaseExecutionException] after test
[2020-02-16T22:22:24,541][INFO ][o.e.ExceptionSerializationTests] [testIllegalIndexShardStateException] before test
[2020-02-16T22:22:24,550][INFO ][o.e.ExceptionSerializationTests] [testIllegalIndexShardStateException] after test
[2020-02-16T22:22:24,556][INFO ][o.e.ExceptionSerializationTests] [testActionTransportException] before test
[2020-02-16T22:22:24,556][INFO ][o.e.ExceptionSerializationTests] [testActionTransportException] after test
[2020-02-16T22:22:24,563][INFO ][o.e.ExceptionSerializationTests] [testIndexTemplateMissingException] before test
[2020-02-16T22:22:24,564][INFO ][o.e.ExceptionSerializationTests] [testIndexTemplateMissingException] after test
[2020-02-16T22:22:24,566][INFO ][o.e.ExceptionSerializationTests] [testSnapshotException] before test
[2020-02-16T22:22:24,568][INFO ][o.e.ExceptionSerializationTests] [testSnapshotException] after test
[2020-02-16T22:22:24,570][INFO ][o.e.ExceptionSerializationTests] [testCircuitBreakingException] before test
[2020-02-16T22:22:24,571][INFO ][o.e.ExceptionSerializationTests] [testCircuitBreakingException] after test
[2020-02-16T22:22:24,573][INFO ][o.e.ExceptionSerializationTests] [testParsingException] before test
[2020-02-16T22:22:24,574][INFO ][o.e.ExceptionSerializationTests] [testParsingException] after test
[2020-02-16T22:22:24,576][INFO ][o.e.ExceptionSerializationTests] [testRepositoryException] before test
[2020-02-16T22:22:24,576][INFO ][o.e.ExceptionSerializationTests] [testRepositoryException] after test
[2020-02-16T22:22:24,578][INFO ][o.e.ExceptionSerializationTests] [testWriteThrowable] before test
[2020-02-16T22:22:24,582][INFO ][o.e.ExceptionSerializationTests] [testWriteThrowable] after test
[2020-02-16T22:22:24,584][INFO ][o.e.ExceptionSerializationTests] [testWithRestHeadersException] before test
[2020-02-16T22:22:24,584][INFO ][o.e.ExceptionSerializationTests] [testWithRestHeadersException] after test
[2020-02-16T22:22:24,586][INFO ][o.e.ExceptionSerializationTests] [testThatIdsArePositive] before test
[2020-02-16T22:22:24,587][INFO ][o.e.ExceptionSerializationTests] [testThatIdsArePositive] after test
[2020-02-16T22:22:24,589][INFO ][o.e.ExceptionSerializationTests] [testElasticsearchRemoteException] before test
[2020-02-16T22:22:24,590][INFO ][o.e.ExceptionSerializationTests] [testElasticsearchRemoteException] after test
[2020-02-16T22:22:24,592][INFO ][o.e.ExceptionSerializationTests] [testSnapshotInProgressException] before test
[2020-02-16T22:22:24,592][INFO ][o.e.ExceptionSerializationTests] [testSnapshotInProgressException] after test
[2020-02-16T22:22:24,593][INFO ][o.e.ExceptionSerializationTests] [testFailedNodeException] before test
[2020-02-16T22:22:24,594][INFO ][o.e.ExceptionSerializationTests] [testFailedNodeException] after test
[2020-02-16T22:22:24,595][INFO ][o.e.ExceptionSerializationTests] [testFileSystemExceptions] before test
[2020-02-16T22:22:24,597][INFO ][o.e.ExceptionSerializationTests] [testFileSystemExceptions] after test
[2020-02-16T22:22:24,599][INFO ][o.e.ExceptionSerializationTests] [testQueryShardException] before test
[2020-02-16T22:22:24,599][INFO ][o.e.ExceptionSerializationTests] [testQueryShardException] after test
[2020-02-16T22:22:24,605][INFO ][o.e.ExceptionSerializationTests] [testRecoverFilesRecoveryException] before test
[2020-02-16T22:22:24,606][INFO ][o.e.ExceptionSerializationTests] [testRecoverFilesRecoveryException] after test
[2020-02-16T22:22:24,613][INFO ][o.e.ExceptionSerializationTests] [testClusterBlockException] before test
[2020-02-16T22:22:24,626][INFO ][o.e.ExceptionSerializationTests] [testClusterBlockException] after test
[2020-02-16T22:22:24,628][INFO ][o.e.ExceptionSerializationTests] [testThatIdsAreUnique] before test
[2020-02-16T22:22:24,629][INFO ][o.e.ExceptionSerializationTests] [testThatIdsAreUnique] after test
[2020-02-16T22:22:24,630][INFO ][o.e.ExceptionSerializationTests] [testUnknownException] before test
[2020-02-16T22:22:24,631][INFO ][o.e.ExceptionSerializationTests] [testUnknownException] after test
]]></system-out>
  <system-err><![CDATA[]]></system-err>
</testsuite>
