<?xml version="1.0" encoding="UTF-8"?>
<testsuite name="org.elasticsearch.index.mapper.BinaryFieldMapperTests" tests="3" skipped="0" failures="0" errors="0" timestamp="2020-02-16T22:22:12" hostname="Escoto-PC" time="0.865">
  <properties/>
  <testcase name="testEmptyName" classname="org.elasticsearch.index.mapper.BinaryFieldMapperTests" time="0.706"/>
  <testcase name="testDefaultMapping" classname="org.elasticsearch.index.mapper.BinaryFieldMapperTests" time="0.079"/>
  <testcase name="testStoredValue" classname="org.elasticsearch.index.mapper.BinaryFieldMapperTests" time="0.08"/>
  <system-out><![CDATA[[2020-02-17T00:22:12,583][INFO ][o.e.e.NodeEnvironment    ] [testEmptyName] using [1] data paths, mounts [[Old HDD (E:)]], net usable_space [89.5gb], net total_space [232.8gb], types [NTFS]
[2020-02-17T00:22:12,584][INFO ][o.e.e.NodeEnvironment    ] [testEmptyName] heap size [512mb], compressed ordinary object pointers [true]
[2020-02-17T00:22:12,586][INFO ][o.e.n.Node               ] [testEmptyName] node name [node_s_0], node ID [_mIL0j1ySXGbpZDFpHa2OQ], cluster name [single-node-cluster-TEST_WORKER_VM=[13]-CLUSTER_SEED=[-7863057641034857567]-HASH=[13B6BBED9F8]]
[2020-02-17T00:22:12,586][INFO ][o.e.n.Node               ] [testEmptyName] version[7.5.1], pid[5104], build[unknown/unknown/unknown/unknown], OS[Windows 7/6.1/amd64], JVM[Oracle Corporation/OpenJDK 64-Bit Server VM/12.0.2/12.0.2+10]
[2020-02-17T00:22:12,586][INFO ][o.e.n.Node               ] [testEmptyName] JVM home [C:\Program Files\Java\jdk-12.0.2]
[2020-02-17T00:22:12,586][INFO ][o.e.n.Node               ] [testEmptyName] JVM arguments [-Dcompiler.java=12, -Des.scripting.update.ctx_in_params=false, -Des.transport.cname_in_publish_address=true, -Dgradle.dist.lib=C:\Users\Escoto\.gradle\wrapper\dists\gradle-5.6.2-bin\3clyn6icets6f02ptgd5hlmou\gradle-5.6.2\lib, -Dgradle.user.home=C:\Users\Escoto\.gradle, -Dgradle.worker.jar=C:\Users\Escoto\.gradle/caches/5.6.2/workerMain/gradle-worker.jar, -Dio.netty.noKeySetOptimization=true, -Dio.netty.noUnsafe=true, -Dio.netty.recycler.maxCapacityPerThread=0, -Djava.awt.headless=true, -Djna.nosys=true, -Dorg.gradle.native=false, -Druntime.java=12, -Dtests.artifact=server, -Dtests.gradle=true, -Dtests.logger.level=WARN, -Dtests.security.manager=true, -Dtests.seed=9EA1F2A3814E5F76, -Dtests.task=:server:test, -Dtests.timeoutSuite=1800000!, -esa, --illegal-access=warn, -XX:+HeapDumpOnOutOfMemoryError, -XX:HeapDumpPath=E:\NotD\git\elasticsearch\server\build\heapdump, -Xms512m, -Xmx512m, -Dfile.encoding=windows-1252, -Djava.io.tmpdir=./temp, -Duser.country=US, -Duser.language=en, -Duser.variant, -ea]
[2020-02-17T00:22:12,586][INFO ][o.e.p.PluginsService     ] [testEmptyName] no modules loaded
[2020-02-17T00:22:12,586][INFO ][o.e.p.PluginsService     ] [testEmptyName] loaded plugin [org.elasticsearch.test.InternalSettingsPlugin]
[2020-02-17T00:22:12,586][INFO ][o.e.p.PluginsService     ] [testEmptyName] loaded plugin [org.elasticsearch.test.MockHttpTransport$TestPlugin]
[2020-02-17T00:22:12,586][INFO ][o.e.p.PluginsService     ] [testEmptyName] loaded plugin [org.elasticsearch.transport.nio.MockNioTransportPlugin]
[2020-02-17T00:22:12,765][INFO ][o.e.d.DiscoveryModule    ] [testEmptyName] using discovery type [zen] and seed hosts providers [settings]
[2020-02-17T00:22:12,773][INFO ][o.e.n.Node               ] [testEmptyName] initialized
[2020-02-17T00:22:12,773][INFO ][o.e.n.Node               ] [testEmptyName] starting ...
[2020-02-17T00:22:13,050][INFO ][o.e.t.TransportService   ] [testEmptyName] publish_address {127.0.0.1:11600}, bound_addresses {127.0.0.1:11600}, {[::1]:11600}
[2020-02-17T00:22:13,056][INFO ][o.e.c.c.Coordinator      ] [testEmptyName] setting initial configuration to VotingConfiguration{_mIL0j1ySXGbpZDFpHa2OQ}
[2020-02-17T00:22:13,162][INFO ][o.e.c.s.MasterService    ] [node_s_0] elected-as-master ([1] nodes joined)[{node_s_0}{_mIL0j1ySXGbpZDFpHa2OQ}{Hl_JTTGgQ_yZwYzQRCNlrQ}{127.0.0.1}{127.0.0.1:11600}{dim} elect leader, _BECOME_MASTER_TASK_, _FINISH_ELECTION_], term: 1, version: 1, delta: master node changed {previous [], current [{node_s_0}{_mIL0j1ySXGbpZDFpHa2OQ}{Hl_JTTGgQ_yZwYzQRCNlrQ}{127.0.0.1}{127.0.0.1:11600}{dim}]}
[2020-02-17T00:22:13,168][INFO ][o.e.c.c.CoordinationState] [node_s_0] cluster UUID set to [PCtS3K1TQuWPs8q5HHeCzw]
[2020-02-17T00:22:13,175][INFO ][o.e.c.s.ClusterApplierService] [node_s_0] master node changed {previous [], current [{node_s_0}{_mIL0j1ySXGbpZDFpHa2OQ}{Hl_JTTGgQ_yZwYzQRCNlrQ}{127.0.0.1}{127.0.0.1:11600}{dim}]}, term: 1, version: 1, reason: Publication{term=1, version=1}
[2020-02-17T00:22:13,176][INFO ][o.e.n.Node               ] [testEmptyName] started
[2020-02-17T00:22:13,180][INFO ][o.e.g.GatewayService     ] [node_s_0] recovered [0] indices into cluster_state
[2020-02-17T00:22:13,181][INFO ][o.e.c.m.MetaDataIndexTemplateService] [node_s_0] adding template [one_shard_index_template] for index patterns [*]
[2020-02-17T00:22:13,190][INFO ][o.e.c.m.MetaDataIndexTemplateService] [node_s_0] adding template [random-soft-deletes-template] for index patterns [*]
[2020-02-17T00:22:13,198][INFO ][o.e.i.m.BinaryFieldMapperTests] [testEmptyName] before test
[2020-02-17T00:22:13,199][INFO ][o.e.c.m.MetaDataCreateIndexService] [node_s_0] [test] creating index, cause [api], templates [one_shard_index_template, random-soft-deletes-template], shards [1]/[0], mappings []
[2020-02-17T00:22:13,247][INFO ][o.e.c.r.a.AllocationService] [node_s_0] Cluster health status changed from [YELLOW] to [GREEN] (reason: [shards started [[test][0]]]).
[2020-02-17T00:22:13,258][INFO ][o.e.i.m.BinaryFieldMapperTests] [testEmptyName] after test
[2020-02-17T00:22:13,258][INFO ][o.e.c.m.MetaDataDeleteIndexService] [node_s_0] [test/AAqRfILUS3mSX8G_ros-FA] deleting index
[2020-02-17T00:22:13,280][INFO ][o.e.i.m.BinaryFieldMapperTests] [testDefaultMapping] before test
[2020-02-17T00:22:13,282][INFO ][o.e.c.m.MetaDataCreateIndexService] [node_s_0] [test] creating index, cause [api], templates [one_shard_index_template, random-soft-deletes-template], shards [1]/[0], mappings [type]
[2020-02-17T00:22:13,332][INFO ][o.e.c.r.a.AllocationService] [node_s_0] Cluster health status changed from [YELLOW] to [GREEN] (reason: [shards started [[test][0]]]).
[2020-02-17T00:22:13,340][INFO ][o.e.i.m.BinaryFieldMapperTests] [testDefaultMapping] after test
[2020-02-17T00:22:13,340][INFO ][o.e.c.m.MetaDataDeleteIndexService] [node_s_0] [test/mu_sJT2aQ7-yO3CUIJMHzg] deleting index
[2020-02-17T00:22:13,360][INFO ][o.e.i.m.BinaryFieldMapperTests] [testStoredValue] before test
[2020-02-17T00:22:13,362][INFO ][o.e.c.m.MetaDataCreateIndexService] [node_s_0] [test] creating index, cause [api], templates [one_shard_index_template, random-soft-deletes-template], shards [1]/[0], mappings [type]
[2020-02-17T00:22:13,411][INFO ][o.e.c.r.a.AllocationService] [node_s_0] Cluster health status changed from [YELLOW] to [GREEN] (reason: [shards started [[test][0]]]).
[2020-02-17T00:22:13,420][INFO ][o.e.i.m.BinaryFieldMapperTests] [testStoredValue] after test
[2020-02-17T00:22:13,420][INFO ][o.e.c.m.MetaDataDeleteIndexService] [node_s_0] [test/aHr4rkJ9Q8qejkSHAASKXg] deleting index
[2020-02-17T00:22:13,438][INFO ][o.e.n.Node               ] [suite] stopping ...
[2020-02-17T00:22:13,439][INFO ][o.e.n.Node               ] [suite] stopped
[2020-02-17T00:22:13,439][INFO ][o.e.n.Node               ] [suite] closing ...
[2020-02-17T00:22:13,439][INFO ][o.e.n.Node               ] [suite] closed
]]></system-out>
  <system-err><![CDATA[]]></system-err>
</testsuite>
