<?xml version="1.0" encoding="UTF-8"?>
<testsuite name="org.elasticsearch.index.seqno.GlobalCheckpointSyncActionTests" tests="1" skipped="0" failures="0" errors="0" timestamp="2020-02-16T22:23:23" hostname="Escoto-PC" time="0.016">
  <properties/>
  <testcase name="testTranslogSyncAfterGlobalCheckpointSync" classname="org.elasticsearch.index.seqno.GlobalCheckpointSyncActionTests" time="0.016"/>
  <system-out><![CDATA[[2020-02-16T18:23:23,860][INFO ][o.e.i.s.GlobalCheckpointSyncActionTests] [testTranslogSyncAfterGlobalCheckpointSync] before test
[2020-02-16T18:23:23,864][INFO ][o.e.i.s.GlobalCheckpointSyncActionTests] [testTranslogSyncAfterGlobalCheckpointSync] after test
]]></system-out>
  <system-err><![CDATA[]]></system-err>
</testsuite>
