<?xml version="1.0" encoding="UTF-8"?>
<testsuite name="org.elasticsearch.index.mapper.DoubleIndexingDocTests" tests="1" skipped="0" failures="0" errors="0" timestamp="2020-02-16T22:23:02" hostname="Escoto-PC" time="0.958">
  <properties/>
  <testcase name="testDoubleIndexingSameDoc" classname="org.elasticsearch.index.mapper.DoubleIndexingDocTests" time="0.958"/>
  <system-out><![CDATA[[2020-02-17T09:23:02,091][INFO ][o.e.e.NodeEnvironment    ] [testDoubleIndexingSameDoc] using [1] data paths, mounts [[Old HDD (E:)]], net usable_space [89.5gb], net total_space [232.8gb], types [NTFS]
[2020-02-17T09:23:02,091][INFO ][o.e.e.NodeEnvironment    ] [testDoubleIndexingSameDoc] heap size [512mb], compressed ordinary object pointers [true]
[2020-02-17T09:23:02,093][INFO ][o.e.n.Node               ] [testDoubleIndexingSameDoc] node name [node_s_0], node ID [hpPGzlIYQEywFDov--K3hA], cluster name [single-node-cluster-TEST_WORKER_VM=[12]-CLUSTER_SEED=[5714678369466089874]-HASH=[146F280B110]]
[2020-02-17T09:23:02,093][INFO ][o.e.n.Node               ] [testDoubleIndexingSameDoc] version[7.5.1], pid[2148], build[unknown/unknown/unknown/unknown], OS[Windows 7/6.1/amd64], JVM[Oracle Corporation/OpenJDK 64-Bit Server VM/12.0.2/12.0.2+10]
[2020-02-17T09:23:02,093][INFO ][o.e.n.Node               ] [testDoubleIndexingSameDoc] JVM home [C:\Program Files\Java\jdk-12.0.2]
[2020-02-17T09:23:02,093][INFO ][o.e.n.Node               ] [testDoubleIndexingSameDoc] JVM arguments [-Dcompiler.java=12, -Des.scripting.update.ctx_in_params=false, -Des.transport.cname_in_publish_address=true, -Dgradle.dist.lib=C:\Users\Escoto\.gradle\wrapper\dists\gradle-5.6.2-bin\3clyn6icets6f02ptgd5hlmou\gradle-5.6.2\lib, -Dgradle.user.home=C:\Users\Escoto\.gradle, -Dgradle.worker.jar=C:\Users\Escoto\.gradle/caches/5.6.2/workerMain/gradle-worker.jar, -Dio.netty.noKeySetOptimization=true, -Dio.netty.noUnsafe=true, -Dio.netty.recycler.maxCapacityPerThread=0, -Djava.awt.headless=true, -Djna.nosys=true, -Dorg.gradle.native=false, -Druntime.java=12, -Dtests.artifact=server, -Dtests.gradle=true, -Dtests.logger.level=WARN, -Dtests.security.manager=true, -Dtests.seed=9EA1F2A3814E5F76, -Dtests.task=:server:test, -Dtests.timeoutSuite=1800000!, -esa, --illegal-access=warn, -XX:+HeapDumpOnOutOfMemoryError, -XX:HeapDumpPath=E:\NotD\git\elasticsearch\server\build\heapdump, -Xms512m, -Xmx512m, -Dfile.encoding=windows-1252, -Djava.io.tmpdir=./temp, -Duser.country=US, -Duser.language=en, -Duser.variant, -ea]
[2020-02-17T09:23:02,094][INFO ][o.e.p.PluginsService     ] [testDoubleIndexingSameDoc] no modules loaded
[2020-02-17T09:23:02,094][INFO ][o.e.p.PluginsService     ] [testDoubleIndexingSameDoc] loaded plugin [org.elasticsearch.test.MockHttpTransport$TestPlugin]
[2020-02-17T09:23:02,094][INFO ][o.e.p.PluginsService     ] [testDoubleIndexingSameDoc] loaded plugin [org.elasticsearch.transport.nio.MockNioTransportPlugin]
[2020-02-17T09:23:02,351][INFO ][o.e.d.DiscoveryModule    ] [testDoubleIndexingSameDoc] using discovery type [zen] and seed hosts providers [settings]
[2020-02-17T09:23:02,361][INFO ][o.e.n.Node               ] [testDoubleIndexingSameDoc] initialized
[2020-02-17T09:23:02,361][INFO ][o.e.n.Node               ] [testDoubleIndexingSameDoc] starting ...
[2020-02-17T09:23:02,717][INFO ][o.e.t.TransportService   ] [testDoubleIndexingSameDoc] publish_address {127.0.0.1:11500}, bound_addresses {127.0.0.1:11500}, {[::1]:11500}
[2020-02-17T09:23:02,724][INFO ][o.e.c.c.Coordinator      ] [testDoubleIndexingSameDoc] setting initial configuration to VotingConfiguration{hpPGzlIYQEywFDov--K3hA}
[2020-02-17T09:23:02,778][INFO ][o.e.c.s.MasterService    ] [node_s_0] elected-as-master ([1] nodes joined)[{node_s_0}{hpPGzlIYQEywFDov--K3hA}{lOE6Cv3mQrmyO9BcTWXYlA}{127.0.0.1}{127.0.0.1:11500}{dim} elect leader, _BECOME_MASTER_TASK_, _FINISH_ELECTION_], term: 1, version: 1, delta: master node changed {previous [], current [{node_s_0}{hpPGzlIYQEywFDov--K3hA}{lOE6Cv3mQrmyO9BcTWXYlA}{127.0.0.1}{127.0.0.1:11500}{dim}]}
[2020-02-17T09:23:02,785][INFO ][o.e.c.c.CoordinationState] [node_s_0] cluster UUID set to [3mNXK_zvQYmFA6I4XTJkeQ]
[2020-02-17T09:23:02,791][INFO ][o.e.c.s.ClusterApplierService] [node_s_0] master node changed {previous [], current [{node_s_0}{hpPGzlIYQEywFDov--K3hA}{lOE6Cv3mQrmyO9BcTWXYlA}{127.0.0.1}{127.0.0.1:11500}{dim}]}, term: 1, version: 1, reason: Publication{term=1, version=1}
[2020-02-17T09:23:02,792][INFO ][o.e.n.Node               ] [testDoubleIndexingSameDoc] started
[2020-02-17T09:23:02,797][INFO ][o.e.g.GatewayService     ] [node_s_0] recovered [0] indices into cluster_state
[2020-02-17T09:23:02,798][INFO ][o.e.c.m.MetaDataIndexTemplateService] [node_s_0] adding template [one_shard_index_template] for index patterns [*]
[2020-02-17T09:23:02,816][INFO ][o.e.c.m.MetaDataIndexTemplateService] [node_s_0] adding template [random-soft-deletes-template] for index patterns [*]
[2020-02-17T09:23:02,828][INFO ][o.e.i.m.DoubleIndexingDocTests] [testDoubleIndexingSameDoc] before test
[2020-02-17T09:23:02,830][INFO ][o.e.c.m.MetaDataCreateIndexService] [node_s_0] [test] creating index, cause [api], templates [random-soft-deletes-template, one_shard_index_template], shards [1]/[0], mappings []
[2020-02-17T09:23:02,888][INFO ][o.e.c.r.a.AllocationService] [node_s_0] Cluster health status changed from [YELLOW] to [GREEN] (reason: [shards started [[test][0]]]).
[2020-02-17T09:23:02,901][INFO ][o.e.c.m.MetaDataMappingService] [node_s_0] [test/qub_aO4oSHuzinX3GCtUQw] create_mapping [type]
[2020-02-17T09:23:02,916][INFO ][o.e.c.m.MetaDataMappingService] [node_s_0] [test/qub_aO4oSHuzinX3GCtUQw] update_mapping [type]
[2020-02-17T09:23:02,943][INFO ][o.e.i.m.DoubleIndexingDocTests] [testDoubleIndexingSameDoc] after test
[2020-02-17T09:23:02,955][INFO ][o.e.c.m.MetaDataDeleteIndexService] [node_s_0] [test/qub_aO4oSHuzinX3GCtUQw] deleting index
[2020-02-17T09:23:03,036][INFO ][o.e.n.Node               ] [suite] stopping ...
[2020-02-17T09:23:03,042][INFO ][o.e.n.Node               ] [suite] stopped
[2020-02-17T09:23:03,042][INFO ][o.e.n.Node               ] [suite] closing ...
[2020-02-17T09:23:03,045][INFO ][o.e.n.Node               ] [suite] closed
]]></system-out>
  <system-err><![CDATA[]]></system-err>
</testsuite>
