<?xml version="1.0" encoding="UTF-8"?>
<testsuite name="org.elasticsearch.index.query.functionscore.FunctionScoreEquivalenceTests" tests="3" skipped="0" failures="0" errors="0" timestamp="2020-02-16T22:23:05" hostname="Escoto-PC" time="0.093">
  <properties/>
  <testcase name="testMinScoreAllIncluded" classname="org.elasticsearch.index.query.functionscore.FunctionScoreEquivalenceTests" time="0.053"/>
  <testcase name="testMinScoreAllExcluded" classname="org.elasticsearch.index.query.functionscore.FunctionScoreEquivalenceTests" time="0.012"/>
  <testcase name="testTwoPhaseMinScore" classname="org.elasticsearch.index.query.functionscore.FunctionScoreEquivalenceTests" time="0.028"/>
  <system-out><![CDATA[]]></system-out>
  <system-err><![CDATA[]]></system-err>
</testsuite>
