<?xml version="1.0" encoding="UTF-8"?>
<testsuite name="org.elasticsearch.tasks.TaskIdTests" tests="2" skipped="0" failures="0" errors="0" timestamp="2020-02-16T22:24:44" hostname="Escoto-PC" time="0.008">
  <properties/>
  <testcase name="testSerialization" classname="org.elasticsearch.tasks.TaskIdTests" time="0.005"/>
  <testcase name="testSerializationOfEmpty" classname="org.elasticsearch.tasks.TaskIdTests" time="0.002"/>
  <system-out><![CDATA[[2020-02-16T12:24:44,460][INFO ][o.e.t.TaskIdTests        ] [testSerialization] before test
[2020-02-16T12:24:44,462][INFO ][o.e.t.TaskIdTests        ] [testSerialization] after test
[2020-02-16T12:24:44,464][INFO ][o.e.t.TaskIdTests        ] [testSerializationOfEmpty] before test
[2020-02-16T12:24:44,465][INFO ][o.e.t.TaskIdTests        ] [testSerializationOfEmpty] after test
]]></system-out>
  <system-err><![CDATA[]]></system-err>
</testsuite>
