<?xml version="1.0" encoding="UTF-8"?>
<testsuite name="org.elasticsearch.index.translog.MultiSnapshotTests" tests="4" skipped="0" failures="0" errors="0" timestamp="2020-02-16T22:24:40" hostname="Escoto-PC" time="0.102">
  <properties/>
  <testcase name="testTrackSeqNoSparseRanges" classname="org.elasticsearch.index.translog.MultiSnapshotTests" time="0.009"/>
  <testcase name="testTrackSeqNoDenseRanges" classname="org.elasticsearch.index.translog.MultiSnapshotTests" time="0.019"/>
  <testcase name="testTrackSeqNoMimicTranslogRanges" classname="org.elasticsearch.index.translog.MultiSnapshotTests" time="0.072"/>
  <testcase name="testTrackSeqNoSimpleRange" classname="org.elasticsearch.index.translog.MultiSnapshotTests" time="0.002"/>
  <system-out><![CDATA[[2020-02-16T16:24:40,599][INFO ][o.e.i.t.MultiSnapshotTests] [testTrackSeqNoSparseRanges] before test
[2020-02-16T16:24:40,606][INFO ][o.e.i.t.MultiSnapshotTests] [testTrackSeqNoSparseRanges] after test
[2020-02-16T16:24:40,621][INFO ][o.e.i.t.MultiSnapshotTests] [testTrackSeqNoDenseRanges] before test
[2020-02-16T16:24:40,625][INFO ][o.e.i.t.MultiSnapshotTests] [testTrackSeqNoDenseRanges] after test
[2020-02-16T16:24:40,631][INFO ][o.e.i.t.MultiSnapshotTests] [testTrackSeqNoMimicTranslogRanges] before test
[2020-02-16T16:24:40,697][INFO ][o.e.i.t.MultiSnapshotTests] [testTrackSeqNoMimicTranslogRanges] after test
[2020-02-16T16:24:40,699][INFO ][o.e.i.t.MultiSnapshotTests] [testTrackSeqNoSimpleRange] before test
[2020-02-16T16:24:40,699][INFO ][o.e.i.t.MultiSnapshotTests] [testTrackSeqNoSimpleRange] after test
]]></system-out>
  <system-err><![CDATA[]]></system-err>
</testsuite>
