<?xml version="1.0" encoding="UTF-8"?>
<testsuite name="org.elasticsearch.index.mapper.MapperTests" tests="2" skipped="0" failures="0" errors="0" timestamp="2020-02-16T22:23:21" hostname="Escoto-PC" time="0.009">
  <properties/>
  <testcase name="testBuilderContextWithIndexSettingsAsNull" classname="org.elasticsearch.index.mapper.MapperTests" time="0.008"/>
  <testcase name="testSuccessfulBuilderContext" classname="org.elasticsearch.index.mapper.MapperTests" time="0.001"/>
  <system-out><![CDATA[[2020-02-16T22:23:21,627][INFO ][o.e.i.m.MapperTests      ] [testBuilderContextWithIndexSettingsAsNull] before test
[2020-02-16T22:23:21,629][INFO ][o.e.i.m.MapperTests      ] [testBuilderContextWithIndexSettingsAsNull] after test
[2020-02-16T22:23:21,631][INFO ][o.e.i.m.MapperTests      ] [testSuccessfulBuilderContext] before test
[2020-02-16T22:23:21,631][INFO ][o.e.i.m.MapperTests      ] [testSuccessfulBuilderContext] after test
]]></system-out>
  <system-err><![CDATA[]]></system-err>
</testsuite>
