<?xml version="1.0" encoding="UTF-8"?>
<testsuite name="org.elasticsearch.action.explain.ExplainRequestTests" tests="2" skipped="0" failures="0" errors="0" timestamp="2020-02-16T22:20:36" hostname="Escoto-PC" time="0.015">
  <properties/>
  <testcase name="testSerialize" classname="org.elasticsearch.action.explain.ExplainRequestTests" time="0.012"/>
  <testcase name="testValidation" classname="org.elasticsearch.action.explain.ExplainRequestTests" time="0.003"/>
  <system-out><![CDATA[[2020-02-17T06:20:36,466][INFO ][o.e.a.e.ExplainRequestTests] [testSerialize] before test
[2020-02-17T06:20:36,470][INFO ][o.e.a.e.ExplainRequestTests] [testSerialize] after test
[2020-02-17T06:20:36,474][INFO ][o.e.a.e.ExplainRequestTests] [testValidation] before test
[2020-02-17T06:20:36,474][INFO ][o.e.a.e.ExplainRequestTests] [testValidation] after test
]]></system-out>
  <system-err><![CDATA[]]></system-err>
</testsuite>
