<?xml version="1.0" encoding="UTF-8"?>
<testsuite name="org.elasticsearch.snapshots.SnapshotInfoTests" tests="2" skipped="0" failures="0" errors="0" timestamp="2020-02-16T22:25:53" hostname="Escoto-PC" time="0.029">
  <properties/>
  <testcase name="testEqualsAndHashcode" classname="org.elasticsearch.snapshots.SnapshotInfoTests" time="0.02"/>
  <testcase name="testSerialization" classname="org.elasticsearch.snapshots.SnapshotInfoTests" time="0.009"/>
  <system-out><![CDATA[[2020-02-16T22:25:53,107][INFO ][o.e.s.SnapshotInfoTests  ] [testEqualsAndHashcode] before test
[2020-02-16T22:25:53,125][INFO ][o.e.s.SnapshotInfoTests  ] [testEqualsAndHashcode] after test
[2020-02-16T22:25:53,129][INFO ][o.e.s.SnapshotInfoTests  ] [testSerialization] before test
[2020-02-16T22:25:53,134][INFO ][o.e.s.SnapshotInfoTests  ] [testSerialization] after test
]]></system-out>
  <system-err><![CDATA[]]></system-err>
</testsuite>
