<?xml version="1.0" encoding="UTF-8"?>
<testsuite name="org.elasticsearch.common.xcontent.support.filtering.CborXContentFilteringTests" tests="36" skipped="0" failures="0" errors="0" timestamp="2020-02-16T22:22:03" hostname="Escoto-PC" time="0.132">
  <properties/>
  <testcase name="testEmptyObject" classname="org.elasticsearch.common.xcontent.support.filtering.CborXContentFilteringTests" time="0.009"/>
  <testcase name="testSimpleArrayOfObjectsPropertyInclusive" classname="org.elasticsearch.common.xcontent.support.filtering.CborXContentFilteringTests" time="0.003"/>
  <testcase name="testRecurseField1Inclusive" classname="org.elasticsearch.common.xcontent.support.filtering.CborXContentFilteringTests" time="0.004"/>
  <testcase name="testSingleFieldWithBothExcludesIncludes" classname="org.elasticsearch.common.xcontent.support.filtering.CborXContentFilteringTests" time="0.002"/>
  <testcase name="testRecurseField2Inclusive" classname="org.elasticsearch.common.xcontent.support.filtering.CborXContentFilteringTests" time="0.007"/>
  <testcase name="testNoFiltering" classname="org.elasticsearch.common.xcontent.support.filtering.CborXContentFilteringTests" time="0.003"/>
  <testcase name="testSimpleFieldWithWildcardInclusive" classname="org.elasticsearch.common.xcontent.support.filtering.CborXContentFilteringTests" time="0.003"/>
  <testcase name="testRecurseField4Exclusive" classname="org.elasticsearch.common.xcontent.support.filtering.CborXContentFilteringTests" time="0.002"/>
  <testcase name="testArrays" classname="org.elasticsearch.common.xcontent.support.filtering.CborXContentFilteringTests" time="0.006"/>
  <testcase name="testRecurseField2Exclusive" classname="org.elasticsearch.common.xcontent.support.filtering.CborXContentFilteringTests" time="0.004"/>
  <testcase name="testMultipleFieldsInclusive" classname="org.elasticsearch.common.xcontent.support.filtering.CborXContentFilteringTests" time="0.002"/>
  <testcase name="testWithLfAtEnd" classname="org.elasticsearch.common.xcontent.support.filtering.CborXContentFilteringTests" time="0.002"/>
  <testcase name="testSimpleFieldInclusive" classname="org.elasticsearch.common.xcontent.support.filtering.CborXContentFilteringTests" time="0.003"/>
  <testcase name="testObjectsInArrayWithBothExcludesIncludes" classname="org.elasticsearch.common.xcontent.support.filtering.CborXContentFilteringTests" time="0.002"/>
  <testcase name="testSimpleFieldWithWildcardExclusive" classname="org.elasticsearch.common.xcontent.support.filtering.CborXContentFilteringTests" time="0.002"/>
  <testcase name="testRecurseField1Exclusive" classname="org.elasticsearch.common.xcontent.support.filtering.CborXContentFilteringTests" time="0.003"/>
  <testcase name="testNoMatch" classname="org.elasticsearch.common.xcontent.support.filtering.CborXContentFilteringTests" time="0.003"/>
  <testcase name="testSimpleArrayOfObjectsPropertyExclusive" classname="org.elasticsearch.common.xcontent.support.filtering.CborXContentFilteringTests" time="0.002"/>
  <testcase name="testSimpleArrayExclusive" classname="org.elasticsearch.common.xcontent.support.filtering.CborXContentFilteringTests" time="0.002"/>
  <testcase name="testRecurseField4Inclusive" classname="org.elasticsearch.common.xcontent.support.filtering.CborXContentFilteringTests" time="0.003"/>
  <testcase name="testMultipleFieldsExclusive" classname="org.elasticsearch.common.xcontent.support.filtering.CborXContentFilteringTests" time="0.003"/>
  <testcase name="testRecurseField3Inclusive" classname="org.elasticsearch.common.xcontent.support.filtering.CborXContentFilteringTests" time="0.002"/>
  <testcase name="testRecursiveObjectsInArrayWithBothExcludesIncludes" classname="org.elasticsearch.common.xcontent.support.filtering.CborXContentFilteringTests" time="0.002"/>
  <testcase name="testSimpleArrayOfObjectsExclusive" classname="org.elasticsearch.common.xcontent.support.filtering.CborXContentFilteringTests" time="0.003"/>
  <testcase name="testSingleFieldObject" classname="org.elasticsearch.common.xcontent.support.filtering.CborXContentFilteringTests" time="0.002"/>
  <testcase name="testRecurseField3Exclusive" classname="org.elasticsearch.common.xcontent.support.filtering.CborXContentFilteringTests" time="0.002"/>
  <testcase name="testRecursiveObjectsPropertiesWithBothExcludesIncludes" classname="org.elasticsearch.common.xcontent.support.filtering.CborXContentFilteringTests" time="0.002"/>
  <testcase name="testSimpleFieldExclusive" classname="org.elasticsearch.common.xcontent.support.filtering.CborXContentFilteringTests" time="0.002"/>
  <testcase name="testBasics" classname="org.elasticsearch.common.xcontent.support.filtering.CborXContentFilteringTests" time="0.021"/>
  <testcase name="testFilterPrefix" classname="org.elasticsearch.common.xcontent.support.filtering.CborXContentFilteringTests" time="0.002"/>
  <testcase name="testRecursiveSameObjectWithBothExcludesIncludes" classname="org.elasticsearch.common.xcontent.support.filtering.CborXContentFilteringTests" time="0.002"/>
  <testcase name="testSimpleArrayInclusive" classname="org.elasticsearch.common.xcontent.support.filtering.CborXContentFilteringTests" time="0.002"/>
  <testcase name="testSimpleArrayOfObjectsInclusive" classname="org.elasticsearch.common.xcontent.support.filtering.CborXContentFilteringTests" time="0.002"/>
  <testcase name="testFilterSharedPrefixes" classname="org.elasticsearch.common.xcontent.support.filtering.CborXContentFilteringTests" time="0.003"/>
  <testcase name="testRawField" classname="org.elasticsearch.common.xcontent.support.filtering.CborXContentFilteringTests" time="0.002"/>
  <testcase name="testFilterSupplementaryCharactersInPaths" classname="org.elasticsearch.common.xcontent.support.filtering.CborXContentFilteringTests" time="0.002"/>
  <system-out><![CDATA[[2020-02-16T16:22:03,601][INFO ][o.e.c.x.s.f.CborXContentFilteringTests] [testEmptyObject] before test
[2020-02-16T16:22:03,607][INFO ][o.e.c.x.s.f.CborXContentFilteringTests] [testEmptyObject] after test
[2020-02-16T16:22:03,610][INFO ][o.e.c.x.s.f.CborXContentFilteringTests] [testSimpleArrayOfObjectsPropertyInclusive] before test
[2020-02-16T16:22:03,611][INFO ][o.e.c.x.s.f.CborXContentFilteringTests] [testSimpleArrayOfObjectsPropertyInclusive] after test
[2020-02-16T16:22:03,616][INFO ][o.e.c.x.s.f.CborXContentFilteringTests] [testRecurseField1Inclusive] before test
[2020-02-16T16:22:03,616][INFO ][o.e.c.x.s.f.CborXContentFilteringTests] [testRecurseField1Inclusive] after test
[2020-02-16T16:22:03,619][INFO ][o.e.c.x.s.f.CborXContentFilteringTests] [testSingleFieldWithBothExcludesIncludes] before test
[2020-02-16T16:22:03,619][INFO ][o.e.c.x.s.f.CborXContentFilteringTests] [testSingleFieldWithBothExcludesIncludes] after test
[2020-02-16T16:22:03,626][INFO ][o.e.c.x.s.f.CborXContentFilteringTests] [testRecurseField2Inclusive] before test
[2020-02-16T16:22:03,627][INFO ][o.e.c.x.s.f.CborXContentFilteringTests] [testRecurseField2Inclusive] after test
[2020-02-16T16:22:03,629][INFO ][o.e.c.x.s.f.CborXContentFilteringTests] [testNoFiltering] before test
[2020-02-16T16:22:03,630][INFO ][o.e.c.x.s.f.CborXContentFilteringTests] [testNoFiltering] after test
[2020-02-16T16:22:03,632][INFO ][o.e.c.x.s.f.CborXContentFilteringTests] [testSimpleFieldWithWildcardInclusive] before test
[2020-02-16T16:22:03,632][INFO ][o.e.c.x.s.f.CborXContentFilteringTests] [testSimpleFieldWithWildcardInclusive] after test
[2020-02-16T16:22:03,634][INFO ][o.e.c.x.s.f.CborXContentFilteringTests] [testRecurseField4Exclusive] before test
[2020-02-16T16:22:03,635][INFO ][o.e.c.x.s.f.CborXContentFilteringTests] [testRecurseField4Exclusive] after test
[2020-02-16T16:22:03,640][INFO ][o.e.c.x.s.f.CborXContentFilteringTests] [testArrays] before test
[2020-02-16T16:22:03,641][INFO ][o.e.c.x.s.f.CborXContentFilteringTests] [testArrays] after test
[2020-02-16T16:22:03,645][INFO ][o.e.c.x.s.f.CborXContentFilteringTests] [testRecurseField2Exclusive] before test
[2020-02-16T16:22:03,646][INFO ][o.e.c.x.s.f.CborXContentFilteringTests] [testRecurseField2Exclusive] after test
[2020-02-16T16:22:03,648][INFO ][o.e.c.x.s.f.CborXContentFilteringTests] [testMultipleFieldsInclusive] before test
[2020-02-16T16:22:03,648][INFO ][o.e.c.x.s.f.CborXContentFilteringTests] [testMultipleFieldsInclusive] after test
[2020-02-16T16:22:03,650][INFO ][o.e.c.x.s.f.CborXContentFilteringTests] [testWithLfAtEnd] before test
[2020-02-16T16:22:03,651][INFO ][o.e.c.x.s.f.CborXContentFilteringTests] [testWithLfAtEnd] after test
[2020-02-16T16:22:03,653][INFO ][o.e.c.x.s.f.CborXContentFilteringTests] [testSimpleFieldInclusive] before test
[2020-02-16T16:22:03,653][INFO ][o.e.c.x.s.f.CborXContentFilteringTests] [testSimpleFieldInclusive] after test
[2020-02-16T16:22:03,656][INFO ][o.e.c.x.s.f.CborXContentFilteringTests] [testObjectsInArrayWithBothExcludesIncludes] before test
[2020-02-16T16:22:03,656][INFO ][o.e.c.x.s.f.CborXContentFilteringTests] [testObjectsInArrayWithBothExcludesIncludes] after test
[2020-02-16T16:22:03,658][INFO ][o.e.c.x.s.f.CborXContentFilteringTests] [testSimpleFieldWithWildcardExclusive] before test
[2020-02-16T16:22:03,659][INFO ][o.e.c.x.s.f.CborXContentFilteringTests] [testSimpleFieldWithWildcardExclusive] after test
[2020-02-16T16:22:03,661][INFO ][o.e.c.x.s.f.CborXContentFilteringTests] [testRecurseField1Exclusive] before test
[2020-02-16T16:22:03,661][INFO ][o.e.c.x.s.f.CborXContentFilteringTests] [testRecurseField1Exclusive] after test
[2020-02-16T16:22:03,664][INFO ][o.e.c.x.s.f.CborXContentFilteringTests] [testNoMatch] before test
[2020-02-16T16:22:03,664][INFO ][o.e.c.x.s.f.CborXContentFilteringTests] [testNoMatch] after test
[2020-02-16T16:22:03,666][INFO ][o.e.c.x.s.f.CborXContentFilteringTests] [testSimpleArrayOfObjectsPropertyExclusive] before test
[2020-02-16T16:22:03,667][INFO ][o.e.c.x.s.f.CborXContentFilteringTests] [testSimpleArrayOfObjectsPropertyExclusive] after test
[2020-02-16T16:22:03,669][INFO ][o.e.c.x.s.f.CborXContentFilteringTests] [testSimpleArrayExclusive] before test
[2020-02-16T16:22:03,670][INFO ][o.e.c.x.s.f.CborXContentFilteringTests] [testSimpleArrayExclusive] after test
[2020-02-16T16:22:03,672][INFO ][o.e.c.x.s.f.CborXContentFilteringTests] [testRecurseField4Inclusive] before test
[2020-02-16T16:22:03,673][INFO ][o.e.c.x.s.f.CborXContentFilteringTests] [testRecurseField4Inclusive] after test
[2020-02-16T16:22:03,675][INFO ][o.e.c.x.s.f.CborXContentFilteringTests] [testMultipleFieldsExclusive] before test
[2020-02-16T16:22:03,676][INFO ][o.e.c.x.s.f.CborXContentFilteringTests] [testMultipleFieldsExclusive] after test
[2020-02-16T16:22:03,678][INFO ][o.e.c.x.s.f.CborXContentFilteringTests] [testRecurseField3Inclusive] before test
[2020-02-16T16:22:03,678][INFO ][o.e.c.x.s.f.CborXContentFilteringTests] [testRecurseField3Inclusive] after test
[2020-02-16T16:22:03,679][INFO ][o.e.c.x.s.f.CborXContentFilteringTests] [testRecursiveObjectsInArrayWithBothExcludesIncludes] before test
[2020-02-16T16:22:03,680][INFO ][o.e.c.x.s.f.CborXContentFilteringTests] [testRecursiveObjectsInArrayWithBothExcludesIncludes] after test
[2020-02-16T16:22:03,682][INFO ][o.e.c.x.s.f.CborXContentFilteringTests] [testSimpleArrayOfObjectsExclusive] before test
[2020-02-16T16:22:03,683][INFO ][o.e.c.x.s.f.CborXContentFilteringTests] [testSimpleArrayOfObjectsExclusive] after test
[2020-02-16T16:22:03,684][INFO ][o.e.c.x.s.f.CborXContentFilteringTests] [testSingleFieldObject] before test
[2020-02-16T16:22:03,685][INFO ][o.e.c.x.s.f.CborXContentFilteringTests] [testSingleFieldObject] after test
[2020-02-16T16:22:03,687][INFO ][o.e.c.x.s.f.CborXContentFilteringTests] [testRecurseField3Exclusive] before test
[2020-02-16T16:22:03,687][INFO ][o.e.c.x.s.f.CborXContentFilteringTests] [testRecurseField3Exclusive] after test
[2020-02-16T16:22:03,689][INFO ][o.e.c.x.s.f.CborXContentFilteringTests] [testRecursiveObjectsPropertiesWithBothExcludesIncludes] before test
[2020-02-16T16:22:03,690][INFO ][o.e.c.x.s.f.CborXContentFilteringTests] [testRecursiveObjectsPropertiesWithBothExcludesIncludes] after test
[2020-02-16T16:22:03,692][INFO ][o.e.c.x.s.f.CborXContentFilteringTests] [testSimpleFieldExclusive] before test
[2020-02-16T16:22:03,692][INFO ][o.e.c.x.s.f.CborXContentFilteringTests] [testSimpleFieldExclusive] after test
[2020-02-16T16:22:03,694][INFO ][o.e.c.x.s.f.CborXContentFilteringTests] [testBasics] before test
[2020-02-16T16:22:03,713][INFO ][o.e.c.x.s.f.CborXContentFilteringTests] [testBasics] after test
[2020-02-16T16:22:03,714][INFO ][o.e.c.x.s.f.CborXContentFilteringTests] [testFilterPrefix] before test
[2020-02-16T16:22:03,715][INFO ][o.e.c.x.s.f.CborXContentFilteringTests] [testFilterPrefix] after test
[2020-02-16T16:22:03,717][INFO ][o.e.c.x.s.f.CborXContentFilteringTests] [testRecursiveSameObjectWithBothExcludesIncludes] before test
[2020-02-16T16:22:03,717][INFO ][o.e.c.x.s.f.CborXContentFilteringTests] [testRecursiveSameObjectWithBothExcludesIncludes] after test
[2020-02-16T16:22:03,719][INFO ][o.e.c.x.s.f.CborXContentFilteringTests] [testSimpleArrayInclusive] before test
[2020-02-16T16:22:03,719][INFO ][o.e.c.x.s.f.CborXContentFilteringTests] [testSimpleArrayInclusive] after test
[2020-02-16T16:22:03,721][INFO ][o.e.c.x.s.f.CborXContentFilteringTests] [testSimpleArrayOfObjectsInclusive] before test
[2020-02-16T16:22:03,722][INFO ][o.e.c.x.s.f.CborXContentFilteringTests] [testSimpleArrayOfObjectsInclusive] after test
[2020-02-16T16:22:03,723][INFO ][o.e.c.x.s.f.CborXContentFilteringTests] [testFilterSharedPrefixes] before test
[2020-02-16T16:22:03,724][INFO ][o.e.c.x.s.f.CborXContentFilteringTests] [testFilterSharedPrefixes] after test
[2020-02-16T16:22:03,726][INFO ][o.e.c.x.s.f.CborXContentFilteringTests] [testRawField] before test
[2020-02-16T16:22:03,727][INFO ][o.e.c.x.s.f.CborXContentFilteringTests] [testRawField] after test
[2020-02-16T16:22:03,729][INFO ][o.e.c.x.s.f.CborXContentFilteringTests] [testFilterSupplementaryCharactersInPaths] before test
[2020-02-16T16:22:03,730][INFO ][o.e.c.x.s.f.CborXContentFilteringTests] [testFilterSupplementaryCharactersInPaths] after test
]]></system-out>
  <system-err><![CDATA[]]></system-err>
</testsuite>
