<?xml version="1.0" encoding="UTF-8"?>
<testsuite name="org.elasticsearch.common.util.concurrent.ResizableBlockingQueueTests" tests="1" skipped="0" failures="0" errors="0" timestamp="2020-02-16T22:21:59" hostname="Escoto-PC" time="0.003">
  <properties/>
  <testcase name="testAdjustCapacity" classname="org.elasticsearch.common.util.concurrent.ResizableBlockingQueueTests" time="0.003"/>
  <system-out><![CDATA[[2020-02-17T03:21:59,927][INFO ][o.e.c.u.c.ResizableBlockingQueueTests] [testAdjustCapacity] before test
[2020-02-17T03:21:59,928][INFO ][o.e.c.u.c.ResizableBlockingQueueTests] [testAdjustCapacity] after test
]]></system-out>
  <system-err><![CDATA[]]></system-err>
</testsuite>
