<?xml version="1.0" encoding="UTF-8"?>
<testsuite name="org.elasticsearch.action.admin.cluster.health.TransportClusterHealthActionTests" tests="2" skipped="0" failures="0" errors="0" timestamp="2020-02-16T22:20:00" hostname="Escoto-PC" time="0.123">
  <properties/>
  <testcase name="testWaitForAllShards" classname="org.elasticsearch.action.admin.cluster.health.TransportClusterHealthActionTests" time="0.111"/>
  <testcase name="testWaitForInitializingShards" classname="org.elasticsearch.action.admin.cluster.health.TransportClusterHealthActionTests" time="0.012"/>
  <system-out><![CDATA[[2020-02-16T19:20:00,855][INFO ][o.e.a.a.c.h.TransportClusterHealthActionTests] [testWaitForAllShards] before test
[2020-02-16T19:20:00,885][INFO ][o.e.a.a.c.h.TransportClusterHealthActionTests] [testWaitForAllShards] after test
[2020-02-16T19:20:00,892][INFO ][o.e.a.a.c.h.TransportClusterHealthActionTests] [testWaitForInitializingShards] before test
[2020-02-16T19:20:00,896][INFO ][o.e.a.a.c.h.TransportClusterHealthActionTests] [testWaitForInitializingShards] after test
]]></system-out>
  <system-err><![CDATA[]]></system-err>
</testsuite>
