<?xml version="1.0" encoding="UTF-8"?>
<testsuite name="org.elasticsearch.index.fieldstats.FieldStatsProviderRefreshTests" tests="1" skipped="0" failures="0" errors="0" timestamp="2020-02-16T22:22:10" hostname="Escoto-PC" time="0.883">
  <properties/>
  <testcase name="testQueryRewriteOnRefresh" classname="org.elasticsearch.index.fieldstats.FieldStatsProviderRefreshTests" time="0.883"/>
  <system-out><![CDATA[[2020-02-16T17:22:10,922][INFO ][o.e.e.NodeEnvironment    ] [testQueryRewriteOnRefresh] using [1] data paths, mounts [[Old HDD (E:)]], net usable_space [89.5gb], net total_space [232.8gb], types [NTFS]
[2020-02-16T17:22:10,923][INFO ][o.e.e.NodeEnvironment    ] [testQueryRewriteOnRefresh] heap size [512mb], compressed ordinary object pointers [true]
[2020-02-16T17:22:10,925][INFO ][o.e.n.Node               ] [testQueryRewriteOnRefresh] node name [node_s_0], node ID [jYTaC7LGTY6U6GziDXynsw], cluster name [single-node-cluster-TEST_WORKER_VM=[13]-CLUSTER_SEED=[1721130740532770497]-HASH=[13B08B48535]]
[2020-02-16T17:22:10,926][INFO ][o.e.n.Node               ] [testQueryRewriteOnRefresh] version[7.5.1], pid[5104], build[unknown/unknown/unknown/unknown], OS[Windows 7/6.1/amd64], JVM[Oracle Corporation/OpenJDK 64-Bit Server VM/12.0.2/12.0.2+10]
[2020-02-16T17:22:10,926][INFO ][o.e.n.Node               ] [testQueryRewriteOnRefresh] JVM home [C:\Program Files\Java\jdk-12.0.2]
[2020-02-16T17:22:10,926][INFO ][o.e.n.Node               ] [testQueryRewriteOnRefresh] JVM arguments [-Dcompiler.java=12, -Des.scripting.update.ctx_in_params=false, -Des.transport.cname_in_publish_address=true, -Dgradle.dist.lib=C:\Users\Escoto\.gradle\wrapper\dists\gradle-5.6.2-bin\3clyn6icets6f02ptgd5hlmou\gradle-5.6.2\lib, -Dgradle.user.home=C:\Users\Escoto\.gradle, -Dgradle.worker.jar=C:\Users\Escoto\.gradle/caches/5.6.2/workerMain/gradle-worker.jar, -Dio.netty.noKeySetOptimization=true, -Dio.netty.noUnsafe=true, -Dio.netty.recycler.maxCapacityPerThread=0, -Djava.awt.headless=true, -Djna.nosys=true, -Dorg.gradle.native=false, -Druntime.java=12, -Dtests.artifact=server, -Dtests.gradle=true, -Dtests.logger.level=WARN, -Dtests.security.manager=true, -Dtests.seed=9EA1F2A3814E5F76, -Dtests.task=:server:test, -Dtests.timeoutSuite=1800000!, -esa, --illegal-access=warn, -XX:+HeapDumpOnOutOfMemoryError, -XX:HeapDumpPath=E:\NotD\git\elasticsearch\server\build\heapdump, -Xms512m, -Xmx512m, -Dfile.encoding=windows-1252, -Djava.io.tmpdir=./temp, -Duser.country=US, -Duser.language=en, -Duser.variant, -ea]
[2020-02-16T17:22:10,926][INFO ][o.e.p.PluginsService     ] [testQueryRewriteOnRefresh] no modules loaded
[2020-02-16T17:22:10,926][INFO ][o.e.p.PluginsService     ] [testQueryRewriteOnRefresh] loaded plugin [org.elasticsearch.test.MockHttpTransport$TestPlugin]
[2020-02-16T17:22:10,926][INFO ][o.e.p.PluginsService     ] [testQueryRewriteOnRefresh] loaded plugin [org.elasticsearch.transport.nio.MockNioTransportPlugin]
[2020-02-16T17:22:11,143][INFO ][o.e.d.DiscoveryModule    ] [testQueryRewriteOnRefresh] using discovery type [zen] and seed hosts providers [settings]
[2020-02-16T17:22:11,152][INFO ][o.e.n.Node               ] [testQueryRewriteOnRefresh] initialized
[2020-02-16T17:22:11,152][INFO ][o.e.n.Node               ] [testQueryRewriteOnRefresh] starting ...
[2020-02-16T17:22:11,473][INFO ][o.e.t.TransportService   ] [testQueryRewriteOnRefresh] publish_address {127.0.0.1:11600}, bound_addresses {127.0.0.1:11600}, {[::1]:11600}
[2020-02-16T17:22:11,481][INFO ][o.e.c.c.Coordinator      ] [testQueryRewriteOnRefresh] setting initial configuration to VotingConfiguration{jYTaC7LGTY6U6GziDXynsw}
[2020-02-16T17:22:11,513][INFO ][o.e.c.s.MasterService    ] [node_s_0] elected-as-master ([1] nodes joined)[{node_s_0}{jYTaC7LGTY6U6GziDXynsw}{oCRcmRLdQvKBN_gFqGiphw}{127.0.0.1}{127.0.0.1:11600}{dim} elect leader, _BECOME_MASTER_TASK_, _FINISH_ELECTION_], term: 1, version: 1, delta: master node changed {previous [], current [{node_s_0}{jYTaC7LGTY6U6GziDXynsw}{oCRcmRLdQvKBN_gFqGiphw}{127.0.0.1}{127.0.0.1:11600}{dim}]}
[2020-02-16T17:22:11,521][INFO ][o.e.c.c.CoordinationState] [node_s_0] cluster UUID set to [MIt9ebepRj22KHrOPK-6tQ]
[2020-02-16T17:22:11,580][INFO ][o.e.c.s.ClusterApplierService] [node_s_0] master node changed {previous [], current [{node_s_0}{jYTaC7LGTY6U6GziDXynsw}{oCRcmRLdQvKBN_gFqGiphw}{127.0.0.1}{127.0.0.1:11600}{dim}]}, term: 1, version: 1, reason: Publication{term=1, version=1}
[2020-02-16T17:22:11,581][INFO ][o.e.n.Node               ] [testQueryRewriteOnRefresh] started
[2020-02-16T17:22:11,589][INFO ][o.e.g.GatewayService     ] [node_s_0] recovered [0] indices into cluster_state
[2020-02-16T17:22:11,590][INFO ][o.e.c.m.MetaDataIndexTemplateService] [node_s_0] adding template [one_shard_index_template] for index patterns [*]
[2020-02-16T17:22:11,601][INFO ][o.e.c.m.MetaDataIndexTemplateService] [node_s_0] adding template [random-soft-deletes-template] for index patterns [*]
[2020-02-16T17:22:11,612][INFO ][o.e.i.f.FieldStatsProviderRefreshTests] [testQueryRewriteOnRefresh] before test
[2020-02-16T17:22:11,615][INFO ][o.e.c.m.MetaDataCreateIndexService] [node_s_0] [index] creating index, cause [api], templates [one_shard_index_template, random-soft-deletes-template], shards [1]/[0], mappings [type]
[2020-02-16T17:22:11,675][INFO ][o.e.c.r.a.AllocationService] [node_s_0] Cluster health status changed from [YELLOW] to [GREEN] (reason: [shards started [[index][0]]]).
[2020-02-16T17:22:11,764][INFO ][o.e.i.f.FieldStatsProviderRefreshTests] [testQueryRewriteOnRefresh] after test
[2020-02-16T17:22:11,765][INFO ][o.e.c.m.MetaDataDeleteIndexService] [node_s_0] [index/YPb3CZVzReKw62zbARD1lg] deleting index
[2020-02-16T17:22:11,795][INFO ][o.e.n.Node               ] [suite] stopping ...
[2020-02-16T17:22:11,796][INFO ][o.e.n.Node               ] [suite] stopped
[2020-02-16T17:22:11,796][INFO ][o.e.n.Node               ] [suite] closing ...
[2020-02-16T17:22:11,796][INFO ][o.e.n.Node               ] [suite] closed
]]></system-out>
  <system-err><![CDATA[]]></system-err>
</testsuite>
