<?xml version="1.0" encoding="UTF-8"?>
<testsuite name="org.elasticsearch.index.query.QueryStringQueryBuilderTests" tests="59" skipped="0" failures="0" errors="0" timestamp="2020-02-16T22:23:38" hostname="Escoto-PC" time="0.687">
  <properties/>
  <testcase name="testToQueryBoosts" classname="org.elasticsearch.index.query.QueryStringQueryBuilderTests" time="0.029"/>
  <testcase name="testCachingStrategiesWithNow" classname="org.elasticsearch.index.query.QueryStringQueryBuilderTests" time="0.01"/>
  <testcase name="testToQueryMultipleTermsBooleanQuery" classname="org.elasticsearch.index.query.QueryStringQueryBuilderTests" time="0.009"/>
  <testcase name="testDefaultFieldsWithFields" classname="org.elasticsearch.index.query.QueryStringQueryBuilderTests" time="0.003"/>
  <testcase name="testQuoteAnalyzer" classname="org.elasticsearch.index.query.QueryStringQueryBuilderTests" time="0.003"/>
  <testcase name="testToQueryWildcardWithIndexedPrefixes" classname="org.elasticsearch.index.query.QueryStringQueryBuilderTests" time="0.003"/>
  <testcase name="testToQueryRegExpQueryTooComplex" classname="org.elasticsearch.index.query.QueryStringQueryBuilderTests" time="0.013"/>
  <testcase name="testCacheability" classname="org.elasticsearch.index.query.QueryStringQueryBuilderTests" time="0.019"/>
  <testcase name="testToQueryMultipleFieldsDisMaxQuery" classname="org.elasticsearch.index.query.QueryStringQueryBuilderTests" time="0.006"/>
  <testcase name="testWithPrefixStopWords" classname="org.elasticsearch.index.query.QueryStringQueryBuilderTests" time="0.003"/>
  <testcase name="testAnalyzedPrefix" classname="org.elasticsearch.index.query.QueryStringQueryBuilderTests" time="0.003"/>
  <testcase name="testDisabledFieldNamesField" classname="org.elasticsearch.index.query.QueryStringQueryBuilderTests" time="0.008"/>
  <testcase name="testToQueryWildcardNonExistingFields" classname="org.elasticsearch.index.query.QueryStringQueryBuilderTests" time="0.003"/>
  <testcase name="testUnmappedFieldRewriteToMatchNoDocs" classname="org.elasticsearch.index.query.QueryStringQueryBuilderTests" time="0.007"/>
  <testcase name="testToQueryRegExpQueryMaxDeterminizedStatesParsing" classname="org.elasticsearch.index.query.QueryStringQueryBuilderTests" time="0.067"/>
  <testcase name="testLenientRewriteToMatchNoDocs" classname="org.elasticsearch.index.query.QueryStringQueryBuilderTests" time="0.004"/>
  <testcase name="testFromJson" classname="org.elasticsearch.index.query.QueryStringQueryBuilderTests" time="0.003"/>
  <testcase name="testToQueryWilcardQueryWithSynonyms" classname="org.elasticsearch.index.query.QueryStringQueryBuilderTests" time="0.005"/>
  <testcase name="testUnknownField" classname="org.elasticsearch.index.query.QueryStringQueryBuilderTests" time="0.003"/>
  <testcase name="testToQueryTextParsing" classname="org.elasticsearch.index.query.QueryStringQueryBuilderTests" time="0.012"/>
  <testcase name="testFuzzyNumeric" classname="org.elasticsearch.index.query.QueryStringQueryBuilderTests" time="0.014"/>
  <testcase name="testToQuery" classname="org.elasticsearch.index.query.QueryStringQueryBuilderTests" time="0.029"/>
  <testcase name="testToQueryMultipleFieldsBooleanQuery" classname="org.elasticsearch.index.query.QueryStringQueryBuilderTests" time="0.004"/>
  <testcase name="testToQueryTermQuery" classname="org.elasticsearch.index.query.QueryStringQueryBuilderTests" time="0.004"/>
  <testcase name="testQuoteFieldSuffix" classname="org.elasticsearch.index.query.QueryStringQueryBuilderTests" time="0.005"/>
  <testcase name="testExistsFieldQuery" classname="org.elasticsearch.index.query.QueryStringQueryBuilderTests" time="0.056"/>
  <testcase name="testToQueryMatchAllQuery" classname="org.elasticsearch.index.query.QueryStringQueryBuilderTests" time="0.003"/>
  <testcase name="testTimezone" classname="org.elasticsearch.index.query.QueryStringQueryBuilderTests" time="0.003"/>
  <testcase name="testSerialization" classname="org.elasticsearch.index.query.QueryStringQueryBuilderTests" time="0.003"/>
  <testcase name="testToQueryDisMaxQuery" classname="org.elasticsearch.index.query.QueryStringQueryBuilderTests" time="0.005"/>
  <testcase name="testMustRewrite" classname="org.elasticsearch.index.query.QueryStringQueryBuilderTests" time="0.005"/>
  <testcase name="testEnablePositionIncrement" classname="org.elasticsearch.index.query.QueryStringQueryBuilderTests" time="0.004"/>
  <testcase name="testFromXContent" classname="org.elasticsearch.index.query.QueryStringQueryBuilderTests" time="0.011"/>
  <testcase name="testUnknownObjectException" classname="org.elasticsearch.index.query.QueryStringQueryBuilderTests" time="0.002"/>
  <testcase name="testIllegalArguments" classname="org.elasticsearch.index.query.QueryStringQueryBuilderTests" time="0.008"/>
  <testcase name="testDefaultField" classname="org.elasticsearch.index.query.QueryStringQueryBuilderTests" time="0.014"/>
  <testcase name="testToFuzzyQuery" classname="org.elasticsearch.index.query.QueryStringQueryBuilderTests" time="0.004"/>
  <testcase name="testToQueryFieldsWildcard" classname="org.elasticsearch.index.query.QueryStringQueryBuilderTests" time="0.012"/>
  <testcase name="testPhraseSlop" classname="org.elasticsearch.index.query.QueryStringQueryBuilderTests" time="0.004"/>
  <testcase name="testToQueryPhraseQueryBoostAndSlop" classname="org.elasticsearch.index.query.QueryStringQueryBuilderTests" time="0.003"/>
  <testcase name="testAllFieldsWildcard" classname="org.elasticsearch.index.query.QueryStringQueryBuilderTests" time="0.003"/>
  <testcase name="testEqualsAndHashcode" classname="org.elasticsearch.index.query.QueryStringQueryBuilderTests" time="0.009"/>
  <testcase name="testQueryWrappedInArray" classname="org.elasticsearch.index.query.QueryStringQueryBuilderTests" time="0.006"/>
  <testcase name="testCrossFields" classname="org.elasticsearch.index.query.QueryStringQueryBuilderTests" time="0.004"/>
  <testcase name="testExactGeo" classname="org.elasticsearch.index.query.QueryStringQueryBuilderTests" time="0.003"/>
  <testcase name="testToQueryWildcardQuery" classname="org.elasticsearch.index.query.QueryStringQueryBuilderTests" time="0.004"/>
  <testcase name="testNegativeBoosts" classname="org.elasticsearch.index.query.QueryStringQueryBuilderTests" time="0.004"/>
  <testcase name="testExpandedTerms" classname="org.elasticsearch.index.query.QueryStringQueryBuilderTests" time="0.007"/>
  <testcase name="testWithStopWords" classname="org.elasticsearch.index.query.QueryStringQueryBuilderTests" time="0.004"/>
  <testcase name="testValidOutput" classname="org.elasticsearch.index.query.QueryStringQueryBuilderTests" time="0.012"/>
  <testcase name="testToQueryPhraseQuery" classname="org.elasticsearch.index.query.QueryStringQueryBuilderTests" time="0.01"/>
  <testcase name="testToQueryFuzzyQueryAutoFuziness" classname="org.elasticsearch.index.query.QueryStringQueryBuilderTests" time="0.005"/>
  <testcase name="testNegativeFieldBoost" classname="org.elasticsearch.index.query.QueryStringQueryBuilderTests" time="0.003"/>
  <testcase name="testMergeBoosts" classname="org.elasticsearch.index.query.QueryStringQueryBuilderTests" time="0.056"/>
  <testcase name="testToQueryWithGraph" classname="org.elasticsearch.index.query.QueryStringQueryBuilderTests" time="0.032"/>
  <testcase name="testToQueryRegExpQuery" classname="org.elasticsearch.index.query.QueryStringQueryBuilderTests" time="0.025"/>
  <testcase name="testTimezoneEquals" classname="org.elasticsearch.index.query.QueryStringQueryBuilderTests" time="0.073"/>
  <testcase name="testToQueryBooleanQueryMultipleBoosts" classname="org.elasticsearch.index.query.QueryStringQueryBuilderTests" time="0.007"/>
  <testcase name="testPrefixNumeric" classname="org.elasticsearch.index.query.QueryStringQueryBuilderTests" time="0.005"/>
  <system-out><![CDATA[[2020-02-16T22:23:38,761][INFO ][o.e.i.q.QueryStringQueryBuilderTests] [testToQueryBoosts] before test
[2020-02-16T22:23:38,764][INFO ][o.e.p.PluginsService     ] [testToQueryBoosts] no modules loaded
[2020-02-16T22:23:38,764][INFO ][o.e.p.PluginsService     ] [testToQueryBoosts] no plugins loaded
[2020-02-16T22:23:38,772][INFO ][o.e.p.PluginsService     ] [testToQueryBoosts] no modules loaded
[2020-02-16T22:23:38,772][INFO ][o.e.p.PluginsService     ] [testToQueryBoosts] no plugins loaded
[2020-02-16T22:23:38,788][INFO ][o.e.i.q.QueryStringQueryBuilderTests] [testToQueryBoosts] after test
[2020-02-16T22:23:38,794][INFO ][o.e.i.q.QueryStringQueryBuilderTests] [testCachingStrategiesWithNow] before test
[2020-02-16T22:23:38,798][INFO ][o.e.i.q.QueryStringQueryBuilderTests] [testCachingStrategiesWithNow] after test
[2020-02-16T22:23:38,806][INFO ][o.e.i.q.QueryStringQueryBuilderTests] [testToQueryMultipleTermsBooleanQuery] before test
[2020-02-16T22:23:38,806][INFO ][o.e.i.q.QueryStringQueryBuilderTests] [testToQueryMultipleTermsBooleanQuery] after test
[2020-02-16T22:23:38,809][INFO ][o.e.i.q.QueryStringQueryBuilderTests] [testDefaultFieldsWithFields] before test
[2020-02-16T22:23:38,809][INFO ][o.e.i.q.QueryStringQueryBuilderTests] [testDefaultFieldsWithFields] after test
[2020-02-16T22:23:38,811][INFO ][o.e.i.q.QueryStringQueryBuilderTests] [testQuoteAnalyzer] before test
[2020-02-16T22:23:38,812][INFO ][o.e.i.q.QueryStringQueryBuilderTests] [testQuoteAnalyzer] after test
[2020-02-16T22:23:38,814][INFO ][o.e.i.q.QueryStringQueryBuilderTests] [testToQueryWildcardWithIndexedPrefixes] before test
[2020-02-16T22:23:38,815][INFO ][o.e.i.q.QueryStringQueryBuilderTests] [testToQueryWildcardWithIndexedPrefixes] after test
[2020-02-16T22:23:38,817][INFO ][o.e.i.q.QueryStringQueryBuilderTests] [testToQueryRegExpQueryTooComplex] before test
[2020-02-16T22:23:38,829][INFO ][o.e.i.q.QueryStringQueryBuilderTests] [testToQueryRegExpQueryTooComplex] after test
[2020-02-16T22:23:38,847][INFO ][o.e.i.q.QueryStringQueryBuilderTests] [testCacheability] before test
[2020-02-16T22:23:38,848][INFO ][o.e.i.q.QueryStringQueryBuilderTests] [testCacheability] after test
[2020-02-16T22:23:38,853][INFO ][o.e.i.q.QueryStringQueryBuilderTests] [testToQueryMultipleFieldsDisMaxQuery] before test
[2020-02-16T22:23:38,855][INFO ][o.e.i.q.QueryStringQueryBuilderTests] [testToQueryMultipleFieldsDisMaxQuery] after test
[2020-02-16T22:23:38,857][INFO ][o.e.i.q.QueryStringQueryBuilderTests] [testWithPrefixStopWords] before test
[2020-02-16T22:23:38,858][INFO ][o.e.i.q.QueryStringQueryBuilderTests] [testWithPrefixStopWords] after test
[2020-02-16T22:23:38,860][INFO ][o.e.i.q.QueryStringQueryBuilderTests] [testAnalyzedPrefix] before test
[2020-02-16T22:23:38,860][INFO ][o.e.i.q.QueryStringQueryBuilderTests] [testAnalyzedPrefix] after test
[2020-02-16T22:23:38,864][INFO ][o.e.i.q.QueryStringQueryBuilderTests] [testDisabledFieldNamesField] before test
[2020-02-16T22:23:38,869][INFO ][o.e.i.q.QueryStringQueryBuilderTests] [testDisabledFieldNamesField] after test
[2020-02-16T22:23:38,871][INFO ][o.e.i.q.QueryStringQueryBuilderTests] [testToQueryWildcardNonExistingFields] before test
[2020-02-16T22:23:38,871][INFO ][o.e.i.q.QueryStringQueryBuilderTests] [testToQueryWildcardNonExistingFields] after test
[2020-02-16T22:23:38,875][INFO ][o.e.i.q.QueryStringQueryBuilderTests] [testUnmappedFieldRewriteToMatchNoDocs] before test
[2020-02-16T22:23:38,878][INFO ][o.e.i.q.QueryStringQueryBuilderTests] [testUnmappedFieldRewriteToMatchNoDocs] after test
[2020-02-16T22:23:38,944][INFO ][o.e.i.q.QueryStringQueryBuilderTests] [testToQueryRegExpQueryMaxDeterminizedStatesParsing] before test
[2020-02-16T22:23:38,945][INFO ][o.e.i.q.QueryStringQueryBuilderTests] [testToQueryRegExpQueryMaxDeterminizedStatesParsing] after test
[2020-02-16T22:23:38,948][INFO ][o.e.i.q.QueryStringQueryBuilderTests] [testLenientRewriteToMatchNoDocs] before test
[2020-02-16T22:23:38,949][INFO ][o.e.i.q.QueryStringQueryBuilderTests] [testLenientRewriteToMatchNoDocs] after test
[2020-02-16T22:23:38,952][INFO ][o.e.i.q.QueryStringQueryBuilderTests] [testFromJson] before test
[2020-02-16T22:23:38,952][INFO ][o.e.i.q.QueryStringQueryBuilderTests] [testFromJson] after test
[2020-02-16T22:23:38,954][INFO ][o.e.i.q.QueryStringQueryBuilderTests] [testToQueryWilcardQueryWithSynonyms] before test
[2020-02-16T22:23:38,957][INFO ][o.e.i.q.QueryStringQueryBuilderTests] [testToQueryWilcardQueryWithSynonyms] after test
[2020-02-16T22:23:38,960][INFO ][o.e.i.q.QueryStringQueryBuilderTests] [testUnknownField] before test
[2020-02-16T22:23:38,961][INFO ][o.e.i.q.QueryStringQueryBuilderTests] [testUnknownField] after test
[2020-02-16T22:23:38,971][INFO ][o.e.i.q.QueryStringQueryBuilderTests] [testToQueryTextParsing] before test
[2020-02-16T22:23:38,973][INFO ][o.e.i.q.QueryStringQueryBuilderTests] [testToQueryTextParsing] after test
[2020-02-16T22:23:38,986][INFO ][o.e.i.q.QueryStringQueryBuilderTests] [testFuzzyNumeric] before test
[2020-02-16T22:23:38,987][INFO ][o.e.i.q.QueryStringQueryBuilderTests] [testFuzzyNumeric] after test
[2020-02-16T22:23:38,995][INFO ][o.e.i.q.QueryStringQueryBuilderTests] [testToQuery] before test
[2020-02-16T22:23:39,016][INFO ][o.e.i.q.QueryStringQueryBuilderTests] [testToQuery] after test
[2020-02-16T22:23:39,020][INFO ][o.e.i.q.QueryStringQueryBuilderTests] [testToQueryMultipleFieldsBooleanQuery] before test
[2020-02-16T22:23:39,021][INFO ][o.e.i.q.QueryStringQueryBuilderTests] [testToQueryMultipleFieldsBooleanQuery] after test
[2020-02-16T22:23:39,024][INFO ][o.e.i.q.QueryStringQueryBuilderTests] [testToQueryTermQuery] before test
[2020-02-16T22:23:39,024][INFO ][o.e.i.q.QueryStringQueryBuilderTests] [testToQueryTermQuery] after test
[2020-02-16T22:23:39,028][INFO ][o.e.i.q.QueryStringQueryBuilderTests] [testQuoteFieldSuffix] before test
[2020-02-16T22:23:39,029][INFO ][o.e.i.q.QueryStringQueryBuilderTests] [testQuoteFieldSuffix] after test
[2020-02-16T22:23:39,083][INFO ][o.e.i.q.QueryStringQueryBuilderTests] [testExistsFieldQuery] before test
[2020-02-16T22:23:39,085][INFO ][o.e.i.q.QueryStringQueryBuilderTests] [testExistsFieldQuery] after test
[2020-02-16T22:23:39,087][INFO ][o.e.i.q.QueryStringQueryBuilderTests] [testToQueryMatchAllQuery] before test
[2020-02-16T22:23:39,088][INFO ][o.e.i.q.QueryStringQueryBuilderTests] [testToQueryMatchAllQuery] after test
[2020-02-16T22:23:39,091][INFO ][o.e.i.q.QueryStringQueryBuilderTests] [testTimezone] before test
[2020-02-16T22:23:39,092][INFO ][o.e.i.q.QueryStringQueryBuilderTests] [testTimezone] after test
[2020-02-16T22:23:39,094][INFO ][o.e.i.q.QueryStringQueryBuilderTests] [testSerialization] before test
[2020-02-16T22:23:39,095][INFO ][o.e.i.q.QueryStringQueryBuilderTests] [testSerialization] after test
[2020-02-16T22:23:39,100][INFO ][o.e.i.q.QueryStringQueryBuilderTests] [testToQueryDisMaxQuery] before test
[2020-02-16T22:23:39,101][INFO ][o.e.i.q.QueryStringQueryBuilderTests] [testToQueryDisMaxQuery] after test
[2020-02-16T22:23:39,104][INFO ][o.e.i.q.QueryStringQueryBuilderTests] [testMustRewrite] before test
[2020-02-16T22:23:39,105][INFO ][o.e.i.q.QueryStringQueryBuilderTests] [testMustRewrite] after test
[2020-02-16T22:23:39,109][INFO ][o.e.i.q.QueryStringQueryBuilderTests] [testEnablePositionIncrement] before test
[2020-02-16T22:23:39,109][INFO ][o.e.i.q.QueryStringQueryBuilderTests] [testEnablePositionIncrement] after test
[2020-02-16T22:23:39,111][INFO ][o.e.i.q.QueryStringQueryBuilderTests] [testFromXContent] before test
[2020-02-16T22:23:39,120][INFO ][o.e.i.q.QueryStringQueryBuilderTests] [testFromXContent] after test
[2020-02-16T22:23:39,122][INFO ][o.e.i.q.QueryStringQueryBuilderTests] [testUnknownObjectException] before test
[2020-02-16T22:23:39,123][INFO ][o.e.i.q.QueryStringQueryBuilderTests] [testUnknownObjectException] after test
[2020-02-16T22:23:39,130][INFO ][o.e.i.q.QueryStringQueryBuilderTests] [testIllegalArguments] before test
[2020-02-16T22:23:39,130][INFO ][o.e.i.q.QueryStringQueryBuilderTests] [testIllegalArguments] after test
[2020-02-16T22:23:39,142][INFO ][o.e.i.q.QueryStringQueryBuilderTests] [testDefaultField] before test
[2020-02-16T22:23:39,143][INFO ][o.e.c.s.IndexScopedSettings] [testDefaultField] updating [index.query.default_field] from [["*"]] to [["mapped_string","*","mapped_string_2"]]
[2020-02-16T22:23:39,144][INFO ][o.e.c.s.IndexScopedSettings] [testDefaultField] updating [index.query.default_field] from [["mapped_string","*","mapped_string_2"]] to [["mapped_string","mapped_string_2^5"]]
[2020-02-16T22:23:39,144][INFO ][o.e.c.s.IndexScopedSettings] [testDefaultField] updating [index.query.default_field] from [["mapped_string","mapped_string_2^5"]] to [["*"]]
[2020-02-16T22:23:39,144][INFO ][o.e.i.q.QueryStringQueryBuilderTests] [testDefaultField] after test
[2020-02-16T22:23:39,148][INFO ][o.e.i.q.QueryStringQueryBuilderTests] [testToFuzzyQuery] before test
[2020-02-16T22:23:39,148][INFO ][o.e.i.q.QueryStringQueryBuilderTests] [testToFuzzyQuery] after test
[2020-02-16T22:23:39,160][INFO ][o.e.i.q.QueryStringQueryBuilderTests] [testToQueryFieldsWildcard] before test
[2020-02-16T22:23:39,161][INFO ][o.e.i.q.QueryStringQueryBuilderTests] [testToQueryFieldsWildcard] after test
[2020-02-16T22:23:39,163][INFO ][o.e.i.q.QueryStringQueryBuilderTests] [testPhraseSlop] before test
[2020-02-16T22:23:39,165][INFO ][o.e.i.q.QueryStringQueryBuilderTests] [testPhraseSlop] after test
[2020-02-16T22:23:39,168][INFO ][o.e.i.q.QueryStringQueryBuilderTests] [testToQueryPhraseQueryBoostAndSlop] before test
[2020-02-16T22:23:39,168][INFO ][o.e.i.q.QueryStringQueryBuilderTests] [testToQueryPhraseQueryBoostAndSlop] after test
[2020-02-16T22:23:39,170][INFO ][o.e.i.q.QueryStringQueryBuilderTests] [testAllFieldsWildcard] before test
[2020-02-16T22:23:39,172][INFO ][o.e.i.q.QueryStringQueryBuilderTests] [testAllFieldsWildcard] after test
[2020-02-16T22:23:39,175][INFO ][o.e.i.q.QueryStringQueryBuilderTests] [testEqualsAndHashcode] before test
[2020-02-16T22:23:39,180][INFO ][o.e.i.q.QueryStringQueryBuilderTests] [testEqualsAndHashcode] after test
[2020-02-16T22:23:39,186][INFO ][o.e.i.q.QueryStringQueryBuilderTests] [testQueryWrappedInArray] before test
[2020-02-16T22:23:39,187][INFO ][o.e.i.q.QueryStringQueryBuilderTests] [testQueryWrappedInArray] after test
[2020-02-16T22:23:39,190][INFO ][o.e.i.q.QueryStringQueryBuilderTests] [testCrossFields] before test
[2020-02-16T22:23:39,190][INFO ][o.e.c.s.IndexScopedSettings] [testCrossFields] updating [index.query.default_field] from [["*"]] to [["mapped_string","mapped_string_2"]]
[2020-02-16T22:23:39,192][INFO ][o.e.c.s.IndexScopedSettings] [testCrossFields] updating [index.query.default_field] from [["mapped_string","mapped_string_2"]] to [["*"]]
[2020-02-16T22:23:39,192][INFO ][o.e.i.q.QueryStringQueryBuilderTests] [testCrossFields] after test
[2020-02-16T22:23:39,195][INFO ][o.e.i.q.QueryStringQueryBuilderTests] [testExactGeo] before test
[2020-02-16T22:23:39,196][INFO ][o.e.i.q.QueryStringQueryBuilderTests] [testExactGeo] after test
[2020-02-16T22:23:39,197][INFO ][o.e.i.q.QueryStringQueryBuilderTests] [testToQueryWildcardQuery] before test
[2020-02-16T22:23:39,200][INFO ][o.e.i.q.QueryStringQueryBuilderTests] [testToQueryWildcardQuery] after test
[2020-02-16T22:23:39,204][INFO ][o.e.i.q.QueryStringQueryBuilderTests] [testNegativeBoosts] before test
[2020-02-16T22:23:39,205][INFO ][o.e.i.q.QueryStringQueryBuilderTests] [testNegativeBoosts] after test
[2020-02-16T22:23:39,207][INFO ][o.e.i.q.QueryStringQueryBuilderTests] [testExpandedTerms] before test
[2020-02-16T22:23:39,211][INFO ][o.e.i.q.QueryStringQueryBuilderTests] [testExpandedTerms] after test
[2020-02-16T22:23:39,214][INFO ][o.e.i.q.QueryStringQueryBuilderTests] [testWithStopWords] before test
[2020-02-16T22:23:39,216][INFO ][o.e.i.q.QueryStringQueryBuilderTests] [testWithStopWords] after test
[2020-02-16T22:23:39,219][INFO ][o.e.i.q.QueryStringQueryBuilderTests] [testValidOutput] before test
[2020-02-16T22:23:39,228][INFO ][o.e.i.q.QueryStringQueryBuilderTests] [testValidOutput] after test
[2020-02-16T22:23:39,238][INFO ][o.e.i.q.QueryStringQueryBuilderTests] [testToQueryPhraseQuery] before test
[2020-02-16T22:23:39,239][INFO ][o.e.i.q.QueryStringQueryBuilderTests] [testToQueryPhraseQuery] after test
[2020-02-16T22:23:39,241][INFO ][o.e.i.q.QueryStringQueryBuilderTests] [testToQueryFuzzyQueryAutoFuziness] before test
[2020-02-16T22:23:39,243][INFO ][o.e.i.q.QueryStringQueryBuilderTests] [testToQueryFuzzyQueryAutoFuziness] after test
[2020-02-16T22:23:39,246][INFO ][o.e.i.q.QueryStringQueryBuilderTests] [testNegativeFieldBoost] before test
[2020-02-16T22:23:39,246][INFO ][o.e.i.q.QueryStringQueryBuilderTests] [testNegativeFieldBoost] after test
[2020-02-16T22:23:39,299][INFO ][o.e.i.q.QueryStringQueryBuilderTests] [testMergeBoosts] before test
[2020-02-16T22:23:39,302][INFO ][o.e.i.q.QueryStringQueryBuilderTests] [testMergeBoosts] after test
[2020-02-16T22:23:39,308][INFO ][o.e.i.q.QueryStringQueryBuilderTests] [testToQueryWithGraph] before test
[2020-02-16T22:23:39,334][INFO ][o.e.i.q.QueryStringQueryBuilderTests] [testToQueryWithGraph] after test
[2020-02-16T22:23:39,357][INFO ][o.e.i.q.QueryStringQueryBuilderTests] [testToQueryRegExpQuery] before test
[2020-02-16T22:23:39,359][INFO ][o.e.i.q.QueryStringQueryBuilderTests] [testToQueryRegExpQuery] after test
[2020-02-16T22:23:39,432][INFO ][o.e.i.q.QueryStringQueryBuilderTests] [testTimezoneEquals] before test
[2020-02-16T22:23:39,432][INFO ][o.e.i.q.QueryStringQueryBuilderTests] [testTimezoneEquals] after test
[2020-02-16T22:23:39,437][INFO ][o.e.i.q.QueryStringQueryBuilderTests] [testToQueryBooleanQueryMultipleBoosts] before test
[2020-02-16T22:23:39,440][INFO ][o.e.i.q.QueryStringQueryBuilderTests] [testToQueryBooleanQueryMultipleBoosts] after test
[2020-02-16T22:23:39,445][INFO ][o.e.i.q.QueryStringQueryBuilderTests] [testPrefixNumeric] before test
[2020-02-16T22:23:39,446][INFO ][o.e.i.q.QueryStringQueryBuilderTests] [testPrefixNumeric] after test
]]></system-out>
  <system-err><![CDATA[]]></system-err>
</testsuite>
