<?xml version="1.0" encoding="UTF-8"?>
<testsuite name="org.elasticsearch.index.store.ByteSizeCachingDirectoryTests" tests="1" skipped="0" failures="0" errors="0" timestamp="2020-02-16T22:23:37" hostname="Escoto-PC" time="0.005">
  <properties/>
  <testcase name="testBasics" classname="org.elasticsearch.index.store.ByteSizeCachingDirectoryTests" time="0.005"/>
  <system-out><![CDATA[[2020-02-16T16:23:37,280][INFO ][o.e.i.s.ByteSizeCachingDirectoryTests] [testBasics] before test
[2020-02-16T16:23:37,283][INFO ][o.e.i.s.ByteSizeCachingDirectoryTests] [testBasics] after test
]]></system-out>
  <system-err><![CDATA[]]></system-err>
</testsuite>
