<?xml version="1.0" encoding="UTF-8"?>
<testsuite name="org.elasticsearch.repositories.fs.FsRepositoryTests" tests="1" skipped="0" failures="0" errors="0" timestamp="2020-02-16T22:24:04" hostname="Escoto-PC" time="0.079">
  <properties/>
  <testcase name="testSnapshotAndRestore" classname="org.elasticsearch.repositories.fs.FsRepositoryTests" time="0.079"/>
  <system-out><![CDATA[[2020-02-17T09:24:04,285][INFO ][o.e.r.f.FsRepositoryTests] [testSnapshotAndRestore] before test
[2020-02-17T09:24:04,362][INFO ][o.e.r.f.FsRepositoryTests] [testSnapshotAndRestore] after test
]]></system-out>
  <system-err><![CDATA[]]></system-err>
</testsuite>
