<?xml version="1.0" encoding="UTF-8"?>
<testsuite name="org.elasticsearch.transport.RemoteConnectionManagerTests" tests="1" skipped="0" failures="0" errors="0" timestamp="2020-02-16T22:25:05" hostname="Escoto-PC" time="0.004">
  <properties/>
  <testcase name="testGetConnection" classname="org.elasticsearch.transport.RemoteConnectionManagerTests" time="0.004"/>
  <system-out><![CDATA[[2020-02-17T08:55:05,111][INFO ][o.e.t.RemoteConnectionManagerTests] [testGetConnection] before test
[2020-02-17T08:55:05,114][INFO ][o.e.t.RemoteConnectionManagerTests] [testGetConnection] after test
]]></system-out>
  <system-err><![CDATA[]]></system-err>
</testsuite>
