<?xml version="1.0" encoding="UTF-8"?>
<testsuite name="org.elasticsearch.search.aggregations.bucket.missing.InternalMissingTests" tests="5" skipped="0" failures="0" errors="0" timestamp="2020-02-16T22:25:23" hostname="Escoto-PC" time="0.017">
  <properties/>
  <testcase name="testSerialization" classname="org.elasticsearch.search.aggregations.bucket.missing.InternalMissingTests" time="0.004"/>
  <testcase name="testFromXContentWithRandomFields" classname="org.elasticsearch.search.aggregations.bucket.missing.InternalMissingTests" time="0.003"/>
  <testcase name="testReduceRandom" classname="org.elasticsearch.search.aggregations.bucket.missing.InternalMissingTests" time="0.004"/>
  <testcase name="testEqualsAndHashcode" classname="org.elasticsearch.search.aggregations.bucket.missing.InternalMissingTests" time="0.003"/>
  <testcase name="testFromXContent" classname="org.elasticsearch.search.aggregations.bucket.missing.InternalMissingTests" time="0.002"/>
  <system-out><![CDATA[[2020-02-16T22:25:23,697][INFO ][o.e.s.a.b.m.InternalMissingTests] [testSerialization] before test
[2020-02-16T22:25:23,699][INFO ][o.e.s.a.b.m.InternalMissingTests] [testSerialization] after test
[2020-02-16T22:25:23,701][INFO ][o.e.s.a.b.m.InternalMissingTests] [testFromXContentWithRandomFields] before test
[2020-02-16T22:25:23,703][INFO ][o.e.s.a.b.m.InternalMissingTests] [testFromXContentWithRandomFields] after test
[2020-02-16T22:25:23,705][INFO ][o.e.s.a.b.m.InternalMissingTests] [testReduceRandom] before test
[2020-02-16T22:25:23,707][INFO ][o.e.s.a.b.m.InternalMissingTests] [testReduceRandom] after test
[2020-02-16T22:25:23,708][INFO ][o.e.s.a.b.m.InternalMissingTests] [testEqualsAndHashcode] before test
[2020-02-16T22:25:23,709][INFO ][o.e.s.a.b.m.InternalMissingTests] [testEqualsAndHashcode] after test
[2020-02-16T22:25:23,711][INFO ][o.e.s.a.b.m.InternalMissingTests] [testFromXContent] before test
[2020-02-16T22:25:23,712][INFO ][o.e.s.a.b.m.InternalMissingTests] [testFromXContent] after test
]]></system-out>
  <system-err><![CDATA[]]></system-err>
</testsuite>
