<?xml version="1.0" encoding="UTF-8"?>
<testsuite name="org.elasticsearch.action.admin.indices.settings.put.UpdateSettingsRequestTests" tests="1" skipped="0" failures="0" errors="0" timestamp="2020-02-16T22:20:06" hostname="Escoto-PC" time="0.036">
  <properties/>
  <testcase name="testFromXContent" classname="org.elasticsearch.action.admin.indices.settings.put.UpdateSettingsRequestTests" time="0.036"/>
  <system-out><![CDATA[[2020-02-17T11:20:06,530][INFO ][o.e.a.a.i.s.p.UpdateSettingsRequestTests] [testFromXContent] before test
[2020-02-17T11:20:06,541][INFO ][o.e.a.a.i.s.p.UpdateSettingsRequestTests] [testFromXContent] after test
]]></system-out>
  <system-err><![CDATA[]]></system-err>
</testsuite>
