<?xml version="1.0" encoding="UTF-8"?>
<testsuite name="org.elasticsearch.common.util.LongHashTests" tests="5" skipped="0" failures="0" errors="0" timestamp="2020-02-16T22:22:00" hostname="Escoto-PC" time="0.987">
  <properties/>
  <testcase name="testDuell" classname="org.elasticsearch.common.util.LongHashTests" time="0.855"/>
  <testcase name="testKey" classname="org.elasticsearch.common.util.LongHashTests" time="0.024"/>
  <testcase name="testSize" classname="org.elasticsearch.common.util.LongHashTests" time="0.048"/>
  <testcase name="testAdd" classname="org.elasticsearch.common.util.LongHashTests" time="0.055"/>
  <testcase name="testFind" classname="org.elasticsearch.common.util.LongHashTests" time="0.005"/>
  <system-out><![CDATA[[2020-02-16T15:22:00,265][INFO ][o.e.e.NodeEnvironment    ] [testDuell] using [1] data paths, mounts [[Old HDD (E:)]], net usable_space [89.5gb], net total_space [232.8gb], types [NTFS]
[2020-02-16T15:22:00,266][INFO ][o.e.e.NodeEnvironment    ] [testDuell] heap size [512mb], compressed ordinary object pointers [true]
[2020-02-16T15:22:00,268][INFO ][o.e.n.Node               ] [testDuell] node name [node_s_0], node ID [k10r_zEfQ-WytLrergttKA], cluster name [single-node-cluster-TEST_WORKER_VM=[12]-CLUSTER_SEED=[-4276094012643088202]-HASH=[1388D80E080]]
[2020-02-16T15:22:00,268][INFO ][o.e.n.Node               ] [testDuell] version[7.5.1], pid[2148], build[unknown/unknown/unknown/unknown], OS[Windows 7/6.1/amd64], JVM[Oracle Corporation/OpenJDK 64-Bit Server VM/12.0.2/12.0.2+10]
[2020-02-16T15:22:00,268][INFO ][o.e.n.Node               ] [testDuell] JVM home [C:\Program Files\Java\jdk-12.0.2]
[2020-02-16T15:22:00,268][INFO ][o.e.n.Node               ] [testDuell] JVM arguments [-Dcompiler.java=12, -Des.scripting.update.ctx_in_params=false, -Des.transport.cname_in_publish_address=true, -Dgradle.dist.lib=C:\Users\Escoto\.gradle\wrapper\dists\gradle-5.6.2-bin\3clyn6icets6f02ptgd5hlmou\gradle-5.6.2\lib, -Dgradle.user.home=C:\Users\Escoto\.gradle, -Dgradle.worker.jar=C:\Users\Escoto\.gradle/caches/5.6.2/workerMain/gradle-worker.jar, -Dio.netty.noKeySetOptimization=true, -Dio.netty.noUnsafe=true, -Dio.netty.recycler.maxCapacityPerThread=0, -Djava.awt.headless=true, -Djna.nosys=true, -Dorg.gradle.native=false, -Druntime.java=12, -Dtests.artifact=server, -Dtests.gradle=true, -Dtests.logger.level=WARN, -Dtests.security.manager=true, -Dtests.seed=9EA1F2A3814E5F76, -Dtests.task=:server:test, -Dtests.timeoutSuite=1800000!, -esa, --illegal-access=warn, -XX:+HeapDumpOnOutOfMemoryError, -XX:HeapDumpPath=E:\NotD\git\elasticsearch\server\build\heapdump, -Xms512m, -Xmx512m, -Dfile.encoding=windows-1252, -Djava.io.tmpdir=./temp, -Duser.country=US, -Duser.language=en, -Duser.variant, -ea]
[2020-02-16T15:22:00,269][INFO ][o.e.p.PluginsService     ] [testDuell] no modules loaded
[2020-02-16T15:22:00,269][INFO ][o.e.p.PluginsService     ] [testDuell] loaded plugin [org.elasticsearch.test.MockHttpTransport$TestPlugin]
[2020-02-16T15:22:00,269][INFO ][o.e.p.PluginsService     ] [testDuell] loaded plugin [org.elasticsearch.transport.nio.MockNioTransportPlugin]
[2020-02-16T15:22:00,491][INFO ][o.e.d.DiscoveryModule    ] [testDuell] using discovery type [zen] and seed hosts providers [settings]
[2020-02-16T15:22:00,501][INFO ][o.e.n.Node               ] [testDuell] initialized
[2020-02-16T15:22:00,501][INFO ][o.e.n.Node               ] [testDuell] starting ...
[2020-02-16T15:22:00,856][INFO ][o.e.t.TransportService   ] [testDuell] publish_address {127.0.0.1:11500}, bound_addresses {127.0.0.1:11500}, {[::1]:11500}
[2020-02-16T15:22:00,866][INFO ][o.e.c.c.Coordinator      ] [testDuell] setting initial configuration to VotingConfiguration{k10r_zEfQ-WytLrergttKA}
[2020-02-16T15:22:00,962][INFO ][o.e.c.s.MasterService    ] [node_s_0] elected-as-master ([1] nodes joined)[{node_s_0}{k10r_zEfQ-WytLrergttKA}{Jl4f2zwUQ1mdoYf7d8A1Sw}{127.0.0.1}{127.0.0.1:11500}{dim} elect leader, _BECOME_MASTER_TASK_, _FINISH_ELECTION_], term: 1, version: 1, delta: master node changed {previous [], current [{node_s_0}{k10r_zEfQ-WytLrergttKA}{Jl4f2zwUQ1mdoYf7d8A1Sw}{127.0.0.1}{127.0.0.1:11500}{dim}]}
[2020-02-16T15:22:00,971][INFO ][o.e.c.c.CoordinationState] [node_s_0] cluster UUID set to [4cfEAgRfTVOib4L33H-5rQ]
[2020-02-16T15:22:00,981][INFO ][o.e.c.s.ClusterApplierService] [node_s_0] master node changed {previous [], current [{node_s_0}{k10r_zEfQ-WytLrergttKA}{Jl4f2zwUQ1mdoYf7d8A1Sw}{127.0.0.1}{127.0.0.1:11500}{dim}]}, term: 1, version: 1, reason: Publication{term=1, version=1}
[2020-02-16T15:22:00,985][INFO ][o.e.n.Node               ] [testDuell] started
[2020-02-16T15:22:00,994][INFO ][o.e.g.GatewayService     ] [node_s_0] recovered [0] indices into cluster_state
[2020-02-16T15:22:01,004][INFO ][o.e.c.m.MetaDataIndexTemplateService] [node_s_0] adding template [one_shard_index_template] for index patterns [*]
[2020-02-16T15:22:01,017][INFO ][o.e.c.m.MetaDataIndexTemplateService] [node_s_0] adding template [random-soft-deletes-template] for index patterns [*]
[2020-02-16T15:22:01,026][INFO ][o.e.c.u.LongHashTests    ] [testDuell] before test
[2020-02-16T15:22:01,109][INFO ][o.e.c.u.LongHashTests    ] [testDuell] after test
[2020-02-16T15:22:01,129][INFO ][o.e.c.u.LongHashTests    ] [testKey] before test
[2020-02-16T15:22:01,134][INFO ][o.e.c.u.LongHashTests    ] [testKey] after test
[2020-02-16T15:22:01,143][INFO ][o.e.c.u.LongHashTests    ] [testSize] before test
[2020-02-16T15:22:01,182][INFO ][o.e.c.u.LongHashTests    ] [testSize] after test
[2020-02-16T15:22:01,185][INFO ][o.e.c.u.LongHashTests    ] [testAdd] before test
[2020-02-16T15:22:01,236][INFO ][o.e.c.u.LongHashTests    ] [testAdd] after test
[2020-02-16T15:22:01,239][INFO ][o.e.c.u.LongHashTests    ] [testFind] before test
[2020-02-16T15:22:01,241][INFO ][o.e.c.u.LongHashTests    ] [testFind] after test
[2020-02-16T15:22:01,242][INFO ][o.e.n.Node               ] [suite] stopping ...
[2020-02-16T15:22:01,264][INFO ][o.e.n.Node               ] [suite] stopped
[2020-02-16T15:22:01,264][INFO ][o.e.n.Node               ] [suite] closing ...
[2020-02-16T15:22:01,265][INFO ][o.e.n.Node               ] [suite] closed
]]></system-out>
  <system-err><![CDATA[]]></system-err>
</testsuite>
