<?xml version="1.0" encoding="UTF-8"?>
<testsuite name="org.elasticsearch.common.io.FileSystemUtilsTests" tests="4" skipped="0" failures="0" errors="0" timestamp="2020-02-16T22:21:44" hostname="Escoto-PC" time="0.027">
  <properties/>
  <testcase name="testOpenFileURLStream" classname="org.elasticsearch.common.io.FileSystemUtilsTests" time="0.009"/>
  <testcase name="testAppend" classname="org.elasticsearch.common.io.FileSystemUtilsTests" time="0.009"/>
  <testcase name="testIsDesktopServicesStoreFile" classname="org.elasticsearch.common.io.FileSystemUtilsTests" time="0.005"/>
  <testcase name="testIsHidden" classname="org.elasticsearch.common.io.FileSystemUtilsTests" time="0.004"/>
  <system-out><![CDATA[[2020-02-17T02:21:44,291][INFO ][o.e.c.i.FileSystemUtilsTests] [testOpenFileURLStream] before test
[2020-02-17T02:21:44,296][INFO ][o.e.c.i.FileSystemUtilsTests] [testOpenFileURLStream] after test
[2020-02-17T02:21:44,304][INFO ][o.e.c.i.FileSystemUtilsTests] [testAppend] before test
[2020-02-17T02:21:44,306][INFO ][o.e.c.i.FileSystemUtilsTests] [testAppend] after test
[2020-02-17T02:21:44,308][INFO ][o.e.c.i.FileSystemUtilsTests] [testIsDesktopServicesStoreFile] before test
[2020-02-17T02:21:44,311][INFO ][o.e.c.i.FileSystemUtilsTests] [testIsDesktopServicesStoreFile] after test
[2020-02-17T02:21:44,312][INFO ][o.e.c.i.FileSystemUtilsTests] [testIsHidden] before test
[2020-02-17T02:21:44,314][INFO ][o.e.c.i.FileSystemUtilsTests] [testIsHidden] after test
]]></system-out>
  <system-err><![CDATA[]]></system-err>
</testsuite>
