<?xml version="1.0" encoding="UTF-8"?>
<testsuite name="org.elasticsearch.common.settings.RemoveSettingKeyStoreCommandTests" tests="5" skipped="0" failures="0" errors="0" timestamp="2020-02-16T22:21:53" hostname="Escoto-PC" time="0.359">
  <properties/>
  <testcase name="testMissing" classname="org.elasticsearch.common.settings.RemoveSettingKeyStoreCommandTests" time="0.023"/>
  <testcase name="testNonExistentSetting" classname="org.elasticsearch.common.settings.RemoveSettingKeyStoreCommandTests" time="0.063"/>
  <testcase name="testOne" classname="org.elasticsearch.common.settings.RemoveSettingKeyStoreCommandTests" time="0.126"/>
  <testcase name="testMany" classname="org.elasticsearch.common.settings.RemoveSettingKeyStoreCommandTests" time="0.063"/>
  <testcase name="testNoSettings" classname="org.elasticsearch.common.settings.RemoveSettingKeyStoreCommandTests" time="0.083"/>
  <system-out><![CDATA[[2020-02-17T00:21:53,783][INFO ][o.e.c.s.RemoveSettingKeyStoreCommandTests] [testMissing] before test
[2020-02-17T00:21:53,784][INFO ][o.e.c.s.RemoveSettingKeyStoreCommandTests] [testMissing] after test
[2020-02-17T00:21:53,786][INFO ][o.e.c.s.RemoveSettingKeyStoreCommandTests] [testNonExistentSetting] before test
[2020-02-17T00:21:53,814][INFO ][o.e.c.s.RemoveSettingKeyStoreCommandTests] [testNonExistentSetting] after test
[2020-02-17T00:21:53,907][INFO ][o.e.c.s.RemoveSettingKeyStoreCommandTests] [testOne] before test
[2020-02-17T00:21:53,974][INFO ][o.e.c.s.RemoveSettingKeyStoreCommandTests] [testOne] after test
[2020-02-17T00:21:53,975][INFO ][o.e.c.s.RemoveSettingKeyStoreCommandTests] [testMany] before test
[2020-02-17T00:21:54,037][INFO ][o.e.c.s.RemoveSettingKeyStoreCommandTests] [testMany] after test
[2020-02-17T00:21:54,039][INFO ][o.e.c.s.RemoveSettingKeyStoreCommandTests] [testNoSettings] before test
[2020-02-17T00:21:54,120][INFO ][o.e.c.s.RemoveSettingKeyStoreCommandTests] [testNoSettings] after test
]]></system-out>
  <system-err><![CDATA[]]></system-err>
</testsuite>
