<?xml version="1.0" encoding="UTF-8"?>
<testsuite name="org.elasticsearch.discovery.BlockingClusterStatePublishResponseHandlerTests" tests="1" skipped="0" failures="0" errors="0" timestamp="2020-02-16T22:22:05" hostname="Escoto-PC" time="0.413">
  <properties/>
  <testcase name="testConcurrentAccess" classname="org.elasticsearch.discovery.BlockingClusterStatePublishResponseHandlerTests" time="0.413"/>
  <system-out><![CDATA[[2020-02-16T23:22:05,385][INFO ][o.e.d.BlockingClusterStatePublishResponseHandlerTests] [testConcurrentAccess] before test
[2020-02-16T23:22:05,797][INFO ][o.e.d.BlockingClusterStatePublishResponseHandlerTests] [testConcurrentAccess] after test
]]></system-out>
  <system-err><![CDATA[]]></system-err>
</testsuite>
