<?xml version="1.0" encoding="UTF-8"?>
<testsuite name="org.elasticsearch.env.NodeEnvironmentTests" tests="14" skipped="0" failures="0" errors="0" timestamp="2020-02-16T22:22:19" hostname="Escoto-PC" time="1.333">
  <properties/>
  <testcase name="testPersistentNodeId" classname="org.elasticsearch.env.NodeEnvironmentTests" time="0.103"/>
  <testcase name="testNodeLockMultipleEnvironment" classname="org.elasticsearch.env.NodeEnvironmentTests" time="0.056"/>
  <testcase name="testSegmentInfosTracing" classname="org.elasticsearch.env.NodeEnvironmentTests" time="0.002"/>
  <testcase name="testCustomDataPaths" classname="org.elasticsearch.env.NodeEnvironmentTests" time="0.042"/>
  <testcase name="testResolveIndexFolders" classname="org.elasticsearch.env.NodeEnvironmentTests" time="0.023"/>
  <testcase name="testStressShardLock" classname="org.elasticsearch.env.NodeEnvironmentTests" time="0.234"/>
  <testcase name="testAvailableIndexFolders" classname="org.elasticsearch.env.NodeEnvironmentTests" time="0.058"/>
  <testcase name="testDeleteSafe" classname="org.elasticsearch.env.NodeEnvironmentTests" time="0.069"/>
  <testcase name="testNodeLockSillySettings" classname="org.elasticsearch.env.NodeEnvironmentTests" time="0.003"/>
  <testcase name="testExistingTempFiles" classname="org.elasticsearch.env.NodeEnvironmentTests" time="0.015"/>
  <testcase name="testEnsureNoShardDataOrIndexMetaData" classname="org.elasticsearch.env.NodeEnvironmentTests" time="0.552"/>
  <testcase name="testShardLock" classname="org.elasticsearch.env.NodeEnvironmentTests" time="0.061"/>
  <testcase name="testNodeLockSingleEnvironment" classname="org.elasticsearch.env.NodeEnvironmentTests" time="0.088"/>
  <testcase name="testAvailableIndexFoldersWithExclusions" classname="org.elasticsearch.env.NodeEnvironmentTests" time="0.024"/>
  <system-out><![CDATA[[2020-02-16T18:22:19,240][INFO ][o.e.e.NodeEnvironmentTests] [testPersistentNodeId] before test
[2020-02-16T18:22:19,278][INFO ][o.e.e.NodeEnvironment    ] [testPersistentNodeId] using [2] data paths, mounts [[Old HDD (E:)]], net usable_space [89.5gb], net total_space [232.8gb], types [NTFS]
[2020-02-16T18:22:19,278][INFO ][o.e.e.NodeEnvironment    ] [testPersistentNodeId] heap size [512mb], compressed ordinary object pointers [true]
[2020-02-16T18:22:19,302][INFO ][o.e.e.NodeEnvironment    ] [testPersistentNodeId] using [2] data paths, mounts [[Old HDD (E:)]], net usable_space [89.5gb], net total_space [232.8gb], types [NTFS]
[2020-02-16T18:22:19,302][INFO ][o.e.e.NodeEnvironment    ] [testPersistentNodeId] heap size [512mb], compressed ordinary object pointers [true]
[2020-02-16T18:22:19,332][INFO ][o.e.e.NodeEnvironment    ] [testPersistentNodeId] using [3] data paths, mounts [[Old HDD (E:)]], net usable_space [89.5gb], net total_space [232.8gb], types [NTFS]
[2020-02-16T18:22:19,332][INFO ][o.e.e.NodeEnvironment    ] [testPersistentNodeId] heap size [512mb], compressed ordinary object pointers [true]
[2020-02-16T18:22:19,338][INFO ][o.e.e.NodeEnvironmentTests] [testPersistentNodeId] after test
[2020-02-16T18:22:19,342][INFO ][o.e.e.NodeEnvironmentTests] [testNodeLockMultipleEnvironment] before test
[2020-02-16T18:22:19,347][WARN ][o.e.d.c.s.Settings       ] [testNodeLockMultipleEnvironment] [node.max_local_storage_nodes] setting was deprecated in Elasticsearch and will be removed in a future release! See the breaking changes documentation for the next major version.
[2020-02-16T18:22:19,368][INFO ][o.e.e.NodeEnvironment    ] [testNodeLockMultipleEnvironment] using [2] data paths, mounts [[Old HDD (E:)]], net usable_space [89.5gb], net total_space [232.8gb], types [NTFS]
[2020-02-16T18:22:19,368][INFO ][o.e.e.NodeEnvironment    ] [testNodeLockMultipleEnvironment] heap size [512mb], compressed ordinary object pointers [true]
[2020-02-16T18:22:19,388][INFO ][o.e.e.NodeEnvironment    ] [testNodeLockMultipleEnvironment] using [2] data paths, mounts [[Old HDD (E:)]], net usable_space [89.5gb], net total_space [232.8gb], types [NTFS]
[2020-02-16T18:22:19,388][INFO ][o.e.e.NodeEnvironment    ] [testNodeLockMultipleEnvironment] heap size [512mb], compressed ordinary object pointers [true]
[2020-02-16T18:22:19,395][INFO ][o.e.e.NodeEnvironmentTests] [testNodeLockMultipleEnvironment] after test
[2020-02-16T18:22:19,397][INFO ][o.e.e.NodeEnvironmentTests] [testSegmentInfosTracing] before test
[2020-02-16T18:22:19,397][INFO ][o.e.e.NodeEnvironmentTests] [testSegmentInfosTracing] after test
[2020-02-16T18:22:19,399][INFO ][o.e.e.NodeEnvironmentTests] [testCustomDataPaths] before test
[2020-02-16T18:22:19,422][INFO ][o.e.e.NodeEnvironment    ] [testCustomDataPaths] using [3] data paths, mounts [[Old HDD (E:)]], net usable_space [89.5gb], net total_space [232.8gb], types [NTFS]
[2020-02-16T18:22:19,422][INFO ][o.e.e.NodeEnvironment    ] [testCustomDataPaths] heap size [512mb], compressed ordinary object pointers [true]
[2020-02-16T18:22:19,439][INFO ][o.e.e.NodeEnvironmentTests] [testCustomDataPaths] after test
[2020-02-16T18:22:19,442][INFO ][o.e.e.NodeEnvironmentTests] [testResolveIndexFolders] before test
[2020-02-16T18:22:19,452][INFO ][o.e.e.NodeEnvironment    ] [testResolveIndexFolders] using [1] data paths, mounts [[Old HDD (E:)]], net usable_space [89.5gb], net total_space [232.8gb], types [NTFS]
[2020-02-16T18:22:19,452][INFO ][o.e.e.NodeEnvironment    ] [testResolveIndexFolders] heap size [512mb], compressed ordinary object pointers [true]
[2020-02-16T18:22:19,462][INFO ][o.e.e.NodeEnvironmentTests] [testResolveIndexFolders] after test
[2020-02-16T18:22:19,464][INFO ][o.e.e.NodeEnvironmentTests] [testStressShardLock] before test
[2020-02-16T18:22:19,474][INFO ][o.e.e.NodeEnvironment    ] [testStressShardLock] using [1] data paths, mounts [[Old HDD (E:)]], net usable_space [89.5gb], net total_space [232.8gb], types [NTFS]
[2020-02-16T18:22:19,474][INFO ][o.e.e.NodeEnvironment    ] [testStressShardLock] heap size [512mb], compressed ordinary object pointers [true]
[2020-02-16T18:22:19,696][INFO ][o.e.e.NodeEnvironmentTests] [testStressShardLock] after test
[2020-02-16T18:22:19,698][INFO ][o.e.e.NodeEnvironmentTests] [testAvailableIndexFolders] before test
[2020-02-16T18:22:19,723][INFO ][o.e.e.NodeEnvironment    ] [testAvailableIndexFolders] using [3] data paths, mounts [[Old HDD (E:)]], net usable_space [89.5gb], net total_space [232.8gb], types [NTFS]
[2020-02-16T18:22:19,723][INFO ][o.e.e.NodeEnvironment    ] [testAvailableIndexFolders] heap size [512mb], compressed ordinary object pointers [true]
[2020-02-16T18:22:19,754][INFO ][o.e.e.NodeEnvironmentTests] [testAvailableIndexFolders] after test
[2020-02-16T18:22:19,756][INFO ][o.e.e.NodeEnvironmentTests] [testDeleteSafe] before test
[2020-02-16T18:22:19,782][INFO ][o.e.e.NodeEnvironment    ] [testDeleteSafe] using [3] data paths, mounts [[Old HDD (E:)]], net usable_space [89.5gb], net total_space [232.8gb], types [NTFS]
[2020-02-16T18:22:19,782][INFO ][o.e.e.NodeEnvironment    ] [testDeleteSafe] heap size [512mb], compressed ordinary object pointers [true]
[2020-02-16T18:22:19,823][INFO ][o.e.e.NodeEnvironmentTests] [testDeleteSafe] after test
[2020-02-16T18:22:19,825][INFO ][o.e.e.NodeEnvironmentTests] [testNodeLockSillySettings] before test
[2020-02-16T18:22:19,826][INFO ][o.e.e.NodeEnvironmentTests] [testNodeLockSillySettings] after test
[2020-02-16T18:22:19,828][INFO ][o.e.e.NodeEnvironmentTests] [testExistingTempFiles] before test
[2020-02-16T18:22:19,839][INFO ][o.e.e.NodeEnvironment    ] [testExistingTempFiles] using [1] data paths, mounts [[Old HDD (E:)]], net usable_space [89.5gb], net total_space [232.8gb], types [NTFS]
[2020-02-16T18:22:19,839][INFO ][o.e.e.NodeEnvironment    ] [testExistingTempFiles] heap size [512mb], compressed ordinary object pointers [true]
[2020-02-16T18:22:19,841][INFO ][o.e.e.NodeEnvironmentTests] [testExistingTempFiles] after test
[2020-02-16T18:22:19,844][INFO ][o.e.e.NodeEnvironmentTests] [testEnsureNoShardDataOrIndexMetaData] before test
[2020-02-16T18:22:19,880][INFO ][o.e.e.NodeEnvironment    ] [testEnsureNoShardDataOrIndexMetaData] using [3] data paths, mounts [[Old HDD (E:)]], net usable_space [89.5gb], net total_space [232.8gb], types [NTFS]
[2020-02-16T18:22:19,880][INFO ][o.e.e.NodeEnvironment    ] [testEnsureNoShardDataOrIndexMetaData] heap size [512mb], compressed ordinary object pointers [true]
[2020-02-16T18:22:19,914][INFO ][o.e.e.NodeEnvironment    ] [testEnsureNoShardDataOrIndexMetaData] using [3] data paths, mounts [[Old HDD (E:)]], net usable_space [89.5gb], net total_space [232.8gb], types [NTFS]
[2020-02-16T18:22:19,914][INFO ][o.e.e.NodeEnvironment    ] [testEnsureNoShardDataOrIndexMetaData] heap size [512mb], compressed ordinary object pointers [true]
[2020-02-16T18:22:19,959][INFO ][o.e.e.NodeEnvironment    ] [testEnsureNoShardDataOrIndexMetaData] using [3] data paths, mounts [[Old HDD (E:)]], net usable_space [89.5gb], net total_space [232.8gb], types [NTFS]
[2020-02-16T18:22:19,959][INFO ][o.e.e.NodeEnvironment    ] [testEnsureNoShardDataOrIndexMetaData] heap size [512mb], compressed ordinary object pointers [true]
[2020-02-16T18:22:20,012][INFO ][o.e.e.NodeEnvironment    ] [testEnsureNoShardDataOrIndexMetaData] using [3] data paths, mounts [[Old HDD (E:)]], net usable_space [89.5gb], net total_space [232.8gb], types [NTFS]
[2020-02-16T18:22:20,012][INFO ][o.e.e.NodeEnvironment    ] [testEnsureNoShardDataOrIndexMetaData] heap size [512mb], compressed ordinary object pointers [true]
[2020-02-16T18:22:20,070][INFO ][o.e.e.NodeEnvironment    ] [testEnsureNoShardDataOrIndexMetaData] using [3] data paths, mounts [[Old HDD (E:)]], net usable_space [89.5gb], net total_space [232.8gb], types [NTFS]
[2020-02-16T18:22:20,070][INFO ][o.e.e.NodeEnvironment    ] [testEnsureNoShardDataOrIndexMetaData] heap size [512mb], compressed ordinary object pointers [true]
[2020-02-16T18:22:20,130][INFO ][o.e.e.NodeEnvironment    ] [testEnsureNoShardDataOrIndexMetaData] using [3] data paths, mounts [[Old HDD (E:)]], net usable_space [89.5gb], net total_space [232.8gb], types [NTFS]
[2020-02-16T18:22:20,131][INFO ][o.e.e.NodeEnvironment    ] [testEnsureNoShardDataOrIndexMetaData] heap size [512mb], compressed ordinary object pointers [true]
[2020-02-16T18:22:20,200][INFO ][o.e.e.NodeEnvironment    ] [testEnsureNoShardDataOrIndexMetaData] using [3] data paths, mounts [[Old HDD (E:)]], net usable_space [89.5gb], net total_space [232.8gb], types [NTFS]
[2020-02-16T18:22:20,200][INFO ][o.e.e.NodeEnvironment    ] [testEnsureNoShardDataOrIndexMetaData] heap size [512mb], compressed ordinary object pointers [true]
[2020-02-16T18:22:20,253][INFO ][o.e.e.NodeEnvironment    ] [testEnsureNoShardDataOrIndexMetaData] using [3] data paths, mounts [[Old HDD (E:)]], net usable_space [89.5gb], net total_space [232.8gb], types [NTFS]
[2020-02-16T18:22:20,253][INFO ][o.e.e.NodeEnvironment    ] [testEnsureNoShardDataOrIndexMetaData] heap size [512mb], compressed ordinary object pointers [true]
[2020-02-16T18:22:20,305][INFO ][o.e.e.NodeEnvironment    ] [testEnsureNoShardDataOrIndexMetaData] using [3] data paths, mounts [[Old HDD (E:)]], net usable_space [89.5gb], net total_space [232.8gb], types [NTFS]
[2020-02-16T18:22:20,306][INFO ][o.e.e.NodeEnvironment    ] [testEnsureNoShardDataOrIndexMetaData] heap size [512mb], compressed ordinary object pointers [true]
[2020-02-16T18:22:20,366][INFO ][o.e.e.NodeEnvironment    ] [testEnsureNoShardDataOrIndexMetaData] using [3] data paths, mounts [[Old HDD (E:)]], net usable_space [89.5gb], net total_space [232.8gb], types [NTFS]
[2020-02-16T18:22:20,366][INFO ][o.e.e.NodeEnvironment    ] [testEnsureNoShardDataOrIndexMetaData] heap size [512mb], compressed ordinary object pointers [true]
[2020-02-16T18:22:20,393][INFO ][o.e.e.NodeEnvironmentTests] [testEnsureNoShardDataOrIndexMetaData] after test
[2020-02-16T18:22:20,396][INFO ][o.e.e.NodeEnvironmentTests] [testShardLock] before test
[2020-02-16T18:22:20,434][INFO ][o.e.e.NodeEnvironment    ] [testShardLock] using [3] data paths, mounts [[Old HDD (E:)]], net usable_space [89.5gb], net total_space [232.8gb], types [NTFS]
[2020-02-16T18:22:20,434][INFO ][o.e.e.NodeEnvironment    ] [testShardLock] heap size [512mb], compressed ordinary object pointers [true]
[2020-02-16T18:22:20,455][INFO ][o.e.e.NodeEnvironmentTests] [testShardLock] after test
[2020-02-16T18:22:20,458][INFO ][o.e.e.NodeEnvironmentTests] [testNodeLockSingleEnvironment] before test
[2020-02-16T18:22:20,508][INFO ][o.e.e.NodeEnvironment    ] [testNodeLockSingleEnvironment] using [2] data paths, mounts [[Old HDD (E:)]], net usable_space [89.5gb], net total_space [232.8gb], types [NTFS]
[2020-02-16T18:22:20,508][INFO ][o.e.e.NodeEnvironment    ] [testNodeLockSingleEnvironment] heap size [512mb], compressed ordinary object pointers [true]
[2020-02-16T18:22:20,536][INFO ][o.e.e.NodeEnvironment    ] [testNodeLockSingleEnvironment] using [2] data paths, mounts [[Old HDD (E:)]], net usable_space [89.5gb], net total_space [232.8gb], types [NTFS]
[2020-02-16T18:22:20,537][INFO ][o.e.e.NodeEnvironment    ] [testNodeLockSingleEnvironment] heap size [512mb], compressed ordinary object pointers [true]
[2020-02-16T18:22:20,544][INFO ][o.e.e.NodeEnvironmentTests] [testNodeLockSingleEnvironment] after test
[2020-02-16T18:22:20,547][INFO ][o.e.e.NodeEnvironmentTests] [testAvailableIndexFoldersWithExclusions] before test
[2020-02-16T18:22:20,564][INFO ][o.e.e.NodeEnvironment    ] [testAvailableIndexFoldersWithExclusions] using [1] data paths, mounts [[Old HDD (E:)]], net usable_space [89.5gb], net total_space [232.8gb], types [NTFS]
[2020-02-16T18:22:20,564][INFO ][o.e.e.NodeEnvironment    ] [testAvailableIndexFoldersWithExclusions] heap size [512mb], compressed ordinary object pointers [true]
[2020-02-16T18:22:20,568][INFO ][o.e.e.NodeEnvironmentTests] [testAvailableIndexFoldersWithExclusions] after test
]]></system-out>
  <system-err><![CDATA[]]></system-err>
</testsuite>
