<?xml version="1.0" encoding="UTF-8"?>
<testsuite name="org.elasticsearch.search.aggregations.bucket.sampler.BestDocsDeferringCollectorTests" tests="1" skipped="0" failures="0" errors="0" timestamp="2020-02-16T22:24:21" hostname="Escoto-PC" time="0.015">
  <properties/>
  <testcase name="testReplay" classname="org.elasticsearch.search.aggregations.bucket.sampler.BestDocsDeferringCollectorTests" time="0.015"/>
  <system-out><![CDATA[[2020-02-17T08:24:21,570][INFO ][o.e.s.a.b.s.BestDocsDeferringCollectorTests] [testReplay] before test
[2020-02-17T08:24:21,583][INFO ][o.e.s.a.b.s.BestDocsDeferringCollectorTests] [testReplay] after test
]]></system-out>
  <system-err><![CDATA[]]></system-err>
</testsuite>
