<?xml version="1.0" encoding="UTF-8"?>
<testsuite name="org.elasticsearch.action.support.AdapterActionFutureTests" tests="1" skipped="0" failures="0" errors="0" timestamp="2020-02-16T22:20:47" hostname="Escoto-PC" time="0.006">
  <properties/>
  <testcase name="testInterruption" classname="org.elasticsearch.action.support.AdapterActionFutureTests" time="0.006"/>
  <system-out><![CDATA[[2020-02-16T19:20:47,372][INFO ][o.e.a.s.AdapterActionFutureTests] [testInterruption] before test
[2020-02-16T19:20:47,375][INFO ][o.e.a.s.AdapterActionFutureTests] [testInterruption] after test
]]></system-out>
  <system-err><![CDATA[]]></system-err>
</testsuite>
