<?xml version="1.0" encoding="UTF-8"?>
<testsuite name="org.elasticsearch.action.admin.cluster.snapshots.create.CreateSnapshotRequestTests" tests="2" skipped="0" failures="0" errors="0" timestamp="2020-02-16T22:20:23" hostname="Escoto-PC" time="0.012">
  <properties/>
  <testcase name="testSizeCheck" classname="org.elasticsearch.action.admin.cluster.snapshots.create.CreateSnapshotRequestTests" time="0.005"/>
  <testcase name="testToXContent" classname="org.elasticsearch.action.admin.cluster.snapshots.create.CreateSnapshotRequestTests" time="0.006"/>
  <system-out><![CDATA[[2020-02-17T00:20:23,827][INFO ][o.e.a.a.c.s.c.CreateSnapshotRequestTests] [testSizeCheck] before test
[2020-02-17T00:20:23,830][INFO ][o.e.a.a.c.s.c.CreateSnapshotRequestTests] [testSizeCheck] after test
[2020-02-17T00:20:23,832][INFO ][o.e.a.a.c.s.c.CreateSnapshotRequestTests] [testToXContent] before test
[2020-02-17T00:20:23,836][INFO ][o.e.a.a.c.s.c.CreateSnapshotRequestTests] [testToXContent] after test
]]></system-out>
  <system-err><![CDATA[]]></system-err>
</testsuite>
