<?xml version="1.0" encoding="UTF-8"?>
<testsuite name="org.elasticsearch.search.aggregations.support.ValuesSourceConfigTests" tests="11" skipped="0" failures="0" errors="0" timestamp="2020-02-16T22:24:29" hostname="Escoto-PC" time="3.433">
  <properties/>
  <testcase name="testBoolean" classname="org.elasticsearch.search.aggregations.support.ValuesSourceConfigTests" time="1.609"/>
  <testcase name="testTypeFieldDeprecation" classname="org.elasticsearch.search.aggregations.support.ValuesSourceConfigTests" time="0.105"/>
  <testcase name="testUnmappedLong" classname="org.elasticsearch.search.aggregations.support.ValuesSourceConfigTests" time="0.133"/>
  <testcase name="testUnmappedKeyword" classname="org.elasticsearch.search.aggregations.support.ValuesSourceConfigTests" time="0.159"/>
  <testcase name="testEmptyLong" classname="org.elasticsearch.search.aggregations.support.ValuesSourceConfigTests" time="0.195"/>
  <testcase name="testFieldAlias" classname="org.elasticsearch.search.aggregations.support.ValuesSourceConfigTests" time="0.327"/>
  <testcase name="testKeyword" classname="org.elasticsearch.search.aggregations.support.ValuesSourceConfigTests" time="0.152"/>
  <testcase name="testUnmappedBoolean" classname="org.elasticsearch.search.aggregations.support.ValuesSourceConfigTests" time="0.223"/>
  <testcase name="testEmptyKeyword" classname="org.elasticsearch.search.aggregations.support.ValuesSourceConfigTests" time="0.178"/>
  <testcase name="testEmptyBoolean" classname="org.elasticsearch.search.aggregations.support.ValuesSourceConfigTests" time="0.239"/>
  <testcase name="testLong" classname="org.elasticsearch.search.aggregations.support.ValuesSourceConfigTests" time="0.113"/>
  <system-out><![CDATA[[2020-02-17T07:24:29,291][INFO ][o.e.e.NodeEnvironment    ] [testBoolean] using [1] data paths, mounts [[Old HDD (E:)]], net usable_space [89.5gb], net total_space [232.8gb], types [NTFS]
[2020-02-17T07:24:29,292][INFO ][o.e.e.NodeEnvironment    ] [testBoolean] heap size [512mb], compressed ordinary object pointers [true]
[2020-02-17T07:24:29,294][INFO ][o.e.n.Node               ] [testBoolean] node name [node_s_0], node ID [LkBjNxDlQoSFrYFnwVx5PA], cluster name [single-node-cluster-TEST_WORKER_VM=[13]-CLUSTER_SEED=[-8044702654661567635]-HASH=[15B3E271443]]
[2020-02-17T07:24:29,294][INFO ][o.e.n.Node               ] [testBoolean] version[7.5.1], pid[5104], build[unknown/unknown/unknown/unknown], OS[Windows 7/6.1/amd64], JVM[Oracle Corporation/OpenJDK 64-Bit Server VM/12.0.2/12.0.2+10]
[2020-02-17T07:24:29,294][INFO ][o.e.n.Node               ] [testBoolean] JVM home [C:\Program Files\Java\jdk-12.0.2]
[2020-02-17T07:24:29,294][INFO ][o.e.n.Node               ] [testBoolean] JVM arguments [-Dcompiler.java=12, -Des.scripting.update.ctx_in_params=false, -Des.transport.cname_in_publish_address=true, -Dgradle.dist.lib=C:\Users\Escoto\.gradle\wrapper\dists\gradle-5.6.2-bin\3clyn6icets6f02ptgd5hlmou\gradle-5.6.2\lib, -Dgradle.user.home=C:\Users\Escoto\.gradle, -Dgradle.worker.jar=C:\Users\Escoto\.gradle/caches/5.6.2/workerMain/gradle-worker.jar, -Dio.netty.noKeySetOptimization=true, -Dio.netty.noUnsafe=true, -Dio.netty.recycler.maxCapacityPerThread=0, -Djava.awt.headless=true, -Djna.nosys=true, -Dorg.gradle.native=false, -Druntime.java=12, -Dtests.artifact=server, -Dtests.gradle=true, -Dtests.logger.level=WARN, -Dtests.security.manager=true, -Dtests.seed=9EA1F2A3814E5F76, -Dtests.task=:server:test, -Dtests.timeoutSuite=1800000!, -esa, --illegal-access=warn, -XX:+HeapDumpOnOutOfMemoryError, -XX:HeapDumpPath=E:\NotD\git\elasticsearch\server\build\heapdump, -Xms512m, -Xmx512m, -Dfile.encoding=windows-1252, -Djava.io.tmpdir=./temp, -Duser.country=US, -Duser.language=en, -Duser.variant, -ea]
[2020-02-17T07:24:29,295][INFO ][o.e.p.PluginsService     ] [testBoolean] no modules loaded
[2020-02-17T07:24:29,295][INFO ][o.e.p.PluginsService     ] [testBoolean] loaded plugin [org.elasticsearch.test.MockHttpTransport$TestPlugin]
[2020-02-17T07:24:29,295][INFO ][o.e.p.PluginsService     ] [testBoolean] loaded plugin [org.elasticsearch.transport.nio.MockNioTransportPlugin]
[2020-02-17T07:24:29,593][INFO ][o.e.d.DiscoveryModule    ] [testBoolean] using discovery type [zen] and seed hosts providers [settings]
[2020-02-17T07:24:29,600][INFO ][o.e.n.Node               ] [testBoolean] initialized
[2020-02-17T07:24:29,600][INFO ][o.e.n.Node               ] [testBoolean] starting ...
[2020-02-17T07:24:30,614][INFO ][o.e.t.TransportService   ] [testBoolean] publish_address {127.0.0.1:11600}, bound_addresses {127.0.0.1:11600}, {[::1]:11600}
[2020-02-17T07:24:30,622][INFO ][o.e.c.c.Coordinator      ] [testBoolean] setting initial configuration to VotingConfiguration{LkBjNxDlQoSFrYFnwVx5PA}
[2020-02-17T07:24:30,653][INFO ][o.e.c.s.MasterService    ] [node_s_0] elected-as-master ([1] nodes joined)[{node_s_0}{LkBjNxDlQoSFrYFnwVx5PA}{MDLra-jrRIW4Zu2AwkzIkA}{127.0.0.1}{127.0.0.1:11600}{dim} elect leader, _BECOME_MASTER_TASK_, _FINISH_ELECTION_], term: 1, version: 1, delta: master node changed {previous [], current [{node_s_0}{LkBjNxDlQoSFrYFnwVx5PA}{MDLra-jrRIW4Zu2AwkzIkA}{127.0.0.1}{127.0.0.1:11600}{dim}]}
[2020-02-17T07:24:30,661][INFO ][o.e.c.c.CoordinationState] [node_s_0] cluster UUID set to [Ex2fQ0s4RUCgk4sbaXUT8w]
[2020-02-17T07:24:30,668][INFO ][o.e.c.s.ClusterApplierService] [node_s_0] master node changed {previous [], current [{node_s_0}{LkBjNxDlQoSFrYFnwVx5PA}{MDLra-jrRIW4Zu2AwkzIkA}{127.0.0.1}{127.0.0.1:11600}{dim}]}, term: 1, version: 1, reason: Publication{term=1, version=1}
[2020-02-17T07:24:30,668][INFO ][o.e.n.Node               ] [testBoolean] started
[2020-02-17T07:24:30,674][INFO ][o.e.g.GatewayService     ] [node_s_0] recovered [0] indices into cluster_state
[2020-02-17T07:24:30,675][INFO ][o.e.c.m.MetaDataIndexTemplateService] [node_s_0] adding template [one_shard_index_template] for index patterns [*]
[2020-02-17T07:24:30,696][INFO ][o.e.c.m.MetaDataIndexTemplateService] [node_s_0] adding template [random-soft-deletes-template] for index patterns [*]
[2020-02-17T07:24:30,710][INFO ][o.e.s.a.s.ValuesSourceConfigTests] [testBoolean] before test
[2020-02-17T07:24:30,712][INFO ][o.e.c.m.MetaDataCreateIndexService] [node_s_0] [index] creating index, cause [api], templates [one_shard_index_template, random-soft-deletes-template], shards [1]/[0], mappings [type]
[2020-02-17T07:24:30,776][INFO ][o.e.c.r.a.AllocationService] [node_s_0] Cluster health status changed from [YELLOW] to [GREEN] (reason: [shards started [[index][0]]]).
[2020-02-17T07:24:30,808][INFO ][o.e.s.a.s.ValuesSourceConfigTests] [testBoolean] after test
[2020-02-17T07:24:30,809][INFO ][o.e.c.m.MetaDataDeleteIndexService] [node_s_0] [index/Kx0vTYDqQWaq0KxClppokA] deleting index
[2020-02-17T07:24:30,861][INFO ][o.e.s.a.s.ValuesSourceConfigTests] [testTypeFieldDeprecation] before test
[2020-02-17T07:24:30,863][INFO ][o.e.c.m.MetaDataCreateIndexService] [node_s_0] [index] creating index, cause [api], templates [one_shard_index_template, random-soft-deletes-template], shards [1]/[0], mappings [type]
[2020-02-17T07:24:30,917][INFO ][o.e.c.r.a.AllocationService] [node_s_0] Cluster health status changed from [YELLOW] to [GREEN] (reason: [shards started [[index][0]]]).
[2020-02-17T07:24:30,929][INFO ][o.e.s.a.s.ValuesSourceConfigTests] [testTypeFieldDeprecation] after test
[2020-02-17T07:24:30,929][INFO ][o.e.c.m.MetaDataDeleteIndexService] [node_s_0] [index/SfjZXzaRRke2rZir9ZuCSw] deleting index
[2020-02-17T07:24:30,966][INFO ][o.e.s.a.s.ValuesSourceConfigTests] [testUnmappedLong] before test
[2020-02-17T07:24:30,968][INFO ][o.e.c.m.MetaDataCreateIndexService] [node_s_0] [index] creating index, cause [api], templates [one_shard_index_template, random-soft-deletes-template], shards [1]/[0], mappings [type]
[2020-02-17T07:24:31,041][INFO ][o.e.c.r.a.AllocationService] [node_s_0] Cluster health status changed from [YELLOW] to [GREEN] (reason: [shards started [[index][0]]]).
[2020-02-17T07:24:31,070][INFO ][o.e.s.a.s.ValuesSourceConfigTests] [testUnmappedLong] after test
[2020-02-17T07:24:31,071][INFO ][o.e.c.m.MetaDataDeleteIndexService] [node_s_0] [index/ZgitZ8SzTBuvtsrXLjubQg] deleting index
[2020-02-17T07:24:31,100][INFO ][o.e.s.a.s.ValuesSourceConfigTests] [testUnmappedKeyword] before test
[2020-02-17T07:24:31,101][INFO ][o.e.c.m.MetaDataCreateIndexService] [node_s_0] [index] creating index, cause [api], templates [one_shard_index_template, random-soft-deletes-template], shards [1]/[0], mappings [type]
[2020-02-17T07:24:31,183][INFO ][o.e.c.r.a.AllocationService] [node_s_0] Cluster health status changed from [YELLOW] to [GREEN] (reason: [shards started [[index][0]]]).
[2020-02-17T07:24:31,220][INFO ][o.e.s.a.s.ValuesSourceConfigTests] [testUnmappedKeyword] after test
[2020-02-17T07:24:31,221][INFO ][o.e.c.m.MetaDataDeleteIndexService] [node_s_0] [index/JZg_WtCVSxupJZ-173OLLQ] deleting index
[2020-02-17T07:24:31,268][INFO ][o.e.s.a.s.ValuesSourceConfigTests] [testEmptyLong] before test
[2020-02-17T07:24:31,272][INFO ][o.e.c.m.MetaDataCreateIndexService] [node_s_0] [index] creating index, cause [api], templates [one_shard_index_template, random-soft-deletes-template], shards [1]/[0], mappings [type]
[2020-02-17T07:24:31,386][INFO ][o.e.c.r.a.AllocationService] [node_s_0] Cluster health status changed from [YELLOW] to [GREEN] (reason: [shards started [[index][0]]]).
[2020-02-17T07:24:31,421][INFO ][o.e.s.a.s.ValuesSourceConfigTests] [testEmptyLong] after test
[2020-02-17T07:24:31,421][INFO ][o.e.c.m.MetaDataDeleteIndexService] [node_s_0] [index/WX71-FE9RdWbfUvjdvOUhg] deleting index
[2020-02-17T07:24:31,453][INFO ][o.e.s.a.s.ValuesSourceConfigTests] [testFieldAlias] before test
[2020-02-17T07:24:31,455][INFO ][o.e.c.m.MetaDataCreateIndexService] [node_s_0] [index] creating index, cause [api], templates [one_shard_index_template, random-soft-deletes-template], shards [1]/[0], mappings [type]
[2020-02-17T07:24:31,556][INFO ][o.e.c.r.a.AllocationService] [node_s_0] Cluster health status changed from [YELLOW] to [GREEN] (reason: [shards started [[index][0]]]).
[2020-02-17T07:24:31,726][INFO ][o.e.s.a.s.ValuesSourceConfigTests] [testFieldAlias] after test
[2020-02-17T07:24:31,728][INFO ][o.e.c.m.MetaDataDeleteIndexService] [node_s_0] [index/ZBzduJzlSvqTv95NWQcv_A] deleting index
[2020-02-17T07:24:31,780][INFO ][o.e.s.a.s.ValuesSourceConfigTests] [testKeyword] before test
[2020-02-17T07:24:31,785][INFO ][o.e.c.m.MetaDataCreateIndexService] [node_s_0] [index] creating index, cause [api], templates [one_shard_index_template, random-soft-deletes-template], shards [1]/[0], mappings [type]
[2020-02-17T07:24:31,852][INFO ][o.e.c.r.a.AllocationService] [node_s_0] Cluster health status changed from [YELLOW] to [GREEN] (reason: [shards started [[index][0]]]).
[2020-02-17T07:24:31,886][INFO ][o.e.s.a.s.ValuesSourceConfigTests] [testKeyword] after test
[2020-02-17T07:24:31,889][INFO ][o.e.c.m.MetaDataDeleteIndexService] [node_s_0] [index/7OaK85ylRsW8mXQX1dggQQ] deleting index
[2020-02-17T07:24:31,931][INFO ][o.e.s.a.s.ValuesSourceConfigTests] [testUnmappedBoolean] before test
[2020-02-17T07:24:31,933][INFO ][o.e.c.m.MetaDataCreateIndexService] [node_s_0] [index] creating index, cause [api], templates [one_shard_index_template, random-soft-deletes-template], shards [1]/[0], mappings [type]
[2020-02-17T07:24:32,039][INFO ][o.e.c.r.a.AllocationService] [node_s_0] Cluster health status changed from [YELLOW] to [GREEN] (reason: [shards started [[index][0]]]).
[2020-02-17T07:24:32,110][INFO ][o.e.s.a.s.ValuesSourceConfigTests] [testUnmappedBoolean] after test
[2020-02-17T07:24:32,113][INFO ][o.e.c.m.MetaDataDeleteIndexService] [node_s_0] [index/bnhLFqLKQeGquxtGE6UxqA] deleting index
[2020-02-17T07:24:32,155][INFO ][o.e.s.a.s.ValuesSourceConfigTests] [testEmptyKeyword] before test
[2020-02-17T07:24:32,162][INFO ][o.e.c.m.MetaDataCreateIndexService] [node_s_0] [index] creating index, cause [api], templates [one_shard_index_template, random-soft-deletes-template], shards [1]/[0], mappings [type]
[2020-02-17T07:24:32,223][INFO ][o.e.c.r.a.AllocationService] [node_s_0] Cluster health status changed from [YELLOW] to [GREEN] (reason: [shards started [[index][0]]]).
[2020-02-17T07:24:32,274][INFO ][o.e.s.a.s.ValuesSourceConfigTests] [testEmptyKeyword] after test
[2020-02-17T07:24:32,279][INFO ][o.e.c.m.MetaDataDeleteIndexService] [node_s_0] [index/o6ZFAbB3SamzP7XTxRmZJA] deleting index
[2020-02-17T07:24:32,332][INFO ][o.e.s.a.s.ValuesSourceConfigTests] [testEmptyBoolean] before test
[2020-02-17T07:24:32,385][INFO ][o.e.c.m.MetaDataCreateIndexService] [node_s_0] [index] creating index, cause [api], templates [one_shard_index_template, random-soft-deletes-template], shards [1]/[0], mappings [type]
[2020-02-17T07:24:32,476][INFO ][o.e.c.r.a.AllocationService] [node_s_0] Cluster health status changed from [YELLOW] to [GREEN] (reason: [shards started [[index][0]]]).
[2020-02-17T07:24:32,515][INFO ][o.e.s.a.s.ValuesSourceConfigTests] [testEmptyBoolean] after test
[2020-02-17T07:24:32,530][INFO ][o.e.c.m.MetaDataDeleteIndexService] [node_s_0] [index/gRZuBQI1QyuAvTLogF0E9A] deleting index
[2020-02-17T07:24:32,572][INFO ][o.e.s.a.s.ValuesSourceConfigTests] [testLong] before test
[2020-02-17T07:24:32,574][INFO ][o.e.c.m.MetaDataCreateIndexService] [node_s_0] [index] creating index, cause [api], templates [one_shard_index_template, random-soft-deletes-template], shards [1]/[0], mappings [type]
[2020-02-17T07:24:32,629][INFO ][o.e.c.r.a.AllocationService] [node_s_0] Cluster health status changed from [YELLOW] to [GREEN] (reason: [shards started [[index][0]]]).
[2020-02-17T07:24:32,657][INFO ][o.e.s.a.s.ValuesSourceConfigTests] [testLong] after test
[2020-02-17T07:24:32,657][INFO ][o.e.c.m.MetaDataDeleteIndexService] [node_s_0] [index/CMVjGjhbTMm3XOiaIh--gw] deleting index
[2020-02-17T07:24:32,681][INFO ][o.e.n.Node               ] [suite] stopping ...
[2020-02-17T07:24:32,683][INFO ][o.e.n.Node               ] [suite] stopped
[2020-02-17T07:24:32,683][INFO ][o.e.n.Node               ] [suite] closing ...
[2020-02-17T07:24:32,683][INFO ][o.e.n.Node               ] [suite] closed
]]></system-out>
  <system-err><![CDATA[]]></system-err>
</testsuite>
