<?xml version="1.0" encoding="UTF-8"?>
<testsuite name="org.elasticsearch.search.aggregations.metrics.GeoCentroidAggregatorTests" tests="4" skipped="0" failures="0" errors="0" timestamp="2020-02-16T22:24:23" hostname="Escoto-PC" time="0.052">
  <properties/>
  <testcase name="testUnmapped" classname="org.elasticsearch.search.aggregations.metrics.GeoCentroidAggregatorTests" time="0.01"/>
  <testcase name="testEmpty" classname="org.elasticsearch.search.aggregations.metrics.GeoCentroidAggregatorTests" time="0.005"/>
  <testcase name="testMultiValuedField" classname="org.elasticsearch.search.aggregations.metrics.GeoCentroidAggregatorTests" time="0.019"/>
  <testcase name="testSingleValuedField" classname="org.elasticsearch.search.aggregations.metrics.GeoCentroidAggregatorTests" time="0.018"/>
  <system-out><![CDATA[[2020-02-17T07:24:23,875][INFO ][o.e.s.a.m.GeoCentroidAggregatorTests] [testUnmapped] before test
[2020-02-17T07:24:23,883][INFO ][o.e.s.a.m.GeoCentroidAggregatorTests] [testUnmapped] after test
[2020-02-17T07:24:23,885][INFO ][o.e.s.a.m.GeoCentroidAggregatorTests] [testEmpty] before test
[2020-02-17T07:24:23,888][INFO ][o.e.s.a.m.GeoCentroidAggregatorTests] [testEmpty] after test
[2020-02-17T07:24:23,890][INFO ][o.e.s.a.m.GeoCentroidAggregatorTests] [testMultiValuedField] before test
[2020-02-17T07:24:23,907][INFO ][o.e.s.a.m.GeoCentroidAggregatorTests] [testMultiValuedField] after test
[2020-02-17T07:24:23,913][INFO ][o.e.s.a.m.GeoCentroidAggregatorTests] [testSingleValuedField] before test
[2020-02-17T07:24:23,925][INFO ][o.e.s.a.m.GeoCentroidAggregatorTests] [testSingleValuedField] after test
]]></system-out>
  <system-err><![CDATA[]]></system-err>
</testsuite>
