<?xml version="1.0" encoding="UTF-8"?>
<testsuite name="org.elasticsearch.action.admin.cluster.configuration.AddVotingConfigExclusionsResponseTests" tests="1" skipped="0" failures="0" errors="0" timestamp="2020-02-16T22:20:01" hostname="Escoto-PC" time="0.012">
  <properties/>
  <testcase name="testSerialization" classname="org.elasticsearch.action.admin.cluster.configuration.AddVotingConfigExclusionsResponseTests" time="0.012"/>
  <system-out><![CDATA[[2020-02-16T22:20:01,413][INFO ][o.e.a.a.c.c.AddVotingConfigExclusionsResponseTests] [testSerialization] before test
[2020-02-16T22:20:01,423][INFO ][o.e.a.a.c.c.AddVotingConfigExclusionsResponseTests] [testSerialization] after test
]]></system-out>
  <system-err><![CDATA[]]></system-err>
</testsuite>
