<?xml version="1.0" encoding="UTF-8"?>
<testsuite name="org.elasticsearch.index.engine.NoOpEngineRecoveryTests" tests="1" skipped="0" failures="0" errors="0" timestamp="2020-02-16T22:22:34" hostname="Escoto-PC" time="0.329">
  <properties/>
  <testcase name="testRecoverFromNoOp" classname="org.elasticsearch.index.engine.NoOpEngineRecoveryTests" time="0.329"/>
  <system-out><![CDATA[[2020-02-16T19:22:34,882][INFO ][o.e.i.e.NoOpEngineRecoveryTests] [testRecoverFromNoOp] before test
[2020-02-16T19:22:35,205][INFO ][o.e.i.e.NoOpEngineRecoveryTests] [testRecoverFromNoOp] after test
]]></system-out>
  <system-err><![CDATA[]]></system-err>
</testsuite>
