<?xml version="1.0" encoding="UTF-8"?>
<testsuite name="org.elasticsearch.rest.RestHttpResponseHeadersTests" tests="1" skipped="0" failures="0" errors="0" timestamp="2020-02-16T22:24:05" hostname="Escoto-PC" time="0.008">
  <properties/>
  <testcase name="testUnsupportedMethodResponseHttpHeader" classname="org.elasticsearch.rest.RestHttpResponseHeadersTests" time="0.008"/>
  <system-out><![CDATA[[2020-02-17T04:09:05,421][INFO ][o.e.r.RestHttpResponseHeadersTests] [testUnsupportedMethodResponseHttpHeader] before test
[2020-02-17T04:09:05,427][INFO ][o.e.r.RestHttpResponseHeadersTests] [testUnsupportedMethodResponseHttpHeader] after test
]]></system-out>
  <system-err><![CDATA[]]></system-err>
</testsuite>
