<?xml version="1.0" encoding="UTF-8"?>
<testsuite name="org.elasticsearch.discovery.zen.ZenPingTests" tests="1" skipped="0" failures="0" errors="0" timestamp="2020-02-16T22:21:10" hostname="Escoto-PC" time="0.003">
  <properties/>
  <testcase name="testPingCollection" classname="org.elasticsearch.discovery.zen.ZenPingTests" time="0.003"/>
  <system-out><![CDATA[[2020-02-16T15:21:10,643][INFO ][o.e.d.z.ZenPingTests     ] [testPingCollection] before test
[2020-02-16T15:21:10,645][INFO ][o.e.d.z.ZenPingTests     ] [testPingCollection] after test
]]></system-out>
  <system-err><![CDATA[]]></system-err>
</testsuite>
