<?xml version="1.0" encoding="UTF-8"?>
<testsuite name="org.elasticsearch.persistent.CancelPersistentTaskRequestTests" tests="2" skipped="0" failures="0" errors="0" timestamp="2020-02-16T22:24:01" hostname="Escoto-PC" time="0.006">
  <properties/>
  <testcase name="testEqualsAndHashcode" classname="org.elasticsearch.persistent.CancelPersistentTaskRequestTests" time="0.003"/>
  <testcase name="testSerialization" classname="org.elasticsearch.persistent.CancelPersistentTaskRequestTests" time="0.003"/>
  <system-out><![CDATA[[2020-02-17T05:24:01,504][INFO ][o.e.p.CancelPersistentTaskRequestTests] [testEqualsAndHashcode] before test
[2020-02-17T05:24:01,506][INFO ][o.e.p.CancelPersistentTaskRequestTests] [testEqualsAndHashcode] after test
[2020-02-17T05:24:01,509][INFO ][o.e.p.CancelPersistentTaskRequestTests] [testSerialization] before test
[2020-02-17T05:24:01,509][INFO ][o.e.p.CancelPersistentTaskRequestTests] [testSerialization] after test
]]></system-out>
  <system-err><![CDATA[]]></system-err>
</testsuite>
