<?xml version="1.0" encoding="UTF-8"?>
<testsuite name="org.elasticsearch.search.SearchCancellationTests" tests="1" skipped="0" failures="0" errors="0" timestamp="2020-02-16T22:25:36" hostname="Escoto-PC" time="0.002">
  <properties/>
  <testcase name="testCancellableCollector" classname="org.elasticsearch.search.SearchCancellationTests" time="0.002"/>
  <system-out><![CDATA[[2020-02-17T10:25:36,500][INFO ][o.e.s.SearchCancellationTests] [testCancellableCollector] before test
[2020-02-17T10:25:36,501][INFO ][o.e.s.SearchCancellationTests] [testCancellableCollector] after test
]]></system-out>
  <system-err><![CDATA[]]></system-err>
</testsuite>
