<?xml version="1.0" encoding="UTF-8"?>
<testsuite name="org.elasticsearch.common.hppc.HppcMapsTests" tests="1" skipped="0" failures="0" errors="0" timestamp="2020-02-16T22:20:45" hostname="Escoto-PC" time="0.005">
  <properties/>
  <testcase name="testIntersection" classname="org.elasticsearch.common.hppc.HppcMapsTests" time="0.005"/>
  <system-out><![CDATA[[2020-02-16T17:20:45,687][INFO ][o.e.c.h.HppcMapsTests    ] [testIntersection] before test
[2020-02-16T17:20:45,688][INFO ][o.e.c.h.HppcMapsTests    ] [testIntersection] after test
]]></system-out>
  <system-err><![CDATA[]]></system-err>
</testsuite>
