<?xml version="1.0" encoding="UTF-8"?>
<testsuite name="org.elasticsearch.search.fetch.subphase.highlight.PlainHighlighterTests" tests="1" skipped="0" failures="0" errors="0" timestamp="2020-02-16T22:25:35" hostname="Escoto-PC" time="0.006">
  <properties/>
  <testcase name="testHighlightPhrase" classname="org.elasticsearch.search.fetch.subphase.highlight.PlainHighlighterTests" time="0.006"/>
  <system-out><![CDATA[]]></system-out>
  <system-err><![CDATA[]]></system-err>
</testsuite>
