<?xml version="1.0" encoding="UTF-8"?>
<testsuite name="org.elasticsearch.index.query.functionscore.FieldValueFactorFunctionModifierTests" tests="4" skipped="0" failures="0" errors="0" timestamp="2020-02-16T22:23:36" hostname="Escoto-PC" time="0.013">
  <properties/>
  <testcase name="testWriteTo" classname="org.elasticsearch.index.query.functionscore.FieldValueFactorFunctionModifierTests" time="0.004"/>
  <testcase name="testFromString" classname="org.elasticsearch.index.query.functionscore.FieldValueFactorFunctionModifierTests" time="0.002"/>
  <testcase name="testReadFrom" classname="org.elasticsearch.index.query.functionscore.FieldValueFactorFunctionModifierTests" time="0.005"/>
  <testcase name="testValidOrdinals" classname="org.elasticsearch.index.query.functionscore.FieldValueFactorFunctionModifierTests" time="0.002"/>
  <system-out><![CDATA[[2020-02-16T16:23:36,837][INFO ][o.e.i.q.f.FieldValueFactorFunctionModifierTests] [testWriteTo] before test
[2020-02-16T16:23:36,838][INFO ][o.e.i.q.f.FieldValueFactorFunctionModifierTests] [testWriteTo] after test
[2020-02-16T16:23:36,841][INFO ][o.e.i.q.f.FieldValueFactorFunctionModifierTests] [testFromString] before test
[2020-02-16T16:23:36,841][INFO ][o.e.i.q.f.FieldValueFactorFunctionModifierTests] [testFromString] after test
[2020-02-16T16:23:36,845][INFO ][o.e.i.q.f.FieldValueFactorFunctionModifierTests] [testReadFrom] before test
[2020-02-16T16:23:36,846][INFO ][o.e.i.q.f.FieldValueFactorFunctionModifierTests] [testReadFrom] after test
[2020-02-16T16:23:36,847][INFO ][o.e.i.q.f.FieldValueFactorFunctionModifierTests] [testValidOrdinals] before test
[2020-02-16T16:23:36,847][INFO ][o.e.i.q.f.FieldValueFactorFunctionModifierTests] [testValidOrdinals] after test
]]></system-out>
  <system-err><![CDATA[]]></system-err>
</testsuite>
