<?xml version="1.0" encoding="UTF-8"?>
<testsuite name="org.elasticsearch.common.time.DateUtilsRoundingTests" tests="1" skipped="0" failures="0" errors="0" timestamp="2020-02-16T22:20:50" hostname="Escoto-PC" time="0.027">
  <properties/>
  <testcase name="testDateUtilsRounding" classname="org.elasticsearch.common.time.DateUtilsRoundingTests" time="0.027"/>
  <system-out><![CDATA[[2020-02-16T19:20:50,766][INFO ][o.e.c.t.DateUtilsRoundingTests] [testDateUtilsRounding] before test
[2020-02-16T19:20:50,792][INFO ][o.e.c.t.DateUtilsRoundingTests] [testDateUtilsRounding] after test
]]></system-out>
  <system-err><![CDATA[]]></system-err>
</testsuite>
