<?xml version="1.0" encoding="UTF-8"?>
<testsuite name="org.elasticsearch.search.slice.DocValuesSliceQueryTests" tests="2" skipped="0" failures="0" errors="0" timestamp="2020-02-16T22:25:51" hostname="Escoto-PC" time="0.034">
  <properties/>
  <testcase name="testBasics" classname="org.elasticsearch.search.slice.DocValuesSliceQueryTests" time="0.002"/>
  <testcase name="testSearch" classname="org.elasticsearch.search.slice.DocValuesSliceQueryTests" time="0.032"/>
  <system-out><![CDATA[[2020-02-16T19:25:51,414][INFO ][o.e.s.s.DocValuesSliceQueryTests] [testBasics] before test
[2020-02-16T19:25:51,415][INFO ][o.e.s.s.DocValuesSliceQueryTests] [testBasics] after test
[2020-02-16T19:25:51,416][INFO ][o.e.s.s.DocValuesSliceQueryTests] [testSearch] before test
[2020-02-16T19:25:51,448][INFO ][o.e.s.s.DocValuesSliceQueryTests] [testSearch] after test
]]></system-out>
  <system-err><![CDATA[]]></system-err>
</testsuite>
