<?xml version="1.0" encoding="UTF-8"?>
<testsuite name="org.elasticsearch.common.xcontent.cbor.CborXContentParserTests" tests="1" skipped="0" failures="0" errors="0" timestamp="2020-02-16T22:22:03" hostname="Escoto-PC" time="0.003">
  <properties/>
  <testcase name="testEmptyValue" classname="org.elasticsearch.common.xcontent.cbor.CborXContentParserTests" time="0.003"/>
  <system-out><![CDATA[[2020-02-16T23:22:03,522][INFO ][o.e.c.x.c.CborXContentParserTests] [testEmptyValue] before test
[2020-02-16T23:22:03,523][INFO ][o.e.c.x.c.CborXContentParserTests] [testEmptyValue] after test
]]></system-out>
  <system-err><![CDATA[]]></system-err>
</testsuite>
