<?xml version="1.0" encoding="UTF-8"?>
<testsuite name="org.elasticsearch.action.admin.cluster.repositories.verify.VerifyRepositoryResponseTests" tests="1" skipped="0" failures="0" errors="0" timestamp="2020-02-16T22:20:23" hostname="Escoto-PC" time="0.075">
  <properties/>
  <testcase name="testFromXContent" classname="org.elasticsearch.action.admin.cluster.repositories.verify.VerifyRepositoryResponseTests" time="0.075"/>
  <system-out><![CDATA[[2020-02-17T02:20:23,530][INFO ][o.e.a.a.c.r.v.VerifyRepositoryResponseTests] [testFromXContent] before test
[2020-02-17T02:20:23,604][INFO ][o.e.a.a.c.r.v.VerifyRepositoryResponseTests] [testFromXContent] after test
]]></system-out>
  <system-err><![CDATA[]]></system-err>
</testsuite>
