<?xml version="1.0" encoding="UTF-8"?>
<testsuite name="org.elasticsearch.action.admin.cluster.configuration.ClearVotingConfigExclusionsResponseTests" tests="1" skipped="0" failures="0" errors="0" timestamp="2020-02-16T22:20:01" hostname="Escoto-PC" time="0.006">
  <properties/>
  <testcase name="testSerialization" classname="org.elasticsearch.action.admin.cluster.configuration.ClearVotingConfigExclusionsResponseTests" time="0.006"/>
  <system-out><![CDATA[[2020-02-16T18:20:01,448][INFO ][o.e.a.a.c.c.ClearVotingConfigExclusionsResponseTests] [testSerialization] before test
[2020-02-16T18:20:01,451][INFO ][o.e.a.a.c.c.ClearVotingConfigExclusionsResponseTests] [testSerialization] after test
]]></system-out>
  <system-err><![CDATA[]]></system-err>
</testsuite>
