<?xml version="1.0" encoding="UTF-8"?>
<testsuite name="org.elasticsearch.transport.ConnectionProfileTests" tests="4" skipped="0" failures="0" errors="0" timestamp="2020-02-16T22:26:00" hostname="Escoto-PC" time="0.008">
  <properties/>
  <testcase name="testNoChannels" classname="org.elasticsearch.transport.ConnectionProfileTests" time="0.002"/>
  <testcase name="testBuildConnectionProfile" classname="org.elasticsearch.transport.ConnectionProfileTests" time="0.003"/>
  <testcase name="testConnectionProfileResolve" classname="org.elasticsearch.transport.ConnectionProfileTests" time="0.002"/>
  <testcase name="testDefaultConnectionProfile" classname="org.elasticsearch.transport.ConnectionProfileTests" time="0.001"/>
  <system-out><![CDATA[[2020-02-17T09:26:00,424][INFO ][o.e.t.ConnectionProfileTests] [testNoChannels] before test
[2020-02-17T09:26:00,425][INFO ][o.e.t.ConnectionProfileTests] [testNoChannels] after test
[2020-02-17T09:26:00,427][INFO ][o.e.t.ConnectionProfileTests] [testBuildConnectionProfile] before test
[2020-02-17T09:26:00,428][INFO ][o.e.t.ConnectionProfileTests] [testBuildConnectionProfile] after test
[2020-02-17T09:26:00,429][INFO ][o.e.t.ConnectionProfileTests] [testConnectionProfileResolve] before test
[2020-02-17T09:26:00,429][INFO ][o.e.t.ConnectionProfileTests] [testConnectionProfileResolve] after test
[2020-02-17T09:26:00,431][INFO ][o.e.t.ConnectionProfileTests] [testDefaultConnectionProfile] before test
[2020-02-17T09:26:00,431][INFO ][o.e.t.ConnectionProfileTests] [testDefaultConnectionProfile] after test
]]></system-out>
  <system-err><![CDATA[]]></system-err>
</testsuite>
