<?xml version="1.0" encoding="UTF-8"?>
<testsuite name="org.elasticsearch.index.mapper.TypeFieldMapperTests" tests="2" skipped="0" failures="0" errors="0" timestamp="2020-02-16T22:23:02" hostname="Escoto-PC" time="0.993">
  <properties/>
  <testcase name="testDefaults" classname="org.elasticsearch.index.mapper.TypeFieldMapperTests" time="0.912"/>
  <testcase name="testDocValuesSingleType" classname="org.elasticsearch.index.mapper.TypeFieldMapperTests" time="0.081"/>
  <system-out><![CDATA[[2020-02-17T10:23:02,721][INFO ][o.e.e.NodeEnvironment    ] [testDefaults] using [1] data paths, mounts [[Old HDD (E:)]], net usable_space [89.5gb], net total_space [232.8gb], types [NTFS]
[2020-02-17T10:23:02,721][INFO ][o.e.e.NodeEnvironment    ] [testDefaults] heap size [512mb], compressed ordinary object pointers [true]
[2020-02-17T10:23:02,724][INFO ][o.e.n.Node               ] [testDefaults] node name [node_s_0], node ID [NSLXAZpYSmG2pcZR0nb2Bw], cluster name [single-node-cluster-TEST_WORKER_VM=[13]-CLUSTER_SEED=[766607190413647576]-HASH=[14718309DF5]]
[2020-02-17T10:23:02,724][INFO ][o.e.n.Node               ] [testDefaults] version[7.5.1], pid[5104], build[unknown/unknown/unknown/unknown], OS[Windows 7/6.1/amd64], JVM[Oracle Corporation/OpenJDK 64-Bit Server VM/12.0.2/12.0.2+10]
[2020-02-17T10:23:02,724][INFO ][o.e.n.Node               ] [testDefaults] JVM home [C:\Program Files\Java\jdk-12.0.2]
[2020-02-17T10:23:02,724][INFO ][o.e.n.Node               ] [testDefaults] JVM arguments [-Dcompiler.java=12, -Des.scripting.update.ctx_in_params=false, -Des.transport.cname_in_publish_address=true, -Dgradle.dist.lib=C:\Users\Escoto\.gradle\wrapper\dists\gradle-5.6.2-bin\3clyn6icets6f02ptgd5hlmou\gradle-5.6.2\lib, -Dgradle.user.home=C:\Users\Escoto\.gradle, -Dgradle.worker.jar=C:\Users\Escoto\.gradle/caches/5.6.2/workerMain/gradle-worker.jar, -Dio.netty.noKeySetOptimization=true, -Dio.netty.noUnsafe=true, -Dio.netty.recycler.maxCapacityPerThread=0, -Djava.awt.headless=true, -Djna.nosys=true, -Dorg.gradle.native=false, -Druntime.java=12, -Dtests.artifact=server, -Dtests.gradle=true, -Dtests.logger.level=WARN, -Dtests.security.manager=true, -Dtests.seed=9EA1F2A3814E5F76, -Dtests.task=:server:test, -Dtests.timeoutSuite=1800000!, -esa, --illegal-access=warn, -XX:+HeapDumpOnOutOfMemoryError, -XX:HeapDumpPath=E:\NotD\git\elasticsearch\server\build\heapdump, -Xms512m, -Xmx512m, -Dfile.encoding=windows-1252, -Djava.io.tmpdir=./temp, -Duser.country=US, -Duser.language=en, -Duser.variant, -ea]
[2020-02-17T10:23:02,725][INFO ][o.e.p.PluginsService     ] [testDefaults] no modules loaded
[2020-02-17T10:23:02,725][INFO ][o.e.p.PluginsService     ] [testDefaults] loaded plugin [org.elasticsearch.test.InternalSettingsPlugin]
[2020-02-17T10:23:02,725][INFO ][o.e.p.PluginsService     ] [testDefaults] loaded plugin [org.elasticsearch.test.MockHttpTransport$TestPlugin]
[2020-02-17T10:23:02,725][INFO ][o.e.p.PluginsService     ] [testDefaults] loaded plugin [org.elasticsearch.transport.nio.MockNioTransportPlugin]
[2020-02-17T10:23:03,015][INFO ][o.e.d.DiscoveryModule    ] [testDefaults] using discovery type [zen] and seed hosts providers [settings]
[2020-02-17T10:23:03,026][INFO ][o.e.n.Node               ] [testDefaults] initialized
[2020-02-17T10:23:03,026][INFO ][o.e.n.Node               ] [testDefaults] starting ...
[2020-02-17T10:23:03,435][INFO ][o.e.t.TransportService   ] [testDefaults] publish_address {127.0.0.1:11600}, bound_addresses {127.0.0.1:11600}, {[::1]:11600}
[2020-02-17T10:23:03,442][INFO ][o.e.c.c.Coordinator      ] [testDefaults] setting initial configuration to VotingConfiguration{NSLXAZpYSmG2pcZR0nb2Bw}
[2020-02-17T10:23:03,507][INFO ][o.e.c.s.MasterService    ] [node_s_0] elected-as-master ([1] nodes joined)[{node_s_0}{NSLXAZpYSmG2pcZR0nb2Bw}{TFXkzDSkQZC6HOlj7MZhsw}{127.0.0.1}{127.0.0.1:11600}{dim} elect leader, _BECOME_MASTER_TASK_, _FINISH_ELECTION_], term: 1, version: 1, delta: master node changed {previous [], current [{node_s_0}{NSLXAZpYSmG2pcZR0nb2Bw}{TFXkzDSkQZC6HOlj7MZhsw}{127.0.0.1}{127.0.0.1:11600}{dim}]}
[2020-02-17T10:23:03,514][INFO ][o.e.c.c.CoordinationState] [node_s_0] cluster UUID set to [HDBO8WVuRdu7d8qSnE9HdA]
[2020-02-17T10:23:03,521][INFO ][o.e.c.s.ClusterApplierService] [node_s_0] master node changed {previous [], current [{node_s_0}{NSLXAZpYSmG2pcZR0nb2Bw}{TFXkzDSkQZC6HOlj7MZhsw}{127.0.0.1}{127.0.0.1:11600}{dim}]}, term: 1, version: 1, reason: Publication{term=1, version=1}
[2020-02-17T10:23:03,521][INFO ][o.e.n.Node               ] [testDefaults] started
[2020-02-17T10:23:03,527][INFO ][o.e.g.GatewayService     ] [node_s_0] recovered [0] indices into cluster_state
[2020-02-17T10:23:03,528][INFO ][o.e.c.m.MetaDataIndexTemplateService] [node_s_0] adding template [one_shard_index_template] for index patterns [*]
[2020-02-17T10:23:03,536][INFO ][o.e.c.m.MetaDataIndexTemplateService] [node_s_0] adding template [random-soft-deletes-template] for index patterns [*]
[2020-02-17T10:23:03,544][INFO ][o.e.i.m.TypeFieldMapperTests] [testDefaults] before test
[2020-02-17T10:23:03,545][INFO ][o.e.c.m.MetaDataCreateIndexService] [node_s_0] [test] creating index, cause [api], templates [one_shard_index_template, random-soft-deletes-template], shards [1]/[0], mappings []
[2020-02-17T10:23:03,596][INFO ][o.e.c.r.a.AllocationService] [node_s_0] Cluster health status changed from [YELLOW] to [GREEN] (reason: [shards started [[test][0]]]).
[2020-02-17T10:23:03,604][INFO ][o.e.i.m.TypeFieldMapperTests] [testDefaults] after test
[2020-02-17T10:23:03,604][INFO ][o.e.c.m.MetaDataDeleteIndexService] [node_s_0] [test/8WRJ1-beTSO7DAd8bSZ_Jg] deleting index
[2020-02-17T10:23:03,626][INFO ][o.e.i.m.TypeFieldMapperTests] [testDocValuesSingleType] before test
[2020-02-17T10:23:03,628][INFO ][o.e.c.m.MetaDataCreateIndexService] [node_s_0] [test] creating index, cause [api], templates [one_shard_index_template, random-soft-deletes-template], shards [1]/[0], mappings []
[2020-02-17T10:23:03,674][INFO ][o.e.c.r.a.AllocationService] [node_s_0] Cluster health status changed from [YELLOW] to [GREEN] (reason: [shards started [[test][0]]]).
[2020-02-17T10:23:03,685][INFO ][o.e.i.m.TypeFieldMapperTests] [testDocValuesSingleType] after test
[2020-02-17T10:23:03,686][INFO ][o.e.c.m.MetaDataDeleteIndexService] [node_s_0] [test/12F8y2MASJ2bxnwvilEH_A] deleting index
[2020-02-17T10:23:03,705][INFO ][o.e.n.Node               ] [suite] stopping ...
[2020-02-17T10:23:03,708][INFO ][o.e.n.Node               ] [suite] stopped
[2020-02-17T10:23:03,708][INFO ][o.e.n.Node               ] [suite] closing ...
[2020-02-17T10:23:03,709][INFO ][o.e.n.Node               ] [suite] closed
]]></system-out>
  <system-err><![CDATA[]]></system-err>
</testsuite>
