<?xml version="1.0" encoding="UTF-8"?>
<testsuite name="org.elasticsearch.search.aggregations.metrics.GeoBoundsAggregatorTests" tests="2" skipped="0" failures="0" errors="0" timestamp="2020-02-16T22:24:23" hostname="Escoto-PC" time="0.037">
  <properties/>
  <testcase name="testEmpty" classname="org.elasticsearch.search.aggregations.metrics.GeoBoundsAggregatorTests" time="0.008"/>
  <testcase name="testRandom" classname="org.elasticsearch.search.aggregations.metrics.GeoBoundsAggregatorTests" time="0.029"/>
  <system-out><![CDATA[[2020-02-16T18:24:23,821][INFO ][o.e.s.a.m.GeoBoundsAggregatorTests] [testEmpty] before test
[2020-02-16T18:24:23,828][INFO ][o.e.s.a.m.GeoBoundsAggregatorTests] [testEmpty] after test
[2020-02-16T18:24:23,843][INFO ][o.e.s.a.m.GeoBoundsAggregatorTests] [testRandom] before test
[2020-02-16T18:24:23,856][INFO ][o.e.s.a.m.GeoBoundsAggregatorTests] [testRandom] after test
]]></system-out>
  <system-err><![CDATA[]]></system-err>
</testsuite>
