<?xml version="1.0" encoding="UTF-8"?>
<testsuite name="org.elasticsearch.action.admin.indices.settings.put.UpdateSettingsRequestSerializationTests" tests="2" skipped="0" failures="0" errors="0" timestamp="2020-02-16T22:20:33" hostname="Escoto-PC" time="0.018">
  <properties/>
  <testcase name="testEqualsAndHashcode" classname="org.elasticsearch.action.admin.indices.settings.put.UpdateSettingsRequestSerializationTests" time="0.009"/>
  <testcase name="testSerialization" classname="org.elasticsearch.action.admin.indices.settings.put.UpdateSettingsRequestSerializationTests" time="0.009"/>
  <system-out><![CDATA[[2020-02-16T18:20:33,974][INFO ][o.e.a.a.i.s.p.UpdateSettingsRequestSerializationTests] [testEqualsAndHashcode] before test
[2020-02-16T18:20:33,979][INFO ][o.e.a.a.i.s.p.UpdateSettingsRequestSerializationTests] [testEqualsAndHashcode] after test
[2020-02-16T18:20:33,984][INFO ][o.e.a.a.i.s.p.UpdateSettingsRequestSerializationTests] [testSerialization] before test
[2020-02-16T18:20:33,986][INFO ][o.e.a.a.i.s.p.UpdateSettingsRequestSerializationTests] [testSerialization] after test
]]></system-out>
  <system-err><![CDATA[]]></system-err>
</testsuite>
