<?xml version="1.0" encoding="UTF-8"?>
<testsuite name="org.elasticsearch.index.shard.ShardUtilsTests" tests="1" skipped="0" failures="0" errors="0" timestamp="2020-02-16T22:24:35" hostname="Escoto-PC" time="0.013">
  <properties/>
  <testcase name="testExtractShardId" classname="org.elasticsearch.index.shard.ShardUtilsTests" time="0.013"/>
  <system-out><![CDATA[[2020-02-17T00:24:35,294][INFO ][o.e.i.s.ShardUtilsTests  ] [testExtractShardId] before test
[2020-02-17T00:24:35,304][INFO ][o.e.i.s.ShardUtilsTests  ] [testExtractShardId] after test
]]></system-out>
  <system-err><![CDATA[]]></system-err>
</testsuite>
