<?xml version="1.0" encoding="UTF-8"?>
<testsuite name="org.elasticsearch.common.geo.GeometryIOTests" tests="1" skipped="0" failures="0" errors="0" timestamp="2020-02-16T22:21:43" hostname="Escoto-PC" time="0.052">
  <properties/>
  <testcase name="testRandomSerialization" classname="org.elasticsearch.common.geo.GeometryIOTests" time="0.052"/>
  <system-out><![CDATA[[2020-02-16T23:21:43,576][INFO ][o.e.c.g.GeometryIOTests  ] [testRandomSerialization] before test
[2020-02-16T23:21:43,626][INFO ][o.e.c.g.GeometryIOTests  ] [testRandomSerialization] after test
]]></system-out>
  <system-err><![CDATA[]]></system-err>
</testsuite>
