<?xml version="1.0" encoding="UTF-8"?>
<testsuite name="org.elasticsearch.index.seqno.SequenceNumbersTests" tests="3" skipped="0" failures="0" errors="0" timestamp="2020-02-16T22:23:24" hostname="Escoto-PC" time="0.006">
  <properties/>
  <testcase name="testMin" classname="org.elasticsearch.index.seqno.SequenceNumbersTests" time="0.002"/>
  <testcase name="testMax" classname="org.elasticsearch.index.seqno.SequenceNumbersTests" time="0.001"/>
  <testcase name="testSeqNoStatsEqualsAndHashCode" classname="org.elasticsearch.index.seqno.SequenceNumbersTests" time="0.002"/>
  <system-out><![CDATA[[2020-02-16T17:23:24,173][INFO ][o.e.i.s.SequenceNumbersTests] [testMin] before test
[2020-02-16T17:23:24,173][INFO ][o.e.i.s.SequenceNumbersTests] [testMin] after test
[2020-02-16T17:23:24,175][INFO ][o.e.i.s.SequenceNumbersTests] [testMax] before test
[2020-02-16T17:23:24,175][INFO ][o.e.i.s.SequenceNumbersTests] [testMax] after test
[2020-02-16T17:23:24,177][INFO ][o.e.i.s.SequenceNumbersTests] [testSeqNoStatsEqualsAndHashCode] before test
[2020-02-16T17:23:24,177][INFO ][o.e.i.s.SequenceNumbersTests] [testSeqNoStatsEqualsAndHashCode] after test
]]></system-out>
  <system-err><![CDATA[]]></system-err>
</testsuite>
