<?xml version="1.0" encoding="UTF-8"?>
<testsuite name="org.elasticsearch.persistent.decider.AssignmentDecisionTests" tests="2" skipped="0" failures="0" errors="0" timestamp="2020-02-16T22:25:15" hostname="Escoto-PC" time="0.006">
  <properties/>
  <testcase name="testConstantsTypes" classname="org.elasticsearch.persistent.decider.AssignmentDecisionTests" time="0.004"/>
  <testcase name="testResolveFromType" classname="org.elasticsearch.persistent.decider.AssignmentDecisionTests" time="0.002"/>
  <system-out><![CDATA[[2020-02-16T16:25:15,465][INFO ][o.e.p.d.AssignmentDecisionTests] [testConstantsTypes] before test
[2020-02-16T16:25:15,468][INFO ][o.e.p.d.AssignmentDecisionTests] [testConstantsTypes] after test
[2020-02-16T16:25:15,469][INFO ][o.e.p.d.AssignmentDecisionTests] [testResolveFromType] before test
[2020-02-16T16:25:15,470][INFO ][o.e.p.d.AssignmentDecisionTests] [testResolveFromType] after test
]]></system-out>
  <system-err><![CDATA[]]></system-err>
</testsuite>
