<?xml version="1.0" encoding="UTF-8"?>
<testsuite name="org.elasticsearch.cluster.coordination.NoMasterBlockServiceTests" tests="9" skipped="0" failures="0" errors="0" timestamp="2020-02-16T22:21:32" hostname="Escoto-PC" time="0.122">
  <properties/>
  <testcase name="testRejectsInvalidSetting" classname="org.elasticsearch.cluster.coordination.NoMasterBlockServiceTests" time="0.011"/>
  <testcase name="testIgnoresLegacySettingBlockingAll" classname="org.elasticsearch.cluster.coordination.NoMasterBlockServiceTests" time="0.056"/>
  <testcase name="testRejectsInvalidLegacySetting" classname="org.elasticsearch.cluster.coordination.NoMasterBlockServiceTests" time="0.007"/>
  <testcase name="testSettingCanBeUpdated" classname="org.elasticsearch.cluster.coordination.NoMasterBlockServiceTests" time="0.015"/>
  <testcase name="testBlocksAllIfConfiguredBySetting" classname="org.elasticsearch.cluster.coordination.NoMasterBlockServiceTests" time="0.003"/>
  <testcase name="testBlocksWritesIfConfiguredBySetting" classname="org.elasticsearch.cluster.coordination.NoMasterBlockServiceTests" time="0.002"/>
  <testcase name="testIgnoresLegacySettingBlockingWrites" classname="org.elasticsearch.cluster.coordination.NoMasterBlockServiceTests" time="0.004"/>
  <testcase name="testBlocksWritesByDefault" classname="org.elasticsearch.cluster.coordination.NoMasterBlockServiceTests" time="0.007"/>
  <testcase name="testIgnoresUpdatesToLegacySetting" classname="org.elasticsearch.cluster.coordination.NoMasterBlockServiceTests" time="0.016"/>
  <system-out><![CDATA[[2020-02-16T22:21:32,379][INFO ][o.e.c.c.NoMasterBlockServiceTests] [testRejectsInvalidSetting] before test
[2020-02-16T22:21:32,381][INFO ][o.e.c.c.NoMasterBlockServiceTests] [testRejectsInvalidSetting] after test
[2020-02-16T22:21:32,435][INFO ][o.e.c.c.NoMasterBlockServiceTests] [testIgnoresLegacySettingBlockingAll] before test
[2020-02-16T22:21:32,437][WARN ][o.e.d.c.s.Settings       ] [testIgnoresLegacySettingBlockingAll] [discovery.zen.no_master_block] setting was deprecated in Elasticsearch and will be removed in a future release! See the breaking changes documentation for the next major version.
[2020-02-16T22:21:32,437][INFO ][o.e.c.c.NoMasterBlockServiceTests] [testIgnoresLegacySettingBlockingAll] after test
[2020-02-16T22:21:32,443][INFO ][o.e.c.c.NoMasterBlockServiceTests] [testRejectsInvalidLegacySetting] before test
[2020-02-16T22:21:32,444][INFO ][o.e.c.c.NoMasterBlockServiceTests] [testRejectsInvalidLegacySetting] after test
[2020-02-16T22:21:32,458][INFO ][o.e.c.c.NoMasterBlockServiceTests] [testSettingCanBeUpdated] before test
[2020-02-16T22:21:32,459][INFO ][o.e.c.s.ClusterSettings  ] [testSettingCanBeUpdated] updating [cluster.no_master_block] from [all] to [write]
[2020-02-16T22:21:32,459][INFO ][o.e.c.c.NoMasterBlockServiceTests] [testSettingCanBeUpdated] after test
[2020-02-16T22:21:32,461][INFO ][o.e.c.c.NoMasterBlockServiceTests] [testBlocksAllIfConfiguredBySetting] before test
[2020-02-16T22:21:32,462][INFO ][o.e.c.c.NoMasterBlockServiceTests] [testBlocksAllIfConfiguredBySetting] after test
[2020-02-16T22:21:32,464][INFO ][o.e.c.c.NoMasterBlockServiceTests] [testBlocksWritesIfConfiguredBySetting] before test
[2020-02-16T22:21:32,465][INFO ][o.e.c.c.NoMasterBlockServiceTests] [testBlocksWritesIfConfiguredBySetting] after test
[2020-02-16T22:21:32,467][INFO ][o.e.c.c.NoMasterBlockServiceTests] [testIgnoresLegacySettingBlockingWrites] before test
[2020-02-16T22:21:32,469][INFO ][o.e.c.c.NoMasterBlockServiceTests] [testIgnoresLegacySettingBlockingWrites] after test
[2020-02-16T22:21:32,475][INFO ][o.e.c.c.NoMasterBlockServiceTests] [testBlocksWritesByDefault] before test
[2020-02-16T22:21:32,476][INFO ][o.e.c.c.NoMasterBlockServiceTests] [testBlocksWritesByDefault] after test
[2020-02-16T22:21:32,492][INFO ][o.e.c.c.NoMasterBlockServiceTests] [testIgnoresUpdatesToLegacySetting] before test
[2020-02-16T22:21:32,493][INFO ][o.e.c.c.NoMasterBlockServiceTests] [testIgnoresUpdatesToLegacySetting] after test
]]></system-out>
  <system-err><![CDATA[]]></system-err>
</testsuite>
