<?xml version="1.0" encoding="UTF-8"?>
<testsuite name="org.elasticsearch.action.admin.indices.alias.get.GetAliasesResponseTests" tests="2" skipped="0" failures="0" errors="0" timestamp="2020-02-16T22:20:05" hostname="Escoto-PC" time="0.037">
  <properties/>
  <testcase name="testEqualsAndHashcode" classname="org.elasticsearch.action.admin.indices.alias.get.GetAliasesResponseTests" time="0.025"/>
  <testcase name="testSerialization" classname="org.elasticsearch.action.admin.indices.alias.get.GetAliasesResponseTests" time="0.012"/>
  <system-out><![CDATA[[2020-02-16T22:20:05,057][INFO ][o.e.a.a.i.a.g.GetAliasesResponseTests] [testEqualsAndHashcode] before test
[2020-02-16T22:20:05,078][INFO ][o.e.a.a.i.a.g.GetAliasesResponseTests] [testEqualsAndHashcode] after test
[2020-02-16T22:20:05,080][INFO ][o.e.a.a.i.a.g.GetAliasesResponseTests] [testSerialization] before test
[2020-02-16T22:20:05,090][INFO ][o.e.a.a.i.a.g.GetAliasesResponseTests] [testSerialization] after test
]]></system-out>
  <system-err><![CDATA[]]></system-err>
</testsuite>
