<?xml version="1.0" encoding="UTF-8"?>
<testsuite name="org.elasticsearch.search.aggregations.support.ValueTypeTests" tests="2" skipped="0" failures="0" errors="0" timestamp="2020-02-16T22:24:32" hostname="Escoto-PC" time="0.007">
  <properties/>
  <testcase name="testCompatibility" classname="org.elasticsearch.search.aggregations.support.ValueTypeTests" time="0.004"/>
  <testcase name="testResolve" classname="org.elasticsearch.search.aggregations.support.ValueTypeTests" time="0.002"/>
  <system-out><![CDATA[[2020-02-17T03:24:32,711][INFO ][o.e.s.a.s.ValueTypeTests ] [testCompatibility] before test
[2020-02-17T03:24:32,713][INFO ][o.e.s.a.s.ValueTypeTests ] [testCompatibility] after test
[2020-02-17T03:24:32,716][INFO ][o.e.s.a.s.ValueTypeTests ] [testResolve] before test
[2020-02-17T03:24:32,716][INFO ][o.e.s.a.s.ValueTypeTests ] [testResolve] after test
]]></system-out>
  <system-err><![CDATA[]]></system-err>
</testsuite>
