<?xml version="1.0" encoding="UTF-8"?>
<testsuite name="org.elasticsearch.cluster.routing.allocation.decider.DecisionTests" tests="1" skipped="0" failures="0" errors="0" timestamp="2020-02-16T22:21:37" hostname="Escoto-PC" time="0.004">
  <properties/>
  <testcase name="testHigherThan" classname="org.elasticsearch.cluster.routing.allocation.decider.DecisionTests" time="0.004"/>
  <system-out><![CDATA[[2020-02-16T16:21:37,394][INFO ][o.e.c.r.a.d.DecisionTests] [testHigherThan] before test
[2020-02-16T16:21:37,395][INFO ][o.e.c.r.a.d.DecisionTests] [testHigherThan] after test
]]></system-out>
  <system-err><![CDATA[]]></system-err>
</testsuite>
