<?xml version="1.0" encoding="UTF-8"?>
<testsuite name="org.apache.lucene.search.uhighlight.CustomPassageFormatterTests" tests="2" skipped="0" failures="0" errors="0" timestamp="2020-02-16T22:19:58" hostname="Escoto-PC" time="0.048">
  <properties/>
  <testcase name="testHtmlEncodeFormat" classname="org.apache.lucene.search.uhighlight.CustomPassageFormatterTests" time="0.021"/>
  <testcase name="testSimpleFormat" classname="org.apache.lucene.search.uhighlight.CustomPassageFormatterTests" time="0.027"/>
  <system-out><![CDATA[[2020-02-16T12:19:58,673][INFO ][o.a.l.s.u.CustomPassageFormatterTests] [testHtmlEncodeFormat] before test
[2020-02-16T12:19:58,677][INFO ][o.a.l.s.u.CustomPassageFormatterTests] [testHtmlEncodeFormat] after test
[2020-02-16T12:19:58,703][INFO ][o.a.l.s.u.CustomPassageFormatterTests] [testSimpleFormat] before test
[2020-02-16T12:19:58,704][INFO ][o.a.l.s.u.CustomPassageFormatterTests] [testSimpleFormat] after test
]]></system-out>
  <system-err><![CDATA[]]></system-err>
</testsuite>
