<?xml version="1.0" encoding="UTF-8"?>
<testsuite name="org.elasticsearch.index.query.ConstantScoreQueryBuilderTests" tests="16" skipped="1" failures="0" errors="0" timestamp="2020-02-16T22:23:05" hostname="Escoto-PC" time="0.056">
  <properties/>
  <testcase name="testNegativeBoosts" classname="org.elasticsearch.index.query.ConstantScoreQueryBuilderTests" time="0.016"/>
  <testcase name="testUnknownField" classname="org.elasticsearch.index.query.ConstantScoreQueryBuilderTests" time="0.002">
    <skipped/>
  </testcase>
  <testcase name="testEqualsAndHashcode" classname="org.elasticsearch.index.query.ConstantScoreQueryBuilderTests" time="0.002"/>
  <testcase name="testValidOutput" classname="org.elasticsearch.index.query.ConstantScoreQueryBuilderTests" time="0.003"/>
  <testcase name="testQueryWrappedInArray" classname="org.elasticsearch.index.query.ConstantScoreQueryBuilderTests" time="0.002"/>
  <testcase name="testToQuery" classname="org.elasticsearch.index.query.ConstantScoreQueryBuilderTests" time="0.007"/>
  <testcase name="testCacheability" classname="org.elasticsearch.index.query.ConstantScoreQueryBuilderTests" time="0.002"/>
  <testcase name="testSerialization" classname="org.elasticsearch.index.query.ConstantScoreQueryBuilderTests" time="0.002"/>
  <testcase name="testFromJson" classname="org.elasticsearch.index.query.ConstantScoreQueryBuilderTests" time="0.003"/>
  <testcase name="testIllegalArguments" classname="org.elasticsearch.index.query.ConstantScoreQueryBuilderTests" time="0.002"/>
  <testcase name="testRewriteToMatchNone" classname="org.elasticsearch.index.query.ConstantScoreQueryBuilderTests" time="0.001"/>
  <testcase name="testFromXContent" classname="org.elasticsearch.index.query.ConstantScoreQueryBuilderTests" time="0.005"/>
  <testcase name="testUnknownObjectException" classname="org.elasticsearch.index.query.ConstantScoreQueryBuilderTests" time="0.002"/>
  <testcase name="testNoArrayAsFilterElements" classname="org.elasticsearch.index.query.ConstantScoreQueryBuilderTests" time="0.002"/>
  <testcase name="testFilterElement" classname="org.elasticsearch.index.query.ConstantScoreQueryBuilderTests" time="0.002"/>
  <testcase name="testMustRewrite" classname="org.elasticsearch.index.query.ConstantScoreQueryBuilderTests" time="0.002"/>
  <system-out><![CDATA[[2020-02-16T23:23:05,614][INFO ][o.e.i.q.ConstantScoreQueryBuilderTests] [testNegativeBoosts] before test
[2020-02-16T23:23:05,616][INFO ][o.e.p.PluginsService     ] [testNegativeBoosts] no modules loaded
[2020-02-16T23:23:05,616][INFO ][o.e.p.PluginsService     ] [testNegativeBoosts] no plugins loaded
[2020-02-16T23:23:05,621][INFO ][o.e.p.PluginsService     ] [testNegativeBoosts] no modules loaded
[2020-02-16T23:23:05,621][INFO ][o.e.p.PluginsService     ] [testNegativeBoosts] no plugins loaded
[2020-02-16T23:23:05,624][INFO ][o.e.i.q.ConstantScoreQueryBuilderTests] [testNegativeBoosts] after test
[2020-02-16T23:23:05,625][INFO ][o.e.i.q.ConstantScoreQueryBuilderTests] [testUnknownField] before test
[2020-02-16T23:23:05,626][INFO ][o.e.i.q.ConstantScoreQueryBuilderTests] [testUnknownField] after test
[2020-02-16T23:23:05,627][INFO ][o.e.i.q.ConstantScoreQueryBuilderTests] [testEqualsAndHashcode] before test
[2020-02-16T23:23:05,628][INFO ][o.e.i.q.ConstantScoreQueryBuilderTests] [testEqualsAndHashcode] after test
[2020-02-16T23:23:05,629][INFO ][o.e.i.q.ConstantScoreQueryBuilderTests] [testValidOutput] before test
[2020-02-16T23:23:05,631][INFO ][o.e.i.q.ConstantScoreQueryBuilderTests] [testValidOutput] after test
[2020-02-16T23:23:05,632][INFO ][o.e.i.q.ConstantScoreQueryBuilderTests] [testQueryWrappedInArray] before test
[2020-02-16T23:23:05,633][INFO ][o.e.i.q.ConstantScoreQueryBuilderTests] [testQueryWrappedInArray] after test
[2020-02-16T23:23:05,634][INFO ][o.e.i.q.ConstantScoreQueryBuilderTests] [testToQuery] before test
[2020-02-16T23:23:05,640][INFO ][o.e.i.q.ConstantScoreQueryBuilderTests] [testToQuery] after test
[2020-02-16T23:23:05,642][INFO ][o.e.i.q.ConstantScoreQueryBuilderTests] [testCacheability] before test
[2020-02-16T23:23:05,642][INFO ][o.e.i.q.ConstantScoreQueryBuilderTests] [testCacheability] after test
[2020-02-16T23:23:05,643][INFO ][o.e.i.q.ConstantScoreQueryBuilderTests] [testSerialization] before test
[2020-02-16T23:23:05,644][INFO ][o.e.i.q.ConstantScoreQueryBuilderTests] [testSerialization] after test
[2020-02-16T23:23:05,646][INFO ][o.e.i.q.ConstantScoreQueryBuilderTests] [testFromJson] before test
[2020-02-16T23:23:05,647][INFO ][o.e.i.q.ConstantScoreQueryBuilderTests] [testFromJson] after test
[2020-02-16T23:23:05,649][INFO ][o.e.i.q.ConstantScoreQueryBuilderTests] [testIllegalArguments] before test
[2020-02-16T23:23:05,649][INFO ][o.e.i.q.ConstantScoreQueryBuilderTests] [testIllegalArguments] after test
[2020-02-16T23:23:05,651][INFO ][o.e.i.q.ConstantScoreQueryBuilderTests] [testRewriteToMatchNone] before test
[2020-02-16T23:23:05,651][INFO ][o.e.i.q.ConstantScoreQueryBuilderTests] [testRewriteToMatchNone] after test
[2020-02-16T23:23:05,652][INFO ][o.e.i.q.ConstantScoreQueryBuilderTests] [testFromXContent] before test
[2020-02-16T23:23:05,655][INFO ][o.e.i.q.ConstantScoreQueryBuilderTests] [testFromXContent] after test
[2020-02-16T23:23:05,657][INFO ][o.e.i.q.ConstantScoreQueryBuilderTests] [testUnknownObjectException] before test
[2020-02-16T23:23:05,658][INFO ][o.e.i.q.ConstantScoreQueryBuilderTests] [testUnknownObjectException] after test
[2020-02-16T23:23:05,659][INFO ][o.e.i.q.ConstantScoreQueryBuilderTests] [testNoArrayAsFilterElements] before test
[2020-02-16T23:23:05,660][INFO ][o.e.i.q.ConstantScoreQueryBuilderTests] [testNoArrayAsFilterElements] after test
[2020-02-16T23:23:05,661][INFO ][o.e.i.q.ConstantScoreQueryBuilderTests] [testFilterElement] before test
[2020-02-16T23:23:05,662][INFO ][o.e.i.q.ConstantScoreQueryBuilderTests] [testFilterElement] after test
[2020-02-16T23:23:05,663][INFO ][o.e.i.q.ConstantScoreQueryBuilderTests] [testMustRewrite] before test
[2020-02-16T23:23:05,664][INFO ][o.e.i.q.ConstantScoreQueryBuilderTests] [testMustRewrite] after test
]]></system-out>
  <system-err><![CDATA[]]></system-err>
</testsuite>
