<?xml version="1.0" encoding="UTF-8"?>
<testsuite name="org.elasticsearch.search.aggregations.bucket.BestBucketsDeferringCollectorTests" tests="1" skipped="0" failures="0" errors="0" timestamp="2020-02-16T22:25:18" hostname="Escoto-PC" time="0.027">
  <properties/>
  <testcase name="testReplay" classname="org.elasticsearch.search.aggregations.bucket.BestBucketsDeferringCollectorTests" time="0.027"/>
  <system-out><![CDATA[[2020-02-16T21:25:18,887][INFO ][o.e.s.a.b.BestBucketsDeferringCollectorTests] [testReplay] before test
[2020-02-16T21:25:18,911][INFO ][o.e.s.a.b.BestBucketsDeferringCollectorTests] [testReplay] after test
]]></system-out>
  <system-err><![CDATA[]]></system-err>
</testsuite>
