<?xml version="1.0" encoding="UTF-8"?>
<testsuite name="org.elasticsearch.action.search.TransportSearchActionSingleNodeTests" tests="4" skipped="0" failures="0" errors="0" timestamp="2020-02-16T22:20:19" hostname="Escoto-PC" time="4.307">
  <properties/>
  <testcase name="testSplitIndices" classname="org.elasticsearch.action.search.TransportSearchActionSingleNodeTests" time="0.887"/>
  <testcase name="testAbsoluteStartMillis" classname="org.elasticsearch.action.search.TransportSearchActionSingleNodeTests" time="2.126"/>
  <testcase name="testFinalReduce" classname="org.elasticsearch.action.search.TransportSearchActionSingleNodeTests" time="0.17"/>
  <testcase name="testLocalClusterAlias" classname="org.elasticsearch.action.search.TransportSearchActionSingleNodeTests" time="1.124"/>
  <system-out><![CDATA[[2020-02-17T05:20:19,872][INFO ][o.e.e.NodeEnvironment    ] [testSplitIndices] using [1] data paths, mounts [[Old HDD (E:)]], net usable_space [89.5gb], net total_space [232.8gb], types [NTFS]
[2020-02-17T05:20:19,873][INFO ][o.e.e.NodeEnvironment    ] [testSplitIndices] heap size [512mb], compressed ordinary object pointers [true]
[2020-02-17T05:20:19,876][INFO ][o.e.n.Node               ] [testSplitIndices] node name [node_s_0], node ID [A0Z3nQ_7SRaPnBv1Rv3mGQ], cluster name [single-node-cluster-TEST_WORKER_VM=[13]-CLUSTER_SEED=[6830051326467517751]-HASH=[1212D87ACA2]]
[2020-02-17T05:20:19,876][INFO ][o.e.n.Node               ] [testSplitIndices] version[7.5.1], pid[5104], build[unknown/unknown/unknown/unknown], OS[Windows 7/6.1/amd64], JVM[Oracle Corporation/OpenJDK 64-Bit Server VM/12.0.2/12.0.2+10]
[2020-02-17T05:20:19,876][INFO ][o.e.n.Node               ] [testSplitIndices] JVM home [C:\Program Files\Java\jdk-12.0.2]
[2020-02-17T05:20:19,876][INFO ][o.e.n.Node               ] [testSplitIndices] JVM arguments [-Dcompiler.java=12, -Des.scripting.update.ctx_in_params=false, -Des.transport.cname_in_publish_address=true, -Dgradle.dist.lib=C:\Users\Escoto\.gradle\wrapper\dists\gradle-5.6.2-bin\3clyn6icets6f02ptgd5hlmou\gradle-5.6.2\lib, -Dgradle.user.home=C:\Users\Escoto\.gradle, -Dgradle.worker.jar=C:\Users\Escoto\.gradle/caches/5.6.2/workerMain/gradle-worker.jar, -Dio.netty.noKeySetOptimization=true, -Dio.netty.noUnsafe=true, -Dio.netty.recycler.maxCapacityPerThread=0, -Djava.awt.headless=true, -Djna.nosys=true, -Dorg.gradle.native=false, -Druntime.java=12, -Dtests.artifact=server, -Dtests.gradle=true, -Dtests.logger.level=WARN, -Dtests.security.manager=true, -Dtests.seed=9EA1F2A3814E5F76, -Dtests.task=:server:test, -Dtests.timeoutSuite=1800000!, -esa, --illegal-access=warn, -XX:+HeapDumpOnOutOfMemoryError, -XX:HeapDumpPath=E:\NotD\git\elasticsearch\server\build\heapdump, -Xms512m, -Xmx512m, -Dfile.encoding=windows-1252, -Djava.io.tmpdir=./temp, -Duser.country=US, -Duser.language=en, -Duser.variant, -ea]
[2020-02-17T05:20:19,876][INFO ][o.e.p.PluginsService     ] [testSplitIndices] no modules loaded
[2020-02-17T05:20:19,877][INFO ][o.e.p.PluginsService     ] [testSplitIndices] loaded plugin [org.elasticsearch.test.MockHttpTransport$TestPlugin]
[2020-02-17T05:20:19,877][INFO ][o.e.p.PluginsService     ] [testSplitIndices] loaded plugin [org.elasticsearch.transport.nio.MockNioTransportPlugin]
[2020-02-17T05:20:20,060][INFO ][o.e.d.DiscoveryModule    ] [testSplitIndices] using discovery type [zen] and seed hosts providers [settings]
[2020-02-17T05:20:20,073][INFO ][o.e.n.Node               ] [testSplitIndices] initialized
[2020-02-17T05:20:20,073][INFO ][o.e.n.Node               ] [testSplitIndices] starting ...
[2020-02-17T05:20:20,364][INFO ][o.e.t.TransportService   ] [testSplitIndices] publish_address {127.0.0.1:11600}, bound_addresses {127.0.0.1:11600}, {[::1]:11600}
[2020-02-17T05:20:20,372][INFO ][o.e.c.c.Coordinator      ] [testSplitIndices] setting initial configuration to VotingConfiguration{A0Z3nQ_7SRaPnBv1Rv3mGQ}
[2020-02-17T05:20:20,417][INFO ][o.e.c.s.MasterService    ] [node_s_0] elected-as-master ([1] nodes joined)[{node_s_0}{A0Z3nQ_7SRaPnBv1Rv3mGQ}{T9o_EJ3wRBmPO3ufv09SXA}{127.0.0.1}{127.0.0.1:11600}{dim} elect leader, _BECOME_MASTER_TASK_, _FINISH_ELECTION_], term: 1, version: 1, delta: master node changed {previous [], current [{node_s_0}{A0Z3nQ_7SRaPnBv1Rv3mGQ}{T9o_EJ3wRBmPO3ufv09SXA}{127.0.0.1}{127.0.0.1:11600}{dim}]}
[2020-02-17T05:20:20,425][INFO ][o.e.c.c.CoordinationState] [node_s_0] cluster UUID set to [VZ-l-jLyRY2i7c7VEj4eTw]
[2020-02-17T05:20:20,433][INFO ][o.e.c.s.ClusterApplierService] [node_s_0] master node changed {previous [], current [{node_s_0}{A0Z3nQ_7SRaPnBv1Rv3mGQ}{T9o_EJ3wRBmPO3ufv09SXA}{127.0.0.1}{127.0.0.1:11600}{dim}]}, term: 1, version: 1, reason: Publication{term=1, version=1}
[2020-02-17T05:20:20,433][INFO ][o.e.n.Node               ] [testSplitIndices] started
[2020-02-17T05:20:20,441][INFO ][o.e.g.GatewayService     ] [node_s_0] recovered [0] indices into cluster_state
[2020-02-17T05:20:20,443][INFO ][o.e.c.m.MetaDataIndexTemplateService] [node_s_0] adding template [one_shard_index_template] for index patterns [*]
[2020-02-17T05:20:20,454][INFO ][o.e.c.m.MetaDataIndexTemplateService] [node_s_0] adding template [random-soft-deletes-template] for index patterns [*]
[2020-02-17T05:20:20,463][INFO ][o.e.a.s.TransportSearchActionSingleNodeTests] [testSplitIndices] before test
[2020-02-17T05:20:20,466][INFO ][o.e.c.m.MetaDataCreateIndexService] [node_s_0] [write] creating index, cause [api], templates [one_shard_index_template, random-soft-deletes-template], shards [1]/[0], mappings []
[2020-02-17T05:20:20,528][INFO ][o.e.c.r.a.AllocationService] [node_s_0] Cluster health status changed from [YELLOW] to [GREEN] (reason: [shards started [[write][0]]]).
[2020-02-17T05:20:20,541][INFO ][o.e.c.m.MetaDataCreateIndexService] [node_s_0] [readonly] creating index, cause [api], templates [one_shard_index_template, random-soft-deletes-template], shards [1]/[0], mappings []
[2020-02-17T05:20:20,601][INFO ][o.e.c.r.a.AllocationService] [node_s_0] Cluster health status changed from [YELLOW] to [GREEN] (reason: [shards started [[readonly][0]]]).
[2020-02-17T05:20:20,671][INFO ][o.e.a.s.TransportSearchActionSingleNodeTests] [testSplitIndices] after test
[2020-02-17T05:20:20,672][INFO ][o.e.c.m.MetaDataDeleteIndexService] [node_s_0] [write/hoEeL75NRqaYaVWhI4LKow] deleting index
[2020-02-17T05:20:20,672][INFO ][o.e.c.m.MetaDataDeleteIndexService] [node_s_0] [readonly/z67fMpn_T6WfYhyZI0LX9A] deleting index
[2020-02-17T05:20:20,727][INFO ][o.e.a.s.TransportSearchActionSingleNodeTests] [testAbsoluteStartMillis] before test
[2020-02-17T05:20:20,731][INFO ][o.e.c.m.MetaDataCreateIndexService] [node_s_0] [test-1970.01.01] creating index, cause [auto(bulk api)], templates [one_shard_index_template, random-soft-deletes-template], shards [1]/[0], mappings []
[2020-02-17T05:20:20,789][INFO ][o.e.c.r.a.AllocationService] [node_s_0] Cluster health status changed from [YELLOW] to [GREEN] (reason: [shards started [[test-1970.01.01][0]]]).
[2020-02-17T05:20:20,805][INFO ][o.e.c.m.MetaDataMappingService] [node_s_0] [test-1970.01.01/a75nqtX-SViKZwkNCcU4Cg] create_mapping [_doc]
[2020-02-17T05:20:21,764][INFO ][o.e.c.m.MetaDataCreateIndexService] [node_s_0] [test-1982.01.01] creating index, cause [auto(bulk api)], templates [one_shard_index_template, random-soft-deletes-template], shards [1]/[0], mappings []
[2020-02-17T05:20:21,822][INFO ][o.e.c.r.a.AllocationService] [node_s_0] Cluster health status changed from [YELLOW] to [GREEN] (reason: [shards started [[test-1982.01.01][0]]]).
[2020-02-17T05:20:21,839][INFO ][o.e.c.m.MetaDataMappingService] [node_s_0] [test-1982.01.01/x0bBHPobQ6OmZJNxaD-AzQ] create_mapping [_doc]
[2020-02-17T05:20:22,808][INFO ][o.e.a.s.TransportSearchActionSingleNodeTests] [testAbsoluteStartMillis] after test
[2020-02-17T05:20:22,809][INFO ][o.e.c.m.MetaDataDeleteIndexService] [node_s_0] [test-1982.01.01/x0bBHPobQ6OmZJNxaD-AzQ] deleting index
[2020-02-17T05:20:22,809][INFO ][o.e.c.m.MetaDataDeleteIndexService] [node_s_0] [test-1970.01.01/a75nqtX-SViKZwkNCcU4Cg] deleting index
[2020-02-17T05:20:22,853][INFO ][o.e.a.s.TransportSearchActionSingleNodeTests] [testFinalReduce] before test
[2020-02-17T05:20:22,855][INFO ][o.e.c.m.MetaDataCreateIndexService] [node_s_0] [test] creating index, cause [auto(bulk api)], templates [one_shard_index_template, random-soft-deletes-template], shards [1]/[0], mappings []
[2020-02-17T05:20:22,916][INFO ][o.e.c.r.a.AllocationService] [node_s_0] Cluster health status changed from [YELLOW] to [GREEN] (reason: [shards started [[test][0]]]).
[2020-02-17T05:20:22,931][INFO ][o.e.c.m.MetaDataMappingService] [node_s_0] [test/NOne4c2ATFq0IWZEMwrBKQ] create_mapping [_doc]
[2020-02-17T05:20:22,994][INFO ][o.e.a.s.TransportSearchActionSingleNodeTests] [testFinalReduce] after test
[2020-02-17T05:20:22,994][INFO ][o.e.c.m.MetaDataDeleteIndexService] [node_s_0] [test/NOne4c2ATFq0IWZEMwrBKQ] deleting index
[2020-02-17T05:20:23,021][INFO ][o.e.a.s.TransportSearchActionSingleNodeTests] [testLocalClusterAlias] before test
[2020-02-17T05:20:23,023][INFO ][o.e.c.m.MetaDataCreateIndexService] [node_s_0] [test] creating index, cause [auto(bulk api)], templates [one_shard_index_template, random-soft-deletes-template], shards [1]/[0], mappings []
[2020-02-17T05:20:23,079][INFO ][o.e.c.r.a.AllocationService] [node_s_0] Cluster health status changed from [YELLOW] to [GREEN] (reason: [shards started [[test][0]]]).
[2020-02-17T05:20:23,092][INFO ][o.e.c.m.MetaDataMappingService] [node_s_0] [test/YqOwt0VaSk2uFauFf6Mtpg] create_mapping [_doc]
[2020-02-17T05:20:24,072][INFO ][o.e.a.s.TransportSearchActionSingleNodeTests] [testLocalClusterAlias] after test
[2020-02-17T05:20:24,075][INFO ][o.e.c.m.MetaDataDeleteIndexService] [node_s_0] [test/YqOwt0VaSk2uFauFf6Mtpg] deleting index
[2020-02-17T05:20:24,142][INFO ][o.e.n.Node               ] [suite] stopping ...
[2020-02-17T05:20:24,145][INFO ][o.e.n.Node               ] [suite] stopped
[2020-02-17T05:20:24,145][INFO ][o.e.n.Node               ] [suite] closing ...
[2020-02-17T05:20:24,146][INFO ][o.e.n.Node               ] [suite] closed
]]></system-out>
  <system-err><![CDATA[]]></system-err>
</testsuite>
