<?xml version="1.0" encoding="UTF-8"?>
<testsuite name="org.elasticsearch.action.admin.cluster.snapshots.status.SnapshotStatusTests" tests="2" skipped="0" failures="0" errors="0" timestamp="2020-02-16T22:20:24" hostname="Escoto-PC" time="0.079">
  <properties/>
  <testcase name="testFromXContent" classname="org.elasticsearch.action.admin.cluster.snapshots.status.SnapshotStatusTests" time="0.07"/>
  <testcase name="testToString" classname="org.elasticsearch.action.admin.cluster.snapshots.status.SnapshotStatusTests" time="0.009"/>
  <system-out><![CDATA[[2020-02-16T23:20:24,586][INFO ][o.e.a.a.c.s.s.SnapshotStatusTests] [testFromXContent] before test
[2020-02-16T23:20:24,649][INFO ][o.e.a.a.c.s.s.SnapshotStatusTests] [testFromXContent] after test
[2020-02-16T23:20:24,656][INFO ][o.e.a.a.c.s.s.SnapshotStatusTests] [testToString] before test
[2020-02-16T23:20:24,658][INFO ][o.e.a.a.c.s.s.SnapshotStatusTests] [testToString] after test
]]></system-out>
  <system-err><![CDATA[]]></system-err>
</testsuite>
