<?xml version="1.0" encoding="UTF-8"?>
<testsuite name="org.elasticsearch.bootstrap.BootstrapTests" tests="1" skipped="0" failures="0" errors="0" timestamp="2020-02-16T22:20:28" hostname="Escoto-PC" time="0.215">
  <properties/>
  <testcase name="testLoadSecureSettings" classname="org.elasticsearch.bootstrap.BootstrapTests" time="0.215"/>
  <system-out><![CDATA[[2020-02-16T18:20:28,593][INFO ][o.e.b.BootstrapTests     ] [testLoadSecureSettings] before test
[2020-02-16T18:20:28,806][INFO ][o.e.b.BootstrapTests     ] [testLoadSecureSettings] after test
]]></system-out>
  <system-err><![CDATA[]]></system-err>
</testsuite>
