<?xml version="1.0" encoding="UTF-8"?>
<testsuite name="org.elasticsearch.search.aggregations.bucket.terms.TermsAggregatorFactoryTests" tests="1" skipped="0" failures="0" errors="0" timestamp="2020-02-16T22:25:31" hostname="Escoto-PC" time="0.004">
  <properties/>
  <testcase name="testSubAggCollectMode" classname="org.elasticsearch.search.aggregations.bucket.terms.TermsAggregatorFactoryTests" time="0.004"/>
  <system-out><![CDATA[[2020-02-16T16:25:31,427][INFO ][o.e.s.a.b.t.TermsAggregatorFactoryTests] [testSubAggCollectMode] before test
[2020-02-16T16:25:31,427][INFO ][o.e.s.a.b.t.TermsAggregatorFactoryTests] [testSubAggCollectMode] after test
]]></system-out>
  <system-err><![CDATA[]]></system-err>
</testsuite>
