<?xml version="1.0" encoding="UTF-8"?>
<testsuite name="org.elasticsearch.index.analysis.ShingleTokenFilterFactoryTests" tests="6" skipped="0" failures="0" errors="0" timestamp="2020-02-16T22:22:27" hostname="Escoto-PC" time="0.037">
  <properties/>
  <testcase name="testInverseMapping" classname="org.elasticsearch.index.analysis.ShingleTokenFilterFactoryTests" time="0.007"/>
  <testcase name="testInverseMappingNoShingles" classname="org.elasticsearch.index.analysis.ShingleTokenFilterFactoryTests" time="0.004"/>
  <testcase name="testFillerToken" classname="org.elasticsearch.index.analysis.ShingleTokenFilterFactoryTests" time="0.006"/>
  <testcase name="testDefault" classname="org.elasticsearch.index.analysis.ShingleTokenFilterFactoryTests" time="0.008"/>
  <testcase name="testDisableGraph" classname="org.elasticsearch.index.analysis.ShingleTokenFilterFactoryTests" time="0.006"/>
  <testcase name="testMaxShingleDiffException" classname="org.elasticsearch.index.analysis.ShingleTokenFilterFactoryTests" time="0.005"/>
  <system-out><![CDATA[]]></system-out>
  <system-err><![CDATA[]]></system-err>
</testsuite>
