<?xml version="1.0" encoding="UTF-8"?>
<testsuite name="org.elasticsearch.action.admin.cluster.node.tasks.TaskTests" tests="1" skipped="0" failures="0" errors="0" timestamp="2020-02-16T22:20:01" hostname="Escoto-PC" time="0.028">
  <properties/>
  <testcase name="testTaskInfoToString" classname="org.elasticsearch.action.admin.cluster.node.tasks.TaskTests" time="0.028"/>
  <system-out><![CDATA[[2020-02-17T12:05:01,937][INFO ][o.e.a.a.c.n.t.TaskTests  ] [testTaskInfoToString] before test
[2020-02-17T12:05:01,963][INFO ][o.e.a.a.c.n.t.TaskTests  ] [testTaskInfoToString] after test
]]></system-out>
  <system-err><![CDATA[]]></system-err>
</testsuite>
