<?xml version="1.0" encoding="UTF-8"?>
<testsuite name="org.elasticsearch.search.aggregations.AggregatorFactoriesBuilderTests" tests="4" skipped="0" failures="0" errors="0" timestamp="2020-02-16T22:24:07" hostname="Escoto-PC" time="0.033">
  <properties/>
  <testcase name="testUnorderedEqualsSubSet" classname="org.elasticsearch.search.aggregations.AggregatorFactoriesBuilderTests" time="0.003"/>
  <testcase name="testFromXContent" classname="org.elasticsearch.search.aggregations.AggregatorFactoriesBuilderTests" time="0.019"/>
  <testcase name="testEqualsAndHashcode" classname="org.elasticsearch.search.aggregations.AggregatorFactoriesBuilderTests" time="0.007"/>
  <testcase name="testSerialization" classname="org.elasticsearch.search.aggregations.AggregatorFactoriesBuilderTests" time="0.004"/>
  <system-out><![CDATA[[2020-02-17T06:24:07,345][INFO ][o.e.s.a.AggregatorFactoriesBuilderTests] [testUnorderedEqualsSubSet] before test
[2020-02-17T06:24:07,346][INFO ][o.e.s.a.AggregatorFactoriesBuilderTests] [testUnorderedEqualsSubSet] after test
[2020-02-17T06:24:07,348][INFO ][o.e.s.a.AggregatorFactoriesBuilderTests] [testFromXContent] before test
[2020-02-17T06:24:07,365][INFO ][o.e.s.a.AggregatorFactoriesBuilderTests] [testFromXContent] after test
[2020-02-17T06:24:07,367][INFO ][o.e.s.a.AggregatorFactoriesBuilderTests] [testEqualsAndHashcode] before test
[2020-02-17T06:24:07,372][INFO ][o.e.s.a.AggregatorFactoriesBuilderTests] [testEqualsAndHashcode] after test
[2020-02-17T06:24:07,373][INFO ][o.e.s.a.AggregatorFactoriesBuilderTests] [testSerialization] before test
[2020-02-17T06:24:07,375][INFO ][o.e.s.a.AggregatorFactoriesBuilderTests] [testSerialization] after test
]]></system-out>
  <system-err><![CDATA[]]></system-err>
</testsuite>
