<?xml version="1.0" encoding="UTF-8"?>
<testsuite name="org.elasticsearch.index.mapper.FieldAliasMapperTests" tests="5" skipped="0" failures="0" errors="0" timestamp="2020-02-16T22:23:03" hostname="Escoto-PC" time="1.246">
  <properties/>
  <testcase name="testMergeFailure" classname="org.elasticsearch.index.mapper.FieldAliasMapperTests" time="0.76"/>
  <testcase name="testParsingWithExtraArgument" classname="org.elasticsearch.index.mapper.FieldAliasMapperTests" time="0.149"/>
  <testcase name="testParsingWithMissingPath" classname="org.elasticsearch.index.mapper.FieldAliasMapperTests" time="0.097"/>
  <testcase name="testMerge" classname="org.elasticsearch.index.mapper.FieldAliasMapperTests" time="0.132"/>
  <testcase name="testParsing" classname="org.elasticsearch.index.mapper.FieldAliasMapperTests" time="0.107"/>
  <system-out><![CDATA[[2020-02-16T22:23:03,950][INFO ][o.e.e.NodeEnvironment    ] [testMergeFailure] using [1] data paths, mounts [[Old HDD (E:)]], net usable_space [89.5gb], net total_space [232.8gb], types [NTFS]
[2020-02-16T22:23:03,950][INFO ][o.e.e.NodeEnvironment    ] [testMergeFailure] heap size [512mb], compressed ordinary object pointers [true]
[2020-02-16T22:23:03,952][INFO ][o.e.n.Node               ] [testMergeFailure] node name [node_s_0], node ID [l0cXXvzoRBC2ppPcdOhMgg], cluster name [single-node-cluster-TEST_WORKER_VM=[12]-CLUSTER_SEED=[7691600505093816384]-HASH=[1476168A1D5]]
[2020-02-16T22:23:03,952][INFO ][o.e.n.Node               ] [testMergeFailure] version[7.5.1], pid[2148], build[unknown/unknown/unknown/unknown], OS[Windows 7/6.1/amd64], JVM[Oracle Corporation/OpenJDK 64-Bit Server VM/12.0.2/12.0.2+10]
[2020-02-16T22:23:03,952][INFO ][o.e.n.Node               ] [testMergeFailure] JVM home [C:\Program Files\Java\jdk-12.0.2]
[2020-02-16T22:23:03,952][INFO ][o.e.n.Node               ] [testMergeFailure] JVM arguments [-Dcompiler.java=12, -Des.scripting.update.ctx_in_params=false, -Des.transport.cname_in_publish_address=true, -Dgradle.dist.lib=C:\Users\Escoto\.gradle\wrapper\dists\gradle-5.6.2-bin\3clyn6icets6f02ptgd5hlmou\gradle-5.6.2\lib, -Dgradle.user.home=C:\Users\Escoto\.gradle, -Dgradle.worker.jar=C:\Users\Escoto\.gradle/caches/5.6.2/workerMain/gradle-worker.jar, -Dio.netty.noKeySetOptimization=true, -Dio.netty.noUnsafe=true, -Dio.netty.recycler.maxCapacityPerThread=0, -Djava.awt.headless=true, -Djna.nosys=true, -Dorg.gradle.native=false, -Druntime.java=12, -Dtests.artifact=server, -Dtests.gradle=true, -Dtests.logger.level=WARN, -Dtests.security.manager=true, -Dtests.seed=9EA1F2A3814E5F76, -Dtests.task=:server:test, -Dtests.timeoutSuite=1800000!, -esa, --illegal-access=warn, -XX:+HeapDumpOnOutOfMemoryError, -XX:HeapDumpPath=E:\NotD\git\elasticsearch\server\build\heapdump, -Xms512m, -Xmx512m, -Dfile.encoding=windows-1252, -Djava.io.tmpdir=./temp, -Duser.country=US, -Duser.language=en, -Duser.variant, -ea]
[2020-02-16T22:23:03,953][INFO ][o.e.p.PluginsService     ] [testMergeFailure] no modules loaded
[2020-02-16T22:23:03,953][INFO ][o.e.p.PluginsService     ] [testMergeFailure] loaded plugin [org.elasticsearch.test.MockHttpTransport$TestPlugin]
[2020-02-16T22:23:03,953][INFO ][o.e.p.PluginsService     ] [testMergeFailure] loaded plugin [org.elasticsearch.transport.nio.MockNioTransportPlugin]
[2020-02-16T22:23:04,153][INFO ][o.e.d.DiscoveryModule    ] [testMergeFailure] using discovery type [zen] and seed hosts providers [settings]
[2020-02-16T22:23:04,160][INFO ][o.e.n.Node               ] [testMergeFailure] initialized
[2020-02-16T22:23:04,160][INFO ][o.e.n.Node               ] [testMergeFailure] starting ...
[2020-02-16T22:23:04,446][INFO ][o.e.t.TransportService   ] [testMergeFailure] publish_address {127.0.0.1:11500}, bound_addresses {127.0.0.1:11500}, {[::1]:11500}
[2020-02-16T22:23:04,453][INFO ][o.e.c.c.Coordinator      ] [testMergeFailure] setting initial configuration to VotingConfiguration{l0cXXvzoRBC2ppPcdOhMgg}
[2020-02-16T22:23:04,496][INFO ][o.e.c.s.MasterService    ] [node_s_0] elected-as-master ([1] nodes joined)[{node_s_0}{l0cXXvzoRBC2ppPcdOhMgg}{8wgEInDxSzqhJTKNgPGNug}{127.0.0.1}{127.0.0.1:11500}{dim} elect leader, _BECOME_MASTER_TASK_, _FINISH_ELECTION_], term: 1, version: 1, delta: master node changed {previous [], current [{node_s_0}{l0cXXvzoRBC2ppPcdOhMgg}{8wgEInDxSzqhJTKNgPGNug}{127.0.0.1}{127.0.0.1:11500}{dim}]}
[2020-02-16T22:23:04,506][INFO ][o.e.c.c.CoordinationState] [node_s_0] cluster UUID set to [gO4BX276RtaWaL33w3yhBQ]
[2020-02-16T22:23:04,513][INFO ][o.e.c.s.ClusterApplierService] [node_s_0] master node changed {previous [], current [{node_s_0}{l0cXXvzoRBC2ppPcdOhMgg}{8wgEInDxSzqhJTKNgPGNug}{127.0.0.1}{127.0.0.1:11500}{dim}]}, term: 1, version: 1, reason: Publication{term=1, version=1}
[2020-02-16T22:23:04,514][INFO ][o.e.n.Node               ] [testMergeFailure] started
[2020-02-16T22:23:04,520][INFO ][o.e.g.GatewayService     ] [node_s_0] recovered [0] indices into cluster_state
[2020-02-16T22:23:04,521][INFO ][o.e.c.m.MetaDataIndexTemplateService] [node_s_0] adding template [one_shard_index_template] for index patterns [*]
[2020-02-16T22:23:04,531][INFO ][o.e.c.m.MetaDataIndexTemplateService] [node_s_0] adding template [random-soft-deletes-template] for index patterns [*]
[2020-02-16T22:23:04,542][INFO ][o.e.i.m.FieldAliasMapperTests] [testMergeFailure] before test
[2020-02-16T22:23:04,543][INFO ][o.e.c.m.MetaDataCreateIndexService] [node_s_0] [test] creating index, cause [api], templates [random-soft-deletes-template, one_shard_index_template], shards [1]/[0], mappings []
[2020-02-16T22:23:04,601][INFO ][o.e.c.r.a.AllocationService] [node_s_0] Cluster health status changed from [YELLOW] to [GREEN] (reason: [shards started [[test][0]]]).
[2020-02-16T22:23:04,614][INFO ][o.e.i.m.FieldAliasMapperTests] [testMergeFailure] after test
[2020-02-16T22:23:04,645][INFO ][o.e.c.m.MetaDataDeleteIndexService] [node_s_0] [test/t5WWZtRqS9awY6n6B2JZkw] deleting index
[2020-02-16T22:23:04,705][INFO ][o.e.i.m.FieldAliasMapperTests] [testParsingWithExtraArgument] before test
[2020-02-16T22:23:04,706][INFO ][o.e.c.m.MetaDataCreateIndexService] [node_s_0] [test] creating index, cause [api], templates [random-soft-deletes-template, one_shard_index_template], shards [1]/[0], mappings []
[2020-02-16T22:23:04,793][INFO ][o.e.c.r.a.AllocationService] [node_s_0] Cluster health status changed from [YELLOW] to [GREEN] (reason: [shards started [[test][0]]]).
[2020-02-16T22:23:04,813][INFO ][o.e.i.m.FieldAliasMapperTests] [testParsingWithExtraArgument] after test
[2020-02-16T22:23:04,814][INFO ][o.e.c.m.MetaDataDeleteIndexService] [node_s_0] [test/wIw2rExFTpC4TzCM2awlIA] deleting index
[2020-02-16T22:23:04,851][INFO ][o.e.i.m.FieldAliasMapperTests] [testParsingWithMissingPath] before test
[2020-02-16T22:23:04,854][INFO ][o.e.c.m.MetaDataCreateIndexService] [node_s_0] [test] creating index, cause [api], templates [random-soft-deletes-template, one_shard_index_template], shards [1]/[0], mappings []
[2020-02-16T22:23:04,915][INFO ][o.e.c.r.a.AllocationService] [node_s_0] Cluster health status changed from [YELLOW] to [GREEN] (reason: [shards started [[test][0]]]).
[2020-02-16T22:23:04,926][INFO ][o.e.i.m.FieldAliasMapperTests] [testParsingWithMissingPath] after test
[2020-02-16T22:23:04,927][INFO ][o.e.c.m.MetaDataDeleteIndexService] [node_s_0] [test/J07mDODASriJmdEODbEX9A] deleting index
[2020-02-16T22:23:04,949][INFO ][o.e.i.m.FieldAliasMapperTests] [testMerge] before test
[2020-02-16T22:23:04,953][INFO ][o.e.c.m.MetaDataCreateIndexService] [node_s_0] [test] creating index, cause [api], templates [random-soft-deletes-template, one_shard_index_template], shards [1]/[0], mappings []
[2020-02-16T22:23:05,022][INFO ][o.e.c.r.a.AllocationService] [node_s_0] Cluster health status changed from [YELLOW] to [GREEN] (reason: [shards started [[test][0]]]).
[2020-02-16T22:23:05,035][INFO ][o.e.i.m.FieldAliasMapperTests] [testMerge] after test
[2020-02-16T22:23:05,037][INFO ][o.e.c.m.MetaDataDeleteIndexService] [node_s_0] [test/XFz5OrEXRgedcnppv_zHLw] deleting index
[2020-02-16T22:23:05,091][INFO ][o.e.i.m.FieldAliasMapperTests] [testParsing] before test
[2020-02-16T22:23:05,094][INFO ][o.e.c.m.MetaDataCreateIndexService] [node_s_0] [test] creating index, cause [api], templates [random-soft-deletes-template, one_shard_index_template], shards [1]/[0], mappings []
[2020-02-16T22:23:05,150][INFO ][o.e.c.r.a.AllocationService] [node_s_0] Cluster health status changed from [YELLOW] to [GREEN] (reason: [shards started [[test][0]]]).
[2020-02-16T22:23:05,164][INFO ][o.e.i.m.FieldAliasMapperTests] [testParsing] after test
[2020-02-16T22:23:05,165][INFO ][o.e.c.m.MetaDataDeleteIndexService] [node_s_0] [test/LI17crBwSpaqXurA8GBTkA] deleting index
[2020-02-16T22:23:05,186][INFO ][o.e.n.Node               ] [suite] stopping ...
[2020-02-16T22:23:05,192][INFO ][o.e.n.Node               ] [suite] stopped
[2020-02-16T22:23:05,192][INFO ][o.e.n.Node               ] [suite] closing ...
[2020-02-16T22:23:05,193][INFO ][o.e.n.Node               ] [suite] closed
]]></system-out>
  <system-err><![CDATA[]]></system-err>
</testsuite>
