<?xml version="1.0" encoding="UTF-8"?>
<testsuite name="org.apache.lucene.queries.FloatRandomBinaryDocValuesRangeQueryTests" tests="6" skipped="1" failures="0" errors="0" timestamp="2020-02-16T22:19:53" hostname="Escoto-PC" time="1.577">
  <properties/>
  <testcase name="testRandomBig" classname="org.apache.lucene.queries.FloatRandomBinaryDocValuesRangeQueryTests" time="0.001">
    <skipped/>
  </testcase>
  <testcase name="testRandomMedium" classname="org.apache.lucene.queries.FloatRandomBinaryDocValuesRangeQueryTests" time="0.556"/>
  <testcase name="testLowCardinality" classname="org.apache.lucene.queries.FloatRandomBinaryDocValuesRangeQueryTests" time="0.688"/>
  <testcase name="testMultiValued" classname="org.apache.lucene.queries.FloatRandomBinaryDocValuesRangeQueryTests" time="0.004"/>
  <testcase name="testAllEqual" classname="org.apache.lucene.queries.FloatRandomBinaryDocValuesRangeQueryTests" time="0.126"/>
  <testcase name="testRandomTiny" classname="org.apache.lucene.queries.FloatRandomBinaryDocValuesRangeQueryTests" time="0.169"/>
  <system-out><![CDATA[]]></system-out>
  <system-err><![CDATA[]]></system-err>
</testsuite>
