<?xml version="1.0" encoding="UTF-8"?>
<testsuite name="org.elasticsearch.search.aggregations.metrics.TDigestStateTests" tests="1" skipped="0" failures="0" errors="0" timestamp="2020-02-16T22:25:32" hostname="Escoto-PC" time="0.003">
  <properties/>
  <testcase name="testMoreThan4BValues" classname="org.elasticsearch.search.aggregations.metrics.TDigestStateTests" time="0.003"/>
  <system-out><![CDATA[[2020-02-17T06:25:32,999][INFO ][o.e.s.a.m.TDigestStateTests] [testMoreThan4BValues] before test
[2020-02-17T06:25:33,000][INFO ][o.e.s.a.m.TDigestStateTests] [testMoreThan4BValues] after test
]]></system-out>
  <system-err><![CDATA[]]></system-err>
</testsuite>
