<?xml version="1.0" encoding="UTF-8"?>
<testsuite name="org.elasticsearch.bootstrap.ESPolicyTests" tests="1" skipped="0" failures="0" errors="0" timestamp="2020-02-16T22:20:49" hostname="Escoto-PC" time="0.009">
  <properties/>
  <testcase name="testRestrictPrivileges" classname="org.elasticsearch.bootstrap.ESPolicyTests" time="0.009"/>
  <system-out><![CDATA[[2020-02-16T18:20:49,866][INFO ][o.e.b.ESPolicyTests      ] [testRestrictPrivileges] before test
[2020-02-16T18:20:49,869][INFO ][o.e.b.ESPolicyTests      ] [testRestrictPrivileges] after test
]]></system-out>
  <system-err><![CDATA[]]></system-err>
</testsuite>
