<?xml version="1.0" encoding="UTF-8"?>
<testsuite name="org.elasticsearch.action.delete.DeleteRequestTests" tests="1" skipped="0" failures="0" errors="0" timestamp="2020-02-16T22:20:17" hostname="Escoto-PC" time="0.004">
  <properties/>
  <testcase name="testValidation" classname="org.elasticsearch.action.delete.DeleteRequestTests" time="0.004"/>
  <system-out><![CDATA[[2020-02-17T03:20:17,925][INFO ][o.e.a.d.DeleteRequestTests] [testValidation] before test
[2020-02-17T03:20:17,927][INFO ][o.e.a.d.DeleteRequestTests] [testValidation] after test
]]></system-out>
  <system-err><![CDATA[]]></system-err>
</testsuite>
