<?xml version="1.0" encoding="UTF-8"?>
<testsuite name="org.elasticsearch.index.fielddata.FieldDataStatsTests" tests="1" skipped="0" failures="0" errors="0" timestamp="2020-02-16T22:22:35" hostname="Escoto-PC" time="0.014">
  <properties/>
  <testcase name="testSerialize" classname="org.elasticsearch.index.fielddata.FieldDataStatsTests" time="0.014"/>
  <system-out><![CDATA[[2020-02-16T19:22:35,648][INFO ][o.e.i.f.FieldDataStatsTests] [testSerialize] before test
[2020-02-16T19:22:35,652][INFO ][o.e.i.f.FieldDataStatsTests] [testSerialize] after test
]]></system-out>
  <system-err><![CDATA[]]></system-err>
</testsuite>
