<?xml version="1.0" encoding="UTF-8"?>
<testsuite name="org.elasticsearch.search.fetch.subphase.highlight.HighlightBuilderTests" tests="15" skipped="0" failures="0" errors="0" timestamp="2020-02-16T22:25:35" hostname="Escoto-PC" time="0.043">
  <properties/>
  <testcase name="testValidOrderOrdinals" classname="org.elasticsearch.search.fetch.subphase.highlight.HighlightBuilderTests" time="0.002"/>
  <testcase name="testOrderSerialization" classname="org.elasticsearch.search.fetch.subphase.highlight.HighlightBuilderTests" time="0.002"/>
  <testcase name="testUnknownFieldnameExpection" classname="org.elasticsearch.search.fetch.subphase.highlight.HighlightBuilderTests" time="0.002"/>
  <testcase name="testTwoFieldsInObjectInFieldsArray" classname="org.elasticsearch.search.fetch.subphase.highlight.HighlightBuilderTests" time="0.002"/>
  <testcase name="testUnknownObjectFieldnameExpection" classname="org.elasticsearch.search.fetch.subphase.highlight.HighlightBuilderTests" time="0.001"/>
  <testcase name="testParsingTagsSchema" classname="org.elasticsearch.search.fetch.subphase.highlight.HighlightBuilderTests" time="0.001"/>
  <testcase name="testPreTagsWithoutPostTags" classname="org.elasticsearch.search.fetch.subphase.highlight.HighlightBuilderTests" time="0.001"/>
  <testcase name="testNoFieldsInObjectInFieldsArray" classname="org.elasticsearch.search.fetch.subphase.highlight.HighlightBuilderTests" time="0.002"/>
  <testcase name="testStringInFieldsArray" classname="org.elasticsearch.search.fetch.subphase.highlight.HighlightBuilderTests" time="0.001"/>
  <testcase name="testBuildSearchContextHighlight" classname="org.elasticsearch.search.fetch.subphase.highlight.HighlightBuilderTests" time="0.007"/>
  <testcase name="testEqualsAndHashcode" classname="org.elasticsearch.search.fetch.subphase.highlight.HighlightBuilderTests" time="0.004"/>
  <testcase name="testSerialization" classname="org.elasticsearch.search.fetch.subphase.highlight.HighlightBuilderTests" time="0.003"/>
  <testcase name="testParsingEmptyStructure" classname="org.elasticsearch.search.fetch.subphase.highlight.HighlightBuilderTests" time="0.001"/>
  <testcase name="testUnknownArrayNameExpection" classname="org.elasticsearch.search.fetch.subphase.highlight.HighlightBuilderTests" time="0.001"/>
  <testcase name="testFromXContent" classname="org.elasticsearch.search.fetch.subphase.highlight.HighlightBuilderTests" time="0.01"/>
  <system-out><![CDATA[[2020-02-17T05:25:35,641][INFO ][o.e.s.f.s.h.HighlightBuilderTests] [testValidOrderOrdinals] before test
[2020-02-17T05:25:35,641][INFO ][o.e.s.f.s.h.HighlightBuilderTests] [testValidOrderOrdinals] after test
[2020-02-17T05:25:35,644][INFO ][o.e.s.f.s.h.HighlightBuilderTests] [testOrderSerialization] before test
[2020-02-17T05:25:35,644][INFO ][o.e.s.f.s.h.HighlightBuilderTests] [testOrderSerialization] after test
[2020-02-17T05:25:35,646][INFO ][o.e.s.f.s.h.HighlightBuilderTests] [testUnknownFieldnameExpection] before test
[2020-02-17T05:25:35,647][INFO ][o.e.s.f.s.h.HighlightBuilderTests] [testUnknownFieldnameExpection] after test
[2020-02-17T05:25:35,648][INFO ][o.e.s.f.s.h.HighlightBuilderTests] [testTwoFieldsInObjectInFieldsArray] before test
[2020-02-17T05:25:35,649][INFO ][o.e.s.f.s.h.HighlightBuilderTests] [testTwoFieldsInObjectInFieldsArray] after test
[2020-02-17T05:25:35,650][INFO ][o.e.s.f.s.h.HighlightBuilderTests] [testUnknownObjectFieldnameExpection] before test
[2020-02-17T05:25:35,650][INFO ][o.e.s.f.s.h.HighlightBuilderTests] [testUnknownObjectFieldnameExpection] after test
[2020-02-17T05:25:35,651][INFO ][o.e.s.f.s.h.HighlightBuilderTests] [testParsingTagsSchema] before test
[2020-02-17T05:25:35,651][INFO ][o.e.s.f.s.h.HighlightBuilderTests] [testParsingTagsSchema] after test
[2020-02-17T05:25:35,653][INFO ][o.e.s.f.s.h.HighlightBuilderTests] [testPreTagsWithoutPostTags] before test
[2020-02-17T05:25:35,653][INFO ][o.e.s.f.s.h.HighlightBuilderTests] [testPreTagsWithoutPostTags] after test
[2020-02-17T05:25:35,654][INFO ][o.e.s.f.s.h.HighlightBuilderTests] [testNoFieldsInObjectInFieldsArray] before test
[2020-02-17T05:25:35,654][INFO ][o.e.s.f.s.h.HighlightBuilderTests] [testNoFieldsInObjectInFieldsArray] after test
[2020-02-17T05:25:35,655][INFO ][o.e.s.f.s.h.HighlightBuilderTests] [testStringInFieldsArray] before test
[2020-02-17T05:25:35,655][INFO ][o.e.s.f.s.h.HighlightBuilderTests] [testStringInFieldsArray] after test
[2020-02-17T05:25:35,657][INFO ][o.e.s.f.s.h.HighlightBuilderTests] [testBuildSearchContextHighlight] before test
[2020-02-17T05:25:35,663][INFO ][o.e.s.f.s.h.HighlightBuilderTests] [testBuildSearchContextHighlight] after test
[2020-02-17T05:25:35,664][INFO ][o.e.s.f.s.h.HighlightBuilderTests] [testEqualsAndHashcode] before test
[2020-02-17T05:25:35,667][INFO ][o.e.s.f.s.h.HighlightBuilderTests] [testEqualsAndHashcode] after test
[2020-02-17T05:25:35,668][INFO ][o.e.s.f.s.h.HighlightBuilderTests] [testSerialization] before test
[2020-02-17T05:25:35,670][INFO ][o.e.s.f.s.h.HighlightBuilderTests] [testSerialization] after test
[2020-02-17T05:25:35,671][INFO ][o.e.s.f.s.h.HighlightBuilderTests] [testParsingEmptyStructure] before test
[2020-02-17T05:25:35,671][INFO ][o.e.s.f.s.h.HighlightBuilderTests] [testParsingEmptyStructure] after test
[2020-02-17T05:25:35,672][INFO ][o.e.s.f.s.h.HighlightBuilderTests] [testUnknownArrayNameExpection] before test
[2020-02-17T05:25:35,672][INFO ][o.e.s.f.s.h.HighlightBuilderTests] [testUnknownArrayNameExpection] after test
[2020-02-17T05:25:35,674][INFO ][o.e.s.f.s.h.HighlightBuilderTests] [testFromXContent] before test
[2020-02-17T05:25:35,682][INFO ][o.e.s.f.s.h.HighlightBuilderTests] [testFromXContent] after test
]]></system-out>
  <system-err><![CDATA[]]></system-err>
</testsuite>
