<?xml version="1.0" encoding="UTF-8"?>
<testsuite name="org.elasticsearch.action.admin.cluster.snapshots.status.SnapshotIndexStatusTests" tests="1" skipped="0" failures="0" errors="0" timestamp="2020-02-16T22:20:24" hostname="Escoto-PC" time="0.053">
  <properties/>
  <testcase name="testFromXContent" classname="org.elasticsearch.action.admin.cluster.snapshots.status.SnapshotIndexStatusTests" time="0.053"/>
  <system-out><![CDATA[[2020-02-16T17:20:24,310][INFO ][o.e.a.a.c.s.s.SnapshotIndexStatusTests] [testFromXContent] before test
[2020-02-16T17:20:24,362][INFO ][o.e.a.a.c.s.s.SnapshotIndexStatusTests] [testFromXContent] after test
]]></system-out>
  <system-err><![CDATA[]]></system-err>
</testsuite>
