<?xml version="1.0" encoding="UTF-8"?>
<testsuite name="org.elasticsearch.monitor.jvm.JvmStatsTests" tests="1" skipped="0" failures="0" errors="0" timestamp="2020-02-16T22:24:01" hostname="Escoto-PC" time="0.003">
  <properties/>
  <testcase name="testJvmStats" classname="org.elasticsearch.monitor.jvm.JvmStatsTests" time="0.003"/>
  <system-out><![CDATA[[2020-02-16T15:24:01,325][INFO ][o.e.m.j.JvmStatsTests    ] [testJvmStats] before test
[2020-02-16T15:24:01,326][INFO ][o.e.m.j.JvmStatsTests    ] [testJvmStats] after test
]]></system-out>
  <system-err><![CDATA[]]></system-err>
</testsuite>
