<?xml version="1.0" encoding="UTF-8"?>
<testsuite name="org.apache.lucene.util.CombinedBitSetTests" tests="4" skipped="0" failures="0" errors="0" timestamp="2020-02-16T22:19:58" hostname="Escoto-PC" time="1.068">
  <properties/>
  <testcase name="testSparse" classname="org.apache.lucene.util.CombinedBitSetTests" time="0.198"/>
  <testcase name="testDense" classname="org.apache.lucene.util.CombinedBitSetTests" time="0.295"/>
  <testcase name="testEmpty" classname="org.apache.lucene.util.CombinedBitSetTests" time="0.533"/>
  <testcase name="testRandom" classname="org.apache.lucene.util.CombinedBitSetTests" time="0.042"/>
  <system-out><![CDATA[[2020-02-16T17:19:58,819][INFO ][o.a.l.u.CombinedBitSetTests] [testSparse] before test
[2020-02-16T17:19:58,998][INFO ][o.a.l.u.CombinedBitSetTests] [testSparse] after test
[2020-02-16T17:19:59,027][INFO ][o.a.l.u.CombinedBitSetTests] [testDense] before test
[2020-02-16T17:19:59,292][INFO ][o.a.l.u.CombinedBitSetTests] [testDense] after test
[2020-02-16T17:19:59,303][INFO ][o.a.l.u.CombinedBitSetTests] [testEmpty] before test
[2020-02-16T17:19:59,826][INFO ][o.a.l.u.CombinedBitSetTests] [testEmpty] after test
[2020-02-16T17:19:59,829][INFO ][o.a.l.u.CombinedBitSetTests] [testRandom] before test
[2020-02-16T17:19:59,868][INFO ][o.a.l.u.CombinedBitSetTests] [testRandom] after test
]]></system-out>
  <system-err><![CDATA[]]></system-err>
</testsuite>
