<?xml version="1.0" encoding="UTF-8"?>
<testsuite name="org.elasticsearch.common.lucene.search.function.MinScoreScorerTests" tests="2" skipped="0" failures="0" errors="0" timestamp="2020-02-16T22:21:46" hostname="Escoto-PC" time="0.054">
  <properties/>
  <testcase name="testRegularIterator" classname="org.elasticsearch.common.lucene.search.function.MinScoreScorerTests" time="0.019"/>
  <testcase name="testTwoPhaseIterator" classname="org.elasticsearch.common.lucene.search.function.MinScoreScorerTests" time="0.035"/>
  <system-out><![CDATA[]]></system-out>
  <system-err><![CDATA[]]></system-err>
</testsuite>
