<?xml version="1.0" encoding="UTF-8"?>
<testsuite name="org.elasticsearch.transport.CompressibleBytesOutputStreamTests" tests="3" skipped="0" failures="0" errors="0" timestamp="2020-02-16T22:26:00" hostname="Escoto-PC" time="0.006">
  <properties/>
  <testcase name="testStreamWithCompression" classname="org.elasticsearch.transport.CompressibleBytesOutputStreamTests" time="0.003"/>
  <testcase name="testCompressionWithCallingMaterializeFails" classname="org.elasticsearch.transport.CompressibleBytesOutputStreamTests" time="0.002"/>
  <testcase name="testStreamWithoutCompression" classname="org.elasticsearch.transport.CompressibleBytesOutputStreamTests" time="0.001"/>
  <system-out><![CDATA[[2020-02-17T00:26:00,402][INFO ][o.e.t.CompressibleBytesOutputStreamTests] [testStreamWithCompression] before test
[2020-02-17T00:26:00,403][INFO ][o.e.t.CompressibleBytesOutputStreamTests] [testStreamWithCompression] after test
[2020-02-17T00:26:00,405][INFO ][o.e.t.CompressibleBytesOutputStreamTests] [testCompressionWithCallingMaterializeFails] before test
[2020-02-17T00:26:00,405][INFO ][o.e.t.CompressibleBytesOutputStreamTests] [testCompressionWithCallingMaterializeFails] after test
[2020-02-17T00:26:00,407][INFO ][o.e.t.CompressibleBytesOutputStreamTests] [testStreamWithoutCompression] before test
[2020-02-17T00:26:00,407][INFO ][o.e.t.CompressibleBytesOutputStreamTests] [testStreamWithoutCompression] after test
]]></system-out>
  <system-err><![CDATA[]]></system-err>
</testsuite>
