<?xml version="1.0" encoding="UTF-8"?>
<testsuite name="org.elasticsearch.cluster.ClusterStateTaskExecutorTests" tests="1" skipped="0" failures="0" errors="0" timestamp="2020-02-16T22:20:52" hostname="Escoto-PC" time="0.005">
  <properties/>
  <testcase name="testDescribeTasks" classname="org.elasticsearch.cluster.ClusterStateTaskExecutorTests" time="0.005"/>
  <system-out><![CDATA[[2020-02-17T01:20:52,188][INFO ][o.e.c.ClusterStateTaskExecutorTests] [testDescribeTasks] before test
[2020-02-17T01:20:52,191][INFO ][o.e.c.ClusterStateTaskExecutorTests] [testDescribeTasks] after test
]]></system-out>
  <system-err><![CDATA[]]></system-err>
</testsuite>
