<?xml version="1.0" encoding="UTF-8"?>
<testsuite name="org.elasticsearch.action.bulk.RetryTests" tests="4" skipped="0" failures="0" errors="0" timestamp="2020-02-16T22:20:17" hostname="Escoto-PC" time="0.056">
  <properties/>
  <testcase name="testRetryWithListenerFailsAfterBacksOff" classname="org.elasticsearch.action.bulk.RetryTests" time="0.019"/>
  <testcase name="testRetryBacksOff" classname="org.elasticsearch.action.bulk.RetryTests" time="0.013"/>
  <testcase name="testRetryFailsAfterBackoff" classname="org.elasticsearch.action.bulk.RetryTests" time="0.011"/>
  <testcase name="testRetryWithListenerBacksOff" classname="org.elasticsearch.action.bulk.RetryTests" time="0.013"/>
  <system-out><![CDATA[[2020-02-16T22:20:17,602][INFO ][o.e.a.b.RetryTests       ] [testRetryWithListenerFailsAfterBacksOff] before test
[2020-02-16T22:20:17,617][INFO ][o.e.a.b.RetryTests       ] [testRetryWithListenerFailsAfterBacksOff] after test
[2020-02-16T22:20:17,620][INFO ][o.e.a.b.RetryTests       ] [testRetryBacksOff] before test
[2020-02-16T22:20:17,631][INFO ][o.e.a.b.RetryTests       ] [testRetryBacksOff] after test
[2020-02-16T22:20:17,633][INFO ][o.e.a.b.RetryTests       ] [testRetryFailsAfterBackoff] before test
[2020-02-16T22:20:17,642][INFO ][o.e.a.b.RetryTests       ] [testRetryFailsAfterBackoff] after test
[2020-02-16T22:20:17,644][INFO ][o.e.a.b.RetryTests       ] [testRetryWithListenerBacksOff] before test
[2020-02-16T22:20:17,655][INFO ][o.e.a.b.RetryTests       ] [testRetryWithListenerBacksOff] after test
]]></system-out>
  <system-err><![CDATA[]]></system-err>
</testsuite>
