<?xml version="1.0" encoding="UTF-8"?>
<testsuite name="org.elasticsearch.search.aggregations.bucket.global.InternalGlobalTests" tests="5" skipped="0" failures="0" errors="0" timestamp="2020-02-16T22:24:14" hostname="Escoto-PC" time="0.019">
  <properties/>
  <testcase name="testSerialization" classname="org.elasticsearch.search.aggregations.bucket.global.InternalGlobalTests" time="0.004"/>
  <testcase name="testFromXContentWithRandomFields" classname="org.elasticsearch.search.aggregations.bucket.global.InternalGlobalTests" time="0.003"/>
  <testcase name="testReduceRandom" classname="org.elasticsearch.search.aggregations.bucket.global.InternalGlobalTests" time="0.004"/>
  <testcase name="testEqualsAndHashcode" classname="org.elasticsearch.search.aggregations.bucket.global.InternalGlobalTests" time="0.005"/>
  <testcase name="testFromXContent" classname="org.elasticsearch.search.aggregations.bucket.global.InternalGlobalTests" time="0.002"/>
  <system-out><![CDATA[[2020-02-16T14:24:14,437][INFO ][o.e.s.a.b.g.InternalGlobalTests] [testSerialization] before test
[2020-02-16T14:24:14,439][INFO ][o.e.s.a.b.g.InternalGlobalTests] [testSerialization] after test
[2020-02-16T14:24:14,442][INFO ][o.e.s.a.b.g.InternalGlobalTests] [testFromXContentWithRandomFields] before test
[2020-02-16T14:24:14,443][INFO ][o.e.s.a.b.g.InternalGlobalTests] [testFromXContentWithRandomFields] after test
[2020-02-16T14:24:14,447][INFO ][o.e.s.a.b.g.InternalGlobalTests] [testReduceRandom] before test
[2020-02-16T14:24:14,447][INFO ][o.e.s.a.b.g.InternalGlobalTests] [testReduceRandom] after test
[2020-02-16T14:24:14,451][INFO ][o.e.s.a.b.g.InternalGlobalTests] [testEqualsAndHashcode] before test
[2020-02-16T14:24:14,452][INFO ][o.e.s.a.b.g.InternalGlobalTests] [testEqualsAndHashcode] after test
[2020-02-16T14:24:14,454][INFO ][o.e.s.a.b.g.InternalGlobalTests] [testFromXContent] before test
[2020-02-16T14:24:14,454][INFO ][o.e.s.a.b.g.InternalGlobalTests] [testFromXContent] after test
]]></system-out>
  <system-err><![CDATA[]]></system-err>
</testsuite>
