<?xml version="1.0" encoding="UTF-8"?>
<testsuite name="org.elasticsearch.action.admin.cluster.snapshots.status.SnapshotShardsStatsTests" tests="1" skipped="0" failures="0" errors="0" timestamp="2020-02-16T22:20:02" hostname="Escoto-PC" time="0.014">
  <properties/>
  <testcase name="testFromXContent" classname="org.elasticsearch.action.admin.cluster.snapshots.status.SnapshotShardsStatsTests" time="0.014"/>
  <system-out><![CDATA[[2020-02-17T04:20:02,933][INFO ][o.e.a.a.c.s.s.SnapshotShardsStatsTests] [testFromXContent] before test
[2020-02-17T04:20:02,944][INFO ][o.e.a.a.c.s.s.SnapshotShardsStatsTests] [testFromXContent] after test
]]></system-out>
  <system-err><![CDATA[]]></system-err>
</testsuite>
