<?xml version="1.0" encoding="UTF-8"?>
<testsuite name="org.elasticsearch.common.xcontent.cbor.JsonVsCborTests" tests="1" skipped="0" failures="0" errors="0" timestamp="2020-02-16T22:22:03" hostname="Escoto-PC" time="0.004">
  <properties/>
  <testcase name="testCompareParsingTokens" classname="org.elasticsearch.common.xcontent.cbor.JsonVsCborTests" time="0.004"/>
  <system-out><![CDATA[[2020-02-16T15:22:03,543][INFO ][o.e.c.x.c.JsonVsCborTests] [testCompareParsingTokens] before test
[2020-02-16T15:22:03,546][INFO ][o.e.c.x.c.JsonVsCborTests] [testCompareParsingTokens] after test
]]></system-out>
  <system-err><![CDATA[]]></system-err>
</testsuite>
