<?xml version="1.0" encoding="UTF-8"?>
<testsuite name="org.elasticsearch.search.aggregations.support.PathTests" tests="2" skipped="0" failures="0" errors="0" timestamp="2020-02-16T22:24:29" hostname="Escoto-PC" time="0.008">
  <properties/>
  <testcase name="testInvalidPaths" classname="org.elasticsearch.search.aggregations.support.PathTests" time="0.003"/>
  <testcase name="testValidPaths" classname="org.elasticsearch.search.aggregations.support.PathTests" time="0.004"/>
  <system-out><![CDATA[[2020-02-17T03:24:29,216][INFO ][o.e.s.a.s.PathTests      ] [testInvalidPaths] before test
[2020-02-17T03:24:29,216][INFO ][o.e.s.a.s.PathTests      ] [testInvalidPaths] after test
[2020-02-17T03:24:29,221][INFO ][o.e.s.a.s.PathTests      ] [testValidPaths] before test
[2020-02-17T03:24:29,221][INFO ][o.e.s.a.s.PathTests      ] [testValidPaths] after test
]]></system-out>
  <system-err><![CDATA[]]></system-err>
</testsuite>
