<?xml version="1.0" encoding="UTF-8"?>
<testsuite name="org.elasticsearch.cluster.coordination.CoordinationStateTests" tests="41" skipped="0" failures="0" errors="0" timestamp="2020-02-16T22:20:32" hostname="Escoto-PC" time="0.3">
  <properties/>
  <testcase name="testHandleCommitWithBadVersion" classname="org.elasticsearch.cluster.coordination.CoordinationStateTests" time="0.004"/>
  <testcase name="testSetInitialState" classname="org.elasticsearch.cluster.coordination.CoordinationStateTests" time="0.002"/>
  <testcase name="testHandlePublishResponseWithCommit" classname="org.elasticsearch.cluster.coordination.CoordinationStateTests" time="0.002"/>
  <testcase name="testJoinWithSameAcceptedTermButHigherVersion" classname="org.elasticsearch.cluster.coordination.CoordinationStateTests" time="0.003"/>
  <testcase name="testHandleClientValueWithIllegalCommittedConfigurationChange" classname="org.elasticsearch.cluster.coordination.CoordinationStateTests" time="0.002"/>
  <testcase name="testHandlePublishRequestWithBadTerm" classname="org.elasticsearch.cluster.coordination.CoordinationStateTests" time="0.002"/>
  <testcase name="testJoinWithNoStartJoinAfterReboot" classname="org.elasticsearch.cluster.coordination.CoordinationStateTests" time="0.003"/>
  <testcase name="testHandleClientValueWhenElectionNotWon" classname="org.elasticsearch.cluster.coordination.CoordinationStateTests" time="0.003"/>
  <testcase name="testJoinBeforeBootstrap" classname="org.elasticsearch.cluster.coordination.CoordinationStateTests" time="0.004"/>
  <testcase name="testJoinWithWrongTarget" classname="org.elasticsearch.cluster.coordination.CoordinationStateTests" time="0.003"/>
  <testcase name="testHandlePublishResponseWithVersionMismatch" classname="org.elasticsearch.cluster.coordination.CoordinationStateTests" time="0.005"/>
  <testcase name="testHandleClientValueWithBadTerm" classname="org.elasticsearch.cluster.coordination.CoordinationStateTests" time="0.003"/>
  <testcase name="testHandleClientValueWithConfigurationChangeButNoJoinQuorum" classname="org.elasticsearch.cluster.coordination.CoordinationStateTests" time="0.011"/>
  <testcase name="testJoinDoesNotWinElectionWhenOnlyLastAcceptedConfigQuorum" classname="org.elasticsearch.cluster.coordination.CoordinationStateTests" time="0.007"/>
  <testcase name="testHandlePublishResponseWithoutCommitedConfigQuorum" classname="org.elasticsearch.cluster.coordination.CoordinationStateTests" time="0.004"/>
  <testcase name="testStartJoinBeforeBootstrap" classname="org.elasticsearch.cluster.coordination.CoordinationStateTests" time="0.003"/>
  <testcase name="testHandlePublishRequestWithSameTermButOlderOrSameVersion" classname="org.elasticsearch.cluster.coordination.CoordinationStateTests" time="0.003"/>
  <testcase name="testJoinWithHigherAcceptedTerm" classname="org.elasticsearch.cluster.coordination.CoordinationStateTests" time="0.004"/>
  <testcase name="testSafety" classname="org.elasticsearch.cluster.coordination.CoordinationStateTests" time="0.089"/>
  <testcase name="testHandlePublishResponseWithoutPublishConfigQuorum" classname="org.elasticsearch.cluster.coordination.CoordinationStateTests" time="0.003"/>
  <testcase name="testJoinDoesNotWinElection" classname="org.elasticsearch.cluster.coordination.CoordinationStateTests" time="0.002"/>
  <testcase name="testHandlePublishResponseWhenSteppedDownAsLeader" classname="org.elasticsearch.cluster.coordination.CoordinationStateTests" time="0.005"/>
  <testcase name="testVoteCollection" classname="org.elasticsearch.cluster.coordination.CoordinationStateTests" time="0.01"/>
  <testcase name="testHandleCommitWithBadCurrentTerm" classname="org.elasticsearch.cluster.coordination.CoordinationStateTests" time="0.004"/>
  <testcase name="testHandleCommit" classname="org.elasticsearch.cluster.coordination.CoordinationStateTests" time="0.009"/>
  <testcase name="testHandlePublishResponseWithBadTerm" classname="org.elasticsearch.cluster.coordination.CoordinationStateTests" time="0.005"/>
  <testcase name="testHandleClientValue" classname="org.elasticsearch.cluster.coordination.CoordinationStateTests" time="0.007"/>
  <testcase name="testJoinWithSameLastAcceptedTermButLowerOrSameVersionWinsElection" classname="org.elasticsearch.cluster.coordination.CoordinationStateTests" time="0.007"/>
  <testcase name="testJoinWithLowerLastAcceptedTermWinsElection" classname="org.elasticsearch.cluster.coordination.CoordinationStateTests" time="0.005"/>
  <testcase name="testStartJoinAfterBootstrap" classname="org.elasticsearch.cluster.coordination.CoordinationStateTests" time="0.004"/>
  <testcase name="testHandlePublishResponseWithoutCommit" classname="org.elasticsearch.cluster.coordination.CoordinationStateTests" time="0.003"/>
  <testcase name="testSetInitialStateWhenAlreadySet" classname="org.elasticsearch.cluster.coordination.CoordinationStateTests" time="0.01"/>
  <testcase name="testHandlePublishRequest" classname="org.elasticsearch.cluster.coordination.CoordinationStateTests" time="0.008"/>
  <testcase name="testHandleClientValueDuringOngoingPublication" classname="org.elasticsearch.cluster.coordination.CoordinationStateTests" time="0.003"/>
  <testcase name="testHandleClientValueWithSameReconfigurationWhileAlreadyReconfiguring" classname="org.elasticsearch.cluster.coordination.CoordinationStateTests" time="0.035"/>
  <testcase name="testHandlePublishRequestWithTermHigherThanLastAcceptedTerm" classname="org.elasticsearch.cluster.coordination.CoordinationStateTests" time="0.002"/>
  <testcase name="testHandleClientValueWithOldVersion" classname="org.elasticsearch.cluster.coordination.CoordinationStateTests" time="0.005"/>
  <testcase name="testJoinDoesNotWinElectionWhenOnlyCommittedConfigQuorum" classname="org.elasticsearch.cluster.coordination.CoordinationStateTests" time="0.004"/>
  <testcase name="testHandleClientValueWithDifferentReconfigurationWhileAlreadyReconfiguring" classname="org.elasticsearch.cluster.coordination.CoordinationStateTests" time="0.002"/>
  <testcase name="testHandleCommitWithBadLastAcceptedTerm" classname="org.elasticsearch.cluster.coordination.CoordinationStateTests" time="0.004"/>
  <testcase name="testJoinWithBadCurrentTerm" classname="org.elasticsearch.cluster.coordination.CoordinationStateTests" time="0.003"/>
  <system-out><![CDATA[[2020-02-17T12:05:32,017][INFO ][o.e.c.c.CoordinationStateTests] [testHandleCommitWithBadVersion] before test
[2020-02-17T12:05:32,020][INFO ][o.e.c.c.CoordinationStateTests] [testHandleCommitWithBadVersion] after test
[2020-02-17T12:05:32,022][INFO ][o.e.c.c.CoordinationStateTests] [testSetInitialState] before test
[2020-02-17T12:05:32,022][INFO ][o.e.c.c.CoordinationStateTests] [testSetInitialState] after test
[2020-02-17T12:05:32,024][INFO ][o.e.c.c.CoordinationStateTests] [testHandlePublishResponseWithCommit] before test
[2020-02-17T12:05:32,024][INFO ][o.e.c.c.CoordinationStateTests] [testHandlePublishResponseWithCommit] after test
[2020-02-17T12:05:32,026][INFO ][o.e.c.c.CoordinationStateTests] [testJoinWithSameAcceptedTermButHigherVersion] before test
[2020-02-17T12:05:32,027][INFO ][o.e.c.c.CoordinationStateTests] [testJoinWithSameAcceptedTermButHigherVersion] after test
[2020-02-17T12:05:32,029][INFO ][o.e.c.c.CoordinationStateTests] [testHandleClientValueWithIllegalCommittedConfigurationChange] before test
[2020-02-17T12:05:32,030][INFO ][o.e.c.c.CoordinationStateTests] [testHandleClientValueWithIllegalCommittedConfigurationChange] after test
[2020-02-17T12:05:32,031][INFO ][o.e.c.c.CoordinationStateTests] [testHandlePublishRequestWithBadTerm] before test
[2020-02-17T12:05:32,032][INFO ][o.e.c.c.CoordinationStateTests] [testHandlePublishRequestWithBadTerm] after test
[2020-02-17T12:05:32,034][INFO ][o.e.c.c.CoordinationStateTests] [testJoinWithNoStartJoinAfterReboot] before test
[2020-02-17T12:05:32,035][INFO ][o.e.c.c.CoordinationStateTests] [testJoinWithNoStartJoinAfterReboot] after test
[2020-02-17T12:05:32,037][INFO ][o.e.c.c.CoordinationStateTests] [testHandleClientValueWhenElectionNotWon] before test
[2020-02-17T12:05:32,038][INFO ][o.e.c.c.CoordinationStateTests] [testHandleClientValueWhenElectionNotWon] after test
[2020-02-17T12:05:32,041][INFO ][o.e.c.c.CoordinationStateTests] [testJoinBeforeBootstrap] before test
[2020-02-17T12:05:32,042][INFO ][o.e.c.c.CoordinationStateTests] [testJoinBeforeBootstrap] after test
[2020-02-17T12:05:32,044][INFO ][o.e.c.c.CoordinationStateTests] [testJoinWithWrongTarget] before test
[2020-02-17T12:05:32,045][INFO ][o.e.c.c.CoordinationStateTests] [testJoinWithWrongTarget] after test
[2020-02-17T12:05:32,049][INFO ][o.e.c.c.CoordinationStateTests] [testHandlePublishResponseWithVersionMismatch] before test
[2020-02-17T12:05:32,050][INFO ][o.e.c.c.CoordinationStateTests] [testHandlePublishResponseWithVersionMismatch] after test
[2020-02-17T12:05:32,052][INFO ][o.e.c.c.CoordinationStateTests] [testHandleClientValueWithBadTerm] before test
[2020-02-17T12:05:32,053][INFO ][o.e.c.c.CoordinationStateTests] [testHandleClientValueWithBadTerm] after test
[2020-02-17T12:05:32,063][INFO ][o.e.c.c.CoordinationStateTests] [testHandleClientValueWithConfigurationChangeButNoJoinQuorum] before test
[2020-02-17T12:05:32,064][INFO ][o.e.c.c.CoordinationStateTests] [testHandleClientValueWithConfigurationChangeButNoJoinQuorum] after test
[2020-02-17T12:05:32,071][INFO ][o.e.c.c.CoordinationStateTests] [testJoinDoesNotWinElectionWhenOnlyLastAcceptedConfigQuorum] before test
[2020-02-17T12:05:32,071][INFO ][o.e.c.c.CoordinationStateTests] [testJoinDoesNotWinElectionWhenOnlyLastAcceptedConfigQuorum] after test
[2020-02-17T12:05:32,074][INFO ][o.e.c.c.CoordinationStateTests] [testHandlePublishResponseWithoutCommitedConfigQuorum] before test
[2020-02-17T12:05:32,075][INFO ][o.e.c.c.CoordinationStateTests] [testHandlePublishResponseWithoutCommitedConfigQuorum] after test
[2020-02-17T12:05:32,077][INFO ][o.e.c.c.CoordinationStateTests] [testStartJoinBeforeBootstrap] before test
[2020-02-17T12:05:32,078][INFO ][o.e.c.c.CoordinationStateTests] [testStartJoinBeforeBootstrap] after test
[2020-02-17T12:05:32,080][INFO ][o.e.c.c.CoordinationStateTests] [testHandlePublishRequestWithSameTermButOlderOrSameVersion] before test
[2020-02-17T12:05:32,081][INFO ][o.e.c.c.CoordinationStateTests] [testHandlePublishRequestWithSameTermButOlderOrSameVersion] after test
[2020-02-17T12:05:32,083][INFO ][o.e.c.c.CoordinationStateTests] [testJoinWithHigherAcceptedTerm] before test
[2020-02-17T12:05:32,085][INFO ][o.e.c.c.CoordinationStateTests] [testJoinWithHigherAcceptedTerm] after test
[2020-02-17T12:05:32,089][INFO ][o.e.c.c.CoordinationStateTests] [testSafety] before test
[2020-02-17T12:05:32,174][INFO ][o.e.c.c.CoordinationStateTests] [testSafety] after test
[2020-02-17T12:05:32,176][INFO ][o.e.c.c.CoordinationStateTests] [testHandlePublishResponseWithoutPublishConfigQuorum] before test
[2020-02-17T12:05:32,177][INFO ][o.e.c.c.CoordinationStateTests] [testHandlePublishResponseWithoutPublishConfigQuorum] after test
[2020-02-17T12:05:32,179][INFO ][o.e.c.c.CoordinationStateTests] [testJoinDoesNotWinElection] before test
[2020-02-17T12:05:32,180][INFO ][o.e.c.c.CoordinationStateTests] [testJoinDoesNotWinElection] after test
[2020-02-17T12:05:32,185][INFO ][o.e.c.c.CoordinationStateTests] [testHandlePublishResponseWhenSteppedDownAsLeader] before test
[2020-02-17T12:05:32,185][INFO ][o.e.c.c.CoordinationStateTests] [testHandlePublishResponseWhenSteppedDownAsLeader] after test
[2020-02-17T12:05:32,194][INFO ][o.e.c.c.CoordinationStateTests] [testVoteCollection] before test
[2020-02-17T12:05:32,195][INFO ][o.e.c.c.CoordinationStateTests] [testVoteCollection] after test
[2020-02-17T12:05:32,198][INFO ][o.e.c.c.CoordinationStateTests] [testHandleCommitWithBadCurrentTerm] before test
[2020-02-17T12:05:32,199][INFO ][o.e.c.c.CoordinationStateTests] [testHandleCommitWithBadCurrentTerm] after test
[2020-02-17T12:05:32,208][INFO ][o.e.c.c.CoordinationStateTests] [testHandleCommit] before test
[2020-02-17T12:05:32,208][INFO ][o.e.c.c.CoordinationState] [testHandleCommit] cluster UUID set to [HFwveQAAQACjMFjM_____w]
[2020-02-17T12:05:32,208][INFO ][o.e.c.c.CoordinationStateTests] [testHandleCommit] after test
[2020-02-17T12:05:32,212][INFO ][o.e.c.c.CoordinationStateTests] [testHandlePublishResponseWithBadTerm] before test
[2020-02-17T12:05:32,213][INFO ][o.e.c.c.CoordinationStateTests] [testHandlePublishResponseWithBadTerm] after test
[2020-02-17T12:05:32,219][INFO ][o.e.c.c.CoordinationStateTests] [testHandleClientValue] before test
[2020-02-17T12:05:32,220][INFO ][o.e.c.c.CoordinationStateTests] [testHandleClientValue] after test
[2020-02-17T12:05:32,227][INFO ][o.e.c.c.CoordinationStateTests] [testJoinWithSameLastAcceptedTermButLowerOrSameVersionWinsElection] before test
[2020-02-17T12:05:32,227][INFO ][o.e.c.c.CoordinationStateTests] [testJoinWithSameLastAcceptedTermButLowerOrSameVersionWinsElection] after test
[2020-02-17T12:05:32,231][INFO ][o.e.c.c.CoordinationStateTests] [testJoinWithLowerLastAcceptedTermWinsElection] before test
[2020-02-17T12:05:32,232][INFO ][o.e.c.c.CoordinationStateTests] [testJoinWithLowerLastAcceptedTermWinsElection] after test
[2020-02-17T12:05:32,235][INFO ][o.e.c.c.CoordinationStateTests] [testStartJoinAfterBootstrap] before test
[2020-02-17T12:05:32,236][INFO ][o.e.c.c.CoordinationStateTests] [testStartJoinAfterBootstrap] after test
[2020-02-17T12:05:32,239][INFO ][o.e.c.c.CoordinationStateTests] [testHandlePublishResponseWithoutCommit] before test
[2020-02-17T12:05:32,239][INFO ][o.e.c.c.CoordinationStateTests] [testHandlePublishResponseWithoutCommit] after test
[2020-02-17T12:05:32,248][INFO ][o.e.c.c.CoordinationStateTests] [testSetInitialStateWhenAlreadySet] before test
[2020-02-17T12:05:32,249][INFO ][o.e.c.c.CoordinationStateTests] [testSetInitialStateWhenAlreadySet] after test
[2020-02-17T12:05:32,257][INFO ][o.e.c.c.CoordinationStateTests] [testHandlePublishRequest] before test
[2020-02-17T12:05:32,257][INFO ][o.e.c.c.CoordinationStateTests] [testHandlePublishRequest] after test
[2020-02-17T12:05:32,259][INFO ][o.e.c.c.CoordinationStateTests] [testHandleClientValueDuringOngoingPublication] before test
[2020-02-17T12:05:32,260][INFO ][o.e.c.c.CoordinationStateTests] [testHandleClientValueDuringOngoingPublication] after test
[2020-02-17T12:05:32,262][INFO ][o.e.c.c.CoordinationStateTests] [testHandleClientValueWithSameReconfigurationWhileAlreadyReconfiguring] before test
[2020-02-17T12:05:32,295][INFO ][o.e.c.c.CoordinationStateTests] [testHandleClientValueWithSameReconfigurationWhileAlreadyReconfiguring] after test
[2020-02-17T12:05:32,297][INFO ][o.e.c.c.CoordinationStateTests] [testHandlePublishRequestWithTermHigherThanLastAcceptedTerm] before test
[2020-02-17T12:05:32,297][INFO ][o.e.c.c.CoordinationStateTests] [testHandlePublishRequestWithTermHigherThanLastAcceptedTerm] after test
[2020-02-17T12:05:32,300][INFO ][o.e.c.c.CoordinationStateTests] [testHandleClientValueWithOldVersion] before test
[2020-02-17T12:05:32,302][INFO ][o.e.c.c.CoordinationStateTests] [testHandleClientValueWithOldVersion] after test
[2020-02-17T12:05:32,305][INFO ][o.e.c.c.CoordinationStateTests] [testJoinDoesNotWinElectionWhenOnlyCommittedConfigQuorum] before test
[2020-02-17T12:05:32,306][INFO ][o.e.c.c.CoordinationStateTests] [testJoinDoesNotWinElectionWhenOnlyCommittedConfigQuorum] after test
[2020-02-17T12:05:32,308][INFO ][o.e.c.c.CoordinationStateTests] [testHandleClientValueWithDifferentReconfigurationWhileAlreadyReconfiguring] before test
[2020-02-17T12:05:32,308][INFO ][o.e.c.c.CoordinationStateTests] [testHandleClientValueWithDifferentReconfigurationWhileAlreadyReconfiguring] after test
[2020-02-17T12:05:32,311][INFO ][o.e.c.c.CoordinationStateTests] [testHandleCommitWithBadLastAcceptedTerm] before test
[2020-02-17T12:05:32,312][INFO ][o.e.c.c.CoordinationStateTests] [testHandleCommitWithBadLastAcceptedTerm] after test
[2020-02-17T12:05:32,314][INFO ][o.e.c.c.CoordinationStateTests] [testJoinWithBadCurrentTerm] before test
[2020-02-17T12:05:32,315][INFO ][o.e.c.c.CoordinationStateTests] [testJoinWithBadCurrentTerm] after test
]]></system-out>
  <system-err><![CDATA[]]></system-err>
</testsuite>
