<?xml version="1.0" encoding="UTF-8"?>
<testsuite name="org.elasticsearch.index.search.SimpleQueryStringQueryParserTests" tests="1" skipped="0" failures="0" errors="0" timestamp="2020-02-16T22:23:22" hostname="Escoto-PC" time="0.004">
  <properties/>
  <testcase name="testEqualsSettings" classname="org.elasticsearch.index.search.SimpleQueryStringQueryParserTests" time="0.004"/>
  <system-out><![CDATA[[2020-02-16T16:23:22,663][INFO ][o.e.i.s.SimpleQueryStringQueryParserTests] [testEqualsSettings] before test
[2020-02-16T16:23:22,664][INFO ][o.e.i.s.SimpleQueryStringQueryParserTests] [testEqualsSettings] after test
]]></system-out>
  <system-err><![CDATA[]]></system-err>
</testsuite>
