<?xml version="1.0" encoding="UTF-8"?>
<testsuite name="org.elasticsearch.cluster.routing.BatchedRerouteServiceTests" tests="3" skipped="0" failures="0" errors="0" timestamp="2020-02-16T22:21:39" hostname="Escoto-PC" time="0.026">
  <properties/>
  <testcase name="testNotifiesOnFailure" classname="org.elasticsearch.cluster.routing.BatchedRerouteServiceTests" time="0.01"/>
  <testcase name="testBatchesReroutesTogetherAtPriorityOfHighestSubmittedReroute" classname="org.elasticsearch.cluster.routing.BatchedRerouteServiceTests" time="0.01"/>
  <testcase name="testReroutesWhenRequested" classname="org.elasticsearch.cluster.routing.BatchedRerouteServiceTests" time="0.006"/>
  <system-out><![CDATA[[2020-02-16T18:21:39,114][INFO ][o.e.c.r.BatchedRerouteServiceTests] [testNotifiesOnFailure] before test
[2020-02-16T18:21:39,122][INFO ][o.e.c.r.BatchedRerouteServiceTests] [testNotifiesOnFailure] after test
[2020-02-16T18:21:39,124][INFO ][o.e.c.r.BatchedRerouteServiceTests] [testBatchesReroutesTogetherAtPriorityOfHighestSubmittedReroute] before test
[2020-02-16T18:21:39,132][INFO ][o.e.c.r.BatchedRerouteServiceTests] [testBatchesReroutesTogetherAtPriorityOfHighestSubmittedReroute] after test
[2020-02-16T18:21:39,134][INFO ][o.e.c.r.BatchedRerouteServiceTests] [testReroutesWhenRequested] before test
[2020-02-16T18:21:39,138][INFO ][o.e.c.r.BatchedRerouteServiceTests] [testReroutesWhenRequested] after test
]]></system-out>
  <system-err><![CDATA[]]></system-err>
</testsuite>
