<?xml version="1.0" encoding="UTF-8"?>
<testsuite name="org.elasticsearch.persistent.PersistentTasksNodeServiceStatusTests" tests="3" skipped="0" failures="0" errors="0" timestamp="2020-02-16T22:24:01" hostname="Escoto-PC" time="0.007">
  <properties/>
  <testcase name="testSerialization" classname="org.elasticsearch.persistent.PersistentTasksNodeServiceStatusTests" time="0.003"/>
  <testcase name="testEqualsAndHashcode" classname="org.elasticsearch.persistent.PersistentTasksNodeServiceStatusTests" time="0.002"/>
  <testcase name="testToString" classname="org.elasticsearch.persistent.PersistentTasksNodeServiceStatusTests" time="0.001"/>
  <system-out><![CDATA[[2020-02-16T23:24:01,692][INFO ][o.e.p.PersistentTasksNodeServiceStatusTests] [testSerialization] before test
[2020-02-16T23:24:01,693][INFO ][o.e.p.PersistentTasksNodeServiceStatusTests] [testSerialization] after test
[2020-02-16T23:24:01,695][INFO ][o.e.p.PersistentTasksNodeServiceStatusTests] [testEqualsAndHashcode] before test
[2020-02-16T23:24:01,695][INFO ][o.e.p.PersistentTasksNodeServiceStatusTests] [testEqualsAndHashcode] after test
[2020-02-16T23:24:01,697][INFO ][o.e.p.PersistentTasksNodeServiceStatusTests] [testToString] before test
[2020-02-16T23:24:01,697][INFO ][o.e.p.PersistentTasksNodeServiceStatusTests] [testToString] after test
]]></system-out>
  <system-err><![CDATA[]]></system-err>
</testsuite>
