<?xml version="1.0" encoding="UTF-8"?>
<testsuite name="org.elasticsearch.common.xcontent.support.filtering.YamlFilteringGeneratorTests" tests="36" skipped="0" failures="0" errors="0" timestamp="2020-02-16T22:20:56" hostname="Escoto-PC" time="0.199">
  <properties/>
  <testcase name="testEmptyObject" classname="org.elasticsearch.common.xcontent.support.filtering.YamlFilteringGeneratorTests" time="0.005"/>
  <testcase name="testSimpleArrayOfObjectsPropertyInclusive" classname="org.elasticsearch.common.xcontent.support.filtering.YamlFilteringGeneratorTests" time="0.003"/>
  <testcase name="testRecurseField1Inclusive" classname="org.elasticsearch.common.xcontent.support.filtering.YamlFilteringGeneratorTests" time="0.003"/>
  <testcase name="testSingleFieldWithBothExcludesIncludes" classname="org.elasticsearch.common.xcontent.support.filtering.YamlFilteringGeneratorTests" time="0.003"/>
  <testcase name="testRecurseField2Inclusive" classname="org.elasticsearch.common.xcontent.support.filtering.YamlFilteringGeneratorTests" time="0.006"/>
  <testcase name="testNoFiltering" classname="org.elasticsearch.common.xcontent.support.filtering.YamlFilteringGeneratorTests" time="0.043"/>
  <testcase name="testSimpleFieldWithWildcardInclusive" classname="org.elasticsearch.common.xcontent.support.filtering.YamlFilteringGeneratorTests" time="0.002"/>
  <testcase name="testRecurseField4Exclusive" classname="org.elasticsearch.common.xcontent.support.filtering.YamlFilteringGeneratorTests" time="0.002"/>
  <testcase name="testArrays" classname="org.elasticsearch.common.xcontent.support.filtering.YamlFilteringGeneratorTests" time="0.002"/>
  <testcase name="testRecurseField2Exclusive" classname="org.elasticsearch.common.xcontent.support.filtering.YamlFilteringGeneratorTests" time="0.004"/>
  <testcase name="testMultipleFieldsInclusive" classname="org.elasticsearch.common.xcontent.support.filtering.YamlFilteringGeneratorTests" time="0.003"/>
  <testcase name="testWithLfAtEnd" classname="org.elasticsearch.common.xcontent.support.filtering.YamlFilteringGeneratorTests" time="0.004"/>
  <testcase name="testSimpleFieldInclusive" classname="org.elasticsearch.common.xcontent.support.filtering.YamlFilteringGeneratorTests" time="0.002"/>
  <testcase name="testObjectsInArrayWithBothExcludesIncludes" classname="org.elasticsearch.common.xcontent.support.filtering.YamlFilteringGeneratorTests" time="0.003"/>
  <testcase name="testSimpleFieldWithWildcardExclusive" classname="org.elasticsearch.common.xcontent.support.filtering.YamlFilteringGeneratorTests" time="0.002"/>
  <testcase name="testRecurseField1Exclusive" classname="org.elasticsearch.common.xcontent.support.filtering.YamlFilteringGeneratorTests" time="0.004"/>
  <testcase name="testNoMatch" classname="org.elasticsearch.common.xcontent.support.filtering.YamlFilteringGeneratorTests" time="0.009"/>
  <testcase name="testSimpleArrayOfObjectsPropertyExclusive" classname="org.elasticsearch.common.xcontent.support.filtering.YamlFilteringGeneratorTests" time="0.004"/>
  <testcase name="testSimpleArrayExclusive" classname="org.elasticsearch.common.xcontent.support.filtering.YamlFilteringGeneratorTests" time="0.002"/>
  <testcase name="testRecurseField4Inclusive" classname="org.elasticsearch.common.xcontent.support.filtering.YamlFilteringGeneratorTests" time="0.003"/>
  <testcase name="testMultipleFieldsExclusive" classname="org.elasticsearch.common.xcontent.support.filtering.YamlFilteringGeneratorTests" time="0.003"/>
  <testcase name="testRecurseField3Inclusive" classname="org.elasticsearch.common.xcontent.support.filtering.YamlFilteringGeneratorTests" time="0.003"/>
  <testcase name="testRecursiveObjectsInArrayWithBothExcludesIncludes" classname="org.elasticsearch.common.xcontent.support.filtering.YamlFilteringGeneratorTests" time="0.006"/>
  <testcase name="testSimpleArrayOfObjectsExclusive" classname="org.elasticsearch.common.xcontent.support.filtering.YamlFilteringGeneratorTests" time="0.006"/>
  <testcase name="testSingleFieldObject" classname="org.elasticsearch.common.xcontent.support.filtering.YamlFilteringGeneratorTests" time="0.004"/>
  <testcase name="testRecurseField3Exclusive" classname="org.elasticsearch.common.xcontent.support.filtering.YamlFilteringGeneratorTests" time="0.003"/>
  <testcase name="testRecursiveObjectsPropertiesWithBothExcludesIncludes" classname="org.elasticsearch.common.xcontent.support.filtering.YamlFilteringGeneratorTests" time="0.002"/>
  <testcase name="testSimpleFieldExclusive" classname="org.elasticsearch.common.xcontent.support.filtering.YamlFilteringGeneratorTests" time="0.003"/>
  <testcase name="testBasics" classname="org.elasticsearch.common.xcontent.support.filtering.YamlFilteringGeneratorTests" time="0.003"/>
  <testcase name="testFilterPrefix" classname="org.elasticsearch.common.xcontent.support.filtering.YamlFilteringGeneratorTests" time="0.004"/>
  <testcase name="testRecursiveSameObjectWithBothExcludesIncludes" classname="org.elasticsearch.common.xcontent.support.filtering.YamlFilteringGeneratorTests" time="0.002"/>
  <testcase name="testSimpleArrayInclusive" classname="org.elasticsearch.common.xcontent.support.filtering.YamlFilteringGeneratorTests" time="0.003"/>
  <testcase name="testSimpleArrayOfObjectsInclusive" classname="org.elasticsearch.common.xcontent.support.filtering.YamlFilteringGeneratorTests" time="0.002"/>
  <testcase name="testFilterSharedPrefixes" classname="org.elasticsearch.common.xcontent.support.filtering.YamlFilteringGeneratorTests" time="0.002"/>
  <testcase name="testRawField" classname="org.elasticsearch.common.xcontent.support.filtering.YamlFilteringGeneratorTests" time="0.036"/>
  <testcase name="testFilterSupplementaryCharactersInPaths" classname="org.elasticsearch.common.xcontent.support.filtering.YamlFilteringGeneratorTests" time="0.005"/>
  <system-out><![CDATA[[2020-02-16T23:20:56,311][INFO ][o.e.c.x.s.f.YamlFilteringGeneratorTests] [testEmptyObject] before test
[2020-02-16T23:20:56,313][INFO ][o.e.c.x.s.f.YamlFilteringGeneratorTests] [testEmptyObject] after test
[2020-02-16T23:20:56,315][INFO ][o.e.c.x.s.f.YamlFilteringGeneratorTests] [testSimpleArrayOfObjectsPropertyInclusive] before test
[2020-02-16T23:20:56,316][INFO ][o.e.c.x.s.f.YamlFilteringGeneratorTests] [testSimpleArrayOfObjectsPropertyInclusive] after test
[2020-02-16T23:20:56,318][INFO ][o.e.c.x.s.f.YamlFilteringGeneratorTests] [testRecurseField1Inclusive] before test
[2020-02-16T23:20:56,319][INFO ][o.e.c.x.s.f.YamlFilteringGeneratorTests] [testRecurseField1Inclusive] after test
[2020-02-16T23:20:56,321][INFO ][o.e.c.x.s.f.YamlFilteringGeneratorTests] [testSingleFieldWithBothExcludesIncludes] before test
[2020-02-16T23:20:56,322][INFO ][o.e.c.x.s.f.YamlFilteringGeneratorTests] [testSingleFieldWithBothExcludesIncludes] after test
[2020-02-16T23:20:56,328][INFO ][o.e.c.x.s.f.YamlFilteringGeneratorTests] [testRecurseField2Inclusive] before test
[2020-02-16T23:20:56,328][INFO ][o.e.c.x.s.f.YamlFilteringGeneratorTests] [testRecurseField2Inclusive] after test
[2020-02-16T23:20:56,370][INFO ][o.e.c.x.s.f.YamlFilteringGeneratorTests] [testNoFiltering] before test
[2020-02-16T23:20:56,372][INFO ][o.e.c.x.s.f.YamlFilteringGeneratorTests] [testNoFiltering] after test
[2020-02-16T23:20:56,374][INFO ][o.e.c.x.s.f.YamlFilteringGeneratorTests] [testSimpleFieldWithWildcardInclusive] before test
[2020-02-16T23:20:56,374][INFO ][o.e.c.x.s.f.YamlFilteringGeneratorTests] [testSimpleFieldWithWildcardInclusive] after test
[2020-02-16T23:20:56,376][INFO ][o.e.c.x.s.f.YamlFilteringGeneratorTests] [testRecurseField4Exclusive] before test
[2020-02-16T23:20:56,377][INFO ][o.e.c.x.s.f.YamlFilteringGeneratorTests] [testRecurseField4Exclusive] after test
[2020-02-16T23:20:56,378][INFO ][o.e.c.x.s.f.YamlFilteringGeneratorTests] [testArrays] before test
[2020-02-16T23:20:56,379][INFO ][o.e.c.x.s.f.YamlFilteringGeneratorTests] [testArrays] after test
[2020-02-16T23:20:56,383][INFO ][o.e.c.x.s.f.YamlFilteringGeneratorTests] [testRecurseField2Exclusive] before test
[2020-02-16T23:20:56,383][INFO ][o.e.c.x.s.f.YamlFilteringGeneratorTests] [testRecurseField2Exclusive] after test
[2020-02-16T23:20:56,385][INFO ][o.e.c.x.s.f.YamlFilteringGeneratorTests] [testMultipleFieldsInclusive] before test
[2020-02-16T23:20:56,386][INFO ][o.e.c.x.s.f.YamlFilteringGeneratorTests] [testMultipleFieldsInclusive] after test
[2020-02-16T23:20:56,389][INFO ][o.e.c.x.s.f.YamlFilteringGeneratorTests] [testWithLfAtEnd] before test
[2020-02-16T23:20:56,390][INFO ][o.e.c.x.s.f.YamlFilteringGeneratorTests] [testWithLfAtEnd] after test
[2020-02-16T23:20:56,391][INFO ][o.e.c.x.s.f.YamlFilteringGeneratorTests] [testSimpleFieldInclusive] before test
[2020-02-16T23:20:56,392][INFO ][o.e.c.x.s.f.YamlFilteringGeneratorTests] [testSimpleFieldInclusive] after test
[2020-02-16T23:20:56,395][INFO ][o.e.c.x.s.f.YamlFilteringGeneratorTests] [testObjectsInArrayWithBothExcludesIncludes] before test
[2020-02-16T23:20:56,395][INFO ][o.e.c.x.s.f.YamlFilteringGeneratorTests] [testObjectsInArrayWithBothExcludesIncludes] after test
[2020-02-16T23:20:56,396][INFO ][o.e.c.x.s.f.YamlFilteringGeneratorTests] [testSimpleFieldWithWildcardExclusive] before test
[2020-02-16T23:20:56,397][INFO ][o.e.c.x.s.f.YamlFilteringGeneratorTests] [testSimpleFieldWithWildcardExclusive] after test
[2020-02-16T23:20:56,400][INFO ][o.e.c.x.s.f.YamlFilteringGeneratorTests] [testRecurseField1Exclusive] before test
[2020-02-16T23:20:56,401][INFO ][o.e.c.x.s.f.YamlFilteringGeneratorTests] [testRecurseField1Exclusive] after test
[2020-02-16T23:20:56,409][INFO ][o.e.c.x.s.f.YamlFilteringGeneratorTests] [testNoMatch] before test
[2020-02-16T23:20:56,410][INFO ][o.e.c.x.s.f.YamlFilteringGeneratorTests] [testNoMatch] after test
[2020-02-16T23:20:56,412][INFO ][o.e.c.x.s.f.YamlFilteringGeneratorTests] [testSimpleArrayOfObjectsPropertyExclusive] before test
[2020-02-16T23:20:56,414][INFO ][o.e.c.x.s.f.YamlFilteringGeneratorTests] [testSimpleArrayOfObjectsPropertyExclusive] after test
[2020-02-16T23:20:56,415][INFO ][o.e.c.x.s.f.YamlFilteringGeneratorTests] [testSimpleArrayExclusive] before test
[2020-02-16T23:20:56,416][INFO ][o.e.c.x.s.f.YamlFilteringGeneratorTests] [testSimpleArrayExclusive] after test
[2020-02-16T23:20:56,418][INFO ][o.e.c.x.s.f.YamlFilteringGeneratorTests] [testRecurseField4Inclusive] before test
[2020-02-16T23:20:56,419][INFO ][o.e.c.x.s.f.YamlFilteringGeneratorTests] [testRecurseField4Inclusive] after test
[2020-02-16T23:20:56,422][INFO ][o.e.c.x.s.f.YamlFilteringGeneratorTests] [testMultipleFieldsExclusive] before test
[2020-02-16T23:20:56,423][INFO ][o.e.c.x.s.f.YamlFilteringGeneratorTests] [testMultipleFieldsExclusive] after test
[2020-02-16T23:20:56,425][INFO ][o.e.c.x.s.f.YamlFilteringGeneratorTests] [testRecurseField3Inclusive] before test
[2020-02-16T23:20:56,426][INFO ][o.e.c.x.s.f.YamlFilteringGeneratorTests] [testRecurseField3Inclusive] after test
[2020-02-16T23:20:56,428][INFO ][o.e.c.x.s.f.YamlFilteringGeneratorTests] [testRecursiveObjectsInArrayWithBothExcludesIncludes] before test
[2020-02-16T23:20:56,432][INFO ][o.e.c.x.s.f.YamlFilteringGeneratorTests] [testRecursiveObjectsInArrayWithBothExcludesIncludes] after test
[2020-02-16T23:20:56,436][INFO ][o.e.c.x.s.f.YamlFilteringGeneratorTests] [testSimpleArrayOfObjectsExclusive] before test
[2020-02-16T23:20:56,438][INFO ][o.e.c.x.s.f.YamlFilteringGeneratorTests] [testSimpleArrayOfObjectsExclusive] after test
[2020-02-16T23:20:56,441][INFO ][o.e.c.x.s.f.YamlFilteringGeneratorTests] [testSingleFieldObject] before test
[2020-02-16T23:20:56,442][INFO ][o.e.c.x.s.f.YamlFilteringGeneratorTests] [testSingleFieldObject] after test
[2020-02-16T23:20:56,444][INFO ][o.e.c.x.s.f.YamlFilteringGeneratorTests] [testRecurseField3Exclusive] before test
[2020-02-16T23:20:56,444][INFO ][o.e.c.x.s.f.YamlFilteringGeneratorTests] [testRecurseField3Exclusive] after test
[2020-02-16T23:20:56,447][INFO ][o.e.c.x.s.f.YamlFilteringGeneratorTests] [testRecursiveObjectsPropertiesWithBothExcludesIncludes] before test
[2020-02-16T23:20:56,447][INFO ][o.e.c.x.s.f.YamlFilteringGeneratorTests] [testRecursiveObjectsPropertiesWithBothExcludesIncludes] after test
[2020-02-16T23:20:56,449][INFO ][o.e.c.x.s.f.YamlFilteringGeneratorTests] [testSimpleFieldExclusive] before test
[2020-02-16T23:20:56,450][INFO ][o.e.c.x.s.f.YamlFilteringGeneratorTests] [testSimpleFieldExclusive] after test
[2020-02-16T23:20:56,451][INFO ][o.e.c.x.s.f.YamlFilteringGeneratorTests] [testBasics] before test
[2020-02-16T23:20:56,452][INFO ][o.e.c.x.s.f.YamlFilteringGeneratorTests] [testBasics] after test
[2020-02-16T23:20:56,457][INFO ][o.e.c.x.s.f.YamlFilteringGeneratorTests] [testFilterPrefix] before test
[2020-02-16T23:20:56,457][INFO ][o.e.c.x.s.f.YamlFilteringGeneratorTests] [testFilterPrefix] after test
[2020-02-16T23:20:56,459][INFO ][o.e.c.x.s.f.YamlFilteringGeneratorTests] [testRecursiveSameObjectWithBothExcludesIncludes] before test
[2020-02-16T23:20:56,459][INFO ][o.e.c.x.s.f.YamlFilteringGeneratorTests] [testRecursiveSameObjectWithBothExcludesIncludes] after test
[2020-02-16T23:20:56,461][INFO ][o.e.c.x.s.f.YamlFilteringGeneratorTests] [testSimpleArrayInclusive] before test
[2020-02-16T23:20:56,461][INFO ][o.e.c.x.s.f.YamlFilteringGeneratorTests] [testSimpleArrayInclusive] after test
[2020-02-16T23:20:56,463][INFO ][o.e.c.x.s.f.YamlFilteringGeneratorTests] [testSimpleArrayOfObjectsInclusive] before test
[2020-02-16T23:20:56,464][INFO ][o.e.c.x.s.f.YamlFilteringGeneratorTests] [testSimpleArrayOfObjectsInclusive] after test
[2020-02-16T23:20:56,465][INFO ][o.e.c.x.s.f.YamlFilteringGeneratorTests] [testFilterSharedPrefixes] before test
[2020-02-16T23:20:56,466][INFO ][o.e.c.x.s.f.YamlFilteringGeneratorTests] [testFilterSharedPrefixes] after test
[2020-02-16T23:20:56,501][INFO ][o.e.c.x.s.f.YamlFilteringGeneratorTests] [testRawField] before test
[2020-02-16T23:20:56,502][INFO ][o.e.c.x.s.f.YamlFilteringGeneratorTests] [testRawField] after test
[2020-02-16T23:20:56,506][INFO ][o.e.c.x.s.f.YamlFilteringGeneratorTests] [testFilterSupplementaryCharactersInPaths] before test
[2020-02-16T23:20:56,507][INFO ][o.e.c.x.s.f.YamlFilteringGeneratorTests] [testFilterSupplementaryCharactersInPaths] after test
]]></system-out>
  <system-err><![CDATA[]]></system-err>
</testsuite>
