<?xml version="1.0" encoding="UTF-8"?>
<testsuite name="org.apache.lucene.analysis.miscellaneous.TruncateTokenFilterTests" tests="1" skipped="0" failures="0" errors="0" timestamp="2020-02-16T22:19:49" hostname="Escoto-PC" time="0.444">
  <properties/>
  <testcase name="testSimple" classname="org.apache.lucene.analysis.miscellaneous.TruncateTokenFilterTests" time="0.444"/>
  <system-out><![CDATA[[2020-02-17T12:04:49,862][INFO ][o.a.l.a.m.TruncateTokenFilterTests] [testSimple] before test
[2020-02-17T12:04:50,269][INFO ][o.a.l.a.m.TruncateTokenFilterTests] [testSimple] after test
]]></system-out>
  <system-err><![CDATA[]]></system-err>
</testsuite>
