<?xml version="1.0" encoding="UTF-8"?>
<testsuite name="org.elasticsearch.rest.action.search.RestExplainActionTests" tests="1" skipped="0" failures="0" errors="0" timestamp="2020-02-16T22:25:18" hostname="Escoto-PC" time="0.005">
  <properties/>
  <testcase name="testTypeInPath" classname="org.elasticsearch.rest.action.search.RestExplainActionTests" time="0.005"/>
  <system-out><![CDATA[[2020-02-16T15:25:18,101][INFO ][o.e.r.a.s.RestExplainActionTests] [testTypeInPath] before test
[2020-02-16T15:25:18,103][WARN ][o.e.d.r.a.s.RestExplainAction] [testTypeInPath] [types removal] Specifying a type in explain requests is deprecated.
[2020-02-16T15:25:18,104][INFO ][o.e.r.a.s.RestExplainActionTests] [testTypeInPath] after test
]]></system-out>
  <system-err><![CDATA[]]></system-err>
</testsuite>
