<?xml version="1.0" encoding="UTF-8"?>
<testsuite name="org.elasticsearch.action.admin.indices.create.CreateIndexRequestBuilderTests" tests="2" skipped="0" failures="0" errors="0" timestamp="2020-02-16T22:20:25" hostname="Escoto-PC" time="0.047">
  <properties/>
  <testcase name="testSetSettings" classname="org.elasticsearch.action.admin.indices.create.CreateIndexRequestBuilderTests" time="0.043"/>
  <testcase name="testSetSource" classname="org.elasticsearch.action.admin.indices.create.CreateIndexRequestBuilderTests" time="0.004"/>
  <system-out><![CDATA[[2020-02-16T23:20:25,238][INFO ][o.e.a.a.i.c.CreateIndexRequestBuilderTests] [testSetSettings] before test
[2020-02-16T23:20:25,276][INFO ][o.e.a.a.i.c.CreateIndexRequestBuilderTests] [testSetSettings] after test
[2020-02-16T23:20:25,278][INFO ][o.e.a.a.i.c.CreateIndexRequestBuilderTests] [testSetSource] before test
[2020-02-16T23:20:25,281][INFO ][o.e.a.a.i.c.CreateIndexRequestBuilderTests] [testSetSource] after test
]]></system-out>
  <system-err><![CDATA[]]></system-err>
</testsuite>
