<?xml version="1.0" encoding="UTF-8"?>
<testsuite name="org.elasticsearch.index.reindex.BulkByScrollResponseTests" tests="2" skipped="0" failures="0" errors="0" timestamp="2020-02-16T22:23:41" hostname="Escoto-PC" time="0.07">
  <properties/>
  <testcase name="testFromXContent" classname="org.elasticsearch.index.reindex.BulkByScrollResponseTests" time="0.06"/>
  <testcase name="testRountTrip" classname="org.elasticsearch.index.reindex.BulkByScrollResponseTests" time="0.009"/>
  <system-out><![CDATA[[2020-02-16T19:23:41,847][INFO ][o.e.i.r.BulkByScrollResponseTests] [testFromXContent] before test
[2020-02-16T19:23:41,905][INFO ][o.e.i.r.BulkByScrollResponseTests] [testFromXContent] after test
[2020-02-16T19:23:41,913][INFO ][o.e.i.r.BulkByScrollResponseTests] [testRountTrip] before test
[2020-02-16T19:23:41,914][INFO ][o.e.i.r.BulkByScrollResponseTests] [testRountTrip] after test
]]></system-out>
  <system-err><![CDATA[]]></system-err>
</testsuite>
