<?xml version="1.0" encoding="UTF-8"?>
<testsuite name="org.elasticsearch.action.admin.cluster.state.ClusterStateApiTests" tests="1" skipped="0" failures="0" errors="0" timestamp="2020-02-16T22:20:03" hostname="Escoto-PC" time="1.895">
  <properties/>
  <testcase name="testWaitForMetaDataVersion" classname="org.elasticsearch.action.admin.cluster.state.ClusterStateApiTests" time="1.895"/>
  <system-out><![CDATA[[2020-02-16T22:20:03,054][INFO ][o.e.e.NodeEnvironment    ] [testWaitForMetaDataVersion] using [1] data paths, mounts [[Old HDD (E:)]], net usable_space [89.5gb], net total_space [232.8gb], types [NTFS]
[2020-02-16T22:20:03,056][INFO ][o.e.e.NodeEnvironment    ] [testWaitForMetaDataVersion] heap size [512mb], compressed ordinary object pointers [true]
[2020-02-16T22:20:03,059][INFO ][o.e.n.Node               ] [testWaitForMetaDataVersion] node name [node_s_0], node ID [rsaBDrISRm2LbUF1G1eIQQ], cluster name [single-node-cluster-TEST_WORKER_VM=[13]-CLUSTER_SEED=[66418280215134013]-HASH=[11D4230FAD3]]
[2020-02-16T22:20:03,059][INFO ][o.e.n.Node               ] [testWaitForMetaDataVersion] version[7.5.1], pid[5104], build[unknown/unknown/unknown/unknown], OS[Windows 7/6.1/amd64], JVM[Oracle Corporation/OpenJDK 64-Bit Server VM/12.0.2/12.0.2+10]
[2020-02-16T22:20:03,059][INFO ][o.e.n.Node               ] [testWaitForMetaDataVersion] JVM home [C:\Program Files\Java\jdk-12.0.2]
[2020-02-16T22:20:03,059][INFO ][o.e.n.Node               ] [testWaitForMetaDataVersion] JVM arguments [-Dcompiler.java=12, -Des.scripting.update.ctx_in_params=false, -Des.transport.cname_in_publish_address=true, -Dgradle.dist.lib=C:\Users\Escoto\.gradle\wrapper\dists\gradle-5.6.2-bin\3clyn6icets6f02ptgd5hlmou\gradle-5.6.2\lib, -Dgradle.user.home=C:\Users\Escoto\.gradle, -Dgradle.worker.jar=C:\Users\Escoto\.gradle/caches/5.6.2/workerMain/gradle-worker.jar, -Dio.netty.noKeySetOptimization=true, -Dio.netty.noUnsafe=true, -Dio.netty.recycler.maxCapacityPerThread=0, -Djava.awt.headless=true, -Djna.nosys=true, -Dorg.gradle.native=false, -Druntime.java=12, -Dtests.artifact=server, -Dtests.gradle=true, -Dtests.logger.level=WARN, -Dtests.security.manager=true, -Dtests.seed=9EA1F2A3814E5F76, -Dtests.task=:server:test, -Dtests.timeoutSuite=1800000!, -esa, --illegal-access=warn, -XX:+HeapDumpOnOutOfMemoryError, -XX:HeapDumpPath=E:\NotD\git\elasticsearch\server\build\heapdump, -Xms512m, -Xmx512m, -Dfile.encoding=windows-1252, -Djava.io.tmpdir=./temp, -Duser.country=US, -Duser.language=en, -Duser.variant, -ea]
[2020-02-16T22:20:03,063][INFO ][o.e.p.PluginsService     ] [testWaitForMetaDataVersion] no modules loaded
[2020-02-16T22:20:03,064][INFO ][o.e.p.PluginsService     ] [testWaitForMetaDataVersion] loaded plugin [org.elasticsearch.test.MockHttpTransport$TestPlugin]
[2020-02-16T22:20:03,064][INFO ][o.e.p.PluginsService     ] [testWaitForMetaDataVersion] loaded plugin [org.elasticsearch.transport.nio.MockNioTransportPlugin]
[2020-02-16T22:20:03,459][INFO ][o.e.d.DiscoveryModule    ] [testWaitForMetaDataVersion] using discovery type [zen] and seed hosts providers [settings]
[2020-02-16T22:20:03,714][INFO ][o.e.n.Node               ] [testWaitForMetaDataVersion] initialized
[2020-02-16T22:20:03,715][INFO ][o.e.n.Node               ] [testWaitForMetaDataVersion] starting ...
[2020-02-16T22:20:04,029][INFO ][o.e.t.TransportService   ] [testWaitForMetaDataVersion] publish_address {127.0.0.1:11600}, bound_addresses {127.0.0.1:11600}, {[::1]:11600}
[2020-02-16T22:20:04,059][INFO ][o.e.c.c.Coordinator      ] [testWaitForMetaDataVersion] setting initial configuration to VotingConfiguration{rsaBDrISRm2LbUF1G1eIQQ}
[2020-02-16T22:20:04,165][INFO ][o.e.c.s.MasterService    ] [node_s_0] elected-as-master ([1] nodes joined)[{node_s_0}{rsaBDrISRm2LbUF1G1eIQQ}{fC700eZeTiGV2ohINsEY3A}{127.0.0.1}{127.0.0.1:11600}{dim} elect leader, _BECOME_MASTER_TASK_, _FINISH_ELECTION_], term: 1, version: 1, delta: master node changed {previous [], current [{node_s_0}{rsaBDrISRm2LbUF1G1eIQQ}{fC700eZeTiGV2ohINsEY3A}{127.0.0.1}{127.0.0.1:11600}{dim}]}
[2020-02-16T22:20:04,188][INFO ][o.e.c.c.CoordinationState] [node_s_0] cluster UUID set to [3jOkk-IMTh-_iQtHD1IDbg]
[2020-02-16T22:20:04,198][INFO ][o.e.c.s.ClusterApplierService] [node_s_0] master node changed {previous [], current [{node_s_0}{rsaBDrISRm2LbUF1G1eIQQ}{fC700eZeTiGV2ohINsEY3A}{127.0.0.1}{127.0.0.1:11600}{dim}]}, term: 1, version: 1, reason: Publication{term=1, version=1}
[2020-02-16T22:20:04,204][INFO ][o.e.n.Node               ] [testWaitForMetaDataVersion] started
[2020-02-16T22:20:04,218][INFO ][o.e.g.GatewayService     ] [node_s_0] recovered [0] indices into cluster_state
[2020-02-16T22:20:04,333][INFO ][o.e.c.m.MetaDataIndexTemplateService] [node_s_0] adding template [one_shard_index_template] for index patterns [*]
[2020-02-16T22:20:04,354][INFO ][o.e.c.m.MetaDataIndexTemplateService] [node_s_0] adding template [random-soft-deletes-template] for index patterns [*]
[2020-02-16T22:20:04,365][INFO ][o.e.a.a.c.s.ClusterStateApiTests] [testWaitForMetaDataVersion] before test
[2020-02-16T22:20:04,908][INFO ][o.e.a.a.c.s.ClusterStateApiTests] [testWaitForMetaDataVersion] after test
[2020-02-16T22:20:04,911][INFO ][o.e.n.Node               ] [suite] stopping ...
[2020-02-16T22:20:04,914][INFO ][o.e.n.Node               ] [suite] stopped
[2020-02-16T22:20:04,915][INFO ][o.e.n.Node               ] [suite] closing ...
[2020-02-16T22:20:04,919][INFO ][o.e.n.Node               ] [suite] closed
]]></system-out>
  <system-err><![CDATA[]]></system-err>
</testsuite>
