<?xml version="1.0" encoding="UTF-8"?>
<testsuite name="org.elasticsearch.common.util.concurrent.ReleasableLockTests" tests="1" skipped="0" failures="0" errors="0" timestamp="2020-02-16T22:20:51" hostname="Escoto-PC" time="0.003">
  <properties/>
  <testcase name="testIsHeldByCurrentThread" classname="org.elasticsearch.common.util.concurrent.ReleasableLockTests" time="0.003"/>
  <system-out><![CDATA[[2020-02-17T01:20:51,765][INFO ][o.e.c.u.c.ReleasableLockTests] [testIsHeldByCurrentThread] before test
[2020-02-17T01:20:51,766][INFO ][o.e.c.u.c.ReleasableLockTests] [testIsHeldByCurrentThread] after test
]]></system-out>
  <system-err><![CDATA[]]></system-err>
</testsuite>
