<?xml version="1.0" encoding="UTF-8"?>
<testsuite name="org.apache.lucene.queries.SpanMatchNoDocsQueryTests" tests="3" skipped="0" failures="0" errors="0" timestamp="2020-02-16T22:19:58" hostname="Escoto-PC" time="0.137">
  <properties/>
  <testcase name="testQuery" classname="org.apache.lucene.queries.SpanMatchNoDocsQueryTests" time="0.119"/>
  <testcase name="testEquals" classname="org.apache.lucene.queries.SpanMatchNoDocsQueryTests" time="0.005"/>
  <testcase name="testSimple" classname="org.apache.lucene.queries.SpanMatchNoDocsQueryTests" time="0.013"/>
  <system-out><![CDATA[[2020-02-17T06:19:58,522][INFO ][o.a.l.q.SpanMatchNoDocsQueryTests] [testQuery] before test
[2020-02-17T06:19:58,560][INFO ][o.a.l.q.SpanMatchNoDocsQueryTests] [testQuery] after test
[2020-02-17T06:19:58,565][INFO ][o.a.l.q.SpanMatchNoDocsQueryTests] [testEquals] before test
[2020-02-17T06:19:58,565][INFO ][o.a.l.q.SpanMatchNoDocsQueryTests] [testEquals] after test
[2020-02-17T06:19:58,578][INFO ][o.a.l.q.SpanMatchNoDocsQueryTests] [testSimple] before test
[2020-02-17T06:19:58,578][INFO ][o.a.l.q.SpanMatchNoDocsQueryTests] [testSimple] after test
]]></system-out>
  <system-err><![CDATA[]]></system-err>
</testsuite>
