<?xml version="1.0" encoding="UTF-8"?>
<testsuite name="org.elasticsearch.action.admin.cluster.shards.ClusterSearchShardsResponseTests" tests="1" skipped="0" failures="0" errors="0" timestamp="2020-02-16T22:20:02" hostname="Escoto-PC" time="0.315">
  <properties/>
  <testcase name="testSerialization" classname="org.elasticsearch.action.admin.cluster.shards.ClusterSearchShardsResponseTests" time="0.315"/>
  <system-out><![CDATA[[2020-02-17T10:20:02,264][INFO ][o.e.a.a.c.s.ClusterSearchShardsResponseTests] [testSerialization] before test
[2020-02-17T10:20:02,577][INFO ][o.e.a.a.c.s.ClusterSearchShardsResponseTests] [testSerialization] after test
]]></system-out>
  <system-err><![CDATA[]]></system-err>
</testsuite>
