<?xml version="1.0" encoding="UTF-8"?>
<testsuite name="org.elasticsearch.search.aggregations.AggregationCollectorTests" tests="1" skipped="0" failures="0" errors="0" timestamp="2020-02-16T22:24:06" hostname="Escoto-PC" time="1.211">
  <properties/>
  <testcase name="testNeedsScores" classname="org.elasticsearch.search.aggregations.AggregationCollectorTests" time="1.211"/>
  <system-out><![CDATA[[2020-02-17T09:24:06,131][INFO ][o.e.e.NodeEnvironment    ] [testNeedsScores] using [1] data paths, mounts [[Old HDD (E:)]], net usable_space [89.5gb], net total_space [232.8gb], types [NTFS]
[2020-02-17T09:24:06,132][INFO ][o.e.e.NodeEnvironment    ] [testNeedsScores] heap size [512mb], compressed ordinary object pointers [true]
[2020-02-17T09:24:06,135][INFO ][o.e.n.Node               ] [testNeedsScores] node name [node_s_0], node ID [LRiISEOdSQ-vubQP506BFA], cluster name [single-node-cluster-TEST_WORKER_VM=[13]-CLUSTER_SEED=[4178171061129037442]-HASH=[155DB9A22A5]]
[2020-02-17T09:24:06,135][INFO ][o.e.n.Node               ] [testNeedsScores] version[7.5.1], pid[5104], build[unknown/unknown/unknown/unknown], OS[Windows 7/6.1/amd64], JVM[Oracle Corporation/OpenJDK 64-Bit Server VM/12.0.2/12.0.2+10]
[2020-02-17T09:24:06,135][INFO ][o.e.n.Node               ] [testNeedsScores] JVM home [C:\Program Files\Java\jdk-12.0.2]
[2020-02-17T09:24:06,135][INFO ][o.e.n.Node               ] [testNeedsScores] JVM arguments [-Dcompiler.java=12, -Des.scripting.update.ctx_in_params=false, -Des.transport.cname_in_publish_address=true, -Dgradle.dist.lib=C:\Users\Escoto\.gradle\wrapper\dists\gradle-5.6.2-bin\3clyn6icets6f02ptgd5hlmou\gradle-5.6.2\lib, -Dgradle.user.home=C:\Users\Escoto\.gradle, -Dgradle.worker.jar=C:\Users\Escoto\.gradle/caches/5.6.2/workerMain/gradle-worker.jar, -Dio.netty.noKeySetOptimization=true, -Dio.netty.noUnsafe=true, -Dio.netty.recycler.maxCapacityPerThread=0, -Djava.awt.headless=true, -Djna.nosys=true, -Dorg.gradle.native=false, -Druntime.java=12, -Dtests.artifact=server, -Dtests.gradle=true, -Dtests.logger.level=WARN, -Dtests.security.manager=true, -Dtests.seed=9EA1F2A3814E5F76, -Dtests.task=:server:test, -Dtests.timeoutSuite=1800000!, -esa, --illegal-access=warn, -XX:+HeapDumpOnOutOfMemoryError, -XX:HeapDumpPath=E:\NotD\git\elasticsearch\server\build\heapdump, -Xms512m, -Xmx512m, -Dfile.encoding=windows-1252, -Djava.io.tmpdir=./temp, -Duser.country=US, -Duser.language=en, -Duser.variant, -ea]
[2020-02-17T09:24:06,136][INFO ][o.e.p.PluginsService     ] [testNeedsScores] no modules loaded
[2020-02-17T09:24:06,136][INFO ][o.e.p.PluginsService     ] [testNeedsScores] loaded plugin [org.elasticsearch.test.MockHttpTransport$TestPlugin]
[2020-02-17T09:24:06,136][INFO ][o.e.p.PluginsService     ] [testNeedsScores] loaded plugin [org.elasticsearch.transport.nio.MockNioTransportPlugin]
[2020-02-17T09:24:06,364][INFO ][o.e.d.DiscoveryModule    ] [testNeedsScores] using discovery type [zen] and seed hosts providers [settings]
[2020-02-17T09:24:06,373][INFO ][o.e.n.Node               ] [testNeedsScores] initialized
[2020-02-17T09:24:06,373][INFO ][o.e.n.Node               ] [testNeedsScores] starting ...
[2020-02-17T09:24:06,990][INFO ][o.e.t.TransportService   ] [testNeedsScores] publish_address {127.0.0.1:11600}, bound_addresses {127.0.0.1:11600}, {[::1]:11600}
[2020-02-17T09:24:06,998][INFO ][o.e.c.c.Coordinator      ] [testNeedsScores] setting initial configuration to VotingConfiguration{LRiISEOdSQ-vubQP506BFA}
[2020-02-17T09:24:07,093][INFO ][o.e.c.s.MasterService    ] [node_s_0] elected-as-master ([1] nodes joined)[{node_s_0}{LRiISEOdSQ-vubQP506BFA}{j-0k7xy9RKmjMYTgu4POjw}{127.0.0.1}{127.0.0.1:11600}{dim} elect leader, _BECOME_MASTER_TASK_, _FINISH_ELECTION_], term: 1, version: 1, delta: master node changed {previous [], current [{node_s_0}{LRiISEOdSQ-vubQP506BFA}{j-0k7xy9RKmjMYTgu4POjw}{127.0.0.1}{127.0.0.1:11600}{dim}]}
[2020-02-17T09:24:07,102][INFO ][o.e.c.c.CoordinationState] [node_s_0] cluster UUID set to [JY3i6xH3TjK7-FWj6nlseg]
[2020-02-17T09:24:07,109][INFO ][o.e.c.s.ClusterApplierService] [node_s_0] master node changed {previous [], current [{node_s_0}{LRiISEOdSQ-vubQP506BFA}{j-0k7xy9RKmjMYTgu4POjw}{127.0.0.1}{127.0.0.1:11600}{dim}]}, term: 1, version: 1, reason: Publication{term=1, version=1}
[2020-02-17T09:24:07,112][INFO ][o.e.n.Node               ] [testNeedsScores] started
[2020-02-17T09:24:07,119][INFO ][o.e.g.GatewayService     ] [node_s_0] recovered [0] indices into cluster_state
[2020-02-17T09:24:07,121][INFO ][o.e.c.m.MetaDataIndexTemplateService] [node_s_0] adding template [one_shard_index_template] for index patterns [*]
[2020-02-17T09:24:07,136][INFO ][o.e.c.m.MetaDataIndexTemplateService] [node_s_0] adding template [random-soft-deletes-template] for index patterns [*]
[2020-02-17T09:24:07,160][INFO ][o.e.s.a.AggregationCollectorTests] [testNeedsScores] before test
[2020-02-17T09:24:07,161][INFO ][o.e.c.m.MetaDataCreateIndexService] [node_s_0] [idx] creating index, cause [api], templates [one_shard_index_template, random-soft-deletes-template], shards [1]/[0], mappings []
[2020-02-17T09:24:07,230][INFO ][o.e.c.r.a.AllocationService] [node_s_0] Cluster health status changed from [YELLOW] to [GREEN] (reason: [shards started [[idx][0]]]).
[2020-02-17T09:24:07,244][INFO ][o.e.c.m.MetaDataMappingService] [node_s_0] [idx/KOXNMQLSS4ywxMv1hUt8_g] create_mapping [type]
[2020-02-17T09:24:07,273][INFO ][o.e.s.a.AggregationCollectorTests] [testNeedsScores] after test
[2020-02-17T09:24:07,276][INFO ][o.e.c.m.MetaDataDeleteIndexService] [node_s_0] [idx/KOXNMQLSS4ywxMv1hUt8_g] deleting index
[2020-02-17T09:24:07,302][INFO ][o.e.n.Node               ] [suite] stopping ...
[2020-02-17T09:24:07,309][INFO ][o.e.n.Node               ] [suite] stopped
[2020-02-17T09:24:07,309][INFO ][o.e.n.Node               ] [suite] closing ...
[2020-02-17T09:24:07,310][INFO ][o.e.n.Node               ] [suite] closed
]]></system-out>
  <system-err><![CDATA[]]></system-err>
</testsuite>
