<?xml version="1.0" encoding="UTF-8"?>
<testsuite name="org.elasticsearch.persistent.PersistentTasksClusterServiceTests" tests="14" skipped="0" failures="0" errors="0" timestamp="2020-02-16T22:25:15" hostname="Escoto-PC" time="0.063">
  <properties/>
  <testcase name="testReassignTasksWithNoTasks" classname="org.elasticsearch.persistent.PersistentTasksClusterServiceTests" time="0.006"/>
  <testcase name="testPersistentTasksChangedTaskRemoved" classname="org.elasticsearch.persistent.PersistentTasksClusterServiceTests" time="0.007"/>
  <testcase name="testReassignmentRequiredOnMetadataChanges" classname="org.elasticsearch.persistent.PersistentTasksClusterServiceTests" time="0.004"/>
  <testcase name="testPeriodicRecheck" classname="org.elasticsearch.persistent.PersistentTasksClusterServiceTests" time="0.009"/>
  <testcase name="testReassignmentRequired" classname="org.elasticsearch.persistent.PersistentTasksClusterServiceTests" time="0.004"/>
  <testcase name="testUnassignTask" classname="org.elasticsearch.persistent.PersistentTasksClusterServiceTests" time="0.003"/>
  <testcase name="testNeedsReassignment" classname="org.elasticsearch.persistent.PersistentTasksClusterServiceTests" time="0.003"/>
  <testcase name="testPersistentTasksAssigned" classname="org.elasticsearch.persistent.PersistentTasksClusterServiceTests" time="0.003"/>
  <testcase name="testReassignConsidersClusterStateUpdates" classname="org.elasticsearch.persistent.PersistentTasksClusterServiceTests" time="0.004"/>
  <testcase name="testPersistentTasksChangedTaskAdded" classname="org.elasticsearch.persistent.PersistentTasksClusterServiceTests" time="0.003"/>
  <testcase name="testPersistentTasksChangedNoTasks" classname="org.elasticsearch.persistent.PersistentTasksClusterServiceTests" time="0.003"/>
  <testcase name="testUnassignNonExistentTask" classname="org.elasticsearch.persistent.PersistentTasksClusterServiceTests" time="0.004"/>
  <testcase name="testReassignTasks" classname="org.elasticsearch.persistent.PersistentTasksClusterServiceTests" time="0.003"/>
  <testcase name="testNonClusterStateConditionAssignment" classname="org.elasticsearch.persistent.PersistentTasksClusterServiceTests" time="0.004"/>
  <system-out><![CDATA[[2020-02-17T09:25:15,493][INFO ][o.e.p.PersistentTasksClusterServiceTests] [testReassignTasksWithNoTasks] before test
[2020-02-17T09:25:15,496][INFO ][o.e.p.PersistentTasksClusterServiceTests] [testReassignTasksWithNoTasks] after test
[2020-02-17T09:25:15,501][INFO ][o.e.p.PersistentTasksClusterServiceTests] [testPersistentTasksChangedTaskRemoved] before test
[2020-02-17T09:25:15,503][INFO ][o.e.p.PersistentTasksClusterServiceTests] [testPersistentTasksChangedTaskRemoved] after test
[2020-02-17T09:25:15,506][INFO ][o.e.p.PersistentTasksClusterServiceTests] [testReassignmentRequiredOnMetadataChanges] before test
[2020-02-17T09:25:15,508][INFO ][o.e.p.PersistentTasksClusterServiceTests] [testReassignmentRequiredOnMetadataChanges] after test
[2020-02-17T09:25:15,509][INFO ][o.e.p.PersistentTasksClusterServiceTests] [testPeriodicRecheck] before test
[2020-02-17T09:25:15,513][WARN ][o.e.p.PersistentTasksClusterService] [testPeriodicRecheck] failed to reassign persistent tasks
java.lang.RuntimeException: foo
	at org.elasticsearch.persistent.PersistentTasksClusterServiceTests.lambda$createRecheckTestClusterService$13(PersistentTasksClusterServiceTests.java:537) [test/:?]
	at org.mockito.internal.stubbing.StubbedInvocationMatcher.answer(StubbedInvocationMatcher.java:34) [securemock-1.2.jar:?]
	at org.mockito.internal.handler.MockHandlerImpl.handle(MockHandlerImpl.java:91) [securemock-1.2.jar:?]
	at org.mockito.internal.handler.NullResultGuardian.handle(NullResultGuardian.java:29) [securemock-1.2.jar:?]
	at org.mockito.internal.handler.InvocationNotifierHandler.handle(InvocationNotifierHandler.java:38) [securemock-1.2.jar:?]
	at org.mockito.internal.creation.MethodInterceptorFilter.intercept(MethodInterceptorFilter.java:51) [securemock-1.2.jar:?]
	at org.elasticsearch.cluster.service.ClusterService$$EnhancerByMockitoWithCGLIB$$f68d8aaa.submitStateUpdateTask(<generated>) [securemock-1.2.jar:?]
	at org.elasticsearch.persistent.PersistentTasksClusterService.reassignPersistentTasks(PersistentTasksClusterService.java:327) [main/:?]
	at org.elasticsearch.persistent.PersistentTasksClusterService.clusterChanged(PersistentTasksClusterService.java:318) [main/:?]
	at org.elasticsearch.persistent.PersistentTasksClusterServiceTests.testPeriodicRecheck(PersistentTasksClusterServiceTests.java:443) [test/:?]
	at jdk.internal.reflect.NativeMethodAccessorImpl.invoke0(Native Method) ~[?:?]
	at jdk.internal.reflect.NativeMethodAccessorImpl.invoke(NativeMethodAccessorImpl.java:62) ~[?:?]
	at jdk.internal.reflect.DelegatingMethodAccessorImpl.invoke(DelegatingMethodAccessorImpl.java:43) ~[?:?]
	at java.lang.reflect.Method.invoke(Method.java:567) ~[?:?]
	at com.carrotsearch.randomizedtesting.RandomizedRunner.invoke(RandomizedRunner.java:1750) [randomizedtesting-runner-2.7.1.jar:?]
	at com.carrotsearch.randomizedtesting.RandomizedRunner$8.evaluate(RandomizedRunner.java:938) [randomizedtesting-runner-2.7.1.jar:?]
	at com.carrotsearch.randomizedtesting.RandomizedRunner$9.evaluate(RandomizedRunner.java:974) [randomizedtesting-runner-2.7.1.jar:?]
	at com.carrotsearch.randomizedtesting.RandomizedRunner$10.evaluate(RandomizedRunner.java:988) [randomizedtesting-runner-2.7.1.jar:?]
	at com.carrotsearch.randomizedtesting.rules.StatementAdapter.evaluate(StatementAdapter.java:36) [randomizedtesting-runner-2.7.1.jar:?]
	at org.apache.lucene.util.TestRuleSetupTeardownChained$1.evaluate(TestRuleSetupTeardownChained.java:49) [lucene-test-framework-8.3.0.jar:8.3.0 2aa586909b911e66e1d8863aa89f173d69f86cd2 - ishan - 2019-10-25 23:10:05]
	at org.apache.lucene.util.AbstractBeforeAfterRule$1.evaluate(AbstractBeforeAfterRule.java:45) [lucene-test-framework-8.3.0.jar:8.3.0 2aa586909b911e66e1d8863aa89f173d69f86cd2 - ishan - 2019-10-25 23:10:05]
	at org.apache.lucene.util.TestRuleThreadAndTestName$1.evaluate(TestRuleThreadAndTestName.java:48) [lucene-test-framework-8.3.0.jar:8.3.0 2aa586909b911e66e1d8863aa89f173d69f86cd2 - ishan - 2019-10-25 23:10:05]
	at org.apache.lucene.util.TestRuleIgnoreAfterMaxFailures$1.evaluate(TestRuleIgnoreAfterMaxFailures.java:64) [lucene-test-framework-8.3.0.jar:8.3.0 2aa586909b911e66e1d8863aa89f173d69f86cd2 - ishan - 2019-10-25 23:10:05]
	at org.apache.lucene.util.TestRuleMarkFailure$1.evaluate(TestRuleMarkFailure.java:47) [lucene-test-framework-8.3.0.jar:8.3.0 2aa586909b911e66e1d8863aa89f173d69f86cd2 - ishan - 2019-10-25 23:10:05]
	at com.carrotsearch.randomizedtesting.rules.StatementAdapter.evaluate(StatementAdapter.java:36) [randomizedtesting-runner-2.7.1.jar:?]
	at com.carrotsearch.randomizedtesting.ThreadLeakControl$StatementRunner.run(ThreadLeakControl.java:368) [randomizedtesting-runner-2.7.1.jar:?]
	at com.carrotsearch.randomizedtesting.ThreadLeakControl.forkTimeoutingTask(ThreadLeakControl.java:817) [randomizedtesting-runner-2.7.1.jar:?]
	at com.carrotsearch.randomizedtesting.ThreadLeakControl$3.evaluate(ThreadLeakControl.java:468) [randomizedtesting-runner-2.7.1.jar:?]
	at com.carrotsearch.randomizedtesting.RandomizedRunner.runSingleTest(RandomizedRunner.java:947) [randomizedtesting-runner-2.7.1.jar:?]
	at com.carrotsearch.randomizedtesting.RandomizedRunner$5.evaluate(RandomizedRunner.java:832) [randomizedtesting-runner-2.7.1.jar:?]
	at com.carrotsearch.randomizedtesting.RandomizedRunner$6.evaluate(RandomizedRunner.java:883) [randomizedtesting-runner-2.7.1.jar:?]
	at com.carrotsearch.randomizedtesting.RandomizedRunner$7.evaluate(RandomizedRunner.java:894) [randomizedtesting-runner-2.7.1.jar:?]
	at org.apache.lucene.util.AbstractBeforeAfterRule$1.evaluate(AbstractBeforeAfterRule.java:45) [lucene-test-framework-8.3.0.jar:8.3.0 2aa586909b911e66e1d8863aa89f173d69f86cd2 - ishan - 2019-10-25 23:10:05]
	at com.carrotsearch.randomizedtesting.rules.StatementAdapter.evaluate(StatementAdapter.java:36) [randomizedtesting-runner-2.7.1.jar:?]
	at org.apache.lucene.util.TestRuleStoreClassName$1.evaluate(TestRuleStoreClassName.java:41) [lucene-test-framework-8.3.0.jar:8.3.0 2aa586909b911e66e1d8863aa89f173d69f86cd2 - ishan - 2019-10-25 23:10:05]
	at com.carrotsearch.randomizedtesting.rules.NoShadowingOrOverridesOnMethodsRule$1.evaluate(NoShadowingOrOverridesOnMethodsRule.java:40) [randomizedtesting-runner-2.7.1.jar:?]
	at com.carrotsearch.randomizedtesting.rules.NoShadowingOrOverridesOnMethodsRule$1.evaluate(NoShadowingOrOverridesOnMethodsRule.java:40) [randomizedtesting-runner-2.7.1.jar:?]
	at com.carrotsearch.randomizedtesting.rules.StatementAdapter.evaluate(StatementAdapter.java:36) [randomizedtesting-runner-2.7.1.jar:?]
	at com.carrotsearch.randomizedtesting.rules.StatementAdapter.evaluate(StatementAdapter.java:36) [randomizedtesting-runner-2.7.1.jar:?]
	at org.apache.lucene.util.TestRuleAssertionsRequired$1.evaluate(TestRuleAssertionsRequired.java:53) [lucene-test-framework-8.3.0.jar:8.3.0 2aa586909b911e66e1d8863aa89f173d69f86cd2 - ishan - 2019-10-25 23:10:05]
	at org.apache.lucene.util.TestRuleMarkFailure$1.evaluate(TestRuleMarkFailure.java:47) [lucene-test-framework-8.3.0.jar:8.3.0 2aa586909b911e66e1d8863aa89f173d69f86cd2 - ishan - 2019-10-25 23:10:05]
	at org.apache.lucene.util.TestRuleIgnoreAfterMaxFailures$1.evaluate(TestRuleIgnoreAfterMaxFailures.java:64) [lucene-test-framework-8.3.0.jar:8.3.0 2aa586909b911e66e1d8863aa89f173d69f86cd2 - ishan - 2019-10-25 23:10:05]
	at org.apache.lucene.util.TestRuleIgnoreTestSuites$1.evaluate(TestRuleIgnoreTestSuites.java:54) [lucene-test-framework-8.3.0.jar:8.3.0 2aa586909b911e66e1d8863aa89f173d69f86cd2 - ishan - 2019-10-25 23:10:05]
	at com.carrotsearch.randomizedtesting.rules.StatementAdapter.evaluate(StatementAdapter.java:36) [randomizedtesting-runner-2.7.1.jar:?]
	at com.carrotsearch.randomizedtesting.ThreadLeakControl$StatementRunner.run(ThreadLeakControl.java:368) [randomizedtesting-runner-2.7.1.jar:?]
	at java.lang.Thread.run(Thread.java:835) [?:?]
[2020-02-17T09:25:15,517][INFO ][o.e.p.PersistentTasksClusterServiceTests] [testPeriodicRecheck] after test
[2020-02-17T09:25:15,518][INFO ][o.e.p.PersistentTasksClusterServiceTests] [testReassignmentRequired] before test
[2020-02-17T09:25:15,520][INFO ][o.e.p.PersistentTasksClusterServiceTests] [testReassignmentRequired] inter 0 significant: false
[2020-02-17T09:25:15,520][INFO ][o.e.p.PersistentTasksClusterServiceTests] [testReassignmentRequired] removed all unassigned tasks and changed routing table
[2020-02-17T09:25:15,520][INFO ][o.e.p.PersistentTasksClusterServiceTests] [testReassignmentRequired] inter 1 significant: false
[2020-02-17T09:25:15,520][INFO ][o.e.p.PersistentTasksClusterServiceTests] [testReassignmentRequired] added random node
[2020-02-17T09:25:15,520][INFO ][o.e.p.PersistentTasksClusterServiceTests] [testReassignmentRequired] changed routing table
[2020-02-17T09:25:15,520][INFO ][o.e.p.PersistentTasksClusterServiceTests] [testReassignmentRequired] inter 2 significant: true
[2020-02-17T09:25:15,520][INFO ][o.e.p.PersistentTasksClusterServiceTests] [testReassignmentRequired] added random task
[2020-02-17T09:25:15,520][INFO ][o.e.p.PersistentTasksClusterServiceTests] [testReassignmentRequired] inter 3 significant: false
[2020-02-17T09:25:15,520][INFO ][o.e.p.PersistentTasksClusterServiceTests] [testReassignmentRequired] set task custom to null
[2020-02-17T09:25:15,520][INFO ][o.e.p.PersistentTasksClusterServiceTests] [testReassignmentRequired] inter 4 significant: false
[2020-02-17T09:25:15,520][INFO ][o.e.p.PersistentTasksClusterServiceTests] [testReassignmentRequired] added random unassignable task
[2020-02-17T09:25:15,520][INFO ][o.e.p.PersistentTasksClusterServiceTests] [testReassignmentRequired] inter 5 significant: true
[2020-02-17T09:25:15,521][INFO ][o.e.p.PersistentTasksClusterServiceTests] [testReassignmentRequired] added unassignable task with custom assignment message
[2020-02-17T09:25:15,521][INFO ][o.e.p.PersistentTasksClusterServiceTests] [testReassignmentRequired] inter 6 significant: true
[2020-02-17T09:25:15,521][INFO ][o.e.p.PersistentTasksClusterServiceTests] [testReassignmentRequired] added random task
[2020-02-17T09:25:15,521][INFO ][o.e.p.PersistentTasksClusterServiceTests] [testReassignmentRequired] inter 7 significant: true
[2020-02-17T09:25:15,521][INFO ][o.e.p.PersistentTasksClusterServiceTests] [testReassignmentRequired] changed routing table
[2020-02-17T09:25:15,521][INFO ][o.e.p.PersistentTasksClusterServiceTests] [testReassignmentRequired] inter 8 significant: false
[2020-02-17T09:25:15,521][INFO ][o.e.p.PersistentTasksClusterServiceTests] [testReassignmentRequired] removed task with changing assignment Z9wbUHABLg6ZAyn_D74B
[2020-02-17T09:25:15,521][INFO ][o.e.p.PersistentTasksClusterServiceTests] [testReassignmentRequired] removed all unassigned tasks and changed routing table
[2020-02-17T09:25:15,521][INFO ][o.e.p.PersistentTasksClusterServiceTests] [testReassignmentRequired] inter 9 significant: true
[2020-02-17T09:25:15,521][INFO ][o.e.p.PersistentTasksClusterServiceTests] [testReassignmentRequired] added random task
[2020-02-17T09:25:15,521][INFO ][o.e.p.PersistentTasksClusterServiceTests] [testReassignmentRequired] after test
[2020-02-17T09:25:15,522][INFO ][o.e.p.PersistentTasksClusterServiceTests] [testUnassignTask] before test
[2020-02-17T09:25:15,524][INFO ][o.e.c.s.ClusterApplierService] [test] master node changed {previous [{node}{VoCvShiNQAeKNYpTcgl25g}{0.0.0.0}{0.0.0.0:15}{dim}], current [{_node_1}{ccVYlEclTlWeop2TgfurFg}{0.0.0.0}{0.0.0.0:17}{dim}]}, removed {{node}{VoCvShiNQAeKNYpTcgl25g}{0.0.0.0}{0.0.0.0:15}{dim}}, added {{_node_2}{NptQkOmBRwqQ_0TahQLiWA}{0.0.0.0}{0.0.0.0:18}{dim}}, term: 0, version: 1, reason: test setting state
[2020-02-17T09:25:15,525][INFO ][o.e.p.PersistentTasksClusterServiceTests] [testUnassignTask] after test
[2020-02-17T09:25:15,527][INFO ][o.e.p.PersistentTasksClusterServiceTests] [testNeedsReassignment] before test
[2020-02-17T09:25:15,528][INFO ][o.e.p.PersistentTasksClusterServiceTests] [testNeedsReassignment] after test
[2020-02-17T09:25:15,530][INFO ][o.e.p.PersistentTasksClusterServiceTests] [testPersistentTasksAssigned] before test
[2020-02-17T09:25:15,531][INFO ][o.e.p.PersistentTasksClusterServiceTests] [testPersistentTasksAssigned] after test
[2020-02-17T09:25:15,533][INFO ][o.e.p.PersistentTasksClusterServiceTests] [testReassignConsidersClusterStateUpdates] before test
[2020-02-17T09:25:15,536][INFO ][o.e.p.PersistentTasksClusterServiceTests] [testReassignConsidersClusterStateUpdates] after test
[2020-02-17T09:25:15,537][INFO ][o.e.p.PersistentTasksClusterServiceTests] [testPersistentTasksChangedTaskAdded] before test
[2020-02-17T09:25:15,539][INFO ][o.e.p.PersistentTasksClusterServiceTests] [testPersistentTasksChangedTaskAdded] after test
[2020-02-17T09:25:15,540][INFO ][o.e.p.PersistentTasksClusterServiceTests] [testPersistentTasksChangedNoTasks] before test
[2020-02-17T09:25:15,541][INFO ][o.e.p.PersistentTasksClusterServiceTests] [testPersistentTasksChangedNoTasks] after test
[2020-02-17T09:25:15,543][INFO ][o.e.p.PersistentTasksClusterServiceTests] [testUnassignNonExistentTask] before test
[2020-02-17T09:25:15,545][INFO ][o.e.c.s.ClusterApplierService] [test] master node changed {previous [{node}{cEV8vPDhQ_GUFi1Snl5UNg}{0.0.0.0}{0.0.0.0:33}{dim}], current [{_node_1}{GBzseLq6S5iwzNkwDjh79g}{0.0.0.0}{0.0.0.0:35}{dim}]}, removed {{node}{cEV8vPDhQ_GUFi1Snl5UNg}{0.0.0.0}{0.0.0.0:33}{dim}}, added {{_node_2}{RzlBjPhnR7yc4kEobVS2ug}{0.0.0.0}{0.0.0.0:36}{dim}}, term: 0, version: 1, reason: test setting state
[2020-02-17T09:25:15,546][INFO ][o.e.p.PersistentTasksClusterServiceTests] [testUnassignNonExistentTask] after test
[2020-02-17T09:25:15,548][INFO ][o.e.p.PersistentTasksClusterServiceTests] [testReassignTasks] before test
[2020-02-17T09:25:15,549][INFO ][o.e.p.PersistentTasksClusterServiceTests] [testReassignTasks] after test
[2020-02-17T09:25:15,551][INFO ][o.e.p.PersistentTasksClusterServiceTests] [testNonClusterStateConditionAssignment] before test
[2020-02-17T09:25:15,553][INFO ][o.e.p.PersistentTasksClusterServiceTests] [testNonClusterStateConditionAssignment] after test
]]></system-out>
  <system-err><![CDATA[]]></system-err>
</testsuite>
