<?xml version="1.0" encoding="UTF-8"?>
<testsuite name="org.elasticsearch.index.mapper.IndexFieldMapperTests" tests="2" skipped="0" failures="0" errors="0" timestamp="2020-02-16T22:22:34" hostname="Escoto-PC" time="1.14">
  <properties/>
  <testcase name="testDefaultDisabledIndexMapper" classname="org.elasticsearch.index.mapper.IndexFieldMapperTests" time="1.019"/>
  <testcase name="testIndexNotConfigurable" classname="org.elasticsearch.index.mapper.IndexFieldMapperTests" time="0.121"/>
  <system-out><![CDATA[[2020-02-16T17:22:34,665][INFO ][o.e.e.NodeEnvironment    ] [testDefaultDisabledIndexMapper] using [1] data paths, mounts [[Old HDD (E:)]], net usable_space [89.5gb], net total_space [232.8gb], types [NTFS]
[2020-02-16T17:22:34,665][INFO ][o.e.e.NodeEnvironment    ] [testDefaultDisabledIndexMapper] heap size [512mb], compressed ordinary object pointers [true]
[2020-02-16T17:22:34,667][INFO ][o.e.n.Node               ] [testDefaultDisabledIndexMapper] node name [node_s_0], node ID [xCkrOR1SQLyLBMhyuayG4w], cluster name [single-node-cluster-TEST_WORKER_VM=[13]-CLUSTER_SEED=[-8127666956414788253]-HASH=[1408FEF18D9]]
[2020-02-16T17:22:34,667][INFO ][o.e.n.Node               ] [testDefaultDisabledIndexMapper] version[7.5.1], pid[5104], build[unknown/unknown/unknown/unknown], OS[Windows 7/6.1/amd64], JVM[Oracle Corporation/OpenJDK 64-Bit Server VM/12.0.2/12.0.2+10]
[2020-02-16T17:22:34,667][INFO ][o.e.n.Node               ] [testDefaultDisabledIndexMapper] JVM home [C:\Program Files\Java\jdk-12.0.2]
[2020-02-16T17:22:34,667][INFO ][o.e.n.Node               ] [testDefaultDisabledIndexMapper] JVM arguments [-Dcompiler.java=12, -Des.scripting.update.ctx_in_params=false, -Des.transport.cname_in_publish_address=true, -Dgradle.dist.lib=C:\Users\Escoto\.gradle\wrapper\dists\gradle-5.6.2-bin\3clyn6icets6f02ptgd5hlmou\gradle-5.6.2\lib, -Dgradle.user.home=C:\Users\Escoto\.gradle, -Dgradle.worker.jar=C:\Users\Escoto\.gradle/caches/5.6.2/workerMain/gradle-worker.jar, -Dio.netty.noKeySetOptimization=true, -Dio.netty.noUnsafe=true, -Dio.netty.recycler.maxCapacityPerThread=0, -Djava.awt.headless=true, -Djna.nosys=true, -Dorg.gradle.native=false, -Druntime.java=12, -Dtests.artifact=server, -Dtests.gradle=true, -Dtests.logger.level=WARN, -Dtests.security.manager=true, -Dtests.seed=9EA1F2A3814E5F76, -Dtests.task=:server:test, -Dtests.timeoutSuite=1800000!, -esa, --illegal-access=warn, -XX:+HeapDumpOnOutOfMemoryError, -XX:HeapDumpPath=E:\NotD\git\elasticsearch\server\build\heapdump, -Xms512m, -Xmx512m, -Dfile.encoding=windows-1252, -Djava.io.tmpdir=./temp, -Duser.country=US, -Duser.language=en, -Duser.variant, -ea]
[2020-02-16T17:22:34,668][INFO ][o.e.p.PluginsService     ] [testDefaultDisabledIndexMapper] no modules loaded
[2020-02-16T17:22:34,668][INFO ][o.e.p.PluginsService     ] [testDefaultDisabledIndexMapper] loaded plugin [org.elasticsearch.test.InternalSettingsPlugin]
[2020-02-16T17:22:34,668][INFO ][o.e.p.PluginsService     ] [testDefaultDisabledIndexMapper] loaded plugin [org.elasticsearch.test.MockHttpTransport$TestPlugin]
[2020-02-16T17:22:34,668][INFO ][o.e.p.PluginsService     ] [testDefaultDisabledIndexMapper] loaded plugin [org.elasticsearch.transport.nio.MockNioTransportPlugin]
[2020-02-16T17:22:34,850][INFO ][o.e.d.DiscoveryModule    ] [testDefaultDisabledIndexMapper] using discovery type [zen] and seed hosts providers [settings]
[2020-02-16T17:22:34,857][INFO ][o.e.n.Node               ] [testDefaultDisabledIndexMapper] initialized
[2020-02-16T17:22:34,857][INFO ][o.e.n.Node               ] [testDefaultDisabledIndexMapper] starting ...
[2020-02-16T17:22:35,437][INFO ][o.e.t.TransportService   ] [testDefaultDisabledIndexMapper] publish_address {127.0.0.1:11600}, bound_addresses {127.0.0.1:11600}, {[::1]:11600}
[2020-02-16T17:22:35,445][INFO ][o.e.c.c.Coordinator      ] [testDefaultDisabledIndexMapper] setting initial configuration to VotingConfiguration{xCkrOR1SQLyLBMhyuayG4w}
[2020-02-16T17:22:35,479][INFO ][o.e.c.s.MasterService    ] [node_s_0] elected-as-master ([1] nodes joined)[{node_s_0}{xCkrOR1SQLyLBMhyuayG4w}{AQypXGq6R9CjxBoMj4aw7w}{127.0.0.1}{127.0.0.1:11600}{dim} elect leader, _BECOME_MASTER_TASK_, _FINISH_ELECTION_], term: 1, version: 1, delta: master node changed {previous [], current [{node_s_0}{xCkrOR1SQLyLBMhyuayG4w}{AQypXGq6R9CjxBoMj4aw7w}{127.0.0.1}{127.0.0.1:11600}{dim}]}
[2020-02-16T17:22:35,490][INFO ][o.e.c.c.CoordinationState] [node_s_0] cluster UUID set to [O6lT2s9RQEagVa6TLb8ihQ]
[2020-02-16T17:22:35,499][INFO ][o.e.c.s.ClusterApplierService] [node_s_0] master node changed {previous [], current [{node_s_0}{xCkrOR1SQLyLBMhyuayG4w}{AQypXGq6R9CjxBoMj4aw7w}{127.0.0.1}{127.0.0.1:11600}{dim}]}, term: 1, version: 1, reason: Publication{term=1, version=1}
[2020-02-16T17:22:35,500][INFO ][o.e.n.Node               ] [testDefaultDisabledIndexMapper] started
[2020-02-16T17:22:35,510][INFO ][o.e.g.GatewayService     ] [node_s_0] recovered [0] indices into cluster_state
[2020-02-16T17:22:35,512][INFO ][o.e.c.m.MetaDataIndexTemplateService] [node_s_0] adding template [one_shard_index_template] for index patterns [*]
[2020-02-16T17:22:35,537][INFO ][o.e.c.m.MetaDataIndexTemplateService] [node_s_0] adding template [random-soft-deletes-template] for index patterns [*]
[2020-02-16T17:22:35,552][INFO ][o.e.i.m.IndexFieldMapperTests] [testDefaultDisabledIndexMapper] before test
[2020-02-16T17:22:35,553][INFO ][o.e.c.m.MetaDataCreateIndexService] [node_s_0] [test] creating index, cause [api], templates [one_shard_index_template, random-soft-deletes-template], shards [1]/[0], mappings []
[2020-02-16T17:22:35,622][INFO ][o.e.c.r.a.AllocationService] [node_s_0] Cluster health status changed from [YELLOW] to [GREEN] (reason: [shards started [[test][0]]]).
[2020-02-16T17:22:35,635][INFO ][o.e.i.m.IndexFieldMapperTests] [testDefaultDisabledIndexMapper] after test
[2020-02-16T17:22:35,639][INFO ][o.e.c.m.MetaDataDeleteIndexService] [node_s_0] [test/XVnh6aYmTJ64nbmThbWebA] deleting index
[2020-02-16T17:22:35,680][INFO ][o.e.i.m.IndexFieldMapperTests] [testIndexNotConfigurable] before test
[2020-02-16T17:22:35,681][INFO ][o.e.c.m.MetaDataCreateIndexService] [node_s_0] [test] creating index, cause [api], templates [one_shard_index_template, random-soft-deletes-template], shards [1]/[0], mappings []
[2020-02-16T17:22:35,745][INFO ][o.e.c.r.a.AllocationService] [node_s_0] Cluster health status changed from [YELLOW] to [GREEN] (reason: [shards started [[test][0]]]).
[2020-02-16T17:22:35,761][INFO ][o.e.i.m.IndexFieldMapperTests] [testIndexNotConfigurable] after test
[2020-02-16T17:22:35,761][INFO ][o.e.c.m.MetaDataDeleteIndexService] [node_s_0] [test/kC_kpDBQSjS7P8oWhz_hSA] deleting index
[2020-02-16T17:22:35,796][INFO ][o.e.n.Node               ] [suite] stopping ...
[2020-02-16T17:22:35,797][INFO ][o.e.n.Node               ] [suite] stopped
[2020-02-16T17:22:35,797][INFO ][o.e.n.Node               ] [suite] closing ...
[2020-02-16T17:22:35,798][INFO ][o.e.n.Node               ] [suite] closed
]]></system-out>
  <system-err><![CDATA[]]></system-err>
</testsuite>
