<?xml version="1.0" encoding="UTF-8"?>
<testsuite name="org.elasticsearch.action.bulk.BackoffPolicyTests" tests="1" skipped="0" failures="0" errors="0" timestamp="2020-02-16T22:20:34" hostname="Escoto-PC" time="0.007">
  <properties/>
  <testcase name="testWrapBackoffPolicy" classname="org.elasticsearch.action.bulk.BackoffPolicyTests" time="0.007"/>
  <system-out><![CDATA[[2020-02-17T01:20:34,522][INFO ][o.e.a.b.BackoffPolicyTests] [testWrapBackoffPolicy] before test
[2020-02-17T01:20:34,526][INFO ][o.e.a.b.BackoffPolicyTests] [testWrapBackoffPolicy] after test
]]></system-out>
  <system-err><![CDATA[]]></system-err>
</testsuite>
