<?xml version="1.0" encoding="UTF-8"?>
<testsuite name="org.elasticsearch.index.engine.PrunePostingsMergePolicyTests" tests="1" skipped="0" failures="0" errors="0" timestamp="2020-02-16T22:22:35" hostname="Escoto-PC" time="0.078">
  <properties/>
  <testcase name="testPrune" classname="org.elasticsearch.index.engine.PrunePostingsMergePolicyTests" time="0.078"/>
  <system-out><![CDATA[[2020-02-16T13:22:35,268][INFO ][o.e.i.e.PrunePostingsMergePolicyTests] [testPrune] before test
[2020-02-16T13:22:35,344][INFO ][o.e.i.e.PrunePostingsMergePolicyTests] [testPrune] after test
]]></system-out>
  <system-err><![CDATA[]]></system-err>
</testsuite>
