<?xml version="1.0" encoding="UTF-8"?>
<testsuite name="org.elasticsearch.action.admin.cluster.allocation.ClusterAllocationExplainRequestTests" tests="1" skipped="0" failures="0" errors="0" timestamp="2020-02-16T22:19:59" hostname="Escoto-PC" time="0.028">
  <properties/>
  <testcase name="testSerialization" classname="org.elasticsearch.action.admin.cluster.allocation.ClusterAllocationExplainRequestTests" time="0.028"/>
  <system-out><![CDATA[[2020-02-16T15:19:59,527][INFO ][o.e.a.a.c.a.ClusterAllocationExplainRequestTests] [testSerialization] before test
[2020-02-16T15:19:59,553][INFO ][o.e.a.a.c.a.ClusterAllocationExplainRequestTests] [testSerialization] after test
]]></system-out>
  <system-err><![CDATA[]]></system-err>
</testsuite>
