<?xml version="1.0" encoding="UTF-8"?>
<testsuite name="org.elasticsearch.action.admin.cluster.reroute.ClusterRerouteRequestTests" tests="3" skipped="0" failures="0" errors="0" timestamp="2020-02-16T22:20:02" hostname="Escoto-PC" time="0.045">
  <properties/>
  <testcase name="testParsing" classname="org.elasticsearch.action.admin.cluster.reroute.ClusterRerouteRequestTests" time="0.035"/>
  <testcase name="testEqualsAndHashCode" classname="org.elasticsearch.action.admin.cluster.reroute.ClusterRerouteRequestTests" time="0.004"/>
  <testcase name="testSerialization" classname="org.elasticsearch.action.admin.cluster.reroute.ClusterRerouteRequestTests" time="0.006"/>
  <system-out><![CDATA[[2020-02-17T04:20:02,009][INFO ][o.e.a.a.c.r.ClusterRerouteRequestTests] [testParsing] before test
[2020-02-17T04:20:02,039][INFO ][o.e.a.a.c.r.ClusterRerouteRequestTests] [testParsing] after test
[2020-02-17T04:20:02,041][INFO ][o.e.a.a.c.r.ClusterRerouteRequestTests] [testEqualsAndHashCode] before test
[2020-02-17T04:20:02,044][INFO ][o.e.a.a.c.r.ClusterRerouteRequestTests] [testEqualsAndHashCode] after test
[2020-02-17T04:20:02,046][INFO ][o.e.a.a.c.r.ClusterRerouteRequestTests] [testSerialization] before test
[2020-02-17T04:20:02,049][INFO ][o.e.a.a.c.r.ClusterRerouteRequestTests] [testSerialization] after test
]]></system-out>
  <system-err><![CDATA[]]></system-err>
</testsuite>
