<?xml version="1.0" encoding="UTF-8"?>
<testsuite name="org.elasticsearch.index.query.LegacyGeoShapeFieldQueryTests" tests="22" skipped="0" failures="0" errors="0" timestamp="2020-02-16T22:23:37" hostname="Escoto-PC" time="0.217">
  <properties/>
  <testcase name="testQueryWrappedInArray" classname="org.elasticsearch.index.query.LegacyGeoShapeFieldQueryTests" time="0.016"/>
  <testcase name="testSerializationFailsUnlessFetched" classname="org.elasticsearch.index.query.LegacyGeoShapeFieldQueryTests" time="0.005"/>
  <testcase name="testUnknownObjectException" classname="org.elasticsearch.index.query.LegacyGeoShapeFieldQueryTests" time="0.002"/>
  <testcase name="testUnknownField" classname="org.elasticsearch.index.query.LegacyGeoShapeFieldQueryTests" time="0.002"/>
  <testcase name="testFromJson" classname="org.elasticsearch.index.query.LegacyGeoShapeFieldQueryTests" time="0.002"/>
  <testcase name="testCacheability" classname="org.elasticsearch.index.query.LegacyGeoShapeFieldQueryTests" time="0.009"/>
  <testcase name="testNoIndexedShape" classname="org.elasticsearch.index.query.LegacyGeoShapeFieldQueryTests" time="0.002"/>
  <testcase name="testFromXContent" classname="org.elasticsearch.index.query.LegacyGeoShapeFieldQueryTests" time="0.007"/>
  <testcase name="testInvalidRelation" classname="org.elasticsearch.index.query.LegacyGeoShapeFieldQueryTests" time="0.002"/>
  <testcase name="testEqualsAndHashcode" classname="org.elasticsearch.index.query.LegacyGeoShapeFieldQueryTests" time="0.006"/>
  <testcase name="testNoShape" classname="org.elasticsearch.index.query.LegacyGeoShapeFieldQueryTests" time="0.009"/>
  <testcase name="testThatXContentSerializationInsideOfArrayWorks" classname="org.elasticsearch.index.query.LegacyGeoShapeFieldQueryTests" time="0.002"/>
  <testcase name="testIgnoreUnmapped" classname="org.elasticsearch.index.query.LegacyGeoShapeFieldQueryTests" time="0.003"/>
  <testcase name="testValidOutput" classname="org.elasticsearch.index.query.LegacyGeoShapeFieldQueryTests" time="0.005"/>
  <testcase name="testWrongFieldType" classname="org.elasticsearch.index.query.LegacyGeoShapeFieldQueryTests" time="0.002"/>
  <testcase name="testToQuery" classname="org.elasticsearch.index.query.LegacyGeoShapeFieldQueryTests" time="0.117"/>
  <testcase name="testNoFieldName" classname="org.elasticsearch.index.query.LegacyGeoShapeFieldQueryTests" time="0.002"/>
  <testcase name="testMultipleRewrite" classname="org.elasticsearch.index.query.LegacyGeoShapeFieldQueryTests" time="0.006"/>
  <testcase name="testNoRelation" classname="org.elasticsearch.index.query.LegacyGeoShapeFieldQueryTests" time="0.004"/>
  <testcase name="testNegativeBoosts" classname="org.elasticsearch.index.query.LegacyGeoShapeFieldQueryTests" time="0.004"/>
  <testcase name="testMustRewrite" classname="org.elasticsearch.index.query.LegacyGeoShapeFieldQueryTests" time="0.003"/>
  <testcase name="testSerialization" classname="org.elasticsearch.index.query.LegacyGeoShapeFieldQueryTests" time="0.004"/>
  <system-out><![CDATA[[2020-02-17T05:23:37,983][INFO ][o.e.i.q.LegacyGeoShapeFieldQueryTests] [testQueryWrappedInArray] before test
[2020-02-17T05:23:37,985][INFO ][o.e.p.PluginsService     ] [testQueryWrappedInArray] no modules loaded
[2020-02-17T05:23:37,985][INFO ][o.e.p.PluginsService     ] [testQueryWrappedInArray] no plugins loaded
[2020-02-17T05:23:37,992][INFO ][o.e.p.PluginsService     ] [testQueryWrappedInArray] no modules loaded
[2020-02-17T05:23:37,992][INFO ][o.e.p.PluginsService     ] [testQueryWrappedInArray] no plugins loaded
[2020-02-17T05:23:37,995][INFO ][o.e.i.q.LegacyGeoShapeFieldQueryTests] [testQueryWrappedInArray] after test
[2020-02-17T05:23:37,997][INFO ][o.e.i.q.LegacyGeoShapeFieldQueryTests] [testSerializationFailsUnlessFetched] before test
[2020-02-17T05:23:38,000][INFO ][o.e.i.q.LegacyGeoShapeFieldQueryTests] [testSerializationFailsUnlessFetched] after test
[2020-02-17T05:23:38,002][INFO ][o.e.i.q.LegacyGeoShapeFieldQueryTests] [testUnknownObjectException] before test
[2020-02-17T05:23:38,003][INFO ][o.e.i.q.LegacyGeoShapeFieldQueryTests] [testUnknownObjectException] after test
[2020-02-17T05:23:38,004][INFO ][o.e.i.q.LegacyGeoShapeFieldQueryTests] [testUnknownField] before test
[2020-02-17T05:23:38,004][INFO ][o.e.i.q.LegacyGeoShapeFieldQueryTests] [testUnknownField] after test
[2020-02-17T05:23:38,006][INFO ][o.e.i.q.LegacyGeoShapeFieldQueryTests] [testFromJson] before test
[2020-02-17T05:23:38,006][INFO ][o.e.i.q.LegacyGeoShapeFieldQueryTests] [testFromJson] after test
[2020-02-17T05:23:38,009][INFO ][o.e.i.q.LegacyGeoShapeFieldQueryTests] [testCacheability] before test
[2020-02-17T05:23:38,015][INFO ][o.e.i.q.LegacyGeoShapeFieldQueryTests] [testCacheability] after test
[2020-02-17T05:23:38,017][INFO ][o.e.i.q.LegacyGeoShapeFieldQueryTests] [testNoIndexedShape] before test
[2020-02-17T05:23:38,018][INFO ][o.e.i.q.LegacyGeoShapeFieldQueryTests] [testNoIndexedShape] after test
[2020-02-17T05:23:38,019][INFO ][o.e.i.q.LegacyGeoShapeFieldQueryTests] [testFromXContent] before test
[2020-02-17T05:23:38,025][INFO ][o.e.i.q.LegacyGeoShapeFieldQueryTests] [testFromXContent] after test
[2020-02-17T05:23:38,027][INFO ][o.e.i.q.LegacyGeoShapeFieldQueryTests] [testInvalidRelation] before test
[2020-02-17T05:23:38,028][INFO ][o.e.i.q.LegacyGeoShapeFieldQueryTests] [testInvalidRelation] after test
[2020-02-17T05:23:38,030][INFO ][o.e.i.q.LegacyGeoShapeFieldQueryTests] [testEqualsAndHashcode] before test
[2020-02-17T05:23:38,034][INFO ][o.e.i.q.LegacyGeoShapeFieldQueryTests] [testEqualsAndHashcode] after test
[2020-02-17T05:23:38,043][INFO ][o.e.i.q.LegacyGeoShapeFieldQueryTests] [testNoShape] before test
[2020-02-17T05:23:38,043][INFO ][o.e.i.q.LegacyGeoShapeFieldQueryTests] [testNoShape] after test
[2020-02-17T05:23:38,045][INFO ][o.e.i.q.LegacyGeoShapeFieldQueryTests] [testThatXContentSerializationInsideOfArrayWorks] before test
[2020-02-17T05:23:38,045][INFO ][o.e.i.q.LegacyGeoShapeFieldQueryTests] [testThatXContentSerializationInsideOfArrayWorks] after test
[2020-02-17T05:23:38,048][INFO ][o.e.i.q.LegacyGeoShapeFieldQueryTests] [testIgnoreUnmapped] before test
[2020-02-17T05:23:38,048][INFO ][o.e.i.q.LegacyGeoShapeFieldQueryTests] [testIgnoreUnmapped] after test
[2020-02-17T05:23:38,050][INFO ][o.e.i.q.LegacyGeoShapeFieldQueryTests] [testValidOutput] before test
[2020-02-17T05:23:38,053][INFO ][o.e.i.q.LegacyGeoShapeFieldQueryTests] [testValidOutput] after test
[2020-02-17T05:23:38,055][INFO ][o.e.i.q.LegacyGeoShapeFieldQueryTests] [testWrongFieldType] before test
[2020-02-17T05:23:38,055][INFO ][o.e.i.q.LegacyGeoShapeFieldQueryTests] [testWrongFieldType] after test
[2020-02-17T05:23:38,057][INFO ][o.e.i.q.LegacyGeoShapeFieldQueryTests] [testToQuery] before test
[2020-02-17T05:23:38,173][INFO ][o.e.i.q.LegacyGeoShapeFieldQueryTests] [testToQuery] after test
[2020-02-17T05:23:38,175][INFO ][o.e.i.q.LegacyGeoShapeFieldQueryTests] [testNoFieldName] before test
[2020-02-17T05:23:38,176][INFO ][o.e.i.q.LegacyGeoShapeFieldQueryTests] [testNoFieldName] after test
[2020-02-17T05:23:38,179][INFO ][o.e.i.q.LegacyGeoShapeFieldQueryTests] [testMultipleRewrite] before test
[2020-02-17T05:23:38,181][INFO ][o.e.i.q.LegacyGeoShapeFieldQueryTests] [testMultipleRewrite] after test
[2020-02-17T05:23:38,185][INFO ][o.e.i.q.LegacyGeoShapeFieldQueryTests] [testNoRelation] before test
[2020-02-17T05:23:38,186][INFO ][o.e.i.q.LegacyGeoShapeFieldQueryTests] [testNoRelation] after test
[2020-02-17T05:23:38,189][INFO ][o.e.i.q.LegacyGeoShapeFieldQueryTests] [testNegativeBoosts] before test
[2020-02-17T05:23:38,189][INFO ][o.e.i.q.LegacyGeoShapeFieldQueryTests] [testNegativeBoosts] after test
[2020-02-17T05:23:38,192][INFO ][o.e.i.q.LegacyGeoShapeFieldQueryTests] [testMustRewrite] before test
[2020-02-17T05:23:38,193][INFO ][o.e.i.q.LegacyGeoShapeFieldQueryTests] [testMustRewrite] after test
[2020-02-17T05:23:38,195][INFO ][o.e.i.q.LegacyGeoShapeFieldQueryTests] [testSerialization] before test
[2020-02-17T05:23:38,196][INFO ][o.e.i.q.LegacyGeoShapeFieldQueryTests] [testSerialization] after test
]]></system-out>
  <system-err><![CDATA[]]></system-err>
</testsuite>
