<?xml version="1.0" encoding="UTF-8"?>
<testsuite name="org.elasticsearch.common.joda.JodaTests" tests="2" skipped="0" failures="0" errors="0" timestamp="2020-02-16T22:21:44" hostname="Escoto-PC" time="0.007">
  <properties/>
  <testcase name="testBasicTTimePattern" classname="org.elasticsearch.common.joda.JodaTests" time="0.004"/>
  <testcase name="testEqualsAndHashcode" classname="org.elasticsearch.common.joda.JodaTests" time="0.003"/>
  <system-out><![CDATA[[2020-02-16T19:21:44,922][INFO ][o.e.c.j.JodaTests        ] [testBasicTTimePattern] before test
[2020-02-16T19:21:44,924][INFO ][o.e.c.j.JodaTests        ] [testBasicTTimePattern] after test
[2020-02-16T19:21:44,925][INFO ][o.e.c.j.JodaTests        ] [testEqualsAndHashcode] before test
[2020-02-16T19:21:44,926][INFO ][o.e.c.j.JodaTests        ] [testEqualsAndHashcode] after test
]]></system-out>
  <system-err><![CDATA[]]></system-err>
</testsuite>
