<?xml version="1.0" encoding="UTF-8"?>
<testsuite name="org.elasticsearch.cluster.routing.allocation.AllocationPriorityTests" tests="1" skipped="0" failures="0" errors="0" timestamp="2020-02-16T22:20:37" hostname="Escoto-PC" time="0.02">
  <properties/>
  <testcase name="testPrioritizedIndicesAllocatedFirst" classname="org.elasticsearch.cluster.routing.allocation.AllocationPriorityTests" time="0.02"/>
  <system-out><![CDATA[[2020-02-16T19:20:37,444][INFO ][o.e.c.r.a.AllocationPriorityTests] [testPrioritizedIndicesAllocatedFirst] before test
[2020-02-16T19:20:37,448][INFO ][o.e.c.r.a.AllocationPriorityTests] [testPrioritizedIndicesAllocatedFirst] after test
]]></system-out>
  <system-err><![CDATA[]]></system-err>
</testsuite>
