<?xml version="1.0" encoding="UTF-8"?>
<testsuite name="org.elasticsearch.search.aggregations.metrics.InternalMedianAbsoluteDeviationTests" tests="5" skipped="0" failures="0" errors="0" timestamp="2020-02-16T22:25:32" hostname="Escoto-PC" time="0.271">
  <properties/>
  <testcase name="testSerialization" classname="org.elasticsearch.search.aggregations.metrics.InternalMedianAbsoluteDeviationTests" time="0.057"/>
  <testcase name="testFromXContentWithRandomFields" classname="org.elasticsearch.search.aggregations.metrics.InternalMedianAbsoluteDeviationTests" time="0.01"/>
  <testcase name="testReduceRandom" classname="org.elasticsearch.search.aggregations.metrics.InternalMedianAbsoluteDeviationTests" time="0.165"/>
  <testcase name="testEqualsAndHashcode" classname="org.elasticsearch.search.aggregations.metrics.InternalMedianAbsoluteDeviationTests" time="0.036"/>
  <testcase name="testFromXContent" classname="org.elasticsearch.search.aggregations.metrics.InternalMedianAbsoluteDeviationTests" time="0.002"/>
  <system-out><![CDATA[[2020-02-17T10:25:32,071][INFO ][o.e.s.a.m.InternalMedianAbsoluteDeviationTests] [testSerialization] before test
[2020-02-17T10:25:32,127][INFO ][o.e.s.a.m.InternalMedianAbsoluteDeviationTests] [testSerialization] after test
[2020-02-17T10:25:32,130][INFO ][o.e.s.a.m.InternalMedianAbsoluteDeviationTests] [testFromXContentWithRandomFields] before test
[2020-02-17T10:25:32,136][INFO ][o.e.s.a.m.InternalMedianAbsoluteDeviationTests] [testFromXContentWithRandomFields] after test
[2020-02-17T10:25:32,140][INFO ][o.e.s.a.m.InternalMedianAbsoluteDeviationTests] [testReduceRandom] before test
[2020-02-17T10:25:32,301][INFO ][o.e.s.a.m.InternalMedianAbsoluteDeviationTests] [testReduceRandom] after test
[2020-02-17T10:25:32,303][INFO ][o.e.s.a.m.InternalMedianAbsoluteDeviationTests] [testEqualsAndHashcode] before test
[2020-02-17T10:25:32,337][INFO ][o.e.s.a.m.InternalMedianAbsoluteDeviationTests] [testEqualsAndHashcode] after test
[2020-02-17T10:25:32,339][INFO ][o.e.s.a.m.InternalMedianAbsoluteDeviationTests] [testFromXContent] before test
[2020-02-17T10:25:32,339][INFO ][o.e.s.a.m.InternalMedianAbsoluteDeviationTests] [testFromXContent] after test
]]></system-out>
  <system-err><![CDATA[]]></system-err>
</testsuite>
