<?xml version="1.0" encoding="UTF-8"?>
<testsuite name="org.elasticsearch.common.unit.RatioValueTests" tests="2" skipped="0" failures="0" errors="0" timestamp="2020-02-16T22:20:50" hostname="Escoto-PC" time="0.005">
  <properties/>
  <testcase name="testNegativeCase" classname="org.elasticsearch.common.unit.RatioValueTests" time="0.003"/>
  <testcase name="testParsing" classname="org.elasticsearch.common.unit.RatioValueTests" time="0.002"/>
  <system-out><![CDATA[[2020-02-16T18:20:50,974][INFO ][o.e.c.u.RatioValueTests  ] [testNegativeCase] before test
[2020-02-16T18:20:50,975][INFO ][o.e.c.u.RatioValueTests  ] [testNegativeCase] after test
[2020-02-16T18:20:50,977][INFO ][o.e.c.u.RatioValueTests  ] [testParsing] before test
[2020-02-16T18:20:50,978][INFO ][o.e.c.u.RatioValueTests  ] [testParsing] after test
]]></system-out>
  <system-err><![CDATA[]]></system-err>
</testsuite>
