<?xml version="1.0" encoding="UTF-8"?>
<testsuite name="org.elasticsearch.common.xcontent.support.filtering.JsonXContentFilteringTests" tests="36" skipped="0" failures="0" errors="0" timestamp="2020-02-16T22:20:55" hostname="Escoto-PC" time="0.298">
  <properties/>
  <testcase name="testEmptyObject" classname="org.elasticsearch.common.xcontent.support.filtering.JsonXContentFilteringTests" time="0.007"/>
  <testcase name="testSimpleArrayOfObjectsPropertyInclusive" classname="org.elasticsearch.common.xcontent.support.filtering.JsonXContentFilteringTests" time="0.003"/>
  <testcase name="testRecurseField1Inclusive" classname="org.elasticsearch.common.xcontent.support.filtering.JsonXContentFilteringTests" time="0.008"/>
  <testcase name="testSingleFieldWithBothExcludesIncludes" classname="org.elasticsearch.common.xcontent.support.filtering.JsonXContentFilteringTests" time="0.002"/>
  <testcase name="testRecurseField2Inclusive" classname="org.elasticsearch.common.xcontent.support.filtering.JsonXContentFilteringTests" time="0.003"/>
  <testcase name="testNoFiltering" classname="org.elasticsearch.common.xcontent.support.filtering.JsonXContentFilteringTests" time="0.003"/>
  <testcase name="testSimpleFieldWithWildcardInclusive" classname="org.elasticsearch.common.xcontent.support.filtering.JsonXContentFilteringTests" time="0.002"/>
  <testcase name="testRecurseField4Exclusive" classname="org.elasticsearch.common.xcontent.support.filtering.JsonXContentFilteringTests" time="0.002"/>
  <testcase name="testArrays" classname="org.elasticsearch.common.xcontent.support.filtering.JsonXContentFilteringTests" time="0.003"/>
  <testcase name="testRecurseField2Exclusive" classname="org.elasticsearch.common.xcontent.support.filtering.JsonXContentFilteringTests" time="0.003"/>
  <testcase name="testMultipleFieldsInclusive" classname="org.elasticsearch.common.xcontent.support.filtering.JsonXContentFilteringTests" time="0.007"/>
  <testcase name="testWithLfAtEnd" classname="org.elasticsearch.common.xcontent.support.filtering.JsonXContentFilteringTests" time="0.006"/>
  <testcase name="testSimpleFieldInclusive" classname="org.elasticsearch.common.xcontent.support.filtering.JsonXContentFilteringTests" time="0.005"/>
  <testcase name="testObjectsInArrayWithBothExcludesIncludes" classname="org.elasticsearch.common.xcontent.support.filtering.JsonXContentFilteringTests" time="0.011"/>
  <testcase name="testSimpleFieldWithWildcardExclusive" classname="org.elasticsearch.common.xcontent.support.filtering.JsonXContentFilteringTests" time="0.008"/>
  <testcase name="testRecurseField1Exclusive" classname="org.elasticsearch.common.xcontent.support.filtering.JsonXContentFilteringTests" time="0.009"/>
  <testcase name="testNoMatch" classname="org.elasticsearch.common.xcontent.support.filtering.JsonXContentFilteringTests" time="0.005"/>
  <testcase name="testSimpleArrayOfObjectsPropertyExclusive" classname="org.elasticsearch.common.xcontent.support.filtering.JsonXContentFilteringTests" time="0.016"/>
  <testcase name="testSimpleArrayExclusive" classname="org.elasticsearch.common.xcontent.support.filtering.JsonXContentFilteringTests" time="0.013"/>
  <testcase name="testRecurseField4Inclusive" classname="org.elasticsearch.common.xcontent.support.filtering.JsonXContentFilteringTests" time="0.002"/>
  <testcase name="testMultipleFieldsExclusive" classname="org.elasticsearch.common.xcontent.support.filtering.JsonXContentFilteringTests" time="0.003"/>
  <testcase name="testRecurseField3Inclusive" classname="org.elasticsearch.common.xcontent.support.filtering.JsonXContentFilteringTests" time="0.003"/>
  <testcase name="testRecursiveObjectsInArrayWithBothExcludesIncludes" classname="org.elasticsearch.common.xcontent.support.filtering.JsonXContentFilteringTests" time="0.015"/>
  <testcase name="testSimpleArrayOfObjectsExclusive" classname="org.elasticsearch.common.xcontent.support.filtering.JsonXContentFilteringTests" time="0.003"/>
  <testcase name="testSingleFieldObject" classname="org.elasticsearch.common.xcontent.support.filtering.JsonXContentFilteringTests" time="0.003"/>
  <testcase name="testRecurseField3Exclusive" classname="org.elasticsearch.common.xcontent.support.filtering.JsonXContentFilteringTests" time="0.003"/>
  <testcase name="testRecursiveObjectsPropertiesWithBothExcludesIncludes" classname="org.elasticsearch.common.xcontent.support.filtering.JsonXContentFilteringTests" time="0.006"/>
  <testcase name="testSimpleFieldExclusive" classname="org.elasticsearch.common.xcontent.support.filtering.JsonXContentFilteringTests" time="0.002"/>
  <testcase name="testBasics" classname="org.elasticsearch.common.xcontent.support.filtering.JsonXContentFilteringTests" time="0.006"/>
  <testcase name="testFilterPrefix" classname="org.elasticsearch.common.xcontent.support.filtering.JsonXContentFilteringTests" time="0.01"/>
  <testcase name="testRecursiveSameObjectWithBothExcludesIncludes" classname="org.elasticsearch.common.xcontent.support.filtering.JsonXContentFilteringTests" time="0.006"/>
  <testcase name="testSimpleArrayInclusive" classname="org.elasticsearch.common.xcontent.support.filtering.JsonXContentFilteringTests" time="0.008"/>
  <testcase name="testSimpleArrayOfObjectsInclusive" classname="org.elasticsearch.common.xcontent.support.filtering.JsonXContentFilteringTests" time="0.005"/>
  <testcase name="testFilterSharedPrefixes" classname="org.elasticsearch.common.xcontent.support.filtering.JsonXContentFilteringTests" time="0.003"/>
  <testcase name="testRawField" classname="org.elasticsearch.common.xcontent.support.filtering.JsonXContentFilteringTests" time="0.003"/>
  <testcase name="testFilterSupplementaryCharactersInPaths" classname="org.elasticsearch.common.xcontent.support.filtering.JsonXContentFilteringTests" time="0.095"/>
  <system-out><![CDATA[[2020-02-17T12:20:55,977][INFO ][o.e.c.x.s.f.JsonXContentFilteringTests] [testEmptyObject] before test
[2020-02-17T12:20:55,980][INFO ][o.e.c.x.s.f.JsonXContentFilteringTests] [testEmptyObject] after test
[2020-02-17T12:20:55,982][INFO ][o.e.c.x.s.f.JsonXContentFilteringTests] [testSimpleArrayOfObjectsPropertyInclusive] before test
[2020-02-17T12:20:55,983][INFO ][o.e.c.x.s.f.JsonXContentFilteringTests] [testSimpleArrayOfObjectsPropertyInclusive] after test
[2020-02-17T12:20:55,986][INFO ][o.e.c.x.s.f.JsonXContentFilteringTests] [testRecurseField1Inclusive] before test
[2020-02-17T12:20:55,991][INFO ][o.e.c.x.s.f.JsonXContentFilteringTests] [testRecurseField1Inclusive] after test
[2020-02-17T12:20:55,993][INFO ][o.e.c.x.s.f.JsonXContentFilteringTests] [testSingleFieldWithBothExcludesIncludes] before test
[2020-02-17T12:20:55,993][INFO ][o.e.c.x.s.f.JsonXContentFilteringTests] [testSingleFieldWithBothExcludesIncludes] after test
[2020-02-17T12:20:55,997][INFO ][o.e.c.x.s.f.JsonXContentFilteringTests] [testRecurseField2Inclusive] before test
[2020-02-17T12:20:55,997][INFO ][o.e.c.x.s.f.JsonXContentFilteringTests] [testRecurseField2Inclusive] after test
[2020-02-17T12:20:56,000][INFO ][o.e.c.x.s.f.JsonXContentFilteringTests] [testNoFiltering] before test
[2020-02-17T12:20:56,000][INFO ][o.e.c.x.s.f.JsonXContentFilteringTests] [testNoFiltering] after test
[2020-02-17T12:20:56,003][INFO ][o.e.c.x.s.f.JsonXContentFilteringTests] [testSimpleFieldWithWildcardInclusive] before test
[2020-02-17T12:20:56,003][INFO ][o.e.c.x.s.f.JsonXContentFilteringTests] [testSimpleFieldWithWildcardInclusive] after test
[2020-02-17T12:20:56,005][INFO ][o.e.c.x.s.f.JsonXContentFilteringTests] [testRecurseField4Exclusive] before test
[2020-02-17T12:20:56,005][INFO ][o.e.c.x.s.f.JsonXContentFilteringTests] [testRecurseField4Exclusive] after test
[2020-02-17T12:20:56,007][INFO ][o.e.c.x.s.f.JsonXContentFilteringTests] [testArrays] before test
[2020-02-17T12:20:56,009][INFO ][o.e.c.x.s.f.JsonXContentFilteringTests] [testArrays] after test
[2020-02-17T12:20:56,011][INFO ][o.e.c.x.s.f.JsonXContentFilteringTests] [testRecurseField2Exclusive] before test
[2020-02-17T12:20:56,012][INFO ][o.e.c.x.s.f.JsonXContentFilteringTests] [testRecurseField2Exclusive] after test
[2020-02-17T12:20:56,018][INFO ][o.e.c.x.s.f.JsonXContentFilteringTests] [testMultipleFieldsInclusive] before test
[2020-02-17T12:20:56,019][INFO ][o.e.c.x.s.f.JsonXContentFilteringTests] [testMultipleFieldsInclusive] after test
[2020-02-17T12:20:56,021][INFO ][o.e.c.x.s.f.JsonXContentFilteringTests] [testWithLfAtEnd] before test
[2020-02-17T12:20:56,025][INFO ][o.e.c.x.s.f.JsonXContentFilteringTests] [testWithLfAtEnd] after test
[2020-02-17T12:20:56,028][INFO ][o.e.c.x.s.f.JsonXContentFilteringTests] [testSimpleFieldInclusive] before test
[2020-02-17T12:20:56,030][INFO ][o.e.c.x.s.f.JsonXContentFilteringTests] [testSimpleFieldInclusive] after test
[2020-02-17T12:20:56,040][INFO ][o.e.c.x.s.f.JsonXContentFilteringTests] [testObjectsInArrayWithBothExcludesIncludes] before test
[2020-02-17T12:20:56,041][INFO ][o.e.c.x.s.f.JsonXContentFilteringTests] [testObjectsInArrayWithBothExcludesIncludes] after test
[2020-02-17T12:20:56,043][INFO ][o.e.c.x.s.f.JsonXContentFilteringTests] [testSimpleFieldWithWildcardExclusive] before test
[2020-02-17T12:20:56,049][INFO ][o.e.c.x.s.f.JsonXContentFilteringTests] [testSimpleFieldWithWildcardExclusive] after test
[2020-02-17T12:20:56,057][INFO ][o.e.c.x.s.f.JsonXContentFilteringTests] [testRecurseField1Exclusive] before test
[2020-02-17T12:20:56,058][INFO ][o.e.c.x.s.f.JsonXContentFilteringTests] [testRecurseField1Exclusive] after test
[2020-02-17T12:20:56,062][INFO ][o.e.c.x.s.f.JsonXContentFilteringTests] [testNoMatch] before test
[2020-02-17T12:20:56,063][INFO ][o.e.c.x.s.f.JsonXContentFilteringTests] [testNoMatch] after test
[2020-02-17T12:20:56,066][INFO ][o.e.c.x.s.f.JsonXContentFilteringTests] [testSimpleArrayOfObjectsPropertyExclusive] before test
[2020-02-17T12:20:56,079][INFO ][o.e.c.x.s.f.JsonXContentFilteringTests] [testSimpleArrayOfObjectsPropertyExclusive] after test
[2020-02-17T12:20:56,091][INFO ][o.e.c.x.s.f.JsonXContentFilteringTests] [testSimpleArrayExclusive] before test
[2020-02-17T12:20:56,092][INFO ][o.e.c.x.s.f.JsonXContentFilteringTests] [testSimpleArrayExclusive] after test
[2020-02-17T12:20:56,094][INFO ][o.e.c.x.s.f.JsonXContentFilteringTests] [testRecurseField4Inclusive] before test
[2020-02-17T12:20:56,095][INFO ][o.e.c.x.s.f.JsonXContentFilteringTests] [testRecurseField4Inclusive] after test
[2020-02-17T12:20:56,097][INFO ][o.e.c.x.s.f.JsonXContentFilteringTests] [testMultipleFieldsExclusive] before test
[2020-02-17T12:20:56,098][INFO ][o.e.c.x.s.f.JsonXContentFilteringTests] [testMultipleFieldsExclusive] after test
[2020-02-17T12:20:56,100][INFO ][o.e.c.x.s.f.JsonXContentFilteringTests] [testRecurseField3Inclusive] before test
[2020-02-17T12:20:56,101][INFO ][o.e.c.x.s.f.JsonXContentFilteringTests] [testRecurseField3Inclusive] after test
[2020-02-17T12:20:56,115][INFO ][o.e.c.x.s.f.JsonXContentFilteringTests] [testRecursiveObjectsInArrayWithBothExcludesIncludes] before test
[2020-02-17T12:20:56,116][INFO ][o.e.c.x.s.f.JsonXContentFilteringTests] [testRecursiveObjectsInArrayWithBothExcludesIncludes] after test
[2020-02-17T12:20:56,118][INFO ][o.e.c.x.s.f.JsonXContentFilteringTests] [testSimpleArrayOfObjectsExclusive] before test
[2020-02-17T12:20:56,120][INFO ][o.e.c.x.s.f.JsonXContentFilteringTests] [testSimpleArrayOfObjectsExclusive] after test
[2020-02-17T12:20:56,122][INFO ][o.e.c.x.s.f.JsonXContentFilteringTests] [testSingleFieldObject] before test
[2020-02-17T12:20:56,123][INFO ][o.e.c.x.s.f.JsonXContentFilteringTests] [testSingleFieldObject] after test
[2020-02-17T12:20:56,125][INFO ][o.e.c.x.s.f.JsonXContentFilteringTests] [testRecurseField3Exclusive] before test
[2020-02-17T12:20:56,125][INFO ][o.e.c.x.s.f.JsonXContentFilteringTests] [testRecurseField3Exclusive] after test
[2020-02-17T12:20:56,132][INFO ][o.e.c.x.s.f.JsonXContentFilteringTests] [testRecursiveObjectsPropertiesWithBothExcludesIncludes] before test
[2020-02-17T12:20:56,132][INFO ][o.e.c.x.s.f.JsonXContentFilteringTests] [testRecursiveObjectsPropertiesWithBothExcludesIncludes] after test
[2020-02-17T12:20:56,135][INFO ][o.e.c.x.s.f.JsonXContentFilteringTests] [testSimpleFieldExclusive] before test
[2020-02-17T12:20:56,135][INFO ][o.e.c.x.s.f.JsonXContentFilteringTests] [testSimpleFieldExclusive] after test
[2020-02-17T12:20:56,137][INFO ][o.e.c.x.s.f.JsonXContentFilteringTests] [testBasics] before test
[2020-02-17T12:20:56,139][INFO ][o.e.c.x.s.f.JsonXContentFilteringTests] [testBasics] after test
[2020-02-17T12:20:56,150][INFO ][o.e.c.x.s.f.JsonXContentFilteringTests] [testFilterPrefix] before test
[2020-02-17T12:20:56,151][INFO ][o.e.c.x.s.f.JsonXContentFilteringTests] [testFilterPrefix] after test
[2020-02-17T12:20:56,156][INFO ][o.e.c.x.s.f.JsonXContentFilteringTests] [testRecursiveSameObjectWithBothExcludesIncludes] before test
[2020-02-17T12:20:56,157][INFO ][o.e.c.x.s.f.JsonXContentFilteringTests] [testRecursiveSameObjectWithBothExcludesIncludes] after test
[2020-02-17T12:20:56,164][INFO ][o.e.c.x.s.f.JsonXContentFilteringTests] [testSimpleArrayInclusive] before test
[2020-02-17T12:20:56,164][INFO ][o.e.c.x.s.f.JsonXContentFilteringTests] [testSimpleArrayInclusive] after test
[2020-02-17T12:20:56,166][INFO ][o.e.c.x.s.f.JsonXContentFilteringTests] [testSimpleArrayOfObjectsInclusive] before test
[2020-02-17T12:20:56,169][INFO ][o.e.c.x.s.f.JsonXContentFilteringTests] [testSimpleArrayOfObjectsInclusive] after test
[2020-02-17T12:20:56,172][INFO ][o.e.c.x.s.f.JsonXContentFilteringTests] [testFilterSharedPrefixes] before test
[2020-02-17T12:20:56,173][INFO ][o.e.c.x.s.f.JsonXContentFilteringTests] [testFilterSharedPrefixes] after test
[2020-02-17T12:20:56,174][INFO ][o.e.c.x.s.f.JsonXContentFilteringTests] [testRawField] before test
[2020-02-17T12:20:56,176][INFO ][o.e.c.x.s.f.JsonXContentFilteringTests] [testRawField] after test
[2020-02-17T12:20:56,270][INFO ][o.e.c.x.s.f.JsonXContentFilteringTests] [testFilterSupplementaryCharactersInPaths] before test
[2020-02-17T12:20:56,271][INFO ][o.e.c.x.s.f.JsonXContentFilteringTests] [testFilterSupplementaryCharactersInPaths] after test
]]></system-out>
  <system-err><![CDATA[]]></system-err>
</testsuite>
