<?xml version="1.0" encoding="UTF-8"?>
<testsuite name="org.elasticsearch.search.aggregations.pipeline.AvgBucketAggregatorTests" tests="1" skipped="0" failures="0" errors="0" timestamp="2020-02-16T22:24:27" hostname="Escoto-PC" time="0.059">
  <properties/>
  <testcase name="testSameAggNames" classname="org.elasticsearch.search.aggregations.pipeline.AvgBucketAggregatorTests" time="0.059"/>
  <system-out><![CDATA[[2020-02-17T00:24:27,687][INFO ][o.e.s.a.p.AvgBucketAggregatorTests] [testSameAggNames] before test
[2020-02-17T00:24:27,745][INFO ][o.e.s.a.p.AvgBucketAggregatorTests] [testSameAggNames] after test
]]></system-out>
  <system-err><![CDATA[]]></system-err>
</testsuite>
