<?xml version="1.0" encoding="UTF-8"?>
<testsuite name="org.elasticsearch.common.rounding.RoundingDuelTests" tests="2" skipped="0" failures="0" errors="0" timestamp="2020-02-16T22:20:48" hostname="Escoto-PC" time="0.008">
  <properties/>
  <testcase name="testDuellingImplementations" classname="org.elasticsearch.common.rounding.RoundingDuelTests" time="0.003"/>
  <testcase name="testSerialization" classname="org.elasticsearch.common.rounding.RoundingDuelTests" time="0.004"/>
  <system-out><![CDATA[[2020-02-16T19:20:48,572][INFO ][o.e.c.r.RoundingDuelTests] [testDuellingImplementations] before test
[2020-02-16T19:20:48,573][INFO ][o.e.c.r.RoundingDuelTests] [testDuellingImplementations] after test
[2020-02-16T19:20:48,575][INFO ][o.e.c.r.RoundingDuelTests] [testSerialization] before test
[2020-02-16T19:20:48,578][INFO ][o.e.c.r.RoundingDuelTests] [testSerialization] after test
]]></system-out>
  <system-err><![CDATA[]]></system-err>
</testsuite>
