<?xml version="1.0" encoding="UTF-8"?>
<testsuite name="org.elasticsearch.index.similarity.NonNegativeScoresSimilarityTests" tests="1" skipped="0" failures="0" errors="0" timestamp="2020-02-16T22:23:36" hostname="Escoto-PC" time="0.014">
  <properties/>
  <testcase name="testBasics" classname="org.elasticsearch.index.similarity.NonNegativeScoresSimilarityTests" time="0.014"/>
  <system-out><![CDATA[[2020-02-16T22:23:36,942][INFO ][o.e.i.s.NonNegativeScoresSimilarityTests] [testBasics] before test
[2020-02-16T22:23:36,943][INFO ][o.e.i.s.NonNegativeScoresSimilarityTests] [testBasics] after test
]]></system-out>
  <system-err><![CDATA[]]></system-err>
</testsuite>
