<?xml version="1.0" encoding="UTF-8"?>
<testsuite name="org.elasticsearch.common.xcontent.UnknownNamedObjectExceptionTests" tests="2" skipped="0" failures="0" errors="0" timestamp="2020-02-16T22:22:03" hostname="Escoto-PC" time="0.004">
  <properties/>
  <testcase name="testRoundTrip" classname="org.elasticsearch.common.xcontent.UnknownNamedObjectExceptionTests" time="0.002"/>
  <testcase name="testStatusCode" classname="org.elasticsearch.common.xcontent.UnknownNamedObjectExceptionTests" time="0.002"/>
  <system-out><![CDATA[[2020-02-16T23:22:03,979][INFO ][o.e.c.x.UnknownNamedObjectExceptionTests] [testRoundTrip] before test
[2020-02-16T23:22:03,980][INFO ][o.e.c.x.UnknownNamedObjectExceptionTests] [testRoundTrip] after test
[2020-02-16T23:22:03,981][INFO ][o.e.c.x.UnknownNamedObjectExceptionTests] [testStatusCode] before test
[2020-02-16T23:22:03,982][INFO ][o.e.c.x.UnknownNamedObjectExceptionTests] [testStatusCode] after test
]]></system-out>
  <system-err><![CDATA[]]></system-err>
</testsuite>
