<?xml version="1.0" encoding="UTF-8"?>
<testsuite name="org.elasticsearch.search.aggregations.pipeline.BucketScriptAggregatorTests" tests="1" skipped="0" failures="0" errors="0" timestamp="2020-02-16T22:25:33" hostname="Escoto-PC" time="0.026">
  <properties/>
  <testcase name="testScript" classname="org.elasticsearch.search.aggregations.pipeline.BucketScriptAggregatorTests" time="0.026"/>
  <system-out><![CDATA[[2020-02-17T00:25:33,234][INFO ][o.e.s.a.p.BucketScriptAggregatorTests] [testScript] before test
[2020-02-17T00:25:33,258][INFO ][o.e.s.a.p.BucketScriptAggregatorTests] [testScript] after test
]]></system-out>
  <system-err><![CDATA[]]></system-err>
</testsuite>
