<?xml version="1.0" encoding="UTF-8"?>
<testsuite name="org.elasticsearch.search.internal.ScrollContextTests" tests="1" skipped="0" failures="0" errors="0" timestamp="2020-02-16T22:25:35" hostname="Escoto-PC" time="0.003">
  <properties/>
  <testcase name="testStoringObjectsInScrollContext" classname="org.elasticsearch.search.internal.ScrollContextTests" time="0.003"/>
  <system-out><![CDATA[[2020-02-17T01:25:35,728][INFO ][o.e.s.i.ScrollContextTests] [testStoringObjectsInScrollContext] before test
[2020-02-17T01:25:35,728][INFO ][o.e.s.i.ScrollContextTests] [testStoringObjectsInScrollContext] after test
]]></system-out>
  <system-err><![CDATA[]]></system-err>
</testsuite>
