<?xml version="1.0" encoding="UTF-8"?>
<testsuite name="org.elasticsearch.common.recycler.QueueRecyclerTests" tests="5" skipped="0" failures="0" errors="0" timestamp="2020-02-16T22:20:48" hostname="Escoto-PC" time="0.014">
  <properties/>
  <testcase name="testDestroyWhenOverCapacity" classname="org.elasticsearch.common.recycler.QueueRecyclerTests" time="0.004"/>
  <testcase name="testRecycle" classname="org.elasticsearch.common.recycler.QueueRecyclerTests" time="0.002"/>
  <testcase name="testReuse" classname="org.elasticsearch.common.recycler.QueueRecyclerTests" time="0.002"/>
  <testcase name="testClose" classname="org.elasticsearch.common.recycler.QueueRecyclerTests" time="0.003"/>
  <testcase name="testDoubleRelease" classname="org.elasticsearch.common.recycler.QueueRecyclerTests" time="0.003"/>
  <system-out><![CDATA[[2020-02-17T12:20:48,510][INFO ][o.e.c.r.QueueRecyclerTests] [testDestroyWhenOverCapacity] before test
[2020-02-17T12:20:48,512][INFO ][o.e.c.r.QueueRecyclerTests] [testDestroyWhenOverCapacity] after test
[2020-02-17T12:20:48,514][INFO ][o.e.c.r.QueueRecyclerTests] [testRecycle] before test
[2020-02-17T12:20:48,514][INFO ][o.e.c.r.QueueRecyclerTests] [testRecycle] after test
[2020-02-17T12:20:48,516][INFO ][o.e.c.r.QueueRecyclerTests] [testReuse] before test
[2020-02-17T12:20:48,516][INFO ][o.e.c.r.QueueRecyclerTests] [testReuse] after test
[2020-02-17T12:20:48,519][INFO ][o.e.c.r.QueueRecyclerTests] [testClose] before test
[2020-02-17T12:20:48,519][INFO ][o.e.c.r.QueueRecyclerTests] [testClose] after test
[2020-02-17T12:20:48,522][INFO ][o.e.c.r.QueueRecyclerTests] [testDoubleRelease] before test
[2020-02-17T12:20:48,522][INFO ][o.e.c.r.QueueRecyclerTests] [testDoubleRelease] after test
]]></system-out>
  <system-err><![CDATA[]]></system-err>
</testsuite>
