<?xml version="1.0" encoding="UTF-8"?>
<testsuite name="org.elasticsearch.action.admin.cluster.settings.ClusterGetSettingsResponseTests" tests="1" skipped="0" failures="0" errors="0" timestamp="2020-02-16T22:20:23" hostname="Escoto-PC" time="0.064">
  <properties/>
  <testcase name="testFromXContent" classname="org.elasticsearch.action.admin.cluster.settings.ClusterGetSettingsResponseTests" time="0.064"/>
  <system-out><![CDATA[[2020-02-17T03:20:23,661][INFO ][o.e.a.a.c.s.ClusterGetSettingsResponseTests] [testFromXContent] before test
[2020-02-17T03:20:23,723][INFO ][o.e.a.a.c.s.ClusterGetSettingsResponseTests] [testFromXContent] after test
]]></system-out>
  <system-err><![CDATA[]]></system-err>
</testsuite>
