<?xml version="1.0" encoding="UTF-8"?>
<testsuite name="org.elasticsearch.search.aggregations.pipeline.SumBucketTests" tests="4" skipped="0" failures="0" errors="0" timestamp="2020-02-16T22:25:35" hostname="Escoto-PC" time="0.021">
  <properties/>
  <testcase name="testValidate" classname="org.elasticsearch.search.aggregations.pipeline.SumBucketTests" time="0.005"/>
  <testcase name="testEqualsAndHashcode" classname="org.elasticsearch.search.aggregations.pipeline.SumBucketTests" time="0.005"/>
  <testcase name="testFromXContent" classname="org.elasticsearch.search.aggregations.pipeline.SumBucketTests" time="0.007"/>
  <testcase name="testSerialization" classname="org.elasticsearch.search.aggregations.pipeline.SumBucketTests" time="0.004"/>
  <system-out><![CDATA[[2020-02-16T16:25:35,102][INFO ][o.e.s.a.p.SumBucketTests ] [testValidate] before test
[2020-02-16T16:25:35,103][INFO ][o.e.s.a.p.SumBucketTests ] [testValidate] after test
[2020-02-16T16:25:35,107][INFO ][o.e.s.a.p.SumBucketTests ] [testEqualsAndHashcode] before test
[2020-02-16T16:25:35,107][INFO ][o.e.s.a.p.SumBucketTests ] [testEqualsAndHashcode] after test
[2020-02-16T16:25:35,114][INFO ][o.e.s.a.p.SumBucketTests ] [testFromXContent] before test
[2020-02-16T16:25:35,114][INFO ][o.e.s.a.p.SumBucketTests ] [testFromXContent] Content string: {
  "ZbgkzxjHjUMdOZD" : {
    "sum_bucket" : {
      "buckets_path" : [
        "rkyMR"
      ],
      "format" : "qTcmRyn",
      "gap_policy" : "skip"
    }
  }
}
[2020-02-16T16:25:35,114][INFO ][o.e.s.a.p.SumBucketTests ] [testFromXContent] Content string: {
  "ZbgkzxjHjUMdOZD" : {
    "sum_bucket" : {
      "buckets_path" : [
        "rkyMR"
      ],
      "format" : "qTcmRyn",
      "gap_policy" : "skip"
    }
  }
}
[2020-02-16T16:25:35,115][INFO ][o.e.s.a.p.SumBucketTests ] [testFromXContent] after test
[2020-02-16T16:25:35,118][INFO ][o.e.s.a.p.SumBucketTests ] [testSerialization] before test
[2020-02-16T16:25:35,118][INFO ][o.e.s.a.p.SumBucketTests ] [testSerialization] after test
]]></system-out>
  <system-err><![CDATA[]]></system-err>
</testsuite>
