<?xml version="1.0" encoding="UTF-8"?>
<testsuite name="org.elasticsearch.action.admin.indices.stats.IndicesStatsResponseTests" tests="2" skipped="0" failures="0" errors="0" timestamp="2020-02-16T22:20:34" hostname="Escoto-PC" time="0.023">
  <properties/>
  <testcase name="testGetIndices" classname="org.elasticsearch.action.admin.indices.stats.IndicesStatsResponseTests" time="0.018"/>
  <testcase name="testInvalidLevel" classname="org.elasticsearch.action.admin.indices.stats.IndicesStatsResponseTests" time="0.005"/>
  <system-out><![CDATA[[2020-02-16T11:20:34,145][INFO ][o.e.a.a.i.s.IndicesStatsResponseTests] [testGetIndices] before test
[2020-02-16T11:20:34,159][INFO ][o.e.a.a.i.s.IndicesStatsResponseTests] [testGetIndices] after test
[2020-02-16T11:20:34,163][INFO ][o.e.a.a.i.s.IndicesStatsResponseTests] [testInvalidLevel] before test
[2020-02-16T11:20:34,164][INFO ][o.e.a.a.i.s.IndicesStatsResponseTests] [testInvalidLevel] after test
]]></system-out>
  <system-err><![CDATA[]]></system-err>
</testsuite>
