<?xml version="1.0" encoding="UTF-8"?>
<testsuite name="org.elasticsearch.action.admin.cluster.settings.ClusterUpdateSettingsRequestTests" tests="2" skipped="0" failures="0" errors="0" timestamp="2020-02-16T22:20:02" hostname="Escoto-PC" time="0.016">
  <properties/>
  <testcase name="testFromXContent" classname="org.elasticsearch.action.admin.cluster.settings.ClusterUpdateSettingsRequestTests" time="0.01"/>
  <testcase name="testFromXContentWithRandomFields" classname="org.elasticsearch.action.admin.cluster.settings.ClusterUpdateSettingsRequestTests" time="0.006"/>
  <system-out><![CDATA[[2020-02-17T05:20:02,138][INFO ][o.e.a.a.c.s.ClusterUpdateSettingsRequestTests] [testFromXContent] before test
[2020-02-17T05:20:02,143][INFO ][o.e.a.a.c.s.ClusterUpdateSettingsRequestTests] [testFromXContent] after test
[2020-02-17T05:20:02,146][INFO ][o.e.a.a.c.s.ClusterUpdateSettingsRequestTests] [testFromXContentWithRandomFields] before test
[2020-02-17T05:20:02,149][INFO ][o.e.a.a.c.s.ClusterUpdateSettingsRequestTests] [testFromXContentWithRandomFields] after test
]]></system-out>
  <system-err><![CDATA[]]></system-err>
</testsuite>
