<?xml version="1.0" encoding="UTF-8"?>
<testsuite name="org.elasticsearch.action.get.MultiGetResponseTests" tests="1" skipped="0" failures="0" errors="0" timestamp="2020-02-16T22:20:18" hostname="Escoto-PC" time="0.053">
  <properties/>
  <testcase name="testFromXContent" classname="org.elasticsearch.action.get.MultiGetResponseTests" time="0.053"/>
  <system-out><![CDATA[[2020-02-17T03:20:18,181][INFO ][o.e.a.g.MultiGetResponseTests] [testFromXContent] before test
[2020-02-17T03:20:18,232][INFO ][o.e.a.g.MultiGetResponseTests] [testFromXContent] after test
]]></system-out>
  <system-err><![CDATA[]]></system-err>
</testsuite>
