<?xml version="1.0" encoding="UTF-8"?>
<testsuite name="org.elasticsearch.index.analysis.StopAnalyzerTests" tests="1" skipped="0" failures="0" errors="0" timestamp="2020-02-16T22:21:14" hostname="Escoto-PC" time="0.011">
  <properties/>
  <testcase name="testDefaultsCompoundAnalysis" classname="org.elasticsearch.index.analysis.StopAnalyzerTests" time="0.011"/>
  <system-out><![CDATA[]]></system-out>
  <system-err><![CDATA[]]></system-err>
</testsuite>
