<?xml version="1.0" encoding="UTF-8"?>
<testsuite name="org.elasticsearch.common.settings.AddStringKeyStoreCommandTests" tests="18" skipped="0" failures="0" errors="0" timestamp="2020-02-16T22:20:48" hostname="Escoto-PC" time="0.876">
  <properties/>
  <testcase name="testStdinLong" classname="org.elasticsearch.common.settings.AddStringKeyStoreCommandTests" time="0.078"/>
  <testcase name="testMissingForceCreate" classname="org.elasticsearch.common.settings.AddStringKeyStoreCommandTests" time="0.05"/>
  <testcase name="testOverwriteForceLong" classname="org.elasticsearch.common.settings.AddStringKeyStoreCommandTests" time="0.057"/>
  <testcase name="testOverwriteForceShort" classname="org.elasticsearch.common.settings.AddStringKeyStoreCommandTests" time="0.057"/>
  <testcase name="testOverwritePromptDefault" classname="org.elasticsearch.common.settings.AddStringKeyStoreCommandTests" time="0.04"/>
  <testcase name="testMissingPromptCreate" classname="org.elasticsearch.common.settings.AddStringKeyStoreCommandTests" time="0.044"/>
  <testcase name="testAddUtf8String" classname="org.elasticsearch.common.settings.AddStringKeyStoreCommandTests" time="0.051"/>
  <testcase name="testStdinInputWithCarriageReturn" classname="org.elasticsearch.common.settings.AddStringKeyStoreCommandTests" time="0.05"/>
  <testcase name="testStdinInputWithLineBreaks" classname="org.elasticsearch.common.settings.AddStringKeyStoreCommandTests" time="0.053"/>
  <testcase name="testOverwritePromptExplicitNo" classname="org.elasticsearch.common.settings.AddStringKeyStoreCommandTests" time="0.043"/>
  <testcase name="testSpecialCharacterInName" classname="org.elasticsearch.common.settings.AddStringKeyStoreCommandTests" time="0.029"/>
  <testcase name="testMissingNoCreate" classname="org.elasticsearch.common.settings.AddStringKeyStoreCommandTests" time="0.003"/>
  <testcase name="testOverwritePromptExplicitYes" classname="org.elasticsearch.common.settings.AddStringKeyStoreCommandTests" time="0.057"/>
  <testcase name="testStdinNoInput" classname="org.elasticsearch.common.settings.AddStringKeyStoreCommandTests" time="0.058"/>
  <testcase name="testPromptForValue" classname="org.elasticsearch.common.settings.AddStringKeyStoreCommandTests" time="0.058"/>
  <testcase name="testForceNonExistent" classname="org.elasticsearch.common.settings.AddStringKeyStoreCommandTests" time="0.058"/>
  <testcase name="testStdinShort" classname="org.elasticsearch.common.settings.AddStringKeyStoreCommandTests" time="0.058"/>
  <testcase name="testMissingSettingName" classname="org.elasticsearch.common.settings.AddStringKeyStoreCommandTests" time="0.03"/>
  <system-out><![CDATA[[2020-02-16T18:20:48,857][INFO ][o.e.c.s.AddStringKeyStoreCommandTests] [testStdinLong] before test
[2020-02-16T18:20:48,931][INFO ][o.e.c.s.AddStringKeyStoreCommandTests] [testStdinLong] after test
[2020-02-16T18:20:48,936][INFO ][o.e.c.s.AddStringKeyStoreCommandTests] [testMissingForceCreate] before test
[2020-02-16T18:20:48,981][INFO ][o.e.c.s.AddStringKeyStoreCommandTests] [testMissingForceCreate] after test
[2020-02-16T18:20:48,986][INFO ][o.e.c.s.AddStringKeyStoreCommandTests] [testOverwriteForceLong] before test
[2020-02-16T18:20:49,039][INFO ][o.e.c.s.AddStringKeyStoreCommandTests] [testOverwriteForceLong] after test
[2020-02-16T18:20:49,041][INFO ][o.e.c.s.AddStringKeyStoreCommandTests] [testOverwriteForceShort] before test
[2020-02-16T18:20:49,096][INFO ][o.e.c.s.AddStringKeyStoreCommandTests] [testOverwriteForceShort] after test
[2020-02-16T18:20:49,098][INFO ][o.e.c.s.AddStringKeyStoreCommandTests] [testOverwritePromptDefault] before test
[2020-02-16T18:20:49,136][INFO ][o.e.c.s.AddStringKeyStoreCommandTests] [testOverwritePromptDefault] after test
[2020-02-16T18:20:49,138][INFO ][o.e.c.s.AddStringKeyStoreCommandTests] [testMissingPromptCreate] before test
[2020-02-16T18:20:49,180][INFO ][o.e.c.s.AddStringKeyStoreCommandTests] [testMissingPromptCreate] after test
[2020-02-16T18:20:49,181][INFO ][o.e.c.s.AddStringKeyStoreCommandTests] [testAddUtf8String] before test
[2020-02-16T18:20:49,231][INFO ][o.e.c.s.AddStringKeyStoreCommandTests] [testAddUtf8String] after test
[2020-02-16T18:20:49,232][INFO ][o.e.c.s.AddStringKeyStoreCommandTests] [testStdinInputWithCarriageReturn] before test
[2020-02-16T18:20:49,281][INFO ][o.e.c.s.AddStringKeyStoreCommandTests] [testStdinInputWithCarriageReturn] after test
[2020-02-16T18:20:49,283][INFO ][o.e.c.s.AddStringKeyStoreCommandTests] [testStdinInputWithLineBreaks] before test
[2020-02-16T18:20:49,334][INFO ][o.e.c.s.AddStringKeyStoreCommandTests] [testStdinInputWithLineBreaks] after test
[2020-02-16T18:20:49,337][INFO ][o.e.c.s.AddStringKeyStoreCommandTests] [testOverwritePromptExplicitNo] before test
[2020-02-16T18:20:49,377][INFO ][o.e.c.s.AddStringKeyStoreCommandTests] [testOverwritePromptExplicitNo] after test
[2020-02-16T18:20:49,379][INFO ][o.e.c.s.AddStringKeyStoreCommandTests] [testSpecialCharacterInName] before test
[2020-02-16T18:20:49,407][INFO ][o.e.c.s.AddStringKeyStoreCommandTests] [testSpecialCharacterInName] after test
[2020-02-16T18:20:49,409][INFO ][o.e.c.s.AddStringKeyStoreCommandTests] [testMissingNoCreate] before test
[2020-02-16T18:20:49,410][INFO ][o.e.c.s.AddStringKeyStoreCommandTests] [testMissingNoCreate] after test
[2020-02-16T18:20:49,412][INFO ][o.e.c.s.AddStringKeyStoreCommandTests] [testOverwritePromptExplicitYes] before test
[2020-02-16T18:20:49,467][INFO ][o.e.c.s.AddStringKeyStoreCommandTests] [testOverwritePromptExplicitYes] after test
[2020-02-16T18:20:49,471][INFO ][o.e.c.s.AddStringKeyStoreCommandTests] [testStdinNoInput] before test
[2020-02-16T18:20:49,524][INFO ][o.e.c.s.AddStringKeyStoreCommandTests] [testStdinNoInput] after test
[2020-02-16T18:20:49,527][INFO ][o.e.c.s.AddStringKeyStoreCommandTests] [testPromptForValue] before test
[2020-02-16T18:20:49,582][INFO ][o.e.c.s.AddStringKeyStoreCommandTests] [testPromptForValue] after test
[2020-02-16T18:20:49,586][INFO ][o.e.c.s.AddStringKeyStoreCommandTests] [testForceNonExistent] before test
[2020-02-16T18:20:49,641][INFO ][o.e.c.s.AddStringKeyStoreCommandTests] [testForceNonExistent] after test
[2020-02-16T18:20:49,646][INFO ][o.e.c.s.AddStringKeyStoreCommandTests] [testStdinShort] before test
[2020-02-16T18:20:49,699][INFO ][o.e.c.s.AddStringKeyStoreCommandTests] [testStdinShort] after test
[2020-02-16T18:20:49,701][INFO ][o.e.c.s.AddStringKeyStoreCommandTests] [testMissingSettingName] before test
[2020-02-16T18:20:49,729][INFO ][o.e.c.s.AddStringKeyStoreCommandTests] [testMissingSettingName] after test
]]></system-out>
  <system-err><![CDATA[]]></system-err>
</testsuite>
