<?xml version="1.0" encoding="UTF-8"?>
<testsuite name="org.elasticsearch.common.settings.AddFileKeyStoreCommandTests" tests="13" skipped="0" failures="0" errors="0" timestamp="2020-02-16T22:21:50" hostname="Escoto-PC" time="1.465">
  <properties/>
  <testcase name="testForceNonExistent" classname="org.elasticsearch.common.settings.AddFileKeyStoreCommandTests" time="0.622"/>
  <testcase name="testExtraArguments" classname="org.elasticsearch.common.settings.AddFileKeyStoreCommandTests" time="0.062"/>
  <testcase name="testOverwritePromptExplicitYes" classname="org.elasticsearch.common.settings.AddFileKeyStoreCommandTests" time="0.135"/>
  <testcase name="testOverwriteForceLong" classname="org.elasticsearch.common.settings.AddFileKeyStoreCommandTests" time="0.071"/>
  <testcase name="testOverwritePromptDefault" classname="org.elasticsearch.common.settings.AddFileKeyStoreCommandTests" time="0.056"/>
  <testcase name="testMissingNoCreate" classname="org.elasticsearch.common.settings.AddFileKeyStoreCommandTests" time="0.013"/>
  <testcase name="testFileDNE" classname="org.elasticsearch.common.settings.AddFileKeyStoreCommandTests" time="0.044"/>
  <testcase name="testMissingForceCreate" classname="org.elasticsearch.common.settings.AddFileKeyStoreCommandTests" time="0.048"/>
  <testcase name="testMissingFileName" classname="org.elasticsearch.common.settings.AddFileKeyStoreCommandTests" time="0.029"/>
  <testcase name="testMissingPromptCreate" classname="org.elasticsearch.common.settings.AddFileKeyStoreCommandTests" time="0.098"/>
  <testcase name="testOverwritePromptExplicitNo" classname="org.elasticsearch.common.settings.AddFileKeyStoreCommandTests" time="0.168"/>
  <testcase name="testMissingSettingName" classname="org.elasticsearch.common.settings.AddFileKeyStoreCommandTests" time="0.042"/>
  <testcase name="testOverwriteForceShort" classname="org.elasticsearch.common.settings.AddFileKeyStoreCommandTests" time="0.073"/>
  <system-out><![CDATA[[2020-02-17T03:21:50,258][INFO ][o.e.c.s.AddFileKeyStoreCommandTests] [testForceNonExistent] before test
[2020-02-17T03:21:50,876][INFO ][o.e.c.s.AddFileKeyStoreCommandTests] [testForceNonExistent] after test
[2020-02-17T03:21:50,878][INFO ][o.e.c.s.AddFileKeyStoreCommandTests] [testExtraArguments] before test
[2020-02-17T03:21:50,938][INFO ][o.e.c.s.AddFileKeyStoreCommandTests] [testExtraArguments] after test
[2020-02-17T03:21:50,947][INFO ][o.e.c.s.AddFileKeyStoreCommandTests] [testOverwritePromptExplicitYes] before test
[2020-02-17T03:21:51,073][INFO ][o.e.c.s.AddFileKeyStoreCommandTests] [testOverwritePromptExplicitYes] after test
[2020-02-17T03:21:51,078][INFO ][o.e.c.s.AddFileKeyStoreCommandTests] [testOverwriteForceLong] before test
[2020-02-17T03:21:51,145][INFO ][o.e.c.s.AddFileKeyStoreCommandTests] [testOverwriteForceLong] after test
[2020-02-17T03:21:51,147][INFO ][o.e.c.s.AddFileKeyStoreCommandTests] [testOverwritePromptDefault] before test
[2020-02-17T03:21:51,202][INFO ][o.e.c.s.AddFileKeyStoreCommandTests] [testOverwritePromptDefault] after test
[2020-02-17T03:21:51,213][INFO ][o.e.c.s.AddFileKeyStoreCommandTests] [testMissingNoCreate] before test
[2020-02-17T03:21:51,215][INFO ][o.e.c.s.AddFileKeyStoreCommandTests] [testMissingNoCreate] after test
[2020-02-17T03:21:51,230][INFO ][o.e.c.s.AddFileKeyStoreCommandTests] [testFileDNE] before test
[2020-02-17T03:21:51,258][INFO ][o.e.c.s.AddFileKeyStoreCommandTests] [testFileDNE] after test
[2020-02-17T03:21:51,260][INFO ][o.e.c.s.AddFileKeyStoreCommandTests] [testMissingForceCreate] before test
[2020-02-17T03:21:51,307][INFO ][o.e.c.s.AddFileKeyStoreCommandTests] [testMissingForceCreate] after test
[2020-02-17T03:21:51,309][INFO ][o.e.c.s.AddFileKeyStoreCommandTests] [testMissingFileName] before test
[2020-02-17T03:21:51,336][INFO ][o.e.c.s.AddFileKeyStoreCommandTests] [testMissingFileName] after test
[2020-02-17T03:21:51,340][INFO ][o.e.c.s.AddFileKeyStoreCommandTests] [testMissingPromptCreate] before test
[2020-02-17T03:21:51,435][INFO ][o.e.c.s.AddFileKeyStoreCommandTests] [testMissingPromptCreate] after test
[2020-02-17T03:21:51,445][INFO ][o.e.c.s.AddFileKeyStoreCommandTests] [testOverwritePromptExplicitNo] before test
[2020-02-17T03:21:51,603][INFO ][o.e.c.s.AddFileKeyStoreCommandTests] [testOverwritePromptExplicitNo] after test
[2020-02-17T03:21:51,606][INFO ][o.e.c.s.AddFileKeyStoreCommandTests] [testMissingSettingName] before test
[2020-02-17T03:21:51,646][INFO ][o.e.c.s.AddFileKeyStoreCommandTests] [testMissingSettingName] after test
[2020-02-17T03:21:51,648][INFO ][o.e.c.s.AddFileKeyStoreCommandTests] [testOverwriteForceShort] before test
[2020-02-17T03:21:51,720][INFO ][o.e.c.s.AddFileKeyStoreCommandTests] [testOverwriteForceShort] after test
]]></system-out>
  <system-err><![CDATA[]]></system-err>
</testsuite>
