<?xml version="1.0" encoding="UTF-8"?>
<testsuite name="org.elasticsearch.action.admin.cluster.configuration.ClearVotingConfigExclusionsRequestTests" tests="1" skipped="0" failures="0" errors="0" timestamp="2020-02-16T22:20:00" hostname="Escoto-PC" time="0.007">
  <properties/>
  <testcase name="testSerialization" classname="org.elasticsearch.action.admin.cluster.configuration.ClearVotingConfigExclusionsRequestTests" time="0.007"/>
  <system-out><![CDATA[[2020-02-16T18:20:00,150][INFO ][o.e.a.a.c.c.ClearVotingConfigExclusionsRequestTests] [testSerialization] before test
[2020-02-16T18:20:00,154][INFO ][o.e.a.a.c.c.ClearVotingConfigExclusionsRequestTests] [testSerialization] after test
]]></system-out>
  <system-err><![CDATA[]]></system-err>
</testsuite>
