<?xml version="1.0" encoding="UTF-8"?>
<testsuite name="org.elasticsearch.watcher.ResourceWatcherServiceTests" tests="2" skipped="0" failures="0" errors="0" timestamp="2020-02-16T22:25:13" hostname="Escoto-PC" time="0.006">
  <properties/>
  <testcase name="testHandle" classname="org.elasticsearch.watcher.ResourceWatcherServiceTests" time="0.004"/>
  <testcase name="testSettings" classname="org.elasticsearch.watcher.ResourceWatcherServiceTests" time="0.002"/>
  <system-out><![CDATA[[2020-02-17T01:25:13,103][INFO ][o.e.w.ResourceWatcherServiceTests] [testHandle] before test
[2020-02-17T01:25:13,105][INFO ][o.e.w.ResourceWatcherServiceTests] [testHandle] after test
[2020-02-17T01:25:13,107][INFO ][o.e.w.ResourceWatcherServiceTests] [testSettings] before test
[2020-02-17T01:25:13,107][INFO ][o.e.w.ResourceWatcherServiceTests] [testSettings] after test
]]></system-out>
  <system-err><![CDATA[]]></system-err>
</testsuite>
