<?xml version="1.0" encoding="UTF-8"?>
<testsuite name="org.elasticsearch.search.query.QueryPhaseTests" tests="13" skipped="0" failures="0" errors="0" timestamp="2020-02-16T22:25:35" hostname="Escoto-PC" time="0.375">
  <properties/>
  <testcase name="testDisableTopScoreCollection" classname="org.elasticsearch.search.query.QueryPhaseTests" time="0.05"/>
  <testcase name="testCountWithDeletions" classname="org.elasticsearch.search.query.QueryPhaseTests" time="0.022"/>
  <testcase name="testTerminateAfterWithFilter" classname="org.elasticsearch.search.query.QueryPhaseTests" time="0.04"/>
  <testcase name="testMinScoreDisablesCountOptimization" classname="org.elasticsearch.search.query.QueryPhaseTests" time="0.02"/>
  <testcase name="testQueryCapturesThreadPoolStats" classname="org.elasticsearch.search.query.QueryPhaseTests" time="0.02"/>
  <testcase name="testIndexSortingEarlyTermination" classname="org.elasticsearch.search.query.QueryPhaseTests" time="0.031"/>
  <testcase name="testCountWithoutDeletions" classname="org.elasticsearch.search.query.QueryPhaseTests" time="0.023"/>
  <testcase name="testIndexSortScrollOptimization" classname="org.elasticsearch.search.query.QueryPhaseTests" time="0.058"/>
  <testcase name="testInOrderScrollOptimization" classname="org.elasticsearch.search.query.QueryPhaseTests" time="0.032"/>
  <testcase name="testMaxScoreQueryVisitor" classname="org.elasticsearch.search.query.QueryPhaseTests" time="0.016"/>
  <testcase name="testTerminateAfterEarlyTermination" classname="org.elasticsearch.search.query.QueryPhaseTests" time="0.026"/>
  <testcase name="testMinScore" classname="org.elasticsearch.search.query.QueryPhaseTests" time="0.018"/>
  <testcase name="testPostFilterDisablesCountOptimization" classname="org.elasticsearch.search.query.QueryPhaseTests" time="0.019"/>
  <system-out><![CDATA[[2020-02-16T12:25:35,954][INFO ][o.e.s.q.QueryPhaseTests  ] [testDisableTopScoreCollection] before test
[2020-02-16T12:25:35,969][INFO ][o.e.s.q.QueryPhaseTests  ] [testDisableTopScoreCollection] after test
[2020-02-16T12:25:35,984][INFO ][o.e.s.q.QueryPhaseTests  ] [testCountWithDeletions] before test
[2020-02-16T12:25:35,991][INFO ][o.e.s.q.QueryPhaseTests  ] [testCountWithDeletions] after test
[2020-02-16T12:25:36,027][INFO ][o.e.s.q.QueryPhaseTests  ] [testTerminateAfterWithFilter] before test
[2020-02-16T12:25:36,031][INFO ][o.e.s.q.QueryPhaseTests  ] [testTerminateAfterWithFilter] after test
[2020-02-16T12:25:36,047][INFO ][o.e.s.q.QueryPhaseTests  ] [testMinScoreDisablesCountOptimization] before test
[2020-02-16T12:25:36,049][INFO ][o.e.s.q.QueryPhaseTests  ] [testMinScoreDisablesCountOptimization] after test
[2020-02-16T12:25:36,067][INFO ][o.e.s.q.QueryPhaseTests  ] [testQueryCapturesThreadPoolStats] before test
[2020-02-16T12:25:36,071][INFO ][o.e.s.q.QueryPhaseTests  ] [testQueryCapturesThreadPoolStats] after test
[2020-02-16T12:25:36,085][INFO ][o.e.s.q.QueryPhaseTests  ] [testIndexSortingEarlyTermination] before test
[2020-02-16T12:25:36,101][INFO ][o.e.s.q.QueryPhaseTests  ] [testIndexSortingEarlyTermination] after test
[2020-02-16T12:25:36,115][INFO ][o.e.s.q.QueryPhaseTests  ] [testCountWithoutDeletions] before test
[2020-02-16T12:25:36,124][INFO ][o.e.s.q.QueryPhaseTests  ] [testCountWithoutDeletions] after test
[2020-02-16T12:25:36,141][INFO ][o.e.s.q.QueryPhaseTests  ] [testIndexSortScrollOptimization] before test
[2020-02-16T12:25:36,182][INFO ][o.e.s.q.QueryPhaseTests  ] [testIndexSortScrollOptimization] after test
[2020-02-16T12:25:36,202][INFO ][o.e.s.q.QueryPhaseTests  ] [testInOrderScrollOptimization] before test
[2020-02-16T12:25:36,214][INFO ][o.e.s.q.QueryPhaseTests  ] [testInOrderScrollOptimization] after test
[2020-02-16T12:25:36,231][INFO ][o.e.s.q.QueryPhaseTests  ] [testMaxScoreQueryVisitor] before test
[2020-02-16T12:25:36,231][INFO ][o.e.s.q.QueryPhaseTests  ] [testMaxScoreQueryVisitor] after test
[2020-02-16T12:25:36,246][INFO ][o.e.s.q.QueryPhaseTests  ] [testTerminateAfterEarlyTermination] before test
[2020-02-16T12:25:36,257][INFO ][o.e.s.q.QueryPhaseTests  ] [testTerminateAfterEarlyTermination] after test
[2020-02-16T12:25:36,272][INFO ][o.e.s.q.QueryPhaseTests  ] [testMinScore] before test
[2020-02-16T12:25:36,275][INFO ][o.e.s.q.QueryPhaseTests  ] [testMinScore] after test
[2020-02-16T12:25:36,291][INFO ][o.e.s.q.QueryPhaseTests  ] [testPostFilterDisablesCountOptimization] before test
[2020-02-16T12:25:36,294][INFO ][o.e.s.q.QueryPhaseTests  ] [testPostFilterDisablesCountOptimization] after test
]]></system-out>
  <system-err><![CDATA[]]></system-err>
</testsuite>
