<?xml version="1.0" encoding="UTF-8"?>
<testsuite name="org.elasticsearch.index.mapper.IpRangeFieldMapperTests" tests="1" skipped="0" failures="0" errors="0" timestamp="2020-02-16T22:22:37" hostname="Escoto-PC" time="1.162">
  <properties/>
  <testcase name="testStoreCidr" classname="org.elasticsearch.index.mapper.IpRangeFieldMapperTests" time="1.162"/>
  <system-out><![CDATA[[2020-02-17T07:22:37,646][INFO ][o.e.e.NodeEnvironment    ] [testStoreCidr] using [1] data paths, mounts [[Old HDD (E:)]], net usable_space [89.5gb], net total_space [232.8gb], types [NTFS]
[2020-02-17T07:22:37,647][INFO ][o.e.e.NodeEnvironment    ] [testStoreCidr] heap size [512mb], compressed ordinary object pointers [true]
[2020-02-17T07:22:37,649][INFO ][o.e.n.Node               ] [testStoreCidr] node name [node_s_0], node ID [uuZHa_34T9KuG1uHN3Jb3Q], cluster name [single-node-cluster-TEST_WORKER_VM=[13]-CLUSTER_SEED=[-8036617182575603392]-HASH=[1414177C9FC]]
[2020-02-17T07:22:37,649][INFO ][o.e.n.Node               ] [testStoreCidr] version[7.5.1], pid[5104], build[unknown/unknown/unknown/unknown], OS[Windows 7/6.1/amd64], JVM[Oracle Corporation/OpenJDK 64-Bit Server VM/12.0.2/12.0.2+10]
[2020-02-17T07:22:37,649][INFO ][o.e.n.Node               ] [testStoreCidr] JVM home [C:\Program Files\Java\jdk-12.0.2]
[2020-02-17T07:22:37,649][INFO ][o.e.n.Node               ] [testStoreCidr] JVM arguments [-Dcompiler.java=12, -Des.scripting.update.ctx_in_params=false, -Des.transport.cname_in_publish_address=true, -Dgradle.dist.lib=C:\Users\Escoto\.gradle\wrapper\dists\gradle-5.6.2-bin\3clyn6icets6f02ptgd5hlmou\gradle-5.6.2\lib, -Dgradle.user.home=C:\Users\Escoto\.gradle, -Dgradle.worker.jar=C:\Users\Escoto\.gradle/caches/5.6.2/workerMain/gradle-worker.jar, -Dio.netty.noKeySetOptimization=true, -Dio.netty.noUnsafe=true, -Dio.netty.recycler.maxCapacityPerThread=0, -Djava.awt.headless=true, -Djna.nosys=true, -Dorg.gradle.native=false, -Druntime.java=12, -Dtests.artifact=server, -Dtests.gradle=true, -Dtests.logger.level=WARN, -Dtests.security.manager=true, -Dtests.seed=9EA1F2A3814E5F76, -Dtests.task=:server:test, -Dtests.timeoutSuite=1800000!, -esa, --illegal-access=warn, -XX:+HeapDumpOnOutOfMemoryError, -XX:HeapDumpPath=E:\NotD\git\elasticsearch\server\build\heapdump, -Xms512m, -Xmx512m, -Dfile.encoding=windows-1252, -Djava.io.tmpdir=./temp, -Duser.country=US, -Duser.language=en, -Duser.variant, -ea]
[2020-02-17T07:22:37,650][INFO ][o.e.p.PluginsService     ] [testStoreCidr] no modules loaded
[2020-02-17T07:22:37,650][INFO ][o.e.p.PluginsService     ] [testStoreCidr] loaded plugin [org.elasticsearch.test.MockHttpTransport$TestPlugin]
[2020-02-17T07:22:37,650][INFO ][o.e.p.PluginsService     ] [testStoreCidr] loaded plugin [org.elasticsearch.transport.nio.MockNioTransportPlugin]
[2020-02-17T07:22:37,874][INFO ][o.e.d.DiscoveryModule    ] [testStoreCidr] using discovery type [zen] and seed hosts providers [settings]
[2020-02-17T07:22:37,885][INFO ][o.e.n.Node               ] [testStoreCidr] initialized
[2020-02-17T07:22:37,885][INFO ][o.e.n.Node               ] [testStoreCidr] starting ...
[2020-02-17T07:22:38,563][INFO ][o.e.t.TransportService   ] [testStoreCidr] publish_address {127.0.0.1:11600}, bound_addresses {127.0.0.1:11600}, {[::1]:11600}
[2020-02-17T07:22:38,570][INFO ][o.e.c.c.Coordinator      ] [testStoreCidr] setting initial configuration to VotingConfiguration{uuZHa_34T9KuG1uHN3Jb3Q}
[2020-02-17T07:22:38,611][INFO ][o.e.c.s.MasterService    ] [node_s_0] elected-as-master ([1] nodes joined)[{node_s_0}{uuZHa_34T9KuG1uHN3Jb3Q}{su3HRVf7Q7yltwb4yRtVHQ}{127.0.0.1}{127.0.0.1:11600}{dim} elect leader, _BECOME_MASTER_TASK_, _FINISH_ELECTION_], term: 1, version: 1, delta: master node changed {previous [], current [{node_s_0}{uuZHa_34T9KuG1uHN3Jb3Q}{su3HRVf7Q7yltwb4yRtVHQ}{127.0.0.1}{127.0.0.1:11600}{dim}]}
[2020-02-17T07:22:38,620][INFO ][o.e.c.c.CoordinationState] [node_s_0] cluster UUID set to [8APm7OGhR46DEnhScY4mXg]
[2020-02-17T07:22:38,631][INFO ][o.e.c.s.ClusterApplierService] [node_s_0] master node changed {previous [], current [{node_s_0}{uuZHa_34T9KuG1uHN3Jb3Q}{su3HRVf7Q7yltwb4yRtVHQ}{127.0.0.1}{127.0.0.1:11600}{dim}]}, term: 1, version: 1, reason: Publication{term=1, version=1}
[2020-02-17T07:22:38,638][INFO ][o.e.n.Node               ] [testStoreCidr] started
[2020-02-17T07:22:38,646][INFO ][o.e.g.GatewayService     ] [node_s_0] recovered [0] indices into cluster_state
[2020-02-17T07:22:38,646][INFO ][o.e.c.m.MetaDataIndexTemplateService] [node_s_0] adding template [one_shard_index_template] for index patterns [*]
[2020-02-17T07:22:38,661][INFO ][o.e.c.m.MetaDataIndexTemplateService] [node_s_0] adding template [random-soft-deletes-template] for index patterns [*]
[2020-02-17T07:22:38,671][INFO ][o.e.i.m.IpRangeFieldMapperTests] [testStoreCidr] before test
[2020-02-17T07:22:38,672][INFO ][o.e.c.m.MetaDataCreateIndexService] [node_s_0] [test] creating index, cause [api], templates [one_shard_index_template, random-soft-deletes-template], shards [1]/[0], mappings []
[2020-02-17T07:22:38,748][INFO ][o.e.c.r.a.AllocationService] [node_s_0] Cluster health status changed from [YELLOW] to [GREEN] (reason: [shards started [[test][0]]]).
[2020-02-17T07:22:38,767][INFO ][o.e.i.m.IpRangeFieldMapperTests] [testStoreCidr] after test
[2020-02-17T07:22:38,767][INFO ][o.e.c.m.MetaDataDeleteIndexService] [node_s_0] [test/orO1nkjpRUWg6hGJfOOB7A] deleting index
[2020-02-17T07:22:38,794][INFO ][o.e.n.Node               ] [suite] stopping ...
[2020-02-17T07:22:38,797][INFO ][o.e.n.Node               ] [suite] stopped
[2020-02-17T07:22:38,797][INFO ][o.e.n.Node               ] [suite] closing ...
[2020-02-17T07:22:38,802][INFO ][o.e.n.Node               ] [suite] closed
]]></system-out>
  <system-err><![CDATA[]]></system-err>
</testsuite>
