<?xml version="1.0" encoding="UTF-8"?>
<testsuite name="org.elasticsearch.index.mapper.GeoShapeFieldMapperTests" tests="8" skipped="0" failures="0" errors="0" timestamp="2020-02-16T22:23:12" hostname="Escoto-PC" time="2.19">
  <properties/>
  <testcase name="testSerializeDefaults" classname="org.elasticsearch.index.mapper.GeoShapeFieldMapperTests" time="1.108"/>
  <testcase name="testCoerceParsing" classname="org.elasticsearch.index.mapper.GeoShapeFieldMapperTests" time="0.176"/>
  <testcase name="testOrientationParsing" classname="org.elasticsearch.index.mapper.GeoShapeFieldMapperTests" time="0.192"/>
  <testcase name="testGeoShapeMapperMerge" classname="org.elasticsearch.index.mapper.GeoShapeFieldMapperTests" time="0.11"/>
  <testcase name="testDefaultConfiguration" classname="org.elasticsearch.index.mapper.GeoShapeFieldMapperTests" time="0.098"/>
  <testcase name="testEmptyName" classname="org.elasticsearch.index.mapper.GeoShapeFieldMapperTests" time="0.107"/>
  <testcase name="testIgnoreMalformedParsing" classname="org.elasticsearch.index.mapper.GeoShapeFieldMapperTests" time="0.209"/>
  <testcase name="testIgnoreZValue" classname="org.elasticsearch.index.mapper.GeoShapeFieldMapperTests" time="0.19"/>
  <system-out><![CDATA[[2020-02-17T06:23:12,375][INFO ][o.e.e.NodeEnvironment    ] [testSerializeDefaults] using [1] data paths, mounts [[Old HDD (E:)]], net usable_space [89.5gb], net total_space [232.8gb], types [NTFS]
[2020-02-17T06:23:12,375][INFO ][o.e.e.NodeEnvironment    ] [testSerializeDefaults] heap size [512mb], compressed ordinary object pointers [true]
[2020-02-17T06:23:12,377][INFO ][o.e.n.Node               ] [testSerializeDefaults] node name [node_s_0], node ID [o1p7bFolSveddqq0AdHqmA], cluster name [single-node-cluster-TEST_WORKER_VM=[12]-CLUSTER_SEED=[1177641393879669905]-HASH=[1495748EB89]]
[2020-02-17T06:23:12,377][INFO ][o.e.n.Node               ] [testSerializeDefaults] version[7.5.1], pid[2148], build[unknown/unknown/unknown/unknown], OS[Windows 7/6.1/amd64], JVM[Oracle Corporation/OpenJDK 64-Bit Server VM/12.0.2/12.0.2+10]
[2020-02-17T06:23:12,377][INFO ][o.e.n.Node               ] [testSerializeDefaults] JVM home [C:\Program Files\Java\jdk-12.0.2]
[2020-02-17T06:23:12,377][INFO ][o.e.n.Node               ] [testSerializeDefaults] JVM arguments [-Dcompiler.java=12, -Des.scripting.update.ctx_in_params=false, -Des.transport.cname_in_publish_address=true, -Dgradle.dist.lib=C:\Users\Escoto\.gradle\wrapper\dists\gradle-5.6.2-bin\3clyn6icets6f02ptgd5hlmou\gradle-5.6.2\lib, -Dgradle.user.home=C:\Users\Escoto\.gradle, -Dgradle.worker.jar=C:\Users\Escoto\.gradle/caches/5.6.2/workerMain/gradle-worker.jar, -Dio.netty.noKeySetOptimization=true, -Dio.netty.noUnsafe=true, -Dio.netty.recycler.maxCapacityPerThread=0, -Djava.awt.headless=true, -Djna.nosys=true, -Dorg.gradle.native=false, -Druntime.java=12, -Dtests.artifact=server, -Dtests.gradle=true, -Dtests.logger.level=WARN, -Dtests.security.manager=true, -Dtests.seed=9EA1F2A3814E5F76, -Dtests.task=:server:test, -Dtests.timeoutSuite=1800000!, -esa, --illegal-access=warn, -XX:+HeapDumpOnOutOfMemoryError, -XX:HeapDumpPath=E:\NotD\git\elasticsearch\server\build\heapdump, -Xms512m, -Xmx512m, -Dfile.encoding=windows-1252, -Djava.io.tmpdir=./temp, -Duser.country=US, -Duser.language=en, -Duser.variant, -ea]
[2020-02-17T06:23:12,378][INFO ][o.e.p.PluginsService     ] [testSerializeDefaults] no modules loaded
[2020-02-17T06:23:12,378][INFO ][o.e.p.PluginsService     ] [testSerializeDefaults] loaded plugin [org.elasticsearch.test.InternalSettingsPlugin]
[2020-02-17T06:23:12,378][INFO ][o.e.p.PluginsService     ] [testSerializeDefaults] loaded plugin [org.elasticsearch.test.MockHttpTransport$TestPlugin]
[2020-02-17T06:23:12,378][INFO ][o.e.p.PluginsService     ] [testSerializeDefaults] loaded plugin [org.elasticsearch.transport.nio.MockNioTransportPlugin]
[2020-02-17T06:23:12,599][INFO ][o.e.d.DiscoveryModule    ] [testSerializeDefaults] using discovery type [zen] and seed hosts providers [settings]
[2020-02-17T06:23:12,610][INFO ][o.e.n.Node               ] [testSerializeDefaults] initialized
[2020-02-17T06:23:12,610][INFO ][o.e.n.Node               ] [testSerializeDefaults] starting ...
[2020-02-17T06:23:13,181][INFO ][o.e.t.TransportService   ] [testSerializeDefaults] publish_address {127.0.0.1:11500}, bound_addresses {127.0.0.1:11500}, {[::1]:11500}
[2020-02-17T06:23:13,190][INFO ][o.e.c.c.Coordinator      ] [testSerializeDefaults] setting initial configuration to VotingConfiguration{o1p7bFolSveddqq0AdHqmA}
[2020-02-17T06:23:13,295][INFO ][o.e.c.s.MasterService    ] [node_s_0] elected-as-master ([1] nodes joined)[{node_s_0}{o1p7bFolSveddqq0AdHqmA}{d9fwG-XuRuuq149R5OqCpQ}{127.0.0.1}{127.0.0.1:11500}{dim} elect leader, _BECOME_MASTER_TASK_, _FINISH_ELECTION_], term: 1, version: 1, delta: master node changed {previous [], current [{node_s_0}{o1p7bFolSveddqq0AdHqmA}{d9fwG-XuRuuq149R5OqCpQ}{127.0.0.1}{127.0.0.1:11500}{dim}]}
[2020-02-17T06:23:13,302][INFO ][o.e.c.c.CoordinationState] [node_s_0] cluster UUID set to [tv7RbZJsR0qeVy5XUfsf2w]
[2020-02-17T06:23:13,310][INFO ][o.e.c.s.ClusterApplierService] [node_s_0] master node changed {previous [], current [{node_s_0}{o1p7bFolSveddqq0AdHqmA}{d9fwG-XuRuuq149R5OqCpQ}{127.0.0.1}{127.0.0.1:11500}{dim}]}, term: 1, version: 1, reason: Publication{term=1, version=1}
[2020-02-17T06:23:13,310][INFO ][o.e.n.Node               ] [testSerializeDefaults] started
[2020-02-17T06:23:13,316][INFO ][o.e.g.GatewayService     ] [node_s_0] recovered [0] indices into cluster_state
[2020-02-17T06:23:13,317][INFO ][o.e.c.m.MetaDataIndexTemplateService] [node_s_0] adding template [one_shard_index_template] for index patterns [*]
[2020-02-17T06:23:13,329][INFO ][o.e.c.m.MetaDataIndexTemplateService] [node_s_0] adding template [random-soft-deletes-template] for index patterns [*]
[2020-02-17T06:23:13,338][INFO ][o.e.i.m.GeoShapeFieldMapperTests] [testSerializeDefaults] before test
[2020-02-17T06:23:13,339][INFO ][o.e.c.m.MetaDataCreateIndexService] [node_s_0] [test] creating index, cause [api], templates [random-soft-deletes-template, one_shard_index_template], shards [1]/[0], mappings []
[2020-02-17T06:23:13,420][INFO ][o.e.c.r.a.AllocationService] [node_s_0] Cluster health status changed from [YELLOW] to [GREEN] (reason: [shards started [[test][0]]]).
[2020-02-17T06:23:13,433][INFO ][o.e.i.m.GeoShapeFieldMapperTests] [testSerializeDefaults] after test
[2020-02-17T06:23:13,433][INFO ][o.e.c.m.MetaDataDeleteIndexService] [node_s_0] [test/AlPEMBnpQ_Kyrde_x_X11A] deleting index
[2020-02-17T06:23:13,469][INFO ][o.e.i.m.GeoShapeFieldMapperTests] [testCoerceParsing] before test
[2020-02-17T06:23:13,473][INFO ][o.e.c.m.MetaDataCreateIndexService] [node_s_0] [test] creating index, cause [api], templates [random-soft-deletes-template, one_shard_index_template], shards [1]/[0], mappings []
[2020-02-17T06:23:13,532][INFO ][o.e.c.r.a.AllocationService] [node_s_0] Cluster health status changed from [YELLOW] to [GREEN] (reason: [shards started [[test][0]]]).
[2020-02-17T06:23:13,546][INFO ][o.e.c.m.MetaDataCreateIndexService] [node_s_0] [test2] creating index, cause [api], templates [random-soft-deletes-template, one_shard_index_template], shards [1]/[0], mappings []
[2020-02-17T06:23:13,596][INFO ][o.e.c.r.a.AllocationService] [node_s_0] Cluster health status changed from [YELLOW] to [GREEN] (reason: [shards started [[test2][0]]]).
[2020-02-17T06:23:13,605][INFO ][o.e.i.m.GeoShapeFieldMapperTests] [testCoerceParsing] after test
[2020-02-17T06:23:13,605][INFO ][o.e.c.m.MetaDataDeleteIndexService] [node_s_0] [test2/X2Rq8JqMQUiuuxlaGWKZvw] deleting index
[2020-02-17T06:23:13,605][INFO ][o.e.c.m.MetaDataDeleteIndexService] [node_s_0] [test/QJttZz_YRlmynq7xhnk3MA] deleting index
[2020-02-17T06:23:13,645][INFO ][o.e.i.m.GeoShapeFieldMapperTests] [testOrientationParsing] before test
[2020-02-17T06:23:13,647][INFO ][o.e.c.m.MetaDataCreateIndexService] [node_s_0] [test] creating index, cause [api], templates [random-soft-deletes-template, one_shard_index_template], shards [1]/[0], mappings []
[2020-02-17T06:23:13,698][INFO ][o.e.c.r.a.AllocationService] [node_s_0] Cluster health status changed from [YELLOW] to [GREEN] (reason: [shards started [[test][0]]]).
[2020-02-17T06:23:13,715][INFO ][o.e.c.m.MetaDataCreateIndexService] [node_s_0] [test2] creating index, cause [api], templates [random-soft-deletes-template, one_shard_index_template], shards [1]/[0], mappings []
[2020-02-17T06:23:13,769][INFO ][o.e.c.r.a.AllocationService] [node_s_0] Cluster health status changed from [YELLOW] to [GREEN] (reason: [shards started [[test2][0]]]).
[2020-02-17T06:23:13,781][INFO ][o.e.i.m.GeoShapeFieldMapperTests] [testOrientationParsing] after test
[2020-02-17T06:23:13,781][INFO ][o.e.c.m.MetaDataDeleteIndexService] [node_s_0] [test/pARJErJ2TSGrgua5KRct5w] deleting index
[2020-02-17T06:23:13,781][INFO ][o.e.c.m.MetaDataDeleteIndexService] [node_s_0] [test2/DQ7JHJlVRF-Eop6rSU3FJQ] deleting index
[2020-02-17T06:23:13,843][INFO ][o.e.i.m.GeoShapeFieldMapperTests] [testGeoShapeMapperMerge] before test
[2020-02-17T06:23:13,844][INFO ][o.e.c.m.MetaDataCreateIndexService] [node_s_0] [test] creating index, cause [api], templates [random-soft-deletes-template, one_shard_index_template], shards [1]/[0], mappings []
[2020-02-17T06:23:13,895][INFO ][o.e.c.r.a.AllocationService] [node_s_0] Cluster health status changed from [YELLOW] to [GREEN] (reason: [shards started [[test][0]]]).
[2020-02-17T06:23:13,916][INFO ][o.e.i.m.GeoShapeFieldMapperTests] [testGeoShapeMapperMerge] after test
[2020-02-17T06:23:13,917][INFO ][o.e.c.m.MetaDataDeleteIndexService] [node_s_0] [test/CGYAne8BQS6Q8u6SuU-fCw] deleting index
[2020-02-17T06:23:13,954][INFO ][o.e.i.m.GeoShapeFieldMapperTests] [testDefaultConfiguration] before test
[2020-02-17T06:23:13,955][INFO ][o.e.c.m.MetaDataCreateIndexService] [node_s_0] [test] creating index, cause [api], templates [random-soft-deletes-template, one_shard_index_template], shards [1]/[0], mappings []
[2020-02-17T06:23:14,010][INFO ][o.e.c.r.a.AllocationService] [node_s_0] Cluster health status changed from [YELLOW] to [GREEN] (reason: [shards started [[test][0]]]).
[2020-02-17T06:23:14,019][INFO ][o.e.i.m.GeoShapeFieldMapperTests] [testDefaultConfiguration] after test
[2020-02-17T06:23:14,020][INFO ][o.e.c.m.MetaDataDeleteIndexService] [node_s_0] [test/Ib0tF0v4QtiVa_wIKe1tjg] deleting index
[2020-02-17T06:23:14,046][INFO ][o.e.i.m.GeoShapeFieldMapperTests] [testEmptyName] before test
[2020-02-17T06:23:14,047][INFO ][o.e.c.m.MetaDataCreateIndexService] [node_s_0] [test] creating index, cause [api], templates [random-soft-deletes-template, one_shard_index_template], shards [1]/[0], mappings []
[2020-02-17T06:23:14,098][INFO ][o.e.c.r.a.AllocationService] [node_s_0] Cluster health status changed from [YELLOW] to [GREEN] (reason: [shards started [[test][0]]]).
[2020-02-17T06:23:14,112][INFO ][o.e.i.m.GeoShapeFieldMapperTests] [testEmptyName] after test
[2020-02-17T06:23:14,113][INFO ][o.e.c.m.MetaDataDeleteIndexService] [node_s_0] [test/Uyxqe3YwT-y0OQs9DSmTLw] deleting index
[2020-02-17T06:23:14,152][INFO ][o.e.i.m.GeoShapeFieldMapperTests] [testIgnoreMalformedParsing] before test
[2020-02-17T06:23:14,155][INFO ][o.e.c.m.MetaDataCreateIndexService] [node_s_0] [test] creating index, cause [api], templates [random-soft-deletes-template, one_shard_index_template], shards [1]/[0], mappings []
[2020-02-17T06:23:14,225][INFO ][o.e.c.r.a.AllocationService] [node_s_0] Cluster health status changed from [YELLOW] to [GREEN] (reason: [shards started [[test][0]]]).
[2020-02-17T06:23:14,244][INFO ][o.e.c.m.MetaDataCreateIndexService] [node_s_0] [test2] creating index, cause [api], templates [random-soft-deletes-template, one_shard_index_template], shards [1]/[0], mappings []
[2020-02-17T06:23:14,316][INFO ][o.e.c.r.a.AllocationService] [node_s_0] Cluster health status changed from [YELLOW] to [GREEN] (reason: [shards started [[test2][0]]]).
[2020-02-17T06:23:14,326][INFO ][o.e.i.m.GeoShapeFieldMapperTests] [testIgnoreMalformedParsing] after test
[2020-02-17T06:23:14,326][INFO ][o.e.c.m.MetaDataDeleteIndexService] [node_s_0] [test2/gPHBEVmCQjaLyE2xoF5xnA] deleting index
[2020-02-17T06:23:14,327][INFO ][o.e.c.m.MetaDataDeleteIndexService] [node_s_0] [test/k0MQQSASRuG2A1EslsHJ3g] deleting index
[2020-02-17T06:23:14,362][INFO ][o.e.i.m.GeoShapeFieldMapperTests] [testIgnoreZValue] before test
[2020-02-17T06:23:14,363][INFO ][o.e.c.m.MetaDataCreateIndexService] [node_s_0] [test] creating index, cause [api], templates [random-soft-deletes-template, one_shard_index_template], shards [1]/[0], mappings []
[2020-02-17T06:23:14,429][INFO ][o.e.c.r.a.AllocationService] [node_s_0] Cluster health status changed from [YELLOW] to [GREEN] (reason: [shards started [[test][0]]]).
[2020-02-17T06:23:14,443][INFO ][o.e.c.m.MetaDataCreateIndexService] [node_s_0] [test2] creating index, cause [api], templates [random-soft-deletes-template, one_shard_index_template], shards [1]/[0], mappings []
[2020-02-17T06:23:14,502][INFO ][o.e.c.r.a.AllocationService] [node_s_0] Cluster health status changed from [YELLOW] to [GREEN] (reason: [shards started [[test2][0]]]).
[2020-02-17T06:23:14,513][INFO ][o.e.i.m.GeoShapeFieldMapperTests] [testIgnoreZValue] after test
[2020-02-17T06:23:14,513][INFO ][o.e.c.m.MetaDataDeleteIndexService] [node_s_0] [test2/fsEA5IlKSG2g9fXUNvZ_9A] deleting index
[2020-02-17T06:23:14,513][INFO ][o.e.c.m.MetaDataDeleteIndexService] [node_s_0] [test/01PkW3QoQX6-UTOwQmqimg] deleting index
[2020-02-17T06:23:14,550][INFO ][o.e.n.Node               ] [suite] stopping ...
[2020-02-17T06:23:14,568][INFO ][o.e.n.Node               ] [suite] stopped
[2020-02-17T06:23:14,568][INFO ][o.e.n.Node               ] [suite] closing ...
[2020-02-17T06:23:14,569][INFO ][o.e.n.Node               ] [suite] closed
]]></system-out>
  <system-err><![CDATA[]]></system-err>
</testsuite>
