<?xml version="1.0" encoding="UTF-8"?>
<testsuite name="org.elasticsearch.common.settings.KeyStoreWrapperTests" tests="16" skipped="0" failures="0" errors="0" timestamp="2020-02-16T22:21:52" hostname="Escoto-PC" time="1.295">
  <properties/>
  <testcase name="testLegacyV3" classname="org.elasticsearch.common.settings.KeyStoreWrapperTests" time="0.021"/>
  <testcase name="testFailWhenCannotConsumeSecretStream" classname="org.elasticsearch.common.settings.KeyStoreWrapperTests" time="0.03"/>
  <testcase name="testFailWhenSecretStreamNotConsumed" classname="org.elasticsearch.common.settings.KeyStoreWrapperTests" time="0.052"/>
  <testcase name="testValueSHA256Digest" classname="org.elasticsearch.common.settings.KeyStoreWrapperTests" time="0.009"/>
  <testcase name="testBackcompatV1" classname="org.elasticsearch.common.settings.KeyStoreWrapperTests" time="0.333"/>
  <testcase name="testUpgradeAddsSeed" classname="org.elasticsearch.common.settings.KeyStoreWrapperTests" time="0.089"/>
  <testcase name="testFailWhenEncryptedBytesStreamIsNotConsumed" classname="org.elasticsearch.common.settings.KeyStoreWrapperTests" time="0.033"/>
  <testcase name="testStringAndFileDistinction" classname="org.elasticsearch.common.settings.KeyStoreWrapperTests" time="0.238"/>
  <testcase name="testCannotReadStringFromClosedKeystore" classname="org.elasticsearch.common.settings.KeyStoreWrapperTests" time="0.004"/>
  <testcase name="testCreate" classname="org.elasticsearch.common.settings.KeyStoreWrapperTests" time="0.003"/>
  <testcase name="testFailWhenCannotConsumeEncryptedBytesStream" classname="org.elasticsearch.common.settings.KeyStoreWrapperTests" time="0.104"/>
  <testcase name="testFileSettingExhaustiveBytes" classname="org.elasticsearch.common.settings.KeyStoreWrapperTests" time="0.049"/>
  <testcase name="testUpgradeNoop" classname="org.elasticsearch.common.settings.KeyStoreWrapperTests" time="0.03"/>
  <testcase name="testDecryptKeyStoreWithWrongPassword" classname="org.elasticsearch.common.settings.KeyStoreWrapperTests" time="0.028"/>
  <testcase name="testBackcompatV2" classname="org.elasticsearch.common.settings.KeyStoreWrapperTests" time="0.231"/>
  <testcase name="testIllegalSettingName" classname="org.elasticsearch.common.settings.KeyStoreWrapperTests" time="0.038"/>
  <system-out><![CDATA[[2020-02-16T23:21:52,224][INFO ][o.e.c.s.KeyStoreWrapperTests] [testLegacyV3] before test
[2020-02-16T23:21:52,240][INFO ][o.e.c.s.KeyStoreWrapperTests] [testLegacyV3] after test
[2020-02-16T23:21:52,242][INFO ][o.e.c.s.KeyStoreWrapperTests] [testFailWhenCannotConsumeSecretStream] before test
[2020-02-16T23:21:52,271][INFO ][o.e.c.s.KeyStoreWrapperTests] [testFailWhenCannotConsumeSecretStream] after test
[2020-02-16T23:21:52,295][INFO ][o.e.c.s.KeyStoreWrapperTests] [testFailWhenSecretStreamNotConsumed] before test
[2020-02-16T23:21:52,323][INFO ][o.e.c.s.KeyStoreWrapperTests] [testFailWhenSecretStreamNotConsumed] after test
[2020-02-16T23:21:52,330][INFO ][o.e.c.s.KeyStoreWrapperTests] [testValueSHA256Digest] before test
[2020-02-16T23:21:52,332][INFO ][o.e.c.s.KeyStoreWrapperTests] [testValueSHA256Digest] after test
[2020-02-16T23:21:52,334][INFO ][o.e.c.s.KeyStoreWrapperTests] [testBackcompatV1] before test
[2020-02-16T23:21:52,664][INFO ][o.e.c.s.KeyStoreWrapperTests] [testBackcompatV1] after test
[2020-02-16T23:21:52,666][INFO ][o.e.c.s.KeyStoreWrapperTests] [testUpgradeAddsSeed] before test
[2020-02-16T23:21:52,754][INFO ][o.e.c.s.KeyStoreWrapperTests] [testUpgradeAddsSeed] after test
[2020-02-16T23:21:52,755][INFO ][o.e.c.s.KeyStoreWrapperTests] [testFailWhenEncryptedBytesStreamIsNotConsumed] before test
[2020-02-16T23:21:52,788][INFO ][o.e.c.s.KeyStoreWrapperTests] [testFailWhenEncryptedBytesStreamIsNotConsumed] after test
[2020-02-16T23:21:52,985][INFO ][o.e.c.s.KeyStoreWrapperTests] [testStringAndFileDistinction] before test
[2020-02-16T23:21:53,026][INFO ][o.e.c.s.KeyStoreWrapperTests] [testStringAndFileDistinction] after test
[2020-02-16T23:21:53,028][INFO ][o.e.c.s.KeyStoreWrapperTests] [testCannotReadStringFromClosedKeystore] before test
[2020-02-16T23:21:53,030][INFO ][o.e.c.s.KeyStoreWrapperTests] [testCannotReadStringFromClosedKeystore] after test
[2020-02-16T23:21:53,032][INFO ][o.e.c.s.KeyStoreWrapperTests] [testCreate] before test
[2020-02-16T23:21:53,033][INFO ][o.e.c.s.KeyStoreWrapperTests] [testCreate] after test
[2020-02-16T23:21:53,123][INFO ][o.e.c.s.KeyStoreWrapperTests] [testFailWhenCannotConsumeEncryptedBytesStream] before test
[2020-02-16T23:21:53,137][INFO ][o.e.c.s.KeyStoreWrapperTests] [testFailWhenCannotConsumeEncryptedBytesStream] after test
[2020-02-16T23:21:53,158][INFO ][o.e.c.s.KeyStoreWrapperTests] [testFileSettingExhaustiveBytes] before test
[2020-02-16T23:21:53,186][INFO ][o.e.c.s.KeyStoreWrapperTests] [testFileSettingExhaustiveBytes] after test
[2020-02-16T23:21:53,189][INFO ][o.e.c.s.KeyStoreWrapperTests] [testUpgradeNoop] before test
[2020-02-16T23:21:53,216][INFO ][o.e.c.s.KeyStoreWrapperTests] [testUpgradeNoop] after test
[2020-02-16T23:21:53,218][INFO ][o.e.c.s.KeyStoreWrapperTests] [testDecryptKeyStoreWithWrongPassword] before test
[2020-02-16T23:21:53,245][INFO ][o.e.c.s.KeyStoreWrapperTests] [testDecryptKeyStoreWithWrongPassword] after test
[2020-02-16T23:21:53,246][INFO ][o.e.c.s.KeyStoreWrapperTests] [testBackcompatV2] before test
[2020-02-16T23:21:53,476][INFO ][o.e.c.s.KeyStoreWrapperTests] [testBackcompatV2] after test
[2020-02-16T23:21:53,512][INFO ][o.e.c.s.KeyStoreWrapperTests] [testIllegalSettingName] before test
[2020-02-16T23:21:53,514][INFO ][o.e.c.s.KeyStoreWrapperTests] [testIllegalSettingName] after test
]]></system-out>
  <system-err><![CDATA[]]></system-err>
</testsuite>
