<?xml version="1.0" encoding="UTF-8"?>
<testsuite name="org.elasticsearch.search.aggregations.metrics.InternalWeightedAvgTests" tests="5" skipped="0" failures="0" errors="0" timestamp="2020-02-16T22:25:32" hostname="Escoto-PC" time="0.012">
  <properties/>
  <testcase name="testSerialization" classname="org.elasticsearch.search.aggregations.metrics.InternalWeightedAvgTests" time="0.002"/>
  <testcase name="testFromXContentWithRandomFields" classname="org.elasticsearch.search.aggregations.metrics.InternalWeightedAvgTests" time="0.002"/>
  <testcase name="testReduceRandom" classname="org.elasticsearch.search.aggregations.metrics.InternalWeightedAvgTests" time="0.002"/>
  <testcase name="testEqualsAndHashcode" classname="org.elasticsearch.search.aggregations.metrics.InternalWeightedAvgTests" time="0.003"/>
  <testcase name="testFromXContent" classname="org.elasticsearch.search.aggregations.metrics.InternalWeightedAvgTests" time="0.002"/>
  <system-out><![CDATA[[2020-02-16T16:25:32,500][INFO ][o.e.s.a.m.InternalWeightedAvgTests] [testSerialization] before test
[2020-02-16T16:25:32,501][INFO ][o.e.s.a.m.InternalWeightedAvgTests] [testSerialization] after test
[2020-02-16T16:25:32,503][INFO ][o.e.s.a.m.InternalWeightedAvgTests] [testFromXContentWithRandomFields] before test
[2020-02-16T16:25:32,503][INFO ][o.e.s.a.m.InternalWeightedAvgTests] [testFromXContentWithRandomFields] after test
[2020-02-16T16:25:32,505][INFO ][o.e.s.a.m.InternalWeightedAvgTests] [testReduceRandom] before test
[2020-02-16T16:25:32,506][INFO ][o.e.s.a.m.InternalWeightedAvgTests] [testReduceRandom] after test
[2020-02-16T16:25:32,508][INFO ][o.e.s.a.m.InternalWeightedAvgTests] [testEqualsAndHashcode] before test
[2020-02-16T16:25:32,508][INFO ][o.e.s.a.m.InternalWeightedAvgTests] [testEqualsAndHashcode] after test
[2020-02-16T16:25:32,510][INFO ][o.e.s.a.m.InternalWeightedAvgTests] [testFromXContent] before test
[2020-02-16T16:25:32,510][INFO ][o.e.s.a.m.InternalWeightedAvgTests] [testFromXContent] after test
]]></system-out>
  <system-err><![CDATA[]]></system-err>
</testsuite>
