<?xml version="1.0" encoding="UTF-8"?>
<testsuite name="org.elasticsearch.gateway.GatewayServiceTests" tests="1" skipped="0" failures="0" errors="0" timestamp="2020-02-16T22:21:11" hostname="Escoto-PC" time="0.011">
  <properties/>
  <testcase name="testDefaultRecoverAfterTime" classname="org.elasticsearch.gateway.GatewayServiceTests" time="0.011"/>
  <system-out><![CDATA[[2020-02-16T19:21:11,838][INFO ][o.e.g.GatewayServiceTests] [testDefaultRecoverAfterTime] before test
[2020-02-16T19:21:11,847][INFO ][o.e.g.GatewayServiceTests] [testDefaultRecoverAfterTime] after test
]]></system-out>
  <system-err><![CDATA[]]></system-err>
</testsuite>
