<?xml version="1.0" encoding="UTF-8"?>
<testsuite name="org.elasticsearch.rest.action.RestMainActionTests" tests="2" skipped="0" failures="0" errors="0" timestamp="2020-02-16T22:24:05" hostname="Escoto-PC" time="0.007">
  <properties/>
  <testcase name="testGetResponse" classname="org.elasticsearch.rest.action.RestMainActionTests" time="0.003"/>
  <testcase name="testHeadResponse" classname="org.elasticsearch.rest.action.RestMainActionTests" time="0.004"/>
  <system-out><![CDATA[[2020-02-16T22:24:05,155][INFO ][o.e.r.a.RestMainActionTests] [testGetResponse] before test
[2020-02-16T22:24:05,156][INFO ][o.e.r.a.RestMainActionTests] [testGetResponse] after test
[2020-02-16T22:24:05,160][INFO ][o.e.r.a.RestMainActionTests] [testHeadResponse] before test
[2020-02-16T22:24:05,160][INFO ][o.e.r.a.RestMainActionTests] [testHeadResponse] after test
]]></system-out>
  <system-err><![CDATA[]]></system-err>
</testsuite>
