<?xml version="1.0" encoding="UTF-8"?>
<testsuite name="org.elasticsearch.action.main.MainActionTests" tests="1" skipped="0" failures="0" errors="0" timestamp="2020-02-16T22:20:18" hostname="Escoto-PC" time="0.012">
  <properties/>
  <testcase name="testMainActionClusterAvailable" classname="org.elasticsearch.action.main.MainActionTests" time="0.012"/>
  <system-out><![CDATA[[2020-02-16T23:20:18,643][INFO ][o.e.a.m.MainActionTests  ] [testMainActionClusterAvailable] before test
[2020-02-16T23:20:18,652][INFO ][o.e.a.m.MainActionTests  ] [testMainActionClusterAvailable] after test
]]></system-out>
  <system-err><![CDATA[]]></system-err>
</testsuite>
