<?xml version="1.0" encoding="UTF-8"?>
<testsuite name="org.elasticsearch.common.rounding.DateTimeUnitTests" tests="1" skipped="0" failures="0" errors="0" timestamp="2020-02-16T22:21:49" hostname="Escoto-PC" time="0.011">
  <properties/>
  <testcase name="testEnumIds" classname="org.elasticsearch.common.rounding.DateTimeUnitTests" time="0.011"/>
  <system-out><![CDATA[[2020-02-17T00:21:49,612][INFO ][o.e.c.r.DateTimeUnitTests] [testEnumIds] before test
[2020-02-17T00:21:49,615][INFO ][o.e.c.r.DateTimeUnitTests] [testEnumIds] after test
]]></system-out>
  <system-err><![CDATA[]]></system-err>
</testsuite>
