<?xml version="1.0" encoding="UTF-8"?>
<testsuite name="org.elasticsearch.common.io.stream.ReleasableBytesStreamOutputTests" tests="1" skipped="0" failures="0" errors="0" timestamp="2020-02-16T22:20:46" hostname="Escoto-PC" time="0.004">
  <properties/>
  <testcase name="testRelease" classname="org.elasticsearch.common.io.stream.ReleasableBytesStreamOutputTests" time="0.004"/>
  <system-out><![CDATA[[2020-02-16T18:20:46,019][INFO ][o.e.c.i.s.ReleasableBytesStreamOutputTests] [testRelease] before test
[2020-02-16T18:20:46,021][INFO ][o.e.c.i.s.ReleasableBytesStreamOutputTests] [testRelease] after test
]]></system-out>
  <system-err><![CDATA[]]></system-err>
</testsuite>
