<?xml version="1.0" encoding="UTF-8"?>
<testsuite name="org.elasticsearch.action.get.MultiGetShardRequestTests" tests="1" skipped="0" failures="0" errors="0" timestamp="2020-02-16T22:20:36" hostname="Escoto-PC" time="0.006">
  <properties/>
  <testcase name="testSerialization" classname="org.elasticsearch.action.get.MultiGetShardRequestTests" time="0.006"/>
  <system-out><![CDATA[[2020-02-17T09:20:36,819][INFO ][o.e.a.g.MultiGetShardRequestTests] [testSerialization] before test
[2020-02-17T09:20:36,822][INFO ][o.e.a.g.MultiGetShardRequestTests] [testSerialization] after test
]]></system-out>
  <system-err><![CDATA[]]></system-err>
</testsuite>
