<?xml version="1.0" encoding="UTF-8"?>
<testsuite name="org.elasticsearch.search.rescore.QueryRescoreModeTests" tests="1" skipped="0" failures="0" errors="0" timestamp="2020-02-16T22:24:38" hostname="Escoto-PC" time="0.013">
  <properties/>
  <testcase name="testQueryRescoreMode" classname="org.elasticsearch.search.rescore.QueryRescoreModeTests" time="0.013"/>
  <system-out><![CDATA[[2020-02-16T22:24:38,437][INFO ][o.e.s.r.QueryRescoreModeTests] [testQueryRescoreMode] before test
[2020-02-16T22:24:38,438][INFO ][o.e.s.r.QueryRescoreModeTests] [testQueryRescoreMode] after test
]]></system-out>
  <system-err><![CDATA[]]></system-err>
</testsuite>
