<?xml version="1.0" encoding="UTF-8"?>
<testsuite name="org.elasticsearch.index.query.functionscore.ScoreFunctionBuilderTests" tests="2" skipped="0" failures="0" errors="0" timestamp="2020-02-16T22:23:37" hostname="Escoto-PC" time="0.028">
  <properties/>
  <testcase name="testIllegalArguments" classname="org.elasticsearch.index.query.functionscore.ScoreFunctionBuilderTests" time="0.005"/>
  <testcase name="testRandomScoreFunctionWithSeed" classname="org.elasticsearch.index.query.functionscore.ScoreFunctionBuilderTests" time="0.023"/>
  <system-out><![CDATA[[2020-02-16T19:23:37,186][INFO ][o.e.i.q.f.ScoreFunctionBuilderTests] [testIllegalArguments] before test
[2020-02-16T19:23:37,187][INFO ][o.e.i.q.f.ScoreFunctionBuilderTests] [testIllegalArguments] after test
[2020-02-16T19:23:37,202][INFO ][o.e.i.q.f.ScoreFunctionBuilderTests] [testRandomScoreFunctionWithSeed] before test
[2020-02-16T19:23:37,211][WARN ][o.e.d.i.q.f.RandomScoreFunctionBuilder] [testRandomScoreFunctionWithSeed] As of version 7.0 Elasticsearch will require that a [field] parameter is provided when a [seed] is set
[2020-02-16T19:23:37,211][INFO ][o.e.i.q.f.ScoreFunctionBuilderTests] [testRandomScoreFunctionWithSeed] after test
]]></system-out>
  <system-err><![CDATA[]]></system-err>
</testsuite>
