<?xml version="1.0" encoding="UTF-8"?>
<testsuite name="org.elasticsearch.client.transport.TransportClientTests" tests="4" skipped="0" failures="0" errors="0" timestamp="2020-02-16T22:20:51" hostname="Escoto-PC" time="0.072">
  <properties/>
  <testcase name="testThatUsingAClosedClientThrowsAnException" classname="org.elasticsearch.client.transport.TransportClientTests" time="0.016"/>
  <testcase name="testDefaultHeader" classname="org.elasticsearch.client.transport.TransportClientTests" time="0.027"/>
  <testcase name="testPluginNamedWriteablesRegistered" classname="org.elasticsearch.client.transport.TransportClientTests" time="0.013"/>
  <testcase name="testSettingsContainsTransportClient" classname="org.elasticsearch.client.transport.TransportClientTests" time="0.016"/>
  <system-out><![CDATA[[2020-02-17T03:20:51,887][INFO ][o.e.c.t.TransportClientTests] [testThatUsingAClosedClientThrowsAnException] before test
[2020-02-17T03:20:51,887][INFO ][o.e.p.PluginsService     ] [testThatUsingAClosedClientThrowsAnException] no modules loaded
[2020-02-17T03:20:51,887][INFO ][o.e.p.PluginsService     ] [testThatUsingAClosedClientThrowsAnException] loaded plugin [org.elasticsearch.transport.nio.MockNioTransportPlugin]
[2020-02-17T03:20:51,900][INFO ][o.e.c.t.TransportClientTests] [testThatUsingAClosedClientThrowsAnException] after test
[2020-02-17T03:20:51,904][INFO ][o.e.c.t.TransportClientTests] [testDefaultHeader] before test
[2020-02-17T03:20:51,905][INFO ][o.e.p.PluginsService     ] [testDefaultHeader] no modules loaded
[2020-02-17T03:20:51,905][INFO ][o.e.p.PluginsService     ] [testDefaultHeader] loaded plugin [org.elasticsearch.client.transport.TransportClientTests$MockPlugin]
[2020-02-17T03:20:51,905][INFO ][o.e.p.PluginsService     ] [testDefaultHeader] loaded plugin [org.elasticsearch.transport.nio.MockNioTransportPlugin]
[2020-02-17T03:20:51,927][INFO ][o.e.c.t.TransportClientTests] [testDefaultHeader] after test
[2020-02-17T03:20:51,929][INFO ][o.e.c.t.TransportClientTests] [testPluginNamedWriteablesRegistered] before test
[2020-02-17T03:20:51,930][INFO ][o.e.p.PluginsService     ] [testPluginNamedWriteablesRegistered] no modules loaded
[2020-02-17T03:20:51,930][INFO ][o.e.p.PluginsService     ] [testPluginNamedWriteablesRegistered] loaded plugin [org.elasticsearch.client.transport.TransportClientTests$MockPlugin]
[2020-02-17T03:20:51,930][INFO ][o.e.p.PluginsService     ] [testPluginNamedWriteablesRegistered] loaded plugin [org.elasticsearch.transport.nio.MockNioTransportPlugin]
[2020-02-17T03:20:51,940][INFO ][o.e.c.t.TransportClientTests] [testPluginNamedWriteablesRegistered] after test
[2020-02-17T03:20:51,941][INFO ][o.e.c.t.TransportClientTests] [testSettingsContainsTransportClient] before test
[2020-02-17T03:20:51,942][INFO ][o.e.p.PluginsService     ] [testSettingsContainsTransportClient] no modules loaded
[2020-02-17T03:20:51,942][INFO ][o.e.p.PluginsService     ] [testSettingsContainsTransportClient] loaded plugin [org.elasticsearch.client.transport.TransportClientTests$MockPlugin]
[2020-02-17T03:20:51,942][INFO ][o.e.p.PluginsService     ] [testSettingsContainsTransportClient] loaded plugin [org.elasticsearch.transport.nio.MockNioTransportPlugin]
[2020-02-17T03:20:51,956][INFO ][o.e.c.t.TransportClientTests] [testSettingsContainsTransportClient] after test
]]></system-out>
  <system-err><![CDATA[]]></system-err>
</testsuite>
