<?xml version="1.0" encoding="UTF-8"?>
<testsuite name="org.elasticsearch.index.fielddata.ordinals.SingleOrdinalsTests" tests="2" skipped="0" failures="0" errors="0" timestamp="2020-02-16T22:22:10" hostname="Escoto-PC" time="0.271">
  <properties/>
  <testcase name="testMvOrdinalsTrigger" classname="org.elasticsearch.index.fielddata.ordinals.SingleOrdinalsTests" time="0.127"/>
  <testcase name="testSvValues" classname="org.elasticsearch.index.fielddata.ordinals.SingleOrdinalsTests" time="0.144"/>
  <system-out><![CDATA[[2020-02-17T00:22:10,534][INFO ][o.e.i.f.o.SingleOrdinalsTests] [testMvOrdinalsTrigger] before test
[2020-02-17T00:22:10,658][INFO ][o.e.i.f.o.SingleOrdinalsTests] [testMvOrdinalsTrigger] after test
[2020-02-17T00:22:10,661][INFO ][o.e.i.f.o.SingleOrdinalsTests] [testSvValues] before test
[2020-02-17T00:22:10,802][INFO ][o.e.i.f.o.SingleOrdinalsTests] [testSvValues] after test
]]></system-out>
  <system-err><![CDATA[]]></system-err>
</testsuite>
