<?xml version="1.0" encoding="UTF-8"?>
<testsuite name="org.elasticsearch.action.admin.indices.flush.FlushResponseTests" tests="3" skipped="0" failures="0" errors="0" timestamp="2020-02-16T22:20:05" hostname="Escoto-PC" time="0.054">
  <properties/>
  <testcase name="testFailuresDeduplication" classname="org.elasticsearch.action.admin.indices.flush.FlushResponseTests" time="0.02"/>
  <testcase name="testFromXContent" classname="org.elasticsearch.action.admin.indices.flush.FlushResponseTests" time="0.03"/>
  <testcase name="testToXContent" classname="org.elasticsearch.action.admin.indices.flush.FlushResponseTests" time="0.002"/>
  <system-out><![CDATA[[2020-02-17T03:20:05,631][INFO ][o.e.a.a.i.f.FlushResponseTests] [testFailuresDeduplication] before test
[2020-02-17T03:20:05,642][INFO ][o.e.a.a.i.f.FlushResponseTests] [testFailuresDeduplication] after test
[2020-02-17T03:20:05,646][INFO ][o.e.a.a.i.f.FlushResponseTests] [testFromXContent] before test
[2020-02-17T03:20:05,673][INFO ][o.e.a.a.i.f.FlushResponseTests] [testFromXContent] after test
[2020-02-17T03:20:05,675][INFO ][o.e.a.a.i.f.FlushResponseTests] [testToXContent] before test
[2020-02-17T03:20:05,675][INFO ][o.e.a.a.i.f.FlushResponseTests] [testToXContent] after test
]]></system-out>
  <system-err><![CDATA[]]></system-err>
</testsuite>
