<?xml version="1.0" encoding="UTF-8"?>
<testsuite name="org.elasticsearch.action.admin.indices.close.CloseIndexRequestTests" tests="2" skipped="0" failures="0" errors="0" timestamp="2020-02-16T22:20:05" hostname="Escoto-PC" time="0.007">
  <properties/>
  <testcase name="testBwcSerialization" classname="org.elasticsearch.action.admin.indices.close.CloseIndexRequestTests" time="0.004"/>
  <testcase name="testSerialization" classname="org.elasticsearch.action.admin.indices.close.CloseIndexRequestTests" time="0.002"/>
  <system-out><![CDATA[[2020-02-17T11:20:05,224][INFO ][o.e.a.a.i.c.CloseIndexRequestTests] [testBwcSerialization] before test
[2020-02-17T11:20:05,227][INFO ][o.e.a.a.i.c.CloseIndexRequestTests] [testBwcSerialization] after test
[2020-02-17T11:20:05,229][INFO ][o.e.a.a.i.c.CloseIndexRequestTests] [testSerialization] before test
[2020-02-17T11:20:05,230][INFO ][o.e.a.a.i.c.CloseIndexRequestTests] [testSerialization] after test
]]></system-out>
  <system-err><![CDATA[]]></system-err>
</testsuite>
