<?xml version="1.0" encoding="UTF-8"?>
<testsuite name="org.elasticsearch.index.query.AbstractQueryBuilderTests" tests="2" skipped="0" failures="0" errors="0" timestamp="2020-02-16T22:23:05" hostname="Escoto-PC" time="0.009">
  <properties/>
  <testcase name="testParseInnerQueryBuilder" classname="org.elasticsearch.index.query.AbstractQueryBuilderTests" time="0.003"/>
  <testcase name="testParseInnerQueryBuilderExceptions" classname="org.elasticsearch.index.query.AbstractQueryBuilderTests" time="0.006"/>
  <system-out><![CDATA[[2020-02-17T02:23:05,180][INFO ][o.e.i.q.AbstractQueryBuilderTests] [testParseInnerQueryBuilder] before test
[2020-02-17T02:23:05,181][INFO ][o.e.i.q.AbstractQueryBuilderTests] [testParseInnerQueryBuilder] after test
[2020-02-17T02:23:05,186][INFO ][o.e.i.q.AbstractQueryBuilderTests] [testParseInnerQueryBuilderExceptions] before test
[2020-02-17T02:23:05,188][INFO ][o.e.i.q.AbstractQueryBuilderTests] [testParseInnerQueryBuilderExceptions] after test
]]></system-out>
  <system-err><![CDATA[]]></system-err>
</testsuite>
