<?xml version="1.0" encoding="UTF-8"?>
<testsuite name="org.elasticsearch.search.aggregations.pipeline.GapPolicyTests" tests="4" skipped="0" failures="0" errors="0" timestamp="2020-02-16T22:24:28" hostname="Escoto-PC" time="0.009">
  <properties/>
  <testcase name="testWriteTo" classname="org.elasticsearch.search.aggregations.pipeline.GapPolicyTests" time="0.003"/>
  <testcase name="testFromString" classname="org.elasticsearch.search.aggregations.pipeline.GapPolicyTests" time="0.002"/>
  <testcase name="testReadFrom" classname="org.elasticsearch.search.aggregations.pipeline.GapPolicyTests" time="0.001"/>
  <testcase name="testValidOrdinals" classname="org.elasticsearch.search.aggregations.pipeline.GapPolicyTests" time="0.001"/>
  <system-out><![CDATA[[2020-02-17T00:24:28,094][INFO ][o.e.s.a.p.GapPolicyTests ] [testWriteTo] before test
[2020-02-17T00:24:28,094][INFO ][o.e.s.a.p.GapPolicyTests ] [testWriteTo] after test
[2020-02-17T00:24:28,096][INFO ][o.e.s.a.p.GapPolicyTests ] [testFromString] before test
[2020-02-17T00:24:28,096][INFO ][o.e.s.a.p.GapPolicyTests ] [testFromString] after test
[2020-02-17T00:24:28,098][INFO ][o.e.s.a.p.GapPolicyTests ] [testReadFrom] before test
[2020-02-17T00:24:28,098][INFO ][o.e.s.a.p.GapPolicyTests ] [testReadFrom] after test
[2020-02-17T00:24:28,100][INFO ][o.e.s.a.p.GapPolicyTests ] [testValidOrdinals] before test
[2020-02-17T00:24:28,100][INFO ][o.e.s.a.p.GapPolicyTests ] [testValidOrdinals] after test
]]></system-out>
  <system-err><![CDATA[]]></system-err>
</testsuite>
