<?xml version="1.0" encoding="UTF-8"?>
<testsuite name="org.elasticsearch.monitor.fs.DeviceStatsTests" tests="1" skipped="0" failures="0" errors="0" timestamp="2020-02-16T22:24:01" hostname="Escoto-PC" time="0.006">
  <properties/>
  <testcase name="testDeviceStats" classname="org.elasticsearch.monitor.fs.DeviceStatsTests" time="0.006"/>
  <system-out><![CDATA[[2020-02-16T22:24:01,172][INFO ][o.e.m.f.DeviceStatsTests ] [testDeviceStats] before test
[2020-02-16T22:24:01,174][INFO ][o.e.m.f.DeviceStatsTests ] [testDeviceStats] after test
]]></system-out>
  <system-err><![CDATA[]]></system-err>
</testsuite>
