<?xml version="1.0" encoding="UTF-8"?>
<testsuite name="org.elasticsearch.index.seqno.RetentionLeasesXContentTests" tests="1" skipped="0" failures="0" errors="0" timestamp="2020-02-16T22:23:24" hostname="Escoto-PC" time="0.009">
  <properties/>
  <testcase name="testFromXContent" classname="org.elasticsearch.index.seqno.RetentionLeasesXContentTests" time="0.009"/>
  <system-out><![CDATA[[2020-02-16T12:23:24,124][INFO ][o.e.i.s.RetentionLeasesXContentTests] [testFromXContent] before test
[2020-02-16T12:23:24,130][INFO ][o.e.i.s.RetentionLeasesXContentTests] [testFromXContent] after test
]]></system-out>
  <system-err><![CDATA[]]></system-err>
</testsuite>
