<?xml version="1.0" encoding="UTF-8"?>
<testsuite name="org.elasticsearch.search.aggregations.pipeline.MaxBucketTests" tests="4" skipped="0" failures="0" errors="0" timestamp="2020-02-16T22:24:28" hostname="Escoto-PC" time="0.016">
  <properties/>
  <testcase name="testValidate" classname="org.elasticsearch.search.aggregations.pipeline.MaxBucketTests" time="0.005"/>
  <testcase name="testEqualsAndHashcode" classname="org.elasticsearch.search.aggregations.pipeline.MaxBucketTests" time="0.003"/>
  <testcase name="testFromXContent" classname="org.elasticsearch.search.aggregations.pipeline.MaxBucketTests" time="0.004"/>
  <testcase name="testSerialization" classname="org.elasticsearch.search.aggregations.pipeline.MaxBucketTests" time="0.003"/>
  <system-out><![CDATA[[2020-02-17T09:24:28,262][INFO ][o.e.s.a.p.MaxBucketTests ] [testValidate] before test
[2020-02-17T09:24:28,263][INFO ][o.e.s.a.p.MaxBucketTests ] [testValidate] after test
[2020-02-17T09:24:28,266][INFO ][o.e.s.a.p.MaxBucketTests ] [testEqualsAndHashcode] before test
[2020-02-17T09:24:28,267][INFO ][o.e.s.a.p.MaxBucketTests ] [testEqualsAndHashcode] after test
[2020-02-17T09:24:28,270][INFO ][o.e.s.a.p.MaxBucketTests ] [testFromXContent] before test
[2020-02-17T09:24:28,270][INFO ][o.e.s.a.p.MaxBucketTests ] [testFromXContent] Content string: {
  "ZbgkzxjHjUMdOZD" : {
    "max_bucket" : {
      "buckets_path" : [
        "rkyMR"
      ],
      "format" : "qTcmRyn",
      "gap_policy" : "skip"
    }
  }
}
[2020-02-17T09:24:28,270][INFO ][o.e.s.a.p.MaxBucketTests ] [testFromXContent] Content string: {
  "ZbgkzxjHjUMdOZD" : {
    "max_bucket" : {
      "buckets_path" : [
        "rkyMR"
      ],
      "format" : "qTcmRyn",
      "gap_policy" : "skip"
    }
  }
}
[2020-02-17T09:24:28,271][INFO ][o.e.s.a.p.MaxBucketTests ] [testFromXContent] after test
[2020-02-17T09:24:28,274][INFO ][o.e.s.a.p.MaxBucketTests ] [testSerialization] before test
[2020-02-17T09:24:28,274][INFO ][o.e.s.a.p.MaxBucketTests ] [testSerialization] after test
]]></system-out>
  <system-err><![CDATA[]]></system-err>
</testsuite>
