<?xml version="1.0" encoding="UTF-8"?>
<testsuite name="org.elasticsearch.search.aggregations.bucket.adjacency.AdjacencyMatrixAggregationBuilderTests" tests="1" skipped="0" failures="0" errors="0" timestamp="2020-02-16T22:24:07" hostname="Escoto-PC" time="0.009">
  <properties/>
  <testcase name="testFilterSizeLimitation" classname="org.elasticsearch.search.aggregations.bucket.adjacency.AdjacencyMatrixAggregationBuilderTests" time="0.009"/>
  <system-out><![CDATA[[2020-02-17T06:24:07,399][INFO ][o.e.s.a.b.a.AdjacencyMatrixAggregationBuilderTests] [testFilterSizeLimitation] before test
[2020-02-17T06:24:07,405][INFO ][o.e.s.a.b.a.AdjacencyMatrixAggregationBuilderTests] [testFilterSizeLimitation] after test
]]></system-out>
  <system-err><![CDATA[]]></system-err>
</testsuite>
