<?xml version="1.0" encoding="UTF-8"?>
<testsuite name="org.elasticsearch.action.admin.indices.template.get.GetIndexTemplatesResponseTests" tests="1" skipped="0" failures="0" errors="0" timestamp="2020-02-16T22:20:34" hostname="Escoto-PC" time="0.033">
  <properties/>
  <testcase name="testFromXContent" classname="org.elasticsearch.action.admin.indices.template.get.GetIndexTemplatesResponseTests" time="0.033"/>
  <system-out><![CDATA[[2020-02-16T22:20:34,224][INFO ][o.e.a.a.i.t.g.GetIndexTemplatesResponseTests] [testFromXContent] before test
[2020-02-16T22:20:34,252][INFO ][o.e.a.a.i.t.g.GetIndexTemplatesResponseTests] [testFromXContent] after test
]]></system-out>
  <system-err><![CDATA[]]></system-err>
</testsuite>
