<?xml version="1.0" encoding="UTF-8"?>
<testsuite name="org.elasticsearch.action.admin.indices.settings.get.GetSettingsResponseTests" tests="5" skipped="0" failures="0" errors="0" timestamp="2020-02-16T22:20:06" hostname="Escoto-PC" time="0.105">
  <properties/>
  <testcase name="testEqualsAndHashcode" classname="org.elasticsearch.action.admin.indices.settings.get.GetSettingsResponseTests" time="0.019"/>
  <testcase name="testCanDecode622Response" classname="org.elasticsearch.action.admin.indices.settings.get.GetSettingsResponseTests" time="0.004"/>
  <testcase name="testCanOutput622Response" classname="org.elasticsearch.action.admin.indices.settings.get.GetSettingsResponseTests" time="0.004"/>
  <testcase name="testFromXContent" classname="org.elasticsearch.action.admin.indices.settings.get.GetSettingsResponseTests" time="0.067"/>
  <testcase name="testSerialization" classname="org.elasticsearch.action.admin.indices.settings.get.GetSettingsResponseTests" time="0.01"/>
  <system-out><![CDATA[[2020-02-17T02:20:06,375][INFO ][o.e.a.a.i.s.g.GetSettingsResponseTests] [testEqualsAndHashcode] before test
[2020-02-17T02:20:06,391][INFO ][o.e.a.a.i.s.g.GetSettingsResponseTests] [testEqualsAndHashcode] after test
[2020-02-17T02:20:06,394][INFO ][o.e.a.a.i.s.g.GetSettingsResponseTests] [testCanDecode622Response] before test
[2020-02-17T02:20:06,394][INFO ][o.e.a.a.i.s.g.GetSettingsResponseTests] [testCanDecode622Response] after test
[2020-02-17T02:20:06,399][INFO ][o.e.a.a.i.s.g.GetSettingsResponseTests] [testCanOutput622Response] before test
[2020-02-17T02:20:06,399][INFO ][o.e.a.a.i.s.g.GetSettingsResponseTests] [testCanOutput622Response] after test
[2020-02-17T02:20:06,402][INFO ][o.e.a.a.i.s.g.GetSettingsResponseTests] [testFromXContent] before test
[2020-02-17T02:20:06,466][INFO ][o.e.a.a.i.s.g.GetSettingsResponseTests] [testFromXContent] after test
[2020-02-17T02:20:06,472][INFO ][o.e.a.a.i.s.g.GetSettingsResponseTests] [testSerialization] before test
[2020-02-17T02:20:06,476][INFO ][o.e.a.a.i.s.g.GetSettingsResponseTests] [testSerialization] after test
]]></system-out>
  <system-err><![CDATA[]]></system-err>
</testsuite>
