<?xml version="1.0" encoding="UTF-8"?>
<testsuite name="org.elasticsearch.search.aggregations.bucket.MissingTests" tests="7" skipped="0" failures="0" errors="0" timestamp="2020-02-16T22:25:23" hostname="Escoto-PC" time="0.022">
  <properties/>
  <testcase name="testFromXContentMulti" classname="org.elasticsearch.search.aggregations.bucket.MissingTests" time="0.012"/>
  <testcase name="testSerialization" classname="org.elasticsearch.search.aggregations.bucket.MissingTests" time="0.002"/>
  <testcase name="testEqualsAndHashcode" classname="org.elasticsearch.search.aggregations.bucket.MissingTests" time="0.001"/>
  <testcase name="testSerializationMulti" classname="org.elasticsearch.search.aggregations.bucket.MissingTests" time="0.001"/>
  <testcase name="testShallowCopy" classname="org.elasticsearch.search.aggregations.bucket.MissingTests" time="0.002"/>
  <testcase name="testToString" classname="org.elasticsearch.search.aggregations.bucket.MissingTests" time="0.002"/>
  <testcase name="testFromXContent" classname="org.elasticsearch.search.aggregations.bucket.MissingTests" time="0.001"/>
  <system-out><![CDATA[[2020-02-16T18:25:23,728][INFO ][o.e.s.a.b.MissingTests   ] [testFromXContentMulti] before test
[2020-02-16T18:25:23,730][INFO ][o.e.p.PluginsService     ] [testFromXContentMulti] no modules loaded
[2020-02-16T18:25:23,730][INFO ][o.e.p.PluginsService     ] [testFromXContentMulti] no plugins loaded
[2020-02-16T18:25:23,735][INFO ][o.e.p.PluginsService     ] [testFromXContentMulti] no modules loaded
[2020-02-16T18:25:23,735][INFO ][o.e.p.PluginsService     ] [testFromXContentMulti] no plugins loaded
[2020-02-16T18:25:23,738][INFO ][o.e.s.a.b.MissingTests   ] [testFromXContentMulti] after test
[2020-02-16T18:25:23,739][INFO ][o.e.s.a.b.MissingTests   ] [testSerialization] before test
[2020-02-16T18:25:23,740][INFO ][o.e.s.a.b.MissingTests   ] [testSerialization] after test
[2020-02-16T18:25:23,741][INFO ][o.e.s.a.b.MissingTests   ] [testEqualsAndHashcode] before test
[2020-02-16T18:25:23,741][INFO ][o.e.s.a.b.MissingTests   ] [testEqualsAndHashcode] after test
[2020-02-16T18:25:23,743][INFO ][o.e.s.a.b.MissingTests   ] [testSerializationMulti] before test
[2020-02-16T18:25:23,743][INFO ][o.e.s.a.b.MissingTests   ] [testSerializationMulti] after test
[2020-02-16T18:25:23,745][INFO ][o.e.s.a.b.MissingTests   ] [testShallowCopy] before test
[2020-02-16T18:25:23,745][INFO ][o.e.s.a.b.MissingTests   ] [testShallowCopy] after test
[2020-02-16T18:25:23,746][INFO ][o.e.s.a.b.MissingTests   ] [testToString] before test
[2020-02-16T18:25:23,747][INFO ][o.e.s.a.b.MissingTests   ] [testToString] after test
[2020-02-16T18:25:23,748][INFO ][o.e.s.a.b.MissingTests   ] [testFromXContent] before test
[2020-02-16T18:25:23,748][INFO ][o.e.s.a.b.MissingTests   ] [testFromXContent] after test
]]></system-out>
  <system-err><![CDATA[]]></system-err>
</testsuite>
