<?xml version="1.0" encoding="UTF-8"?>
<testsuite name="org.elasticsearch.node.InternalSettingsPreparerTests" tests="7" skipped="0" failures="0" errors="0" timestamp="2020-02-16T22:24:01" hostname="Escoto-PC" time="0.051">
  <properties/>
  <testcase name="testEmptySettings" classname="org.elasticsearch.node.InternalSettingsPreparerTests" time="0.009"/>
  <testcase name="testGarbageIsNotSwallowed" classname="org.elasticsearch.node.InternalSettingsPreparerTests" time="0.007"/>
  <testcase name="testDefaultClusterName" classname="org.elasticsearch.node.InternalSettingsPreparerTests" time="0.004"/>
  <testcase name="testJsonNotAllowed" classname="org.elasticsearch.node.InternalSettingsPreparerTests" time="0.009"/>
  <testcase name="testSecureSettings" classname="org.elasticsearch.node.InternalSettingsPreparerTests" time="0.012"/>
  <testcase name="testYamlNotAllowed" classname="org.elasticsearch.node.InternalSettingsPreparerTests" time="0.005"/>
  <testcase name="testDefaultPropertiesDoNothing" classname="org.elasticsearch.node.InternalSettingsPreparerTests" time="0.004"/>
  <system-out><![CDATA[[2020-02-16T23:24:01,377][INFO ][o.e.n.InternalSettingsPreparerTests] [testEmptySettings] before test
[2020-02-16T23:24:01,381][INFO ][o.e.n.InternalSettingsPreparerTests] [testEmptySettings] after test
[2020-02-16T23:24:01,384][INFO ][o.e.n.InternalSettingsPreparerTests] [testGarbageIsNotSwallowed] before test
[2020-02-16T23:24:01,388][INFO ][o.e.n.InternalSettingsPreparerTests] [testGarbageIsNotSwallowed] after test
[2020-02-16T23:24:01,392][INFO ][o.e.n.InternalSettingsPreparerTests] [testDefaultClusterName] before test
[2020-02-16T23:24:01,393][INFO ][o.e.n.InternalSettingsPreparerTests] [testDefaultClusterName] after test
[2020-02-16T23:24:01,399][INFO ][o.e.n.InternalSettingsPreparerTests] [testJsonNotAllowed] before test
[2020-02-16T23:24:01,401][INFO ][o.e.n.InternalSettingsPreparerTests] [testJsonNotAllowed] after test
[2020-02-16T23:24:01,405][INFO ][o.e.n.InternalSettingsPreparerTests] [testSecureSettings] before test
[2020-02-16T23:24:01,414][INFO ][o.e.n.InternalSettingsPreparerTests] [testSecureSettings] after test
[2020-02-16T23:24:01,416][INFO ][o.e.n.InternalSettingsPreparerTests] [testYamlNotAllowed] before test
[2020-02-16T23:24:01,419][INFO ][o.e.n.InternalSettingsPreparerTests] [testYamlNotAllowed] after test
[2020-02-16T23:24:01,421][INFO ][o.e.n.InternalSettingsPreparerTests] [testDefaultPropertiesDoNothing] before test
[2020-02-16T23:24:01,423][INFO ][o.e.n.InternalSettingsPreparerTests] [testDefaultPropertiesDoNothing] after test
]]></system-out>
  <system-err><![CDATA[]]></system-err>
</testsuite>
