<?xml version="1.0" encoding="UTF-8"?>
<testsuite name="org.elasticsearch.rest.action.admin.indices.RestGetIndicesActionTests" tests="3" skipped="0" failures="1" errors="0" timestamp="2020-02-16T22:24:04" hostname="Escoto-PC" time="0.012">
  <properties/>
  <testcase name="testIncludeTypeNamesWarning" classname="org.elasticsearch.rest.action.admin.indices.RestGetIndicesActionTests" time="0.004"/>
  <testcase name="testIncludeTypeNamesWarningExists" classname="org.elasticsearch.rest.action.admin.indices.RestGetIndicesActionTests" time="0.002"/>
  <testcase name="classMethod" classname="org.elasticsearch.rest.action.admin.indices.RestGetIndicesActionTests" time="0.0">
    <failure message="java.io.IOException: Could not remove the following files (in the order of attempts):&#10;   E:\NotD\git\elasticsearch\server\build\testrun\test\temp\org.elasticsearch.rest.action.admin.indices.RestGetIndicesActionTests_9EA1F2A3814E5F76-001: java.nio.file.DirectoryNotEmptyException: E:\NotD\git\elasticsearch\server\build\testrun\test\temp\org.elasticsearch.rest.action.admin.indices.RestGetIndicesActionTests_9EA1F2A3814E5F76-001&#10;" type="java.io.IOException">java.io.IOException: Could not remove the following files (in the order of attempts):
   E:\NotD\git\elasticsearch\server\build\testrun\test\temp\org.elasticsearch.rest.action.admin.indices.RestGetIndicesActionTests_9EA1F2A3814E5F76-001: java.nio.file.DirectoryNotEmptyException: E:\NotD\git\elasticsearch\server\build\testrun\test\temp\org.elasticsearch.rest.action.admin.indices.RestGetIndicesActionTests_9EA1F2A3814E5F76-001

	at __randomizedtesting.SeedInfo.seed([9EA1F2A3814E5F76]:0)
	at org.apache.lucene.util.IOUtils.rm(IOUtils.java:319)
	at org.apache.lucene.util.TestRuleTemporaryFilesCleanup.afterAlways(TestRuleTemporaryFilesCleanup.java:216)
	at com.carrotsearch.randomizedtesting.rules.TestRuleAdapter$1.afterAlways(TestRuleAdapter.java:31)
	at com.carrotsearch.randomizedtesting.rules.StatementAdapter.evaluate(StatementAdapter.java:43)
	at com.carrotsearch.randomizedtesting.rules.StatementAdapter.evaluate(StatementAdapter.java:36)
	at org.apache.lucene.util.TestRuleAssertionsRequired$1.evaluate(TestRuleAssertionsRequired.java:53)
	at org.apache.lucene.util.TestRuleMarkFailure$1.evaluate(TestRuleMarkFailure.java:47)
	at org.apache.lucene.util.TestRuleIgnoreAfterMaxFailures$1.evaluate(TestRuleIgnoreAfterMaxFailures.java:64)
	at org.apache.lucene.util.TestRuleIgnoreTestSuites$1.evaluate(TestRuleIgnoreTestSuites.java:54)
	at com.carrotsearch.randomizedtesting.rules.StatementAdapter.evaluate(StatementAdapter.java:36)
	at com.carrotsearch.randomizedtesting.ThreadLeakControl$StatementRunner.run(ThreadLeakControl.java:368)
	at java.base/java.lang.Thread.run(Thread.java:835)
</failure>
  </testcase>
  <system-out><![CDATA[[2020-02-16T15:24:04,688][INFO ][o.e.r.a.a.i.RestGetIndicesActionTests] [testIncludeTypeNamesWarning] before test
[2020-02-16T15:24:04,690][WARN ][o.e.d.r.a.a.i.RestGetIndicesAction] [testIncludeTypeNamesWarning] [types removal] Using `include_type_name` in get indices requests is deprecated. The parameter will be removed in the next major version.
[2020-02-16T15:24:04,690][INFO ][o.e.r.a.a.i.RestGetIndicesActionTests] [testIncludeTypeNamesWarning] after test
[2020-02-16T15:24:04,693][INFO ][o.e.r.a.a.i.RestGetIndicesActionTests] [testIncludeTypeNamesWarningExists] before test
[2020-02-16T15:24:04,693][INFO ][o.e.r.a.a.i.RestGetIndicesActionTests] [testIncludeTypeNamesWarningExists] after test
]]></system-out>
  <system-err><![CDATA[REPRODUCE WITH: gradlew ':server:test' --tests "org.elasticsearch.rest.action.admin.indices.RestGetIndicesActionTests" -Dtests.seed=9EA1F2A3814E5F76 -Dtests.security.manager=true -Dtests.locale=en-US -Dtests.timezone=America/Toronto -Dcompiler.java=12 -Druntime.java=12
NOTE: test params are: codec=Lucene80, sim=Asserting(org.apache.lucene.search.similarities.AssertingSimilarity@135dfc12), locale=bez, timezone=PNT
NOTE: Windows 7 6.1 amd64/Oracle Corporation 12.0.2 (64-bit)/cpus=4,threads=1,free=144375456,total=536870912
NOTE: All tests run in this JVM: [DeDuplicatingTokenFilterTests, CollapsingTopDocsCollectorTests, BlendedTermQueryTests, FloatRandomBinaryDocValuesRangeQueryTests, IntegerRandomBinaryDocValuesRangeQueryTests, MinDocQueryTests, SpanMatchNoDocsQueryTests, CustomPassageFormatterTests, CombinedBitSetTests, ActionModuleTests, ClusterAllocationExplainActionTests, ClusterAllocationExplanationTests, AddVotingConfigExclusionsResponseTests, ClearVotingConfigExclusionsResponseTests, TransportClearVotingConfigExclusionsActionTests, ClusterHealthResponsesTests, NodeStatsTests, TaskTests, PutRepositoryRequestTests, ClusterRerouteRequestTests, ClusterRerouteTests, ClusterUpdateSettingsRequestTests, SettingsUpdaterTests, ClusterSearchShardsResponseTests, CreateSnapshotResponseTests, RestoreSnapshotRequestTests, SnapshotIndexShardStatusTests, SnapshotShardsStatsTests, SnapshotStatsTests, ClusterStateApiTests, ClusterStateResponseTests, GetStoredScriptRequestTests, PutStoredScriptRequestTests, GetAliasesResponseTests, IndicesAliasesRequestTests, AnalyzeResponseTests, CloseIndexRequestTests, TransportVerifyShardBeforeCloseActionTests, CreateIndexRequestTests, FlushResponseTests, ForceMergeRequestTests, RestForceMergeActionTests, GetIndexResponseTests, GetMappingsResponseTests, OpenIndexResponseTests, ConditionTests, RolloverResponseTests, IndicesSegmentResponseTests, GetSettingsActionTests, GetSettingsResponseTests, UpdateSettingsRequestTests, ResizeRequestTests, TransportResizeActionTests, IndicesStatsTests, MetaDataIndexTemplateServiceTests, TransportAnalyzeActionTests, ValidateQueryResponseTests, BulkItemResponseTests, BulkProcessorTests, BulkRequestParserTests, BulkResponseTests, RetryTests, TransportBulkActionIngestTests, TransportBulkActionTookTests, DeleteRequestTests, DocWriteResponseTests, ExplainResponseTests, FieldCapabilitiesResponseTests, MergedFieldCapabilitiesResponseTests, GetResponseTests, MultiGetResponseTests, TransportMultiGetActionTests, IndexRequestTests, GetPipelineResponseTests, SimulateDocumentBaseResultTests, SimulateExecutionServiceTests, SimulatePipelineRequestTests, SimulateProcessorResultTests, MainActionTests, NotifyOnceListenerTests, RequestValidatorsTests, TransportResyncReplicationActionTests, CanMatchPreFilterSearchPhaseTests, ClearScrollRequestTests, DfsQueryPhaseTests, FetchSearchPhaseTests, MultiSearchRequestTests, SearchAsyncActionTests, SearchPhaseExecutionExceptionTests, SearchRequestTests, SearchResponseTests, SearchScrollRequestTests, ShardSearchFailureTests, TransportSearchActionSingleNodeTests, TransportSearchHelperTests, ShardValidateQueryRequestTests, ActiveShardCountTests, AutoCreateIndexTests, ContextPreservingActionListenerTests, GroupedActionListenerTests, ListenableActionFutureTests, ShardsAcknowledgedResponseTests, TransportNodesActionTests, BroadcastReplicationTests, ReplicationResponseTests, TransportReplicationAllPermitsAcquisitionTests, TransportInstanceSingleOperationActionTests, TaskOperationFailureTests, TermVectorsUnitTests, UpdateRequestTests, BootstrapChecksTests, BootstrapTests, ElasticsearchUncaughtExceptionHandlerTests, JavaVersionTests, MaxMapCountCheckTests, BuildTests, MultiCommandTests, NodeClientHeadersTests, ParentTaskAssigningClientTests, TransportClientNodesServiceTests, ShardFailedClusterStateTaskExecutorTests, ShardStateActionTests, ClusterChangedEventTests, ClusterModuleTests, ClusterStateTests, ClusterFormationFailureHelperTests, CoordinationStateTests, DiscoveryUpgradeServiceTests, FollowersCheckerTests, JoinTaskExecutorTests, LeaderCheckerTests, MessagesTests, NodeRemovalClusterStateTaskExecutorTests, PreVoteCollectorTests, PublicationTransportHandlerTests, DiskUsageTests, ClusterHealthAllocationTests, ClusterShardHealthTests, AliasMetaDataTests, AutoExpandReplicasTests, DateMathExpressionResolverTests, HumanReadableIndexSettingsTests, IndexGraveyardTests, IndexNameExpressionResolverAliasIterationTests, IndexNameExpressionResolverTests, ManifestTests, MetaDataDeleteIndexServiceTests, MetaDataIndexStateServiceTests, MetaDataMappingServiceTests, TemplateUpgradeServiceTests, WildcardExpressionResolverTests, DiscoveryNodeRoleTests, DiscoveryNodeTests, AddIncrementallyTests, AllocationCommandsTests, AllocationPriorityTests, AwarenessAllocationTests, BalancedSingleShardTests, ClusterRebalanceRoutingTests, DeadNodesAllocationTests, DiskThresholdDeciderTests, EnableAllocationShortCircuitTests, FilterAllocationDeciderTests, DecisionsImpactOnClusterHealthTests, DiskThresholdSettingsTests, ExpectedShardSizeAllocationTests, FailedShardsRoutingTests, IndexBalanceTests, MaxRetryAllocationDeciderTests, NodeAllocationResultTests, PreferLocalPrimariesToRelocatingPrimariesTests, PrimaryElectionRoutingTests, RandomAllocationDeciderTests, ReplicaAllocatedAfterPrimaryTests, RetryFailedAllocationTests, SameShardRoutingTests, ShardVersioningTests, SingleShardOneReplicaRoutingTests, TenShardsOneReplicaRoutingTests, TrackFailedAllocationNodesTests, AllocationIdTests, DelayedAllocationServiceTests, IndexShardRoutingTableTests, OperationRoutingTests, PrimaryTermsTests, RoutingTableTests, UnassignedInfoTests, ClusterStateToStringTests, ClusterApplierServiceTests, TaskBatcherTests, SnapshotsInProgressTests, BlobPathTests, FsBlobStoreContainerTests, BooleansTests, BytesArrayTests, PagedBytesReferenceTests, CacheTests, CopyOnWriteHashMapTests, IteratorsTests, DeflateCompressTests, FieldMemoryStatsTests, EnvelopeBuilderTests, LineStringBuilderTests, MultiPointBuilderTests, PointBuilderTests, GeoDistanceTests, GeoJsonSerializationTests, GeometryIndexerTests, GeometryParserTests, GeoWKTShapeParserTests, ShapeRelationTests, MessageDigestsTests, HppcMapsTests, BytesStreamsTests, ReleasableBytesStreamOutputTests, StreamsTests, JodaDateMathParserTests, DeprecationLoggerTests, LoggersTests, ESDirectoryReaderTests, LuceneTests, MoreLikeThisQueryTests, MultiPhrasePrefixQueryTests, ShardCoreKeyMapTests, InputStreamIndexInputTests, VersionsTests, InetAddressesTests, NetworkModuleTests, NetworkUtilsTests, PathTrieTests, PriorityTests, LockedRecyclerTests, QueueRecyclerTests, ReleasablesTests, RoundingDuelTests, RoundingTests, AddStringKeyStoreCommandTests, CreateKeyStoreCommandTests, ListKeyStoreCommandTests, PropertyPlaceholderTests, ScopedSettingsTests, SettingsFilterTests, SettingsTests, UpgradeKeyStoreCommandTests, TableTests, DateUtilsRoundingTests, JavaDateMathParserTests, ByteSizeUnitTests, DistanceUnitTests, RatioValueTests, ArrayUtilsTests, BitArrayTests, ByteUtilsTests, CollectionUtilsTests, AbstractLifecycleRunnableTests, AsyncIOProcessorTests, EsExecutorsTests, FutureUtilsTests, ListenableFutureTests, PrioritizedRunnableTests, ReleasableLockTests, RunOnceTests, ThreadContextTests, CuckooFilterTests, LocaleUtilsTests, LongObjectHashMapTests, SetBackedScalingCuckooFilterTests, URIPatternTests, XContentBuilderTests, CborXContentTests, JsonXContentTests, SmileXContentTests, FilterPathGeneratorFilteringTests, JsonXContentFilteringTests, YamlFilteringGeneratorTests, XContentMapValuesTests, XContentFactoryTests, XContentTypeTests, JacksonLocationTests, VectorHighlighterTests, DiscoveryModuleTests, HandshakingTransportAddressConnectorTests, PeerFinderTests, SettingsBasedSeedHostsProviderTests, NodeJoinControllerTests, PublishClusterStateActionTests, ZenPingTests, ElasticsearchExceptionTests, ESFileStoreTests, NodeMetaDataTests, OverrideNodeVersionCommandTests, ExceptionsHelperTests, ClusterStateUpdatersTests, GatewayMetaStatePersistedStateTests, GatewayServiceTests, MetaDataStateFormatTests, PrimaryShardAllocatorTests, ReplicaShardAllocatorTests, AbstractHttpServerTransportTests, DefaultRestChannelTests, AnalysisRegistryTests, CoreAnalysisFactoryTests, HunspellTokenFilterFactoryTests, NamedAnalyzerTests, ReloadableCustomAnalyzerTests, StopAnalyzerTests, BitSetFilterCacheTests, CombinedDeletionPolicyTests, InternalEngineTests, LuceneChangesSnapshotTests, NoOpEngineTests, ReadOnlyEngineTests, SegmentTests, VersionValueTests, BinaryDVFieldDataTests, FieldDataCacheTests, FieldDataTests, GeoFieldDataTests, NoOrdinalsStringFieldDataTests, SingleOrdinalsTests, HalfFloatFielddataTests, ScriptDocValuesLongsTests, FieldStatsProviderRefreshTests, GetResultTests, IndexModuleTests, IndexSettingsTests, IndexTests, BinaryFieldMapperTests, BinaryRangeUtilTests, BooleanFieldTypeTests, CompletionFieldMapperTests, CopyToMapperTests, DateFieldTypeTests, DocumentMapperParserTests, DocumentParserTests, DynamicMappingTests, DynamicTemplatesTests, ExternalFieldMapperTests, FieldFilterMapperPluginTests, FieldNamesFieldTypeTests, GenericStoreDynamicTemplateTests, GeoPointFieldTypeTests, GeoShapeFieldTypeTests, IdFieldTypeTests, IndexFieldMapperTests, IpFieldMapperTests, IpRangeFieldMapperTests, KeywordFieldMapperTests, LegacyDynamicMappingTests, LegacyGeoShapeFieldTypeTests, LegacyTypeFieldMapperTests, MapperServiceTests, MultiFieldCopyToMapperTests, NestedObjectMapperTests, NullValueTests, NumberFieldTypeTests, ObjectMapperTests, PathMatchDynamicTemplateTests, RangeFieldQueryStringQueryBuilderTests, RootObjectMapperTests, RoutingFieldTypeTests, SourceFieldTypeTests, TextFieldMapperTests, TypeFieldMapperTests, TypeParsersTests, UpdateMappingTests, MergePolicySettingsTests, AbstractQueryBuilderTests, BoostingQueryBuilderTests, CommonTermsQueryBuilderTests, ConstantScoreQueryBuilderTests, DistanceFeatureQueryBuilderTests, FieldMaskingSpanQueryBuilderTests, FunctionScoreEquivalenceTests, FunctionScoreTests, FuzzyQueryBuilderTests, GeoDistanceQueryBuilderTests, GeoShapeQueryBuilderTests, InnerHitBuilderTests, IntervalQueryBuilderTests, MatchAllQueryBuilderTests, MatchNoneQueryBuilderTests, MatchPhraseQueryBuilderTests, MoreLikeThisQueryBuilderTests, NestedQueryBuilderTests, PrefixQueryBuilderTests, QueryShardExceptionTests, RangeQueryBuilderTests, RegexpQueryBuilderTests, ScoreModeTests, ScriptScoreQueryBuilderTests, SimpleQueryStringBuilderTests, SpanFirstQueryBuilderTests, SpanMultiTermQueryBuilderTests, SpanNotQueryBuilderTests, SpanTermQueryBuilderTests, TermQueryBuilderTests, TermsSetQueryBuilderTests, WildcardQueryBuilderTests, RefreshStatsTests, BulkByScrollTaskStatusOrExceptionTests, BulkByScrollTaskTests, LeaderBulkByScrollTaskStateTests, UpdateByQueryRequestTests, IndexLevelReplicationTests, RetentionLeasesReplicationTests, GeoPointParsingTests, MultiMatchQueryTests, FloatNestedSortingTests, NestedSortingTests, SimpleQueryStringQueryParserTests, SearchSlowLogTests, GlobalCheckpointSyncActionTests, PeerRecoveryRetentionLeaseExpiryTests, ReplicationTrackerTests, RetentionLeaseBackgroundSyncActionTests, RetentionLeaseStatsWireSerializingTests, RetentionLeasesXContentTests, RetentionLeaseTests, SequenceNumbersTests, GlobalCheckpointListenersTests, IndexReaderWrapperTests, IndexShardRetentionLeaseTests, NewPathForShardTests, RefreshListenersTests, SearchOperationListenerTests, ShardIdTests, ShardSplittingQueryTests, StoreRecoveryTests, NonNegativeScoresSimilarityTests, SimilarityServiceTests, FileInfoTests, ByteSizeCachingDirectoryTests, StoreTests, TermVectorsServiceTests, TranslogDeletionPolicyTests, TranslogTests, AnalysisModuleTests, HierarchyCircuitBreakerServiceTests, SyncedFlushSingleNodeTests, IndicesLifecycleListenerSingleNodeTests, IndicesQueryCacheTests, IndicesServiceCloseTests, CircuitBreakerUnitTests, PeerRecoverySourceServiceTests, RecoverySettingsDynamicUpdateTests, RecoveryStatusTests, RecoveryTests, IndicesStoreTests, CompoundProcessorTests, ConfigurationUtilsTests, IngestMetadataTests, IngestStatsTests, PipelineFactoryTests, TrackingResultProcessorTests, DeviceStatsTests, JvmGcMonitorServiceSettingsTests, JvmInfoTests, JvmStatsTests, OsStatsTests, InternalSettingsPreparerTests, ResponseCollectorServiceTests, CancelPersistentTaskRequestTests, EnableAssignmentDeciderTests, PersistentTasksCustomMetaDataTests, PersistentTasksNodeServiceStatusTests, RestartPersistentTaskRequestTests, UpdatePersistentTaskRequestTests, PlatformsTests, PluginsServiceTests, NamedXContentProviderTests, BlobStoreRepositoryRestoreTests, FsRepositoryTests, RepositoriesModuleTests, RepositoryDataTests, RestClusterGetSettingsActionTests, RestNodesStatsActionTests, RestClearIndicesCacheActionTests, RestGetAliasesActionTests, RestGetIndicesActionTests]
]]></system-err>
</testsuite>
