<?xml version="1.0" encoding="UTF-8"?>
<testsuite name="org.elasticsearch.snapshots.SnapshotUtilsTests" tests="1" skipped="0" failures="0" errors="0" timestamp="2020-02-16T22:24:44" hostname="Escoto-PC" time="0.007">
  <properties/>
  <testcase name="testIndexNameFiltering" classname="org.elasticsearch.snapshots.SnapshotUtilsTests" time="0.007"/>
  <system-out><![CDATA[[2020-02-17T01:24:44,297][INFO ][o.e.s.SnapshotUtilsTests ] [testIndexNameFiltering] before test
[2020-02-17T01:24:44,299][INFO ][o.e.s.SnapshotUtilsTests ] [testIndexNameFiltering] after test
]]></system-out>
  <system-err><![CDATA[]]></system-err>
</testsuite>
