<?xml version="1.0" encoding="UTF-8"?>
<testsuite name="org.elasticsearch.cluster.metadata.IndexNameExpressionResolverAliasIterationTests" tests="55" skipped="0" failures="0" errors="0" timestamp="2020-02-16T22:20:33" hostname="Escoto-PC" time="0.26">
  <properties/>
  <testcase name="testIsAllIndicesNormalIndexes" classname="org.elasticsearch.cluster.metadata.IndexNameExpressionResolverAliasIterationTests" time="0.005"/>
  <testcase name="testIndexOptionsNoExpandWildcards" classname="org.elasticsearch.cluster.metadata.IndexNameExpressionResolverAliasIterationTests" time="0.007"/>
  <testcase name="testIndexOptionsWildcardExpansion" classname="org.elasticsearch.cluster.metadata.IndexNameExpressionResolverAliasIterationTests" time="0.003"/>
  <testcase name="testIsPatternMatchingAllIndicesNonMatchingTrailingWildcardAndExclusion" classname="org.elasticsearch.cluster.metadata.IndexNameExpressionResolverAliasIterationTests" time="0.002"/>
  <testcase name="testIsAllIndicesEmpty" classname="org.elasticsearch.cluster.metadata.IndexNameExpressionResolverAliasIterationTests" time="0.002"/>
  <testcase name="testIsPatternMatchingAllIndicesMatchingSingleExclusion" classname="org.elasticsearch.cluster.metadata.IndexNameExpressionResolverAliasIterationTests" time="0.003"/>
  <testcase name="testDeleteIndexIgnoresAliases" classname="org.elasticsearch.cluster.metadata.IndexNameExpressionResolverAliasIterationTests" time="0.004"/>
  <testcase name="testIsExplicitAllIndicesNormalIndexes" classname="org.elasticsearch.cluster.metadata.IndexNameExpressionResolverAliasIterationTests" time="0.003"/>
  <testcase name="testIndexAliasesSkipIdentity" classname="org.elasticsearch.cluster.metadata.IndexNameExpressionResolverAliasIterationTests" time="0.004"/>
  <testcase name="testIndexOptionsEmptyCluster" classname="org.elasticsearch.cluster.metadata.IndexNameExpressionResolverAliasIterationTests" time="0.004"/>
  <testcase name="testIsPatternMatchingAllIndicesMatchingTrailingWildcard" classname="org.elasticsearch.cluster.metadata.IndexNameExpressionResolverAliasIterationTests" time="0.003"/>
  <testcase name="testConcreteIndicesWildcardAndAliases" classname="org.elasticsearch.cluster.metadata.IndexNameExpressionResolverAliasIterationTests" time="0.015"/>
  <testcase name="testIndexOptionsLenient" classname="org.elasticsearch.cluster.metadata.IndexNameExpressionResolverAliasIterationTests" time="0.004"/>
  <testcase name="testIsExplicitAllIndicesWildcard" classname="org.elasticsearch.cluster.metadata.IndexNameExpressionResolverAliasIterationTests" time="0.002"/>
  <testcase name="testIsPatternMatchingAllIndicesOnlyWildcard" classname="org.elasticsearch.cluster.metadata.IndexNameExpressionResolverAliasIterationTests" time="0.002"/>
  <testcase name="testIsAllIndicesExplicitAllPlusOther" classname="org.elasticsearch.cluster.metadata.IndexNameExpressionResolverAliasIterationTests" time="0.002"/>
  <testcase name="testConcreteIndicesIgnoreIndicesOneMissingIndex" classname="org.elasticsearch.cluster.metadata.IndexNameExpressionResolverAliasIterationTests" time="0.002"/>
  <testcase name="testConcreteIndicesWildcardWithNegation" classname="org.elasticsearch.cluster.metadata.IndexNameExpressionResolverAliasIterationTests" time="0.003"/>
  <testcase name="testConcreteIndicesNoIndicesErrorMessage" classname="org.elasticsearch.cluster.metadata.IndexNameExpressionResolverAliasIterationTests" time="0.004"/>
  <testcase name="testConcreteIndicesIgnoreIndicesOneMissingIndexOtherFound" classname="org.elasticsearch.cluster.metadata.IndexNameExpressionResolverAliasIterationTests" time="0.003"/>
  <testcase name="testIndexOptionsStrict" classname="org.elasticsearch.cluster.metadata.IndexNameExpressionResolverAliasIterationTests" time="0.003"/>
  <testcase name="testInvalidIndex" classname="org.elasticsearch.cluster.metadata.IndexNameExpressionResolverAliasIterationTests" time="0.002"/>
  <testcase name="testConcreteWriteIndexWithNoWriteIndexWithMultipleIndices" classname="org.elasticsearch.cluster.metadata.IndexNameExpressionResolverAliasIterationTests" time="0.006"/>
  <testcase name="testConcreteIndicesWildcardNoMatch" classname="org.elasticsearch.cluster.metadata.IndexNameExpressionResolverAliasIterationTests" time="0.005"/>
  <testcase name="testIndexAliases" classname="org.elasticsearch.cluster.metadata.IndexNameExpressionResolverAliasIterationTests" time="0.006"/>
  <testcase name="testResolveExpressions" classname="org.elasticsearch.cluster.metadata.IndexNameExpressionResolverAliasIterationTests" time="0.004"/>
  <testcase name="testIsPatternMatchingAllIndicesMatchingTrailingWildcardAndExclusion" classname="org.elasticsearch.cluster.metadata.IndexNameExpressionResolverAliasIterationTests" time="0.003"/>
  <testcase name="testConcreteIndicesAllPatternRandom" classname="org.elasticsearch.cluster.metadata.IndexNameExpressionResolverAliasIterationTests" time="0.004"/>
  <testcase name="testIsExplicitAllIndicesNull" classname="org.elasticsearch.cluster.metadata.IndexNameExpressionResolverAliasIterationTests" time="0.002"/>
  <testcase name="testConcreteIndicesIgnoreIndicesEmptyRequest" classname="org.elasticsearch.cluster.metadata.IndexNameExpressionResolverAliasIterationTests" time="0.002"/>
  <testcase name="testIndexOptionsFailClosedIndicesAndAliases" classname="org.elasticsearch.cluster.metadata.IndexNameExpressionResolverAliasIterationTests" time="0.004"/>
  <testcase name="testConcreteWriteIndexSuccessful" classname="org.elasticsearch.cluster.metadata.IndexNameExpressionResolverAliasIterationTests" time="0.005"/>
  <testcase name="testIsPatternMatchingAllIndicesNonMatchingSingleExclusion" classname="org.elasticsearch.cluster.metadata.IndexNameExpressionResolverAliasIterationTests" time="0.003"/>
  <testcase name="testConcreteIndicesIgnoreIndicesAllMissing" classname="org.elasticsearch.cluster.metadata.IndexNameExpressionResolverAliasIterationTests" time="0.018"/>
  <testcase name="testIndicesAliasesRequestIgnoresAliases" classname="org.elasticsearch.cluster.metadata.IndexNameExpressionResolverAliasIterationTests" time="0.004"/>
  <testcase name="testConcreteIndicesNoIndicesErrorMessageNoExpand" classname="org.elasticsearch.cluster.metadata.IndexNameExpressionResolverAliasIterationTests" time="0.004"/>
  <testcase name="testIsAllIndicesNull" classname="org.elasticsearch.cluster.metadata.IndexNameExpressionResolverAliasIterationTests" time="0.011"/>
  <testcase name="testIsAllIndicesWildcard" classname="org.elasticsearch.cluster.metadata.IndexNameExpressionResolverAliasIterationTests" time="0.008"/>
  <testcase name="testIndexOptionsAllowUnavailableDisallowEmpty" classname="org.elasticsearch.cluster.metadata.IndexNameExpressionResolverAliasIterationTests" time="0.004"/>
  <testcase name="testConcreteWriteIndexWithWildcardExpansion" classname="org.elasticsearch.cluster.metadata.IndexNameExpressionResolverAliasIterationTests" time="0.004"/>
  <testcase name="testIsAllIndicesExplicitAll" classname="org.elasticsearch.cluster.metadata.IndexNameExpressionResolverAliasIterationTests" time="0.005"/>
  <testcase name="testIndexOptionsSingleIndexNoExpandWildcards" classname="org.elasticsearch.cluster.metadata.IndexNameExpressionResolverAliasIterationTests" time="0.005"/>
  <testcase name="testConcreteIndicesWildcardExpansion" classname="org.elasticsearch.cluster.metadata.IndexNameExpressionResolverAliasIterationTests" time="0.009"/>
  <testcase name="testFilterClosedIndicesOnAliases" classname="org.elasticsearch.cluster.metadata.IndexNameExpressionResolverAliasIterationTests" time="0.002"/>
  <testcase name="testIsPatternMatchingAllIndicesExplicitList" classname="org.elasticsearch.cluster.metadata.IndexNameExpressionResolverAliasIterationTests" time="0.004"/>
  <testcase name="testIgnoreThrottled" classname="org.elasticsearch.cluster.metadata.IndexNameExpressionResolverAliasIterationTests" time="0.004"/>
  <testcase name="testIsPatternMatchingAllIndicesNonMatchingTrailingWildcard" classname="org.elasticsearch.cluster.metadata.IndexNameExpressionResolverAliasIterationTests" time="0.002"/>
  <testcase name="testIsExplicitAllIndicesExplicitAll" classname="org.elasticsearch.cluster.metadata.IndexNameExpressionResolverAliasIterationTests" time="0.002"/>
  <testcase name="testConcreteWriteIndexWithNoWriteIndexWithSingleIndex" classname="org.elasticsearch.cluster.metadata.IndexNameExpressionResolverAliasIterationTests" time="0.003"/>
  <testcase name="testAliasResolutionNotAllowingMultipleIndices" classname="org.elasticsearch.cluster.metadata.IndexNameExpressionResolverAliasIterationTests" time="0.004"/>
  <testcase name="testIsExplicitAllIndicesExplicitAllPlusOther" classname="org.elasticsearch.cluster.metadata.IndexNameExpressionResolverAliasIterationTests" time="0.011"/>
  <testcase name="testIsExplicitAllIndicesEmpty" classname="org.elasticsearch.cluster.metadata.IndexNameExpressionResolverAliasIterationTests" time="0.004"/>
  <testcase name="testFilteringAliases" classname="org.elasticsearch.cluster.metadata.IndexNameExpressionResolverAliasIterationTests" time="0.006"/>
  <testcase name="testConcreteWriteIndexWithInvalidIndicesRequest" classname="org.elasticsearch.cluster.metadata.IndexNameExpressionResolverAliasIterationTests" time="0.006"/>
  <testcase name="testDedupConcreteIndices" classname="org.elasticsearch.cluster.metadata.IndexNameExpressionResolverAliasIterationTests" time="0.004"/>
  <system-out><![CDATA[[2020-02-16T15:20:33,601][INFO ][o.e.c.m.IndexNameExpressionResolverAliasIterationTests] [testIsAllIndicesNormalIndexes] before test
[2020-02-16T15:20:33,603][INFO ][o.e.c.m.IndexNameExpressionResolverAliasIterationTests] [testIsAllIndicesNormalIndexes] after test
[2020-02-16T15:20:33,607][INFO ][o.e.c.m.IndexNameExpressionResolverAliasIterationTests] [testIndexOptionsNoExpandWildcards] before test
[2020-02-16T15:20:33,610][INFO ][o.e.c.m.IndexNameExpressionResolverAliasIterationTests] [testIndexOptionsNoExpandWildcards] after test
[2020-02-16T15:20:33,612][INFO ][o.e.c.m.IndexNameExpressionResolverAliasIterationTests] [testIndexOptionsWildcardExpansion] before test
[2020-02-16T15:20:33,614][INFO ][o.e.c.m.IndexNameExpressionResolverAliasIterationTests] [testIndexOptionsWildcardExpansion] after test
[2020-02-16T15:20:33,616][INFO ][o.e.c.m.IndexNameExpressionResolverAliasIterationTests] [testIsPatternMatchingAllIndicesNonMatchingTrailingWildcardAndExclusion] before test
[2020-02-16T15:20:33,616][INFO ][o.e.c.m.IndexNameExpressionResolverAliasIterationTests] [testIsPatternMatchingAllIndicesNonMatchingTrailingWildcardAndExclusion] after test
[2020-02-16T15:20:33,618][INFO ][o.e.c.m.IndexNameExpressionResolverAliasIterationTests] [testIsAllIndicesEmpty] before test
[2020-02-16T15:20:33,618][INFO ][o.e.c.m.IndexNameExpressionResolverAliasIterationTests] [testIsAllIndicesEmpty] after test
[2020-02-16T15:20:33,620][INFO ][o.e.c.m.IndexNameExpressionResolverAliasIterationTests] [testIsPatternMatchingAllIndicesMatchingSingleExclusion] before test
[2020-02-16T15:20:33,621][INFO ][o.e.c.m.IndexNameExpressionResolverAliasIterationTests] [testIsPatternMatchingAllIndicesMatchingSingleExclusion] after test
[2020-02-16T15:20:33,623][INFO ][o.e.c.m.IndexNameExpressionResolverAliasIterationTests] [testDeleteIndexIgnoresAliases] before test
[2020-02-16T15:20:33,625][INFO ][o.e.c.m.IndexNameExpressionResolverAliasIterationTests] [testDeleteIndexIgnoresAliases] after test
[2020-02-16T15:20:33,627][INFO ][o.e.c.m.IndexNameExpressionResolverAliasIterationTests] [testIsExplicitAllIndicesNormalIndexes] before test
[2020-02-16T15:20:33,628][INFO ][o.e.c.m.IndexNameExpressionResolverAliasIterationTests] [testIsExplicitAllIndicesNormalIndexes] after test
[2020-02-16T15:20:33,631][INFO ][o.e.c.m.IndexNameExpressionResolverAliasIterationTests] [testIndexAliasesSkipIdentity] before test
[2020-02-16T15:20:33,632][INFO ][o.e.c.m.IndexNameExpressionResolverAliasIterationTests] [testIndexAliasesSkipIdentity] after test
[2020-02-16T15:20:33,635][INFO ][o.e.c.m.IndexNameExpressionResolverAliasIterationTests] [testIndexOptionsEmptyCluster] before test
[2020-02-16T15:20:33,636][INFO ][o.e.c.m.IndexNameExpressionResolverAliasIterationTests] [testIndexOptionsEmptyCluster] after test
[2020-02-16T15:20:33,639][INFO ][o.e.c.m.IndexNameExpressionResolverAliasIterationTests] [testIsPatternMatchingAllIndicesMatchingTrailingWildcard] before test
[2020-02-16T15:20:33,639][INFO ][o.e.c.m.IndexNameExpressionResolverAliasIterationTests] [testIsPatternMatchingAllIndicesMatchingTrailingWildcard] after test
[2020-02-16T15:20:33,641][INFO ][o.e.c.m.IndexNameExpressionResolverAliasIterationTests] [testConcreteIndicesWildcardAndAliases] before test
[2020-02-16T15:20:33,654][INFO ][o.e.c.m.IndexNameExpressionResolverAliasIterationTests] [testConcreteIndicesWildcardAndAliases] after test
[2020-02-16T15:20:33,657][INFO ][o.e.c.m.IndexNameExpressionResolverAliasIterationTests] [testIndexOptionsLenient] before test
[2020-02-16T15:20:33,658][INFO ][o.e.c.m.IndexNameExpressionResolverAliasIterationTests] [testIndexOptionsLenient] after test
[2020-02-16T15:20:33,660][INFO ][o.e.c.m.IndexNameExpressionResolverAliasIterationTests] [testIsExplicitAllIndicesWildcard] before test
[2020-02-16T15:20:33,660][INFO ][o.e.c.m.IndexNameExpressionResolverAliasIterationTests] [testIsExplicitAllIndicesWildcard] after test
[2020-02-16T15:20:33,662][INFO ][o.e.c.m.IndexNameExpressionResolverAliasIterationTests] [testIsPatternMatchingAllIndicesOnlyWildcard] before test
[2020-02-16T15:20:33,663][INFO ][o.e.c.m.IndexNameExpressionResolverAliasIterationTests] [testIsPatternMatchingAllIndicesOnlyWildcard] after test
[2020-02-16T15:20:33,665][INFO ][o.e.c.m.IndexNameExpressionResolverAliasIterationTests] [testIsAllIndicesExplicitAllPlusOther] before test
[2020-02-16T15:20:33,665][INFO ][o.e.c.m.IndexNameExpressionResolverAliasIterationTests] [testIsAllIndicesExplicitAllPlusOther] after test
[2020-02-16T15:20:33,667][INFO ][o.e.c.m.IndexNameExpressionResolverAliasIterationTests] [testConcreteIndicesIgnoreIndicesOneMissingIndex] before test
[2020-02-16T15:20:33,667][INFO ][o.e.c.m.IndexNameExpressionResolverAliasIterationTests] [testConcreteIndicesIgnoreIndicesOneMissingIndex] after test
[2020-02-16T15:20:33,669][INFO ][o.e.c.m.IndexNameExpressionResolverAliasIterationTests] [testConcreteIndicesWildcardWithNegation] before test
[2020-02-16T15:20:33,670][INFO ][o.e.c.m.IndexNameExpressionResolverAliasIterationTests] [testConcreteIndicesWildcardWithNegation] after test
[2020-02-16T15:20:33,674][INFO ][o.e.c.m.IndexNameExpressionResolverAliasIterationTests] [testConcreteIndicesNoIndicesErrorMessage] before test
[2020-02-16T15:20:33,674][INFO ][o.e.c.m.IndexNameExpressionResolverAliasIterationTests] [testConcreteIndicesNoIndicesErrorMessage] after test
[2020-02-16T15:20:33,676][INFO ][o.e.c.m.IndexNameExpressionResolverAliasIterationTests] [testConcreteIndicesIgnoreIndicesOneMissingIndexOtherFound] before test
[2020-02-16T15:20:33,677][INFO ][o.e.c.m.IndexNameExpressionResolverAliasIterationTests] [testConcreteIndicesIgnoreIndicesOneMissingIndexOtherFound] after test
[2020-02-16T15:20:33,679][INFO ][o.e.c.m.IndexNameExpressionResolverAliasIterationTests] [testIndexOptionsStrict] before test
[2020-02-16T15:20:33,680][INFO ][o.e.c.m.IndexNameExpressionResolverAliasIterationTests] [testIndexOptionsStrict] after test
[2020-02-16T15:20:33,682][INFO ][o.e.c.m.IndexNameExpressionResolverAliasIterationTests] [testInvalidIndex] before test
[2020-02-16T15:20:33,683][INFO ][o.e.c.m.IndexNameExpressionResolverAliasIterationTests] [testInvalidIndex] after test
[2020-02-16T15:20:33,687][INFO ][o.e.c.m.IndexNameExpressionResolverAliasIterationTests] [testConcreteWriteIndexWithNoWriteIndexWithMultipleIndices] before test
[2020-02-16T15:20:33,689][INFO ][o.e.c.m.IndexNameExpressionResolverAliasIterationTests] [testConcreteWriteIndexWithNoWriteIndexWithMultipleIndices] after test
[2020-02-16T15:20:33,692][INFO ][o.e.c.m.IndexNameExpressionResolverAliasIterationTests] [testConcreteIndicesWildcardNoMatch] before test
[2020-02-16T15:20:33,694][INFO ][o.e.c.m.IndexNameExpressionResolverAliasIterationTests] [testConcreteIndicesWildcardNoMatch] after test
[2020-02-16T15:20:33,696][INFO ][o.e.c.m.IndexNameExpressionResolverAliasIterationTests] [testIndexAliases] before test
[2020-02-16T15:20:33,700][INFO ][o.e.c.m.IndexNameExpressionResolverAliasIterationTests] [testIndexAliases] after test
[2020-02-16T15:20:33,703][INFO ][o.e.c.m.IndexNameExpressionResolverAliasIterationTests] [testResolveExpressions] before test
[2020-02-16T15:20:33,704][INFO ][o.e.c.m.IndexNameExpressionResolverAliasIterationTests] [testResolveExpressions] after test
[2020-02-16T15:20:33,707][INFO ][o.e.c.m.IndexNameExpressionResolverAliasIterationTests] [testIsPatternMatchingAllIndicesMatchingTrailingWildcardAndExclusion] before test
[2020-02-16T15:20:33,707][INFO ][o.e.c.m.IndexNameExpressionResolverAliasIterationTests] [testIsPatternMatchingAllIndicesMatchingTrailingWildcardAndExclusion] after test
[2020-02-16T15:20:33,710][INFO ][o.e.c.m.IndexNameExpressionResolverAliasIterationTests] [testConcreteIndicesAllPatternRandom] before test
[2020-02-16T15:20:33,712][INFO ][o.e.c.m.IndexNameExpressionResolverAliasIterationTests] [testConcreteIndicesAllPatternRandom] after test
[2020-02-16T15:20:33,714][INFO ][o.e.c.m.IndexNameExpressionResolverAliasIterationTests] [testIsExplicitAllIndicesNull] before test
[2020-02-16T15:20:33,714][INFO ][o.e.c.m.IndexNameExpressionResolverAliasIterationTests] [testIsExplicitAllIndicesNull] after test
[2020-02-16T15:20:33,716][INFO ][o.e.c.m.IndexNameExpressionResolverAliasIterationTests] [testConcreteIndicesIgnoreIndicesEmptyRequest] before test
[2020-02-16T15:20:33,716][INFO ][o.e.c.m.IndexNameExpressionResolverAliasIterationTests] [testConcreteIndicesIgnoreIndicesEmptyRequest] after test
[2020-02-16T15:20:33,719][INFO ][o.e.c.m.IndexNameExpressionResolverAliasIterationTests] [testIndexOptionsFailClosedIndicesAndAliases] before test
[2020-02-16T15:20:33,720][INFO ][o.e.c.m.IndexNameExpressionResolverAliasIterationTests] [testIndexOptionsFailClosedIndicesAndAliases] after test
[2020-02-16T15:20:33,724][INFO ][o.e.c.m.IndexNameExpressionResolverAliasIterationTests] [testConcreteWriteIndexSuccessful] before test
[2020-02-16T15:20:33,725][INFO ][o.e.c.m.IndexNameExpressionResolverAliasIterationTests] [testConcreteWriteIndexSuccessful] after test
[2020-02-16T15:20:33,728][INFO ][o.e.c.m.IndexNameExpressionResolverAliasIterationTests] [testIsPatternMatchingAllIndicesNonMatchingSingleExclusion] before test
[2020-02-16T15:20:33,728][INFO ][o.e.c.m.IndexNameExpressionResolverAliasIterationTests] [testIsPatternMatchingAllIndicesNonMatchingSingleExclusion] after test
[2020-02-16T15:20:33,745][INFO ][o.e.c.m.IndexNameExpressionResolverAliasIterationTests] [testConcreteIndicesIgnoreIndicesAllMissing] before test
[2020-02-16T15:20:33,746][INFO ][o.e.c.m.IndexNameExpressionResolverAliasIterationTests] [testConcreteIndicesIgnoreIndicesAllMissing] after test
[2020-02-16T15:20:33,748][INFO ][o.e.c.m.IndexNameExpressionResolverAliasIterationTests] [testIndicesAliasesRequestIgnoresAliases] before test
[2020-02-16T15:20:33,750][INFO ][o.e.c.m.IndexNameExpressionResolverAliasIterationTests] [testIndicesAliasesRequestIgnoresAliases] after test
[2020-02-16T15:20:33,754][INFO ][o.e.c.m.IndexNameExpressionResolverAliasIterationTests] [testConcreteIndicesNoIndicesErrorMessageNoExpand] before test
[2020-02-16T15:20:33,755][INFO ][o.e.c.m.IndexNameExpressionResolverAliasIterationTests] [testConcreteIndicesNoIndicesErrorMessageNoExpand] after test
[2020-02-16T15:20:33,766][INFO ][o.e.c.m.IndexNameExpressionResolverAliasIterationTests] [testIsAllIndicesNull] before test
[2020-02-16T15:20:33,766][INFO ][o.e.c.m.IndexNameExpressionResolverAliasIterationTests] [testIsAllIndicesNull] after test
[2020-02-16T15:20:33,774][INFO ][o.e.c.m.IndexNameExpressionResolverAliasIterationTests] [testIsAllIndicesWildcard] before test
[2020-02-16T15:20:33,774][INFO ][o.e.c.m.IndexNameExpressionResolverAliasIterationTests] [testIsAllIndicesWildcard] after test
[2020-02-16T15:20:33,777][INFO ][o.e.c.m.IndexNameExpressionResolverAliasIterationTests] [testIndexOptionsAllowUnavailableDisallowEmpty] before test
[2020-02-16T15:20:33,778][INFO ][o.e.c.m.IndexNameExpressionResolverAliasIterationTests] [testIndexOptionsAllowUnavailableDisallowEmpty] after test
[2020-02-16T15:20:33,780][INFO ][o.e.c.m.IndexNameExpressionResolverAliasIterationTests] [testConcreteWriteIndexWithWildcardExpansion] before test
[2020-02-16T15:20:33,782][INFO ][o.e.c.m.IndexNameExpressionResolverAliasIterationTests] [testConcreteWriteIndexWithWildcardExpansion] after test
[2020-02-16T15:20:33,787][INFO ][o.e.c.m.IndexNameExpressionResolverAliasIterationTests] [testIsAllIndicesExplicitAll] before test
[2020-02-16T15:20:33,788][INFO ][o.e.c.m.IndexNameExpressionResolverAliasIterationTests] [testIsAllIndicesExplicitAll] after test
[2020-02-16T15:20:33,791][INFO ][o.e.c.m.IndexNameExpressionResolverAliasIterationTests] [testIndexOptionsSingleIndexNoExpandWildcards] before test
[2020-02-16T15:20:33,793][INFO ][o.e.c.m.IndexNameExpressionResolverAliasIterationTests] [testIndexOptionsSingleIndexNoExpandWildcards] after test
[2020-02-16T15:20:33,801][INFO ][o.e.c.m.IndexNameExpressionResolverAliasIterationTests] [testConcreteIndicesWildcardExpansion] before test
[2020-02-16T15:20:33,802][INFO ][o.e.c.m.IndexNameExpressionResolverAliasIterationTests] [testConcreteIndicesWildcardExpansion] after test
[2020-02-16T15:20:33,804][INFO ][o.e.c.m.IndexNameExpressionResolverAliasIterationTests] [testFilterClosedIndicesOnAliases] before test
[2020-02-16T15:20:33,805][INFO ][o.e.c.m.IndexNameExpressionResolverAliasIterationTests] [testFilterClosedIndicesOnAliases] after test
[2020-02-16T15:20:33,808][INFO ][o.e.c.m.IndexNameExpressionResolverAliasIterationTests] [testIsPatternMatchingAllIndicesExplicitList] before test
[2020-02-16T15:20:33,809][INFO ][o.e.c.m.IndexNameExpressionResolverAliasIterationTests] [testIsPatternMatchingAllIndicesExplicitList] after test
[2020-02-16T15:20:33,812][INFO ][o.e.c.m.IndexNameExpressionResolverAliasIterationTests] [testIgnoreThrottled] before test
[2020-02-16T15:20:33,813][INFO ][o.e.c.m.IndexNameExpressionResolverAliasIterationTests] [testIgnoreThrottled] after test
[2020-02-16T15:20:33,815][INFO ][o.e.c.m.IndexNameExpressionResolverAliasIterationTests] [testIsPatternMatchingAllIndicesNonMatchingTrailingWildcard] before test
[2020-02-16T15:20:33,816][INFO ][o.e.c.m.IndexNameExpressionResolverAliasIterationTests] [testIsPatternMatchingAllIndicesNonMatchingTrailingWildcard] after test
[2020-02-16T15:20:33,818][INFO ][o.e.c.m.IndexNameExpressionResolverAliasIterationTests] [testIsExplicitAllIndicesExplicitAll] before test
[2020-02-16T15:20:33,818][INFO ][o.e.c.m.IndexNameExpressionResolverAliasIterationTests] [testIsExplicitAllIndicesExplicitAll] after test
[2020-02-16T15:20:33,820][INFO ][o.e.c.m.IndexNameExpressionResolverAliasIterationTests] [testConcreteWriteIndexWithNoWriteIndexWithSingleIndex] before test
[2020-02-16T15:20:33,821][INFO ][o.e.c.m.IndexNameExpressionResolverAliasIterationTests] [testConcreteWriteIndexWithNoWriteIndexWithSingleIndex] after test
[2020-02-16T15:20:33,824][INFO ][o.e.c.m.IndexNameExpressionResolverAliasIterationTests] [testAliasResolutionNotAllowingMultipleIndices] before test
[2020-02-16T15:20:33,825][INFO ][o.e.c.m.IndexNameExpressionResolverAliasIterationTests] [testAliasResolutionNotAllowingMultipleIndices] after test
[2020-02-16T15:20:33,834][INFO ][o.e.c.m.IndexNameExpressionResolverAliasIterationTests] [testIsExplicitAllIndicesExplicitAllPlusOther] before test
[2020-02-16T15:20:33,836][INFO ][o.e.c.m.IndexNameExpressionResolverAliasIterationTests] [testIsExplicitAllIndicesExplicitAllPlusOther] after test
[2020-02-16T15:20:33,840][INFO ][o.e.c.m.IndexNameExpressionResolverAliasIterationTests] [testIsExplicitAllIndicesEmpty] before test
[2020-02-16T15:20:33,840][INFO ][o.e.c.m.IndexNameExpressionResolverAliasIterationTests] [testIsExplicitAllIndicesEmpty] after test
[2020-02-16T15:20:33,843][INFO ][o.e.c.m.IndexNameExpressionResolverAliasIterationTests] [testFilteringAliases] before test
[2020-02-16T15:20:33,847][INFO ][o.e.c.m.IndexNameExpressionResolverAliasIterationTests] [testFilteringAliases] after test
[2020-02-16T15:20:33,852][INFO ][o.e.c.m.IndexNameExpressionResolverAliasIterationTests] [testConcreteWriteIndexWithInvalidIndicesRequest] before test
[2020-02-16T15:20:33,854][INFO ][o.e.c.m.IndexNameExpressionResolverAliasIterationTests] [testConcreteWriteIndexWithInvalidIndicesRequest] after test
[2020-02-16T15:20:33,857][INFO ][o.e.c.m.IndexNameExpressionResolverAliasIterationTests] [testDedupConcreteIndices] before test
[2020-02-16T15:20:33,858][INFO ][o.e.c.m.IndexNameExpressionResolverAliasIterationTests] [testDedupConcreteIndices] after test
]]></system-out>
  <system-err><![CDATA[]]></system-err>
</testsuite>
