<?xml version="1.0" encoding="UTF-8"?>
<testsuite name="org.elasticsearch.action.admin.cluster.state.ClusterStateRequestTests" tests="2" skipped="0" failures="0" errors="0" timestamp="2020-02-16T22:20:24" hostname="Escoto-PC" time="0.015">
  <properties/>
  <testcase name="testSerialization" classname="org.elasticsearch.action.admin.cluster.state.ClusterStateRequestTests" time="0.01"/>
  <testcase name="testWaitForMetaDataVersion" classname="org.elasticsearch.action.admin.cluster.state.ClusterStateRequestTests" time="0.005"/>
  <system-out><![CDATA[[2020-02-17T03:20:24,696][INFO ][o.e.a.a.c.s.ClusterStateRequestTests] [testSerialization] before test
[2020-02-17T03:20:24,699][INFO ][o.e.a.a.c.s.ClusterStateRequestTests] [testSerialization] after test
[2020-02-17T03:20:24,702][INFO ][o.e.a.a.c.s.ClusterStateRequestTests] [testWaitForMetaDataVersion] before test
[2020-02-17T03:20:24,704][INFO ][o.e.a.a.c.s.ClusterStateRequestTests] [testWaitForMetaDataVersion] after test
]]></system-out>
  <system-err><![CDATA[]]></system-err>
</testsuite>
