<?xml version="1.0" encoding="UTF-8"?>
<testsuite name="org.elasticsearch.plugins.spi.NamedXContentProviderTests" tests="2" skipped="0" failures="0" errors="0" timestamp="2020-02-16T22:24:03" hostname="Escoto-PC" time="0.037">
  <properties/>
  <testcase name="testNamedXContents" classname="org.elasticsearch.plugins.spi.NamedXContentProviderTests" time="0.034"/>
  <testcase name="testSpiFileExists" classname="org.elasticsearch.plugins.spi.NamedXContentProviderTests" time="0.003"/>
  <system-out><![CDATA[[2020-02-16T11:24:03,308][INFO ][o.e.p.s.NamedXContentProviderTests] [testNamedXContents] before test
[2020-02-16T11:24:03,341][INFO ][o.e.p.s.NamedXContentProviderTests] [testNamedXContents] after test
[2020-02-16T11:24:03,342][INFO ][o.e.p.s.NamedXContentProviderTests] [testSpiFileExists] before test
[2020-02-16T11:24:03,343][INFO ][o.e.p.s.NamedXContentProviderTests] [testSpiFileExists] after test
]]></system-out>
  <system-err><![CDATA[]]></system-err>
</testsuite>
