<?xml version="1.0" encoding="UTF-8"?>
<testsuite name="org.elasticsearch.cluster.routing.allocation.AllocationDecisionTests" tests="4" skipped="0" failures="0" errors="0" timestamp="2020-02-16T22:21:35" hostname="Escoto-PC" time="0.047">
  <properties/>
  <testcase name="testValuesOrder" classname="org.elasticsearch.cluster.routing.allocation.AllocationDecisionTests" time="0.02"/>
  <testcase name="testFromAllocationStatus" classname="org.elasticsearch.cluster.routing.allocation.AllocationDecisionTests" time="0.003"/>
  <testcase name="testFromDecisionType" classname="org.elasticsearch.cluster.routing.allocation.AllocationDecisionTests" time="0.02"/>
  <testcase name="testSerialization" classname="org.elasticsearch.cluster.routing.allocation.AllocationDecisionTests" time="0.002"/>
  <system-out><![CDATA[[2020-02-17T00:21:35,046][INFO ][o.e.c.r.a.AllocationDecisionTests] [testValuesOrder] before test
[2020-02-17T00:21:35,064][INFO ][o.e.c.r.a.AllocationDecisionTests] [testValuesOrder] after test
[2020-02-17T00:21:35,068][INFO ][o.e.c.r.a.AllocationDecisionTests] [testFromAllocationStatus] before test
[2020-02-17T00:21:35,068][INFO ][o.e.c.r.a.AllocationDecisionTests] [testFromAllocationStatus] after test
[2020-02-17T00:21:35,089][INFO ][o.e.c.r.a.AllocationDecisionTests] [testFromDecisionType] before test
[2020-02-17T00:21:35,089][INFO ][o.e.c.r.a.AllocationDecisionTests] [testFromDecisionType] after test
[2020-02-17T00:21:35,091][INFO ][o.e.c.r.a.AllocationDecisionTests] [testSerialization] before test
[2020-02-17T00:21:35,091][INFO ][o.e.c.r.a.AllocationDecisionTests] [testSerialization] after test
]]></system-out>
  <system-err><![CDATA[]]></system-err>
</testsuite>
