<?xml version="1.0" encoding="UTF-8"?>
<testsuite name="org.elasticsearch.index.search.nested.NestedSortingTests" tests="4" skipped="0" failures="0" errors="0" timestamp="2020-02-16T22:23:21" hostname="Escoto-PC" time="1.15">
  <properties/>
  <testcase name="testNestedSorting" classname="org.elasticsearch.index.search.nested.NestedSortingTests" time="0.741"/>
  <testcase name="testEmpty" classname="org.elasticsearch.index.search.nested.NestedSortingTests" time="0.072"/>
  <testcase name="testDuel" classname="org.elasticsearch.index.search.nested.NestedSortingTests" time="0.146"/>
  <testcase name="testMultiLevelNestedSorting" classname="org.elasticsearch.index.search.nested.NestedSortingTests" time="0.191"/>
  <system-out><![CDATA[[2020-02-16T12:23:21,482][INFO ][o.e.e.NodeEnvironment    ] [testNestedSorting] using [1] data paths, mounts [[Old HDD (E:)]], net usable_space [89.5gb], net total_space [232.8gb], types [NTFS]
[2020-02-16T12:23:21,484][INFO ][o.e.e.NodeEnvironment    ] [testNestedSorting] heap size [512mb], compressed ordinary object pointers [true]
[2020-02-16T12:23:21,486][INFO ][o.e.n.Node               ] [testNestedSorting] node name [node_s_0], node ID [f_cVFuxXRZWWLfQaEFonEw], cluster name [single-node-cluster-TEST_WORKER_VM=[13]-CLUSTER_SEED=[-1843812003020383079]-HASH=[14B765543D2]]
[2020-02-16T12:23:21,486][INFO ][o.e.n.Node               ] [testNestedSorting] version[7.5.1], pid[5104], build[unknown/unknown/unknown/unknown], OS[Windows 7/6.1/amd64], JVM[Oracle Corporation/OpenJDK 64-Bit Server VM/12.0.2/12.0.2+10]
[2020-02-16T12:23:21,486][INFO ][o.e.n.Node               ] [testNestedSorting] JVM home [C:\Program Files\Java\jdk-12.0.2]
[2020-02-16T12:23:21,486][INFO ][o.e.n.Node               ] [testNestedSorting] JVM arguments [-Dcompiler.java=12, -Des.scripting.update.ctx_in_params=false, -Des.transport.cname_in_publish_address=true, -Dgradle.dist.lib=C:\Users\Escoto\.gradle\wrapper\dists\gradle-5.6.2-bin\3clyn6icets6f02ptgd5hlmou\gradle-5.6.2\lib, -Dgradle.user.home=C:\Users\Escoto\.gradle, -Dgradle.worker.jar=C:\Users\Escoto\.gradle/caches/5.6.2/workerMain/gradle-worker.jar, -Dio.netty.noKeySetOptimization=true, -Dio.netty.noUnsafe=true, -Dio.netty.recycler.maxCapacityPerThread=0, -Djava.awt.headless=true, -Djna.nosys=true, -Dorg.gradle.native=false, -Druntime.java=12, -Dtests.artifact=server, -Dtests.gradle=true, -Dtests.logger.level=WARN, -Dtests.security.manager=true, -Dtests.seed=9EA1F2A3814E5F76, -Dtests.task=:server:test, -Dtests.timeoutSuite=1800000!, -esa, --illegal-access=warn, -XX:+HeapDumpOnOutOfMemoryError, -XX:HeapDumpPath=E:\NotD\git\elasticsearch\server\build\heapdump, -Xms512m, -Xmx512m, -Dfile.encoding=windows-1252, -Djava.io.tmpdir=./temp, -Duser.country=US, -Duser.language=en, -Duser.variant, -ea]
[2020-02-16T12:23:21,487][INFO ][o.e.p.PluginsService     ] [testNestedSorting] no modules loaded
[2020-02-16T12:23:21,487][INFO ][o.e.p.PluginsService     ] [testNestedSorting] loaded plugin [org.elasticsearch.test.InternalSettingsPlugin]
[2020-02-16T12:23:21,487][INFO ][o.e.p.PluginsService     ] [testNestedSorting] loaded plugin [org.elasticsearch.test.MockHttpTransport$TestPlugin]
[2020-02-16T12:23:21,487][INFO ][o.e.p.PluginsService     ] [testNestedSorting] loaded plugin [org.elasticsearch.transport.nio.MockNioTransportPlugin]
[2020-02-16T12:23:21,728][INFO ][o.e.d.DiscoveryModule    ] [testNestedSorting] using discovery type [zen] and seed hosts providers [settings]
[2020-02-16T12:23:21,735][INFO ][o.e.n.Node               ] [testNestedSorting] initialized
[2020-02-16T12:23:21,735][INFO ][o.e.n.Node               ] [testNestedSorting] starting ...
[2020-02-16T12:23:22,065][INFO ][o.e.t.TransportService   ] [testNestedSorting] publish_address {127.0.0.1:11600}, bound_addresses {127.0.0.1:11600}, {[::1]:11600}
[2020-02-16T12:23:22,072][INFO ][o.e.c.c.Coordinator      ] [testNestedSorting] setting initial configuration to VotingConfiguration{f_cVFuxXRZWWLfQaEFonEw}
[2020-02-16T12:23:22,094][INFO ][o.e.c.s.MasterService    ] [node_s_0] elected-as-master ([1] nodes joined)[{node_s_0}{f_cVFuxXRZWWLfQaEFonEw}{92-8zf08TDmdwgqbkBj8cQ}{127.0.0.1}{127.0.0.1:11600}{dim} elect leader, _BECOME_MASTER_TASK_, _FINISH_ELECTION_], term: 1, version: 1, delta: master node changed {previous [], current [{node_s_0}{f_cVFuxXRZWWLfQaEFonEw}{92-8zf08TDmdwgqbkBj8cQ}{127.0.0.1}{127.0.0.1:11600}{dim}]}
[2020-02-16T12:23:22,102][INFO ][o.e.c.c.CoordinationState] [node_s_0] cluster UUID set to [zqJ7L7PKTWer-Fcy0l7LMw]
[2020-02-16T12:23:22,108][INFO ][o.e.c.s.ClusterApplierService] [node_s_0] master node changed {previous [], current [{node_s_0}{f_cVFuxXRZWWLfQaEFonEw}{92-8zf08TDmdwgqbkBj8cQ}{127.0.0.1}{127.0.0.1:11600}{dim}]}, term: 1, version: 1, reason: Publication{term=1, version=1}
[2020-02-16T12:23:22,108][INFO ][o.e.n.Node               ] [testNestedSorting] started
[2020-02-16T12:23:22,112][INFO ][o.e.g.GatewayService     ] [node_s_0] recovered [0] indices into cluster_state
[2020-02-16T12:23:22,113][INFO ][o.e.c.m.MetaDataIndexTemplateService] [node_s_0] adding template [one_shard_index_template] for index patterns [*]
[2020-02-16T12:23:22,121][INFO ][o.e.c.m.MetaDataIndexTemplateService] [node_s_0] adding template [random-soft-deletes-template] for index patterns [*]
[2020-02-16T12:23:22,128][INFO ][o.e.i.s.n.NestedSortingTests] [testNestedSorting] before test
[2020-02-16T12:23:22,129][INFO ][o.e.c.m.MetaDataCreateIndexService] [node_s_0] [test] creating index, cause [api], templates [one_shard_index_template, random-soft-deletes-template], shards [1]/[0], mappings []
[2020-02-16T12:23:22,173][INFO ][o.e.c.r.a.AllocationService] [node_s_0] Cluster health status changed from [YELLOW] to [GREEN] (reason: [shards started [[test][0]]]).
[2020-02-16T12:23:22,188][INFO ][o.e.c.m.MetaDataDeleteIndexService] [node_s_0] [test/pBiOo-bPQtuw7qv6xU1j4Q] deleting index
[2020-02-16T12:23:22,209][INFO ][o.e.i.s.n.NestedSortingTests] [testNestedSorting] after test
[2020-02-16T12:23:22,211][INFO ][o.e.i.s.n.NestedSortingTests] [testEmpty] before test
[2020-02-16T12:23:22,212][INFO ][o.e.c.m.MetaDataCreateIndexService] [node_s_0] [test] creating index, cause [api], templates [one_shard_index_template, random-soft-deletes-template], shards [1]/[0], mappings []
[2020-02-16T12:23:22,255][INFO ][o.e.c.r.a.AllocationService] [node_s_0] Cluster health status changed from [YELLOW] to [GREEN] (reason: [shards started [[test][0]]]).
[2020-02-16T12:23:22,264][INFO ][o.e.c.m.MetaDataDeleteIndexService] [node_s_0] [test/HfoAgoXdS7OauiplNIvLEg] deleting index
[2020-02-16T12:23:22,281][INFO ][o.e.i.s.n.NestedSortingTests] [testEmpty] after test
[2020-02-16T12:23:22,283][INFO ][o.e.i.s.n.NestedSortingTests] [testDuel] before test
[2020-02-16T12:23:22,284][INFO ][o.e.c.m.MetaDataCreateIndexService] [node_s_0] [test] creating index, cause [api], templates [one_shard_index_template, random-soft-deletes-template], shards [1]/[0], mappings []
[2020-02-16T12:23:22,333][INFO ][o.e.c.r.a.AllocationService] [node_s_0] Cluster health status changed from [YELLOW] to [GREEN] (reason: [shards started [[test][0]]]).
[2020-02-16T12:23:22,378][INFO ][o.e.c.m.MetaDataDeleteIndexService] [node_s_0] [test/c1SGvJJkRlGCV0VgkpjR_g] deleting index
[2020-02-16T12:23:22,427][INFO ][o.e.i.s.n.NestedSortingTests] [testDuel] after test
[2020-02-16T12:23:22,430][INFO ][o.e.i.s.n.NestedSortingTests] [testMultiLevelNestedSorting] before test
[2020-02-16T12:23:22,431][INFO ][o.e.c.m.MetaDataCreateIndexService] [node_s_0] [test] creating index, cause [api], templates [one_shard_index_template, random-soft-deletes-template], shards [1]/[0], mappings []
[2020-02-16T12:23:22,484][INFO ][o.e.c.r.a.AllocationService] [node_s_0] Cluster health status changed from [YELLOW] to [GREEN] (reason: [shards started [[test][0]]]).
[2020-02-16T12:23:22,499][INFO ][o.e.c.m.MetaDataCreateIndexService] [node_s_0] [nested_sorting] creating index, cause [api], templates [one_shard_index_template, random-soft-deletes-template], shards [1]/[0], mappings [_doc]
[2020-02-16T12:23:22,551][INFO ][o.e.c.r.a.AllocationService] [node_s_0] Cluster health status changed from [YELLOW] to [GREEN] (reason: [shards started [[nested_sorting][0]]]).
[2020-02-16T12:23:22,581][INFO ][o.e.c.m.MetaDataDeleteIndexService] [node_s_0] [nested_sorting/QJKUbcu7RwSGWFbGfOyFVg] deleting index
[2020-02-16T12:23:22,581][INFO ][o.e.c.m.MetaDataDeleteIndexService] [node_s_0] [test/e-7lO09eTfi1ncTOpccZ2w] deleting index
[2020-02-16T12:23:22,618][INFO ][o.e.i.s.n.NestedSortingTests] [testMultiLevelNestedSorting] after test
[2020-02-16T12:23:22,618][INFO ][o.e.n.Node               ] [suite] stopping ...
[2020-02-16T12:23:22,631][INFO ][o.e.n.Node               ] [suite] stopped
[2020-02-16T12:23:22,632][INFO ][o.e.n.Node               ] [suite] closing ...
[2020-02-16T12:23:22,632][INFO ][o.e.n.Node               ] [suite] closed
]]></system-out>
  <system-err><![CDATA[]]></system-err>
</testsuite>
