<?xml version="1.0" encoding="UTF-8"?>
<testsuite name="org.elasticsearch.action.admin.indices.forcemerge.ForceMergeRequestTests" tests="1" skipped="0" failures="0" errors="0" timestamp="2020-02-16T22:20:05" hostname="Escoto-PC" time="0.004">
  <properties/>
  <testcase name="testDescription" classname="org.elasticsearch.action.admin.indices.forcemerge.ForceMergeRequestTests" time="0.004"/>
  <system-out><![CDATA[[2020-02-16T15:20:05,694][INFO ][o.e.a.a.i.f.ForceMergeRequestTests] [testDescription] before test
[2020-02-16T15:20:05,695][INFO ][o.e.a.a.i.f.ForceMergeRequestTests] [testDescription] after test
]]></system-out>
  <system-err><![CDATA[]]></system-err>
</testsuite>
