<?xml version="1.0" encoding="UTF-8"?>
<testsuite name="org.elasticsearch.search.internal.AliasFilterTests" tests="1" skipped="0" failures="0" errors="0" timestamp="2020-02-16T22:25:35" hostname="Escoto-PC" time="0.003">
  <properties/>
  <testcase name="testEqualsAndHashCode" classname="org.elasticsearch.search.internal.AliasFilterTests" time="0.003"/>
  <system-out><![CDATA[[2020-02-16T17:25:35,712][INFO ][o.e.s.i.AliasFilterTests ] [testEqualsAndHashCode] before test
[2020-02-16T17:25:35,713][INFO ][o.e.s.i.AliasFilterTests ] [testEqualsAndHashCode] after test
]]></system-out>
  <system-err><![CDATA[]]></system-err>
</testsuite>
