<?xml version="1.0" encoding="UTF-8"?>
<testsuite name="org.elasticsearch.index.mapper.NullValueObjectMappingTests" tests="1" skipped="0" failures="0" errors="0" timestamp="2020-02-16T22:23:22" hostname="Escoto-PC" time="0.741">
  <properties/>
  <testcase name="testNullValueObject" classname="org.elasticsearch.index.mapper.NullValueObjectMappingTests" time="0.741"/>
  <system-out><![CDATA[[2020-02-17T10:23:22,988][INFO ][o.e.e.NodeEnvironment    ] [testNullValueObject] using [1] data paths, mounts [[Old HDD (E:)]], net usable_space [89.5gb], net total_space [232.8gb], types [NTFS]
[2020-02-17T10:23:22,989][INFO ][o.e.e.NodeEnvironment    ] [testNullValueObject] heap size [512mb], compressed ordinary object pointers [true]
[2020-02-17T10:23:22,992][INFO ][o.e.n.Node               ] [testNullValueObject] node name [node_s_0], node ID [dDQQV73wQcmYNyWPyJHfTw], cluster name [single-node-cluster-TEST_WORKER_VM=[12]-CLUSTER_SEED=[-3180798328420528061]-HASH=[14BD01EF82D]]
[2020-02-17T10:23:22,992][INFO ][o.e.n.Node               ] [testNullValueObject] version[7.5.1], pid[2148], build[unknown/unknown/unknown/unknown], OS[Windows 7/6.1/amd64], JVM[Oracle Corporation/OpenJDK 64-Bit Server VM/12.0.2/12.0.2+10]
[2020-02-17T10:23:22,992][INFO ][o.e.n.Node               ] [testNullValueObject] JVM home [C:\Program Files\Java\jdk-12.0.2]
[2020-02-17T10:23:22,992][INFO ][o.e.n.Node               ] [testNullValueObject] JVM arguments [-Dcompiler.java=12, -Des.scripting.update.ctx_in_params=false, -Des.transport.cname_in_publish_address=true, -Dgradle.dist.lib=C:\Users\Escoto\.gradle\wrapper\dists\gradle-5.6.2-bin\3clyn6icets6f02ptgd5hlmou\gradle-5.6.2\lib, -Dgradle.user.home=C:\Users\Escoto\.gradle, -Dgradle.worker.jar=C:\Users\Escoto\.gradle/caches/5.6.2/workerMain/gradle-worker.jar, -Dio.netty.noKeySetOptimization=true, -Dio.netty.noUnsafe=true, -Dio.netty.recycler.maxCapacityPerThread=0, -Djava.awt.headless=true, -Djna.nosys=true, -Dorg.gradle.native=false, -Druntime.java=12, -Dtests.artifact=server, -Dtests.gradle=true, -Dtests.logger.level=WARN, -Dtests.security.manager=true, -Dtests.seed=9EA1F2A3814E5F76, -Dtests.task=:server:test, -Dtests.timeoutSuite=1800000!, -esa, --illegal-access=warn, -XX:+HeapDumpOnOutOfMemoryError, -XX:HeapDumpPath=E:\NotD\git\elasticsearch\server\build\heapdump, -Xms512m, -Xmx512m, -Dfile.encoding=windows-1252, -Djava.io.tmpdir=./temp, -Duser.country=US, -Duser.language=en, -Duser.variant, -ea]
[2020-02-17T10:23:22,992][INFO ][o.e.p.PluginsService     ] [testNullValueObject] no modules loaded
[2020-02-17T10:23:22,992][INFO ][o.e.p.PluginsService     ] [testNullValueObject] loaded plugin [org.elasticsearch.test.MockHttpTransport$TestPlugin]
[2020-02-17T10:23:22,992][INFO ][o.e.p.PluginsService     ] [testNullValueObject] loaded plugin [org.elasticsearch.transport.nio.MockNioTransportPlugin]
[2020-02-17T10:23:23,188][INFO ][o.e.d.DiscoveryModule    ] [testNullValueObject] using discovery type [zen] and seed hosts providers [settings]
[2020-02-17T10:23:23,196][INFO ][o.e.n.Node               ] [testNullValueObject] initialized
[2020-02-17T10:23:23,196][INFO ][o.e.n.Node               ] [testNullValueObject] starting ...
[2020-02-17T10:23:23,522][INFO ][o.e.t.TransportService   ] [testNullValueObject] publish_address {127.0.0.1:11500}, bound_addresses {127.0.0.1:11500}, {[::1]:11500}
[2020-02-17T10:23:23,530][INFO ][o.e.c.c.Coordinator      ] [testNullValueObject] setting initial configuration to VotingConfiguration{dDQQV73wQcmYNyWPyJHfTw}
[2020-02-17T10:23:23,580][INFO ][o.e.c.s.MasterService    ] [node_s_0] elected-as-master ([1] nodes joined)[{node_s_0}{dDQQV73wQcmYNyWPyJHfTw}{xGfpMDIkQM6GpM8W19yvCQ}{127.0.0.1}{127.0.0.1:11500}{dim} elect leader, _BECOME_MASTER_TASK_, _FINISH_ELECTION_], term: 1, version: 1, delta: master node changed {previous [], current [{node_s_0}{dDQQV73wQcmYNyWPyJHfTw}{xGfpMDIkQM6GpM8W19yvCQ}{127.0.0.1}{127.0.0.1:11500}{dim}]}
[2020-02-17T10:23:23,587][INFO ][o.e.c.c.CoordinationState] [node_s_0] cluster UUID set to [dXnyR6xoRKaNrDGzO9keGg]
[2020-02-17T10:23:23,597][INFO ][o.e.c.s.ClusterApplierService] [node_s_0] master node changed {previous [], current [{node_s_0}{dDQQV73wQcmYNyWPyJHfTw}{xGfpMDIkQM6GpM8W19yvCQ}{127.0.0.1}{127.0.0.1:11500}{dim}]}, term: 1, version: 1, reason: Publication{term=1, version=1}
[2020-02-17T10:23:23,598][INFO ][o.e.n.Node               ] [testNullValueObject] started
[2020-02-17T10:23:23,603][INFO ][o.e.g.GatewayService     ] [node_s_0] recovered [0] indices into cluster_state
[2020-02-17T10:23:23,604][INFO ][o.e.c.m.MetaDataIndexTemplateService] [node_s_0] adding template [one_shard_index_template] for index patterns [*]
[2020-02-17T10:23:23,615][INFO ][o.e.c.m.MetaDataIndexTemplateService] [node_s_0] adding template [random-soft-deletes-template] for index patterns [*]
[2020-02-17T10:23:23,625][INFO ][o.e.i.m.NullValueObjectMappingTests] [testNullValueObject] before test
[2020-02-17T10:23:23,626][INFO ][o.e.c.m.MetaDataCreateIndexService] [node_s_0] [test] creating index, cause [api], templates [random-soft-deletes-template, one_shard_index_template], shards [1]/[0], mappings []
[2020-02-17T10:23:23,681][INFO ][o.e.c.r.a.AllocationService] [node_s_0] Cluster health status changed from [YELLOW] to [GREEN] (reason: [shards started [[test][0]]]).
[2020-02-17T10:23:23,694][INFO ][o.e.i.m.NullValueObjectMappingTests] [testNullValueObject] after test
[2020-02-17T10:23:23,694][INFO ][o.e.c.m.MetaDataDeleteIndexService] [node_s_0] [test/Kpif1FA0SH2mUdr8ExmvXw] deleting index
[2020-02-17T10:23:23,719][INFO ][o.e.n.Node               ] [suite] stopping ...
[2020-02-17T10:23:23,721][INFO ][o.e.n.Node               ] [suite] stopped
[2020-02-17T10:23:23,721][INFO ][o.e.n.Node               ] [suite] closing ...
[2020-02-17T10:23:23,722][INFO ][o.e.n.Node               ] [suite] closed
]]></system-out>
  <system-err><![CDATA[]]></system-err>
</testsuite>
