<?xml version="1.0" encoding="UTF-8"?>
<testsuite name="org.elasticsearch.action.admin.cluster.storedscripts.PutStoredScriptRequestTests" tests="2" skipped="0" failures="0" errors="0" timestamp="2020-02-16T22:20:05" hostname="Escoto-PC" time="0.012">
  <properties/>
  <testcase name="testSerialization" classname="org.elasticsearch.action.admin.cluster.storedscripts.PutStoredScriptRequestTests" time="0.005"/>
  <testcase name="testToXContent" classname="org.elasticsearch.action.admin.cluster.storedscripts.PutStoredScriptRequestTests" time="0.006"/>
  <system-out><![CDATA[[2020-02-17T00:20:05,024][INFO ][o.e.a.a.c.s.PutStoredScriptRequestTests] [testSerialization] before test
[2020-02-17T00:20:05,028][INFO ][o.e.a.a.c.s.PutStoredScriptRequestTests] [testSerialization] after test
[2020-02-17T00:20:05,032][INFO ][o.e.a.a.c.s.PutStoredScriptRequestTests] [testToXContent] before test
[2020-02-17T00:20:05,033][INFO ][o.e.a.a.c.s.PutStoredScriptRequestTests] [testToXContent] after test
]]></system-out>
  <system-err><![CDATA[]]></system-err>
</testsuite>
