<?xml version="1.0" encoding="UTF-8"?>
<testsuite name="org.elasticsearch.search.suggest.completion.CompletionSuggesterBuilderTests" tests="4" skipped="0" failures="0" errors="0" timestamp="2020-02-16T22:24:43" hostname="Escoto-PC" time="0.092">
  <properties/>
  <testcase name="testSerialization" classname="org.elasticsearch.search.suggest.completion.CompletionSuggesterBuilderTests" time="0.016"/>
  <testcase name="testBuild" classname="org.elasticsearch.search.suggest.completion.CompletionSuggesterBuilderTests" time="0.063"/>
  <testcase name="testEqualsAndHashcode" classname="org.elasticsearch.search.suggest.completion.CompletionSuggesterBuilderTests" time="0.005"/>
  <testcase name="testFromXContent" classname="org.elasticsearch.search.suggest.completion.CompletionSuggesterBuilderTests" time="0.008"/>
  <system-out><![CDATA[[2020-02-17T10:24:43,196][INFO ][o.e.s.s.c.CompletionSuggesterBuilderTests] [testSerialization] before test
[2020-02-17T10:24:43,198][INFO ][o.e.s.s.c.CompletionSuggesterBuilderTests] [testSerialization] after test
[2020-02-17T10:24:43,208][INFO ][o.e.s.s.c.CompletionSuggesterBuilderTests] [testBuild] before test
[2020-02-17T10:24:43,261][INFO ][o.e.s.s.c.CompletionSuggesterBuilderTests] [testBuild] after test
[2020-02-17T10:24:43,263][INFO ][o.e.s.s.c.CompletionSuggesterBuilderTests] [testEqualsAndHashcode] before test
[2020-02-17T10:24:43,266][INFO ][o.e.s.s.c.CompletionSuggesterBuilderTests] [testEqualsAndHashcode] after test
[2020-02-17T10:24:43,268][INFO ][o.e.s.s.c.CompletionSuggesterBuilderTests] [testFromXContent] before test
[2020-02-17T10:24:43,274][INFO ][o.e.s.s.c.CompletionSuggesterBuilderTests] [testFromXContent] after test
]]></system-out>
  <system-err><![CDATA[]]></system-err>
</testsuite>
