<?xml version="1.0" encoding="UTF-8"?>
<testsuite name="org.elasticsearch.cluster.SnapshotsInProgressTests" tests="1" skipped="0" failures="0" errors="0" timestamp="2020-02-16T22:20:41" hostname="Escoto-PC" time="0.004">
  <properties/>
  <testcase name="testWaitingIndices" classname="org.elasticsearch.cluster.SnapshotsInProgressTests" time="0.004"/>
  <system-out><![CDATA[[2020-02-17T12:05:41,108][INFO ][o.e.c.SnapshotsInProgressTests] [testWaitingIndices] before test
[2020-02-17T12:05:41,109][INFO ][o.e.c.SnapshotsInProgressTests] [testWaitingIndices] after test
]]></system-out>
  <system-err><![CDATA[]]></system-err>
</testsuite>
