<?xml version="1.0" encoding="UTF-8"?>
<testsuite name="org.elasticsearch.common.lucene.search.MultiPhrasePrefixQueryTests" tests="1" skipped="0" failures="0" errors="0" timestamp="2020-02-16T22:20:47" hostname="Escoto-PC" time="0.016">
  <properties/>
  <testcase name="testSimple" classname="org.elasticsearch.common.lucene.search.MultiPhrasePrefixQueryTests" time="0.016"/>
  <system-out><![CDATA[[2020-02-16T19:20:47,491][INFO ][o.e.c.l.s.MultiPhrasePrefixQueryTests] [testSimple] before test
[2020-02-16T19:20:47,505][INFO ][o.e.c.l.s.MultiPhrasePrefixQueryTests] [testSimple] after test
]]></system-out>
  <system-err><![CDATA[]]></system-err>
</testsuite>
