<?xml version="1.0" encoding="UTF-8"?>
<testsuite name="org.elasticsearch.action.admin.cluster.snapshots.create.CreateSnapshotResponseTests" tests="1" skipped="0" failures="0" errors="0" timestamp="2020-02-16T22:20:02" hostname="Escoto-PC" time="0.081">
  <properties/>
  <testcase name="testFromXContent" classname="org.elasticsearch.action.admin.cluster.snapshots.create.CreateSnapshotResponseTests" time="0.081"/>
  <system-out><![CDATA[[2020-02-16T22:20:02,619][INFO ][o.e.a.a.c.s.c.CreateSnapshotResponseTests] [testFromXContent] before test
[2020-02-16T22:20:02,696][INFO ][o.e.a.a.c.s.c.CreateSnapshotResponseTests] [testFromXContent] after test
]]></system-out>
  <system-err><![CDATA[]]></system-err>
</testsuite>
