<?xml version="1.0" encoding="UTF-8"?>
<testsuite name="org.elasticsearch.common.bytes.CompositeBytesReferenceTests" tests="34" skipped="0" failures="0" errors="0" timestamp="2020-02-16T22:21:40" hostname="Escoto-PC" time="0.402">
  <properties/>
  <testcase name="testSliceIterator" classname="org.elasticsearch.common.bytes.CompositeBytesReferenceTests" time="0.007"/>
  <testcase name="testGetInt" classname="org.elasticsearch.common.bytes.CompositeBytesReferenceTests" time="0.002"/>
  <testcase name="testStreamInput" classname="org.elasticsearch.common.bytes.CompositeBytesReferenceTests" time="0.031"/>
  <testcase name="testEmptyToBytesRefIterator" classname="org.elasticsearch.common.bytes.CompositeBytesReferenceTests" time="0.008"/>
  <testcase name="testCompareTo" classname="org.elasticsearch.common.bytes.CompositeBytesReferenceTests" time="0.107"/>
  <testcase name="testSliceIsNotCompositeIfMatchesSingleSubSlice" classname="org.elasticsearch.common.bytes.CompositeBytesReferenceTests" time="0.003"/>
  <testcase name="testBasicEquals" classname="org.elasticsearch.common.bytes.CompositeBytesReferenceTests" time="0.002"/>
  <testcase name="testEquals" classname="org.elasticsearch.common.bytes.CompositeBytesReferenceTests" time="0.004"/>
  <testcase name="testArrayOffset" classname="org.elasticsearch.common.bytes.CompositeBytesReferenceTests" time="0.007"/>
  <testcase name="testToBytes" classname="org.elasticsearch.common.bytes.CompositeBytesReferenceTests" time="0.011"/>
  <testcase name="testSliceWriteToOutputStream" classname="org.elasticsearch.common.bytes.CompositeBytesReferenceTests" time="0.027"/>
  <testcase name="testGet" classname="org.elasticsearch.common.bytes.CompositeBytesReferenceTests" time="0.01"/>
  <testcase name="testSliceEquals" classname="org.elasticsearch.common.bytes.CompositeBytesReferenceTests" time="0.008"/>
  <testcase name="testToBytesRefMaterializedPages" classname="org.elasticsearch.common.bytes.CompositeBytesReferenceTests" time="0.008"/>
  <testcase name="testInputStreamSkip" classname="org.elasticsearch.common.bytes.CompositeBytesReferenceTests" time="0.032"/>
  <testcase name="testRandomReads" classname="org.elasticsearch.common.bytes.CompositeBytesReferenceTests" time="0.003"/>
  <testcase name="testLength" classname="org.elasticsearch.common.bytes.CompositeBytesReferenceTests" time="0.008"/>
  <testcase name="testToBytesRef" classname="org.elasticsearch.common.bytes.CompositeBytesReferenceTests" time="0.004"/>
  <testcase name="testSliceArrayOffset" classname="org.elasticsearch.common.bytes.CompositeBytesReferenceTests" time="0.002"/>
  <testcase name="testStreamInputMarkAndReset" classname="org.elasticsearch.common.bytes.CompositeBytesReferenceTests" time="0.013"/>
  <testcase name="testHashCode" classname="org.elasticsearch.common.bytes.CompositeBytesReferenceTests" time="0.002"/>
  <testcase name="testSliceCopyBytesRef" classname="org.elasticsearch.common.bytes.CompositeBytesReferenceTests" time="0.005"/>
  <testcase name="testIndexOf" classname="org.elasticsearch.common.bytes.CompositeBytesReferenceTests" time="0.002"/>
  <testcase name="testSliceToBytesRef" classname="org.elasticsearch.common.bytes.CompositeBytesReferenceTests" time="0.003"/>
  <testcase name="testSliceStreamInput" classname="org.elasticsearch.common.bytes.CompositeBytesReferenceTests" time="0.007"/>
  <testcase name="testToUtf8" classname="org.elasticsearch.common.bytes.CompositeBytesReferenceTests" time="0.001"/>
  <testcase name="testWriteToOutputStream" classname="org.elasticsearch.common.bytes.CompositeBytesReferenceTests" time="0.006"/>
  <testcase name="testCompositeBuffer" classname="org.elasticsearch.common.bytes.CompositeBytesReferenceTests" time="0.005"/>
  <testcase name="testIterator" classname="org.elasticsearch.common.bytes.CompositeBytesReferenceTests" time="0.008"/>
  <testcase name="testSlice" classname="org.elasticsearch.common.bytes.CompositeBytesReferenceTests" time="0.037"/>
  <testcase name="testIteratorRandom" classname="org.elasticsearch.common.bytes.CompositeBytesReferenceTests" time="0.007"/>
  <testcase name="testToBytesRefSharedPage" classname="org.elasticsearch.common.bytes.CompositeBytesReferenceTests" time="0.003"/>
  <testcase name="testStreamInputBulkReadWithOffset" classname="org.elasticsearch.common.bytes.CompositeBytesReferenceTests" time="0.008"/>
  <testcase name="testCopyBytesRefSharesBytes" classname="org.elasticsearch.common.bytes.CompositeBytesReferenceTests" time="0.002"/>
  <system-out><![CDATA[[2020-02-17T07:21:40,258][INFO ][o.e.c.b.CompositeBytesReferenceTests] [testSliceIterator] before test
[2020-02-17T07:21:40,262][INFO ][o.e.c.b.CompositeBytesReferenceTests] [testSliceIterator] after test
[2020-02-17T07:21:40,264][INFO ][o.e.c.b.CompositeBytesReferenceTests] [testGetInt] before test
[2020-02-17T07:21:40,265][INFO ][o.e.c.b.CompositeBytesReferenceTests] [testGetInt] after test
[2020-02-17T07:21:40,269][INFO ][o.e.c.b.CompositeBytesReferenceTests] [testStreamInput] before test
[2020-02-17T07:21:40,296][INFO ][o.e.c.b.CompositeBytesReferenceTests] [testStreamInput] after test
[2020-02-17T07:21:40,305][INFO ][o.e.c.b.CompositeBytesReferenceTests] [testEmptyToBytesRefIterator] before test
[2020-02-17T07:21:40,305][INFO ][o.e.c.b.CompositeBytesReferenceTests] [testEmptyToBytesRefIterator] after test
[2020-02-17T07:21:40,308][INFO ][o.e.c.b.CompositeBytesReferenceTests] [testCompareTo] before test
[2020-02-17T07:21:40,412][INFO ][o.e.c.b.CompositeBytesReferenceTests] [testCompareTo] after test
[2020-02-17T07:21:40,415][INFO ][o.e.c.b.CompositeBytesReferenceTests] [testSliceIsNotCompositeIfMatchesSingleSubSlice] before test
[2020-02-17T07:21:40,416][INFO ][o.e.c.b.CompositeBytesReferenceTests] [testSliceIsNotCompositeIfMatchesSingleSubSlice] after test
[2020-02-17T07:21:40,418][INFO ][o.e.c.b.CompositeBytesReferenceTests] [testBasicEquals] before test
[2020-02-17T07:21:40,418][INFO ][o.e.c.b.CompositeBytesReferenceTests] [testBasicEquals] after test
[2020-02-17T07:21:40,421][INFO ][o.e.c.b.CompositeBytesReferenceTests] [testEquals] before test
[2020-02-17T07:21:40,422][INFO ][o.e.c.b.CompositeBytesReferenceTests] [testEquals] after test
[2020-02-17T07:21:40,424][INFO ][o.e.c.b.CompositeBytesReferenceTests] [testArrayOffset] before test
[2020-02-17T07:21:40,428][INFO ][o.e.c.b.CompositeBytesReferenceTests] [testArrayOffset] after test
[2020-02-17T07:21:40,430][INFO ][o.e.c.b.CompositeBytesReferenceTests] [testToBytes] before test
[2020-02-17T07:21:40,439][INFO ][o.e.c.b.CompositeBytesReferenceTests] [testToBytes] after test
[2020-02-17T07:21:40,456][INFO ][o.e.c.b.CompositeBytesReferenceTests] [testSliceWriteToOutputStream] before test
[2020-02-17T07:21:40,466][INFO ][o.e.c.b.CompositeBytesReferenceTests] [testSliceWriteToOutputStream] after test
[2020-02-17T07:21:40,471][INFO ][o.e.c.b.CompositeBytesReferenceTests] [testGet] before test
[2020-02-17T07:21:40,476][INFO ][o.e.c.b.CompositeBytesReferenceTests] [testGet] after test
[2020-02-17T07:21:40,483][INFO ][o.e.c.b.CompositeBytesReferenceTests] [testSliceEquals] before test
[2020-02-17T07:21:40,484][INFO ][o.e.c.b.CompositeBytesReferenceTests] [testSliceEquals] after test
[2020-02-17T07:21:40,490][INFO ][o.e.c.b.CompositeBytesReferenceTests] [testToBytesRefMaterializedPages] before test
[2020-02-17T07:21:40,493][INFO ][o.e.c.b.CompositeBytesReferenceTests] [testToBytesRefMaterializedPages] after test
[2020-02-17T07:21:40,505][INFO ][o.e.c.b.CompositeBytesReferenceTests] [testInputStreamSkip] before test
[2020-02-17T07:21:40,526][INFO ][o.e.c.b.CompositeBytesReferenceTests] [testInputStreamSkip] after test
[2020-02-17T07:21:40,528][INFO ][o.e.c.b.CompositeBytesReferenceTests] [testRandomReads] before test
[2020-02-17T07:21:40,530][INFO ][o.e.c.b.CompositeBytesReferenceTests] [testRandomReads] after test
[2020-02-17T07:21:40,532][INFO ][o.e.c.b.CompositeBytesReferenceTests] [testLength] before test
[2020-02-17T07:21:40,539][INFO ][o.e.c.b.CompositeBytesReferenceTests] [testLength] after test
[2020-02-17T07:21:40,541][INFO ][o.e.c.b.CompositeBytesReferenceTests] [testToBytesRef] before test
[2020-02-17T07:21:40,542][INFO ][o.e.c.b.CompositeBytesReferenceTests] [testToBytesRef] after test
[2020-02-17T07:21:40,544][INFO ][o.e.c.b.CompositeBytesReferenceTests] [testSliceArrayOffset] before test
[2020-02-17T07:21:40,544][INFO ][o.e.c.b.CompositeBytesReferenceTests] [testSliceArrayOffset] after test
[2020-02-17T07:21:40,546][INFO ][o.e.c.b.CompositeBytesReferenceTests] [testStreamInputMarkAndReset] before test
[2020-02-17T07:21:40,558][INFO ][o.e.c.b.CompositeBytesReferenceTests] [testStreamInputMarkAndReset] after test
[2020-02-17T07:21:40,560][INFO ][o.e.c.b.CompositeBytesReferenceTests] [testHashCode] before test
[2020-02-17T07:21:40,561][INFO ][o.e.c.b.CompositeBytesReferenceTests] [testHashCode] after test
[2020-02-17T07:21:40,562][INFO ][o.e.c.b.CompositeBytesReferenceTests] [testSliceCopyBytesRef] before test
[2020-02-17T07:21:40,566][INFO ][o.e.c.b.CompositeBytesReferenceTests] [testSliceCopyBytesRef] after test
[2020-02-17T07:21:40,568][INFO ][o.e.c.b.CompositeBytesReferenceTests] [testIndexOf] before test
[2020-02-17T07:21:40,568][INFO ][o.e.c.b.CompositeBytesReferenceTests] [testIndexOf] after test
[2020-02-17T07:21:40,572][INFO ][o.e.c.b.CompositeBytesReferenceTests] [testSliceToBytesRef] before test
[2020-02-17T07:21:40,572][INFO ][o.e.c.b.CompositeBytesReferenceTests] [testSliceToBytesRef] after test
[2020-02-17T07:21:40,575][INFO ][o.e.c.b.CompositeBytesReferenceTests] [testSliceStreamInput] before test
[2020-02-17T07:21:40,579][INFO ][o.e.c.b.CompositeBytesReferenceTests] [testSliceStreamInput] after test
[2020-02-17T07:21:40,581][INFO ][o.e.c.b.CompositeBytesReferenceTests] [testToUtf8] before test
[2020-02-17T07:21:40,581][INFO ][o.e.c.b.CompositeBytesReferenceTests] [testToUtf8] after test
[2020-02-17T07:21:40,582][INFO ][o.e.c.b.CompositeBytesReferenceTests] [testWriteToOutputStream] before test
[2020-02-17T07:21:40,587][INFO ][o.e.c.b.CompositeBytesReferenceTests] [testWriteToOutputStream] after test
[2020-02-17T07:21:40,589][INFO ][o.e.c.b.CompositeBytesReferenceTests] [testCompositeBuffer] before test
[2020-02-17T07:21:40,592][INFO ][o.e.c.b.CompositeBytesReferenceTests] [testCompositeBuffer] after test
[2020-02-17T07:21:40,594][INFO ][o.e.c.b.CompositeBytesReferenceTests] [testIterator] before test
[2020-02-17T07:21:40,599][INFO ][o.e.c.b.CompositeBytesReferenceTests] [testIterator] after test
[2020-02-17T07:21:40,630][INFO ][o.e.c.b.CompositeBytesReferenceTests] [testSlice] before test
[2020-02-17T07:21:40,636][INFO ][o.e.c.b.CompositeBytesReferenceTests] [testSlice] after test
[2020-02-17T07:21:40,640][INFO ][o.e.c.b.CompositeBytesReferenceTests] [testIteratorRandom] before test
[2020-02-17T07:21:40,644][INFO ][o.e.c.b.CompositeBytesReferenceTests] [testIteratorRandom] after test
[2020-02-17T07:21:40,646][INFO ][o.e.c.b.CompositeBytesReferenceTests] [testToBytesRefSharedPage] before test
[2020-02-17T07:21:40,646][INFO ][o.e.c.b.CompositeBytesReferenceTests] [testToBytesRefSharedPage] after test
[2020-02-17T07:21:40,648][INFO ][o.e.c.b.CompositeBytesReferenceTests] [testStreamInputBulkReadWithOffset] before test
[2020-02-17T07:21:40,655][INFO ][o.e.c.b.CompositeBytesReferenceTests] [testStreamInputBulkReadWithOffset] after test
[2020-02-17T07:21:40,657][INFO ][o.e.c.b.CompositeBytesReferenceTests] [testCopyBytesRefSharesBytes] before test
[2020-02-17T07:21:40,658][INFO ][o.e.c.b.CompositeBytesReferenceTests] [testCopyBytesRefSharesBytes] after test
]]></system-out>
  <system-err><![CDATA[]]></system-err>
</testsuite>
