<?xml version="1.0" encoding="UTF-8"?>
<testsuite name="org.elasticsearch.index.refresh.RefreshStatsTests" tests="1" skipped="0" failures="0" errors="0" timestamp="2020-02-16T22:23:09" hostname="Escoto-PC" time="0.005">
  <properties/>
  <testcase name="testSerialize" classname="org.elasticsearch.index.refresh.RefreshStatsTests" time="0.005"/>
  <system-out><![CDATA[[2020-02-16T17:23:09,966][INFO ][o.e.i.r.RefreshStatsTests] [testSerialize] before test
[2020-02-16T17:23:09,968][INFO ][o.e.i.r.RefreshStatsTests] [testSerialize] after test
]]></system-out>
  <system-err><![CDATA[]]></system-err>
</testsuite>
