<?xml version="1.0" encoding="UTF-8"?>
<testsuite name="org.elasticsearch.index.analysis.NamedAnalyzerTests" tests="1" skipped="0" failures="0" errors="0" timestamp="2020-02-16T22:21:14" hostname="Escoto-PC" time="0.009">
  <properties/>
  <testcase name="testCheckAllowedInMode" classname="org.elasticsearch.index.analysis.NamedAnalyzerTests" time="0.009"/>
  <system-out><![CDATA[[2020-02-17T00:21:14,371][INFO ][o.e.i.a.NamedAnalyzerTests] [testCheckAllowedInMode] before test
[2020-02-17T00:21:14,377][INFO ][o.e.i.a.NamedAnalyzerTests] [testCheckAllowedInMode] after test
]]></system-out>
  <system-err><![CDATA[]]></system-err>
</testsuite>
