<?xml version="1.0" encoding="UTF-8"?>
<testsuite name="org.elasticsearch.common.util.iterable.IterablesTests" tests="3" skipped="0" failures="0" errors="0" timestamp="2020-02-16T22:22:00" hostname="Escoto-PC" time="0.011">
  <properties/>
  <testcase name="testGetOverIterable" classname="org.elasticsearch.common.util.iterable.IterablesTests" time="0.004"/>
  <testcase name="testFlatten" classname="org.elasticsearch.common.util.iterable.IterablesTests" time="0.004"/>
  <testcase name="testGetOverList" classname="org.elasticsearch.common.util.iterable.IterablesTests" time="0.002"/>
  <system-out><![CDATA[[2020-02-16T18:22:00,216][INFO ][o.e.c.u.i.IterablesTests ] [testGetOverIterable] before test
[2020-02-16T18:22:00,218][INFO ][o.e.c.u.i.IterablesTests ] [testGetOverIterable] after test
[2020-02-16T18:22:00,222][INFO ][o.e.c.u.i.IterablesTests ] [testFlatten] before test
[2020-02-16T18:22:00,222][INFO ][o.e.c.u.i.IterablesTests ] [testFlatten] after test
[2020-02-16T18:22:00,224][INFO ][o.e.c.u.i.IterablesTests ] [testGetOverList] before test
[2020-02-16T18:22:00,225][INFO ][o.e.c.u.i.IterablesTests ] [testGetOverList] after test
]]></system-out>
  <system-err><![CDATA[]]></system-err>
</testsuite>
