<?xml version="1.0" encoding="UTF-8"?>
<testsuite name="org.elasticsearch.action.admin.cluster.repositories.put.PutRepositoryRequestTests" tests="1" skipped="0" failures="0" errors="0" timestamp="2020-02-16T22:20:01" hostname="Escoto-PC" time="0.005">
  <properties/>
  <testcase name="testCreateRepositoryToXContent" classname="org.elasticsearch.action.admin.cluster.repositories.put.PutRepositoryRequestTests" time="0.005"/>
  <system-out><![CDATA[[2020-02-17T09:20:01,985][INFO ][o.e.a.a.c.r.p.PutRepositoryRequestTests] [testCreateRepositoryToXContent] before test
[2020-02-17T09:20:01,988][INFO ][o.e.a.a.c.r.p.PutRepositoryRequestTests] [testCreateRepositoryToXContent] after test
]]></system-out>
  <system-err><![CDATA[]]></system-err>
</testsuite>
