<?xml version="1.0" encoding="UTF-8"?>
<testsuite name="org.elasticsearch.action.support.TransportActionFilterChainTests" tests="2" skipped="0" failures="0" errors="0" timestamp="2020-02-16T22:20:48" hostname="Escoto-PC" time="0.012">
  <properties/>
  <testcase name="testActionFiltersRequest" classname="org.elasticsearch.action.support.TransportActionFilterChainTests" time="0.007"/>
  <testcase name="testTooManyContinueProcessingRequest" classname="org.elasticsearch.action.support.TransportActionFilterChainTests" time="0.005"/>
  <system-out><![CDATA[[2020-02-16T22:20:48,480][INFO ][o.e.a.s.TransportActionFilterChainTests] [testActionFiltersRequest] before test
[2020-02-16T22:20:48,485][INFO ][o.e.a.s.TransportActionFilterChainTests] [testActionFiltersRequest] after test
[2020-02-16T22:20:48,487][INFO ][o.e.a.s.TransportActionFilterChainTests] [testTooManyContinueProcessingRequest] before test
[2020-02-16T22:20:48,490][INFO ][o.e.a.s.TransportActionFilterChainTests] [testTooManyContinueProcessingRequest] after test
]]></system-out>
  <system-err><![CDATA[]]></system-err>
</testsuite>
