<?xml version="1.0" encoding="UTF-8"?>
<testsuite name="org.elasticsearch.action.admin.cluster.node.tasks.CancellableTasksTests" tests="3" skipped="0" failures="0" errors="0" timestamp="2020-02-16T22:20:00" hostname="Escoto-PC" time="6.349">
  <properties/>
  <testcase name="testChildTasksCancellation" classname="org.elasticsearch.action.admin.cluster.node.tasks.CancellableTasksTests" time="1.929"/>
  <testcase name="testBasicTaskCancellation" classname="org.elasticsearch.action.admin.cluster.node.tasks.CancellableTasksTests" time="3.729"/>
  <testcase name="testTaskCancellationOnCoordinatingNodeLeavingTheCluster" classname="org.elasticsearch.action.admin.cluster.node.tasks.CancellableTasksTests" time="0.691"/>
  <system-out><![CDATA[[2020-02-17T04:20:00,936][INFO ][o.e.a.a.c.n.t.CancellableTasksTests] [testChildTasksCancellation] before test
[2020-02-17T04:20:01,464][INFO ][o.e.t.TransportService   ] [testChildTasksCancellation] publish_address {127.0.0.1:9300}, bound_addresses {127.0.0.1:9300}, {[::1]:9300}
[2020-02-17T04:20:01,787][INFO ][o.e.t.TransportService   ] [testChildTasksCancellation] publish_address {127.0.0.1:9301}, bound_addresses {127.0.0.1:9301}, {[::1]:9301}
[2020-02-17T04:20:02,267][INFO ][o.e.t.TransportService   ] [testChildTasksCancellation] publish_address {127.0.0.1:9302}, bound_addresses {127.0.0.1:9302}, {[::1]:9302}
[2020-02-17T04:20:02,554][INFO ][o.e.t.TransportService   ] [testChildTasksCancellation] publish_address {127.0.0.1:9303}, bound_addresses {127.0.0.1:9303}, {[::1]:9303}
[2020-02-17T04:20:02,558][INFO ][o.e.c.s.ClusterApplierService] [test] added {{node2}{XBg1e5O7S1Kvu301GMJG8w}{127.0.0.1}{127.0.0.1:9302},{node3}{6prspEmMToqVt24C7odYQg}{127.0.0.1}{127.0.0.1:9303},{node1}{ry1W7pmCR4Cdul4t1ctHaw}{127.0.0.1}{127.0.0.1:9301}}, term: 0, version: 1, reason: test setting state
[2020-02-17T04:20:02,559][INFO ][o.e.c.s.ClusterApplierService] [test] master node changed {previous [{node1}{ry1W7pmCR4Cdul4t1ctHaw}{127.0.0.1}{127.0.0.1:9301}], current [{node0}{grGcj1AfS3ClOwYzkU7JZg}{127.0.0.1}{127.0.0.1:9300}]}, added {{node2}{XBg1e5O7S1Kvu301GMJG8w}{127.0.0.1}{127.0.0.1:9302},{node3}{6prspEmMToqVt24C7odYQg}{127.0.0.1}{127.0.0.1:9303},{node0}{grGcj1AfS3ClOwYzkU7JZg}{127.0.0.1}{127.0.0.1:9300}}, term: 0, version: 1, reason: test setting state
[2020-02-17T04:20:02,560][INFO ][o.e.c.s.ClusterApplierService] [test] master node changed {previous [{node2}{XBg1e5O7S1Kvu301GMJG8w}{127.0.0.1}{127.0.0.1:9302}], current [{node0}{grGcj1AfS3ClOwYzkU7JZg}{127.0.0.1}{127.0.0.1:9300}]}, added {{node3}{6prspEmMToqVt24C7odYQg}{127.0.0.1}{127.0.0.1:9303},{node1}{ry1W7pmCR4Cdul4t1ctHaw}{127.0.0.1}{127.0.0.1:9301},{node0}{grGcj1AfS3ClOwYzkU7JZg}{127.0.0.1}{127.0.0.1:9300}}, term: 0, version: 1, reason: test setting state
[2020-02-17T04:20:02,561][INFO ][o.e.c.s.ClusterApplierService] [test] master node changed {previous [{node3}{6prspEmMToqVt24C7odYQg}{127.0.0.1}{127.0.0.1:9303}], current [{node0}{grGcj1AfS3ClOwYzkU7JZg}{127.0.0.1}{127.0.0.1:9300}]}, added {{node2}{XBg1e5O7S1Kvu301GMJG8w}{127.0.0.1}{127.0.0.1:9302},{node1}{ry1W7pmCR4Cdul4t1ctHaw}{127.0.0.1}{127.0.0.1:9301},{node0}{grGcj1AfS3ClOwYzkU7JZg}{127.0.0.1}{127.0.0.1:9300}}, term: 0, version: 1, reason: test setting state
[2020-02-17T04:20:02,747][INFO ][o.e.a.a.c.n.t.CancellableTasksTests] [testChildTasksCancellation] The action in the node [node0] should block: [true]
[2020-02-17T04:20:02,751][INFO ][o.e.a.a.c.n.t.CancellableTasksTests] [testChildTasksCancellation] The action in the node [node1] should block: [true]
[2020-02-17T04:20:02,751][INFO ][o.e.a.a.c.n.t.CancellableTasksTests] [testChildTasksCancellation] The action in the node [node2] should block: [true]
[2020-02-17T04:20:02,751][INFO ][o.e.a.a.c.n.t.CancellableTasksTests] [testChildTasksCancellation] The action in the node [node3] should block: [true]
[2020-02-17T04:20:02,756][INFO ][o.e.a.a.c.n.t.CancellableTasksTests] [testChildTasksCancellation] Awaiting for all actions to start
[2020-02-17T04:20:02,772][INFO ][o.e.a.a.c.n.t.CancellableTasksTests] [testChildTasksCancellation] Done waiting for all actions to start
[2020-02-17T04:20:02,858][INFO ][o.e.a.a.c.n.t.CancellableTasksTests] [testChildTasksCancellation] after test
[2020-02-17T04:20:02,870][INFO ][o.e.a.a.c.n.t.CancellableTasksTests] [testBasicTaskCancellation] before test
[2020-02-17T04:20:03,325][INFO ][o.e.t.TransportService   ] [testBasicTaskCancellation] publish_address {127.0.0.1:9300}, bound_addresses {127.0.0.1:9300}, {[::1]:9300}
[2020-02-17T04:20:03,663][INFO ][o.e.t.TransportService   ] [testBasicTaskCancellation] publish_address {127.0.0.1:9301}, bound_addresses {127.0.0.1:9301}, {[::1]:9301}
[2020-02-17T04:20:03,998][INFO ][o.e.t.TransportService   ] [testBasicTaskCancellation] publish_address {127.0.0.1:9302}, bound_addresses {127.0.0.1:9302}, {[::1]:9302}
[2020-02-17T04:20:04,309][INFO ][o.e.t.TransportService   ] [testBasicTaskCancellation] publish_address {127.0.0.1:9303}, bound_addresses {127.0.0.1:9303}, {[::1]:9303}
[2020-02-17T04:20:04,617][INFO ][o.e.t.TransportService   ] [testBasicTaskCancellation] publish_address {127.0.0.1:9304}, bound_addresses {127.0.0.1:9304}, {[::1]:9304}
[2020-02-17T04:20:04,871][INFO ][o.e.t.TransportService   ] [testBasicTaskCancellation] publish_address {127.0.0.1:9305}, bound_addresses {127.0.0.1:9305}, {[::1]:9305}
[2020-02-17T04:20:05,442][INFO ][o.e.t.TransportService   ] [testBasicTaskCancellation] publish_address {127.0.0.1:9306}, bound_addresses {127.0.0.1:9306}, {[::1]:9306}
[2020-02-17T04:20:06,047][INFO ][o.e.t.TransportService   ] [testBasicTaskCancellation] publish_address {127.0.0.1:9307}, bound_addresses {127.0.0.1:9307}, {[::1]:9307}
[2020-02-17T04:20:06,080][INFO ][o.e.c.s.ClusterApplierService] [test] added {{node2}{SDWD8fH2T9-03ucsyr7-mQ}{127.0.0.1}{127.0.0.1:9302},{node5}{APJY3X_YRcuDBqqLHM0Gww}{127.0.0.1}{127.0.0.1:9305},{node4}{j4Ek2wL2RACqhDcXqX9DyQ}{127.0.0.1}{127.0.0.1:9304},{node7}{V40KR3SFQBiy0YcYXn4L8A}{127.0.0.1}{127.0.0.1:9307},{node3}{8zq4C00VRliSwakUBfnKUw}{127.0.0.1}{127.0.0.1:9303},{node1}{VC0ROH6XRuGS3LwD3swGuA}{127.0.0.1}{127.0.0.1:9301},{node6}{XGItQuU_TaibEzutChftCw}{127.0.0.1}{127.0.0.1:9306}}, term: 0, version: 1, reason: test setting state
[2020-02-17T04:20:06,084][INFO ][o.e.c.s.ClusterApplierService] [test] master node changed {previous [{node1}{VC0ROH6XRuGS3LwD3swGuA}{127.0.0.1}{127.0.0.1:9301}], current [{node0}{M9Q3deSzQtSGTHckVPWlYw}{127.0.0.1}{127.0.0.1:9300}]}, added {{node3}{8zq4C00VRliSwakUBfnKUw}{127.0.0.1}{127.0.0.1:9303},{node4}{j4Ek2wL2RACqhDcXqX9DyQ}{127.0.0.1}{127.0.0.1:9304},{node5}{APJY3X_YRcuDBqqLHM0Gww}{127.0.0.1}{127.0.0.1:9305},{node7}{V40KR3SFQBiy0YcYXn4L8A}{127.0.0.1}{127.0.0.1:9307},{node0}{M9Q3deSzQtSGTHckVPWlYw}{127.0.0.1}{127.0.0.1:9300},{node6}{XGItQuU_TaibEzutChftCw}{127.0.0.1}{127.0.0.1:9306},{node2}{SDWD8fH2T9-03ucsyr7-mQ}{127.0.0.1}{127.0.0.1:9302}}, term: 0, version: 1, reason: test setting state
[2020-02-17T04:20:06,091][INFO ][o.e.c.s.ClusterApplierService] [test] master node changed {previous [{node2}{SDWD8fH2T9-03ucsyr7-mQ}{127.0.0.1}{127.0.0.1:9302}], current [{node0}{M9Q3deSzQtSGTHckVPWlYw}{127.0.0.1}{127.0.0.1:9300}]}, added {{node5}{APJY3X_YRcuDBqqLHM0Gww}{127.0.0.1}{127.0.0.1:9305},{node1}{VC0ROH6XRuGS3LwD3swGuA}{127.0.0.1}{127.0.0.1:9301},{node7}{V40KR3SFQBiy0YcYXn4L8A}{127.0.0.1}{127.0.0.1:9307},{node0}{M9Q3deSzQtSGTHckVPWlYw}{127.0.0.1}{127.0.0.1:9300},{node4}{j4Ek2wL2RACqhDcXqX9DyQ}{127.0.0.1}{127.0.0.1:9304},{node3}{8zq4C00VRliSwakUBfnKUw}{127.0.0.1}{127.0.0.1:9303},{node6}{XGItQuU_TaibEzutChftCw}{127.0.0.1}{127.0.0.1:9306}}, term: 0, version: 1, reason: test setting state
[2020-02-17T04:20:06,092][INFO ][o.e.c.s.ClusterApplierService] [test] master node changed {previous [{node3}{8zq4C00VRliSwakUBfnKUw}{127.0.0.1}{127.0.0.1:9303}], current [{node0}{M9Q3deSzQtSGTHckVPWlYw}{127.0.0.1}{127.0.0.1:9300}]}, added {{node7}{V40KR3SFQBiy0YcYXn4L8A}{127.0.0.1}{127.0.0.1:9307},{node4}{j4Ek2wL2RACqhDcXqX9DyQ}{127.0.0.1}{127.0.0.1:9304},{node6}{XGItQuU_TaibEzutChftCw}{127.0.0.1}{127.0.0.1:9306},{node5}{APJY3X_YRcuDBqqLHM0Gww}{127.0.0.1}{127.0.0.1:9305},{node1}{VC0ROH6XRuGS3LwD3swGuA}{127.0.0.1}{127.0.0.1:9301},{node2}{SDWD8fH2T9-03ucsyr7-mQ}{127.0.0.1}{127.0.0.1:9302},{node0}{M9Q3deSzQtSGTHckVPWlYw}{127.0.0.1}{127.0.0.1:9300}}, term: 0, version: 1, reason: test setting state
[2020-02-17T04:20:06,096][INFO ][o.e.c.s.ClusterApplierService] [test] master node changed {previous [{node4}{j4Ek2wL2RACqhDcXqX9DyQ}{127.0.0.1}{127.0.0.1:9304}], current [{node0}{M9Q3deSzQtSGTHckVPWlYw}{127.0.0.1}{127.0.0.1:9300}]}, added {{node7}{V40KR3SFQBiy0YcYXn4L8A}{127.0.0.1}{127.0.0.1:9307},{node2}{SDWD8fH2T9-03ucsyr7-mQ}{127.0.0.1}{127.0.0.1:9302},{node0}{M9Q3deSzQtSGTHckVPWlYw}{127.0.0.1}{127.0.0.1:9300},{node1}{VC0ROH6XRuGS3LwD3swGuA}{127.0.0.1}{127.0.0.1:9301},{node6}{XGItQuU_TaibEzutChftCw}{127.0.0.1}{127.0.0.1:9306},{node5}{APJY3X_YRcuDBqqLHM0Gww}{127.0.0.1}{127.0.0.1:9305},{node3}{8zq4C00VRliSwakUBfnKUw}{127.0.0.1}{127.0.0.1:9303}}, term: 0, version: 1, reason: test setting state
[2020-02-17T04:20:06,098][INFO ][o.e.c.s.ClusterApplierService] [test] master node changed {previous [{node5}{APJY3X_YRcuDBqqLHM0Gww}{127.0.0.1}{127.0.0.1:9305}], current [{node0}{M9Q3deSzQtSGTHckVPWlYw}{127.0.0.1}{127.0.0.1:9300}]}, added {{node0}{M9Q3deSzQtSGTHckVPWlYw}{127.0.0.1}{127.0.0.1:9300},{node2}{SDWD8fH2T9-03ucsyr7-mQ}{127.0.0.1}{127.0.0.1:9302},{node6}{XGItQuU_TaibEzutChftCw}{127.0.0.1}{127.0.0.1:9306},{node1}{VC0ROH6XRuGS3LwD3swGuA}{127.0.0.1}{127.0.0.1:9301},{node7}{V40KR3SFQBiy0YcYXn4L8A}{127.0.0.1}{127.0.0.1:9307},{node3}{8zq4C00VRliSwakUBfnKUw}{127.0.0.1}{127.0.0.1:9303},{node4}{j4Ek2wL2RACqhDcXqX9DyQ}{127.0.0.1}{127.0.0.1:9304}}, term: 0, version: 1, reason: test setting state
[2020-02-17T04:20:06,103][INFO ][o.e.c.s.ClusterApplierService] [test] master node changed {previous [{node6}{XGItQuU_TaibEzutChftCw}{127.0.0.1}{127.0.0.1:9306}], current [{node0}{M9Q3deSzQtSGTHckVPWlYw}{127.0.0.1}{127.0.0.1:9300}]}, added {{node0}{M9Q3deSzQtSGTHckVPWlYw}{127.0.0.1}{127.0.0.1:9300},{node5}{APJY3X_YRcuDBqqLHM0Gww}{127.0.0.1}{127.0.0.1:9305},{node2}{SDWD8fH2T9-03ucsyr7-mQ}{127.0.0.1}{127.0.0.1:9302},{node4}{j4Ek2wL2RACqhDcXqX9DyQ}{127.0.0.1}{127.0.0.1:9304},{node1}{VC0ROH6XRuGS3LwD3swGuA}{127.0.0.1}{127.0.0.1:9301},{node3}{8zq4C00VRliSwakUBfnKUw}{127.0.0.1}{127.0.0.1:9303},{node7}{V40KR3SFQBiy0YcYXn4L8A}{127.0.0.1}{127.0.0.1:9307}}, term: 0, version: 1, reason: test setting state
[2020-02-17T04:20:06,105][INFO ][o.e.c.s.ClusterApplierService] [test] master node changed {previous [{node7}{V40KR3SFQBiy0YcYXn4L8A}{127.0.0.1}{127.0.0.1:9307}], current [{node0}{M9Q3deSzQtSGTHckVPWlYw}{127.0.0.1}{127.0.0.1:9300}]}, added {{node5}{APJY3X_YRcuDBqqLHM0Gww}{127.0.0.1}{127.0.0.1:9305},{node0}{M9Q3deSzQtSGTHckVPWlYw}{127.0.0.1}{127.0.0.1:9300},{node2}{SDWD8fH2T9-03ucsyr7-mQ}{127.0.0.1}{127.0.0.1:9302},{node1}{VC0ROH6XRuGS3LwD3swGuA}{127.0.0.1}{127.0.0.1:9301},{node3}{8zq4C00VRliSwakUBfnKUw}{127.0.0.1}{127.0.0.1:9303},{node6}{XGItQuU_TaibEzutChftCw}{127.0.0.1}{127.0.0.1:9306},{node4}{j4Ek2wL2RACqhDcXqX9DyQ}{127.0.0.1}{127.0.0.1:9304}}, term: 0, version: 1, reason: test setting state
[2020-02-17T04:20:06,449][INFO ][o.e.a.a.c.n.t.CancellableTasksTests] [testBasicTaskCancellation] waitForActionToStart is set to true
[2020-02-17T04:20:06,450][INFO ][o.e.a.a.c.n.t.CancellableTasksTests] [testBasicTaskCancellation] The action in the node [node0] should block: [false]
[2020-02-17T04:20:06,451][INFO ][o.e.a.a.c.n.t.CancellableTasksTests] [testBasicTaskCancellation] The action in the node [node1] should block: [false]
[2020-02-17T04:20:06,451][INFO ][o.e.a.a.c.n.t.CancellableTasksTests] [testBasicTaskCancellation] The action in the node [node2] should block: [false]
[2020-02-17T04:20:06,451][INFO ][o.e.a.a.c.n.t.CancellableTasksTests] [testBasicTaskCancellation] The action in the node [node3] should block: [true]
[2020-02-17T04:20:06,451][INFO ][o.e.a.a.c.n.t.CancellableTasksTests] [testBasicTaskCancellation] The action in the node [node4] should block: [true]
[2020-02-17T04:20:06,451][INFO ][o.e.a.a.c.n.t.CancellableTasksTests] [testBasicTaskCancellation] The action in the node [node5] should block: [true]
[2020-02-17T04:20:06,451][INFO ][o.e.a.a.c.n.t.CancellableTasksTests] [testBasicTaskCancellation] The action in the node [node6] should block: [false]
[2020-02-17T04:20:06,451][INFO ][o.e.a.a.c.n.t.CancellableTasksTests] [testBasicTaskCancellation] The action in the node [node7] should block: [true]
[2020-02-17T04:20:06,452][INFO ][o.e.a.a.c.n.t.CancellableTasksTests] [testBasicTaskCancellation] Awaiting for all actions to start
[2020-02-17T04:20:06,470][INFO ][o.e.a.a.c.n.t.CancellableTasksTests] [testBasicTaskCancellation] Done waiting for all actions to start
[2020-02-17T04:20:06,585][INFO ][o.e.a.a.c.n.t.CancellableTasksTests] [testBasicTaskCancellation] after test
[2020-02-17T04:20:06,595][INFO ][o.e.a.a.c.n.t.CancellableTasksTests] [testTaskCancellationOnCoordinatingNodeLeavingTheCluster] before test
[2020-02-17T04:20:06,949][INFO ][o.e.t.TransportService   ] [testTaskCancellationOnCoordinatingNodeLeavingTheCluster] publish_address {127.0.0.1:9300}, bound_addresses {127.0.0.1:9300}, {[::1]:9300}
[2020-02-17T04:20:07,236][INFO ][o.e.t.TransportService   ] [testTaskCancellationOnCoordinatingNodeLeavingTheCluster] publish_address {127.0.0.1:9301}, bound_addresses {127.0.0.1:9301}, {[::1]:9301}
[2020-02-17T04:20:07,238][INFO ][o.e.c.s.ClusterApplierService] [test] added {{node1}{GgMJmLU2T3eKK6NMqjEs0Q}{127.0.0.1}{127.0.0.1:9301}}, term: 0, version: 1, reason: test setting state
[2020-02-17T04:20:07,239][INFO ][o.e.c.s.ClusterApplierService] [test] master node changed {previous [{node1}{GgMJmLU2T3eKK6NMqjEs0Q}{127.0.0.1}{127.0.0.1:9301}], current [{node0}{t5p7_wqgS3iZWiV1kxJUWA}{127.0.0.1}{127.0.0.1:9300}]}, added {{node0}{t5p7_wqgS3iZWiV1kxJUWA}{127.0.0.1}{127.0.0.1:9300}}, term: 0, version: 1, reason: test setting state
[2020-02-17T04:20:07,243][INFO ][o.e.a.a.c.n.t.CancellableTasksTests] [testTaskCancellationOnCoordinatingNodeLeavingTheCluster] The action in the node [node0] should block: [false]
[2020-02-17T04:20:07,244][INFO ][o.e.a.a.c.n.t.CancellableTasksTests] [testTaskCancellationOnCoordinatingNodeLeavingTheCluster] The action in the node [node1] should block: [true]
[2020-02-17T04:20:07,244][INFO ][o.e.a.a.c.n.t.CancellableTasksTests] [testTaskCancellationOnCoordinatingNodeLeavingTheCluster] Awaiting for all actions to start
[2020-02-17T04:20:07,244][INFO ][o.e.a.a.c.n.t.CancellableTasksTests] [testTaskCancellationOnCoordinatingNodeLeavingTheCluster] Done waiting for all actions to start
[2020-02-17T04:20:07,245][INFO ][o.e.c.s.ClusterApplierService] [test] master node changed {previous [{node0}{t5p7_wqgS3iZWiV1kxJUWA}{127.0.0.1}{127.0.0.1:9300}], current [{node1}{GgMJmLU2T3eKK6NMqjEs0Q}{127.0.0.1}{127.0.0.1:9301}]}, removed {{node0}{t5p7_wqgS3iZWiV1kxJUWA}{127.0.0.1}{127.0.0.1:9300}}, term: 0, version: 1, reason: test setting state
[2020-02-17T04:20:07,277][WARN ][o.e.t.TransportService   ] [TransportTasksActionTests] Transport response handler not found of id [4]
[2020-02-17T04:20:07,277][INFO ][o.e.a.a.c.n.t.CancellableTasksTests] [testTaskCancellationOnCoordinatingNodeLeavingTheCluster] after test
]]></system-out>
  <system-err><![CDATA[]]></system-err>
</testsuite>
