<?xml version="1.0" encoding="UTF-8"?>
<testsuite name="org.elasticsearch.cluster.routing.allocation.PreferLocalPrimariesToRelocatingPrimariesTests" tests="1" skipped="0" failures="0" errors="0" timestamp="2020-02-16T22:20:39" hostname="Escoto-PC" time="0.029">
  <properties/>
  <testcase name="testPreferLocalPrimaryAllocationOverFiltered" classname="org.elasticsearch.cluster.routing.allocation.PreferLocalPrimariesToRelocatingPrimariesTests" time="0.029"/>
  <system-out><![CDATA[[2020-02-16T23:20:39,233][INFO ][o.e.c.r.a.PreferLocalPrimariesToRelocatingPrimariesTests] [testPreferLocalPrimaryAllocationOverFiltered] before test
[2020-02-16T23:20:39,235][INFO ][o.e.c.r.a.PreferLocalPrimariesToRelocatingPrimariesTests] [testPreferLocalPrimaryAllocationOverFiltered] create an allocation with [1] initial primary recoveries and [3] concurrent recoveries
[2020-02-16T23:20:39,236][INFO ][o.e.c.r.a.PreferLocalPrimariesToRelocatingPrimariesTests] [testPreferLocalPrimaryAllocationOverFiltered] create 2 indices with [14] no replicas, and wait till all are allocated
[2020-02-16T23:20:39,237][INFO ][o.e.c.r.a.PreferLocalPrimariesToRelocatingPrimariesTests] [testPreferLocalPrimaryAllocationOverFiltered] adding two nodes and performing rerouting till all are allocated
[2020-02-16T23:20:39,248][INFO ][o.e.c.r.a.AllocationService] [testPreferLocalPrimaryAllocationOverFiltered] Cluster health status changed from [YELLOW] to [GREEN] (reason: [shards started [[test1][13], [test1][12]]]).
[2020-02-16T23:20:39,248][INFO ][o.e.c.r.a.PreferLocalPrimariesToRelocatingPrimariesTests] [testPreferLocalPrimaryAllocationOverFiltered] remove one of the nodes and apply filter to move everything from another node
[2020-02-16T23:20:39,249][INFO ][o.e.c.r.a.PreferLocalPrimariesToRelocatingPrimariesTests] [testPreferLocalPrimaryAllocationOverFiltered] [14] primaries should be still started but [14] other primaries should be unassigned
[2020-02-16T23:20:39,249][INFO ][o.e.c.r.a.PreferLocalPrimariesToRelocatingPrimariesTests] [testPreferLocalPrimaryAllocationOverFiltered] start node back up
[2020-02-16T23:20:39,250][INFO ][o.e.c.r.a.PreferLocalPrimariesToRelocatingPrimariesTests] [testPreferLocalPrimaryAllocationOverFiltered] local initializations: [1], relocating: [0], need to initialize: 14
[2020-02-16T23:20:39,251][INFO ][o.e.c.r.a.PreferLocalPrimariesToRelocatingPrimariesTests] [testPreferLocalPrimaryAllocationOverFiltered] local initializations: [1], relocating: [0], need to initialize: 13
[2020-02-16T23:20:39,252][INFO ][o.e.c.r.a.PreferLocalPrimariesToRelocatingPrimariesTests] [testPreferLocalPrimaryAllocationOverFiltered] local initializations: [1], relocating: [0], need to initialize: 12
[2020-02-16T23:20:39,253][INFO ][o.e.c.r.a.PreferLocalPrimariesToRelocatingPrimariesTests] [testPreferLocalPrimaryAllocationOverFiltered] local initializations: [1], relocating: [0], need to initialize: 11
[2020-02-16T23:20:39,254][INFO ][o.e.c.r.a.PreferLocalPrimariesToRelocatingPrimariesTests] [testPreferLocalPrimaryAllocationOverFiltered] local initializations: [1], relocating: [0], need to initialize: 10
[2020-02-16T23:20:39,255][INFO ][o.e.c.r.a.PreferLocalPrimariesToRelocatingPrimariesTests] [testPreferLocalPrimaryAllocationOverFiltered] local initializations: [1], relocating: [0], need to initialize: 9
[2020-02-16T23:20:39,256][INFO ][o.e.c.r.a.PreferLocalPrimariesToRelocatingPrimariesTests] [testPreferLocalPrimaryAllocationOverFiltered] local initializations: [1], relocating: [0], need to initialize: 8
[2020-02-16T23:20:39,257][INFO ][o.e.c.r.a.PreferLocalPrimariesToRelocatingPrimariesTests] [testPreferLocalPrimaryAllocationOverFiltered] local initializations: [1], relocating: [0], need to initialize: 7
[2020-02-16T23:20:39,257][INFO ][o.e.c.r.a.PreferLocalPrimariesToRelocatingPrimariesTests] [testPreferLocalPrimaryAllocationOverFiltered] local initializations: [1], relocating: [0], need to initialize: 6
[2020-02-16T23:20:39,258][INFO ][o.e.c.r.a.PreferLocalPrimariesToRelocatingPrimariesTests] [testPreferLocalPrimaryAllocationOverFiltered] local initializations: [1], relocating: [0], need to initialize: 5
[2020-02-16T23:20:39,259][INFO ][o.e.c.r.a.PreferLocalPrimariesToRelocatingPrimariesTests] [testPreferLocalPrimaryAllocationOverFiltered] local initializations: [1], relocating: [0], need to initialize: 4
[2020-02-16T23:20:39,259][INFO ][o.e.c.r.a.PreferLocalPrimariesToRelocatingPrimariesTests] [testPreferLocalPrimaryAllocationOverFiltered] local initializations: [1], relocating: [0], need to initialize: 3
[2020-02-16T23:20:39,260][INFO ][o.e.c.r.a.PreferLocalPrimariesToRelocatingPrimariesTests] [testPreferLocalPrimaryAllocationOverFiltered] local initializations: [1], relocating: [0], need to initialize: 2
[2020-02-16T23:20:39,260][INFO ][o.e.c.r.a.PreferLocalPrimariesToRelocatingPrimariesTests] [testPreferLocalPrimaryAllocationOverFiltered] local initializations: [1], relocating: [0], need to initialize: 1
[2020-02-16T23:20:39,261][INFO ][o.e.c.r.a.AllocationService] [testPreferLocalPrimaryAllocationOverFiltered] Cluster health status changed from [RED] to [GREEN] (reason: [shards started [[test1][13]]]).
[2020-02-16T23:20:39,261][INFO ][o.e.c.r.a.PreferLocalPrimariesToRelocatingPrimariesTests] [testPreferLocalPrimaryAllocationOverFiltered] after test
]]></system-out>
  <system-err><![CDATA[]]></system-err>
</testsuite>
