<?xml version="1.0" encoding="UTF-8"?>
<testsuite name="org.elasticsearch.index.suggest.stats.CompletionsStatsTests" tests="1" skipped="0" failures="0" errors="0" timestamp="2020-02-16T22:24:40" hostname="Escoto-PC" time="0.004">
  <properties/>
  <testcase name="testSerialize" classname="org.elasticsearch.index.suggest.stats.CompletionsStatsTests" time="0.004"/>
  <system-out><![CDATA[[2020-02-16T15:24:40,580][INFO ][o.e.i.s.s.CompletionsStatsTests] [testSerialize] before test
[2020-02-16T15:24:40,582][INFO ][o.e.i.s.s.CompletionsStatsTests] [testSerialize] after test
]]></system-out>
  <system-err><![CDATA[]]></system-err>
</testsuite>
