<?xml version="1.0" encoding="UTF-8"?>
<testsuite name="org.elasticsearch.cluster.routing.IndexShardRoutingTableTests" tests="2" skipped="0" failures="0" errors="0" timestamp="2020-02-16T22:20:40" hostname="Escoto-PC" time="0.005">
  <properties/>
  <testcase name="testEquals" classname="org.elasticsearch.cluster.routing.IndexShardRoutingTableTests" time="0.003"/>
  <testcase name="testEqualsAttributesKey" classname="org.elasticsearch.cluster.routing.IndexShardRoutingTableTests" time="0.002"/>
  <system-out><![CDATA[[2020-02-17T09:20:40,551][INFO ][o.e.c.r.IndexShardRoutingTableTests] [testEquals] before test
[2020-02-17T09:20:40,552][INFO ][o.e.c.r.IndexShardRoutingTableTests] [testEquals] after test
[2020-02-17T09:20:40,554][INFO ][o.e.c.r.IndexShardRoutingTableTests] [testEqualsAttributesKey] before test
[2020-02-17T09:20:40,554][INFO ][o.e.c.r.IndexShardRoutingTableTests] [testEqualsAttributesKey] after test
]]></system-out>
  <system-err><![CDATA[]]></system-err>
</testsuite>
