<?xml version="1.0" encoding="UTF-8"?>
<testsuite name="org.elasticsearch.common.xcontent.smile.JsonVsSmileTests" tests="1" skipped="0" failures="0" errors="0" timestamp="2020-02-16T22:22:03" hostname="Escoto-PC" time="0.005">
  <properties/>
  <testcase name="testCompareParsingTokens" classname="org.elasticsearch.common.xcontent.smile.JsonVsSmileTests" time="0.005"/>
  <system-out><![CDATA[[2020-02-17T00:22:03,566][INFO ][o.e.c.x.s.JsonVsSmileTests] [testCompareParsingTokens] before test
[2020-02-17T00:22:03,569][INFO ][o.e.c.x.s.JsonVsSmileTests] [testCompareParsingTokens] after test
]]></system-out>
  <system-err><![CDATA[]]></system-err>
</testsuite>
