<?xml version="1.0" encoding="UTF-8"?>
<testsuite name="org.elasticsearch.action.support.nodes.TransportNodesActionTests" tests="5" skipped="0" failures="0" errors="0" timestamp="2020-02-16T22:20:24" hostname="Escoto-PC" time="0.086">
  <properties/>
  <testcase name="testNewResponse" classname="org.elasticsearch.action.support.nodes.TransportNodesActionTests" time="0.026"/>
  <testcase name="testNodesSelectors" classname="org.elasticsearch.action.support.nodes.TransportNodesActionTests" time="0.02"/>
  <testcase name="testRequestIsSentToEachNode" classname="org.elasticsearch.action.support.nodes.TransportNodesActionTests" time="0.012"/>
  <testcase name="testCustomResolving" classname="org.elasticsearch.action.support.nodes.TransportNodesActionTests" time="0.01"/>
  <testcase name="testNewResponseNullArray" classname="org.elasticsearch.action.support.nodes.TransportNodesActionTests" time="0.018"/>
  <system-out><![CDATA[[2020-02-17T06:20:24,828][INFO ][o.e.a.s.n.TransportNodesActionTests] [testNewResponse] before test
[2020-02-17T06:20:24,832][INFO ][o.e.c.s.ClusterApplierService] [test] master node changed {previous [{node}{sOIf7ZeoSE-igDtZ_m0-Ug}{0.0.0.0}{0.0.0.0:1}{dim}], current [{node_0}{node_0}{KCPasxIwSpOMIA4mOozAqQ}{0.0.0.0}{0.0.0.0:2}{dim}{custom=XBx}]}, removed {{node}{sOIf7ZeoSE-igDtZ_m0-Ug}{0.0.0.0}{0.0.0.0:1}{dim}}, added {{node_6}{node_6}{Org66TTHQcyHUru3rKom9w}{0.0.0.0}{0.0.0.0:8}{custom=IxCzV},{node_0}{node_0}{KCPasxIwSpOMIA4mOozAqQ}{0.0.0.0}{0.0.0.0:2}{dim}{custom=XBx},{node_2}{node_2}{ZOUN0jSGSryp-Z6AgUO9jA}{0.0.0.0}{0.0.0.0:4}{custom=match},{node_1}{node_1}{qvNZ4FZ1S8KS-F8se3O-8A}{0.0.0.0}{0.0.0.0:3}{d}{custom=match},{node_7}{node_7}{Fz83PJ-LSsiy6pjHxLneGg}{0.0.0.0}{0.0.0.0:9}{dim}{custom=fhRh},{node_3}{node_3}{hbuJ1740R6-giYW8l7Luvw}{0.0.0.0}{0.0.0.0:5}{di}{custom=rPW},{node_5}{node_5}{OjbLg2R4RMyW36E-1Bun5Q}{0.0.0.0}{0.0.0.0:7}{dm}{custom=match}}, term: 0, version: 1, reason: test setting state
[2020-02-17T06:20:24,842][INFO ][o.e.a.s.n.TransportNodesActionTests] [testNewResponse] after test
[2020-02-17T06:20:24,855][INFO ][o.e.a.s.n.TransportNodesActionTests] [testNodesSelectors] before test
[2020-02-17T06:20:24,859][INFO ][o.e.c.s.ClusterApplierService] [test] master node changed {previous [{node}{24OvN4kDTnyxRnrab9IeAg}{0.0.0.0}{0.0.0.0:10}{dim}], current [{node_1}{node_1}{VJXT6EUORWGazvaX4LC3MA}{0.0.0.0}{0.0.0.0:12}{custom=match}]}, removed {{node}{24OvN4kDTnyxRnrab9IeAg}{0.0.0.0}{0.0.0.0:10}{dim}}, added {{node_5}{node_5}{ex8O1Ck5RQ-Qm3Gz8NI-_Q}{0.0.0.0}{0.0.0.0:16}{im}{custom=OQybf},{node_3}{node_3}{REN_Hf-8S-eeqIEK4FQb4w}{0.0.0.0}{0.0.0.0:14}{custom=match},{node_2}{node_2}{DQqLzv67SdK3hrt9J3amVA}{0.0.0.0}{0.0.0.0:13}{custom=aJuBM},{node_1}{node_1}{VJXT6EUORWGazvaX4LC3MA}{0.0.0.0}{0.0.0.0:12}{custom=match},{node_6}{node_6}{nAtnUJqqRBaZD6SW5fjUAQ}{0.0.0.0}{0.0.0.0:17}{i}{custom=match},{node_7}{node_7}{c1wXXJVdQGCbVBqOWEl0tQ}{0.0.0.0}{0.0.0.0:18}{d}{custom=match},{node_0}{node_0}{PRkmEBwDSrKcmPS-kn21kA}{0.0.0.0}{0.0.0.0:11}{dim}{custom=match}}, term: 0, version: 1, reason: test setting state
[2020-02-17T06:20:24,862][INFO ][o.e.a.s.n.TransportNodesActionTests] [testNodesSelectors] after test
[2020-02-17T06:20:24,870][INFO ][o.e.a.s.n.TransportNodesActionTests] [testRequestIsSentToEachNode] before test
[2020-02-17T06:20:24,873][INFO ][o.e.c.s.ClusterApplierService] [test] master node changed {previous [{node}{HqQy2InHQa-iGsfs22lK4Q}{0.0.0.0}{0.0.0.0:19}{dim}], current [{node_0}{node_0}{NNCOYhlsQaylMuq4Ui_Ijg}{0.0.0.0}{0.0.0.0:20}{di}{custom=match}]}, removed {{node}{HqQy2InHQa-iGsfs22lK4Q}{0.0.0.0}{0.0.0.0:19}{dim}}, added {{node_0}{node_0}{NNCOYhlsQaylMuq4Ui_Ijg}{0.0.0.0}{0.0.0.0:20}{di}{custom=match},{node_1}{node_1}{rO4XASMMRryKaS_sL_hlBg}{0.0.0.0}{0.0.0.0:21}{dim}{custom=match},{node_2}{node_2}{s6Rz48FbSdS1Xmq2SecjFA}{0.0.0.0}{0.0.0.0:22}{dim}{custom=xzyWc}}, term: 0, version: 1, reason: test setting state
[2020-02-17T06:20:24,874][INFO ][o.e.a.s.n.TransportNodesActionTests] [testRequestIsSentToEachNode] after test
[2020-02-17T06:20:24,879][INFO ][o.e.a.s.n.TransportNodesActionTests] [testCustomResolving] before test
[2020-02-17T06:20:24,882][INFO ][o.e.c.s.ClusterApplierService] [test] master node changed {previous [{node}{enQy0hluQr2t8vtedlWo7Q}{0.0.0.0}{0.0.0.0:24}{dim}], current [{node_1}{node_1}{ma8Jl93rTzanwiYuZsAlCA}{0.0.0.0}{0.0.0.0:26}{im}{custom=match}]}, removed {{node}{enQy0hluQr2t8vtedlWo7Q}{0.0.0.0}{0.0.0.0:24}{dim}}, added {{node_0}{node_0}{MazXj8wqRW2e05z6Hm1ilQ}{0.0.0.0}{0.0.0.0:25}{dim}{custom=cqV},{node_2}{node_2}{EZoI2b6YR7OCImYcSnEL3A}{0.0.0.0}{0.0.0.0:27}{custom=match}}, term: 0, version: 1, reason: test setting state
[2020-02-17T06:20:24,884][INFO ][o.e.a.s.n.TransportNodesActionTests] [testCustomResolving] after test
[2020-02-17T06:20:24,898][INFO ][o.e.a.s.n.TransportNodesActionTests] [testNewResponseNullArray] before test
[2020-02-17T06:20:24,900][INFO ][o.e.c.s.ClusterApplierService] [test] master node changed {previous [{node}{z4zLrp31TtOcCb3SOj1wJw}{0.0.0.0}{0.0.0.0:28}{dim}], current [{node_2}{node_2}{jKDncDH5SQuOnHgQ88C2cA}{0.0.0.0}{0.0.0.0:31}{custom=match}]}, removed {{node}{z4zLrp31TtOcCb3SOj1wJw}{0.0.0.0}{0.0.0.0:28}{dim}}, added {{node_2}{node_2}{jKDncDH5SQuOnHgQ88C2cA}{0.0.0.0}{0.0.0.0:31}{custom=match},{node_5}{node_5}{bIZ_K9mQRySqAxtqvLwrDw}{0.0.0.0}{0.0.0.0:34}{dim}{custom=SEt},{node_1}{node_1}{0D6vGiFXQiqV2qFnJ8gAOA}{0.0.0.0}{0.0.0.0:30}{im}{custom=few},{node_6}{node_6}{xLa0Qsp2Qzyx6d5b2hfEYw}{0.0.0.0}{0.0.0.0:35}{dim}{custom=tXYjD},{node_3}{node_3}{uwcuqxpuT8-4NBYCfHUMdA}{0.0.0.0}{0.0.0.0:32}{di}{custom=WSn},{node_4}{node_4}{JPPFXW-ST16jE3ERe8lS5Q}{0.0.0.0}{0.0.0.0:33}{di}{custom=CFroQ}}, term: 0, version: 1, reason: test setting state
[2020-02-17T06:20:24,902][INFO ][o.e.a.s.n.TransportNodesActionTests] [testNewResponseNullArray] after test
]]></system-out>
  <system-err><![CDATA[]]></system-err>
</testsuite>
