<?xml version="1.0" encoding="UTF-8"?>
<testsuite name="org.elasticsearch.monitor.os.OsStatsTests" tests="1" skipped="0" failures="0" errors="0" timestamp="2020-02-16T22:24:01" hostname="Escoto-PC" time="0.01">
  <properties/>
  <testcase name="testSerialization" classname="org.elasticsearch.monitor.os.OsStatsTests" time="0.01"/>
  <system-out><![CDATA[[2020-02-17T07:24:01,353][INFO ][o.e.m.o.OsStatsTests     ] [testSerialization] before test
[2020-02-17T07:24:01,354][INFO ][o.e.m.o.OsStatsTests     ] [testSerialization] after test
]]></system-out>
  <system-err><![CDATA[]]></system-err>
</testsuite>
