<?xml version="1.0" encoding="UTF-8"?>
<testsuite name="org.elasticsearch.search.aggregations.bucket.range.IpRangeAggregatorTests" tests="3" skipped="0" failures="0" errors="0" timestamp="2020-02-16T22:25:23" hostname="Escoto-PC" time="0.017">
  <properties/>
  <testcase name="testMissingUnmappedBadType" classname="org.elasticsearch.search.aggregations.bucket.range.IpRangeAggregatorTests" time="0.006"/>
  <testcase name="testMissingUnmapped" classname="org.elasticsearch.search.aggregations.bucket.range.IpRangeAggregatorTests" time="0.005"/>
  <testcase name="testRanges" classname="org.elasticsearch.search.aggregations.bucket.range.IpRangeAggregatorTests" time="0.005"/>
  <system-out><![CDATA[[2020-02-16T18:25:23,988][INFO ][o.e.s.a.b.r.IpRangeAggregatorTests] [testMissingUnmappedBadType] before test
[2020-02-16T18:25:23,993][INFO ][o.e.s.a.b.r.IpRangeAggregatorTests] [testMissingUnmappedBadType] after test
[2020-02-16T18:25:23,995][INFO ][o.e.s.a.b.r.IpRangeAggregatorTests] [testMissingUnmapped] before test
[2020-02-16T18:25:23,998][INFO ][o.e.s.a.b.r.IpRangeAggregatorTests] [testMissingUnmapped] after test
[2020-02-16T18:25:24,000][INFO ][o.e.s.a.b.r.IpRangeAggregatorTests] [testRanges] before test
[2020-02-16T18:25:24,004][INFO ][o.e.s.a.b.r.IpRangeAggregatorTests] [testRanges] after test
]]></system-out>
  <system-err><![CDATA[]]></system-err>
</testsuite>
