<?xml version="1.0" encoding="UTF-8"?>
<testsuite name="org.elasticsearch.common.util.ByteUtilsTests" tests="4" skipped="0" failures="0" errors="0" timestamp="2020-02-16T22:20:51" hostname="Escoto-PC" time="0.016">
  <properties/>
  <testcase name="testZigZag" classname="org.elasticsearch.common.util.ByteUtilsTests" time="0.004"/>
  <testcase name="testDouble" classname="org.elasticsearch.common.util.ByteUtilsTests" time="0.003"/>
  <testcase name="testFloat" classname="org.elasticsearch.common.util.ByteUtilsTests" time="0.005"/>
  <testcase name="testVLong" classname="org.elasticsearch.common.util.ByteUtilsTests" time="0.004"/>
  <system-out><![CDATA[[2020-02-17T01:20:51,206][INFO ][o.e.c.u.ByteUtilsTests   ] [testZigZag] before test
[2020-02-17T01:20:51,208][INFO ][o.e.c.u.ByteUtilsTests   ] [testZigZag] after test
[2020-02-17T01:20:51,210][INFO ][o.e.c.u.ByteUtilsTests   ] [testDouble] before test
[2020-02-17T01:20:51,211][INFO ][o.e.c.u.ByteUtilsTests   ] [testDouble] after test
[2020-02-17T01:20:51,213][INFO ][o.e.c.u.ByteUtilsTests   ] [testFloat] before test
[2020-02-17T01:20:51,216][INFO ][o.e.c.u.ByteUtilsTests   ] [testFloat] after test
[2020-02-17T01:20:51,218][INFO ][o.e.c.u.ByteUtilsTests   ] [testVLong] before test
[2020-02-17T01:20:51,220][INFO ][o.e.c.u.ByteUtilsTests   ] [testVLong] after test
]]></system-out>
  <system-err><![CDATA[]]></system-err>
</testsuite>
