<?xml version="1.0" encoding="UTF-8"?>
<testsuite name="org.elasticsearch.discovery.zen.PendingClusterStatesQueueTests" tests="7" skipped="0" failures="0" errors="0" timestamp="2020-02-16T22:22:09" hostname="Escoto-PC" time="0.019">
  <properties/>
  <testcase name="testFailedStateCleansSupersededStatesOnly" classname="org.elasticsearch.discovery.zen.PendingClusterStatesQueueTests" time="0.006"/>
  <testcase name="testProcessedStateCleansStatesFromOtherMasters" classname="org.elasticsearch.discovery.zen.PendingClusterStatesQueueTests" time="0.002"/>
  <testcase name="testDroppingStatesAtCapacity" classname="org.elasticsearch.discovery.zen.PendingClusterStatesQueueTests" time="0.003"/>
  <testcase name="testQueueStats" classname="org.elasticsearch.discovery.zen.PendingClusterStatesQueueTests" time="0.003"/>
  <testcase name="testSelectNextStateToProcess_empty" classname="org.elasticsearch.discovery.zen.PendingClusterStatesQueueTests" time="0.001"/>
  <testcase name="testSimpleQueueSameMaster" classname="org.elasticsearch.discovery.zen.PendingClusterStatesQueueTests" time="0.002"/>
  <testcase name="testFailAllAndClear" classname="org.elasticsearch.discovery.zen.PendingClusterStatesQueueTests" time="0.002"/>
  <system-out><![CDATA[[2020-02-16T16:22:09,373][INFO ][o.e.d.z.PendingClusterStatesQueueTests] [testFailedStateCleansSupersededStatesOnly] before test
[2020-02-16T16:22:09,377][INFO ][o.e.d.z.PendingClusterStatesQueueTests] [testFailedStateCleansSupersededStatesOnly] after test
[2020-02-16T16:22:09,378][INFO ][o.e.d.z.PendingClusterStatesQueueTests] [testProcessedStateCleansStatesFromOtherMasters] before test
[2020-02-16T16:22:09,379][WARN ][o.e.d.z.PendingClusterStatesQueueTests] [testProcessedStateCleansStatesFromOtherMasters] received a cluster state (uuid[PIfpi2_8TZKskWWl7ai91g]/v[4]) from a different master than the current one, rejecting (received {master1}{b0iBvzfRTeysPC1diPZffA}{0.0.0.0}{0.0.0.0:6}, current {master3}{3L3SEHijTEKekPl_EqQ9Nw}{0.0.0.0}{0.0.0.0:8})
[2020-02-16T16:22:09,379][WARN ][o.e.d.z.PendingClusterStatesQueueTests] [testProcessedStateCleansStatesFromOtherMasters] received a cluster state (uuid[VLorCLzURdyNBqjjp3nuUQ]/v[7]) from a different master than the current one, rejecting (received {master1}{b0iBvzfRTeysPC1diPZffA}{0.0.0.0}{0.0.0.0:6}, current {master3}{3L3SEHijTEKekPl_EqQ9Nw}{0.0.0.0}{0.0.0.0:8})
[2020-02-16T16:22:09,379][WARN ][o.e.d.z.PendingClusterStatesQueueTests] [testProcessedStateCleansStatesFromOtherMasters] received a cluster state (uuid[4GMgM6ueR06hQ6eDlliFVA]/v[8]) from a different master than the current one, rejecting (received {master1}{b0iBvzfRTeysPC1diPZffA}{0.0.0.0}{0.0.0.0:6}, current {master3}{3L3SEHijTEKekPl_EqQ9Nw}{0.0.0.0}{0.0.0.0:8})
[2020-02-16T16:22:09,379][WARN ][o.e.d.z.PendingClusterStatesQueueTests] [testProcessedStateCleansStatesFromOtherMasters] received a cluster state (uuid[xdKzy6iFRRidmlBGq1RYBg]/v[7]) from a different master than the current one, rejecting (received {master2}{Q7W60Qi6RIi7BtJTxYTbRQ}{0.0.0.0}{0.0.0.0:7}, current {master3}{3L3SEHijTEKekPl_EqQ9Nw}{0.0.0.0}{0.0.0.0:8})
[2020-02-16T16:22:09,379][WARN ][o.e.d.z.PendingClusterStatesQueueTests] [testProcessedStateCleansStatesFromOtherMasters] received a cluster state (uuid[fT3qcINeQ0S1vGzJzS0BXw]/v[11]) from a different master than the current one, rejecting (received {master1}{b0iBvzfRTeysPC1diPZffA}{0.0.0.0}{0.0.0.0:6}, current {master3}{3L3SEHijTEKekPl_EqQ9Nw}{0.0.0.0}{0.0.0.0:8})
[2020-02-16T16:22:09,379][INFO ][o.e.d.z.PendingClusterStatesQueueTests] [testProcessedStateCleansStatesFromOtherMasters] after test
[2020-02-16T16:22:09,381][INFO ][o.e.d.z.PendingClusterStatesQueueTests] [testDroppingStatesAtCapacity] before test
[2020-02-16T16:22:09,381][WARN ][o.e.d.z.PendingClusterStatesQueueTests] [testDroppingStatesAtCapacity] dropping pending state [[uuid[zX2a75keQUCFtyf2uQ_2kw], v[4], m[master2]]]. more than [65] pending states.
[2020-02-16T16:22:09,381][WARN ][o.e.d.z.PendingClusterStatesQueueTests] [testDroppingStatesAtCapacity] dropping pending state [[uuid[Y_pEt4zjRAOCBMlXtTTgPQ], v[15], m[master1]]]. more than [65] pending states.
[2020-02-16T16:22:09,381][WARN ][o.e.d.z.PendingClusterStatesQueueTests] [testDroppingStatesAtCapacity] dropping pending state [[uuid[GHTI53tRQeS_UXHKEe1A7w], v[23], m[master4]]]. more than [65] pending states.
[2020-02-16T16:22:09,381][WARN ][o.e.d.z.PendingClusterStatesQueueTests] [testDroppingStatesAtCapacity] dropping pending state [[uuid[9CL64jmKQQevHovLXHijKA], v[23], m[master1]]]. more than [65] pending states.
[2020-02-16T16:22:09,381][WARN ][o.e.d.z.PendingClusterStatesQueueTests] [testDroppingStatesAtCapacity] dropping pending state [[uuid[46HrK7MnR-mUsZ5V7fD55A], v[10], m[master1]]]. more than [65] pending states.
[2020-02-16T16:22:09,381][WARN ][o.e.d.z.PendingClusterStatesQueueTests] [testDroppingStatesAtCapacity] dropping pending state [[uuid[bwG1PYYJRUy36R0wI0yDlQ], v[28], m[master1]]]. more than [65] pending states.
[2020-02-16T16:22:09,381][WARN ][o.e.d.z.PendingClusterStatesQueueTests] [testDroppingStatesAtCapacity] dropping pending state [[uuid[QeZE-WddQTioWaAV-7BD6g], v[8], m[master4]]]. more than [65] pending states.
[2020-02-16T16:22:09,381][WARN ][o.e.d.z.PendingClusterStatesQueueTests] [testDroppingStatesAtCapacity] dropping pending state [[uuid[wjeqmmWKSRGfTJcrA5tiPw], v[29], m[master1]]]. more than [65] pending states.
[2020-02-16T16:22:09,381][WARN ][o.e.d.z.PendingClusterStatesQueueTests] [testDroppingStatesAtCapacity] dropping pending state [[uuid[tA0zQyUSR5WqaccuubBINg], v[15], m[master2]]]. more than [65] pending states.
[2020-02-16T16:22:09,381][WARN ][o.e.d.z.PendingClusterStatesQueueTests] [testDroppingStatesAtCapacity] dropping pending state [[uuid[RvnBtGdCRouoXB-0DAn5EA], v[24], m[master2]]]. more than [65] pending states.
[2020-02-16T16:22:09,381][WARN ][o.e.d.z.PendingClusterStatesQueueTests] [testDroppingStatesAtCapacity] dropping pending state [[uuid[iNy2yToXSnCHHcyU-mibQQ], v[6], m[master3]]]. more than [65] pending states.
[2020-02-16T16:22:09,381][WARN ][o.e.d.z.PendingClusterStatesQueueTests] [testDroppingStatesAtCapacity] dropping pending state [[uuid[tOkfSlTCTQKPuyo7CsihXQ], v[27], m[master3]]]. more than [65] pending states.
[2020-02-16T16:22:09,381][WARN ][o.e.d.z.PendingClusterStatesQueueTests] [testDroppingStatesAtCapacity] dropping pending state [[uuid[PDtAKh8-ThCfTU-_soRteQ], v[2], m[master3]]]. more than [65] pending states.
[2020-02-16T16:22:09,381][WARN ][o.e.d.z.PendingClusterStatesQueueTests] [testDroppingStatesAtCapacity] dropping pending state [[uuid[7rhaAroYR7isw76ejL6lqA], v[26], m[master3]]]. more than [65] pending states.
[2020-02-16T16:22:09,382][WARN ][o.e.d.z.PendingClusterStatesQueueTests] [testDroppingStatesAtCapacity] dropping pending state [[uuid[W5bX-mbcTa-E9juU868BQQ], v[31], m[master2]]]. more than [65] pending states.
[2020-02-16T16:22:09,382][WARN ][o.e.d.z.PendingClusterStatesQueueTests] [testDroppingStatesAtCapacity] dropping pending state [[uuid[cuy3775zRU6EEX457Hi7ig], v[10], m[master2]]]. more than [65] pending states.
[2020-02-16T16:22:09,382][WARN ][o.e.d.z.PendingClusterStatesQueueTests] [testDroppingStatesAtCapacity] dropping pending state [[uuid[Uw4-Z8zVTiajyfTYm_HUMA], v[28], m[master4]]]. more than [65] pending states.
[2020-02-16T16:22:09,382][WARN ][o.e.d.z.PendingClusterStatesQueueTests] [testDroppingStatesAtCapacity] dropping pending state [[uuid[dvdd3REmQ_20lP7D-9wEZw], v[4], m[master3]]]. more than [65] pending states.
[2020-02-16T16:22:09,382][WARN ][o.e.d.z.PendingClusterStatesQueueTests] [testDroppingStatesAtCapacity] dropping pending state [[uuid[KRYUw-mFQeWYG7n7W-2XZA], v[27], m[master2]]]. more than [65] pending states.
[2020-02-16T16:22:09,382][WARN ][o.e.d.z.PendingClusterStatesQueueTests] [testDroppingStatesAtCapacity] dropping pending state [[uuid[mGofpJJPQz2dWlt-5TxkKw], v[29], m[master4]]]. more than [65] pending states.
[2020-02-16T16:22:09,382][WARN ][o.e.d.z.PendingClusterStatesQueueTests] [testDroppingStatesAtCapacity] dropping pending state [[uuid[JQPW9f9xS3-4E5cf7SuTwQ], v[23], m[master3]]]. more than [65] pending states.
[2020-02-16T16:22:09,382][WARN ][o.e.d.z.PendingClusterStatesQueueTests] [testDroppingStatesAtCapacity] dropping pending state [[uuid[KBZ8YHihTPCYGjSPzNkngg], v[4], m[master4]]]. more than [65] pending states.
[2020-02-16T16:22:09,382][WARN ][o.e.d.z.PendingClusterStatesQueueTests] [testDroppingStatesAtCapacity] dropping pending state [[uuid[oXdz2E3XR8-0mdXB0YhAnA], v[16], m[master2]]]. more than [65] pending states.
[2020-02-16T16:22:09,382][WARN ][o.e.d.z.PendingClusterStatesQueueTests] [testDroppingStatesAtCapacity] dropping pending state [[uuid[LPu31LiKTDagE1Pv9TGRSg], v[9], m[master2]]]. more than [65] pending states.
[2020-02-16T16:22:09,382][WARN ][o.e.d.z.PendingClusterStatesQueueTests] [testDroppingStatesAtCapacity] dropping pending state [[uuid[N7L40w_WTWCqQDPY-CgfTQ], v[14], m[master2]]]. more than [65] pending states.
[2020-02-16T16:22:09,382][WARN ][o.e.d.z.PendingClusterStatesQueueTests] [testDroppingStatesAtCapacity] dropping pending state [[uuid[zpUtX07rSJOlooHvzBM-LA], v[8], m[master1]]]. more than [65] pending states.
[2020-02-16T16:22:09,382][WARN ][o.e.d.z.PendingClusterStatesQueueTests] [testDroppingStatesAtCapacity] dropping pending state [[uuid[tP9MVv_gTlyMInkNDW22HA], v[8], m[master3]]]. more than [65] pending states.
[2020-02-16T16:22:09,382][WARN ][o.e.d.z.PendingClusterStatesQueueTests] [testDroppingStatesAtCapacity] dropping pending state [[uuid[QTauoKqgSJiupovV9ShrhA], v[21], m[master3]]]. more than [65] pending states.
[2020-02-16T16:22:09,382][WARN ][o.e.d.z.PendingClusterStatesQueueTests] [testDroppingStatesAtCapacity] dropping pending state [[uuid[MUL3n3doTM-7ggped0xc6Q], v[18], m[master3]]]. more than [65] pending states.
[2020-02-16T16:22:09,382][WARN ][o.e.d.z.PendingClusterStatesQueueTests] [testDroppingStatesAtCapacity] dropping pending state [[uuid[iuXTSsxPQ6OHXfVYTvMw6w], v[17], m[master3]]]. more than [65] pending states.
[2020-02-16T16:22:09,382][WARN ][o.e.d.z.PendingClusterStatesQueueTests] [testDroppingStatesAtCapacity] dropping pending state [[uuid[dCJpQ1PBS8y-Az8f5ay_Sw], v[9], m[master3]]]. more than [65] pending states.
[2020-02-16T16:22:09,382][WARN ][o.e.d.z.PendingClusterStatesQueueTests] [testDroppingStatesAtCapacity] dropping pending state [[uuid[GSJxJKG3SL2Zs5rdwu6u8A], v[4], m[master1]]]. more than [65] pending states.
[2020-02-16T16:22:09,382][WARN ][o.e.d.z.PendingClusterStatesQueueTests] [testDroppingStatesAtCapacity] dropping pending state [[uuid[4aGysZhSRIK463VDMFIdfw], v[22], m[master1]]]. more than [65] pending states.
[2020-02-16T16:22:09,382][WARN ][o.e.d.z.PendingClusterStatesQueueTests] [testDroppingStatesAtCapacity] dropping pending state [[uuid[Fn-yrGb5TCig9RWj1EVNiw], v[30], m[master4]]]. more than [65] pending states.
[2020-02-16T16:22:09,382][WARN ][o.e.d.z.PendingClusterStatesQueueTests] [testDroppingStatesAtCapacity] dropping pending state [[uuid[xGmsAT99S1mOtyzEfhLf1A], v[2], m[master2]]]. more than [65] pending states.
[2020-02-16T16:22:09,382][WARN ][o.e.d.z.PendingClusterStatesQueueTests] [testDroppingStatesAtCapacity] dropping pending state [[uuid[Vp0gRZueSXih4Licj9hP1A], v[10], m[master3]]]. more than [65] pending states.
[2020-02-16T16:22:09,382][WARN ][o.e.d.z.PendingClusterStatesQueueTests] [testDroppingStatesAtCapacity] dropping pending state [[uuid[CKqLANBbSX6mL2Zig0Er4w], v[18], m[master4]]]. more than [65] pending states.
[2020-02-16T16:22:09,382][WARN ][o.e.d.z.PendingClusterStatesQueueTests] [testDroppingStatesAtCapacity] dropping pending state [[uuid[_Owqn6AsTJeJ7SZf9lNIZg], v[5], m[master2]]]. more than [65] pending states.
[2020-02-16T16:22:09,382][WARN ][o.e.d.z.PendingClusterStatesQueueTests] [testDroppingStatesAtCapacity] dropping pending state [[uuid[N7YO361sTHG24tbN97cD_g], v[3], m[master2]]]. more than [65] pending states.
[2020-02-16T16:22:09,382][WARN ][o.e.d.z.PendingClusterStatesQueueTests] [testDroppingStatesAtCapacity] dropping pending state [[uuid[CAN7aIibSpyHANJ1uun-qQ], v[21], m[master2]]]. more than [65] pending states.
[2020-02-16T16:22:09,382][WARN ][o.e.d.z.PendingClusterStatesQueueTests] [testDroppingStatesAtCapacity] dropping pending state [[uuid[-65IQ7frTqinuFSmF-GlSA], v[16], m[master1]]]. more than [65] pending states.
[2020-02-16T16:22:09,382][WARN ][o.e.d.z.PendingClusterStatesQueueTests] [testDroppingStatesAtCapacity] dropping pending state [[uuid[sAAf8LZCRLShs5nzu03ABg], v[17], m[master1]]]. more than [65] pending states.
[2020-02-16T16:22:09,382][WARN ][o.e.d.z.PendingClusterStatesQueueTests] [testDroppingStatesAtCapacity] dropping pending state [[uuid[wkn9CiUrRsK-CI_Q3sZ1HA], v[33], m[master4]]]. more than [65] pending states.
[2020-02-16T16:22:09,382][WARN ][o.e.d.z.PendingClusterStatesQueueTests] [testDroppingStatesAtCapacity] dropping pending state [[uuid[DXk1W_QCS1iGLXMSE0oVJA], v[0], m[master3]]]. more than [65] pending states.
[2020-02-16T16:22:09,382][WARN ][o.e.d.z.PendingClusterStatesQueueTests] [testDroppingStatesAtCapacity] dropping pending state [[uuid[NiPOsNGARjqlyAZqmZVHSg], v[20], m[master3]]]. more than [65] pending states.
[2020-02-16T16:22:09,382][WARN ][o.e.d.z.PendingClusterStatesQueueTests] [testDroppingStatesAtCapacity] dropping pending state [[uuid[lun2YVCnQVWzfszSn28Otg], v[9], m[master4]]]. more than [65] pending states.
[2020-02-16T16:22:09,382][WARN ][o.e.d.z.PendingClusterStatesQueueTests] [testDroppingStatesAtCapacity] dropping pending state [[uuid[RqzmXbicTAmzEqLD7Fc-aQ], v[14], m[master3]]]. more than [65] pending states.
[2020-02-16T16:22:09,382][WARN ][o.e.d.z.PendingClusterStatesQueueTests] [testDroppingStatesAtCapacity] dropping pending state [[uuid[CKN6baVQT5aBl0oolNI8Vw], v[27], m[master1]]]. more than [65] pending states.
[2020-02-16T16:22:09,382][WARN ][o.e.d.z.PendingClusterStatesQueueTests] [testDroppingStatesAtCapacity] dropping pending state [[uuid[_jNoKc5dRxSWD3pVKgOb1w], v[28], m[master2]]]. more than [65] pending states.
[2020-02-16T16:22:09,382][WARN ][o.e.d.z.PendingClusterStatesQueueTests] [testDroppingStatesAtCapacity] dropping pending state [[uuid[KmBoySAMS_mbxA9bu7bmZQ], v[14], m[master1]]]. more than [65] pending states.
[2020-02-16T16:22:09,382][WARN ][o.e.d.z.PendingClusterStatesQueueTests] [testDroppingStatesAtCapacity] dropping pending state [[uuid[k41-hbJ8RE6To_OeL7Dj_w], v[11], m[master1]]]. more than [65] pending states.
[2020-02-16T16:22:09,382][WARN ][o.e.d.z.PendingClusterStatesQueueTests] [testDroppingStatesAtCapacity] dropping pending state [[uuid[zuZkw43vSZ6B6RGm3Mbf3w], v[10], m[master4]]]. more than [65] pending states.
[2020-02-16T16:22:09,382][WARN ][o.e.d.z.PendingClusterStatesQueueTests] [testDroppingStatesAtCapacity] dropping pending state [[uuid[ncj2zzYMTna7OBEMNTT-4w], v[15], m[master3]]]. more than [65] pending states.
[2020-02-16T16:22:09,382][WARN ][o.e.d.z.PendingClusterStatesQueueTests] [testDroppingStatesAtCapacity] dropping pending state [[uuid[efQgx-MVTfO9WYL0jJY2mQ], v[3], m[master1]]]. more than [65] pending states.
[2020-02-16T16:22:09,382][WARN ][o.e.d.z.PendingClusterStatesQueueTests] [testDroppingStatesAtCapacity] dropping pending state [[uuid[oy9RLxv8R4WVsyfGS___TA], v[7], m[master1]]]. more than [65] pending states.
[2020-02-16T16:22:09,382][WARN ][o.e.d.z.PendingClusterStatesQueueTests] [testDroppingStatesAtCapacity] dropping pending state [[uuid[ARUPZm6yTSWfo42GRA-YPg], v[16], m[master3]]]. more than [65] pending states.
[2020-02-16T16:22:09,382][WARN ][o.e.d.z.PendingClusterStatesQueueTests] [testDroppingStatesAtCapacity] dropping pending state [[uuid[efufP9aHTdiS9ymiSjUbEQ], v[1], m[master2]]]. more than [65] pending states.
[2020-02-16T16:22:09,382][WARN ][o.e.d.z.PendingClusterStatesQueueTests] [testDroppingStatesAtCapacity] dropping pending state [[uuid[FzpbMIOFTqmLaPJe0Cw8ug], v[3], m[master4]]]. more than [65] pending states.
[2020-02-16T16:22:09,382][WARN ][o.e.d.z.PendingClusterStatesQueueTests] [testDroppingStatesAtCapacity] dropping pending state [[uuid[RNyuJ3_gQTiP8sW-QQKa0w], v[29], m[master2]]]. more than [65] pending states.
[2020-02-16T16:22:09,382][WARN ][o.e.d.z.PendingClusterStatesQueueTests] [testDroppingStatesAtCapacity] dropping pending state [[uuid[m9ZaYoAoRfCaUM8Qymu9Qg], v[27], m[master4]]]. more than [65] pending states.
[2020-02-16T16:22:09,382][WARN ][o.e.d.z.PendingClusterStatesQueueTests] [testDroppingStatesAtCapacity] dropping pending state [[uuid[Y6JlYN-0TpqLCd_szaq3Tg], v[1], m[master1]]]. more than [65] pending states.
[2020-02-16T16:22:09,382][WARN ][o.e.d.z.PendingClusterStatesQueueTests] [testDroppingStatesAtCapacity] dropping pending state [[uuid[0NZIrnV5Scepjcv2lpvfcQ], v[9], m[master1]]]. more than [65] pending states.
[2020-02-16T16:22:09,382][WARN ][o.e.d.z.PendingClusterStatesQueueTests] [testDroppingStatesAtCapacity] dropping pending state [[uuid[3prVJOH0T2qxSKxFqARiEA], v[28], m[master3]]]. more than [65] pending states.
[2020-02-16T16:22:09,382][WARN ][o.e.d.z.PendingClusterStatesQueueTests] [testDroppingStatesAtCapacity] dropping pending state [[uuid[gLnZGqqMRjOnhV1Vf-CAxw], v[30], m[master1]]]. more than [65] pending states.
[2020-02-16T16:22:09,382][INFO ][o.e.d.z.PendingClusterStatesQueueTests] [testDroppingStatesAtCapacity] after test
[2020-02-16T16:22:09,384][INFO ][o.e.d.z.PendingClusterStatesQueueTests] [testQueueStats] before test
[2020-02-16T16:22:09,385][INFO ][o.e.d.z.PendingClusterStatesQueueTests] [testQueueStats] after test
[2020-02-16T16:22:09,386][INFO ][o.e.d.z.PendingClusterStatesQueueTests] [testSelectNextStateToProcess_empty] before test
[2020-02-16T16:22:09,386][INFO ][o.e.d.z.PendingClusterStatesQueueTests] [testSelectNextStateToProcess_empty] after test
[2020-02-16T16:22:09,388][INFO ][o.e.d.z.PendingClusterStatesQueueTests] [testSimpleQueueSameMaster] before test
[2020-02-16T16:22:09,389][INFO ][o.e.d.z.PendingClusterStatesQueueTests] [testSimpleQueueSameMaster] after test
[2020-02-16T16:22:09,390][INFO ][o.e.d.z.PendingClusterStatesQueueTests] [testFailAllAndClear] before test
[2020-02-16T16:22:09,391][INFO ][o.e.d.z.PendingClusterStatesQueueTests] [testFailAllAndClear] after test
]]></system-out>
  <system-err><![CDATA[]]></system-err>
</testsuite>
