<?xml version="1.0" encoding="UTF-8"?>
<testsuite name="org.elasticsearch.index.mapper.NumberFieldTypeTests" tests="34" skipped="0" failures="0" errors="0" timestamp="2020-02-16T22:22:54" hostname="Escoto-PC" time="0.668">
  <properties/>
  <testcase name="testHalfFloatRange" classname="org.elasticsearch.index.mapper.NumberFieldTypeTests" time="0.419"/>
  <testcase name="testCoercions" classname="org.elasticsearch.index.mapper.NumberFieldTypeTests" time="0.002"/>
  <testcase name="testIntegerTermsQueryWithDecimalPart" classname="org.elasticsearch.index.mapper.NumberFieldTypeTests" time="0.003"/>
  <testcase name="testFreeze" classname="org.elasticsearch.index.mapper.NumberFieldTypeTests" time="0.002"/>
  <testcase name="testClone" classname="org.elasticsearch.index.mapper.NumberFieldTypeTests" time="0.002"/>
  <testcase name="testShortRangeQueryWithDecimalParts" classname="org.elasticsearch.index.mapper.NumberFieldTypeTests" time="0.002"/>
  <testcase name="testCheckTypeName" classname="org.elasticsearch.index.mapper.NumberFieldTypeTests" time="0.002"/>
  <testcase name="testByteRangeQueryWithDecimalParts" classname="org.elasticsearch.index.mapper.NumberFieldTypeTests" time="0.007"/>
  <testcase name="testCheckCompatibility" classname="org.elasticsearch.index.mapper.NumberFieldTypeTests" time="0.006"/>
  <testcase name="testLongTermQueryWithDecimalPart" classname="org.elasticsearch.index.mapper.NumberFieldTypeTests" time="0.003"/>
  <testcase name="testIntegerTermQueryWithDecimalPart" classname="org.elasticsearch.index.mapper.NumberFieldTypeTests" time="0.002"/>
  <testcase name="testByteTermQueryWithDecimalPart" classname="org.elasticsearch.index.mapper.NumberFieldTypeTests" time="0.003"/>
  <testcase name="testEqualsWithDifferentNumberTypes" classname="org.elasticsearch.index.mapper.NumberFieldTypeTests" time="0.006"/>
  <testcase name="testNegativeZero" classname="org.elasticsearch.index.mapper.NumberFieldTypeTests" time="0.002"/>
  <testcase name="testDocValueByteRange" classname="org.elasticsearch.index.mapper.NumberFieldTypeTests" time="0.037"/>
  <testcase name="testDocValueIntRange" classname="org.elasticsearch.index.mapper.NumberFieldTypeTests" time="0.015"/>
  <testcase name="testDocValueHalfFloatRange" classname="org.elasticsearch.index.mapper.NumberFieldTypeTests" time="0.008"/>
  <testcase name="testLongTermsQueryWithDecimalPart" classname="org.elasticsearch.index.mapper.NumberFieldTypeTests" time="0.008"/>
  <testcase name="testRangeQueryWithNegativeBounds" classname="org.elasticsearch.index.mapper.NumberFieldTypeTests" time="0.002"/>
  <testcase name="testLongRangeQueryWithDecimalParts" classname="org.elasticsearch.index.mapper.NumberFieldTypeTests" time="0.002"/>
  <testcase name="testConversions" classname="org.elasticsearch.index.mapper.NumberFieldTypeTests" time="0.003"/>
  <testcase name="testDocValueShortRange" classname="org.elasticsearch.index.mapper.NumberFieldTypeTests" time="0.011"/>
  <testcase name="testDisplayValue" classname="org.elasticsearch.index.mapper.NumberFieldTypeTests" time="0.002"/>
  <testcase name="testShortTermQueryWithDecimalPart" classname="org.elasticsearch.index.mapper.NumberFieldTypeTests" time="0.002"/>
  <testcase name="testIntegerRangeQueryWithDecimalParts" classname="org.elasticsearch.index.mapper.NumberFieldTypeTests" time="0.002"/>
  <testcase name="testParseOutOfRangeValues" classname="org.elasticsearch.index.mapper.NumberFieldTypeTests" time="0.003"/>
  <testcase name="testParsePoint" classname="org.elasticsearch.index.mapper.NumberFieldTypeTests" time="0.005"/>
  <testcase name="testRangeQuery" classname="org.elasticsearch.index.mapper.NumberFieldTypeTests" time="0.004"/>
  <testcase name="testDocValueDoubleRange" classname="org.elasticsearch.index.mapper.NumberFieldTypeTests" time="0.066"/>
  <testcase name="testDocValueLongRange" classname="org.elasticsearch.index.mapper.NumberFieldTypeTests" time="0.011"/>
  <testcase name="testDocValueFloatRange" classname="org.elasticsearch.index.mapper.NumberFieldTypeTests" time="0.007"/>
  <testcase name="testTermQuery" classname="org.elasticsearch.index.mapper.NumberFieldTypeTests" time="0.004"/>
  <testcase name="testIsFieldWithinQuery" classname="org.elasticsearch.index.mapper.NumberFieldTypeTests" time="0.009"/>
  <testcase name="testEquals" classname="org.elasticsearch.index.mapper.NumberFieldTypeTests" time="0.003"/>
  <system-out><![CDATA[[2020-02-16T16:22:54,265][INFO ][o.e.i.m.NumberFieldTypeTests] [testHalfFloatRange] before test
[2020-02-16T16:22:54,681][INFO ][o.e.i.m.NumberFieldTypeTests] [testHalfFloatRange] after test
[2020-02-16T16:22:54,683][INFO ][o.e.i.m.NumberFieldTypeTests] [testCoercions] before test
[2020-02-16T16:22:54,684][INFO ][o.e.i.m.NumberFieldTypeTests] [testCoercions] after test
[2020-02-16T16:22:54,685][INFO ][o.e.i.m.NumberFieldTypeTests] [testIntegerTermsQueryWithDecimalPart] before test
[2020-02-16T16:22:54,686][INFO ][o.e.i.m.NumberFieldTypeTests] [testIntegerTermsQueryWithDecimalPart] after test
[2020-02-16T16:22:54,688][INFO ][o.e.i.m.NumberFieldTypeTests] [testFreeze] before test
[2020-02-16T16:22:54,688][INFO ][o.e.i.m.NumberFieldTypeTests] [testFreeze] after test
[2020-02-16T16:22:54,690][INFO ][o.e.i.m.NumberFieldTypeTests] [testClone] before test
[2020-02-16T16:22:54,690][INFO ][o.e.i.m.NumberFieldTypeTests] [testClone] after test
[2020-02-16T16:22:54,692][INFO ][o.e.i.m.NumberFieldTypeTests] [testShortRangeQueryWithDecimalParts] before test
[2020-02-16T16:22:54,692][INFO ][o.e.i.m.NumberFieldTypeTests] [testShortRangeQueryWithDecimalParts] after test
[2020-02-16T16:22:54,694][INFO ][o.e.i.m.NumberFieldTypeTests] [testCheckTypeName] before test
[2020-02-16T16:22:54,695][INFO ][o.e.i.m.NumberFieldTypeTests] [testCheckTypeName] after test
[2020-02-16T16:22:54,700][INFO ][o.e.i.m.NumberFieldTypeTests] [testByteRangeQueryWithDecimalParts] before test
[2020-02-16T16:22:54,701][INFO ][o.e.i.m.NumberFieldTypeTests] [testByteRangeQueryWithDecimalParts] after test
[2020-02-16T16:22:54,704][INFO ][o.e.i.m.NumberFieldTypeTests] [testCheckCompatibility] before test
[2020-02-16T16:22:54,708][INFO ][o.e.i.m.NumberFieldTypeTests] [testCheckCompatibility] after test
[2020-02-16T16:22:54,710][INFO ][o.e.i.m.NumberFieldTypeTests] [testLongTermQueryWithDecimalPart] before test
[2020-02-16T16:22:54,710][INFO ][o.e.i.m.NumberFieldTypeTests] [testLongTermQueryWithDecimalPart] after test
[2020-02-16T16:22:54,712][INFO ][o.e.i.m.NumberFieldTypeTests] [testIntegerTermQueryWithDecimalPart] before test
[2020-02-16T16:22:54,712][INFO ][o.e.i.m.NumberFieldTypeTests] [testIntegerTermQueryWithDecimalPart] after test
[2020-02-16T16:22:54,715][INFO ][o.e.i.m.NumberFieldTypeTests] [testByteTermQueryWithDecimalPart] before test
[2020-02-16T16:22:54,715][INFO ][o.e.i.m.NumberFieldTypeTests] [testByteTermQueryWithDecimalPart] after test
[2020-02-16T16:22:54,721][INFO ][o.e.i.m.NumberFieldTypeTests] [testEqualsWithDifferentNumberTypes] before test
[2020-02-16T16:22:54,721][INFO ][o.e.i.m.NumberFieldTypeTests] [testEqualsWithDifferentNumberTypes] after test
[2020-02-16T16:22:54,723][INFO ][o.e.i.m.NumberFieldTypeTests] [testNegativeZero] before test
[2020-02-16T16:22:54,724][INFO ][o.e.i.m.NumberFieldTypeTests] [testNegativeZero] after test
[2020-02-16T16:22:54,728][INFO ][o.e.i.m.NumberFieldTypeTests] [testDocValueByteRange] before test
[2020-02-16T16:22:54,760][INFO ][o.e.i.m.NumberFieldTypeTests] [testDocValueByteRange] after test
[2020-02-16T16:22:54,763][INFO ][o.e.i.m.NumberFieldTypeTests] [testDocValueIntRange] before test
[2020-02-16T16:22:54,776][INFO ][o.e.i.m.NumberFieldTypeTests] [testDocValueIntRange] after test
[2020-02-16T16:22:54,778][INFO ][o.e.i.m.NumberFieldTypeTests] [testDocValueHalfFloatRange] before test
[2020-02-16T16:22:54,783][INFO ][o.e.i.m.NumberFieldTypeTests] [testDocValueHalfFloatRange] after test
[2020-02-16T16:22:54,791][INFO ][o.e.i.m.NumberFieldTypeTests] [testLongTermsQueryWithDecimalPart] before test
[2020-02-16T16:22:54,791][INFO ][o.e.i.m.NumberFieldTypeTests] [testLongTermsQueryWithDecimalPart] after test
[2020-02-16T16:22:54,793][INFO ][o.e.i.m.NumberFieldTypeTests] [testRangeQueryWithNegativeBounds] before test
[2020-02-16T16:22:54,794][INFO ][o.e.i.m.NumberFieldTypeTests] [testRangeQueryWithNegativeBounds] after test
[2020-02-16T16:22:54,795][INFO ][o.e.i.m.NumberFieldTypeTests] [testLongRangeQueryWithDecimalParts] before test
[2020-02-16T16:22:54,796][INFO ][o.e.i.m.NumberFieldTypeTests] [testLongRangeQueryWithDecimalParts] after test
[2020-02-16T16:22:54,798][INFO ][o.e.i.m.NumberFieldTypeTests] [testConversions] before test
[2020-02-16T16:22:54,799][INFO ][o.e.i.m.NumberFieldTypeTests] [testConversions] after test
[2020-02-16T16:22:54,802][INFO ][o.e.i.m.NumberFieldTypeTests] [testDocValueShortRange] before test
[2020-02-16T16:22:54,809][INFO ][o.e.i.m.NumberFieldTypeTests] [testDocValueShortRange] after test
[2020-02-16T16:22:54,811][INFO ][o.e.i.m.NumberFieldTypeTests] [testDisplayValue] before test
[2020-02-16T16:22:54,812][INFO ][o.e.i.m.NumberFieldTypeTests] [testDisplayValue] after test
[2020-02-16T16:22:54,814][INFO ][o.e.i.m.NumberFieldTypeTests] [testShortTermQueryWithDecimalPart] before test
[2020-02-16T16:22:54,814][INFO ][o.e.i.m.NumberFieldTypeTests] [testShortTermQueryWithDecimalPart] after test
[2020-02-16T16:22:54,816][INFO ][o.e.i.m.NumberFieldTypeTests] [testIntegerRangeQueryWithDecimalParts] before test
[2020-02-16T16:22:54,816][INFO ][o.e.i.m.NumberFieldTypeTests] [testIntegerRangeQueryWithDecimalParts] after test
[2020-02-16T16:22:54,818][INFO ][o.e.i.m.NumberFieldTypeTests] [testParseOutOfRangeValues] before test
[2020-02-16T16:22:54,819][INFO ][o.e.i.m.NumberFieldTypeTests] [testParseOutOfRangeValues] after test
[2020-02-16T16:22:54,823][INFO ][o.e.i.m.NumberFieldTypeTests] [testParsePoint] before test
[2020-02-16T16:22:54,824][INFO ][o.e.i.m.NumberFieldTypeTests] [testParsePoint] after test
[2020-02-16T16:22:54,828][INFO ][o.e.i.m.NumberFieldTypeTests] [testRangeQuery] before test
[2020-02-16T16:22:54,829][INFO ][o.e.i.m.NumberFieldTypeTests] [testRangeQuery] after test
[2020-02-16T16:22:54,835][INFO ][o.e.i.m.NumberFieldTypeTests] [testDocValueDoubleRange] before test
[2020-02-16T16:22:54,895][INFO ][o.e.i.m.NumberFieldTypeTests] [testDocValueDoubleRange] after test
[2020-02-16T16:22:54,902][INFO ][o.e.i.m.NumberFieldTypeTests] [testDocValueLongRange] before test
[2020-02-16T16:22:54,907][INFO ][o.e.i.m.NumberFieldTypeTests] [testDocValueLongRange] after test
[2020-02-16T16:22:54,910][INFO ][o.e.i.m.NumberFieldTypeTests] [testDocValueFloatRange] before test
[2020-02-16T16:22:54,915][INFO ][o.e.i.m.NumberFieldTypeTests] [testDocValueFloatRange] after test
[2020-02-16T16:22:54,918][INFO ][o.e.i.m.NumberFieldTypeTests] [testTermQuery] before test
[2020-02-16T16:22:54,919][INFO ][o.e.i.m.NumberFieldTypeTests] [testTermQuery] after test
[2020-02-16T16:22:54,927][INFO ][o.e.i.m.NumberFieldTypeTests] [testIsFieldWithinQuery] before test
[2020-02-16T16:22:54,927][INFO ][o.e.i.m.NumberFieldTypeTests] [testIsFieldWithinQuery] after test
[2020-02-16T16:22:54,930][INFO ][o.e.i.m.NumberFieldTypeTests] [testEquals] before test
[2020-02-16T16:22:54,930][INFO ][o.e.i.m.NumberFieldTypeTests] [testEquals] after test
]]></system-out>
  <system-err><![CDATA[]]></system-err>
</testsuite>
