<?xml version="1.0" encoding="UTF-8"?>
<testsuite name="org.elasticsearch.ingest.IngestServiceTests" tests="30" skipped="0" failures="0" errors="0" timestamp="2020-02-16T22:24:59" hostname="Escoto-PC" time="0.124">
  <properties/>
  <testcase name="testUpdatePipelines" classname="org.elasticsearch.ingest.IngestServiceTests" time="0.009"/>
  <testcase name="testValidateNoIngestInfo" classname="org.elasticsearch.ingest.IngestServiceTests" time="0.004"/>
  <testcase name="testPutWithErrorResponse" classname="org.elasticsearch.ingest.IngestServiceTests" time="0.006"/>
  <testcase name="testCrud" classname="org.elasticsearch.ingest.IngestServiceTests" time="0.004"/>
  <testcase name="testStats" classname="org.elasticsearch.ingest.IngestServiceTests" time="0.014"/>
  <testcase name="testDeleteWithExistingUnmatchedPipelines" classname="org.elasticsearch.ingest.IngestServiceTests" time="0.002"/>
  <testcase name="testGetProcessorsInPipelineComplexConditional" classname="org.elasticsearch.ingest.IngestServiceTests" time="0.003"/>
  <testcase name="testExecutePropagateAllMetaDataUpdates" classname="org.elasticsearch.ingest.IngestServiceTests" time="0.006"/>
  <testcase name="testExecuteFailure" classname="org.elasticsearch.ingest.IngestServiceTests" time="0.003"/>
  <testcase name="testExecuteEmptyPipeline" classname="org.elasticsearch.ingest.IngestServiceTests" time="0.003"/>
  <testcase name="testExecuteSuccessWithOnFailure" classname="org.elasticsearch.ingest.IngestServiceTests" time="0.003"/>
  <testcase name="testIngestPluginDuplicate" classname="org.elasticsearch.ingest.IngestServiceTests" time="0.002"/>
  <testcase name="testBulkRequestExecutionWithFailures" classname="org.elasticsearch.ingest.IngestServiceTests" time="0.003"/>
  <testcase name="testGetPipelines" classname="org.elasticsearch.ingest.IngestServiceTests" time="0.002"/>
  <testcase name="testExecuteBulkPipelineDoesNotExist" classname="org.elasticsearch.ingest.IngestServiceTests" time="0.004"/>
  <testcase name="testIngestPlugin" classname="org.elasticsearch.ingest.IngestServiceTests" time="0.002"/>
  <testcase name="testDelete" classname="org.elasticsearch.ingest.IngestServiceTests" time="0.002"/>
  <testcase name="testInnerUpdatePipelines" classname="org.elasticsearch.ingest.IngestServiceTests" time="0.002"/>
  <testcase name="testValidate" classname="org.elasticsearch.ingest.IngestServiceTests" time="0.002"/>
  <testcase name="testExecuteIndexPipelineDoesNotExist" classname="org.elasticsearch.ingest.IngestServiceTests" time="0.003"/>
  <testcase name="testPut" classname="org.elasticsearch.ingest.IngestServiceTests" time="0.002"/>
  <testcase name="testExecuteSuccess" classname="org.elasticsearch.ingest.IngestServiceTests" time="0.003"/>
  <testcase name="testIngestClusterStateListeners_orderOfExecution" classname="org.elasticsearch.ingest.IngestServiceTests" time="0.003"/>
  <testcase name="testExecuteWithDrop" classname="org.elasticsearch.ingest.IngestServiceTests" time="0.005"/>
  <testcase name="testBulkRequestExecution" classname="org.elasticsearch.ingest.IngestServiceTests" time="0.006"/>
  <testcase name="testExecuteFailureWithNestedOnFailure" classname="org.elasticsearch.ingest.IngestServiceTests" time="0.008"/>
  <testcase name="testExecuteIndexPipelineExistsButFailedParsing" classname="org.elasticsearch.ingest.IngestServiceTests" time="0.003"/>
  <testcase name="testDeleteUsingWildcard" classname="org.elasticsearch.ingest.IngestServiceTests" time="0.002"/>
  <testcase name="testStatName" classname="org.elasticsearch.ingest.IngestServiceTests" time="0.006"/>
  <testcase name="testGetProcessorsInPipeline" classname="org.elasticsearch.ingest.IngestServiceTests" time="0.005"/>
  <system-out><![CDATA[[2020-02-17T06:24:59,174][INFO ][o.e.i.IngestServiceTests ] [testUpdatePipelines] before test
[2020-02-17T06:24:59,181][INFO ][o.e.i.IngestServiceTests ] [testUpdatePipelines] after test
[2020-02-17T06:24:59,184][INFO ][o.e.i.IngestServiceTests ] [testValidateNoIngestInfo] before test
[2020-02-17T06:24:59,185][INFO ][o.e.i.IngestServiceTests ] [testValidateNoIngestInfo] after test
[2020-02-17T06:24:59,188][INFO ][o.e.i.IngestServiceTests ] [testPutWithErrorResponse] before test
[2020-02-17T06:24:59,190][WARN ][o.e.i.IngestService      ] [testPutWithErrorResponse] failed to update ingest pipelines
org.elasticsearch.ElasticsearchParseException: [processors] required property is missing
	at org.elasticsearch.ingest.ConfigurationUtils.newConfigurationException(ConfigurationUtils.java:315) ~[main/:?]
	at org.elasticsearch.ingest.ConfigurationUtils.readList(ConfigurationUtils.java:236) ~[main/:?]
	at org.elasticsearch.ingest.Pipeline.create(Pipeline.java:73) ~[main/:?]
	at org.elasticsearch.ingest.IngestService.innerUpdatePipelines(IngestService.java:575) ~[main/:?]
	at org.elasticsearch.ingest.IngestService.applyClusterState(IngestService.java:550) [main/:?]
	at org.elasticsearch.ingest.IngestServiceTests.testPutWithErrorResponse(IngestServiceTests.java:468) [test/:?]
	at jdk.internal.reflect.NativeMethodAccessorImpl.invoke0(Native Method) ~[?:?]
	at jdk.internal.reflect.NativeMethodAccessorImpl.invoke(NativeMethodAccessorImpl.java:62) ~[?:?]
	at jdk.internal.reflect.DelegatingMethodAccessorImpl.invoke(DelegatingMethodAccessorImpl.java:43) ~[?:?]
	at java.lang.reflect.Method.invoke(Method.java:567) ~[?:?]
	at com.carrotsearch.randomizedtesting.RandomizedRunner.invoke(RandomizedRunner.java:1750) [randomizedtesting-runner-2.7.1.jar:?]
	at com.carrotsearch.randomizedtesting.RandomizedRunner$8.evaluate(RandomizedRunner.java:938) [randomizedtesting-runner-2.7.1.jar:?]
	at com.carrotsearch.randomizedtesting.RandomizedRunner$9.evaluate(RandomizedRunner.java:974) [randomizedtesting-runner-2.7.1.jar:?]
	at com.carrotsearch.randomizedtesting.RandomizedRunner$10.evaluate(RandomizedRunner.java:988) [randomizedtesting-runner-2.7.1.jar:?]
	at com.carrotsearch.randomizedtesting.rules.StatementAdapter.evaluate(StatementAdapter.java:36) [randomizedtesting-runner-2.7.1.jar:?]
	at org.apache.lucene.util.TestRuleSetupTeardownChained$1.evaluate(TestRuleSetupTeardownChained.java:49) [lucene-test-framework-8.3.0.jar:8.3.0 2aa586909b911e66e1d8863aa89f173d69f86cd2 - ishan - 2019-10-25 23:10:05]
	at org.apache.lucene.util.AbstractBeforeAfterRule$1.evaluate(AbstractBeforeAfterRule.java:45) [lucene-test-framework-8.3.0.jar:8.3.0 2aa586909b911e66e1d8863aa89f173d69f86cd2 - ishan - 2019-10-25 23:10:05]
	at org.apache.lucene.util.TestRuleThreadAndTestName$1.evaluate(TestRuleThreadAndTestName.java:48) [lucene-test-framework-8.3.0.jar:8.3.0 2aa586909b911e66e1d8863aa89f173d69f86cd2 - ishan - 2019-10-25 23:10:05]
	at org.apache.lucene.util.TestRuleIgnoreAfterMaxFailures$1.evaluate(TestRuleIgnoreAfterMaxFailures.java:64) [lucene-test-framework-8.3.0.jar:8.3.0 2aa586909b911e66e1d8863aa89f173d69f86cd2 - ishan - 2019-10-25 23:10:05]
	at org.apache.lucene.util.TestRuleMarkFailure$1.evaluate(TestRuleMarkFailure.java:47) [lucene-test-framework-8.3.0.jar:8.3.0 2aa586909b911e66e1d8863aa89f173d69f86cd2 - ishan - 2019-10-25 23:10:05]
	at com.carrotsearch.randomizedtesting.rules.StatementAdapter.evaluate(StatementAdapter.java:36) [randomizedtesting-runner-2.7.1.jar:?]
	at com.carrotsearch.randomizedtesting.ThreadLeakControl$StatementRunner.run(ThreadLeakControl.java:368) [randomizedtesting-runner-2.7.1.jar:?]
	at com.carrotsearch.randomizedtesting.ThreadLeakControl.forkTimeoutingTask(ThreadLeakControl.java:817) [randomizedtesting-runner-2.7.1.jar:?]
	at com.carrotsearch.randomizedtesting.ThreadLeakControl$3.evaluate(ThreadLeakControl.java:468) [randomizedtesting-runner-2.7.1.jar:?]
	at com.carrotsearch.randomizedtesting.RandomizedRunner.runSingleTest(RandomizedRunner.java:947) [randomizedtesting-runner-2.7.1.jar:?]
	at com.carrotsearch.randomizedtesting.RandomizedRunner$5.evaluate(RandomizedRunner.java:832) [randomizedtesting-runner-2.7.1.jar:?]
	at com.carrotsearch.randomizedtesting.RandomizedRunner$6.evaluate(RandomizedRunner.java:883) [randomizedtesting-runner-2.7.1.jar:?]
	at com.carrotsearch.randomizedtesting.RandomizedRunner$7.evaluate(RandomizedRunner.java:894) [randomizedtesting-runner-2.7.1.jar:?]
	at org.apache.lucene.util.AbstractBeforeAfterRule$1.evaluate(AbstractBeforeAfterRule.java:45) [lucene-test-framework-8.3.0.jar:8.3.0 2aa586909b911e66e1d8863aa89f173d69f86cd2 - ishan - 2019-10-25 23:10:05]
	at com.carrotsearch.randomizedtesting.rules.StatementAdapter.evaluate(StatementAdapter.java:36) [randomizedtesting-runner-2.7.1.jar:?]
	at org.apache.lucene.util.TestRuleStoreClassName$1.evaluate(TestRuleStoreClassName.java:41) [lucene-test-framework-8.3.0.jar:8.3.0 2aa586909b911e66e1d8863aa89f173d69f86cd2 - ishan - 2019-10-25 23:10:05]
	at com.carrotsearch.randomizedtesting.rules.NoShadowingOrOverridesOnMethodsRule$1.evaluate(NoShadowingOrOverridesOnMethodsRule.java:40) [randomizedtesting-runner-2.7.1.jar:?]
	at com.carrotsearch.randomizedtesting.rules.NoShadowingOrOverridesOnMethodsRule$1.evaluate(NoShadowingOrOverridesOnMethodsRule.java:40) [randomizedtesting-runner-2.7.1.jar:?]
	at com.carrotsearch.randomizedtesting.rules.StatementAdapter.evaluate(StatementAdapter.java:36) [randomizedtesting-runner-2.7.1.jar:?]
	at com.carrotsearch.randomizedtesting.rules.StatementAdapter.evaluate(StatementAdapter.java:36) [randomizedtesting-runner-2.7.1.jar:?]
	at org.apache.lucene.util.TestRuleAssertionsRequired$1.evaluate(TestRuleAssertionsRequired.java:53) [lucene-test-framework-8.3.0.jar:8.3.0 2aa586909b911e66e1d8863aa89f173d69f86cd2 - ishan - 2019-10-25 23:10:05]
	at org.apache.lucene.util.TestRuleMarkFailure$1.evaluate(TestRuleMarkFailure.java:47) [lucene-test-framework-8.3.0.jar:8.3.0 2aa586909b911e66e1d8863aa89f173d69f86cd2 - ishan - 2019-10-25 23:10:05]
	at org.apache.lucene.util.TestRuleIgnoreAfterMaxFailures$1.evaluate(TestRuleIgnoreAfterMaxFailures.java:64) [lucene-test-framework-8.3.0.jar:8.3.0 2aa586909b911e66e1d8863aa89f173d69f86cd2 - ishan - 2019-10-25 23:10:05]
	at org.apache.lucene.util.TestRuleIgnoreTestSuites$1.evaluate(TestRuleIgnoreTestSuites.java:54) [lucene-test-framework-8.3.0.jar:8.3.0 2aa586909b911e66e1d8863aa89f173d69f86cd2 - ishan - 2019-10-25 23:10:05]
	at com.carrotsearch.randomizedtesting.rules.StatementAdapter.evaluate(StatementAdapter.java:36) [randomizedtesting-runner-2.7.1.jar:?]
	at com.carrotsearch.randomizedtesting.ThreadLeakControl$StatementRunner.run(ThreadLeakControl.java:368) [randomizedtesting-runner-2.7.1.jar:?]
	at java.lang.Thread.run(Thread.java:835) [?:?]
[2020-02-17T06:24:59,192][INFO ][o.e.i.IngestServiceTests ] [testPutWithErrorResponse] after test
[2020-02-17T06:24:59,196][INFO ][o.e.i.IngestServiceTests ] [testCrud] before test
[2020-02-17T06:24:59,196][INFO ][o.e.i.IngestServiceTests ] [testCrud] after test
[2020-02-17T06:24:59,198][INFO ][o.e.i.IngestServiceTests ] [testStats] before test
[2020-02-17T06:24:59,210][INFO ][o.e.i.IngestServiceTests ] [testStats] after test
[2020-02-17T06:24:59,212][INFO ][o.e.i.IngestServiceTests ] [testDeleteWithExistingUnmatchedPipelines] before test
[2020-02-17T06:24:59,212][INFO ][o.e.i.IngestServiceTests ] [testDeleteWithExistingUnmatchedPipelines] after test
[2020-02-17T06:24:59,214][INFO ][o.e.i.IngestServiceTests ] [testGetProcessorsInPipelineComplexConditional] before test
[2020-02-17T06:24:59,215][INFO ][o.e.i.IngestServiceTests ] [testGetProcessorsInPipelineComplexConditional] after test
[2020-02-17T06:24:59,216][INFO ][o.e.i.IngestServiceTests ] [testExecutePropagateAllMetaDataUpdates] before test
[2020-02-17T06:24:59,221][INFO ][o.e.i.IngestServiceTests ] [testExecutePropagateAllMetaDataUpdates] after test
[2020-02-17T06:24:59,223][INFO ][o.e.i.IngestServiceTests ] [testExecuteFailure] before test
[2020-02-17T06:24:59,224][INFO ][o.e.i.IngestServiceTests ] [testExecuteFailure] after test
[2020-02-17T06:24:59,226][INFO ][o.e.i.IngestServiceTests ] [testExecuteEmptyPipeline] before test
[2020-02-17T06:24:59,227][INFO ][o.e.i.IngestServiceTests ] [testExecuteEmptyPipeline] after test
[2020-02-17T06:24:59,229][INFO ][o.e.i.IngestServiceTests ] [testExecuteSuccessWithOnFailure] before test
[2020-02-17T06:24:59,231][INFO ][o.e.i.IngestServiceTests ] [testExecuteSuccessWithOnFailure] after test
[2020-02-17T06:24:59,232][INFO ][o.e.i.IngestServiceTests ] [testIngestPluginDuplicate] before test
[2020-02-17T06:24:59,233][INFO ][o.e.i.IngestServiceTests ] [testIngestPluginDuplicate] after test
[2020-02-17T06:24:59,234][INFO ][o.e.i.IngestServiceTests ] [testBulkRequestExecutionWithFailures] before test
[2020-02-17T06:24:59,236][INFO ][o.e.i.IngestServiceTests ] [testBulkRequestExecutionWithFailures] after test
[2020-02-17T06:24:59,238][INFO ][o.e.i.IngestServiceTests ] [testGetPipelines] before test
[2020-02-17T06:24:59,239][INFO ][o.e.i.IngestServiceTests ] [testGetPipelines] after test
[2020-02-17T06:24:59,240][INFO ][o.e.i.IngestServiceTests ] [testExecuteBulkPipelineDoesNotExist] before test
[2020-02-17T06:24:59,242][INFO ][o.e.i.IngestServiceTests ] [testExecuteBulkPipelineDoesNotExist] after test
[2020-02-17T06:24:59,244][INFO ][o.e.i.IngestServiceTests ] [testIngestPlugin] before test
[2020-02-17T06:24:59,244][INFO ][o.e.i.IngestServiceTests ] [testIngestPlugin] after test
[2020-02-17T06:24:59,245][INFO ][o.e.i.IngestServiceTests ] [testDelete] before test
[2020-02-17T06:24:59,246][INFO ][o.e.i.IngestServiceTests ] [testDelete] after test
[2020-02-17T06:24:59,247][INFO ][o.e.i.IngestServiceTests ] [testInnerUpdatePipelines] before test
[2020-02-17T06:24:59,248][INFO ][o.e.i.IngestServiceTests ] [testInnerUpdatePipelines] after test
[2020-02-17T06:24:59,249][INFO ][o.e.i.IngestServiceTests ] [testValidate] before test
[2020-02-17T06:24:59,250][INFO ][o.e.i.IngestServiceTests ] [testValidate] after test
[2020-02-17T06:24:59,252][INFO ][o.e.i.IngestServiceTests ] [testExecuteIndexPipelineDoesNotExist] before test
[2020-02-17T06:24:59,253][INFO ][o.e.i.IngestServiceTests ] [testExecuteIndexPipelineDoesNotExist] after test
[2020-02-17T06:24:59,254][INFO ][o.e.i.IngestServiceTests ] [testPut] before test
[2020-02-17T06:24:59,255][INFO ][o.e.i.IngestServiceTests ] [testPut] after test
[2020-02-17T06:24:59,257][INFO ][o.e.i.IngestServiceTests ] [testExecuteSuccess] before test
[2020-02-17T06:24:59,258][INFO ][o.e.i.IngestServiceTests ] [testExecuteSuccess] after test
[2020-02-17T06:24:59,260][INFO ][o.e.i.IngestServiceTests ] [testIngestClusterStateListeners_orderOfExecution] before test
[2020-02-17T06:24:59,262][INFO ][o.e.i.IngestServiceTests ] [testIngestClusterStateListeners_orderOfExecution] after test
[2020-02-17T06:24:59,263][INFO ][o.e.i.IngestServiceTests ] [testExecuteWithDrop] before test
[2020-02-17T06:24:59,266][INFO ][o.e.i.IngestServiceTests ] [testExecuteWithDrop] after test
[2020-02-17T06:24:59,269][INFO ][o.e.i.IngestServiceTests ] [testBulkRequestExecution] before test
[2020-02-17T06:24:59,269][INFO ][o.e.i.IngestServiceTests ] [testBulkRequestExecution] Using [SMILE], not randomly determined default [YAML]
[2020-02-17T06:24:59,272][INFO ][o.e.i.IngestServiceTests ] [testBulkRequestExecution] after test
[2020-02-17T06:24:59,274][INFO ][o.e.i.IngestServiceTests ] [testExecuteFailureWithNestedOnFailure] before test
[2020-02-17T06:24:59,280][INFO ][o.e.i.IngestServiceTests ] [testExecuteFailureWithNestedOnFailure] after test
[2020-02-17T06:24:59,282][INFO ][o.e.i.IngestServiceTests ] [testExecuteIndexPipelineExistsButFailedParsing] before test
[2020-02-17T06:24:59,283][INFO ][o.e.i.IngestServiceTests ] [testExecuteIndexPipelineExistsButFailedParsing] after test
[2020-02-17T06:24:59,285][INFO ][o.e.i.IngestServiceTests ] [testDeleteUsingWildcard] before test
[2020-02-17T06:24:59,285][INFO ][o.e.i.IngestServiceTests ] [testDeleteUsingWildcard] after test
[2020-02-17T06:24:59,287][INFO ][o.e.i.IngestServiceTests ] [testStatName] before test
[2020-02-17T06:24:59,291][INFO ][o.e.i.IngestServiceTests ] [testStatName] after test
[2020-02-17T06:24:59,295][INFO ][o.e.i.IngestServiceTests ] [testGetProcessorsInPipeline] before test
[2020-02-17T06:24:59,296][INFO ][o.e.i.IngestServiceTests ] [testGetProcessorsInPipeline] after test
]]></system-out>
  <system-err><![CDATA[]]></system-err>
</testsuite>
