<?xml version="1.0" encoding="UTF-8"?>
<testsuite name="org.elasticsearch.common.xcontent.cbor.CborXContentTests" tests="53" skipped="0" failures="0" errors="0" timestamp="2020-02-16T22:20:54" hostname="Escoto-PC" time="0.554">
  <properties/>
  <testcase name="testLatLon" classname="org.elasticsearch.common.xcontent.cbor.CborXContentTests" time="0.003"/>
  <testcase name="testLongs" classname="org.elasticsearch.common.xcontent.cbor.CborXContentTests" time="0.003"/>
  <testcase name="testReadableInstant" classname="org.elasticsearch.common.xcontent.cbor.CborXContentTests" time="0.011"/>
  <testcase name="testBinaryUTF8" classname="org.elasticsearch.common.xcontent.cbor.CborXContentTests" time="0.006"/>
  <testcase name="testStrings" classname="org.elasticsearch.common.xcontent.cbor.CborXContentTests" time="0.005"/>
  <testcase name="testBinaryValueWithOffsetLength" classname="org.elasticsearch.common.xcontent.cbor.CborXContentTests" time="0.012"/>
  <testcase name="testField" classname="org.elasticsearch.common.xcontent.cbor.CborXContentTests" time="0.004"/>
  <testcase name="testSelfReferencingMapsOneLevel" classname="org.elasticsearch.common.xcontent.cbor.CborXContentTests" time="0.003"/>
  <testcase name="testBigDecimals" classname="org.elasticsearch.common.xcontent.cbor.CborXContentTests" time="0.032"/>
  <testcase name="testObject" classname="org.elasticsearch.common.xcontent.cbor.CborXContentTests" time="0.135"/>
  <testcase name="testBytes" classname="org.elasticsearch.common.xcontent.cbor.CborXContentTests" time="0.004"/>
  <testcase name="testBigIntegers" classname="org.elasticsearch.common.xcontent.cbor.CborXContentTests" time="0.003"/>
  <testcase name="testToXContent" classname="org.elasticsearch.common.xcontent.cbor.CborXContentTests" time="0.004"/>
  <testcase name="testMissingEndObject" classname="org.elasticsearch.common.xcontent.cbor.CborXContentTests" time="0.002"/>
  <testcase name="testJavaTime" classname="org.elasticsearch.common.xcontent.cbor.CborXContentTests" time="0.021"/>
  <testcase name="testSelfReferencingMapsTwoLevels" classname="org.elasticsearch.common.xcontent.cbor.CborXContentTests" time="0.003"/>
  <testcase name="testDateField" classname="org.elasticsearch.common.xcontent.cbor.CborXContentTests" time="0.007"/>
  <testcase name="testSelfReferencingIterableTwoLevels" classname="org.elasticsearch.common.xcontent.cbor.CborXContentTests" time="0.032"/>
  <testcase name="testSelfReferencingIterable" classname="org.elasticsearch.common.xcontent.cbor.CborXContentTests" time="0.002"/>
  <testcase name="testUnknownObject" classname="org.elasticsearch.common.xcontent.cbor.CborXContentTests" time="0.008"/>
  <testcase name="testDoubles" classname="org.elasticsearch.common.xcontent.cbor.CborXContentTests" time="0.02"/>
  <testcase name="testChecksForDuplicates" classname="org.elasticsearch.common.xcontent.cbor.CborXContentTests" time="0.03"/>
  <testcase name="testEnsureNotNull" classname="org.elasticsearch.common.xcontent.cbor.CborXContentTests" time="0.004"/>
  <testcase name="testEnsureNameNotNull" classname="org.elasticsearch.common.xcontent.cbor.CborXContentTests" time="0.002"/>
  <testcase name="testBinaryValue" classname="org.elasticsearch.common.xcontent.cbor.CborXContentTests" time="0.003"/>
  <testcase name="testNullValue" classname="org.elasticsearch.common.xcontent.cbor.CborXContentTests" time="0.003"/>
  <testcase name="testMap" classname="org.elasticsearch.common.xcontent.cbor.CborXContentTests" time="0.003"/>
  <testcase name="testBooleans" classname="org.elasticsearch.common.xcontent.cbor.CborXContentTests" time="0.005"/>
  <testcase name="testGeoPoint" classname="org.elasticsearch.common.xcontent.cbor.CborXContentTests" time="0.003"/>
  <testcase name="testNullField" classname="org.elasticsearch.common.xcontent.cbor.CborXContentTests" time="0.003"/>
  <testcase name="testStartEndArray" classname="org.elasticsearch.common.xcontent.cbor.CborXContentTests" time="0.006"/>
  <testcase name="testSelfReferencingObjectsArray" classname="org.elasticsearch.common.xcontent.cbor.CborXContentTests" time="0.006"/>
  <testcase name="testIntegers" classname="org.elasticsearch.common.xcontent.cbor.CborXContentTests" time="0.005"/>
  <testcase name="testCalendar" classname="org.elasticsearch.common.xcontent.cbor.CborXContentTests" time="0.031"/>
  <testcase name="testShorts" classname="org.elasticsearch.common.xcontent.cbor.CborXContentTests" time="0.007"/>
  <testcase name="testIterable" classname="org.elasticsearch.common.xcontent.cbor.CborXContentTests" time="0.003"/>
  <testcase name="testNamedObject" classname="org.elasticsearch.common.xcontent.cbor.CborXContentTests" time="0.005"/>
  <testcase name="testDate" classname="org.elasticsearch.common.xcontent.cbor.CborXContentTests" time="0.003"/>
  <testcase name="testBigInteger" classname="org.elasticsearch.common.xcontent.cbor.CborXContentTests" time="0.003"/>
  <testcase name="testObjects" classname="org.elasticsearch.common.xcontent.cbor.CborXContentTests" time="0.005"/>
  <testcase name="testContentType" classname="org.elasticsearch.common.xcontent.cbor.CborXContentTests" time="0.004"/>
  <testcase name="testRawField" classname="org.elasticsearch.common.xcontent.cbor.CborXContentTests" time="0.006"/>
  <testcase name="testBasics" classname="org.elasticsearch.common.xcontent.cbor.CborXContentTests" time="0.008"/>
  <testcase name="testMissingEndArray" classname="org.elasticsearch.common.xcontent.cbor.CborXContentTests" time="0.003"/>
  <testcase name="testPath" classname="org.elasticsearch.common.xcontent.cbor.CborXContentTests" time="0.003"/>
  <testcase name="testFloats" classname="org.elasticsearch.common.xcontent.cbor.CborXContentTests" time="0.009"/>
  <testcase name="testText" classname="org.elasticsearch.common.xcontent.cbor.CborXContentTests" time="0.005"/>
  <testcase name="testEnsureNoSelfReferences" classname="org.elasticsearch.common.xcontent.cbor.CborXContentTests" time="0.011"/>
  <testcase name="testSelfReferencingIterableOneLevel" classname="org.elasticsearch.common.xcontent.cbor.CborXContentTests" time="0.019"/>
  <testcase name="testRawValue" classname="org.elasticsearch.common.xcontent.cbor.CborXContentTests" time="0.004"/>
  <testcase name="testRepeatedMapsAndNoSelfReferences" classname="org.elasticsearch.common.xcontent.cbor.CborXContentTests" time="0.013"/>
  <testcase name="testStartEndObject" classname="org.elasticsearch.common.xcontent.cbor.CborXContentTests" time="0.01"/>
  <testcase name="testBinaryField" classname="org.elasticsearch.common.xcontent.cbor.CborXContentTests" time="0.003"/>
  <system-out><![CDATA[[2020-02-16T16:20:54,136][INFO ][o.e.c.x.c.CborXContentTests] [testLatLon] before test
[2020-02-16T16:20:54,138][INFO ][o.e.c.x.c.CborXContentTests] [testLatLon] after test
[2020-02-16T16:20:54,140][INFO ][o.e.c.x.c.CborXContentTests] [testLongs] before test
[2020-02-16T16:20:54,141][INFO ][o.e.c.x.c.CborXContentTests] [testLongs] after test
[2020-02-16T16:20:54,143][INFO ][o.e.c.x.c.CborXContentTests] [testReadableInstant] before test
[2020-02-16T16:20:54,152][INFO ][o.e.c.x.c.CborXContentTests] [testReadableInstant] after test
[2020-02-16T16:20:54,157][INFO ][o.e.c.x.c.CborXContentTests] [testBinaryUTF8] before test
[2020-02-16T16:20:54,158][INFO ][o.e.c.x.c.CborXContentTests] [testBinaryUTF8] after test
[2020-02-16T16:20:54,163][INFO ][o.e.c.x.c.CborXContentTests] [testStrings] before test
[2020-02-16T16:20:54,164][INFO ][o.e.c.x.c.CborXContentTests] [testStrings] after test
[2020-02-16T16:20:54,175][INFO ][o.e.c.x.c.CborXContentTests] [testBinaryValueWithOffsetLength] before test
[2020-02-16T16:20:54,176][INFO ][o.e.c.x.c.CborXContentTests] [testBinaryValueWithOffsetLength] after test
[2020-02-16T16:20:54,178][INFO ][o.e.c.x.c.CborXContentTests] [testField] before test
[2020-02-16T16:20:54,180][INFO ][o.e.c.x.c.CborXContentTests] [testField] after test
[2020-02-16T16:20:54,182][INFO ][o.e.c.x.c.CborXContentTests] [testSelfReferencingMapsOneLevel] before test
[2020-02-16T16:20:54,183][INFO ][o.e.c.x.c.CborXContentTests] [testSelfReferencingMapsOneLevel] after test
[2020-02-16T16:20:54,214][INFO ][o.e.c.x.c.CborXContentTests] [testBigDecimals] before test
[2020-02-16T16:20:54,215][INFO ][o.e.c.x.c.CborXContentTests] [testBigDecimals] after test
[2020-02-16T16:20:54,217][INFO ][o.e.c.x.c.CborXContentTests] [testObject] before test
[2020-02-16T16:20:54,227][INFO ][o.e.c.x.c.CborXContentTests] [testObject] after test
[2020-02-16T16:20:54,353][INFO ][o.e.c.x.c.CborXContentTests] [testBytes] before test
[2020-02-16T16:20:54,354][INFO ][o.e.c.x.c.CborXContentTests] [testBytes] after test
[2020-02-16T16:20:54,356][INFO ][o.e.c.x.c.CborXContentTests] [testBigIntegers] before test
[2020-02-16T16:20:54,357][INFO ][o.e.c.x.c.CborXContentTests] [testBigIntegers] after test
[2020-02-16T16:20:54,360][INFO ][o.e.c.x.c.CborXContentTests] [testToXContent] before test
[2020-02-16T16:20:54,362][INFO ][o.e.c.x.c.CborXContentTests] [testToXContent] after test
[2020-02-16T16:20:54,364][INFO ][o.e.c.x.c.CborXContentTests] [testMissingEndObject] before test
[2020-02-16T16:20:54,364][INFO ][o.e.c.x.c.CborXContentTests] [testMissingEndObject] after test
[2020-02-16T16:20:54,373][INFO ][o.e.c.x.c.CborXContentTests] [testJavaTime] before test
[2020-02-16T16:20:54,385][INFO ][o.e.c.x.c.CborXContentTests] [testJavaTime] after test
[2020-02-16T16:20:54,387][INFO ][o.e.c.x.c.CborXContentTests] [testSelfReferencingMapsTwoLevels] before test
[2020-02-16T16:20:54,387][INFO ][o.e.c.x.c.CborXContentTests] [testSelfReferencingMapsTwoLevels] after test
[2020-02-16T16:20:54,394][INFO ][o.e.c.x.c.CborXContentTests] [testDateField] before test
[2020-02-16T16:20:54,395][INFO ][o.e.c.x.c.CborXContentTests] [testDateField] after test
[2020-02-16T16:20:54,426][INFO ][o.e.c.x.c.CborXContentTests] [testSelfReferencingIterableTwoLevels] before test
[2020-02-16T16:20:54,427][INFO ][o.e.c.x.c.CborXContentTests] [testSelfReferencingIterableTwoLevels] after test
[2020-02-16T16:20:54,429][INFO ][o.e.c.x.c.CborXContentTests] [testSelfReferencingIterable] before test
[2020-02-16T16:20:54,429][INFO ][o.e.c.x.c.CborXContentTests] [testSelfReferencingIterable] after test
[2020-02-16T16:20:54,432][INFO ][o.e.c.x.c.CborXContentTests] [testUnknownObject] before test
[2020-02-16T16:20:54,437][INFO ][o.e.c.x.c.CborXContentTests] [testUnknownObject] after test
[2020-02-16T16:20:54,455][INFO ][o.e.c.x.c.CborXContentTests] [testDoubles] before test
[2020-02-16T16:20:54,457][INFO ][o.e.c.x.c.CborXContentTests] [testDoubles] after test
[2020-02-16T16:20:54,486][INFO ][o.e.c.x.c.CborXContentTests] [testChecksForDuplicates] before test
[2020-02-16T16:20:54,486][INFO ][o.e.c.x.c.CborXContentTests] [testChecksForDuplicates] after test
[2020-02-16T16:20:54,490][INFO ][o.e.c.x.c.CborXContentTests] [testEnsureNotNull] before test
[2020-02-16T16:20:54,490][INFO ][o.e.c.x.c.CborXContentTests] [testEnsureNotNull] after test
[2020-02-16T16:20:54,492][INFO ][o.e.c.x.c.CborXContentTests] [testEnsureNameNotNull] before test
[2020-02-16T16:20:54,493][INFO ][o.e.c.x.c.CborXContentTests] [testEnsureNameNotNull] after test
[2020-02-16T16:20:54,495][INFO ][o.e.c.x.c.CborXContentTests] [testBinaryValue] before test
[2020-02-16T16:20:54,496][INFO ][o.e.c.x.c.CborXContentTests] [testBinaryValue] after test
[2020-02-16T16:20:54,499][INFO ][o.e.c.x.c.CborXContentTests] [testNullValue] before test
[2020-02-16T16:20:54,499][INFO ][o.e.c.x.c.CborXContentTests] [testNullValue] after test
[2020-02-16T16:20:54,501][INFO ][o.e.c.x.c.CborXContentTests] [testMap] before test
[2020-02-16T16:20:54,502][INFO ][o.e.c.x.c.CborXContentTests] [testMap] after test
[2020-02-16T16:20:54,506][INFO ][o.e.c.x.c.CborXContentTests] [testBooleans] before test
[2020-02-16T16:20:54,507][INFO ][o.e.c.x.c.CborXContentTests] [testBooleans] after test
[2020-02-16T16:20:54,510][INFO ][o.e.c.x.c.CborXContentTests] [testGeoPoint] before test
[2020-02-16T16:20:54,510][INFO ][o.e.c.x.c.CborXContentTests] [testGeoPoint] after test
[2020-02-16T16:20:54,513][INFO ][o.e.c.x.c.CborXContentTests] [testNullField] before test
[2020-02-16T16:20:54,514][INFO ][o.e.c.x.c.CborXContentTests] [testNullField] after test
[2020-02-16T16:20:54,518][INFO ][o.e.c.x.c.CborXContentTests] [testStartEndArray] before test
[2020-02-16T16:20:54,520][INFO ][o.e.c.x.c.CborXContentTests] [testStartEndArray] after test
[2020-02-16T16:20:54,525][INFO ][o.e.c.x.c.CborXContentTests] [testSelfReferencingObjectsArray] before test
[2020-02-16T16:20:54,526][INFO ][o.e.c.x.c.CborXContentTests] [testSelfReferencingObjectsArray] after test
[2020-02-16T16:20:54,528][INFO ][o.e.c.x.c.CborXContentTests] [testIntegers] before test
[2020-02-16T16:20:54,531][INFO ][o.e.c.x.c.CborXContentTests] [testIntegers] after test
[2020-02-16T16:20:54,562][INFO ][o.e.c.x.c.CborXContentTests] [testCalendar] before test
[2020-02-16T16:20:54,562][INFO ][o.e.c.x.c.CborXContentTests] [testCalendar] after test
[2020-02-16T16:20:54,568][INFO ][o.e.c.x.c.CborXContentTests] [testShorts] before test
[2020-02-16T16:20:54,569][INFO ][o.e.c.x.c.CborXContentTests] [testShorts] after test
[2020-02-16T16:20:54,572][INFO ][o.e.c.x.c.CborXContentTests] [testIterable] before test
[2020-02-16T16:20:54,573][INFO ][o.e.c.x.c.CborXContentTests] [testIterable] after test
[2020-02-16T16:20:54,576][INFO ][o.e.c.x.c.CborXContentTests] [testNamedObject] before test
[2020-02-16T16:20:54,577][WARN ][o.e.d.c.ParseField       ] [testNamedObject] Deprecated field [deprecated] used, expected [test2] instead
[2020-02-16T16:20:54,578][INFO ][o.e.c.x.c.CborXContentTests] [testNamedObject] after test
[2020-02-16T16:20:54,580][INFO ][o.e.c.x.c.CborXContentTests] [testDate] before test
[2020-02-16T16:20:54,581][INFO ][o.e.c.x.c.CborXContentTests] [testDate] after test
[2020-02-16T16:20:54,583][INFO ][o.e.c.x.c.CborXContentTests] [testBigInteger] before test
[2020-02-16T16:20:54,584][INFO ][o.e.c.x.c.CborXContentTests] [testBigInteger] after test
[2020-02-16T16:20:54,586][INFO ][o.e.c.x.c.CborXContentTests] [testObjects] before test
[2020-02-16T16:20:54,589][INFO ][o.e.c.x.c.CborXContentTests] [testObjects] after test
[2020-02-16T16:20:54,592][INFO ][o.e.c.x.c.CborXContentTests] [testContentType] before test
[2020-02-16T16:20:54,593][INFO ][o.e.c.x.c.CborXContentTests] [testContentType] after test
[2020-02-16T16:20:54,598][INFO ][o.e.c.x.c.CborXContentTests] [testRawField] before test
[2020-02-16T16:20:54,599][INFO ][o.e.c.x.c.CborXContentTests] [testRawField] after test
[2020-02-16T16:20:54,607][INFO ][o.e.c.x.c.CborXContentTests] [testBasics] before test
[2020-02-16T16:20:54,608][INFO ][o.e.c.x.c.CborXContentTests] [testBasics] after test
[2020-02-16T16:20:54,611][INFO ][o.e.c.x.c.CborXContentTests] [testMissingEndArray] before test
[2020-02-16T16:20:54,611][INFO ][o.e.c.x.c.CborXContentTests] [testMissingEndArray] after test
[2020-02-16T16:20:54,613][INFO ][o.e.c.x.c.CborXContentTests] [testPath] before test
[2020-02-16T16:20:54,614][INFO ][o.e.c.x.c.CborXContentTests] [testPath] after test
[2020-02-16T16:20:54,621][INFO ][o.e.c.x.c.CborXContentTests] [testFloats] before test
[2020-02-16T16:20:54,623][INFO ][o.e.c.x.c.CborXContentTests] [testFloats] after test
[2020-02-16T16:20:54,627][INFO ][o.e.c.x.c.CborXContentTests] [testText] before test
[2020-02-16T16:20:54,628][INFO ][o.e.c.x.c.CborXContentTests] [testText] after test
[2020-02-16T16:20:54,639][INFO ][o.e.c.x.c.CborXContentTests] [testEnsureNoSelfReferences] before test
[2020-02-16T16:20:54,639][INFO ][o.e.c.x.c.CborXContentTests] [testEnsureNoSelfReferences] after test
[2020-02-16T16:20:54,658][INFO ][o.e.c.x.c.CborXContentTests] [testSelfReferencingIterableOneLevel] before test
[2020-02-16T16:20:54,659][INFO ][o.e.c.x.c.CborXContentTests] [testSelfReferencingIterableOneLevel] after test
[2020-02-16T16:20:54,662][INFO ][o.e.c.x.c.CborXContentTests] [testRawValue] before test
[2020-02-16T16:20:54,663][INFO ][o.e.c.x.c.CborXContentTests] [testRawValue] after test
[2020-02-16T16:20:54,675][INFO ][o.e.c.x.c.CborXContentTests] [testRepeatedMapsAndNoSelfReferences] before test
[2020-02-16T16:20:54,675][INFO ][o.e.c.x.c.CborXContentTests] [testRepeatedMapsAndNoSelfReferences] after test
[2020-02-16T16:20:54,680][INFO ][o.e.c.x.c.CborXContentTests] [testStartEndObject] before test
[2020-02-16T16:20:54,686][INFO ][o.e.c.x.c.CborXContentTests] [testStartEndObject] after test
[2020-02-16T16:20:54,688][INFO ][o.e.c.x.c.CborXContentTests] [testBinaryField] before test
[2020-02-16T16:20:54,689][INFO ][o.e.c.x.c.CborXContentTests] [testBinaryField] after test
]]></system-out>
  <system-err><![CDATA[]]></system-err>
</testsuite>
