<?xml version="1.0" encoding="UTF-8"?>
<testsuite name="org.elasticsearch.index.IndexTests" tests="3" skipped="0" failures="0" errors="0" timestamp="2020-02-16T22:22:12" hostname="Escoto-PC" time="0.008">
  <properties/>
  <testcase name="testToString" classname="org.elasticsearch.index.IndexTests" time="0.003"/>
  <testcase name="testEquals" classname="org.elasticsearch.index.IndexTests" time="0.003"/>
  <testcase name="testXContent" classname="org.elasticsearch.index.IndexTests" time="0.002"/>
  <system-out><![CDATA[[2020-02-17T07:22:12,550][INFO ][o.e.i.IndexTests         ] [testToString] before test
[2020-02-17T07:22:12,551][INFO ][o.e.i.IndexTests         ] [testToString] after test
[2020-02-17T07:22:12,554][INFO ][o.e.i.IndexTests         ] [testEquals] before test
[2020-02-17T07:22:12,554][INFO ][o.e.i.IndexTests         ] [testEquals] after test
[2020-02-17T07:22:12,556][INFO ][o.e.i.IndexTests         ] [testXContent] before test
[2020-02-17T07:22:12,556][INFO ][o.e.i.IndexTests         ] [testXContent] after test
]]></system-out>
  <system-err><![CDATA[]]></system-err>
</testsuite>
