<?xml version="1.0" encoding="UTF-8"?>
<testsuite name="org.elasticsearch.common.unit.ByteSizeValueTests" tests="26" skipped="0" failures="0" errors="0" timestamp="2020-02-16T22:21:54" hostname="Escoto-PC" time="0.194">
  <properties/>
  <testcase name="testGetBytesAsInt" classname="org.elasticsearch.common.unit.ByteSizeValueTests" time="0.01"/>
  <testcase name="testParseInvalidValue" classname="org.elasticsearch.common.unit.ByteSizeValueTests" time="0.003"/>
  <testcase name="testActual" classname="org.elasticsearch.common.unit.ByteSizeValueTests" time="0.003"/>
  <testcase name="testParsing" classname="org.elasticsearch.common.unit.ByteSizeValueTests" time="0.003"/>
  <testcase name="testEqualsAndHashcode" classname="org.elasticsearch.common.unit.ByteSizeValueTests" time="0.005"/>
  <testcase name="testParseDefaultValue" classname="org.elasticsearch.common.unit.ByteSizeValueTests" time="0.003"/>
  <testcase name="testParseFractionalNumber" classname="org.elasticsearch.common.unit.ByteSizeValueTests" time="0.011"/>
  <testcase name="testFailOnMissingUnits" classname="org.elasticsearch.common.unit.ByteSizeValueTests" time="0.026"/>
  <testcase name="testFailOnUnknownUnits" classname="org.elasticsearch.common.unit.ByteSizeValueTests" time="0.005"/>
  <testcase name="testNoDotsAllowed" classname="org.elasticsearch.common.unit.ByteSizeValueTests" time="0.002"/>
  <testcase name="testActualTera" classname="org.elasticsearch.common.unit.ByteSizeValueTests" time="0.002"/>
  <testcase name="testToString" classname="org.elasticsearch.common.unit.ByteSizeValueTests" time="0.087"/>
  <testcase name="testParse" classname="org.elasticsearch.common.unit.ByteSizeValueTests" time="0.002"/>
  <testcase name="testParseInvalidNumber" classname="org.elasticsearch.common.unit.ByteSizeValueTests" time="0.002"/>
  <testcase name="testParseSpecialValues" classname="org.elasticsearch.common.unit.ByteSizeValueTests" time="0.002"/>
  <testcase name="testFailOnEmptyParsing" classname="org.elasticsearch.common.unit.ByteSizeValueTests" time="0.002"/>
  <testcase name="testSimple" classname="org.elasticsearch.common.unit.ByteSizeValueTests" time="0.001"/>
  <testcase name="testCompareValue" classname="org.elasticsearch.common.unit.ByteSizeValueTests" time="0.002"/>
  <testcase name="testOutOfRange" classname="org.elasticsearch.common.unit.ByteSizeValueTests" time="0.003"/>
  <testcase name="testActualPeta" classname="org.elasticsearch.common.unit.ByteSizeValueTests" time="0.002"/>
  <testcase name="testFailOnEmptyNumberParsing" classname="org.elasticsearch.common.unit.ByteSizeValueTests" time="0.002"/>
  <testcase name="testSerialization" classname="org.elasticsearch.common.unit.ByteSizeValueTests" time="0.002"/>
  <testcase name="testCompareEquality" classname="org.elasticsearch.common.unit.ByteSizeValueTests" time="0.002"/>
  <testcase name="testConversionHashCode" classname="org.elasticsearch.common.unit.ByteSizeValueTests" time="0.002"/>
  <testcase name="testCompareUnits" classname="org.elasticsearch.common.unit.ByteSizeValueTests" time="0.002"/>
  <testcase name="testEquality" classname="org.elasticsearch.common.unit.ByteSizeValueTests" time="0.002"/>
  <system-out><![CDATA[[2020-02-16T19:21:54,950][INFO ][o.e.c.u.ByteSizeValueTests] [testGetBytesAsInt] before test
[2020-02-16T19:21:54,957][INFO ][o.e.c.u.ByteSizeValueTests] [testGetBytesAsInt] after test
[2020-02-16T19:21:54,960][INFO ][o.e.c.u.ByteSizeValueTests] [testParseInvalidValue] before test
[2020-02-16T19:21:54,960][INFO ][o.e.c.u.ByteSizeValueTests] [testParseInvalidValue] after test
[2020-02-16T19:21:54,963][INFO ][o.e.c.u.ByteSizeValueTests] [testActual] before test
[2020-02-16T19:21:54,963][INFO ][o.e.c.u.ByteSizeValueTests] [testActual] after test
[2020-02-16T19:21:54,965][INFO ][o.e.c.u.ByteSizeValueTests] [testParsing] before test
[2020-02-16T19:21:54,966][INFO ][o.e.c.u.ByteSizeValueTests] [testParsing] after test
[2020-02-16T19:21:54,969][INFO ][o.e.c.u.ByteSizeValueTests] [testEqualsAndHashcode] before test
[2020-02-16T19:21:54,971][INFO ][o.e.c.u.ByteSizeValueTests] [testEqualsAndHashcode] after test
[2020-02-16T19:21:54,974][INFO ][o.e.c.u.ByteSizeValueTests] [testParseDefaultValue] before test
[2020-02-16T19:21:54,974][INFO ][o.e.c.u.ByteSizeValueTests] [testParseDefaultValue] after test
[2020-02-16T19:21:54,985][INFO ][o.e.c.u.ByteSizeValueTests] [testParseFractionalNumber] before test
[2020-02-16T19:21:54,985][WARN ][o.e.d.c.u.ByteSizeValue  ] [testParseFractionalNumber] Fractional bytes values are deprecated. Use non-fractional bytes values instead: [23.5tb] found for setting [test]
[2020-02-16T19:21:54,986][INFO ][o.e.c.u.ByteSizeValueTests] [testParseFractionalNumber] after test
[2020-02-16T19:21:55,012][INFO ][o.e.c.u.ByteSizeValueTests] [testFailOnMissingUnits] before test
[2020-02-16T19:21:55,012][INFO ][o.e.c.u.ByteSizeValueTests] [testFailOnMissingUnits] after test
[2020-02-16T19:21:55,016][INFO ][o.e.c.u.ByteSizeValueTests] [testFailOnUnknownUnits] before test
[2020-02-16T19:21:55,017][INFO ][o.e.c.u.ByteSizeValueTests] [testFailOnUnknownUnits] after test
[2020-02-16T19:21:55,019][INFO ][o.e.c.u.ByteSizeValueTests] [testNoDotsAllowed] before test
[2020-02-16T19:21:55,019][INFO ][o.e.c.u.ByteSizeValueTests] [testNoDotsAllowed] after test
[2020-02-16T19:21:55,021][INFO ][o.e.c.u.ByteSizeValueTests] [testActualTera] before test
[2020-02-16T19:21:55,021][INFO ][o.e.c.u.ByteSizeValueTests] [testActualTera] after test
[2020-02-16T19:21:55,108][INFO ][o.e.c.u.ByteSizeValueTests] [testToString] before test
[2020-02-16T19:21:55,108][INFO ][o.e.c.u.ByteSizeValueTests] [testToString] after test
[2020-02-16T19:21:55,110][INFO ][o.e.c.u.ByteSizeValueTests] [testParse] before test
[2020-02-16T19:21:55,111][INFO ][o.e.c.u.ByteSizeValueTests] [testParse] after test
[2020-02-16T19:21:55,112][INFO ][o.e.c.u.ByteSizeValueTests] [testParseInvalidNumber] before test
[2020-02-16T19:21:55,113][INFO ][o.e.c.u.ByteSizeValueTests] [testParseInvalidNumber] after test
[2020-02-16T19:21:55,115][INFO ][o.e.c.u.ByteSizeValueTests] [testParseSpecialValues] before test
[2020-02-16T19:21:55,115][INFO ][o.e.c.u.ByteSizeValueTests] [testParseSpecialValues] after test
[2020-02-16T19:21:55,117][INFO ][o.e.c.u.ByteSizeValueTests] [testFailOnEmptyParsing] before test
[2020-02-16T19:21:55,118][INFO ][o.e.c.u.ByteSizeValueTests] [testFailOnEmptyParsing] after test
[2020-02-16T19:21:55,119][INFO ][o.e.c.u.ByteSizeValueTests] [testSimple] before test
[2020-02-16T19:21:55,119][INFO ][o.e.c.u.ByteSizeValueTests] [testSimple] after test
[2020-02-16T19:21:55,121][INFO ][o.e.c.u.ByteSizeValueTests] [testCompareValue] before test
[2020-02-16T19:21:55,122][INFO ][o.e.c.u.ByteSizeValueTests] [testCompareValue] after test
[2020-02-16T19:21:55,123][INFO ][o.e.c.u.ByteSizeValueTests] [testOutOfRange] before test
[2020-02-16T19:21:55,125][INFO ][o.e.c.u.ByteSizeValueTests] [testOutOfRange] after test
[2020-02-16T19:21:55,127][INFO ][o.e.c.u.ByteSizeValueTests] [testActualPeta] before test
[2020-02-16T19:21:55,127][INFO ][o.e.c.u.ByteSizeValueTests] [testActualPeta] after test
[2020-02-16T19:21:55,129][INFO ][o.e.c.u.ByteSizeValueTests] [testFailOnEmptyNumberParsing] before test
[2020-02-16T19:21:55,130][INFO ][o.e.c.u.ByteSizeValueTests] [testFailOnEmptyNumberParsing] after test
[2020-02-16T19:21:55,132][INFO ][o.e.c.u.ByteSizeValueTests] [testSerialization] before test
[2020-02-16T19:21:55,132][INFO ][o.e.c.u.ByteSizeValueTests] [testSerialization] after test
[2020-02-16T19:21:55,134][INFO ][o.e.c.u.ByteSizeValueTests] [testCompareEquality] before test
[2020-02-16T19:21:55,134][INFO ][o.e.c.u.ByteSizeValueTests] [testCompareEquality] after test
[2020-02-16T19:21:55,136][INFO ][o.e.c.u.ByteSizeValueTests] [testConversionHashCode] before test
[2020-02-16T19:21:55,136][INFO ][o.e.c.u.ByteSizeValueTests] [testConversionHashCode] after test
[2020-02-16T19:21:55,139][INFO ][o.e.c.u.ByteSizeValueTests] [testCompareUnits] before test
[2020-02-16T19:21:55,139][INFO ][o.e.c.u.ByteSizeValueTests] [testCompareUnits] after test
[2020-02-16T19:21:55,141][INFO ][o.e.c.u.ByteSizeValueTests] [testEquality] before test
[2020-02-16T19:21:55,142][INFO ][o.e.c.u.ByteSizeValueTests] [testEquality] after test
]]></system-out>
  <system-err><![CDATA[]]></system-err>
</testsuite>
