<?xml version="1.0" encoding="UTF-8"?>
<testsuite name="org.elasticsearch.action.admin.cluster.reroute.ClusterRerouteResponseTests" tests="1" skipped="0" failures="0" errors="0" timestamp="2020-02-16T22:20:23" hostname="Escoto-PC" time="0.017">
  <properties/>
  <testcase name="testToXContent" classname="org.elasticsearch.action.admin.cluster.reroute.ClusterRerouteResponseTests" time="0.017"/>
  <system-out><![CDATA[[2020-02-17T00:20:23,625][INFO ][o.e.a.a.c.r.ClusterRerouteResponseTests] [testToXContent] before test
[2020-02-17T00:20:23,640][INFO ][o.e.a.a.c.r.ClusterRerouteResponseTests] [testToXContent] after test
]]></system-out>
  <system-err><![CDATA[]]></system-err>
</testsuite>
