<?xml version="1.0" encoding="UTF-8"?>
<testsuite name="org.elasticsearch.indices.cluster.IndicesClusterStateServiceRandomUpdatesTests" tests="3" skipped="0" failures="0" errors="0" timestamp="2020-02-16T22:24:42" hostname="Escoto-PC" time="0.446">
  <properties/>
  <testcase name="testJoiningNewClusterOnlyRemovesInMemoryIndexStructures" classname="org.elasticsearch.indices.cluster.IndicesClusterStateServiceRandomUpdatesTests" time="0.03"/>
  <testcase name="testInitializingPrimaryRemovesInitializingReplicaWithSameAID" classname="org.elasticsearch.indices.cluster.IndicesClusterStateServiceRandomUpdatesTests" time="0.029"/>
  <testcase name="testRandomClusterStateUpdates" classname="org.elasticsearch.indices.cluster.IndicesClusterStateServiceRandomUpdatesTests" time="0.387"/>
  <system-out><![CDATA[[2020-02-17T08:54:42,543][INFO ][o.e.i.c.IndicesClusterStateServiceRandomUpdatesTests] [testJoiningNewClusterOnlyRemovesInMemoryIndexStructures] before test
[2020-02-17T08:54:42,564][INFO ][o.e.i.c.IndicesClusterStateServiceRandomUpdatesTests] [testJoiningNewClusterOnlyRemovesInMemoryIndexStructures] after test
[2020-02-17T08:54:42,571][INFO ][o.e.i.c.IndicesClusterStateServiceRandomUpdatesTests] [testInitializingPrimaryRemovesInitializingReplicaWithSameAID] before test
[2020-02-17T08:54:42,572][INFO ][o.e.c.r.a.AllocationService] [testInitializingPrimaryRemovesInitializingReplicaWithSameAID] Cluster health status changed from [YELLOW] to [GREEN] (reason: [shards started [[index_kgquaugp][0]]]).
[2020-02-17T08:54:42,573][INFO ][o.e.c.m.MetaDataIndexStateService] [testInitializingPrimaryRemovesInitializingReplicaWithSameAID] closing indices [index_kgquaugp]
[2020-02-17T08:54:42,573][INFO ][o.e.c.m.MetaDataIndexStateService] [testInitializingPrimaryRemovesInitializingReplicaWithSameAID] completed closing of indices [index_kgquaugp]
[2020-02-17T08:54:42,574][INFO ][o.e.c.m.MetaDataIndexStateService] [testInitializingPrimaryRemovesInitializingReplicaWithSameAID] opening indices [[index_kgquaugp]]
[2020-02-17T08:54:42,575][INFO ][o.e.i.c.IndicesClusterStateServiceRandomUpdatesTests] [testInitializingPrimaryRemovesInitializingReplicaWithSameAID] after test
[2020-02-17T08:54:42,602][INFO ][o.e.i.c.IndicesClusterStateServiceRandomUpdatesTests] [testRandomClusterStateUpdates] before test
[2020-02-17T08:54:42,608][INFO ][o.e.i.c.IndicesClusterStateServiceRandomUpdatesTests] [testRandomClusterStateUpdates] Iteration 0
[2020-02-17T08:54:42,610][INFO ][o.e.c.m.MetaDataCreateIndexService] [testRandomClusterStateUpdates] [index_hptvjsntjpretoz] creating index, cause [api], templates [], shards [2]/[1], mappings []
[2020-02-17T08:54:42,611][INFO ][o.e.c.m.MetaDataCreateIndexService] [testRandomClusterStateUpdates] [index_jnmujbkqsxnkzai] creating index, cause [api], templates [], shards [1]/[1], mappings []
[2020-02-17T08:54:42,612][INFO ][o.e.c.m.MetaDataCreateIndexService] [testRandomClusterStateUpdates] [index_zbgctkdwzomzpca] creating index, cause [api], templates [], shards [3]/[1], mappings []
[2020-02-17T08:54:42,613][INFO ][o.e.c.r.a.AllocationService] [testRandomClusterStateUpdates] updating number_of_replicas to [2] for indices [index_zbgctkdwzomzpca]
[2020-02-17T08:54:42,613][INFO ][o.e.c.r.a.AllocationService] [testRandomClusterStateUpdates] Cluster health status changed from [YELLOW] to [RED] (reason: [index [index_zbgctkdwzomzpca] created]).
[2020-02-17T08:54:42,614][INFO ][o.e.c.m.MetaDataCreateIndexService] [testRandomClusterStateUpdates] [index_wtrgewzfoaaabug] creating index, cause [api], templates [], shards [1]/[1], mappings []
[2020-02-17T08:54:42,614][INFO ][o.e.c.r.a.AllocationService] [testRandomClusterStateUpdates] updating number_of_replicas to [2] for indices [index_wtrgewzfoaaabug]
[2020-02-17T08:54:42,615][INFO ][o.e.c.m.MetaDataDeleteIndexService] [testRandomClusterStateUpdates] [index_wtrgewzfoaaabug/HweResFqQrmq7VDPYwuEhA] deleting index
[2020-02-17T08:54:42,615][INFO ][o.e.c.m.MetaDataDeleteIndexService] [testRandomClusterStateUpdates] [index_zbgctkdwzomzpca/agKJLCIvTl6nCV4zk_eWfw] deleting index
[2020-02-17T08:54:42,615][INFO ][o.e.c.m.MetaDataIndexStateService] [testRandomClusterStateUpdates] closing indices [index_jnmujbkqsxnkzai/cwxthdi2RvGCGonv_Equ5A]
[2020-02-17T08:54:42,615][INFO ][o.e.c.m.MetaDataIndexStateService] [testRandomClusterStateUpdates] completed closing of indices [index_jnmujbkqsxnkzai]
[2020-02-17T08:54:42,616][INFO ][o.e.c.m.MetaDataCreateIndexService] [testRandomClusterStateUpdates] [index_ywojuzwtacbdlfz] creating index, cause [api], templates [], shards [3]/[2], mappings []
[2020-02-17T08:54:42,617][INFO ][o.e.c.m.MetaDataDeleteIndexService] [testRandomClusterStateUpdates] [index_ywojuzwtacbdlfz/I8UQMTXCRg2PbYUx01pJBg] deleting index
[2020-02-17T08:54:42,617][INFO ][o.e.c.m.MetaDataDeleteIndexService] [testRandomClusterStateUpdates] [index_hptvjsntjpretoz/qIv7XVQyTC-5rOM6YsBapQ] deleting index
[2020-02-17T08:54:42,618][INFO ][o.e.i.c.IndicesClusterStateServiceRandomUpdatesTests] [testRandomClusterStateUpdates] Iteration 1
[2020-02-17T08:54:42,619][INFO ][o.e.c.m.MetaDataCreateIndexService] [testRandomClusterStateUpdates] [index_zcdiwuklklsqflb] creating index, cause [api], templates [], shards [3]/[1], mappings []
[2020-02-17T08:54:42,620][INFO ][o.e.c.m.MetaDataCreateIndexService] [testRandomClusterStateUpdates] [index_jxmjvurjwidhfon] creating index, cause [api], templates [], shards [1]/[1], mappings []
[2020-02-17T08:54:42,621][INFO ][o.e.c.r.a.AllocationService] [testRandomClusterStateUpdates] updating number_of_replicas to [2] for indices [index_jxmjvurjwidhfon]
[2020-02-17T08:54:42,622][INFO ][o.e.c.m.MetaDataCreateIndexService] [testRandomClusterStateUpdates] [index_fegwqjttyjlxqpt] creating index, cause [api], templates [], shards [3]/[1], mappings []
[2020-02-17T08:54:42,622][INFO ][o.e.c.r.a.AllocationService] [testRandomClusterStateUpdates] updating number_of_replicas to [2] for indices [index_fegwqjttyjlxqpt]
[2020-02-17T08:54:42,622][INFO ][o.e.c.r.a.AllocationService] [testRandomClusterStateUpdates] Cluster health status changed from [YELLOW] to [RED] (reason: [index [index_fegwqjttyjlxqpt] created]).
[2020-02-17T08:54:42,623][INFO ][o.e.c.m.MetaDataDeleteIndexService] [testRandomClusterStateUpdates] [index_zcdiwuklklsqflb/DOPRPiL1St6GhJic7RnCeg] deleting index
[2020-02-17T08:54:42,623][INFO ][o.e.c.m.MetaDataDeleteIndexService] [testRandomClusterStateUpdates] [index_jnmujbkqsxnkzai/cwxthdi2RvGCGonv_Equ5A] deleting index
[2020-02-17T08:54:42,625][INFO ][o.e.i.c.IndicesClusterStateServiceRandomUpdatesTests] [testRandomClusterStateUpdates] Iteration 2
[2020-02-17T08:54:42,626][INFO ][o.e.c.m.MetaDataCreateIndexService] [testRandomClusterStateUpdates] [index_hamxtpefdeisohh] creating index, cause [api], templates [], shards [3]/[2], mappings []
[2020-02-17T08:54:42,627][INFO ][o.e.c.m.MetaDataCreateIndexService] [testRandomClusterStateUpdates] [index_qicyithjvjihjpd] creating index, cause [api], templates [], shards [2]/[0], mappings []
[2020-02-17T08:54:42,628][INFO ][o.e.c.m.MetaDataCreateIndexService] [testRandomClusterStateUpdates] [index_fttuupeeqysktze] creating index, cause [api], templates [], shards [2]/[0], mappings []
[2020-02-17T08:54:42,634][INFO ][o.e.c.m.MetaDataCreateIndexService] [testRandomClusterStateUpdates] [index_luagpjlrrjgovei] creating index, cause [api], templates [], shards [3]/[1], mappings []
[2020-02-17T08:54:42,634][INFO ][o.e.c.r.a.AllocationService] [testRandomClusterStateUpdates] updating number_of_replicas to [2] for indices [index_luagpjlrrjgovei]
[2020-02-17T08:54:42,635][INFO ][o.e.c.m.MetaDataUpdateSettingsService] [testRandomClusterStateUpdates] updating number_of_replicas to [2] for indices [index_luagpjlrrjgovei]
[2020-02-17T08:54:42,636][WARN ][o.e.c.r.a.AllocationService] [testRandomClusterStateUpdates] failing shard [failed shard, shard [index_fegwqjttyjlxqpt][1], node[node_006], [P], recovery_source[new shard recovery], s[INITIALIZING], a[id=S1oI4cz_SIu0k3Y7MfCEsQ], unassigned_info[[reason=INDEX_CREATED], at[2020-02-16T22:24:42.622Z], delayed=false, allocation_status[deciders_no]], message [fake shard failure], failure [Exception[null]], markAsStale [false]]
java.lang.Exception: null
	at org.elasticsearch.indices.cluster.IndicesClusterStateServiceRandomUpdatesTests.randomlyUpdateClusterState(IndicesClusterStateServiceRandomUpdatesTests.java:400) [test/:?]
	at org.elasticsearch.indices.cluster.IndicesClusterStateServiceRandomUpdatesTests.testRandomClusterStateUpdates(IndicesClusterStateServiceRandomUpdatesTests.java:116) [test/:?]
	at jdk.internal.reflect.NativeMethodAccessorImpl.invoke0(Native Method) ~[?:?]
	at jdk.internal.reflect.NativeMethodAccessorImpl.invoke(NativeMethodAccessorImpl.java:62) ~[?:?]
	at jdk.internal.reflect.DelegatingMethodAccessorImpl.invoke(DelegatingMethodAccessorImpl.java:43) ~[?:?]
	at java.lang.reflect.Method.invoke(Method.java:567) ~[?:?]
	at com.carrotsearch.randomizedtesting.RandomizedRunner.invoke(RandomizedRunner.java:1750) [randomizedtesting-runner-2.7.1.jar:?]
	at com.carrotsearch.randomizedtesting.RandomizedRunner$8.evaluate(RandomizedRunner.java:938) [randomizedtesting-runner-2.7.1.jar:?]
	at com.carrotsearch.randomizedtesting.RandomizedRunner$9.evaluate(RandomizedRunner.java:974) [randomizedtesting-runner-2.7.1.jar:?]
	at com.carrotsearch.randomizedtesting.RandomizedRunner$10.evaluate(RandomizedRunner.java:988) [randomizedtesting-runner-2.7.1.jar:?]
	at com.carrotsearch.randomizedtesting.rules.StatementAdapter.evaluate(StatementAdapter.java:36) [randomizedtesting-runner-2.7.1.jar:?]
	at org.apache.lucene.util.TestRuleSetupTeardownChained$1.evaluate(TestRuleSetupTeardownChained.java:49) [lucene-test-framework-8.3.0.jar:8.3.0 2aa586909b911e66e1d8863aa89f173d69f86cd2 - ishan - 2019-10-25 23:10:05]
	at org.apache.lucene.util.AbstractBeforeAfterRule$1.evaluate(AbstractBeforeAfterRule.java:45) [lucene-test-framework-8.3.0.jar:8.3.0 2aa586909b911e66e1d8863aa89f173d69f86cd2 - ishan - 2019-10-25 23:10:05]
	at org.apache.lucene.util.TestRuleThreadAndTestName$1.evaluate(TestRuleThreadAndTestName.java:48) [lucene-test-framework-8.3.0.jar:8.3.0 2aa586909b911e66e1d8863aa89f173d69f86cd2 - ishan - 2019-10-25 23:10:05]
	at org.apache.lucene.util.TestRuleIgnoreAfterMaxFailures$1.evaluate(TestRuleIgnoreAfterMaxFailures.java:64) [lucene-test-framework-8.3.0.jar:8.3.0 2aa586909b911e66e1d8863aa89f173d69f86cd2 - ishan - 2019-10-25 23:10:05]
	at org.apache.lucene.util.TestRuleMarkFailure$1.evaluate(TestRuleMarkFailure.java:47) [lucene-test-framework-8.3.0.jar:8.3.0 2aa586909b911e66e1d8863aa89f173d69f86cd2 - ishan - 2019-10-25 23:10:05]
	at com.carrotsearch.randomizedtesting.rules.StatementAdapter.evaluate(StatementAdapter.java:36) [randomizedtesting-runner-2.7.1.jar:?]
	at com.carrotsearch.randomizedtesting.ThreadLeakControl$StatementRunner.run(ThreadLeakControl.java:368) [randomizedtesting-runner-2.7.1.jar:?]
	at com.carrotsearch.randomizedtesting.ThreadLeakControl.forkTimeoutingTask(ThreadLeakControl.java:817) [randomizedtesting-runner-2.7.1.jar:?]
	at com.carrotsearch.randomizedtesting.ThreadLeakControl$3.evaluate(ThreadLeakControl.java:468) [randomizedtesting-runner-2.7.1.jar:?]
	at com.carrotsearch.randomizedtesting.RandomizedRunner.runSingleTest(RandomizedRunner.java:947) [randomizedtesting-runner-2.7.1.jar:?]
	at com.carrotsearch.randomizedtesting.RandomizedRunner$5.evaluate(RandomizedRunner.java:832) [randomizedtesting-runner-2.7.1.jar:?]
	at com.carrotsearch.randomizedtesting.RandomizedRunner$6.evaluate(RandomizedRunner.java:883) [randomizedtesting-runner-2.7.1.jar:?]
	at com.carrotsearch.randomizedtesting.RandomizedRunner$7.evaluate(RandomizedRunner.java:894) [randomizedtesting-runner-2.7.1.jar:?]
	at org.apache.lucene.util.AbstractBeforeAfterRule$1.evaluate(AbstractBeforeAfterRule.java:45) [lucene-test-framework-8.3.0.jar:8.3.0 2aa586909b911e66e1d8863aa89f173d69f86cd2 - ishan - 2019-10-25 23:10:05]
	at com.carrotsearch.randomizedtesting.rules.StatementAdapter.evaluate(StatementAdapter.java:36) [randomizedtesting-runner-2.7.1.jar:?]
	at org.apache.lucene.util.TestRuleStoreClassName$1.evaluate(TestRuleStoreClassName.java:41) [lucene-test-framework-8.3.0.jar:8.3.0 2aa586909b911e66e1d8863aa89f173d69f86cd2 - ishan - 2019-10-25 23:10:05]
	at com.carrotsearch.randomizedtesting.rules.NoShadowingOrOverridesOnMethodsRule$1.evaluate(NoShadowingOrOverridesOnMethodsRule.java:40) [randomizedtesting-runner-2.7.1.jar:?]
	at com.carrotsearch.randomizedtesting.rules.NoShadowingOrOverridesOnMethodsRule$1.evaluate(NoShadowingOrOverridesOnMethodsRule.java:40) [randomizedtesting-runner-2.7.1.jar:?]
	at com.carrotsearch.randomizedtesting.rules.StatementAdapter.evaluate(StatementAdapter.java:36) [randomizedtesting-runner-2.7.1.jar:?]
	at com.carrotsearch.randomizedtesting.rules.StatementAdapter.evaluate(StatementAdapter.java:36) [randomizedtesting-runner-2.7.1.jar:?]
	at org.apache.lucene.util.TestRuleAssertionsRequired$1.evaluate(TestRuleAssertionsRequired.java:53) [lucene-test-framework-8.3.0.jar:8.3.0 2aa586909b911e66e1d8863aa89f173d69f86cd2 - ishan - 2019-10-25 23:10:05]
	at org.apache.lucene.util.TestRuleMarkFailure$1.evaluate(TestRuleMarkFailure.java:47) [lucene-test-framework-8.3.0.jar:8.3.0 2aa586909b911e66e1d8863aa89f173d69f86cd2 - ishan - 2019-10-25 23:10:05]
	at org.apache.lucene.util.TestRuleIgnoreAfterMaxFailures$1.evaluate(TestRuleIgnoreAfterMaxFailures.java:64) [lucene-test-framework-8.3.0.jar:8.3.0 2aa586909b911e66e1d8863aa89f173d69f86cd2 - ishan - 2019-10-25 23:10:05]
	at org.apache.lucene.util.TestRuleIgnoreTestSuites$1.evaluate(TestRuleIgnoreTestSuites.java:54) [lucene-test-framework-8.3.0.jar:8.3.0 2aa586909b911e66e1d8863aa89f173d69f86cd2 - ishan - 2019-10-25 23:10:05]
	at com.carrotsearch.randomizedtesting.rules.StatementAdapter.evaluate(StatementAdapter.java:36) [randomizedtesting-runner-2.7.1.jar:?]
	at com.carrotsearch.randomizedtesting.ThreadLeakControl$StatementRunner.run(ThreadLeakControl.java:368) [randomizedtesting-runner-2.7.1.jar:?]
	at java.lang.Thread.run(Thread.java:835) [?:?]
[2020-02-17T08:54:42,639][INFO ][o.e.i.c.IndicesClusterStateServiceRandomUpdatesTests] [testRandomClusterStateUpdates] Iteration 3
[2020-02-17T08:54:42,640][INFO ][o.e.c.m.MetaDataCreateIndexService] [testRandomClusterStateUpdates] [index_uuhqanrlvgkchcx] creating index, cause [api], templates [], shards [1]/[2], mappings []
[2020-02-17T08:54:42,640][INFO ][o.e.c.m.MetaDataDeleteIndexService] [testRandomClusterStateUpdates] [index_jxmjvurjwidhfon/rMVhbIYGSKu0B8LxvMwUiw] deleting index
[2020-02-17T08:54:42,640][INFO ][o.e.c.m.MetaDataDeleteIndexService] [testRandomClusterStateUpdates] [index_luagpjlrrjgovei/VyLO3iBBT7CqaY5f89dcow] deleting index
[2020-02-17T08:54:42,644][INFO ][o.e.i.c.IndicesClusterStateServiceRandomUpdatesTests] [testRandomClusterStateUpdates] Iteration 4
[2020-02-17T08:54:42,644][INFO ][o.e.c.m.MetaDataIndexStateService] [testRandomClusterStateUpdates] closing indices [index_fegwqjttyjlxqpt/SKMQQ2WUQbmEyoppl57wKQ]
[2020-02-17T08:54:42,644][INFO ][o.e.c.m.MetaDataIndexStateService] [testRandomClusterStateUpdates] completed closing of indices [index_fegwqjttyjlxqpt]
[2020-02-17T08:54:42,646][INFO ][o.e.i.c.IndicesClusterStateServiceRandomUpdatesTests] [testRandomClusterStateUpdates] Iteration 5
[2020-02-17T08:54:42,647][INFO ][o.e.c.m.MetaDataCreateIndexService] [testRandomClusterStateUpdates] [index_ebofeattygammbm] creating index, cause [api], templates [], shards [3]/[1], mappings []
[2020-02-17T08:54:42,647][INFO ][o.e.c.r.a.AllocationService] [testRandomClusterStateUpdates] updating number_of_replicas to [2] for indices [index_ebofeattygammbm]
[2020-02-17T08:54:42,648][INFO ][o.e.c.m.MetaDataCreateIndexService] [testRandomClusterStateUpdates] [index_wuswjvknqtdgvfu] creating index, cause [api], templates [], shards [2]/[0], mappings []
[2020-02-17T08:54:42,649][INFO ][o.e.c.m.MetaDataCreateIndexService] [testRandomClusterStateUpdates] [index_awickixxvotwdmg] creating index, cause [api], templates [], shards [1]/[1], mappings []
[2020-02-17T08:54:42,649][INFO ][o.e.c.r.a.AllocationService] [testRandomClusterStateUpdates] updating number_of_replicas to [2] for indices [index_awickixxvotwdmg]
[2020-02-17T08:54:42,650][INFO ][o.e.c.m.MetaDataDeleteIndexService] [testRandomClusterStateUpdates] [index_uuhqanrlvgkchcx/yvJkTMZxT9-oWdYJVP4mQw] deleting index
[2020-02-17T08:54:42,650][INFO ][o.e.c.m.MetaDataIndexStateService] [testRandomClusterStateUpdates] closing indices [index_wuswjvknqtdgvfu/HAB5PEYwQgmKtdEBdwueaw]
[2020-02-17T08:54:42,651][INFO ][o.e.c.m.MetaDataIndexStateService] [testRandomClusterStateUpdates] completed closing of indices [index_wuswjvknqtdgvfu]
[2020-02-17T08:54:42,651][INFO ][o.e.c.m.MetaDataUpdateSettingsService] [testRandomClusterStateUpdates] updating number_of_replicas to [2] for indices [index_hamxtpefdeisohh, index_fttuupeeqysktze]
[2020-02-17T08:54:42,653][INFO ][o.e.c.m.MetaDataCreateIndexService] [testRandomClusterStateUpdates] [index_tcwyaelshhfocqs] creating index, cause [api], templates [], shards [3]/[1], mappings []
[2020-02-17T08:54:42,654][INFO ][o.e.c.m.MetaDataCreateIndexService] [testRandomClusterStateUpdates] [index_oenvwbunxesyqcv] creating index, cause [api], templates [], shards [3]/[1], mappings []
[2020-02-17T08:54:42,654][INFO ][o.e.c.r.a.AllocationService] [testRandomClusterStateUpdates] updating number_of_replicas to [2] for indices [index_oenvwbunxesyqcv]
[2020-02-17T08:54:42,655][INFO ][o.e.c.m.MetaDataDeleteIndexService] [testRandomClusterStateUpdates] [index_awickixxvotwdmg/BpUDaJNVRySJRDz_cP7JpQ] deleting index
[2020-02-17T08:54:42,656][INFO ][o.e.c.s.IndexScopedSettings] [testRandomClusterStateUpdates] updating [index.refresh_interval] from [1s] to [5s]
[2020-02-17T08:54:42,656][INFO ][o.e.c.s.IndexScopedSettings] [testRandomClusterStateUpdates] updating [index.refresh_interval] from [1s] to [5s]
[2020-02-17T08:54:42,657][INFO ][o.e.c.s.IndexScopedSettings] [testRandomClusterStateUpdates] updating [index.refresh_interval] from [1s] to [5s]
[2020-02-17T08:54:42,657][INFO ][o.e.c.s.IndexScopedSettings] [testRandomClusterStateUpdates] updating [index.refresh_interval] from [1s] to [5s]
[2020-02-17T08:54:42,658][INFO ][o.e.c.s.IndexScopedSettings] [testRandomClusterStateUpdates] updating [index.refresh_interval] from [1s] to [5s]
[2020-02-17T08:54:42,659][INFO ][o.e.i.c.IndicesClusterStateServiceRandomUpdatesTests] [testRandomClusterStateUpdates] Iteration 6
[2020-02-17T08:54:42,660][INFO ][o.e.c.m.MetaDataCreateIndexService] [testRandomClusterStateUpdates] [index_xptalchbwjlwnsc] creating index, cause [api], templates [], shards [3]/[0], mappings []
[2020-02-17T08:54:42,661][INFO ][o.e.c.m.MetaDataCreateIndexService] [testRandomClusterStateUpdates] [index_wqccqwqbcjwydhy] creating index, cause [api], templates [], shards [3]/[2], mappings []
[2020-02-17T08:54:42,662][INFO ][o.e.c.m.MetaDataIndexStateService] [testRandomClusterStateUpdates] completed closing of indices []
[2020-02-17T08:54:42,663][INFO ][o.e.c.m.MetaDataUpdateSettingsService] [testRandomClusterStateUpdates] updating number_of_replicas to [1] for indices [index_oenvwbunxesyqcv]
[2020-02-17T08:54:42,663][INFO ][o.e.c.r.a.AllocationService] [testRandomClusterStateUpdates] updating number_of_replicas to [2] for indices [index_oenvwbunxesyqcv]
[2020-02-17T08:54:42,665][INFO ][o.e.c.m.MetaDataCreateIndexService] [testRandomClusterStateUpdates] [index_qvlycrkjuzxlpti] creating index, cause [api], templates [], shards [2]/[1], mappings []
[2020-02-17T08:54:42,665][INFO ][o.e.c.r.a.AllocationService] [testRandomClusterStateUpdates] updating number_of_replicas to [2] for indices [index_qvlycrkjuzxlpti]
[2020-02-17T08:54:42,666][INFO ][o.e.c.m.MetaDataCreateIndexService] [testRandomClusterStateUpdates] [index_ghyiajppjozqwbk] creating index, cause [api], templates [], shards [2]/[1], mappings []
[2020-02-17T08:54:42,666][INFO ][o.e.c.r.a.AllocationService] [testRandomClusterStateUpdates] updating number_of_replicas to [2] for indices [index_ghyiajppjozqwbk]
[2020-02-17T08:54:42,668][INFO ][o.e.c.m.MetaDataCreateIndexService] [testRandomClusterStateUpdates] [index_wmtrcpprssieetl] creating index, cause [api], templates [], shards [1]/[1], mappings []
[2020-02-17T08:54:42,669][INFO ][o.e.c.m.MetaDataDeleteIndexService] [testRandomClusterStateUpdates] [index_qvlycrkjuzxlpti/7o1frSc4RN2LxQ1C75f6eg] deleting index
[2020-02-17T08:54:42,669][INFO ][o.e.c.m.MetaDataIndexStateService] [testRandomClusterStateUpdates] closing indices [index_wqccqwqbcjwydhy/CKF5cGLBSp6ZZCO2ymyaCQ]
[2020-02-17T08:54:42,669][INFO ][o.e.c.m.MetaDataIndexStateService] [testRandomClusterStateUpdates] completed closing of indices [index_wqccqwqbcjwydhy]
[2020-02-17T08:54:42,670][WARN ][o.e.c.r.a.AllocationService] [testRandomClusterStateUpdates] failing shard [failed shard, shard [index_qicyithjvjihjpd][1], node[node_002], relocating [node_006], [P], s[RELOCATING], a[id=smDTPa_zROWdCQHfk8oncQ, rId=W08Xw-vmRt-aK9VTXhK_Xg], message [fake shard failure], failure [Exception[null]], markAsStale [true]]
java.lang.Exception: null
	at org.elasticsearch.indices.cluster.IndicesClusterStateServiceRandomUpdatesTests.randomlyUpdateClusterState(IndicesClusterStateServiceRandomUpdatesTests.java:400) [test/:?]
	at org.elasticsearch.indices.cluster.IndicesClusterStateServiceRandomUpdatesTests.testRandomClusterStateUpdates(IndicesClusterStateServiceRandomUpdatesTests.java:116) [test/:?]
	at jdk.internal.reflect.NativeMethodAccessorImpl.invoke0(Native Method) ~[?:?]
	at jdk.internal.reflect.NativeMethodAccessorImpl.invoke(NativeMethodAccessorImpl.java:62) ~[?:?]
	at jdk.internal.reflect.DelegatingMethodAccessorImpl.invoke(DelegatingMethodAccessorImpl.java:43) ~[?:?]
	at java.lang.reflect.Method.invoke(Method.java:567) ~[?:?]
	at com.carrotsearch.randomizedtesting.RandomizedRunner.invoke(RandomizedRunner.java:1750) [randomizedtesting-runner-2.7.1.jar:?]
	at com.carrotsearch.randomizedtesting.RandomizedRunner$8.evaluate(RandomizedRunner.java:938) [randomizedtesting-runner-2.7.1.jar:?]
	at com.carrotsearch.randomizedtesting.RandomizedRunner$9.evaluate(RandomizedRunner.java:974) [randomizedtesting-runner-2.7.1.jar:?]
	at com.carrotsearch.randomizedtesting.RandomizedRunner$10.evaluate(RandomizedRunner.java:988) [randomizedtesting-runner-2.7.1.jar:?]
	at com.carrotsearch.randomizedtesting.rules.StatementAdapter.evaluate(StatementAdapter.java:36) [randomizedtesting-runner-2.7.1.jar:?]
	at org.apache.lucene.util.TestRuleSetupTeardownChained$1.evaluate(TestRuleSetupTeardownChained.java:49) [lucene-test-framework-8.3.0.jar:8.3.0 2aa586909b911e66e1d8863aa89f173d69f86cd2 - ishan - 2019-10-25 23:10:05]
	at org.apache.lucene.util.AbstractBeforeAfterRule$1.evaluate(AbstractBeforeAfterRule.java:45) [lucene-test-framework-8.3.0.jar:8.3.0 2aa586909b911e66e1d8863aa89f173d69f86cd2 - ishan - 2019-10-25 23:10:05]
	at org.apache.lucene.util.TestRuleThreadAndTestName$1.evaluate(TestRuleThreadAndTestName.java:48) [lucene-test-framework-8.3.0.jar:8.3.0 2aa586909b911e66e1d8863aa89f173d69f86cd2 - ishan - 2019-10-25 23:10:05]
	at org.apache.lucene.util.TestRuleIgnoreAfterMaxFailures$1.evaluate(TestRuleIgnoreAfterMaxFailures.java:64) [lucene-test-framework-8.3.0.jar:8.3.0 2aa586909b911e66e1d8863aa89f173d69f86cd2 - ishan - 2019-10-25 23:10:05]
	at org.apache.lucene.util.TestRuleMarkFailure$1.evaluate(TestRuleMarkFailure.java:47) [lucene-test-framework-8.3.0.jar:8.3.0 2aa586909b911e66e1d8863aa89f173d69f86cd2 - ishan - 2019-10-25 23:10:05]
	at com.carrotsearch.randomizedtesting.rules.StatementAdapter.evaluate(StatementAdapter.java:36) [randomizedtesting-runner-2.7.1.jar:?]
	at com.carrotsearch.randomizedtesting.ThreadLeakControl$StatementRunner.run(ThreadLeakControl.java:368) [randomizedtesting-runner-2.7.1.jar:?]
	at com.carrotsearch.randomizedtesting.ThreadLeakControl.forkTimeoutingTask(ThreadLeakControl.java:817) [randomizedtesting-runner-2.7.1.jar:?]
	at com.carrotsearch.randomizedtesting.ThreadLeakControl$3.evaluate(ThreadLeakControl.java:468) [randomizedtesting-runner-2.7.1.jar:?]
	at com.carrotsearch.randomizedtesting.RandomizedRunner.runSingleTest(RandomizedRunner.java:947) [randomizedtesting-runner-2.7.1.jar:?]
	at com.carrotsearch.randomizedtesting.RandomizedRunner$5.evaluate(RandomizedRunner.java:832) [randomizedtesting-runner-2.7.1.jar:?]
	at com.carrotsearch.randomizedtesting.RandomizedRunner$6.evaluate(RandomizedRunner.java:883) [randomizedtesting-runner-2.7.1.jar:?]
	at com.carrotsearch.randomizedtesting.RandomizedRunner$7.evaluate(RandomizedRunner.java:894) [randomizedtesting-runner-2.7.1.jar:?]
	at org.apache.lucene.util.AbstractBeforeAfterRule$1.evaluate(AbstractBeforeAfterRule.java:45) [lucene-test-framework-8.3.0.jar:8.3.0 2aa586909b911e66e1d8863aa89f173d69f86cd2 - ishan - 2019-10-25 23:10:05]
	at com.carrotsearch.randomizedtesting.rules.StatementAdapter.evaluate(StatementAdapter.java:36) [randomizedtesting-runner-2.7.1.jar:?]
	at org.apache.lucene.util.TestRuleStoreClassName$1.evaluate(TestRuleStoreClassName.java:41) [lucene-test-framework-8.3.0.jar:8.3.0 2aa586909b911e66e1d8863aa89f173d69f86cd2 - ishan - 2019-10-25 23:10:05]
	at com.carrotsearch.randomizedtesting.rules.NoShadowingOrOverridesOnMethodsRule$1.evaluate(NoShadowingOrOverridesOnMethodsRule.java:40) [randomizedtesting-runner-2.7.1.jar:?]
	at com.carrotsearch.randomizedtesting.rules.NoShadowingOrOverridesOnMethodsRule$1.evaluate(NoShadowingOrOverridesOnMethodsRule.java:40) [randomizedtesting-runner-2.7.1.jar:?]
	at com.carrotsearch.randomizedtesting.rules.StatementAdapter.evaluate(StatementAdapter.java:36) [randomizedtesting-runner-2.7.1.jar:?]
	at com.carrotsearch.randomizedtesting.rules.StatementAdapter.evaluate(StatementAdapter.java:36) [randomizedtesting-runner-2.7.1.jar:?]
	at org.apache.lucene.util.TestRuleAssertionsRequired$1.evaluate(TestRuleAssertionsRequired.java:53) [lucene-test-framework-8.3.0.jar:8.3.0 2aa586909b911e66e1d8863aa89f173d69f86cd2 - ishan - 2019-10-25 23:10:05]
	at org.apache.lucene.util.TestRuleMarkFailure$1.evaluate(TestRuleMarkFailure.java:47) [lucene-test-framework-8.3.0.jar:8.3.0 2aa586909b911e66e1d8863aa89f173d69f86cd2 - ishan - 2019-10-25 23:10:05]
	at org.apache.lucene.util.TestRuleIgnoreAfterMaxFailures$1.evaluate(TestRuleIgnoreAfterMaxFailures.java:64) [lucene-test-framework-8.3.0.jar:8.3.0 2aa586909b911e66e1d8863aa89f173d69f86cd2 - ishan - 2019-10-25 23:10:05]
	at org.apache.lucene.util.TestRuleIgnoreTestSuites$1.evaluate(TestRuleIgnoreTestSuites.java:54) [lucene-test-framework-8.3.0.jar:8.3.0 2aa586909b911e66e1d8863aa89f173d69f86cd2 - ishan - 2019-10-25 23:10:05]
	at com.carrotsearch.randomizedtesting.rules.StatementAdapter.evaluate(StatementAdapter.java:36) [randomizedtesting-runner-2.7.1.jar:?]
	at com.carrotsearch.randomizedtesting.ThreadLeakControl$StatementRunner.run(ThreadLeakControl.java:368) [randomizedtesting-runner-2.7.1.jar:?]
	at java.lang.Thread.run(Thread.java:835) [?:?]
[2020-02-17T08:54:42,672][INFO ][o.e.c.s.IndexScopedSettings] [testRandomClusterStateUpdates] updating [index.refresh_interval] from [1s] to [4s]
[2020-02-17T08:54:42,673][INFO ][o.e.c.s.IndexScopedSettings] [testRandomClusterStateUpdates] updating [index.refresh_interval] from [1s] to [4s]
[2020-02-17T08:54:42,675][INFO ][o.e.i.c.IndicesClusterStateServiceRandomUpdatesTests] [testRandomClusterStateUpdates] Iteration 7
[2020-02-17T08:54:42,676][INFO ][o.e.i.c.IndicesClusterStateServiceRandomUpdatesTests] [testRandomClusterStateUpdates] Iteration 8
[2020-02-17T08:54:42,677][INFO ][o.e.c.m.MetaDataCreateIndexService] [testRandomClusterStateUpdates] [index_dvbjfesatpyabbt] creating index, cause [api], templates [], shards [2]/[1], mappings []
[2020-02-17T08:54:42,677][INFO ][o.e.c.r.a.AllocationService] [testRandomClusterStateUpdates] updating number_of_replicas to [2] for indices [index_dvbjfesatpyabbt]
[2020-02-17T08:54:42,678][INFO ][o.e.c.m.MetaDataDeleteIndexService] [testRandomClusterStateUpdates] [index_fegwqjttyjlxqpt/SKMQQ2WUQbmEyoppl57wKQ] deleting index
[2020-02-17T08:54:42,679][INFO ][o.e.c.m.MetaDataIndexStateService] [testRandomClusterStateUpdates] opening indices [[index_wuswjvknqtdgvfu/HAB5PEYwQgmKtdEBdwueaw]]
[2020-02-17T08:54:42,680][INFO ][o.e.c.m.MetaDataUpdateSettingsService] [testRandomClusterStateUpdates] updating number_of_replicas to [2] for indices [index_wuswjvknqtdgvfu]
[2020-02-17T08:54:42,682][INFO ][o.e.c.m.MetaDataCreateIndexService] [testRandomClusterStateUpdates] [index_zhvvwlfkbxukouf] creating index, cause [api], templates [], shards [1]/[2], mappings []
[2020-02-17T08:54:42,683][INFO ][o.e.c.m.MetaDataDeleteIndexService] [testRandomClusterStateUpdates] [index_ebofeattygammbm/bd5TENgARpyZdyLQkxq2cQ] deleting index
[2020-02-17T08:54:42,684][INFO ][o.e.c.m.MetaDataUpdateSettingsService] [testRandomClusterStateUpdates] updating number_of_replicas to [1] for indices [index_hamxtpefdeisohh]
[2020-02-17T08:54:42,686][INFO ][o.e.c.s.IndexScopedSettings] [testRandomClusterStateUpdates] updating [index.refresh_interval] from [5s] to [1s]
[2020-02-17T08:54:42,687][INFO ][o.e.c.s.IndexScopedSettings] [testRandomClusterStateUpdates] updating [index.refresh_interval] from [5s] to [1s]
[2020-02-17T08:54:42,689][INFO ][o.e.c.s.IndexScopedSettings] [testRandomClusterStateUpdates] updating [index.refresh_interval] from [5s] to [1s]
[2020-02-17T08:54:42,690][INFO ][o.e.i.c.IndicesClusterStateServiceRandomUpdatesTests] [testRandomClusterStateUpdates] Iteration 9
[2020-02-17T08:54:42,690][INFO ][o.e.c.m.MetaDataCreateIndexService] [testRandomClusterStateUpdates] [index_plvujckczridcrz] creating index, cause [api], templates [], shards [3]/[0], mappings []
[2020-02-17T08:54:42,692][INFO ][o.e.c.m.MetaDataCreateIndexService] [testRandomClusterStateUpdates] [index_pampvksyjoijzns] creating index, cause [api], templates [], shards [1]/[1], mappings []
[2020-02-17T08:54:42,692][INFO ][o.e.c.r.a.AllocationService] [testRandomClusterStateUpdates] updating number_of_replicas to [2] for indices [index_pampvksyjoijzns]
[2020-02-17T08:54:42,693][INFO ][o.e.c.m.MetaDataDeleteIndexService] [testRandomClusterStateUpdates] [index_pampvksyjoijzns/-2vUnGTqTjSjWIPMb3sNVQ] deleting index
[2020-02-17T08:54:42,694][INFO ][o.e.c.m.MetaDataIndexStateService] [testRandomClusterStateUpdates] closing indices [index_plvujckczridcrz/3_jph6N5Sxe4VMKfcx1iXg]
[2020-02-17T08:54:42,694][INFO ][o.e.c.m.MetaDataIndexStateService] [testRandomClusterStateUpdates] completed closing of indices [index_plvujckczridcrz]
[2020-02-17T08:54:42,695][WARN ][o.e.c.r.a.AllocationService] [testRandomClusterStateUpdates] failing shard [failed shard, shard [index_fttuupeeqysktze][1], node[node_002], [P], s[STARTED], a[id=M-ufu30jQvKwThi_28iUTQ], message [fake shard failure], failure [Exception[null]], markAsStale [false]]
java.lang.Exception: null
	at org.elasticsearch.indices.cluster.IndicesClusterStateServiceRandomUpdatesTests.randomlyUpdateClusterState(IndicesClusterStateServiceRandomUpdatesTests.java:400) [test/:?]
	at org.elasticsearch.indices.cluster.IndicesClusterStateServiceRandomUpdatesTests.testRandomClusterStateUpdates(IndicesClusterStateServiceRandomUpdatesTests.java:116) [test/:?]
	at jdk.internal.reflect.NativeMethodAccessorImpl.invoke0(Native Method) ~[?:?]
	at jdk.internal.reflect.NativeMethodAccessorImpl.invoke(NativeMethodAccessorImpl.java:62) ~[?:?]
	at jdk.internal.reflect.DelegatingMethodAccessorImpl.invoke(DelegatingMethodAccessorImpl.java:43) ~[?:?]
	at java.lang.reflect.Method.invoke(Method.java:567) ~[?:?]
	at com.carrotsearch.randomizedtesting.RandomizedRunner.invoke(RandomizedRunner.java:1750) [randomizedtesting-runner-2.7.1.jar:?]
	at com.carrotsearch.randomizedtesting.RandomizedRunner$8.evaluate(RandomizedRunner.java:938) [randomizedtesting-runner-2.7.1.jar:?]
	at com.carrotsearch.randomizedtesting.RandomizedRunner$9.evaluate(RandomizedRunner.java:974) [randomizedtesting-runner-2.7.1.jar:?]
	at com.carrotsearch.randomizedtesting.RandomizedRunner$10.evaluate(RandomizedRunner.java:988) [randomizedtesting-runner-2.7.1.jar:?]
	at com.carrotsearch.randomizedtesting.rules.StatementAdapter.evaluate(StatementAdapter.java:36) [randomizedtesting-runner-2.7.1.jar:?]
	at org.apache.lucene.util.TestRuleSetupTeardownChained$1.evaluate(TestRuleSetupTeardownChained.java:49) [lucene-test-framework-8.3.0.jar:8.3.0 2aa586909b911e66e1d8863aa89f173d69f86cd2 - ishan - 2019-10-25 23:10:05]
	at org.apache.lucene.util.AbstractBeforeAfterRule$1.evaluate(AbstractBeforeAfterRule.java:45) [lucene-test-framework-8.3.0.jar:8.3.0 2aa586909b911e66e1d8863aa89f173d69f86cd2 - ishan - 2019-10-25 23:10:05]
	at org.apache.lucene.util.TestRuleThreadAndTestName$1.evaluate(TestRuleThreadAndTestName.java:48) [lucene-test-framework-8.3.0.jar:8.3.0 2aa586909b911e66e1d8863aa89f173d69f86cd2 - ishan - 2019-10-25 23:10:05]
	at org.apache.lucene.util.TestRuleIgnoreAfterMaxFailures$1.evaluate(TestRuleIgnoreAfterMaxFailures.java:64) [lucene-test-framework-8.3.0.jar:8.3.0 2aa586909b911e66e1d8863aa89f173d69f86cd2 - ishan - 2019-10-25 23:10:05]
	at org.apache.lucene.util.TestRuleMarkFailure$1.evaluate(TestRuleMarkFailure.java:47) [lucene-test-framework-8.3.0.jar:8.3.0 2aa586909b911e66e1d8863aa89f173d69f86cd2 - ishan - 2019-10-25 23:10:05]
	at com.carrotsearch.randomizedtesting.rules.StatementAdapter.evaluate(StatementAdapter.java:36) [randomizedtesting-runner-2.7.1.jar:?]
	at com.carrotsearch.randomizedtesting.ThreadLeakControl$StatementRunner.run(ThreadLeakControl.java:368) [randomizedtesting-runner-2.7.1.jar:?]
	at com.carrotsearch.randomizedtesting.ThreadLeakControl.forkTimeoutingTask(ThreadLeakControl.java:817) [randomizedtesting-runner-2.7.1.jar:?]
	at com.carrotsearch.randomizedtesting.ThreadLeakControl$3.evaluate(ThreadLeakControl.java:468) [randomizedtesting-runner-2.7.1.jar:?]
	at com.carrotsearch.randomizedtesting.RandomizedRunner.runSingleTest(RandomizedRunner.java:947) [randomizedtesting-runner-2.7.1.jar:?]
	at com.carrotsearch.randomizedtesting.RandomizedRunner$5.evaluate(RandomizedRunner.java:832) [randomizedtesting-runner-2.7.1.jar:?]
	at com.carrotsearch.randomizedtesting.RandomizedRunner$6.evaluate(RandomizedRunner.java:883) [randomizedtesting-runner-2.7.1.jar:?]
	at com.carrotsearch.randomizedtesting.RandomizedRunner$7.evaluate(RandomizedRunner.java:894) [randomizedtesting-runner-2.7.1.jar:?]
	at org.apache.lucene.util.AbstractBeforeAfterRule$1.evaluate(AbstractBeforeAfterRule.java:45) [lucene-test-framework-8.3.0.jar:8.3.0 2aa586909b911e66e1d8863aa89f173d69f86cd2 - ishan - 2019-10-25 23:10:05]
	at com.carrotsearch.randomizedtesting.rules.StatementAdapter.evaluate(StatementAdapter.java:36) [randomizedtesting-runner-2.7.1.jar:?]
	at org.apache.lucene.util.TestRuleStoreClassName$1.evaluate(TestRuleStoreClassName.java:41) [lucene-test-framework-8.3.0.jar:8.3.0 2aa586909b911e66e1d8863aa89f173d69f86cd2 - ishan - 2019-10-25 23:10:05]
	at com.carrotsearch.randomizedtesting.rules.NoShadowingOrOverridesOnMethodsRule$1.evaluate(NoShadowingOrOverridesOnMethodsRule.java:40) [randomizedtesting-runner-2.7.1.jar:?]
	at com.carrotsearch.randomizedtesting.rules.NoShadowingOrOverridesOnMethodsRule$1.evaluate(NoShadowingOrOverridesOnMethodsRule.java:40) [randomizedtesting-runner-2.7.1.jar:?]
	at com.carrotsearch.randomizedtesting.rules.StatementAdapter.evaluate(StatementAdapter.java:36) [randomizedtesting-runner-2.7.1.jar:?]
	at com.carrotsearch.randomizedtesting.rules.StatementAdapter.evaluate(StatementAdapter.java:36) [randomizedtesting-runner-2.7.1.jar:?]
	at org.apache.lucene.util.TestRuleAssertionsRequired$1.evaluate(TestRuleAssertionsRequired.java:53) [lucene-test-framework-8.3.0.jar:8.3.0 2aa586909b911e66e1d8863aa89f173d69f86cd2 - ishan - 2019-10-25 23:10:05]
	at org.apache.lucene.util.TestRuleMarkFailure$1.evaluate(TestRuleMarkFailure.java:47) [lucene-test-framework-8.3.0.jar:8.3.0 2aa586909b911e66e1d8863aa89f173d69f86cd2 - ishan - 2019-10-25 23:10:05]
	at org.apache.lucene.util.TestRuleIgnoreAfterMaxFailures$1.evaluate(TestRuleIgnoreAfterMaxFailures.java:64) [lucene-test-framework-8.3.0.jar:8.3.0 2aa586909b911e66e1d8863aa89f173d69f86cd2 - ishan - 2019-10-25 23:10:05]
	at org.apache.lucene.util.TestRuleIgnoreTestSuites$1.evaluate(TestRuleIgnoreTestSuites.java:54) [lucene-test-framework-8.3.0.jar:8.3.0 2aa586909b911e66e1d8863aa89f173d69f86cd2 - ishan - 2019-10-25 23:10:05]
	at com.carrotsearch.randomizedtesting.rules.StatementAdapter.evaluate(StatementAdapter.java:36) [randomizedtesting-runner-2.7.1.jar:?]
	at com.carrotsearch.randomizedtesting.ThreadLeakControl$StatementRunner.run(ThreadLeakControl.java:368) [randomizedtesting-runner-2.7.1.jar:?]
	at java.lang.Thread.run(Thread.java:835) [?:?]
[2020-02-17T08:54:42,699][INFO ][o.e.i.c.IndicesClusterStateServiceRandomUpdatesTests] [testRandomClusterStateUpdates] Iteration 10
[2020-02-17T08:54:42,700][INFO ][o.e.c.m.MetaDataCreateIndexService] [testRandomClusterStateUpdates] [index_ddfnlfefotruywi] creating index, cause [api], templates [], shards [1]/[1], mappings []
[2020-02-17T08:54:42,700][INFO ][o.e.c.r.a.AllocationService] [testRandomClusterStateUpdates] updating number_of_replicas to [2] for indices [index_ddfnlfefotruywi]
[2020-02-17T08:54:42,702][INFO ][o.e.c.m.MetaDataCreateIndexService] [testRandomClusterStateUpdates] [index_lbozkctdfwqrnnc] creating index, cause [api], templates [], shards [3]/[1], mappings []
[2020-02-17T08:54:42,702][INFO ][o.e.c.r.a.AllocationService] [testRandomClusterStateUpdates] updating number_of_replicas to [2] for indices [index_lbozkctdfwqrnnc]
[2020-02-17T08:54:42,704][INFO ][o.e.c.m.MetaDataDeleteIndexService] [testRandomClusterStateUpdates] [index_fttuupeeqysktze/5OcvrpakTU6hbnEw_Xd2yg] deleting index
[2020-02-17T08:54:42,704][INFO ][o.e.c.m.MetaDataDeleteIndexService] [testRandomClusterStateUpdates] [index_zhvvwlfkbxukouf/aXgIogQMQ2qdV-aT49SSYQ] deleting index
[2020-02-17T08:54:42,705][INFO ][o.e.c.m.MetaDataIndexStateService] [testRandomClusterStateUpdates] closing indices [index_wmtrcpprssieetl/XP-kh6wiQoemMzDmZ9JEuA]
[2020-02-17T08:54:42,705][INFO ][o.e.c.m.MetaDataIndexStateService] [testRandomClusterStateUpdates] completed closing of indices [index_wmtrcpprssieetl]
[2020-02-17T08:54:42,706][INFO ][o.e.c.m.MetaDataIndexStateService] [testRandomClusterStateUpdates] opening indices [[index_wqccqwqbcjwydhy/CKF5cGLBSp6ZZCO2ymyaCQ]]
[2020-02-17T08:54:42,708][INFO ][o.e.c.m.MetaDataCreateIndexService] [testRandomClusterStateUpdates] [index_wpixeykwvhkludv] creating index, cause [api], templates [], shards [3]/[0], mappings []
[2020-02-17T08:54:42,710][INFO ][o.e.c.m.MetaDataCreateIndexService] [testRandomClusterStateUpdates] [index_ieiacownehvgoby] creating index, cause [api], templates [], shards [3]/[1], mappings []
[2020-02-17T08:54:42,710][INFO ][o.e.c.r.a.AllocationService] [testRandomClusterStateUpdates] updating number_of_replicas to [2] for indices [index_ieiacownehvgoby]
[2020-02-17T08:54:42,711][INFO ][o.e.c.m.MetaDataDeleteIndexService] [testRandomClusterStateUpdates] [index_plvujckczridcrz/3_jph6N5Sxe4VMKfcx1iXg] deleting index
[2020-02-17T08:54:42,711][INFO ][o.e.c.m.MetaDataDeleteIndexService] [testRandomClusterStateUpdates] [index_oenvwbunxesyqcv/v1Q-HHTQS92CmFuePSat8Q] deleting index
[2020-02-17T08:54:42,712][INFO ][o.e.c.m.MetaDataUpdateSettingsService] [testRandomClusterStateUpdates] updating number_of_replicas to [2] for indices [index_dvbjfesatpyabbt, index_wqccqwqbcjwydhy]
[2020-02-17T08:54:42,714][INFO ][o.e.c.s.IndexScopedSettings] [testRandomClusterStateUpdates] updating [index.refresh_interval] from [1s] to [5s]
[2020-02-17T08:54:42,719][INFO ][o.e.c.s.IndexScopedSettings] [testRandomClusterStateUpdates] updating [index.refresh_interval] from [1s] to [5s]
[2020-02-17T08:54:42,720][INFO ][o.e.i.c.IndicesClusterStateServiceRandomUpdatesTests] [testRandomClusterStateUpdates] Iteration 11
[2020-02-17T08:54:42,722][INFO ][o.e.c.m.MetaDataCreateIndexService] [testRandomClusterStateUpdates] [index_ocfsoiooeeultzw] creating index, cause [api], templates [], shards [2]/[1], mappings []
[2020-02-17T08:54:42,722][INFO ][o.e.c.r.a.AllocationService] [testRandomClusterStateUpdates] updating number_of_replicas to [2] for indices [index_ocfsoiooeeultzw]
[2020-02-17T08:54:42,723][INFO ][o.e.c.m.MetaDataDeleteIndexService] [testRandomClusterStateUpdates] [index_ghyiajppjozqwbk/9CW-n1wOR66glxiXHRc1WQ] deleting index
[2020-02-17T08:54:42,723][INFO ][o.e.c.m.MetaDataDeleteIndexService] [testRandomClusterStateUpdates] [index_wmtrcpprssieetl/XP-kh6wiQoemMzDmZ9JEuA] deleting index
[2020-02-17T08:54:42,724][INFO ][o.e.c.m.MetaDataUpdateSettingsService] [testRandomClusterStateUpdates] updating number_of_replicas to [2] for indices [index_ddfnlfefotruywi, index_wpixeykwvhkludv]
[2020-02-17T08:54:42,726][INFO ][o.e.c.s.IndexScopedSettings] [testRandomClusterStateUpdates] updating [index.refresh_interval] from [1s] to [5s]
[2020-02-17T08:54:42,727][INFO ][o.e.c.s.IndexScopedSettings] [testRandomClusterStateUpdates] updating [index.refresh_interval] from [1s] to [5s]
[2020-02-17T08:54:42,729][INFO ][o.e.c.s.IndexScopedSettings] [testRandomClusterStateUpdates] updating [index.refresh_interval] from [1s] to [5s]
[2020-02-17T08:54:42,730][INFO ][o.e.i.c.IndicesClusterStateServiceRandomUpdatesTests] [testRandomClusterStateUpdates] Iteration 12
[2020-02-17T08:54:42,735][INFO ][o.e.i.c.IndicesClusterStateServiceRandomUpdatesTests] [testRandomClusterStateUpdates] Iteration 13
[2020-02-17T08:54:42,736][INFO ][o.e.c.m.MetaDataCreateIndexService] [testRandomClusterStateUpdates] [index_ampeeghwgzmrmbd] creating index, cause [api], templates [], shards [1]/[0], mappings []
[2020-02-17T08:54:42,738][INFO ][o.e.c.m.MetaDataCreateIndexService] [testRandomClusterStateUpdates] [index_fatikdniaurydeb] creating index, cause [api], templates [], shards [1]/[0], mappings []
[2020-02-17T08:54:42,740][INFO ][o.e.c.m.MetaDataCreateIndexService] [testRandomClusterStateUpdates] [index_wsushhzoxdgikea] creating index, cause [api], templates [], shards [1]/[1], mappings []
[2020-02-17T08:54:42,740][INFO ][o.e.c.r.a.AllocationService] [testRandomClusterStateUpdates] updating number_of_replicas to [2] for indices [index_wsushhzoxdgikea]
[2020-02-17T08:54:42,741][INFO ][o.e.c.m.MetaDataDeleteIndexService] [testRandomClusterStateUpdates] [index_tcwyaelshhfocqs/fdw3xLgEQUyo6NbLVc2nPA] deleting index
[2020-02-17T08:54:42,742][INFO ][o.e.c.m.MetaDataIndexStateService] [testRandomClusterStateUpdates] closing indices [index_dvbjfesatpyabbt/nq_KE2AnS4iiMbHpk6RZEg]
[2020-02-17T08:54:42,742][INFO ][o.e.c.m.MetaDataIndexStateService] [testRandomClusterStateUpdates] completed closing of indices [index_dvbjfesatpyabbt]
[2020-02-17T08:54:42,743][INFO ][o.e.c.m.MetaDataUpdateSettingsService] [testRandomClusterStateUpdates] updating number_of_replicas to [2] for indices [index_ddfnlfefotruywi]
[2020-02-17T08:54:42,746][INFO ][o.e.c.s.IndexScopedSettings] [testRandomClusterStateUpdates] updating [index.refresh_interval] from [5s] to [4s]
[2020-02-17T08:54:42,748][INFO ][o.e.i.c.IndicesClusterStateServiceRandomUpdatesTests] [testRandomClusterStateUpdates] Iteration 14
[2020-02-17T08:54:42,749][INFO ][o.e.c.m.MetaDataCreateIndexService] [testRandomClusterStateUpdates] [index_hurzdkomxokrklk] creating index, cause [api], templates [], shards [2]/[1], mappings []
[2020-02-17T08:54:42,749][INFO ][o.e.c.r.a.AllocationService] [testRandomClusterStateUpdates] updating number_of_replicas to [2] for indices [index_hurzdkomxokrklk]
[2020-02-17T08:54:42,750][INFO ][o.e.c.m.MetaDataDeleteIndexService] [testRandomClusterStateUpdates] [index_qicyithjvjihjpd/ttUt08HGRw-pv6MbZbPmqQ] deleting index
[2020-02-17T08:54:42,751][INFO ][o.e.c.m.MetaDataIndexStateService] [testRandomClusterStateUpdates] closing indices [index_ieiacownehvgoby/-yiMe0HJRg25u6e6zZCchw]
[2020-02-17T08:54:42,751][INFO ][o.e.c.m.MetaDataIndexStateService] [testRandomClusterStateUpdates] completed closing of indices [index_ieiacownehvgoby]
[2020-02-17T08:54:42,753][INFO ][o.e.c.m.MetaDataUpdateSettingsService] [testRandomClusterStateUpdates] updating number_of_replicas to [1] for indices [index_wsushhzoxdgikea, index_hurzdkomxokrklk]
[2020-02-17T08:54:42,754][INFO ][o.e.c.r.a.AllocationService] [testRandomClusterStateUpdates] updating number_of_replicas to [2] for indices [index_wsushhzoxdgikea, index_hurzdkomxokrklk]
[2020-02-17T08:54:42,756][INFO ][o.e.c.m.MetaDataCreateIndexService] [testRandomClusterStateUpdates] [index_wbtkmyxenrryfkc] creating index, cause [api], templates [], shards [3]/[0], mappings []
[2020-02-17T08:54:42,759][INFO ][o.e.c.m.MetaDataCreateIndexService] [testRandomClusterStateUpdates] [index_ljuapmknmeyszla] creating index, cause [api], templates [], shards [3]/[0], mappings []
[2020-02-17T08:54:42,760][INFO ][o.e.c.m.MetaDataDeleteIndexService] [testRandomClusterStateUpdates] [index_hurzdkomxokrklk/hogdAH3mSGyX5rTqc7IAZQ] deleting index
[2020-02-17T08:54:42,762][INFO ][o.e.c.m.MetaDataUpdateSettingsService] [testRandomClusterStateUpdates] updating number_of_replicas to [1] for indices [index_wpixeykwvhkludv]
[2020-02-17T08:54:42,764][INFO ][o.e.c.s.IndexScopedSettings] [testRandomClusterStateUpdates] updating [index.refresh_interval] from [5s] to [2s]
[2020-02-17T08:54:42,766][INFO ][o.e.c.s.IndexScopedSettings] [testRandomClusterStateUpdates] updating [index.refresh_interval] from [1s] to [3s]
[2020-02-17T08:54:42,766][INFO ][o.e.c.s.IndexScopedSettings] [testRandomClusterStateUpdates] updating [index.refresh_interval] from [5s] to [2s]
[2020-02-17T08:54:42,768][INFO ][o.e.c.s.IndexScopedSettings] [testRandomClusterStateUpdates] updating [index.refresh_interval] from [5s] to [2s]
[2020-02-17T08:54:42,769][INFO ][o.e.i.c.IndicesClusterStateServiceRandomUpdatesTests] [testRandomClusterStateUpdates] Iteration 15
[2020-02-17T08:54:42,769][INFO ][o.e.c.m.MetaDataIndexStateService] [testRandomClusterStateUpdates] closing indices [index_ocfsoiooeeultzw/k_z_HfzrQ4G81dl3_-_IAQ]
[2020-02-17T08:54:42,769][INFO ][o.e.c.m.MetaDataIndexStateService] [testRandomClusterStateUpdates] completed closing of indices [index_ocfsoiooeeultzw]
[2020-02-17T08:54:42,773][WARN ][o.e.c.r.a.AllocationService] [testRandomClusterStateUpdates] failing shard [failed shard, shard [index_ljuapmknmeyszla][2], node[node_002], [P], recovery_source[new shard recovery], s[INITIALIZING], a[id=byM78DpvTJGSIDl-1TQI9Q], unassigned_info[[reason=INDEX_CREATED], at[2020-02-16T22:24:42.759Z], delayed=false, allocation_status[no_attempt]], message [fake shard failure], failure [Exception[null]], markAsStale [true]]
java.lang.Exception: null
	at org.elasticsearch.indices.cluster.IndicesClusterStateServiceRandomUpdatesTests.randomlyUpdateClusterState(IndicesClusterStateServiceRandomUpdatesTests.java:400) [test/:?]
	at org.elasticsearch.indices.cluster.IndicesClusterStateServiceRandomUpdatesTests.testRandomClusterStateUpdates(IndicesClusterStateServiceRandomUpdatesTests.java:116) [test/:?]
	at jdk.internal.reflect.NativeMethodAccessorImpl.invoke0(Native Method) ~[?:?]
	at jdk.internal.reflect.NativeMethodAccessorImpl.invoke(NativeMethodAccessorImpl.java:62) ~[?:?]
	at jdk.internal.reflect.DelegatingMethodAccessorImpl.invoke(DelegatingMethodAccessorImpl.java:43) ~[?:?]
	at java.lang.reflect.Method.invoke(Method.java:567) ~[?:?]
	at com.carrotsearch.randomizedtesting.RandomizedRunner.invoke(RandomizedRunner.java:1750) [randomizedtesting-runner-2.7.1.jar:?]
	at com.carrotsearch.randomizedtesting.RandomizedRunner$8.evaluate(RandomizedRunner.java:938) [randomizedtesting-runner-2.7.1.jar:?]
	at com.carrotsearch.randomizedtesting.RandomizedRunner$9.evaluate(RandomizedRunner.java:974) [randomizedtesting-runner-2.7.1.jar:?]
	at com.carrotsearch.randomizedtesting.RandomizedRunner$10.evaluate(RandomizedRunner.java:988) [randomizedtesting-runner-2.7.1.jar:?]
	at com.carrotsearch.randomizedtesting.rules.StatementAdapter.evaluate(StatementAdapter.java:36) [randomizedtesting-runner-2.7.1.jar:?]
	at org.apache.lucene.util.TestRuleSetupTeardownChained$1.evaluate(TestRuleSetupTeardownChained.java:49) [lucene-test-framework-8.3.0.jar:8.3.0 2aa586909b911e66e1d8863aa89f173d69f86cd2 - ishan - 2019-10-25 23:10:05]
	at org.apache.lucene.util.AbstractBeforeAfterRule$1.evaluate(AbstractBeforeAfterRule.java:45) [lucene-test-framework-8.3.0.jar:8.3.0 2aa586909b911e66e1d8863aa89f173d69f86cd2 - ishan - 2019-10-25 23:10:05]
	at org.apache.lucene.util.TestRuleThreadAndTestName$1.evaluate(TestRuleThreadAndTestName.java:48) [lucene-test-framework-8.3.0.jar:8.3.0 2aa586909b911e66e1d8863aa89f173d69f86cd2 - ishan - 2019-10-25 23:10:05]
	at org.apache.lucene.util.TestRuleIgnoreAfterMaxFailures$1.evaluate(TestRuleIgnoreAfterMaxFailures.java:64) [lucene-test-framework-8.3.0.jar:8.3.0 2aa586909b911e66e1d8863aa89f173d69f86cd2 - ishan - 2019-10-25 23:10:05]
	at org.apache.lucene.util.TestRuleMarkFailure$1.evaluate(TestRuleMarkFailure.java:47) [lucene-test-framework-8.3.0.jar:8.3.0 2aa586909b911e66e1d8863aa89f173d69f86cd2 - ishan - 2019-10-25 23:10:05]
	at com.carrotsearch.randomizedtesting.rules.StatementAdapter.evaluate(StatementAdapter.java:36) [randomizedtesting-runner-2.7.1.jar:?]
	at com.carrotsearch.randomizedtesting.ThreadLeakControl$StatementRunner.run(ThreadLeakControl.java:368) [randomizedtesting-runner-2.7.1.jar:?]
	at com.carrotsearch.randomizedtesting.ThreadLeakControl.forkTimeoutingTask(ThreadLeakControl.java:817) [randomizedtesting-runner-2.7.1.jar:?]
	at com.carrotsearch.randomizedtesting.ThreadLeakControl$3.evaluate(ThreadLeakControl.java:468) [randomizedtesting-runner-2.7.1.jar:?]
	at com.carrotsearch.randomizedtesting.RandomizedRunner.runSingleTest(RandomizedRunner.java:947) [randomizedtesting-runner-2.7.1.jar:?]
	at com.carrotsearch.randomizedtesting.RandomizedRunner$5.evaluate(RandomizedRunner.java:832) [randomizedtesting-runner-2.7.1.jar:?]
	at com.carrotsearch.randomizedtesting.RandomizedRunner$6.evaluate(RandomizedRunner.java:883) [randomizedtesting-runner-2.7.1.jar:?]
	at com.carrotsearch.randomizedtesting.RandomizedRunner$7.evaluate(RandomizedRunner.java:894) [randomizedtesting-runner-2.7.1.jar:?]
	at org.apache.lucene.util.AbstractBeforeAfterRule$1.evaluate(AbstractBeforeAfterRule.java:45) [lucene-test-framework-8.3.0.jar:8.3.0 2aa586909b911e66e1d8863aa89f173d69f86cd2 - ishan - 2019-10-25 23:10:05]
	at com.carrotsearch.randomizedtesting.rules.StatementAdapter.evaluate(StatementAdapter.java:36) [randomizedtesting-runner-2.7.1.jar:?]
	at org.apache.lucene.util.TestRuleStoreClassName$1.evaluate(TestRuleStoreClassName.java:41) [lucene-test-framework-8.3.0.jar:8.3.0 2aa586909b911e66e1d8863aa89f173d69f86cd2 - ishan - 2019-10-25 23:10:05]
	at com.carrotsearch.randomizedtesting.rules.NoShadowingOrOverridesOnMethodsRule$1.evaluate(NoShadowingOrOverridesOnMethodsRule.java:40) [randomizedtesting-runner-2.7.1.jar:?]
	at com.carrotsearch.randomizedtesting.rules.NoShadowingOrOverridesOnMethodsRule$1.evaluate(NoShadowingOrOverridesOnMethodsRule.java:40) [randomizedtesting-runner-2.7.1.jar:?]
	at com.carrotsearch.randomizedtesting.rules.StatementAdapter.evaluate(StatementAdapter.java:36) [randomizedtesting-runner-2.7.1.jar:?]
	at com.carrotsearch.randomizedtesting.rules.StatementAdapter.evaluate(StatementAdapter.java:36) [randomizedtesting-runner-2.7.1.jar:?]
	at org.apache.lucene.util.TestRuleAssertionsRequired$1.evaluate(TestRuleAssertionsRequired.java:53) [lucene-test-framework-8.3.0.jar:8.3.0 2aa586909b911e66e1d8863aa89f173d69f86cd2 - ishan - 2019-10-25 23:10:05]
	at org.apache.lucene.util.TestRuleMarkFailure$1.evaluate(TestRuleMarkFailure.java:47) [lucene-test-framework-8.3.0.jar:8.3.0 2aa586909b911e66e1d8863aa89f173d69f86cd2 - ishan - 2019-10-25 23:10:05]
	at org.apache.lucene.util.TestRuleIgnoreAfterMaxFailures$1.evaluate(TestRuleIgnoreAfterMaxFailures.java:64) [lucene-test-framework-8.3.0.jar:8.3.0 2aa586909b911e66e1d8863aa89f173d69f86cd2 - ishan - 2019-10-25 23:10:05]
	at org.apache.lucene.util.TestRuleIgnoreTestSuites$1.evaluate(TestRuleIgnoreTestSuites.java:54) [lucene-test-framework-8.3.0.jar:8.3.0 2aa586909b911e66e1d8863aa89f173d69f86cd2 - ishan - 2019-10-25 23:10:05]
	at com.carrotsearch.randomizedtesting.rules.StatementAdapter.evaluate(StatementAdapter.java:36) [randomizedtesting-runner-2.7.1.jar:?]
	at com.carrotsearch.randomizedtesting.ThreadLeakControl$StatementRunner.run(ThreadLeakControl.java:368) [randomizedtesting-runner-2.7.1.jar:?]
	at java.lang.Thread.run(Thread.java:835) [?:?]
[2020-02-17T08:54:42,779][INFO ][o.e.i.c.IndicesClusterStateServiceRandomUpdatesTests] [testRandomClusterStateUpdates] Iteration 16
[2020-02-17T08:54:42,779][INFO ][o.e.c.m.MetaDataCreateIndexService] [testRandomClusterStateUpdates] [index_yxsxismvdcqrtzh] creating index, cause [api], templates [], shards [1]/[2], mappings []
[2020-02-17T08:54:42,781][INFO ][o.e.c.m.MetaDataCreateIndexService] [testRandomClusterStateUpdates] [index_cezemityllqlkxt] creating index, cause [api], templates [], shards [2]/[1], mappings []
[2020-02-17T08:54:42,781][INFO ][o.e.c.r.a.AllocationService] [testRandomClusterStateUpdates] updating number_of_replicas to [0] for indices [index_cezemityllqlkxt]
[2020-02-17T08:54:42,782][INFO ][o.e.c.m.MetaDataDeleteIndexService] [testRandomClusterStateUpdates] [index_wbtkmyxenrryfkc/Z1hjWDCASey-DOZDi0jlHA] deleting index
[2020-02-17T08:54:42,783][WARN ][o.e.c.r.a.AllocationService] [testRandomClusterStateUpdates] failing shard [failed shard, shard [index_hamxtpefdeisohh][0], node[node_002], [P], s[STARTED], a[id=YyuHFnxeTLCQ5t4dpUgdyw], message [fake shard failure], failure [Exception[null]], markAsStale [true]]
java.lang.Exception: null
	at org.elasticsearch.indices.cluster.IndicesClusterStateServiceRandomUpdatesTests.randomlyUpdateClusterState(IndicesClusterStateServiceRandomUpdatesTests.java:400) [test/:?]
	at org.elasticsearch.indices.cluster.IndicesClusterStateServiceRandomUpdatesTests.testRandomClusterStateUpdates(IndicesClusterStateServiceRandomUpdatesTests.java:116) [test/:?]
	at jdk.internal.reflect.NativeMethodAccessorImpl.invoke0(Native Method) ~[?:?]
	at jdk.internal.reflect.NativeMethodAccessorImpl.invoke(NativeMethodAccessorImpl.java:62) ~[?:?]
	at jdk.internal.reflect.DelegatingMethodAccessorImpl.invoke(DelegatingMethodAccessorImpl.java:43) ~[?:?]
	at java.lang.reflect.Method.invoke(Method.java:567) ~[?:?]
	at com.carrotsearch.randomizedtesting.RandomizedRunner.invoke(RandomizedRunner.java:1750) [randomizedtesting-runner-2.7.1.jar:?]
	at com.carrotsearch.randomizedtesting.RandomizedRunner$8.evaluate(RandomizedRunner.java:938) [randomizedtesting-runner-2.7.1.jar:?]
	at com.carrotsearch.randomizedtesting.RandomizedRunner$9.evaluate(RandomizedRunner.java:974) [randomizedtesting-runner-2.7.1.jar:?]
	at com.carrotsearch.randomizedtesting.RandomizedRunner$10.evaluate(RandomizedRunner.java:988) [randomizedtesting-runner-2.7.1.jar:?]
	at com.carrotsearch.randomizedtesting.rules.StatementAdapter.evaluate(StatementAdapter.java:36) [randomizedtesting-runner-2.7.1.jar:?]
	at org.apache.lucene.util.TestRuleSetupTeardownChained$1.evaluate(TestRuleSetupTeardownChained.java:49) [lucene-test-framework-8.3.0.jar:8.3.0 2aa586909b911e66e1d8863aa89f173d69f86cd2 - ishan - 2019-10-25 23:10:05]
	at org.apache.lucene.util.AbstractBeforeAfterRule$1.evaluate(AbstractBeforeAfterRule.java:45) [lucene-test-framework-8.3.0.jar:8.3.0 2aa586909b911e66e1d8863aa89f173d69f86cd2 - ishan - 2019-10-25 23:10:05]
	at org.apache.lucene.util.TestRuleThreadAndTestName$1.evaluate(TestRuleThreadAndTestName.java:48) [lucene-test-framework-8.3.0.jar:8.3.0 2aa586909b911e66e1d8863aa89f173d69f86cd2 - ishan - 2019-10-25 23:10:05]
	at org.apache.lucene.util.TestRuleIgnoreAfterMaxFailures$1.evaluate(TestRuleIgnoreAfterMaxFailures.java:64) [lucene-test-framework-8.3.0.jar:8.3.0 2aa586909b911e66e1d8863aa89f173d69f86cd2 - ishan - 2019-10-25 23:10:05]
	at org.apache.lucene.util.TestRuleMarkFailure$1.evaluate(TestRuleMarkFailure.java:47) [lucene-test-framework-8.3.0.jar:8.3.0 2aa586909b911e66e1d8863aa89f173d69f86cd2 - ishan - 2019-10-25 23:10:05]
	at com.carrotsearch.randomizedtesting.rules.StatementAdapter.evaluate(StatementAdapter.java:36) [randomizedtesting-runner-2.7.1.jar:?]
	at com.carrotsearch.randomizedtesting.ThreadLeakControl$StatementRunner.run(ThreadLeakControl.java:368) [randomizedtesting-runner-2.7.1.jar:?]
	at com.carrotsearch.randomizedtesting.ThreadLeakControl.forkTimeoutingTask(ThreadLeakControl.java:817) [randomizedtesting-runner-2.7.1.jar:?]
	at com.carrotsearch.randomizedtesting.ThreadLeakControl$3.evaluate(ThreadLeakControl.java:468) [randomizedtesting-runner-2.7.1.jar:?]
	at com.carrotsearch.randomizedtesting.RandomizedRunner.runSingleTest(RandomizedRunner.java:947) [randomizedtesting-runner-2.7.1.jar:?]
	at com.carrotsearch.randomizedtesting.RandomizedRunner$5.evaluate(RandomizedRunner.java:832) [randomizedtesting-runner-2.7.1.jar:?]
	at com.carrotsearch.randomizedtesting.RandomizedRunner$6.evaluate(RandomizedRunner.java:883) [randomizedtesting-runner-2.7.1.jar:?]
	at com.carrotsearch.randomizedtesting.RandomizedRunner$7.evaluate(RandomizedRunner.java:894) [randomizedtesting-runner-2.7.1.jar:?]
	at org.apache.lucene.util.AbstractBeforeAfterRule$1.evaluate(AbstractBeforeAfterRule.java:45) [lucene-test-framework-8.3.0.jar:8.3.0 2aa586909b911e66e1d8863aa89f173d69f86cd2 - ishan - 2019-10-25 23:10:05]
	at com.carrotsearch.randomizedtesting.rules.StatementAdapter.evaluate(StatementAdapter.java:36) [randomizedtesting-runner-2.7.1.jar:?]
	at org.apache.lucene.util.TestRuleStoreClassName$1.evaluate(TestRuleStoreClassName.java:41) [lucene-test-framework-8.3.0.jar:8.3.0 2aa586909b911e66e1d8863aa89f173d69f86cd2 - ishan - 2019-10-25 23:10:05]
	at com.carrotsearch.randomizedtesting.rules.NoShadowingOrOverridesOnMethodsRule$1.evaluate(NoShadowingOrOverridesOnMethodsRule.java:40) [randomizedtesting-runner-2.7.1.jar:?]
	at com.carrotsearch.randomizedtesting.rules.NoShadowingOrOverridesOnMethodsRule$1.evaluate(NoShadowingOrOverridesOnMethodsRule.java:40) [randomizedtesting-runner-2.7.1.jar:?]
	at com.carrotsearch.randomizedtesting.rules.StatementAdapter.evaluate(StatementAdapter.java:36) [randomizedtesting-runner-2.7.1.jar:?]
	at com.carrotsearch.randomizedtesting.rules.StatementAdapter.evaluate(StatementAdapter.java:36) [randomizedtesting-runner-2.7.1.jar:?]
	at org.apache.lucene.util.TestRuleAssertionsRequired$1.evaluate(TestRuleAssertionsRequired.java:53) [lucene-test-framework-8.3.0.jar:8.3.0 2aa586909b911e66e1d8863aa89f173d69f86cd2 - ishan - 2019-10-25 23:10:05]
	at org.apache.lucene.util.TestRuleMarkFailure$1.evaluate(TestRuleMarkFailure.java:47) [lucene-test-framework-8.3.0.jar:8.3.0 2aa586909b911e66e1d8863aa89f173d69f86cd2 - ishan - 2019-10-25 23:10:05]
	at org.apache.lucene.util.TestRuleIgnoreAfterMaxFailures$1.evaluate(TestRuleIgnoreAfterMaxFailures.java:64) [lucene-test-framework-8.3.0.jar:8.3.0 2aa586909b911e66e1d8863aa89f173d69f86cd2 - ishan - 2019-10-25 23:10:05]
	at org.apache.lucene.util.TestRuleIgnoreTestSuites$1.evaluate(TestRuleIgnoreTestSuites.java:54) [lucene-test-framework-8.3.0.jar:8.3.0 2aa586909b911e66e1d8863aa89f173d69f86cd2 - ishan - 2019-10-25 23:10:05]
	at com.carrotsearch.randomizedtesting.rules.StatementAdapter.evaluate(StatementAdapter.java:36) [randomizedtesting-runner-2.7.1.jar:?]
	at com.carrotsearch.randomizedtesting.ThreadLeakControl$StatementRunner.run(ThreadLeakControl.java:368) [randomizedtesting-runner-2.7.1.jar:?]
	at java.lang.Thread.run(Thread.java:835) [?:?]
[2020-02-17T08:54:42,791][INFO ][o.e.i.c.IndicesClusterStateServiceRandomUpdatesTests] [testRandomClusterStateUpdates] Iteration 17
[2020-02-17T08:54:42,791][INFO ][o.e.c.m.MetaDataDeleteIndexService] [testRandomClusterStateUpdates] [index_wpixeykwvhkludv/yPZR2Gv_Sy26eGTruKyCzA] deleting index
[2020-02-17T08:54:42,792][WARN ][o.e.c.r.a.AllocationService] [testRandomClusterStateUpdates] failing shard [failed shard, shard [index_wqccqwqbcjwydhy][0], node[node_006], [P], recovery_source[existing store recovery; bootstrap_history_uuid=false], s[INITIALIZING], a[id=jyFtqdiYQsGCPAtqrA_KTQ], unassigned_info[[reason=INDEX_REOPENED], at[2020-02-16T22:24:42.706Z], delayed=false, allocation_status[no_attempt]], message [fake shard failure], failure [Exception[null]], markAsStale [true]]
java.lang.Exception: null
	at org.elasticsearch.indices.cluster.IndicesClusterStateServiceRandomUpdatesTests.randomlyUpdateClusterState(IndicesClusterStateServiceRandomUpdatesTests.java:400) [test/:?]
	at org.elasticsearch.indices.cluster.IndicesClusterStateServiceRandomUpdatesTests.testRandomClusterStateUpdates(IndicesClusterStateServiceRandomUpdatesTests.java:116) [test/:?]
	at jdk.internal.reflect.NativeMethodAccessorImpl.invoke0(Native Method) ~[?:?]
	at jdk.internal.reflect.NativeMethodAccessorImpl.invoke(NativeMethodAccessorImpl.java:62) ~[?:?]
	at jdk.internal.reflect.DelegatingMethodAccessorImpl.invoke(DelegatingMethodAccessorImpl.java:43) ~[?:?]
	at java.lang.reflect.Method.invoke(Method.java:567) ~[?:?]
	at com.carrotsearch.randomizedtesting.RandomizedRunner.invoke(RandomizedRunner.java:1750) [randomizedtesting-runner-2.7.1.jar:?]
	at com.carrotsearch.randomizedtesting.RandomizedRunner$8.evaluate(RandomizedRunner.java:938) [randomizedtesting-runner-2.7.1.jar:?]
	at com.carrotsearch.randomizedtesting.RandomizedRunner$9.evaluate(RandomizedRunner.java:974) [randomizedtesting-runner-2.7.1.jar:?]
	at com.carrotsearch.randomizedtesting.RandomizedRunner$10.evaluate(RandomizedRunner.java:988) [randomizedtesting-runner-2.7.1.jar:?]
	at com.carrotsearch.randomizedtesting.rules.StatementAdapter.evaluate(StatementAdapter.java:36) [randomizedtesting-runner-2.7.1.jar:?]
	at org.apache.lucene.util.TestRuleSetupTeardownChained$1.evaluate(TestRuleSetupTeardownChained.java:49) [lucene-test-framework-8.3.0.jar:8.3.0 2aa586909b911e66e1d8863aa89f173d69f86cd2 - ishan - 2019-10-25 23:10:05]
	at org.apache.lucene.util.AbstractBeforeAfterRule$1.evaluate(AbstractBeforeAfterRule.java:45) [lucene-test-framework-8.3.0.jar:8.3.0 2aa586909b911e66e1d8863aa89f173d69f86cd2 - ishan - 2019-10-25 23:10:05]
	at org.apache.lucene.util.TestRuleThreadAndTestName$1.evaluate(TestRuleThreadAndTestName.java:48) [lucene-test-framework-8.3.0.jar:8.3.0 2aa586909b911e66e1d8863aa89f173d69f86cd2 - ishan - 2019-10-25 23:10:05]
	at org.apache.lucene.util.TestRuleIgnoreAfterMaxFailures$1.evaluate(TestRuleIgnoreAfterMaxFailures.java:64) [lucene-test-framework-8.3.0.jar:8.3.0 2aa586909b911e66e1d8863aa89f173d69f86cd2 - ishan - 2019-10-25 23:10:05]
	at org.apache.lucene.util.TestRuleMarkFailure$1.evaluate(TestRuleMarkFailure.java:47) [lucene-test-framework-8.3.0.jar:8.3.0 2aa586909b911e66e1d8863aa89f173d69f86cd2 - ishan - 2019-10-25 23:10:05]
	at com.carrotsearch.randomizedtesting.rules.StatementAdapter.evaluate(StatementAdapter.java:36) [randomizedtesting-runner-2.7.1.jar:?]
	at com.carrotsearch.randomizedtesting.ThreadLeakControl$StatementRunner.run(ThreadLeakControl.java:368) [randomizedtesting-runner-2.7.1.jar:?]
	at com.carrotsearch.randomizedtesting.ThreadLeakControl.forkTimeoutingTask(ThreadLeakControl.java:817) [randomizedtesting-runner-2.7.1.jar:?]
	at com.carrotsearch.randomizedtesting.ThreadLeakControl$3.evaluate(ThreadLeakControl.java:468) [randomizedtesting-runner-2.7.1.jar:?]
	at com.carrotsearch.randomizedtesting.RandomizedRunner.runSingleTest(RandomizedRunner.java:947) [randomizedtesting-runner-2.7.1.jar:?]
	at com.carrotsearch.randomizedtesting.RandomizedRunner$5.evaluate(RandomizedRunner.java:832) [randomizedtesting-runner-2.7.1.jar:?]
	at com.carrotsearch.randomizedtesting.RandomizedRunner$6.evaluate(RandomizedRunner.java:883) [randomizedtesting-runner-2.7.1.jar:?]
	at com.carrotsearch.randomizedtesting.RandomizedRunner$7.evaluate(RandomizedRunner.java:894) [randomizedtesting-runner-2.7.1.jar:?]
	at org.apache.lucene.util.AbstractBeforeAfterRule$1.evaluate(AbstractBeforeAfterRule.java:45) [lucene-test-framework-8.3.0.jar:8.3.0 2aa586909b911e66e1d8863aa89f173d69f86cd2 - ishan - 2019-10-25 23:10:05]
	at com.carrotsearch.randomizedtesting.rules.StatementAdapter.evaluate(StatementAdapter.java:36) [randomizedtesting-runner-2.7.1.jar:?]
	at org.apache.lucene.util.TestRuleStoreClassName$1.evaluate(TestRuleStoreClassName.java:41) [lucene-test-framework-8.3.0.jar:8.3.0 2aa586909b911e66e1d8863aa89f173d69f86cd2 - ishan - 2019-10-25 23:10:05]
	at com.carrotsearch.randomizedtesting.rules.NoShadowingOrOverridesOnMethodsRule$1.evaluate(NoShadowingOrOverridesOnMethodsRule.java:40) [randomizedtesting-runner-2.7.1.jar:?]
	at com.carrotsearch.randomizedtesting.rules.NoShadowingOrOverridesOnMethodsRule$1.evaluate(NoShadowingOrOverridesOnMethodsRule.java:40) [randomizedtesting-runner-2.7.1.jar:?]
	at com.carrotsearch.randomizedtesting.rules.StatementAdapter.evaluate(StatementAdapter.java:36) [randomizedtesting-runner-2.7.1.jar:?]
	at com.carrotsearch.randomizedtesting.rules.StatementAdapter.evaluate(StatementAdapter.java:36) [randomizedtesting-runner-2.7.1.jar:?]
	at org.apache.lucene.util.TestRuleAssertionsRequired$1.evaluate(TestRuleAssertionsRequired.java:53) [lucene-test-framework-8.3.0.jar:8.3.0 2aa586909b911e66e1d8863aa89f173d69f86cd2 - ishan - 2019-10-25 23:10:05]
	at org.apache.lucene.util.TestRuleMarkFailure$1.evaluate(TestRuleMarkFailure.java:47) [lucene-test-framework-8.3.0.jar:8.3.0 2aa586909b911e66e1d8863aa89f173d69f86cd2 - ishan - 2019-10-25 23:10:05]
	at org.apache.lucene.util.TestRuleIgnoreAfterMaxFailures$1.evaluate(TestRuleIgnoreAfterMaxFailures.java:64) [lucene-test-framework-8.3.0.jar:8.3.0 2aa586909b911e66e1d8863aa89f173d69f86cd2 - ishan - 2019-10-25 23:10:05]
	at org.apache.lucene.util.TestRuleIgnoreTestSuites$1.evaluate(TestRuleIgnoreTestSuites.java:54) [lucene-test-framework-8.3.0.jar:8.3.0 2aa586909b911e66e1d8863aa89f173d69f86cd2 - ishan - 2019-10-25 23:10:05]
	at com.carrotsearch.randomizedtesting.rules.StatementAdapter.evaluate(StatementAdapter.java:36) [randomizedtesting-runner-2.7.1.jar:?]
	at com.carrotsearch.randomizedtesting.ThreadLeakControl$StatementRunner.run(ThreadLeakControl.java:368) [randomizedtesting-runner-2.7.1.jar:?]
	at java.lang.Thread.run(Thread.java:835) [?:?]
[2020-02-17T08:54:42,797][INFO ][o.e.i.c.IndicesClusterStateServiceRandomUpdatesTests] [testRandomClusterStateUpdates] Iteration 18
[2020-02-17T08:54:42,798][INFO ][o.e.c.m.MetaDataCreateIndexService] [testRandomClusterStateUpdates] [index_ejynqpyqaeufmio] creating index, cause [api], templates [], shards [2]/[0], mappings []
[2020-02-17T08:54:42,800][INFO ][o.e.c.m.MetaDataCreateIndexService] [testRandomClusterStateUpdates] [index_xgqwgljelovzbes] creating index, cause [api], templates [], shards [3]/[2], mappings []
[2020-02-17T08:54:42,801][INFO ][o.e.c.m.MetaDataCreateIndexService] [testRandomClusterStateUpdates] [index_rhlqqqpgyhiwaja] creating index, cause [api], templates [], shards [2]/[1], mappings []
[2020-02-17T08:54:42,803][WARN ][o.e.c.r.a.AllocationService] [testRandomClusterStateUpdates] failing shard [failed shard, shard [index_wqccqwqbcjwydhy][2], node[node_002], [P], s[STARTED], a[id=m--ZAaS2Q4msIN0xMPAgQQ], message [fake shard failure], failure [Exception[null]], markAsStale [false]]
java.lang.Exception: null
	at org.elasticsearch.indices.cluster.IndicesClusterStateServiceRandomUpdatesTests.randomlyUpdateClusterState(IndicesClusterStateServiceRandomUpdatesTests.java:400) [test/:?]
	at org.elasticsearch.indices.cluster.IndicesClusterStateServiceRandomUpdatesTests.testRandomClusterStateUpdates(IndicesClusterStateServiceRandomUpdatesTests.java:116) [test/:?]
	at jdk.internal.reflect.NativeMethodAccessorImpl.invoke0(Native Method) ~[?:?]
	at jdk.internal.reflect.NativeMethodAccessorImpl.invoke(NativeMethodAccessorImpl.java:62) ~[?:?]
	at jdk.internal.reflect.DelegatingMethodAccessorImpl.invoke(DelegatingMethodAccessorImpl.java:43) ~[?:?]
	at java.lang.reflect.Method.invoke(Method.java:567) ~[?:?]
	at com.carrotsearch.randomizedtesting.RandomizedRunner.invoke(RandomizedRunner.java:1750) [randomizedtesting-runner-2.7.1.jar:?]
	at com.carrotsearch.randomizedtesting.RandomizedRunner$8.evaluate(RandomizedRunner.java:938) [randomizedtesting-runner-2.7.1.jar:?]
	at com.carrotsearch.randomizedtesting.RandomizedRunner$9.evaluate(RandomizedRunner.java:974) [randomizedtesting-runner-2.7.1.jar:?]
	at com.carrotsearch.randomizedtesting.RandomizedRunner$10.evaluate(RandomizedRunner.java:988) [randomizedtesting-runner-2.7.1.jar:?]
	at com.carrotsearch.randomizedtesting.rules.StatementAdapter.evaluate(StatementAdapter.java:36) [randomizedtesting-runner-2.7.1.jar:?]
	at org.apache.lucene.util.TestRuleSetupTeardownChained$1.evaluate(TestRuleSetupTeardownChained.java:49) [lucene-test-framework-8.3.0.jar:8.3.0 2aa586909b911e66e1d8863aa89f173d69f86cd2 - ishan - 2019-10-25 23:10:05]
	at org.apache.lucene.util.AbstractBeforeAfterRule$1.evaluate(AbstractBeforeAfterRule.java:45) [lucene-test-framework-8.3.0.jar:8.3.0 2aa586909b911e66e1d8863aa89f173d69f86cd2 - ishan - 2019-10-25 23:10:05]
	at org.apache.lucene.util.TestRuleThreadAndTestName$1.evaluate(TestRuleThreadAndTestName.java:48) [lucene-test-framework-8.3.0.jar:8.3.0 2aa586909b911e66e1d8863aa89f173d69f86cd2 - ishan - 2019-10-25 23:10:05]
	at org.apache.lucene.util.TestRuleIgnoreAfterMaxFailures$1.evaluate(TestRuleIgnoreAfterMaxFailures.java:64) [lucene-test-framework-8.3.0.jar:8.3.0 2aa586909b911e66e1d8863aa89f173d69f86cd2 - ishan - 2019-10-25 23:10:05]
	at org.apache.lucene.util.TestRuleMarkFailure$1.evaluate(TestRuleMarkFailure.java:47) [lucene-test-framework-8.3.0.jar:8.3.0 2aa586909b911e66e1d8863aa89f173d69f86cd2 - ishan - 2019-10-25 23:10:05]
	at com.carrotsearch.randomizedtesting.rules.StatementAdapter.evaluate(StatementAdapter.java:36) [randomizedtesting-runner-2.7.1.jar:?]
	at com.carrotsearch.randomizedtesting.ThreadLeakControl$StatementRunner.run(ThreadLeakControl.java:368) [randomizedtesting-runner-2.7.1.jar:?]
	at com.carrotsearch.randomizedtesting.ThreadLeakControl.forkTimeoutingTask(ThreadLeakControl.java:817) [randomizedtesting-runner-2.7.1.jar:?]
	at com.carrotsearch.randomizedtesting.ThreadLeakControl$3.evaluate(ThreadLeakControl.java:468) [randomizedtesting-runner-2.7.1.jar:?]
	at com.carrotsearch.randomizedtesting.RandomizedRunner.runSingleTest(RandomizedRunner.java:947) [randomizedtesting-runner-2.7.1.jar:?]
	at com.carrotsearch.randomizedtesting.RandomizedRunner$5.evaluate(RandomizedRunner.java:832) [randomizedtesting-runner-2.7.1.jar:?]
	at com.carrotsearch.randomizedtesting.RandomizedRunner$6.evaluate(RandomizedRunner.java:883) [randomizedtesting-runner-2.7.1.jar:?]
	at com.carrotsearch.randomizedtesting.RandomizedRunner$7.evaluate(RandomizedRunner.java:894) [randomizedtesting-runner-2.7.1.jar:?]
	at org.apache.lucene.util.AbstractBeforeAfterRule$1.evaluate(AbstractBeforeAfterRule.java:45) [lucene-test-framework-8.3.0.jar:8.3.0 2aa586909b911e66e1d8863aa89f173d69f86cd2 - ishan - 2019-10-25 23:10:05]
	at com.carrotsearch.randomizedtesting.rules.StatementAdapter.evaluate(StatementAdapter.java:36) [randomizedtesting-runner-2.7.1.jar:?]
	at org.apache.lucene.util.TestRuleStoreClassName$1.evaluate(TestRuleStoreClassName.java:41) [lucene-test-framework-8.3.0.jar:8.3.0 2aa586909b911e66e1d8863aa89f173d69f86cd2 - ishan - 2019-10-25 23:10:05]
	at com.carrotsearch.randomizedtesting.rules.NoShadowingOrOverridesOnMethodsRule$1.evaluate(NoShadowingOrOverridesOnMethodsRule.java:40) [randomizedtesting-runner-2.7.1.jar:?]
	at com.carrotsearch.randomizedtesting.rules.NoShadowingOrOverridesOnMethodsRule$1.evaluate(NoShadowingOrOverridesOnMethodsRule.java:40) [randomizedtesting-runner-2.7.1.jar:?]
	at com.carrotsearch.randomizedtesting.rules.StatementAdapter.evaluate(StatementAdapter.java:36) [randomizedtesting-runner-2.7.1.jar:?]
	at com.carrotsearch.randomizedtesting.rules.StatementAdapter.evaluate(StatementAdapter.java:36) [randomizedtesting-runner-2.7.1.jar:?]
	at org.apache.lucene.util.TestRuleAssertionsRequired$1.evaluate(TestRuleAssertionsRequired.java:53) [lucene-test-framework-8.3.0.jar:8.3.0 2aa586909b911e66e1d8863aa89f173d69f86cd2 - ishan - 2019-10-25 23:10:05]
	at org.apache.lucene.util.TestRuleMarkFailure$1.evaluate(TestRuleMarkFailure.java:47) [lucene-test-framework-8.3.0.jar:8.3.0 2aa586909b911e66e1d8863aa89f173d69f86cd2 - ishan - 2019-10-25 23:10:05]
	at org.apache.lucene.util.TestRuleIgnoreAfterMaxFailures$1.evaluate(TestRuleIgnoreAfterMaxFailures.java:64) [lucene-test-framework-8.3.0.jar:8.3.0 2aa586909b911e66e1d8863aa89f173d69f86cd2 - ishan - 2019-10-25 23:10:05]
	at org.apache.lucene.util.TestRuleIgnoreTestSuites$1.evaluate(TestRuleIgnoreTestSuites.java:54) [lucene-test-framework-8.3.0.jar:8.3.0 2aa586909b911e66e1d8863aa89f173d69f86cd2 - ishan - 2019-10-25 23:10:05]
	at com.carrotsearch.randomizedtesting.rules.StatementAdapter.evaluate(StatementAdapter.java:36) [randomizedtesting-runner-2.7.1.jar:?]
	at com.carrotsearch.randomizedtesting.ThreadLeakControl$StatementRunner.run(ThreadLeakControl.java:368) [randomizedtesting-runner-2.7.1.jar:?]
	at java.lang.Thread.run(Thread.java:835) [?:?]
[2020-02-17T08:54:42,806][INFO ][o.e.c.m.MetaDataCreateIndexService] [testRandomClusterStateUpdates] [index_bdjlhdbkrfjxolc] creating index, cause [api], templates [], shards [3]/[1], mappings []
[2020-02-17T08:54:42,807][INFO ][o.e.c.m.MetaDataCreateIndexService] [testRandomClusterStateUpdates] [index_lzzqaolkqgsnfms] creating index, cause [api], templates [], shards [2]/[2], mappings []
[2020-02-17T08:54:42,808][INFO ][o.e.c.m.MetaDataDeleteIndexService] [testRandomClusterStateUpdates] [index_ampeeghwgzmrmbd/bDnJ6SEfTySHQu6-vsRTwQ] deleting index
[2020-02-17T08:54:42,809][INFO ][o.e.c.m.MetaDataIndexStateService] [testRandomClusterStateUpdates] closing indices [index_rhlqqqpgyhiwaja/ViBMdzdTSSWN34YmRs9WvQ]
[2020-02-17T08:54:42,809][INFO ][o.e.c.m.MetaDataIndexStateService] [testRandomClusterStateUpdates] completed closing of indices [index_rhlqqqpgyhiwaja]
[2020-02-17T08:54:42,810][INFO ][o.e.c.m.MetaDataUpdateSettingsService] [testRandomClusterStateUpdates] updating number_of_replicas to [0] for indices [index_hamxtpefdeisohh, index_cezemityllqlkxt]
[2020-02-17T08:54:42,812][INFO ][o.e.c.s.IndexScopedSettings] [testRandomClusterStateUpdates] updating [index.refresh_interval] from [1s] to [5s]
[2020-02-17T08:54:42,812][INFO ][o.e.c.s.IndexScopedSettings] [testRandomClusterStateUpdates] updating [index.refresh_interval] from [1s] to [5s]
[2020-02-17T08:54:42,814][INFO ][o.e.c.s.IndexScopedSettings] [testRandomClusterStateUpdates] updating [index.refresh_interval] from [1s] to [5s]
[2020-02-17T08:54:42,814][INFO ][o.e.c.s.IndexScopedSettings] [testRandomClusterStateUpdates] updating [index.refresh_interval] from [1s] to [5s]
[2020-02-17T08:54:42,816][INFO ][o.e.c.s.IndexScopedSettings] [testRandomClusterStateUpdates] updating [index.refresh_interval] from [1s] to [5s]
[2020-02-17T08:54:42,817][INFO ][o.e.i.c.IndicesClusterStateServiceRandomUpdatesTests] [testRandomClusterStateUpdates] Iteration 19
[2020-02-17T08:54:42,818][INFO ][o.e.i.c.IndicesClusterStateServiceRandomUpdatesTests] [testRandomClusterStateUpdates] Iteration 20
[2020-02-17T08:54:42,819][INFO ][o.e.i.c.IndicesClusterStateServiceRandomUpdatesTests] [testRandomClusterStateUpdates] Iteration 21
[2020-02-17T08:54:42,820][INFO ][o.e.c.m.MetaDataCreateIndexService] [testRandomClusterStateUpdates] [index_isygnhxattftjnx] creating index, cause [api], templates [], shards [3]/[1], mappings []
[2020-02-17T08:54:42,820][INFO ][o.e.c.r.a.AllocationService] [testRandomClusterStateUpdates] updating number_of_replicas to [2] for indices [index_isygnhxattftjnx]
[2020-02-17T08:54:42,821][INFO ][o.e.c.m.MetaDataIndexStateService] [testRandomClusterStateUpdates] closing indices [index_hamxtpefdeisohh/i0sBuc0FTqiHPFd1lSL9fQ]
[2020-02-17T08:54:42,821][INFO ][o.e.c.m.MetaDataIndexStateService] [testRandomClusterStateUpdates] completed closing of indices [index_hamxtpefdeisohh]
[2020-02-17T08:54:42,824][INFO ][o.e.c.m.MetaDataCreateIndexService] [testRandomClusterStateUpdates] [index_ywracopujgubtfb] creating index, cause [api], templates [], shards [1]/[1], mappings []
[2020-02-17T08:54:42,825][INFO ][o.e.c.m.MetaDataDeleteIndexService] [testRandomClusterStateUpdates] [index_ieiacownehvgoby/-yiMe0HJRg25u6e6zZCchw] deleting index
[2020-02-17T08:54:42,826][WARN ][o.e.c.r.a.AllocationService] [testRandomClusterStateUpdates] failing shard [failed shard, shard [index_dvbjfesatpyabbt][0], node[node_003], [R], s[STARTED], a[id=NKI10O_eQ5CXEzZAZ6w3og], message [fake shard failure], failure [Exception[null]], markAsStale [true]]
java.lang.Exception: null
	at org.elasticsearch.indices.cluster.IndicesClusterStateServiceRandomUpdatesTests.randomlyUpdateClusterState(IndicesClusterStateServiceRandomUpdatesTests.java:400) [test/:?]
	at org.elasticsearch.indices.cluster.IndicesClusterStateServiceRandomUpdatesTests.testRandomClusterStateUpdates(IndicesClusterStateServiceRandomUpdatesTests.java:116) [test/:?]
	at jdk.internal.reflect.NativeMethodAccessorImpl.invoke0(Native Method) ~[?:?]
	at jdk.internal.reflect.NativeMethodAccessorImpl.invoke(NativeMethodAccessorImpl.java:62) ~[?:?]
	at jdk.internal.reflect.DelegatingMethodAccessorImpl.invoke(DelegatingMethodAccessorImpl.java:43) ~[?:?]
	at java.lang.reflect.Method.invoke(Method.java:567) ~[?:?]
	at com.carrotsearch.randomizedtesting.RandomizedRunner.invoke(RandomizedRunner.java:1750) [randomizedtesting-runner-2.7.1.jar:?]
	at com.carrotsearch.randomizedtesting.RandomizedRunner$8.evaluate(RandomizedRunner.java:938) [randomizedtesting-runner-2.7.1.jar:?]
	at com.carrotsearch.randomizedtesting.RandomizedRunner$9.evaluate(RandomizedRunner.java:974) [randomizedtesting-runner-2.7.1.jar:?]
	at com.carrotsearch.randomizedtesting.RandomizedRunner$10.evaluate(RandomizedRunner.java:988) [randomizedtesting-runner-2.7.1.jar:?]
	at com.carrotsearch.randomizedtesting.rules.StatementAdapter.evaluate(StatementAdapter.java:36) [randomizedtesting-runner-2.7.1.jar:?]
	at org.apache.lucene.util.TestRuleSetupTeardownChained$1.evaluate(TestRuleSetupTeardownChained.java:49) [lucene-test-framework-8.3.0.jar:8.3.0 2aa586909b911e66e1d8863aa89f173d69f86cd2 - ishan - 2019-10-25 23:10:05]
	at org.apache.lucene.util.AbstractBeforeAfterRule$1.evaluate(AbstractBeforeAfterRule.java:45) [lucene-test-framework-8.3.0.jar:8.3.0 2aa586909b911e66e1d8863aa89f173d69f86cd2 - ishan - 2019-10-25 23:10:05]
	at org.apache.lucene.util.TestRuleThreadAndTestName$1.evaluate(TestRuleThreadAndTestName.java:48) [lucene-test-framework-8.3.0.jar:8.3.0 2aa586909b911e66e1d8863aa89f173d69f86cd2 - ishan - 2019-10-25 23:10:05]
	at org.apache.lucene.util.TestRuleIgnoreAfterMaxFailures$1.evaluate(TestRuleIgnoreAfterMaxFailures.java:64) [lucene-test-framework-8.3.0.jar:8.3.0 2aa586909b911e66e1d8863aa89f173d69f86cd2 - ishan - 2019-10-25 23:10:05]
	at org.apache.lucene.util.TestRuleMarkFailure$1.evaluate(TestRuleMarkFailure.java:47) [lucene-test-framework-8.3.0.jar:8.3.0 2aa586909b911e66e1d8863aa89f173d69f86cd2 - ishan - 2019-10-25 23:10:05]
	at com.carrotsearch.randomizedtesting.rules.StatementAdapter.evaluate(StatementAdapter.java:36) [randomizedtesting-runner-2.7.1.jar:?]
	at com.carrotsearch.randomizedtesting.ThreadLeakControl$StatementRunner.run(ThreadLeakControl.java:368) [randomizedtesting-runner-2.7.1.jar:?]
	at com.carrotsearch.randomizedtesting.ThreadLeakControl.forkTimeoutingTask(ThreadLeakControl.java:817) [randomizedtesting-runner-2.7.1.jar:?]
	at com.carrotsearch.randomizedtesting.ThreadLeakControl$3.evaluate(ThreadLeakControl.java:468) [randomizedtesting-runner-2.7.1.jar:?]
	at com.carrotsearch.randomizedtesting.RandomizedRunner.runSingleTest(RandomizedRunner.java:947) [randomizedtesting-runner-2.7.1.jar:?]
	at com.carrotsearch.randomizedtesting.RandomizedRunner$5.evaluate(RandomizedRunner.java:832) [randomizedtesting-runner-2.7.1.jar:?]
	at com.carrotsearch.randomizedtesting.RandomizedRunner$6.evaluate(RandomizedRunner.java:883) [randomizedtesting-runner-2.7.1.jar:?]
	at com.carrotsearch.randomizedtesting.RandomizedRunner$7.evaluate(RandomizedRunner.java:894) [randomizedtesting-runner-2.7.1.jar:?]
	at org.apache.lucene.util.AbstractBeforeAfterRule$1.evaluate(AbstractBeforeAfterRule.java:45) [lucene-test-framework-8.3.0.jar:8.3.0 2aa586909b911e66e1d8863aa89f173d69f86cd2 - ishan - 2019-10-25 23:10:05]
	at com.carrotsearch.randomizedtesting.rules.StatementAdapter.evaluate(StatementAdapter.java:36) [randomizedtesting-runner-2.7.1.jar:?]
	at org.apache.lucene.util.TestRuleStoreClassName$1.evaluate(TestRuleStoreClassName.java:41) [lucene-test-framework-8.3.0.jar:8.3.0 2aa586909b911e66e1d8863aa89f173d69f86cd2 - ishan - 2019-10-25 23:10:05]
	at com.carrotsearch.randomizedtesting.rules.NoShadowingOrOverridesOnMethodsRule$1.evaluate(NoShadowingOrOverridesOnMethodsRule.java:40) [randomizedtesting-runner-2.7.1.jar:?]
	at com.carrotsearch.randomizedtesting.rules.NoShadowingOrOverridesOnMethodsRule$1.evaluate(NoShadowingOrOverridesOnMethodsRule.java:40) [randomizedtesting-runner-2.7.1.jar:?]
	at com.carrotsearch.randomizedtesting.rules.StatementAdapter.evaluate(StatementAdapter.java:36) [randomizedtesting-runner-2.7.1.jar:?]
	at com.carrotsearch.randomizedtesting.rules.StatementAdapter.evaluate(StatementAdapter.java:36) [randomizedtesting-runner-2.7.1.jar:?]
	at org.apache.lucene.util.TestRuleAssertionsRequired$1.evaluate(TestRuleAssertionsRequired.java:53) [lucene-test-framework-8.3.0.jar:8.3.0 2aa586909b911e66e1d8863aa89f173d69f86cd2 - ishan - 2019-10-25 23:10:05]
	at org.apache.lucene.util.TestRuleMarkFailure$1.evaluate(TestRuleMarkFailure.java:47) [lucene-test-framework-8.3.0.jar:8.3.0 2aa586909b911e66e1d8863aa89f173d69f86cd2 - ishan - 2019-10-25 23:10:05]
	at org.apache.lucene.util.TestRuleIgnoreAfterMaxFailures$1.evaluate(TestRuleIgnoreAfterMaxFailures.java:64) [lucene-test-framework-8.3.0.jar:8.3.0 2aa586909b911e66e1d8863aa89f173d69f86cd2 - ishan - 2019-10-25 23:10:05]
	at org.apache.lucene.util.TestRuleIgnoreTestSuites$1.evaluate(TestRuleIgnoreTestSuites.java:54) [lucene-test-framework-8.3.0.jar:8.3.0 2aa586909b911e66e1d8863aa89f173d69f86cd2 - ishan - 2019-10-25 23:10:05]
	at com.carrotsearch.randomizedtesting.rules.StatementAdapter.evaluate(StatementAdapter.java:36) [randomizedtesting-runner-2.7.1.jar:?]
	at com.carrotsearch.randomizedtesting.ThreadLeakControl$StatementRunner.run(ThreadLeakControl.java:368) [randomizedtesting-runner-2.7.1.jar:?]
	at java.lang.Thread.run(Thread.java:835) [?:?]
[2020-02-17T08:54:42,832][INFO ][o.e.i.c.IndicesClusterStateServiceRandomUpdatesTests] [testRandomClusterStateUpdates] Iteration 22
[2020-02-17T08:54:42,833][INFO ][o.e.c.m.MetaDataCreateIndexService] [testRandomClusterStateUpdates] [index_kwrqrkmepkrmjwk] creating index, cause [api], templates [], shards [3]/[1], mappings []
[2020-02-17T08:54:42,833][INFO ][o.e.c.r.a.AllocationService] [testRandomClusterStateUpdates] updating number_of_replicas to [2] for indices [index_kwrqrkmepkrmjwk]
[2020-02-17T08:54:42,835][INFO ][o.e.c.m.MetaDataDeleteIndexService] [testRandomClusterStateUpdates] [index_lzzqaolkqgsnfms/aMAk5BUmTDecK8g1KvK9Yw] deleting index
[2020-02-17T08:54:42,835][INFO ][o.e.c.m.MetaDataDeleteIndexService] [testRandomClusterStateUpdates] [index_wsushhzoxdgikea/TYhgDeUYRT2yHhuvHesyfw] deleting index
[2020-02-17T08:54:42,835][INFO ][o.e.c.m.MetaDataIndexStateService] [testRandomClusterStateUpdates] closing indices [index_lbozkctdfwqrnnc/fhvY-eiDQ0ek_rlpZ-4K9Q]
[2020-02-17T08:54:42,836][INFO ][o.e.c.m.MetaDataIndexStateService] [testRandomClusterStateUpdates] completed closing of indices [index_lbozkctdfwqrnnc]
[2020-02-17T08:54:42,837][INFO ][o.e.c.m.MetaDataUpdateSettingsService] [testRandomClusterStateUpdates] updating number_of_replicas to [0] for indices [index_ljuapmknmeyszla]
[2020-02-17T08:54:42,839][WARN ][o.e.c.r.a.AllocationService] [testRandomClusterStateUpdates] failing shard [failed shard, shard [index_wuswjvknqtdgvfu][0], node[node_002], [R], s[STARTED], a[id=VtmQnRlSQlO-w6ZOyAyJKA], message [fake shard failure], failure [Exception[null]], markAsStale [false]]
java.lang.Exception: null
	at org.elasticsearch.indices.cluster.IndicesClusterStateServiceRandomUpdatesTests.randomlyUpdateClusterState(IndicesClusterStateServiceRandomUpdatesTests.java:400) [test/:?]
	at org.elasticsearch.indices.cluster.IndicesClusterStateServiceRandomUpdatesTests.testRandomClusterStateUpdates(IndicesClusterStateServiceRandomUpdatesTests.java:116) [test/:?]
	at jdk.internal.reflect.NativeMethodAccessorImpl.invoke0(Native Method) ~[?:?]
	at jdk.internal.reflect.NativeMethodAccessorImpl.invoke(NativeMethodAccessorImpl.java:62) ~[?:?]
	at jdk.internal.reflect.DelegatingMethodAccessorImpl.invoke(DelegatingMethodAccessorImpl.java:43) ~[?:?]
	at java.lang.reflect.Method.invoke(Method.java:567) ~[?:?]
	at com.carrotsearch.randomizedtesting.RandomizedRunner.invoke(RandomizedRunner.java:1750) [randomizedtesting-runner-2.7.1.jar:?]
	at com.carrotsearch.randomizedtesting.RandomizedRunner$8.evaluate(RandomizedRunner.java:938) [randomizedtesting-runner-2.7.1.jar:?]
	at com.carrotsearch.randomizedtesting.RandomizedRunner$9.evaluate(RandomizedRunner.java:974) [randomizedtesting-runner-2.7.1.jar:?]
	at com.carrotsearch.randomizedtesting.RandomizedRunner$10.evaluate(RandomizedRunner.java:988) [randomizedtesting-runner-2.7.1.jar:?]
	at com.carrotsearch.randomizedtesting.rules.StatementAdapter.evaluate(StatementAdapter.java:36) [randomizedtesting-runner-2.7.1.jar:?]
	at org.apache.lucene.util.TestRuleSetupTeardownChained$1.evaluate(TestRuleSetupTeardownChained.java:49) [lucene-test-framework-8.3.0.jar:8.3.0 2aa586909b911e66e1d8863aa89f173d69f86cd2 - ishan - 2019-10-25 23:10:05]
	at org.apache.lucene.util.AbstractBeforeAfterRule$1.evaluate(AbstractBeforeAfterRule.java:45) [lucene-test-framework-8.3.0.jar:8.3.0 2aa586909b911e66e1d8863aa89f173d69f86cd2 - ishan - 2019-10-25 23:10:05]
	at org.apache.lucene.util.TestRuleThreadAndTestName$1.evaluate(TestRuleThreadAndTestName.java:48) [lucene-test-framework-8.3.0.jar:8.3.0 2aa586909b911e66e1d8863aa89f173d69f86cd2 - ishan - 2019-10-25 23:10:05]
	at org.apache.lucene.util.TestRuleIgnoreAfterMaxFailures$1.evaluate(TestRuleIgnoreAfterMaxFailures.java:64) [lucene-test-framework-8.3.0.jar:8.3.0 2aa586909b911e66e1d8863aa89f173d69f86cd2 - ishan - 2019-10-25 23:10:05]
	at org.apache.lucene.util.TestRuleMarkFailure$1.evaluate(TestRuleMarkFailure.java:47) [lucene-test-framework-8.3.0.jar:8.3.0 2aa586909b911e66e1d8863aa89f173d69f86cd2 - ishan - 2019-10-25 23:10:05]
	at com.carrotsearch.randomizedtesting.rules.StatementAdapter.evaluate(StatementAdapter.java:36) [randomizedtesting-runner-2.7.1.jar:?]
	at com.carrotsearch.randomizedtesting.ThreadLeakControl$StatementRunner.run(ThreadLeakControl.java:368) [randomizedtesting-runner-2.7.1.jar:?]
	at com.carrotsearch.randomizedtesting.ThreadLeakControl.forkTimeoutingTask(ThreadLeakControl.java:817) [randomizedtesting-runner-2.7.1.jar:?]
	at com.carrotsearch.randomizedtesting.ThreadLeakControl$3.evaluate(ThreadLeakControl.java:468) [randomizedtesting-runner-2.7.1.jar:?]
	at com.carrotsearch.randomizedtesting.RandomizedRunner.runSingleTest(RandomizedRunner.java:947) [randomizedtesting-runner-2.7.1.jar:?]
	at com.carrotsearch.randomizedtesting.RandomizedRunner$5.evaluate(RandomizedRunner.java:832) [randomizedtesting-runner-2.7.1.jar:?]
	at com.carrotsearch.randomizedtesting.RandomizedRunner$6.evaluate(RandomizedRunner.java:883) [randomizedtesting-runner-2.7.1.jar:?]
	at com.carrotsearch.randomizedtesting.RandomizedRunner$7.evaluate(RandomizedRunner.java:894) [randomizedtesting-runner-2.7.1.jar:?]
	at org.apache.lucene.util.AbstractBeforeAfterRule$1.evaluate(AbstractBeforeAfterRule.java:45) [lucene-test-framework-8.3.0.jar:8.3.0 2aa586909b911e66e1d8863aa89f173d69f86cd2 - ishan - 2019-10-25 23:10:05]
	at com.carrotsearch.randomizedtesting.rules.StatementAdapter.evaluate(StatementAdapter.java:36) [randomizedtesting-runner-2.7.1.jar:?]
	at org.apache.lucene.util.TestRuleStoreClassName$1.evaluate(TestRuleStoreClassName.java:41) [lucene-test-framework-8.3.0.jar:8.3.0 2aa586909b911e66e1d8863aa89f173d69f86cd2 - ishan - 2019-10-25 23:10:05]
	at com.carrotsearch.randomizedtesting.rules.NoShadowingOrOverridesOnMethodsRule$1.evaluate(NoShadowingOrOverridesOnMethodsRule.java:40) [randomizedtesting-runner-2.7.1.jar:?]
	at com.carrotsearch.randomizedtesting.rules.NoShadowingOrOverridesOnMethodsRule$1.evaluate(NoShadowingOrOverridesOnMethodsRule.java:40) [randomizedtesting-runner-2.7.1.jar:?]
	at com.carrotsearch.randomizedtesting.rules.StatementAdapter.evaluate(StatementAdapter.java:36) [randomizedtesting-runner-2.7.1.jar:?]
	at com.carrotsearch.randomizedtesting.rules.StatementAdapter.evaluate(StatementAdapter.java:36) [randomizedtesting-runner-2.7.1.jar:?]
	at org.apache.lucene.util.TestRuleAssertionsRequired$1.evaluate(TestRuleAssertionsRequired.java:53) [lucene-test-framework-8.3.0.jar:8.3.0 2aa586909b911e66e1d8863aa89f173d69f86cd2 - ishan - 2019-10-25 23:10:05]
	at org.apache.lucene.util.TestRuleMarkFailure$1.evaluate(TestRuleMarkFailure.java:47) [lucene-test-framework-8.3.0.jar:8.3.0 2aa586909b911e66e1d8863aa89f173d69f86cd2 - ishan - 2019-10-25 23:10:05]
	at org.apache.lucene.util.TestRuleIgnoreAfterMaxFailures$1.evaluate(TestRuleIgnoreAfterMaxFailures.java:64) [lucene-test-framework-8.3.0.jar:8.3.0 2aa586909b911e66e1d8863aa89f173d69f86cd2 - ishan - 2019-10-25 23:10:05]
	at org.apache.lucene.util.TestRuleIgnoreTestSuites$1.evaluate(TestRuleIgnoreTestSuites.java:54) [lucene-test-framework-8.3.0.jar:8.3.0 2aa586909b911e66e1d8863aa89f173d69f86cd2 - ishan - 2019-10-25 23:10:05]
	at com.carrotsearch.randomizedtesting.rules.StatementAdapter.evaluate(StatementAdapter.java:36) [randomizedtesting-runner-2.7.1.jar:?]
	at com.carrotsearch.randomizedtesting.ThreadLeakControl$StatementRunner.run(ThreadLeakControl.java:368) [randomizedtesting-runner-2.7.1.jar:?]
	at java.lang.Thread.run(Thread.java:835) [?:?]
[2020-02-17T08:54:42,842][INFO ][o.e.c.s.IndexScopedSettings] [testRandomClusterStateUpdates] updating [index.refresh_interval] from [1s] to [4s]
[2020-02-17T08:54:42,844][INFO ][o.e.c.s.IndexScopedSettings] [testRandomClusterStateUpdates] updating [index.refresh_interval] from [1s] to [4s]
[2020-02-17T08:54:42,847][INFO ][o.e.c.s.IndexScopedSettings] [testRandomClusterStateUpdates] updating [index.refresh_interval] from [1s] to [4s]
[2020-02-17T08:54:42,848][INFO ][o.e.i.c.IndicesClusterStateServiceRandomUpdatesTests] [testRandomClusterStateUpdates] Iteration 23
[2020-02-17T08:54:42,850][INFO ][o.e.c.m.MetaDataCreateIndexService] [testRandomClusterStateUpdates] [index_czbomyqorhxrqbp] creating index, cause [api], templates [], shards [2]/[0], mappings []
[2020-02-17T08:54:42,852][INFO ][o.e.c.m.MetaDataCreateIndexService] [testRandomClusterStateUpdates] [index_cptkgayesaszaok] creating index, cause [api], templates [], shards [3]/[0], mappings []
[2020-02-17T08:54:42,857][INFO ][o.e.c.m.MetaDataCreateIndexService] [testRandomClusterStateUpdates] [index_nmhhghfuktdczxt] creating index, cause [api], templates [], shards [3]/[1], mappings []
[2020-02-17T08:54:42,857][INFO ][o.e.c.r.a.AllocationService] [testRandomClusterStateUpdates] updating number_of_replicas to [2] for indices [index_nmhhghfuktdczxt]
[2020-02-17T08:54:42,859][INFO ][o.e.c.m.MetaDataDeleteIndexService] [testRandomClusterStateUpdates] [index_ddfnlfefotruywi/_1cbI0P3TnWbLKgXyKN2_g] deleting index
[2020-02-17T08:54:42,859][INFO ][o.e.c.m.MetaDataDeleteIndexService] [testRandomClusterStateUpdates] [index_ljuapmknmeyszla/KMx9Yk_1Q1anx0uqe1uEfQ] deleting index
[2020-02-17T08:54:42,860][INFO ][o.e.c.m.MetaDataIndexStateService] [testRandomClusterStateUpdates] closing indices [index_xgqwgljelovzbes/qiZ16E_OTueDzu45l8zRtA]
[2020-02-17T08:54:42,860][INFO ][o.e.c.m.MetaDataIndexStateService] [testRandomClusterStateUpdates] completed closing of indices [index_xgqwgljelovzbes]
[2020-02-17T08:54:42,861][INFO ][o.e.c.m.MetaDataUpdateSettingsService] [testRandomClusterStateUpdates] updating number_of_replicas to [1] for indices [index_wuswjvknqtdgvfu]
[2020-02-17T08:54:42,863][INFO ][o.e.c.m.MetaDataDeleteIndexService] [testRandomClusterStateUpdates] [index_bdjlhdbkrfjxolc/muyEYUoRQFykGQMXl3D5CA] deleting index
[2020-02-17T08:54:42,863][INFO ][o.e.c.m.MetaDataDeleteIndexService] [testRandomClusterStateUpdates] [index_ejynqpyqaeufmio/VRACAK7_R0iFoOYiL2Y-_Q] deleting index
[2020-02-17T08:54:42,867][INFO ][o.e.c.s.IndexScopedSettings] [testRandomClusterStateUpdates] updating [index.refresh_interval] from [1s] to [2s]
[2020-02-17T08:54:42,867][INFO ][o.e.c.s.IndexScopedSettings] [testRandomClusterStateUpdates] updating [index.refresh_interval] from [1s] to [5s]
[2020-02-17T08:54:42,867][INFO ][o.e.c.s.IndexScopedSettings] [testRandomClusterStateUpdates] updating [index.refresh_interval] from [5s] to [2s]
[2020-02-17T08:54:42,869][INFO ][o.e.c.s.IndexScopedSettings] [testRandomClusterStateUpdates] updating [index.refresh_interval] from [1s] to [2s]
[2020-02-17T08:54:42,870][INFO ][o.e.c.s.IndexScopedSettings] [testRandomClusterStateUpdates] updating [index.refresh_interval] from [1s] to [5s]
[2020-02-17T08:54:42,870][INFO ][o.e.c.s.IndexScopedSettings] [testRandomClusterStateUpdates] updating [index.refresh_interval] from [5s] to [2s]
[2020-02-17T08:54:42,872][INFO ][o.e.c.s.IndexScopedSettings] [testRandomClusterStateUpdates] updating [index.refresh_interval] from [1s] to [2s]
[2020-02-17T08:54:42,873][INFO ][o.e.c.s.IndexScopedSettings] [testRandomClusterStateUpdates] updating [index.refresh_interval] from [1s] to [5s]
[2020-02-17T08:54:42,873][INFO ][o.e.c.s.IndexScopedSettings] [testRandomClusterStateUpdates] updating [index.refresh_interval] from [5s] to [2s]
[2020-02-17T08:54:42,874][INFO ][o.e.i.c.IndicesClusterStateServiceRandomUpdatesTests] [testRandomClusterStateUpdates] Iteration 24
[2020-02-17T08:54:42,875][INFO ][o.e.c.m.MetaDataCreateIndexService] [testRandomClusterStateUpdates] [index_ewdlfqpwjgjrcnu] creating index, cause [api], templates [], shards [3]/[1], mappings []
[2020-02-17T08:54:42,877][INFO ][o.e.c.m.MetaDataCreateIndexService] [testRandomClusterStateUpdates] [index_ziknftwmfuhigru] creating index, cause [api], templates [], shards [1]/[2], mappings []
[2020-02-17T08:54:42,878][INFO ][o.e.c.m.MetaDataDeleteIndexService] [testRandomClusterStateUpdates] [index_kwrqrkmepkrmjwk/V1yAGZLxQ1CWjC-YTq5gKw] deleting index
[2020-02-17T08:54:42,878][INFO ][o.e.c.m.MetaDataDeleteIndexService] [testRandomClusterStateUpdates] [index_ywracopujgubtfb/ym7j2ImbR16-HiV4R_K8Cg] deleting index
[2020-02-17T08:54:42,879][INFO ][o.e.c.m.MetaDataIndexStateService] [testRandomClusterStateUpdates] closing indices [index_cezemityllqlkxt/hVgLy269QkGNzk7uDUAGKg]
[2020-02-17T08:54:42,879][INFO ][o.e.c.m.MetaDataIndexStateService] [testRandomClusterStateUpdates] completed closing of indices [index_cezemityllqlkxt]
[2020-02-17T08:54:42,880][WARN ][o.e.c.r.a.AllocationService] [testRandomClusterStateUpdates] failing shard [failed shard, shard [index_wqccqwqbcjwydhy][0], node[node_006], [R], s[STARTED], a[id=FqKxxLfXRPuNRYvlXKZLLw], message [fake shard failure], failure [Exception[null]], markAsStale [false]]
java.lang.Exception: null
	at org.elasticsearch.indices.cluster.IndicesClusterStateServiceRandomUpdatesTests.randomlyUpdateClusterState(IndicesClusterStateServiceRandomUpdatesTests.java:400) [test/:?]
	at org.elasticsearch.indices.cluster.IndicesClusterStateServiceRandomUpdatesTests.testRandomClusterStateUpdates(IndicesClusterStateServiceRandomUpdatesTests.java:116) [test/:?]
	at jdk.internal.reflect.NativeMethodAccessorImpl.invoke0(Native Method) ~[?:?]
	at jdk.internal.reflect.NativeMethodAccessorImpl.invoke(NativeMethodAccessorImpl.java:62) ~[?:?]
	at jdk.internal.reflect.DelegatingMethodAccessorImpl.invoke(DelegatingMethodAccessorImpl.java:43) ~[?:?]
	at java.lang.reflect.Method.invoke(Method.java:567) ~[?:?]
	at com.carrotsearch.randomizedtesting.RandomizedRunner.invoke(RandomizedRunner.java:1750) [randomizedtesting-runner-2.7.1.jar:?]
	at com.carrotsearch.randomizedtesting.RandomizedRunner$8.evaluate(RandomizedRunner.java:938) [randomizedtesting-runner-2.7.1.jar:?]
	at com.carrotsearch.randomizedtesting.RandomizedRunner$9.evaluate(RandomizedRunner.java:974) [randomizedtesting-runner-2.7.1.jar:?]
	at com.carrotsearch.randomizedtesting.RandomizedRunner$10.evaluate(RandomizedRunner.java:988) [randomizedtesting-runner-2.7.1.jar:?]
	at com.carrotsearch.randomizedtesting.rules.StatementAdapter.evaluate(StatementAdapter.java:36) [randomizedtesting-runner-2.7.1.jar:?]
	at org.apache.lucene.util.TestRuleSetupTeardownChained$1.evaluate(TestRuleSetupTeardownChained.java:49) [lucene-test-framework-8.3.0.jar:8.3.0 2aa586909b911e66e1d8863aa89f173d69f86cd2 - ishan - 2019-10-25 23:10:05]
	at org.apache.lucene.util.AbstractBeforeAfterRule$1.evaluate(AbstractBeforeAfterRule.java:45) [lucene-test-framework-8.3.0.jar:8.3.0 2aa586909b911e66e1d8863aa89f173d69f86cd2 - ishan - 2019-10-25 23:10:05]
	at org.apache.lucene.util.TestRuleThreadAndTestName$1.evaluate(TestRuleThreadAndTestName.java:48) [lucene-test-framework-8.3.0.jar:8.3.0 2aa586909b911e66e1d8863aa89f173d69f86cd2 - ishan - 2019-10-25 23:10:05]
	at org.apache.lucene.util.TestRuleIgnoreAfterMaxFailures$1.evaluate(TestRuleIgnoreAfterMaxFailures.java:64) [lucene-test-framework-8.3.0.jar:8.3.0 2aa586909b911e66e1d8863aa89f173d69f86cd2 - ishan - 2019-10-25 23:10:05]
	at org.apache.lucene.util.TestRuleMarkFailure$1.evaluate(TestRuleMarkFailure.java:47) [lucene-test-framework-8.3.0.jar:8.3.0 2aa586909b911e66e1d8863aa89f173d69f86cd2 - ishan - 2019-10-25 23:10:05]
	at com.carrotsearch.randomizedtesting.rules.StatementAdapter.evaluate(StatementAdapter.java:36) [randomizedtesting-runner-2.7.1.jar:?]
	at com.carrotsearch.randomizedtesting.ThreadLeakControl$StatementRunner.run(ThreadLeakControl.java:368) [randomizedtesting-runner-2.7.1.jar:?]
	at com.carrotsearch.randomizedtesting.ThreadLeakControl.forkTimeoutingTask(ThreadLeakControl.java:817) [randomizedtesting-runner-2.7.1.jar:?]
	at com.carrotsearch.randomizedtesting.ThreadLeakControl$3.evaluate(ThreadLeakControl.java:468) [randomizedtesting-runner-2.7.1.jar:?]
	at com.carrotsearch.randomizedtesting.RandomizedRunner.runSingleTest(RandomizedRunner.java:947) [randomizedtesting-runner-2.7.1.jar:?]
	at com.carrotsearch.randomizedtesting.RandomizedRunner$5.evaluate(RandomizedRunner.java:832) [randomizedtesting-runner-2.7.1.jar:?]
	at com.carrotsearch.randomizedtesting.RandomizedRunner$6.evaluate(RandomizedRunner.java:883) [randomizedtesting-runner-2.7.1.jar:?]
	at com.carrotsearch.randomizedtesting.RandomizedRunner$7.evaluate(RandomizedRunner.java:894) [randomizedtesting-runner-2.7.1.jar:?]
	at org.apache.lucene.util.AbstractBeforeAfterRule$1.evaluate(AbstractBeforeAfterRule.java:45) [lucene-test-framework-8.3.0.jar:8.3.0 2aa586909b911e66e1d8863aa89f173d69f86cd2 - ishan - 2019-10-25 23:10:05]
	at com.carrotsearch.randomizedtesting.rules.StatementAdapter.evaluate(StatementAdapter.java:36) [randomizedtesting-runner-2.7.1.jar:?]
	at org.apache.lucene.util.TestRuleStoreClassName$1.evaluate(TestRuleStoreClassName.java:41) [lucene-test-framework-8.3.0.jar:8.3.0 2aa586909b911e66e1d8863aa89f173d69f86cd2 - ishan - 2019-10-25 23:10:05]
	at com.carrotsearch.randomizedtesting.rules.NoShadowingOrOverridesOnMethodsRule$1.evaluate(NoShadowingOrOverridesOnMethodsRule.java:40) [randomizedtesting-runner-2.7.1.jar:?]
	at com.carrotsearch.randomizedtesting.rules.NoShadowingOrOverridesOnMethodsRule$1.evaluate(NoShadowingOrOverridesOnMethodsRule.java:40) [randomizedtesting-runner-2.7.1.jar:?]
	at com.carrotsearch.randomizedtesting.rules.StatementAdapter.evaluate(StatementAdapter.java:36) [randomizedtesting-runner-2.7.1.jar:?]
	at com.carrotsearch.randomizedtesting.rules.StatementAdapter.evaluate(StatementAdapter.java:36) [randomizedtesting-runner-2.7.1.jar:?]
	at org.apache.lucene.util.TestRuleAssertionsRequired$1.evaluate(TestRuleAssertionsRequired.java:53) [lucene-test-framework-8.3.0.jar:8.3.0 2aa586909b911e66e1d8863aa89f173d69f86cd2 - ishan - 2019-10-25 23:10:05]
	at org.apache.lucene.util.TestRuleMarkFailure$1.evaluate(TestRuleMarkFailure.java:47) [lucene-test-framework-8.3.0.jar:8.3.0 2aa586909b911e66e1d8863aa89f173d69f86cd2 - ishan - 2019-10-25 23:10:05]
	at org.apache.lucene.util.TestRuleIgnoreAfterMaxFailures$1.evaluate(TestRuleIgnoreAfterMaxFailures.java:64) [lucene-test-framework-8.3.0.jar:8.3.0 2aa586909b911e66e1d8863aa89f173d69f86cd2 - ishan - 2019-10-25 23:10:05]
	at org.apache.lucene.util.TestRuleIgnoreTestSuites$1.evaluate(TestRuleIgnoreTestSuites.java:54) [lucene-test-framework-8.3.0.jar:8.3.0 2aa586909b911e66e1d8863aa89f173d69f86cd2 - ishan - 2019-10-25 23:10:05]
	at com.carrotsearch.randomizedtesting.rules.StatementAdapter.evaluate(StatementAdapter.java:36) [randomizedtesting-runner-2.7.1.jar:?]
	at com.carrotsearch.randomizedtesting.ThreadLeakControl$StatementRunner.run(ThreadLeakControl.java:368) [randomizedtesting-runner-2.7.1.jar:?]
	at java.lang.Thread.run(Thread.java:835) [?:?]
[2020-02-17T08:54:42,883][INFO ][o.e.c.m.MetaDataCreateIndexService] [testRandomClusterStateUpdates] [index_fximuezlnncqtij] creating index, cause [api], templates [], shards [1]/[2], mappings []
[2020-02-17T08:54:42,885][INFO ][o.e.c.m.MetaDataCreateIndexService] [testRandomClusterStateUpdates] [index_pdzgjrecphwmirm] creating index, cause [api], templates [], shards [3]/[1], mappings []
[2020-02-17T08:54:42,887][INFO ][o.e.c.m.MetaDataDeleteIndexService] [testRandomClusterStateUpdates] [index_xptalchbwjlwnsc/Xf2heBZTRaWVVZiGKllT_A] deleting index
[2020-02-17T08:54:42,888][INFO ][o.e.c.m.MetaDataIndexStateService] [testRandomClusterStateUpdates] opening indices [[index_ocfsoiooeeultzw/k_z_HfzrQ4G81dl3_-_IAQ]]
[2020-02-17T08:54:42,892][INFO ][o.e.c.s.IndexScopedSettings] [testRandomClusterStateUpdates] updating [index.refresh_interval] from [1s] to [4s]
[2020-02-17T08:54:42,895][INFO ][o.e.c.s.IndexScopedSettings] [testRandomClusterStateUpdates] updating [index.refresh_interval] from [1s] to [4s]
[2020-02-17T08:54:42,895][INFO ][o.e.c.s.IndexScopedSettings] [testRandomClusterStateUpdates] updating [index.refresh_interval] from [1s] to [4s]
[2020-02-17T08:54:42,900][INFO ][o.e.c.s.IndexScopedSettings] [testRandomClusterStateUpdates] updating [index.refresh_interval] from [1s] to [4s]
[2020-02-17T08:54:42,900][INFO ][o.e.c.s.IndexScopedSettings] [testRandomClusterStateUpdates] updating [index.refresh_interval] from [1s] to [4s]
[2020-02-17T08:54:42,902][INFO ][o.e.i.c.IndicesClusterStateServiceRandomUpdatesTests] [testRandomClusterStateUpdates] Iteration 25
[2020-02-17T08:54:42,902][INFO ][o.e.c.m.MetaDataDeleteIndexService] [testRandomClusterStateUpdates] [index_isygnhxattftjnx/dm7FjwU3RCOyVWJyJqgNJw] deleting index
[2020-02-17T08:54:42,903][INFO ][o.e.c.m.MetaDataIndexStateService] [testRandomClusterStateUpdates] opening indices [[index_hamxtpefdeisohh/i0sBuc0FTqiHPFd1lSL9fQ]]
[2020-02-17T08:54:42,905][INFO ][o.e.c.m.MetaDataUpdateSettingsService] [testRandomClusterStateUpdates] updating number_of_replicas to [2] for indices [index_fximuezlnncqtij]
[2020-02-17T08:54:42,906][WARN ][o.e.c.r.a.AllocationService] [testRandomClusterStateUpdates] failing shard [failed shard, shard [index_dvbjfesatpyabbt][0], node[node_006], relocating [node_002], [P], s[RELOCATING], a[id=w54K72mvRFeCh92_QXgXaQ, rId=fP9kdSk8RLOhdHEwbO8x9A], message [fake shard failure], failure [Exception[null]], markAsStale [false]]
java.lang.Exception: null
	at org.elasticsearch.indices.cluster.IndicesClusterStateServiceRandomUpdatesTests.randomlyUpdateClusterState(IndicesClusterStateServiceRandomUpdatesTests.java:400) [test/:?]
	at org.elasticsearch.indices.cluster.IndicesClusterStateServiceRandomUpdatesTests.testRandomClusterStateUpdates(IndicesClusterStateServiceRandomUpdatesTests.java:116) [test/:?]
	at jdk.internal.reflect.NativeMethodAccessorImpl.invoke0(Native Method) ~[?:?]
	at jdk.internal.reflect.NativeMethodAccessorImpl.invoke(NativeMethodAccessorImpl.java:62) ~[?:?]
	at jdk.internal.reflect.DelegatingMethodAccessorImpl.invoke(DelegatingMethodAccessorImpl.java:43) ~[?:?]
	at java.lang.reflect.Method.invoke(Method.java:567) ~[?:?]
	at com.carrotsearch.randomizedtesting.RandomizedRunner.invoke(RandomizedRunner.java:1750) [randomizedtesting-runner-2.7.1.jar:?]
	at com.carrotsearch.randomizedtesting.RandomizedRunner$8.evaluate(RandomizedRunner.java:938) [randomizedtesting-runner-2.7.1.jar:?]
	at com.carrotsearch.randomizedtesting.RandomizedRunner$9.evaluate(RandomizedRunner.java:974) [randomizedtesting-runner-2.7.1.jar:?]
	at com.carrotsearch.randomizedtesting.RandomizedRunner$10.evaluate(RandomizedRunner.java:988) [randomizedtesting-runner-2.7.1.jar:?]
	at com.carrotsearch.randomizedtesting.rules.StatementAdapter.evaluate(StatementAdapter.java:36) [randomizedtesting-runner-2.7.1.jar:?]
	at org.apache.lucene.util.TestRuleSetupTeardownChained$1.evaluate(TestRuleSetupTeardownChained.java:49) [lucene-test-framework-8.3.0.jar:8.3.0 2aa586909b911e66e1d8863aa89f173d69f86cd2 - ishan - 2019-10-25 23:10:05]
	at org.apache.lucene.util.AbstractBeforeAfterRule$1.evaluate(AbstractBeforeAfterRule.java:45) [lucene-test-framework-8.3.0.jar:8.3.0 2aa586909b911e66e1d8863aa89f173d69f86cd2 - ishan - 2019-10-25 23:10:05]
	at org.apache.lucene.util.TestRuleThreadAndTestName$1.evaluate(TestRuleThreadAndTestName.java:48) [lucene-test-framework-8.3.0.jar:8.3.0 2aa586909b911e66e1d8863aa89f173d69f86cd2 - ishan - 2019-10-25 23:10:05]
	at org.apache.lucene.util.TestRuleIgnoreAfterMaxFailures$1.evaluate(TestRuleIgnoreAfterMaxFailures.java:64) [lucene-test-framework-8.3.0.jar:8.3.0 2aa586909b911e66e1d8863aa89f173d69f86cd2 - ishan - 2019-10-25 23:10:05]
	at org.apache.lucene.util.TestRuleMarkFailure$1.evaluate(TestRuleMarkFailure.java:47) [lucene-test-framework-8.3.0.jar:8.3.0 2aa586909b911e66e1d8863aa89f173d69f86cd2 - ishan - 2019-10-25 23:10:05]
	at com.carrotsearch.randomizedtesting.rules.StatementAdapter.evaluate(StatementAdapter.java:36) [randomizedtesting-runner-2.7.1.jar:?]
	at com.carrotsearch.randomizedtesting.ThreadLeakControl$StatementRunner.run(ThreadLeakControl.java:368) [randomizedtesting-runner-2.7.1.jar:?]
	at com.carrotsearch.randomizedtesting.ThreadLeakControl.forkTimeoutingTask(ThreadLeakControl.java:817) [randomizedtesting-runner-2.7.1.jar:?]
	at com.carrotsearch.randomizedtesting.ThreadLeakControl$3.evaluate(ThreadLeakControl.java:468) [randomizedtesting-runner-2.7.1.jar:?]
	at com.carrotsearch.randomizedtesting.RandomizedRunner.runSingleTest(RandomizedRunner.java:947) [randomizedtesting-runner-2.7.1.jar:?]
	at com.carrotsearch.randomizedtesting.RandomizedRunner$5.evaluate(RandomizedRunner.java:832) [randomizedtesting-runner-2.7.1.jar:?]
	at com.carrotsearch.randomizedtesting.RandomizedRunner$6.evaluate(RandomizedRunner.java:883) [randomizedtesting-runner-2.7.1.jar:?]
	at com.carrotsearch.randomizedtesting.RandomizedRunner$7.evaluate(RandomizedRunner.java:894) [randomizedtesting-runner-2.7.1.jar:?]
	at org.apache.lucene.util.AbstractBeforeAfterRule$1.evaluate(AbstractBeforeAfterRule.java:45) [lucene-test-framework-8.3.0.jar:8.3.0 2aa586909b911e66e1d8863aa89f173d69f86cd2 - ishan - 2019-10-25 23:10:05]
	at com.carrotsearch.randomizedtesting.rules.StatementAdapter.evaluate(StatementAdapter.java:36) [randomizedtesting-runner-2.7.1.jar:?]
	at org.apache.lucene.util.TestRuleStoreClassName$1.evaluate(TestRuleStoreClassName.java:41) [lucene-test-framework-8.3.0.jar:8.3.0 2aa586909b911e66e1d8863aa89f173d69f86cd2 - ishan - 2019-10-25 23:10:05]
	at com.carrotsearch.randomizedtesting.rules.NoShadowingOrOverridesOnMethodsRule$1.evaluate(NoShadowingOrOverridesOnMethodsRule.java:40) [randomizedtesting-runner-2.7.1.jar:?]
	at com.carrotsearch.randomizedtesting.rules.NoShadowingOrOverridesOnMethodsRule$1.evaluate(NoShadowingOrOverridesOnMethodsRule.java:40) [randomizedtesting-runner-2.7.1.jar:?]
	at com.carrotsearch.randomizedtesting.rules.StatementAdapter.evaluate(StatementAdapter.java:36) [randomizedtesting-runner-2.7.1.jar:?]
	at com.carrotsearch.randomizedtesting.rules.StatementAdapter.evaluate(StatementAdapter.java:36) [randomizedtesting-runner-2.7.1.jar:?]
	at org.apache.lucene.util.TestRuleAssertionsRequired$1.evaluate(TestRuleAssertionsRequired.java:53) [lucene-test-framework-8.3.0.jar:8.3.0 2aa586909b911e66e1d8863aa89f173d69f86cd2 - ishan - 2019-10-25 23:10:05]
	at org.apache.lucene.util.TestRuleMarkFailure$1.evaluate(TestRuleMarkFailure.java:47) [lucene-test-framework-8.3.0.jar:8.3.0 2aa586909b911e66e1d8863aa89f173d69f86cd2 - ishan - 2019-10-25 23:10:05]
	at org.apache.lucene.util.TestRuleIgnoreAfterMaxFailures$1.evaluate(TestRuleIgnoreAfterMaxFailures.java:64) [lucene-test-framework-8.3.0.jar:8.3.0 2aa586909b911e66e1d8863aa89f173d69f86cd2 - ishan - 2019-10-25 23:10:05]
	at org.apache.lucene.util.TestRuleIgnoreTestSuites$1.evaluate(TestRuleIgnoreTestSuites.java:54) [lucene-test-framework-8.3.0.jar:8.3.0 2aa586909b911e66e1d8863aa89f173d69f86cd2 - ishan - 2019-10-25 23:10:05]
	at com.carrotsearch.randomizedtesting.rules.StatementAdapter.evaluate(StatementAdapter.java:36) [randomizedtesting-runner-2.7.1.jar:?]
	at com.carrotsearch.randomizedtesting.ThreadLeakControl$StatementRunner.run(ThreadLeakControl.java:368) [randomizedtesting-runner-2.7.1.jar:?]
	at java.lang.Thread.run(Thread.java:835) [?:?]
[2020-02-17T08:54:42,909][INFO ][o.e.c.m.MetaDataDeleteIndexService] [testRandomClusterStateUpdates] [index_ziknftwmfuhigru/hQ5zLF08TOeofRr3-ERf4w] deleting index
[2020-02-17T08:54:42,909][INFO ][o.e.c.m.MetaDataDeleteIndexService] [testRandomClusterStateUpdates] [index_fatikdniaurydeb/KVxEDXP0RFurbcmpkhuQoQ] deleting index
[2020-02-17T08:54:42,909][INFO ][o.e.c.m.MetaDataIndexStateService] [testRandomClusterStateUpdates] closing indices [index_nmhhghfuktdczxt/p8LfdJFOR5mWh75s2b11hg]
[2020-02-17T08:54:42,910][INFO ][o.e.c.m.MetaDataIndexStateService] [testRandomClusterStateUpdates] completed closing of indices [index_nmhhghfuktdczxt]
[2020-02-17T08:54:42,911][INFO ][o.e.c.m.MetaDataIndexStateService] [testRandomClusterStateUpdates] opening indices [[index_cezemityllqlkxt/hVgLy269QkGNzk7uDUAGKg]]
[2020-02-17T08:54:42,913][WARN ][o.e.c.r.a.AllocationService] [testRandomClusterStateUpdates] failing shard [failed shard, shard [index_hamxtpefdeisohh][2], node[node_002], [P], recovery_source[existing store recovery; bootstrap_history_uuid=false], s[INITIALIZING], a[id=IU4plHLQTCKXmQ041EvRGA], unassigned_info[[reason=INDEX_REOPENED], at[2020-02-16T22:24:42.903Z], delayed=false, allocation_status[deciders_throttled]], message [fake shard failure], failure [Exception[null]], markAsStale [false]]
java.lang.Exception: null
	at org.elasticsearch.indices.cluster.IndicesClusterStateServiceRandomUpdatesTests.randomlyUpdateClusterState(IndicesClusterStateServiceRandomUpdatesTests.java:400) [test/:?]
	at org.elasticsearch.indices.cluster.IndicesClusterStateServiceRandomUpdatesTests.testRandomClusterStateUpdates(IndicesClusterStateServiceRandomUpdatesTests.java:116) [test/:?]
	at jdk.internal.reflect.NativeMethodAccessorImpl.invoke0(Native Method) ~[?:?]
	at jdk.internal.reflect.NativeMethodAccessorImpl.invoke(NativeMethodAccessorImpl.java:62) ~[?:?]
	at jdk.internal.reflect.DelegatingMethodAccessorImpl.invoke(DelegatingMethodAccessorImpl.java:43) ~[?:?]
	at java.lang.reflect.Method.invoke(Method.java:567) ~[?:?]
	at com.carrotsearch.randomizedtesting.RandomizedRunner.invoke(RandomizedRunner.java:1750) [randomizedtesting-runner-2.7.1.jar:?]
	at com.carrotsearch.randomizedtesting.RandomizedRunner$8.evaluate(RandomizedRunner.java:938) [randomizedtesting-runner-2.7.1.jar:?]
	at com.carrotsearch.randomizedtesting.RandomizedRunner$9.evaluate(RandomizedRunner.java:974) [randomizedtesting-runner-2.7.1.jar:?]
	at com.carrotsearch.randomizedtesting.RandomizedRunner$10.evaluate(RandomizedRunner.java:988) [randomizedtesting-runner-2.7.1.jar:?]
	at com.carrotsearch.randomizedtesting.rules.StatementAdapter.evaluate(StatementAdapter.java:36) [randomizedtesting-runner-2.7.1.jar:?]
	at org.apache.lucene.util.TestRuleSetupTeardownChained$1.evaluate(TestRuleSetupTeardownChained.java:49) [lucene-test-framework-8.3.0.jar:8.3.0 2aa586909b911e66e1d8863aa89f173d69f86cd2 - ishan - 2019-10-25 23:10:05]
	at org.apache.lucene.util.AbstractBeforeAfterRule$1.evaluate(AbstractBeforeAfterRule.java:45) [lucene-test-framework-8.3.0.jar:8.3.0 2aa586909b911e66e1d8863aa89f173d69f86cd2 - ishan - 2019-10-25 23:10:05]
	at org.apache.lucene.util.TestRuleThreadAndTestName$1.evaluate(TestRuleThreadAndTestName.java:48) [lucene-test-framework-8.3.0.jar:8.3.0 2aa586909b911e66e1d8863aa89f173d69f86cd2 - ishan - 2019-10-25 23:10:05]
	at org.apache.lucene.util.TestRuleIgnoreAfterMaxFailures$1.evaluate(TestRuleIgnoreAfterMaxFailures.java:64) [lucene-test-framework-8.3.0.jar:8.3.0 2aa586909b911e66e1d8863aa89f173d69f86cd2 - ishan - 2019-10-25 23:10:05]
	at org.apache.lucene.util.TestRuleMarkFailure$1.evaluate(TestRuleMarkFailure.java:47) [lucene-test-framework-8.3.0.jar:8.3.0 2aa586909b911e66e1d8863aa89f173d69f86cd2 - ishan - 2019-10-25 23:10:05]
	at com.carrotsearch.randomizedtesting.rules.StatementAdapter.evaluate(StatementAdapter.java:36) [randomizedtesting-runner-2.7.1.jar:?]
	at com.carrotsearch.randomizedtesting.ThreadLeakControl$StatementRunner.run(ThreadLeakControl.java:368) [randomizedtesting-runner-2.7.1.jar:?]
	at com.carrotsearch.randomizedtesting.ThreadLeakControl.forkTimeoutingTask(ThreadLeakControl.java:817) [randomizedtesting-runner-2.7.1.jar:?]
	at com.carrotsearch.randomizedtesting.ThreadLeakControl$3.evaluate(ThreadLeakControl.java:468) [randomizedtesting-runner-2.7.1.jar:?]
	at com.carrotsearch.randomizedtesting.RandomizedRunner.runSingleTest(RandomizedRunner.java:947) [randomizedtesting-runner-2.7.1.jar:?]
	at com.carrotsearch.randomizedtesting.RandomizedRunner$5.evaluate(RandomizedRunner.java:832) [randomizedtesting-runner-2.7.1.jar:?]
	at com.carrotsearch.randomizedtesting.RandomizedRunner$6.evaluate(RandomizedRunner.java:883) [randomizedtesting-runner-2.7.1.jar:?]
	at com.carrotsearch.randomizedtesting.RandomizedRunner$7.evaluate(RandomizedRunner.java:894) [randomizedtesting-runner-2.7.1.jar:?]
	at org.apache.lucene.util.AbstractBeforeAfterRule$1.evaluate(AbstractBeforeAfterRule.java:45) [lucene-test-framework-8.3.0.jar:8.3.0 2aa586909b911e66e1d8863aa89f173d69f86cd2 - ishan - 2019-10-25 23:10:05]
	at com.carrotsearch.randomizedtesting.rules.StatementAdapter.evaluate(StatementAdapter.java:36) [randomizedtesting-runner-2.7.1.jar:?]
	at org.apache.lucene.util.TestRuleStoreClassName$1.evaluate(TestRuleStoreClassName.java:41) [lucene-test-framework-8.3.0.jar:8.3.0 2aa586909b911e66e1d8863aa89f173d69f86cd2 - ishan - 2019-10-25 23:10:05]
	at com.carrotsearch.randomizedtesting.rules.NoShadowingOrOverridesOnMethodsRule$1.evaluate(NoShadowingOrOverridesOnMethodsRule.java:40) [randomizedtesting-runner-2.7.1.jar:?]
	at com.carrotsearch.randomizedtesting.rules.NoShadowingOrOverridesOnMethodsRule$1.evaluate(NoShadowingOrOverridesOnMethodsRule.java:40) [randomizedtesting-runner-2.7.1.jar:?]
	at com.carrotsearch.randomizedtesting.rules.StatementAdapter.evaluate(StatementAdapter.java:36) [randomizedtesting-runner-2.7.1.jar:?]
	at com.carrotsearch.randomizedtesting.rules.StatementAdapter.evaluate(StatementAdapter.java:36) [randomizedtesting-runner-2.7.1.jar:?]
	at org.apache.lucene.util.TestRuleAssertionsRequired$1.evaluate(TestRuleAssertionsRequired.java:53) [lucene-test-framework-8.3.0.jar:8.3.0 2aa586909b911e66e1d8863aa89f173d69f86cd2 - ishan - 2019-10-25 23:10:05]
	at org.apache.lucene.util.TestRuleMarkFailure$1.evaluate(TestRuleMarkFailure.java:47) [lucene-test-framework-8.3.0.jar:8.3.0 2aa586909b911e66e1d8863aa89f173d69f86cd2 - ishan - 2019-10-25 23:10:05]
	at org.apache.lucene.util.TestRuleIgnoreAfterMaxFailures$1.evaluate(TestRuleIgnoreAfterMaxFailures.java:64) [lucene-test-framework-8.3.0.jar:8.3.0 2aa586909b911e66e1d8863aa89f173d69f86cd2 - ishan - 2019-10-25 23:10:05]
	at org.apache.lucene.util.TestRuleIgnoreTestSuites$1.evaluate(TestRuleIgnoreTestSuites.java:54) [lucene-test-framework-8.3.0.jar:8.3.0 2aa586909b911e66e1d8863aa89f173d69f86cd2 - ishan - 2019-10-25 23:10:05]
	at com.carrotsearch.randomizedtesting.rules.StatementAdapter.evaluate(StatementAdapter.java:36) [randomizedtesting-runner-2.7.1.jar:?]
	at com.carrotsearch.randomizedtesting.ThreadLeakControl$StatementRunner.run(ThreadLeakControl.java:368) [randomizedtesting-runner-2.7.1.jar:?]
	at java.lang.Thread.run(Thread.java:835) [?:?]
[2020-02-17T08:54:42,916][INFO ][o.e.c.m.MetaDataCreateIndexService] [testRandomClusterStateUpdates] [index_mtaffcqqwvotsmu] creating index, cause [api], templates [], shards [3]/[1], mappings []
[2020-02-17T08:54:42,917][INFO ][o.e.c.r.a.AllocationService] [testRandomClusterStateUpdates] updating number_of_replicas to [2] for indices [index_mtaffcqqwvotsmu]
[2020-02-17T08:54:42,918][INFO ][o.e.c.m.MetaDataCreateIndexService] [testRandomClusterStateUpdates] [index_ctefkedxnbclguw] creating index, cause [api], templates [], shards [2]/[2], mappings []
[2020-02-17T08:54:42,920][INFO ][o.e.c.m.MetaDataCreateIndexService] [testRandomClusterStateUpdates] [index_lzyqlznbkomzval] creating index, cause [api], templates [], shards [3]/[1], mappings []
[2020-02-17T08:54:42,921][INFO ][o.e.c.r.a.AllocationService] [testRandomClusterStateUpdates] updating number_of_replicas to [2] for indices [index_lzyqlznbkomzval]
[2020-02-17T08:54:42,922][INFO ][o.e.c.m.MetaDataDeleteIndexService] [testRandomClusterStateUpdates] [index_cptkgayesaszaok/QawyGNT3REanTSOQ6H_wbA] deleting index
[2020-02-17T08:54:42,922][INFO ][o.e.c.m.MetaDataDeleteIndexService] [testRandomClusterStateUpdates] [index_czbomyqorhxrqbp/7MzEInSQQdWTrK42Gm3pVg] deleting index
[2020-02-17T08:54:42,923][INFO ][o.e.c.m.MetaDataIndexStateService] [testRandomClusterStateUpdates] closing indices [index_ctefkedxnbclguw/ciZyFMKaRa25DHslIYNy2w]
[2020-02-17T08:54:42,923][INFO ][o.e.c.m.MetaDataIndexStateService] [testRandomClusterStateUpdates] completed closing of indices [index_ctefkedxnbclguw]
[2020-02-17T08:54:42,936][WARN ][o.e.c.r.a.AllocationService] [testRandomClusterStateUpdates] failing shard [failed shard, shard [index_lbozkctdfwqrnnc][1], node[node_002], [R], s[STARTED], a[id=pes6TKt1Qey3LplL9M8YGQ], message [fake shard failure], failure [Exception[null]], markAsStale [false]]
java.lang.Exception: null
	at org.elasticsearch.indices.cluster.IndicesClusterStateServiceRandomUpdatesTests.randomlyUpdateClusterState(IndicesClusterStateServiceRandomUpdatesTests.java:400) [test/:?]
	at org.elasticsearch.indices.cluster.IndicesClusterStateServiceRandomUpdatesTests.testRandomClusterStateUpdates(IndicesClusterStateServiceRandomUpdatesTests.java:116) [test/:?]
	at jdk.internal.reflect.NativeMethodAccessorImpl.invoke0(Native Method) ~[?:?]
	at jdk.internal.reflect.NativeMethodAccessorImpl.invoke(NativeMethodAccessorImpl.java:62) ~[?:?]
	at jdk.internal.reflect.DelegatingMethodAccessorImpl.invoke(DelegatingMethodAccessorImpl.java:43) ~[?:?]
	at java.lang.reflect.Method.invoke(Method.java:567) ~[?:?]
	at com.carrotsearch.randomizedtesting.RandomizedRunner.invoke(RandomizedRunner.java:1750) [randomizedtesting-runner-2.7.1.jar:?]
	at com.carrotsearch.randomizedtesting.RandomizedRunner$8.evaluate(RandomizedRunner.java:938) [randomizedtesting-runner-2.7.1.jar:?]
	at com.carrotsearch.randomizedtesting.RandomizedRunner$9.evaluate(RandomizedRunner.java:974) [randomizedtesting-runner-2.7.1.jar:?]
	at com.carrotsearch.randomizedtesting.RandomizedRunner$10.evaluate(RandomizedRunner.java:988) [randomizedtesting-runner-2.7.1.jar:?]
	at com.carrotsearch.randomizedtesting.rules.StatementAdapter.evaluate(StatementAdapter.java:36) [randomizedtesting-runner-2.7.1.jar:?]
	at org.apache.lucene.util.TestRuleSetupTeardownChained$1.evaluate(TestRuleSetupTeardownChained.java:49) [lucene-test-framework-8.3.0.jar:8.3.0 2aa586909b911e66e1d8863aa89f173d69f86cd2 - ishan - 2019-10-25 23:10:05]
	at org.apache.lucene.util.AbstractBeforeAfterRule$1.evaluate(AbstractBeforeAfterRule.java:45) [lucene-test-framework-8.3.0.jar:8.3.0 2aa586909b911e66e1d8863aa89f173d69f86cd2 - ishan - 2019-10-25 23:10:05]
	at org.apache.lucene.util.TestRuleThreadAndTestName$1.evaluate(TestRuleThreadAndTestName.java:48) [lucene-test-framework-8.3.0.jar:8.3.0 2aa586909b911e66e1d8863aa89f173d69f86cd2 - ishan - 2019-10-25 23:10:05]
	at org.apache.lucene.util.TestRuleIgnoreAfterMaxFailures$1.evaluate(TestRuleIgnoreAfterMaxFailures.java:64) [lucene-test-framework-8.3.0.jar:8.3.0 2aa586909b911e66e1d8863aa89f173d69f86cd2 - ishan - 2019-10-25 23:10:05]
	at org.apache.lucene.util.TestRuleMarkFailure$1.evaluate(TestRuleMarkFailure.java:47) [lucene-test-framework-8.3.0.jar:8.3.0 2aa586909b911e66e1d8863aa89f173d69f86cd2 - ishan - 2019-10-25 23:10:05]
	at com.carrotsearch.randomizedtesting.rules.StatementAdapter.evaluate(StatementAdapter.java:36) [randomizedtesting-runner-2.7.1.jar:?]
	at com.carrotsearch.randomizedtesting.ThreadLeakControl$StatementRunner.run(ThreadLeakControl.java:368) [randomizedtesting-runner-2.7.1.jar:?]
	at com.carrotsearch.randomizedtesting.ThreadLeakControl.forkTimeoutingTask(ThreadLeakControl.java:817) [randomizedtesting-runner-2.7.1.jar:?]
	at com.carrotsearch.randomizedtesting.ThreadLeakControl$3.evaluate(ThreadLeakControl.java:468) [randomizedtesting-runner-2.7.1.jar:?]
	at com.carrotsearch.randomizedtesting.RandomizedRunner.runSingleTest(RandomizedRunner.java:947) [randomizedtesting-runner-2.7.1.jar:?]
	at com.carrotsearch.randomizedtesting.RandomizedRunner$5.evaluate(RandomizedRunner.java:832) [randomizedtesting-runner-2.7.1.jar:?]
	at com.carrotsearch.randomizedtesting.RandomizedRunner$6.evaluate(RandomizedRunner.java:883) [randomizedtesting-runner-2.7.1.jar:?]
	at com.carrotsearch.randomizedtesting.RandomizedRunner$7.evaluate(RandomizedRunner.java:894) [randomizedtesting-runner-2.7.1.jar:?]
	at org.apache.lucene.util.AbstractBeforeAfterRule$1.evaluate(AbstractBeforeAfterRule.java:45) [lucene-test-framework-8.3.0.jar:8.3.0 2aa586909b911e66e1d8863aa89f173d69f86cd2 - ishan - 2019-10-25 23:10:05]
	at com.carrotsearch.randomizedtesting.rules.StatementAdapter.evaluate(StatementAdapter.java:36) [randomizedtesting-runner-2.7.1.jar:?]
	at org.apache.lucene.util.TestRuleStoreClassName$1.evaluate(TestRuleStoreClassName.java:41) [lucene-test-framework-8.3.0.jar:8.3.0 2aa586909b911e66e1d8863aa89f173d69f86cd2 - ishan - 2019-10-25 23:10:05]
	at com.carrotsearch.randomizedtesting.rules.NoShadowingOrOverridesOnMethodsRule$1.evaluate(NoShadowingOrOverridesOnMethodsRule.java:40) [randomizedtesting-runner-2.7.1.jar:?]
	at com.carrotsearch.randomizedtesting.rules.NoShadowingOrOverridesOnMethodsRule$1.evaluate(NoShadowingOrOverridesOnMethodsRule.java:40) [randomizedtesting-runner-2.7.1.jar:?]
	at com.carrotsearch.randomizedtesting.rules.StatementAdapter.evaluate(StatementAdapter.java:36) [randomizedtesting-runner-2.7.1.jar:?]
	at com.carrotsearch.randomizedtesting.rules.StatementAdapter.evaluate(StatementAdapter.java:36) [randomizedtesting-runner-2.7.1.jar:?]
	at org.apache.lucene.util.TestRuleAssertionsRequired$1.evaluate(TestRuleAssertionsRequired.java:53) [lucene-test-framework-8.3.0.jar:8.3.0 2aa586909b911e66e1d8863aa89f173d69f86cd2 - ishan - 2019-10-25 23:10:05]
	at org.apache.lucene.util.TestRuleMarkFailure$1.evaluate(TestRuleMarkFailure.java:47) [lucene-test-framework-8.3.0.jar:8.3.0 2aa586909b911e66e1d8863aa89f173d69f86cd2 - ishan - 2019-10-25 23:10:05]
	at org.apache.lucene.util.TestRuleIgnoreAfterMaxFailures$1.evaluate(TestRuleIgnoreAfterMaxFailures.java:64) [lucene-test-framework-8.3.0.jar:8.3.0 2aa586909b911e66e1d8863aa89f173d69f86cd2 - ishan - 2019-10-25 23:10:05]
	at org.apache.lucene.util.TestRuleIgnoreTestSuites$1.evaluate(TestRuleIgnoreTestSuites.java:54) [lucene-test-framework-8.3.0.jar:8.3.0 2aa586909b911e66e1d8863aa89f173d69f86cd2 - ishan - 2019-10-25 23:10:05]
	at com.carrotsearch.randomizedtesting.rules.StatementAdapter.evaluate(StatementAdapter.java:36) [randomizedtesting-runner-2.7.1.jar:?]
	at com.carrotsearch.randomizedtesting.ThreadLeakControl$StatementRunner.run(ThreadLeakControl.java:368) [randomizedtesting-runner-2.7.1.jar:?]
	at java.lang.Thread.run(Thread.java:835) [?:?]
[2020-02-17T08:54:42,936][WARN ][o.e.c.r.a.AllocationService] [testRandomClusterStateUpdates] failing shard [failed shard, shard [index_wuswjvknqtdgvfu][1], node[node_003], [R], s[STARTED], a[id=0bBv1SL5RLCtaS-sPf8m4g], message [fake shard failure], failure [Exception[null]], markAsStale [true]]
java.lang.Exception: null
	at org.elasticsearch.indices.cluster.IndicesClusterStateServiceRandomUpdatesTests.randomlyUpdateClusterState(IndicesClusterStateServiceRandomUpdatesTests.java:400) [test/:?]
	at org.elasticsearch.indices.cluster.IndicesClusterStateServiceRandomUpdatesTests.testRandomClusterStateUpdates(IndicesClusterStateServiceRandomUpdatesTests.java:116) [test/:?]
	at jdk.internal.reflect.NativeMethodAccessorImpl.invoke0(Native Method) ~[?:?]
	at jdk.internal.reflect.NativeMethodAccessorImpl.invoke(NativeMethodAccessorImpl.java:62) ~[?:?]
	at jdk.internal.reflect.DelegatingMethodAccessorImpl.invoke(DelegatingMethodAccessorImpl.java:43) ~[?:?]
	at java.lang.reflect.Method.invoke(Method.java:567) ~[?:?]
	at com.carrotsearch.randomizedtesting.RandomizedRunner.invoke(RandomizedRunner.java:1750) [randomizedtesting-runner-2.7.1.jar:?]
	at com.carrotsearch.randomizedtesting.RandomizedRunner$8.evaluate(RandomizedRunner.java:938) [randomizedtesting-runner-2.7.1.jar:?]
	at com.carrotsearch.randomizedtesting.RandomizedRunner$9.evaluate(RandomizedRunner.java:974) [randomizedtesting-runner-2.7.1.jar:?]
	at com.carrotsearch.randomizedtesting.RandomizedRunner$10.evaluate(RandomizedRunner.java:988) [randomizedtesting-runner-2.7.1.jar:?]
	at com.carrotsearch.randomizedtesting.rules.StatementAdapter.evaluate(StatementAdapter.java:36) [randomizedtesting-runner-2.7.1.jar:?]
	at org.apache.lucene.util.TestRuleSetupTeardownChained$1.evaluate(TestRuleSetupTeardownChained.java:49) [lucene-test-framework-8.3.0.jar:8.3.0 2aa586909b911e66e1d8863aa89f173d69f86cd2 - ishan - 2019-10-25 23:10:05]
	at org.apache.lucene.util.AbstractBeforeAfterRule$1.evaluate(AbstractBeforeAfterRule.java:45) [lucene-test-framework-8.3.0.jar:8.3.0 2aa586909b911e66e1d8863aa89f173d69f86cd2 - ishan - 2019-10-25 23:10:05]
	at org.apache.lucene.util.TestRuleThreadAndTestName$1.evaluate(TestRuleThreadAndTestName.java:48) [lucene-test-framework-8.3.0.jar:8.3.0 2aa586909b911e66e1d8863aa89f173d69f86cd2 - ishan - 2019-10-25 23:10:05]
	at org.apache.lucene.util.TestRuleIgnoreAfterMaxFailures$1.evaluate(TestRuleIgnoreAfterMaxFailures.java:64) [lucene-test-framework-8.3.0.jar:8.3.0 2aa586909b911e66e1d8863aa89f173d69f86cd2 - ishan - 2019-10-25 23:10:05]
	at org.apache.lucene.util.TestRuleMarkFailure$1.evaluate(TestRuleMarkFailure.java:47) [lucene-test-framework-8.3.0.jar:8.3.0 2aa586909b911e66e1d8863aa89f173d69f86cd2 - ishan - 2019-10-25 23:10:05]
	at com.carrotsearch.randomizedtesting.rules.StatementAdapter.evaluate(StatementAdapter.java:36) [randomizedtesting-runner-2.7.1.jar:?]
	at com.carrotsearch.randomizedtesting.ThreadLeakControl$StatementRunner.run(ThreadLeakControl.java:368) [randomizedtesting-runner-2.7.1.jar:?]
	at com.carrotsearch.randomizedtesting.ThreadLeakControl.forkTimeoutingTask(ThreadLeakControl.java:817) [randomizedtesting-runner-2.7.1.jar:?]
	at com.carrotsearch.randomizedtesting.ThreadLeakControl$3.evaluate(ThreadLeakControl.java:468) [randomizedtesting-runner-2.7.1.jar:?]
	at com.carrotsearch.randomizedtesting.RandomizedRunner.runSingleTest(RandomizedRunner.java:947) [randomizedtesting-runner-2.7.1.jar:?]
	at com.carrotsearch.randomizedtesting.RandomizedRunner$5.evaluate(RandomizedRunner.java:832) [randomizedtesting-runner-2.7.1.jar:?]
	at com.carrotsearch.randomizedtesting.RandomizedRunner$6.evaluate(RandomizedRunner.java:883) [randomizedtesting-runner-2.7.1.jar:?]
	at com.carrotsearch.randomizedtesting.RandomizedRunner$7.evaluate(RandomizedRunner.java:894) [randomizedtesting-runner-2.7.1.jar:?]
	at org.apache.lucene.util.AbstractBeforeAfterRule$1.evaluate(AbstractBeforeAfterRule.java:45) [lucene-test-framework-8.3.0.jar:8.3.0 2aa586909b911e66e1d8863aa89f173d69f86cd2 - ishan - 2019-10-25 23:10:05]
	at com.carrotsearch.randomizedtesting.rules.StatementAdapter.evaluate(StatementAdapter.java:36) [randomizedtesting-runner-2.7.1.jar:?]
	at org.apache.lucene.util.TestRuleStoreClassName$1.evaluate(TestRuleStoreClassName.java:41) [lucene-test-framework-8.3.0.jar:8.3.0 2aa586909b911e66e1d8863aa89f173d69f86cd2 - ishan - 2019-10-25 23:10:05]
	at com.carrotsearch.randomizedtesting.rules.NoShadowingOrOverridesOnMethodsRule$1.evaluate(NoShadowingOrOverridesOnMethodsRule.java:40) [randomizedtesting-runner-2.7.1.jar:?]
	at com.carrotsearch.randomizedtesting.rules.NoShadowingOrOverridesOnMethodsRule$1.evaluate(NoShadowingOrOverridesOnMethodsRule.java:40) [randomizedtesting-runner-2.7.1.jar:?]
	at com.carrotsearch.randomizedtesting.rules.StatementAdapter.evaluate(StatementAdapter.java:36) [randomizedtesting-runner-2.7.1.jar:?]
	at com.carrotsearch.randomizedtesting.rules.StatementAdapter.evaluate(StatementAdapter.java:36) [randomizedtesting-runner-2.7.1.jar:?]
	at org.apache.lucene.util.TestRuleAssertionsRequired$1.evaluate(TestRuleAssertionsRequired.java:53) [lucene-test-framework-8.3.0.jar:8.3.0 2aa586909b911e66e1d8863aa89f173d69f86cd2 - ishan - 2019-10-25 23:10:05]
	at org.apache.lucene.util.TestRuleMarkFailure$1.evaluate(TestRuleMarkFailure.java:47) [lucene-test-framework-8.3.0.jar:8.3.0 2aa586909b911e66e1d8863aa89f173d69f86cd2 - ishan - 2019-10-25 23:10:05]
	at org.apache.lucene.util.TestRuleIgnoreAfterMaxFailures$1.evaluate(TestRuleIgnoreAfterMaxFailures.java:64) [lucene-test-framework-8.3.0.jar:8.3.0 2aa586909b911e66e1d8863aa89f173d69f86cd2 - ishan - 2019-10-25 23:10:05]
	at org.apache.lucene.util.TestRuleIgnoreTestSuites$1.evaluate(TestRuleIgnoreTestSuites.java:54) [lucene-test-framework-8.3.0.jar:8.3.0 2aa586909b911e66e1d8863aa89f173d69f86cd2 - ishan - 2019-10-25 23:10:05]
	at com.carrotsearch.randomizedtesting.rules.StatementAdapter.evaluate(StatementAdapter.java:36) [randomizedtesting-runner-2.7.1.jar:?]
	at com.carrotsearch.randomizedtesting.ThreadLeakControl$StatementRunner.run(ThreadLeakControl.java:368) [randomizedtesting-runner-2.7.1.jar:?]
	at java.lang.Thread.run(Thread.java:835) [?:?]
[2020-02-17T08:54:42,939][INFO ][o.e.c.s.IndexScopedSettings] [testRandomClusterStateUpdates] updating [index.refresh_interval] from [5s] to [4s]
[2020-02-17T08:54:42,939][INFO ][o.e.c.s.IndexScopedSettings] [testRandomClusterStateUpdates] updating [index.refresh_interval] from [4s] to [3s]
[2020-02-17T08:54:42,939][INFO ][o.e.c.s.IndexScopedSettings] [testRandomClusterStateUpdates] updating [index.refresh_interval] from [1s] to [3s]
[2020-02-17T08:54:42,942][INFO ][o.e.c.s.IndexScopedSettings] [testRandomClusterStateUpdates] updating [index.refresh_interval] from [5s] to [4s]
[2020-02-17T08:54:42,942][INFO ][o.e.c.s.IndexScopedSettings] [testRandomClusterStateUpdates] updating [index.refresh_interval] from [1s] to [5s]
[2020-02-17T08:54:42,942][INFO ][o.e.c.s.IndexScopedSettings] [testRandomClusterStateUpdates] updating [index.refresh_interval] from [4s] to [3s]
[2020-02-17T08:54:42,942][INFO ][o.e.c.s.IndexScopedSettings] [testRandomClusterStateUpdates] updating [index.refresh_interval] from [1s] to [3s]
[2020-02-17T08:54:42,945][INFO ][o.e.c.s.IndexScopedSettings] [testRandomClusterStateUpdates] updating [index.refresh_interval] from [5s] to [4s]
[2020-02-17T08:54:42,945][INFO ][o.e.c.s.IndexScopedSettings] [testRandomClusterStateUpdates] updating [index.refresh_interval] from [4s] to [3s]
[2020-02-17T08:54:42,945][INFO ][o.e.c.s.IndexScopedSettings] [testRandomClusterStateUpdates] updating [index.refresh_interval] from [1s] to [3s]
[2020-02-17T08:54:42,950][INFO ][o.e.i.c.IndicesClusterStateServiceRandomUpdatesTests] [testRandomClusterStateUpdates] Iteration 26
[2020-02-17T08:54:42,951][INFO ][o.e.c.m.MetaDataCreateIndexService] [testRandomClusterStateUpdates] [index_bimevgasgvxvngc] creating index, cause [api], templates [], shards [3]/[0], mappings []
[2020-02-17T08:54:42,952][INFO ][o.e.c.m.MetaDataCreateIndexService] [testRandomClusterStateUpdates] [index_hqemdyipigryrnv] creating index, cause [api], templates [], shards [2]/[1], mappings []
[2020-02-17T08:54:42,953][INFO ][o.e.c.r.a.AllocationService] [testRandomClusterStateUpdates] updating number_of_replicas to [2] for indices [index_hqemdyipigryrnv]
[2020-02-17T08:54:42,954][INFO ][o.e.c.m.MetaDataCreateIndexService] [testRandomClusterStateUpdates] [index_nqslzdxelfupxac] creating index, cause [api], templates [], shards [1]/[1], mappings []
[2020-02-17T08:54:42,954][INFO ][o.e.c.r.a.AllocationService] [testRandomClusterStateUpdates] updating number_of_replicas to [2] for indices [index_nqslzdxelfupxac]
[2020-02-17T08:54:42,955][INFO ][o.e.c.m.MetaDataIndexStateService] [testRandomClusterStateUpdates] closing indices [index_pdzgjrecphwmirm/-uy-RdIUQLKiUIT1sLvDDg]
[2020-02-17T08:54:42,955][INFO ][o.e.c.m.MetaDataIndexStateService] [testRandomClusterStateUpdates] completed closing of indices [index_pdzgjrecphwmirm]
[2020-02-17T08:54:42,961][INFO ][o.e.i.c.IndicesClusterStateServiceRandomUpdatesTests] [testRandomClusterStateUpdates] Iteration 27
[2020-02-17T08:54:42,962][INFO ][o.e.i.c.IndicesClusterStateServiceRandomUpdatesTests] [testRandomClusterStateUpdates] Iteration 28
[2020-02-17T08:54:42,963][INFO ][o.e.i.c.IndicesClusterStateServiceRandomUpdatesTests] [testRandomClusterStateUpdates] Iteration 29
[2020-02-17T08:54:42,964][INFO ][o.e.c.m.MetaDataCreateIndexService] [testRandomClusterStateUpdates] [index_hbojrfjauzlcpxm] creating index, cause [api], templates [], shards [1]/[1], mappings []
[2020-02-17T08:54:42,964][INFO ][o.e.c.r.a.AllocationService] [testRandomClusterStateUpdates] updating number_of_replicas to [2] for indices [index_hbojrfjauzlcpxm]
[2020-02-17T08:54:42,967][INFO ][o.e.c.s.IndexScopedSettings] [testRandomClusterStateUpdates] updating [index.refresh_interval] from [2s] to [5s]
[2020-02-17T08:54:42,968][INFO ][o.e.c.s.IndexScopedSettings] [testRandomClusterStateUpdates] updating [index.refresh_interval] from [1s] to [5s]
[2020-02-17T08:54:42,968][INFO ][o.e.c.s.IndexScopedSettings] [testRandomClusterStateUpdates] updating [index.refresh_interval] from [2s] to [5s]
[2020-02-17T08:54:42,969][INFO ][o.e.c.s.IndexScopedSettings] [testRandomClusterStateUpdates] updating [index.refresh_interval] from [1s] to [5s]
[2020-02-17T08:54:42,969][INFO ][o.e.c.s.IndexScopedSettings] [testRandomClusterStateUpdates] updating [index.refresh_interval] from [2s] to [5s]
[2020-02-17T08:54:42,970][INFO ][o.e.i.c.IndicesClusterStateServiceRandomUpdatesTests] [testRandomClusterStateUpdates] Final cluster state: cluster uuid: 0BMssGZcS9iiCTe9jBgv1A [committed: false]
version: 0
state uuid: MwFsz90AT2upkcTvlKVgeA
from_diff: false
meta data version: 0
   coordination_metadata:
      term: 0
      last_committed_config: VotingConfiguration{}
      last_accepted_config: VotingConfiguration{}
      voting tombstones: []
   [index_mtaffcqqwvotsmu/noAA0BDAQfy0WuUMqygqWg]: v[6], mv[1], sv[2], av[1]
      0: p_term [1], isa_ids [MbMvPbCBTji8Ku7gJwy_Lg]
      1: p_term [1], isa_ids [14qGHJ85RJWBOCqVX3eZ_g]
      2: p_term [1], isa_ids [3Cx0OXgpSAKwFSYbAA7cNg]
   [index_hqemdyipigryrnv/6I4EH_E8SRiocTqTq3bgfw]: v[4], mv[1], sv[2], av[1]
      0: p_term [1], isa_ids []
      1: p_term [1], isa_ids []
   [index_wuswjvknqtdgvfu/HAB5PEYwQgmKtdEBdwueaw]: v[27], mv[1], sv[5], av[1]
      0: p_term [3], isa_ids [d2fw1DtXTqyigkMl7X6lig, eJzSDynwS1OaJPyEqBZucA]
      1: p_term [3], isa_ids [Xjbx2a84QK23o-slDGC1iQ]
   [index_bimevgasgvxvngc/yK6K7IuFS72-7q2mtBgP7w]: v[4], mv[1], sv[1], av[1]
      0: p_term [1], isa_ids [7CrkzDSnSFeuoI1oZK5wWg]
      1: p_term [1], isa_ids []
      2: p_term [1], isa_ids [ud1iHP11RHSkDaQ53oxM1A]
   [index_hamxtpefdeisohh/i0sBuc0FTqiHPFd1lSL9fQ]: v[36], mv[1], sv[6], av[1]
      0: p_term [4], isa_ids [E4SL__8KSIOdinCcS4fg5g, Vgvbq5AcReWOy6FM3ETJPg]
      1: p_term [3], isa_ids [aW6u9ebGTTOb3vjfY8Prgg, M4WAOYhwSWuHRTepMiXouQ]
      2: p_term [4], isa_ids [3_SxuWDWTMiSvl12O8lx_Q, IU4plHLQTCKXmQ041EvRGA, -3A-u9teRmCVLKX5YFRXgw]
   [index_cezemityllqlkxt/hVgLy269QkGNzk7uDUAGKg]: v[18], mv[1], sv[5], av[1]
      0: p_term [3], isa_ids [UQe1IP2TTPSLe82MEiseOw]
      1: p_term [3], isa_ids [kULNf0SmSPi15vEz4Oj1yg]
   [index_rhlqqqpgyhiwaja/ViBMdzdTSSWN34YmRs9WvQ]: v[13], mv[1], sv[2], av[1]
      0: p_term [2], isa_ids [xgp_X-OnRi2_D1nPkv6RRg]
      1: p_term [2], isa_ids [sziTFq7mQiuQ47Qx5pGcZg, U1UfhNmlRHWk04nW0V08OQ]
   [index_nmhhghfuktdczxt/p8LfdJFOR5mWh75s2b11hg]: v[12], mv[1], sv[4], av[1]
      0: p_term [2], isa_ids [SYjSFM-BREy_hchUDBMwqQ, Z9EkAw4yQhSAbdY8n_CDQQ]
      1: p_term [2], isa_ids [A_fYtq3_TGuFi5qXoBowEg, p1shmtIzQW6BbScX1d3A-A, HAK5ir9fTb--dYD-SY6KIA]
      2: p_term [2], isa_ids [lPkmCfe_TWyFtOX_YlFOhA, eUmqf2AiRhSrAqdzgtcl5A]
   [index_ewdlfqpwjgjrcnu/ynRnH4UcT5mt80OJuxV1kg]: v[6], mv[1], sv[1], av[1]
      0: p_term [1], isa_ids [xLa1Yx41S7i8_ZwCDGhp4Q]
      1: p_term [1], isa_ids [7RWDfnr8RUueZEuNG8Dw-Q, BCcBl6N8SWmk4i4h74KOIQ]
      2: p_term [1], isa_ids [9LzWG2cnQFWz_pWEDm-MhA, 9YRp4HvEQl2BDJY7WsgmWw]
   [index_pdzgjrecphwmirm/-uy-RdIUQLKiUIT1sLvDDg]: v[9], mv[1], sv[2], av[1]
      0: p_term [2], isa_ids [Y8SGiqO2TTGmQhI94guweg]
      1: p_term [2], isa_ids [gUGsVpCRTYSWDLqY63LyiA]
      2: p_term [2], isa_ids [DDsIQJTGSQWcS29a1gQyCw]
   [index_dvbjfesatpyabbt/nq_KE2AnS4iiMbHpk6RZEg]: v[27], mv[1], sv[6], av[1]
      0: p_term [3], isa_ids [w49RvIzqToiP27_q_jgC-g, Z_HiZrsCRBKrEAbJ_P8r1A, w54K72mvRFeCh92_QXgXaQ]
      1: p_term [2], isa_ids [lvU9bqIeTBC6YAyffg7QCw, RjVldfEcTmm0lHmwOhvGbw, MPMrI3VZRf2JZW-_s6LYyA]
   [index_wqccqwqbcjwydhy/CKF5cGLBSp6ZZCO2ymyaCQ]: v[24], mv[1], sv[5], av[1]
      0: p_term [4], isa_ids [FqKxxLfXRPuNRYvlXKZLLw, tXKjVupaSfOnsUIVkJY5tQ, k9dtyOTEQKuprCZTUNSX5g]
      1: p_term [3], isa_ids [ip72PSMRRYGwyzMNlW_aPQ, yS8po5jOR4-i8kJtis1GuA, DFyeJw9wR-6ycw4UMryGoA]
      2: p_term [4], isa_ids [Vsz2Ft-lRXSVhcxyKRdInw, aa4uzYqoT5yOa4m98QQYdw, dhgbbAduS669HVxPTO4xUg]
   [index_lzyqlznbkomzval/aQm1cFfhTCSMKIcGzr7Org]: v[7], mv[1], sv[2], av[1]
      0: p_term [1], isa_ids [vaoEzdgTTS-iZs2NUX7ovw]
      1: p_term [1], isa_ids [fuSyAudvSQ-oRsqnqPDJxw]
      2: p_term [1], isa_ids []
   [index_ctefkedxnbclguw/ciZyFMKaRa25DHslIYNy2w]: v[9], mv[1], sv[3], av[1]
      0: p_term [2], isa_ids [RqtNadb_T--HKQXvYFL4sA]
      1: p_term [2], isa_ids [UAWDKfFsTsOOQVL1-_4veQ]
   [index_yxsxismvdcqrtzh/o1LHF2RnRl65ubwDBFLdtg]: v[7], mv[1], sv[2], av[1]
      0: p_term [1], isa_ids [18tBwDC2QUG7BYZRobcoGQ, Q6rMQxy5RKanHgkGu-gLSg, epeoqIIVTYWLuaR-hAaZZw]
   [index_nqslzdxelfupxac/1TWV9Bb3Q0SKNtNSqEgJig]: v[5], mv[1], sv[2], av[1]
      0: p_term [1], isa_ids [oIPjAyPmT_6JYIBpy2hN7g]
   [index_lbozkctdfwqrnnc/fhvY-eiDQ0ek_rlpZ-4K9Q]: v[21], mv[1], sv[4], av[1]
      0: p_term [2], isa_ids [kCQTgudEQnmrUReDxdGMOg, jSADpebQRGKJiB1eWGq_6g, x16yDZzYQ0yq79Kj9uojUA]
      1: p_term [2], isa_ids [7OoFXiE0QpmXQhsQOgHGjw, 2kJ96hj_SiuwPJXLf3R4VQ, pes6TKt1Qey3LplL9M8YGQ]
      2: p_term [2], isa_ids [o4Li3ibjSyiPMhQxzPXh0Q, BSZj_aK9RG-ZoeaRpOsfgQ, ruhRz5llSGGV3V3AZ645pQ]
   [index_fximuezlnncqtij/Le6JKavbQT-7v8obIwoEzA]: v[7], mv[1], sv[2], av[1]
      0: p_term [1], isa_ids [EAKOj9XPRF6Ihun73BYv2w, Flt8ru77S5m2l5BTtJJfVQ]
   [index_hbojrfjauzlcpxm/olW47_k4TyuPkASANxVjHA]: v[4], mv[1], sv[2], av[1]
      0: p_term [1], isa_ids []
   [index_xgqwgljelovzbes/qiZ16E_OTueDzu45l8zRtA]: v[16], mv[1], sv[4], av[1]
      0: p_term [2], isa_ids [YZZw6KsITuaZUbEX0ckNKg, VEBA_2YPRk61J2X7ysLMKA, rbi8wUb2Q_CGga9qUaP7HQ]
      1: p_term [2], isa_ids [V_OSiAfMQkuqaz7uNP0Mbg, ScW5T8-WRpeel57oK9Ujeg]
      2: p_term [2], isa_ids [etk5ppCeTaOPEYHk_UWZOw, niTcbC-WQ1eowrP79xxuQw]
   [index_ocfsoiooeeultzw/k_z_HfzrQ4G81dl3_-_IAQ]: v[21], mv[1], sv[5], av[1]
      0: p_term [3], isa_ids [4nXqDeccQByzJdDGqJnXFA, zSTWulsUSoazJPMEGWkgSQ, 4LEbIuxuRduA2VhAnlJv8w]
      1: p_term [3], isa_ids [-lQpJhMJQES1x6RBqnpEGw, zBqY2h83SHmeMZ_Buuo1tA]
metadata customs:
   index-graveyard: IndexGraveyard[[[index=[index_wtrgewzfoaaabug/HweResFqQrmq7VDPYwuEhA], deleteDate=2020-02-16T22:24:42.615Z], [index=[index_zbgctkdwzomzpca/agKJLCIvTl6nCV4zk_eWfw], deleteDate=2020-02-16T22:24:42.615Z], [index=[index_ywojuzwtacbdlfz/I8UQMTXCRg2PbYUx01pJBg], deleteDate=2020-02-16T22:24:42.617Z], [index=[index_hptvjsntjpretoz/qIv7XVQyTC-5rOM6YsBapQ], deleteDate=2020-02-16T22:24:42.617Z], [index=[index_zcdiwuklklsqflb/DOPRPiL1St6GhJic7RnCeg], deleteDate=2020-02-16T22:24:42.623Z], [index=[index_jnmujbkqsxnkzai/cwxthdi2RvGCGonv_Equ5A], deleteDate=2020-02-16T22:24:42.623Z], [index=[index_jxmjvurjwidhfon/rMVhbIYGSKu0B8LxvMwUiw], deleteDate=2020-02-16T22:24:42.640Z], [index=[index_luagpjlrrjgovei/VyLO3iBBT7CqaY5f89dcow], deleteDate=2020-02-16T22:24:42.640Z], [index=[index_uuhqanrlvgkchcx/yvJkTMZxT9-oWdYJVP4mQw], deleteDate=2020-02-16T22:24:42.650Z], [index=[index_awickixxvotwdmg/BpUDaJNVRySJRDz_cP7JpQ], deleteDate=2020-02-16T22:24:42.655Z], [index=[index_qvlycrkjuzxlpti/7o1frSc4RN2LxQ1C75f6eg], deleteDate=2020-02-16T22:24:42.669Z], [index=[index_fegwqjttyjlxqpt/SKMQQ2WUQbmEyoppl57wKQ], deleteDate=2020-02-16T22:24:42.678Z], [index=[index_ebofeattygammbm/bd5TENgARpyZdyLQkxq2cQ], deleteDate=2020-02-16T22:24:42.683Z], [index=[index_pampvksyjoijzns/-2vUnGTqTjSjWIPMb3sNVQ], deleteDate=2020-02-16T22:24:42.693Z], [index=[index_fttuupeeqysktze/5OcvrpakTU6hbnEw_Xd2yg], deleteDate=2020-02-16T22:24:42.704Z], [index=[index_zhvvwlfkbxukouf/aXgIogQMQ2qdV-aT49SSYQ], deleteDate=2020-02-16T22:24:42.704Z], [index=[index_plvujckczridcrz/3_jph6N5Sxe4VMKfcx1iXg], deleteDate=2020-02-16T22:24:42.711Z], [index=[index_oenvwbunxesyqcv/v1Q-HHTQS92CmFuePSat8Q], deleteDate=2020-02-16T22:24:42.711Z], [index=[index_ghyiajppjozqwbk/9CW-n1wOR66glxiXHRc1WQ], deleteDate=2020-02-16T22:24:42.723Z], [index=[index_wmtrcpprssieetl/XP-kh6wiQoemMzDmZ9JEuA], deleteDate=2020-02-16T22:24:42.723Z], [index=[index_tcwyaelshhfocqs/fdw3xLgEQUyo6NbLVc2nPA], deleteDate=2020-02-16T22:24:42.741Z], [index=[index_qicyithjvjihjpd/ttUt08HGRw-pv6MbZbPmqQ], deleteDate=2020-02-16T22:24:42.750Z], [index=[index_hurzdkomxokrklk/hogdAH3mSGyX5rTqc7IAZQ], deleteDate=2020-02-16T22:24:42.760Z], [index=[index_wbtkmyxenrryfkc/Z1hjWDCASey-DOZDi0jlHA], deleteDate=2020-02-16T22:24:42.782Z], [index=[index_wpixeykwvhkludv/yPZR2Gv_Sy26eGTruKyCzA], deleteDate=2020-02-16T22:24:42.791Z], [index=[index_ampeeghwgzmrmbd/bDnJ6SEfTySHQu6-vsRTwQ], deleteDate=2020-02-16T22:24:42.808Z], [index=[index_ieiacownehvgoby/-yiMe0HJRg25u6e6zZCchw], deleteDate=2020-02-16T22:24:42.825Z], [index=[index_lzzqaolkqgsnfms/aMAk5BUmTDecK8g1KvK9Yw], deleteDate=2020-02-16T22:24:42.835Z], [index=[index_wsushhzoxdgikea/TYhgDeUYRT2yHhuvHesyfw], deleteDate=2020-02-16T22:24:42.835Z], [index=[index_ddfnlfefotruywi/_1cbI0P3TnWbLKgXyKN2_g], deleteDate=2020-02-16T22:24:42.859Z], [index=[index_ljuapmknmeyszla/KMx9Yk_1Q1anx0uqe1uEfQ], deleteDate=2020-02-16T22:24:42.859Z], [index=[index_bdjlhdbkrfjxolc/muyEYUoRQFykGQMXl3D5CA], deleteDate=2020-02-16T22:24:42.863Z], [index=[index_ejynqpyqaeufmio/VRACAK7_R0iFoOYiL2Y-_Q], deleteDate=2020-02-16T22:24:42.863Z], [index=[index_kwrqrkmepkrmjwk/V1yAGZLxQ1CWjC-YTq5gKw], deleteDate=2020-02-16T22:24:42.878Z], [index=[index_ywracopujgubtfb/ym7j2ImbR16-HiV4R_K8Cg], deleteDate=2020-02-16T22:24:42.878Z], [index=[index_xptalchbwjlwnsc/Xf2heBZTRaWVVZiGKllT_A], deleteDate=2020-02-16T22:24:42.887Z], [index=[index_isygnhxattftjnx/dm7FjwU3RCOyVWJyJqgNJw], deleteDate=2020-02-16T22:24:42.902Z], [index=[index_ziknftwmfuhigru/hQ5zLF08TOeofRr3-ERf4w], deleteDate=2020-02-16T22:24:42.909Z], [index=[index_fatikdniaurydeb/KVxEDXP0RFurbcmpkhuQoQ], deleteDate=2020-02-16T22:24:42.909Z], [index=[index_cptkgayesaszaok/QawyGNT3REanTSOQ6H_wbA], deleteDate=2020-02-16T22:24:42.922Z], [index=[index_czbomyqorhxrqbp/7MzEInSQQdWTrK42Gm3pVg], deleteDate=2020-02-16T22:24:42.922Z]]]
blocks: 
   index_ctefkedxnbclguw:
      4,index closed, blocks READ,WRITE   index_xgqwgljelovzbes:
      4,index closed, blocks READ,WRITE   index_dvbjfesatpyabbt:
      4,index closed, blocks READ,WRITE   index_rhlqqqpgyhiwaja:
      4,index closed, blocks READ,WRITE   index_nmhhghfuktdczxt:
      4,index closed, blocks READ,WRITE   index_pdzgjrecphwmirm:
      4,index closed, blocks READ,WRITE   index_lbozkctdfwqrnnc:
      4,index closed, blocks READ,WRITE
nodes: 
   {node_006}{node_006}{nKY1ADvnQxKeWtbjEB0J7w}{0.0.0.0}{0.0.0.0:20}{dm}
   {node_007}{node_007}{I-Lt6LX6R0WZ3WgLFcqoyQ}{0.0.0.0}{0.0.0.0:21}{m}
   {node_002}{node_002}{a5KazRPwS1qUokSmyNuMBA}{0.0.0.0}{0.0.0.0:16}{dim}
   {node_005}{node_005}{eyfyze3nT1addvjMHr8zQw}{0.0.0.0}{0.0.0.0:19}
   {node_001}{node_001}{XL6hsdz3SuG645sH8CIsVw}{0.0.0.0}{0.0.0.0:15}{m}, local, master
   {node_003}{node_003}{aM1w6HYZS4WiqUJ9Tu5GDA}{0.0.0.0}{0.0.0.0:17}{d}
   {node_004}{node_004}{TINbbl2iT0eEuY9j5M-h_g}{0.0.0.0}{0.0.0.0:18}
routing_table (version 0):
-- index [[index_ctefkedxnbclguw/ciZyFMKaRa25DHslIYNy2w]]
----shard_id [index_ctefkedxnbclguw][0]
--------[index_ctefkedxnbclguw][0], node[node_002], [R], recovery_source[peer recovery], s[INITIALIZING], a[id=LUA5Wr1mQ_mda2WXaEP97w], unassigned_info[[reason=INDEX_CLOSED], at[2020-02-16T22:24:42.923Z], delayed=false, allocation_status[no_attempt]]
--------[index_ctefkedxnbclguw][0], node[node_003], [P], s[STARTED], a[id=RqtNadb_T--HKQXvYFL4sA]
--------[index_ctefkedxnbclguw][0], node[node_006], [R], recovery_source[peer recovery], s[INITIALIZING], a[id=OB_iQpkXSbmssKlEkpm8ng], unassigned_info[[reason=INDEX_CLOSED], at[2020-02-16T22:24:42.923Z], delayed=false, allocation_status[no_attempt]]
----shard_id [index_ctefkedxnbclguw][1]
--------[index_ctefkedxnbclguw][1], node[node_002], relocating [node_003], [P], s[RELOCATING], a[id=UAWDKfFsTsOOQVL1-_4veQ, rId=4VRLkS6FSlGW1AJ-DnIl1Q]
--------[index_ctefkedxnbclguw][1], node[node_006], [R], recovery_source[peer recovery], s[INITIALIZING], a[id=a0zQojIsRFaQmxlnF6z5Iw], unassigned_info[[reason=INDEX_CLOSED], at[2020-02-16T22:24:42.923Z], delayed=false, allocation_status[no_attempt]]
--------[index_ctefkedxnbclguw][1], node[null], [R], recovery_source[peer recovery], s[UNASSIGNED], unassigned_info[[reason=INDEX_CLOSED], at[2020-02-16T22:24:42.923Z], delayed=false, allocation_status[no_attempt]]

-- index [[index_lbozkctdfwqrnnc/fhvY-eiDQ0ek_rlpZ-4K9Q]]
----shard_id [index_lbozkctdfwqrnnc][0]
--------[index_lbozkctdfwqrnnc][0], node[node_002], [R], recovery_source[peer recovery], s[INITIALIZING], a[id=yfrkBkhtRCO7icpXLHstsg], unassigned_info[[reason=INDEX_CLOSED], at[2020-02-16T22:24:42.836Z], delayed=false, allocation_status[no_attempt]]
--------[index_lbozkctdfwqrnnc][0], node[node_003], [P], s[STARTED], a[id=kCQTgudEQnmrUReDxdGMOg]
--------[index_lbozkctdfwqrnnc][0], node[node_006], [R], s[STARTED], a[id=x16yDZzYQ0yq79Kj9uojUA]
----shard_id [index_lbozkctdfwqrnnc][1]
--------[index_lbozkctdfwqrnnc][1], node[node_002], [R], s[STARTED], a[id=2kJ96hj_SiuwPJXLf3R4VQ]
--------[index_lbozkctdfwqrnnc][1], node[node_006], relocating [node_003], [P], s[RELOCATING], a[id=7OoFXiE0QpmXQhsQOgHGjw, rId=dD5LPhBORbyi8pygy4Ksaw]
--------[index_lbozkctdfwqrnnc][1], node[null], [R], recovery_source[peer recovery], s[UNASSIGNED], unassigned_info[[reason=INDEX_CLOSED], at[2020-02-16T22:24:42.836Z], delayed=false, allocation_status[no_attempt]]
----shard_id [index_lbozkctdfwqrnnc][2]
--------[index_lbozkctdfwqrnnc][2], node[node_003], [P], s[STARTED], a[id=o4Li3ibjSyiPMhQxzPXh0Q]
--------[index_lbozkctdfwqrnnc][2], node[node_006], [R], s[STARTED], a[id=BSZj_aK9RG-ZoeaRpOsfgQ]
--------[index_lbozkctdfwqrnnc][2], node[null], [R], recovery_source[peer recovery], s[UNASSIGNED], unassigned_info[[reason=INDEX_CLOSED], at[2020-02-16T22:24:42.836Z], delayed=false, allocation_status[no_attempt]]

-- index [[index_mtaffcqqwvotsmu/noAA0BDAQfy0WuUMqygqWg]]
----shard_id [index_mtaffcqqwvotsmu][0]
--------[index_mtaffcqqwvotsmu][0], node[node_003], [P], s[STARTED], a[id=MbMvPbCBTji8Ku7gJwy_Lg]
--------[index_mtaffcqqwvotsmu][0], node[null], [R], recovery_source[peer recovery], s[UNASSIGNED], unassigned_info[[reason=REPLICA_ADDED], at[2020-02-16T22:24:42.917Z], delayed=false, allocation_status[no_attempt]]
--------[index_mtaffcqqwvotsmu][0], node[null], [R], recovery_source[peer recovery], s[UNASSIGNED], unassigned_info[[reason=INDEX_CREATED], at[2020-02-16T22:24:42.916Z], delayed=false, allocation_status[no_attempt]]
----shard_id [index_mtaffcqqwvotsmu][1]
--------[index_mtaffcqqwvotsmu][1], node[node_006], [P], s[STARTED], a[id=14qGHJ85RJWBOCqVX3eZ_g]
--------[index_mtaffcqqwvotsmu][1], node[null], [R], recovery_source[peer recovery], s[UNASSIGNED], unassigned_info[[reason=INDEX_CREATED], at[2020-02-16T22:24:42.916Z], delayed=false, allocation_status[no_attempt]]
--------[index_mtaffcqqwvotsmu][1], node[null], [R], recovery_source[peer recovery], s[UNASSIGNED], unassigned_info[[reason=REPLICA_ADDED], at[2020-02-16T22:24:42.917Z], delayed=false, allocation_status[no_attempt]]
----shard_id [index_mtaffcqqwvotsmu][2]
--------[index_mtaffcqqwvotsmu][2], node[node_002], relocating [node_006], [P], s[RELOCATING], a[id=3Cx0OXgpSAKwFSYbAA7cNg, rId=-7wNEANeSSuqquKbZMsh6A]
--------[index_mtaffcqqwvotsmu][2], node[null], [R], recovery_source[peer recovery], s[UNASSIGNED], unassigned_info[[reason=REPLICA_ADDED], at[2020-02-16T22:24:42.917Z], delayed=false, allocation_status[no_attempt]]
--------[index_mtaffcqqwvotsmu][2], node[null], [R], recovery_source[peer recovery], s[UNASSIGNED], unassigned_info[[reason=INDEX_CREATED], at[2020-02-16T22:24:42.916Z], delayed=false, allocation_status[no_attempt]]

-- index [[index_wqccqwqbcjwydhy/CKF5cGLBSp6ZZCO2ymyaCQ]]
----shard_id [index_wqccqwqbcjwydhy][0]
--------[index_wqccqwqbcjwydhy][0], node[node_002], [R], s[STARTED], a[id=k9dtyOTEQKuprCZTUNSX5g]
--------[index_wqccqwqbcjwydhy][0], node[node_003], [P], s[STARTED], a[id=tXKjVupaSfOnsUIVkJY5tQ]
--------[index_wqccqwqbcjwydhy][0], node[node_006], [R], recovery_source[peer recovery], s[INITIALIZING], a[id=1RHD7PrdRZ--ot1UcpylcA], unassigned_info[[reason=ALLOCATION_FAILED], at[2020-02-16T22:24:42.880Z], failed_attempts[1], delayed=false, details[failed shard on node [node_006]: fake shard failure, failure Exception[null]], allocation_status[no_attempt]]
----shard_id [index_wqccqwqbcjwydhy][1]
--------[index_wqccqwqbcjwydhy][1], node[node_002], [R], s[STARTED], a[id=yS8po5jOR4-i8kJtis1GuA]
--------[index_wqccqwqbcjwydhy][1], node[node_003], [R], s[STARTED], a[id=DFyeJw9wR-6ycw4UMryGoA]
--------[index_wqccqwqbcjwydhy][1], node[node_006], [P], s[STARTED], a[id=ip72PSMRRYGwyzMNlW_aPQ]
----shard_id [index_wqccqwqbcjwydhy][2]
--------[index_wqccqwqbcjwydhy][2], node[node_002], [P], s[STARTED], a[id=Vsz2Ft-lRXSVhcxyKRdInw]
--------[index_wqccqwqbcjwydhy][2], node[node_003], [R], s[STARTED], a[id=aa4uzYqoT5yOa4m98QQYdw]
--------[index_wqccqwqbcjwydhy][2], node[node_006], [R], s[STARTED], a[id=dhgbbAduS669HVxPTO4xUg]

-- index [[index_cezemityllqlkxt/hVgLy269QkGNzk7uDUAGKg]]
----shard_id [index_cezemityllqlkxt][0]
--------[index_cezemityllqlkxt][0], node[node_003], [P], recovery_source[existing store recovery; bootstrap_history_uuid=false], s[INITIALIZING], a[id=UQe1IP2TTPSLe82MEiseOw], unassigned_info[[reason=INDEX_REOPENED], at[2020-02-16T22:24:42.911Z], delayed=false, allocation_status[deciders_throttled]]
----shard_id [index_cezemityllqlkxt][1]
--------[index_cezemityllqlkxt][1], node[node_003], [P], s[STARTED], a[id=kULNf0SmSPi15vEz4Oj1yg]

-- index [[index_nmhhghfuktdczxt/p8LfdJFOR5mWh75s2b11hg]]
----shard_id [index_nmhhghfuktdczxt][0]
--------[index_nmhhghfuktdczxt][0], node[node_002], [P], recovery_source[existing store recovery; bootstrap_history_uuid=false], s[INITIALIZING], a[id=SYjSFM-BREy_hchUDBMwqQ], unassigned_info[[reason=INDEX_CLOSED], at[2020-02-16T22:24:42.910Z], delayed=false, allocation_status[no_attempt]]
--------[index_nmhhghfuktdczxt][0], node[null], [R], recovery_source[peer recovery], s[UNASSIGNED], unassigned_info[[reason=INDEX_CLOSED], at[2020-02-16T22:24:42.910Z], delayed=false, allocation_status[no_attempt]]
--------[index_nmhhghfuktdczxt][0], node[null], [R], recovery_source[peer recovery], s[UNASSIGNED], unassigned_info[[reason=INDEX_CLOSED], at[2020-02-16T22:24:42.910Z], delayed=false, allocation_status[no_attempt]]
----shard_id [index_nmhhghfuktdczxt][1]
--------[index_nmhhghfuktdczxt][1], node[node_002], [P], recovery_source[existing store recovery; bootstrap_history_uuid=false], s[INITIALIZING], a[id=A_fYtq3_TGuFi5qXoBowEg], unassigned_info[[reason=INDEX_CLOSED], at[2020-02-16T22:24:42.910Z], delayed=false, allocation_status[no_attempt]]
--------[index_nmhhghfuktdczxt][1], node[null], [R], recovery_source[peer recovery], s[UNASSIGNED], unassigned_info[[reason=INDEX_CLOSED], at[2020-02-16T22:24:42.910Z], delayed=false, allocation_status[no_attempt]]
--------[index_nmhhghfuktdczxt][1], node[null], [R], recovery_source[peer recovery], s[UNASSIGNED], unassigned_info[[reason=INDEX_CLOSED], at[2020-02-16T22:24:42.910Z], delayed=false, allocation_status[no_attempt]]
----shard_id [index_nmhhghfuktdczxt][2]
--------[index_nmhhghfuktdczxt][2], node[node_002], relocating [node_006], [P], s[RELOCATING], a[id=lPkmCfe_TWyFtOX_YlFOhA, rId=fw8XEZAKQcOIy3klq4itOA]
--------[index_nmhhghfuktdczxt][2], node[node_003], [R], recovery_source[peer recovery], s[INITIALIZING], a[id=I32z7FefQRKc_kyv4IdtDA], unassigned_info[[reason=INDEX_CLOSED], at[2020-02-16T22:24:42.910Z], delayed=false, allocation_status[no_attempt]]
--------[index_nmhhghfuktdczxt][2], node[null], [R], recovery_source[peer recovery], s[UNASSIGNED], unassigned_info[[reason=INDEX_CLOSED], at[2020-02-16T22:24:42.910Z], delayed=false, allocation_status[no_attempt]]

-- index [[index_wuswjvknqtdgvfu/HAB5PEYwQgmKtdEBdwueaw]]
----shard_id [index_wuswjvknqtdgvfu][0]
--------[index_wuswjvknqtdgvfu][0], node[node_002], [R], s[STARTED], a[id=eJzSDynwS1OaJPyEqBZucA]
--------[index_wuswjvknqtdgvfu][0], node[node_003], relocating [node_006], [P], s[RELOCATING], a[id=d2fw1DtXTqyigkMl7X6lig, rId=_G4gD7FbRPyXDkeM191bow]
----shard_id [index_wuswjvknqtdgvfu][1]
--------[index_wuswjvknqtdgvfu][1], node[node_002], [P], s[STARTED], a[id=Xjbx2a84QK23o-slDGC1iQ]
--------[index_wuswjvknqtdgvfu][1], node[null], [R], recovery_source[peer recovery], s[UNASSIGNED], unassigned_info[[reason=ALLOCATION_FAILED], at[2020-02-16T22:24:42.936Z], failed_attempts[1], delayed=false, details[failed shard on node [node_003]: fake shard failure, failure Exception[null]], allocation_status[no_attempt]]

-- index [[index_hqemdyipigryrnv/6I4EH_E8SRiocTqTq3bgfw]]
----shard_id [index_hqemdyipigryrnv][0]
--------[index_hqemdyipigryrnv][0], node[node_002], [P], recovery_source[new shard recovery], s[INITIALIZING], a[id=PRTdtVM6SQSYqyrxsEtS_Q], unassigned_info[[reason=INDEX_CREATED], at[2020-02-16T22:24:42.952Z], delayed=false, allocation_status[no_attempt]]
--------[index_hqemdyipigryrnv][0], node[null], [R], recovery_source[peer recovery], s[UNASSIGNED], unassigned_info[[reason=INDEX_CREATED], at[2020-02-16T22:24:42.952Z], delayed=false, allocation_status[no_attempt]]
--------[index_hqemdyipigryrnv][0], node[null], [R], recovery_source[peer recovery], s[UNASSIGNED], unassigned_info[[reason=REPLICA_ADDED], at[2020-02-16T22:24:42.952Z], delayed=false, allocation_status[no_attempt]]
----shard_id [index_hqemdyipigryrnv][1]
--------[index_hqemdyipigryrnv][1], node[node_006], [P], recovery_source[new shard recovery], s[INITIALIZING], a[id=HeEoKD9rSfaN4AVeFL9K7Q], unassigned_info[[reason=INDEX_CREATED], at[2020-02-16T22:24:42.952Z], delayed=false, allocation_status[no_attempt]]
--------[index_hqemdyipigryrnv][1], node[null], [R], recovery_source[peer recovery], s[UNASSIGNED], unassigned_info[[reason=REPLICA_ADDED], at[2020-02-16T22:24:42.952Z], delayed=false, allocation_status[no_attempt]]
--------[index_hqemdyipigryrnv][1], node[null], [R], recovery_source[peer recovery], s[UNASSIGNED], unassigned_info[[reason=INDEX_CREATED], at[2020-02-16T22:24:42.952Z], delayed=false, allocation_status[no_attempt]]

-- index [[index_ocfsoiooeeultzw/k_z_HfzrQ4G81dl3_-_IAQ]]
----shard_id [index_ocfsoiooeeultzw][0]
--------[index_ocfsoiooeeultzw][0], node[node_002], [R], recovery_source[peer recovery], s[INITIALIZING], a[id=F4DgMNnHR_aPhGTVfEnc4A], unassigned_info[[reason=INDEX_REOPENED], at[2020-02-16T22:24:42.888Z], delayed=false, allocation_status[no_attempt]]
--------[index_ocfsoiooeeultzw][0], node[node_003], [P], s[STARTED], a[id=4nXqDeccQByzJdDGqJnXFA]
--------[index_ocfsoiooeeultzw][0], node[node_006], [R], s[STARTED], a[id=zSTWulsUSoazJPMEGWkgSQ]
----shard_id [index_ocfsoiooeeultzw][1]
--------[index_ocfsoiooeeultzw][1], node[node_002], [R], recovery_source[peer recovery], s[INITIALIZING], a[id=UNzgNolpQF2mAkEV9hJviw], unassigned_info[[reason=INDEX_REOPENED], at[2020-02-16T22:24:42.888Z], delayed=false, allocation_status[no_attempt]]
--------[index_ocfsoiooeeultzw][1], node[node_006], [P], s[STARTED], a[id=-lQpJhMJQES1x6RBqnpEGw]
--------[index_ocfsoiooeeultzw][1], node[null], [R], recovery_source[peer recovery], s[UNASSIGNED], unassigned_info[[reason=INDEX_REOPENED], at[2020-02-16T22:24:42.888Z], delayed=false, allocation_status[no_attempt]]

-- index [[index_hamxtpefdeisohh/i0sBuc0FTqiHPFd1lSL9fQ]]
----shard_id [index_hamxtpefdeisohh][0]
--------[index_hamxtpefdeisohh][0], node[node_003], [P], recovery_source[existing store recovery; bootstrap_history_uuid=false], s[INITIALIZING], a[id=Vgvbq5AcReWOy6FM3ETJPg], unassigned_info[[reason=INDEX_REOPENED], at[2020-02-16T22:24:42.903Z], delayed=false, allocation_status[no_attempt]]
----shard_id [index_hamxtpefdeisohh][1]
--------[index_hamxtpefdeisohh][1], node[node_003], relocating [node_006], [P], s[RELOCATING], a[id=M4WAOYhwSWuHRTepMiXouQ, rId=Nwnk9-d1QIC1vKJF6i1O7A]
----shard_id [index_hamxtpefdeisohh][2]
--------[index_hamxtpefdeisohh][2], node[node_003], [P], s[STARTED], a[id=3_SxuWDWTMiSvl12O8lx_Q]

-- index [[index_pdzgjrecphwmirm/-uy-RdIUQLKiUIT1sLvDDg]]
----shard_id [index_pdzgjrecphwmirm][0]
--------[index_pdzgjrecphwmirm][0], node[node_002], [P], recovery_source[existing store recovery; bootstrap_history_uuid=false], s[INITIALIZING], a[id=Y8SGiqO2TTGmQhI94guweg], unassigned_info[[reason=INDEX_CLOSED], at[2020-02-16T22:24:42.955Z], delayed=false, allocation_status[no_attempt]]
--------[index_pdzgjrecphwmirm][0], node[null], [R], recovery_source[peer recovery], s[UNASSIGNED], unassigned_info[[reason=INDEX_CLOSED], at[2020-02-16T22:24:42.955Z], delayed=false, allocation_status[no_attempt]]
----shard_id [index_pdzgjrecphwmirm][1]
--------[index_pdzgjrecphwmirm][1], node[node_003], [P], s[STARTED], a[id=gUGsVpCRTYSWDLqY63LyiA]
--------[index_pdzgjrecphwmirm][1], node[null], [R], recovery_source[peer recovery], s[UNASSIGNED], unassigned_info[[reason=INDEX_CLOSED], at[2020-02-16T22:24:42.955Z], delayed=false, allocation_status[no_attempt]]
----shard_id [index_pdzgjrecphwmirm][2]
--------[index_pdzgjrecphwmirm][2], node[node_003], [P], s[STARTED], a[id=DDsIQJTGSQWcS29a1gQyCw]
--------[index_pdzgjrecphwmirm][2], node[null], [R], recovery_source[peer recovery], s[UNASSIGNED], unassigned_info[[reason=INDEX_CLOSED], at[2020-02-16T22:24:42.955Z], delayed=false, allocation_status[no_attempt]]

-- index [[index_dvbjfesatpyabbt/nq_KE2AnS4iiMbHpk6RZEg]]
----shard_id [index_dvbjfesatpyabbt][0]
--------[index_dvbjfesatpyabbt][0], node[node_003], relocating [node_002], [P], s[RELOCATING], a[id=Z_HiZrsCRBKrEAbJ_P8r1A, rId=0gt-uv_NREu5yT-HTnlHYw]
--------[index_dvbjfesatpyabbt][0], node[node_006], [R], s[STARTED], a[id=w49RvIzqToiP27_q_jgC-g]
--------[index_dvbjfesatpyabbt][0], node[null], [R], recovery_source[peer recovery], s[UNASSIGNED], unassigned_info[[reason=ALLOCATION_FAILED], at[2020-02-16T22:24:42.826Z], failed_attempts[1], delayed=false, details[failed shard on node [node_003]: fake shard failure, failure Exception[null]], allocation_status[no_attempt]]
----shard_id [index_dvbjfesatpyabbt][1]
--------[index_dvbjfesatpyabbt][1], node[node_002], [P], s[STARTED], a[id=RjVldfEcTmm0lHmwOhvGbw]
--------[index_dvbjfesatpyabbt][1], node[node_003], [R], s[STARTED], a[id=lvU9bqIeTBC6YAyffg7QCw]
--------[index_dvbjfesatpyabbt][1], node[node_006], [R], s[STARTED], a[id=MPMrI3VZRf2JZW-_s6LYyA]

-- index [[index_bimevgasgvxvngc/yK6K7IuFS72-7q2mtBgP7w]]
----shard_id [index_bimevgasgvxvngc][0]
--------[index_bimevgasgvxvngc][0], node[node_002], [P], s[STARTED], a[id=7CrkzDSnSFeuoI1oZK5wWg]
----shard_id [index_bimevgasgvxvngc][1]
--------[index_bimevgasgvxvngc][1], node[node_006], [P], recovery_source[new shard recovery], s[INITIALIZING], a[id=9YY99pq7QMezFFPVedL7Rg], unassigned_info[[reason=INDEX_CREATED], at[2020-02-16T22:24:42.951Z], delayed=false, allocation_status[no_attempt]]
----shard_id [index_bimevgasgvxvngc][2]
--------[index_bimevgasgvxvngc][2], node[node_006], [P], s[STARTED], a[id=ud1iHP11RHSkDaQ53oxM1A]

-- index [[index_lzyqlznbkomzval/aQm1cFfhTCSMKIcGzr7Org]]
----shard_id [index_lzyqlznbkomzval][0]
--------[index_lzyqlznbkomzval][0], node[node_002], [R], recovery_source[peer recovery], s[INITIALIZING], a[id=bUUCHLH9Rl2O-FT1w8eCzw], unassigned_info[[reason=INDEX_CREATED], at[2020-02-16T22:24:42.920Z], delayed=false, allocation_status[no_attempt]]
--------[index_lzyqlznbkomzval][0], node[node_003], [P], s[STARTED], a[id=vaoEzdgTTS-iZs2NUX7ovw]
--------[index_lzyqlznbkomzval][0], node[null], [R], recovery_source[peer recovery], s[UNASSIGNED], unassigned_info[[reason=REPLICA_ADDED], at[2020-02-16T22:24:42.921Z], delayed=false, allocation_status[no_attempt]]
----shard_id [index_lzyqlznbkomzval][1]
--------[index_lzyqlznbkomzval][1], node[node_006], [P], s[STARTED], a[id=fuSyAudvSQ-oRsqnqPDJxw]
--------[index_lzyqlznbkomzval][1], node[null], [R], recovery_source[peer recovery], s[UNASSIGNED], unassigned_info[[reason=INDEX_CREATED], at[2020-02-16T22:24:42.920Z], delayed=false, allocation_status[no_attempt]]
--------[index_lzyqlznbkomzval][1], node[null], [R], recovery_source[peer recovery], s[UNASSIGNED], unassigned_info[[reason=REPLICA_ADDED], at[2020-02-16T22:24:42.920Z], delayed=false, allocation_status[no_attempt]]
----shard_id [index_lzyqlznbkomzval][2]
--------[index_lzyqlznbkomzval][2], node[node_006], [P], recovery_source[new shard recovery], s[INITIALIZING], a[id=hpQjphOdTHKyq5tfwIqQ3g], unassigned_info[[reason=INDEX_CREATED], at[2020-02-16T22:24:42.920Z], delayed=false, allocation_status[no_attempt]]
--------[index_lzyqlznbkomzval][2], node[null], [R], recovery_source[peer recovery], s[UNASSIGNED], unassigned_info[[reason=REPLICA_ADDED], at[2020-02-16T22:24:42.921Z], delayed=false, allocation_status[no_attempt]]
--------[index_lzyqlznbkomzval][2], node[null], [R], recovery_source[peer recovery], s[UNASSIGNED], unassigned_info[[reason=INDEX_CREATED], at[2020-02-16T22:24:42.920Z], delayed=false, allocation_status[no_attempt]]

-- index [[index_hbojrfjauzlcpxm/olW47_k4TyuPkASANxVjHA]]
----shard_id [index_hbojrfjauzlcpxm][0]
--------[index_hbojrfjauzlcpxm][0], node[node_006], [P], recovery_source[new shard recovery], s[INITIALIZING], a[id=je4MfRVARTaEBUNP23czrg], unassigned_info[[reason=INDEX_CREATED], at[2020-02-16T22:24:42.964Z], delayed=false, allocation_status[no_attempt]]
--------[index_hbojrfjauzlcpxm][0], node[null], [R], recovery_source[peer recovery], s[UNASSIGNED], unassigned_info[[reason=INDEX_CREATED], at[2020-02-16T22:24:42.964Z], delayed=false, allocation_status[no_attempt]]
--------[index_hbojrfjauzlcpxm][0], node[null], [R], recovery_source[peer recovery], s[UNASSIGNED], unassigned_info[[reason=REPLICA_ADDED], at[2020-02-16T22:24:42.964Z], delayed=false, allocation_status[no_attempt]]

-- index [[index_fximuezlnncqtij/Le6JKavbQT-7v8obIwoEzA]]
----shard_id [index_fximuezlnncqtij][0]
--------[index_fximuezlnncqtij][0], node[node_002], [P], s[STARTED], a[id=Flt8ru77S5m2l5BTtJJfVQ]
--------[index_fximuezlnncqtij][0], node[node_003], [R], recovery_source[peer recovery], s[INITIALIZING], a[id=5mO-hipARhKaH7IwRZz8UA], unassigned_info[[reason=INDEX_CREATED], at[2020-02-16T22:24:42.883Z], delayed=false, allocation_status[no_attempt]]
--------[index_fximuezlnncqtij][0], node[node_006], [R], s[STARTED], a[id=EAKOj9XPRF6Ihun73BYv2w]

-- index [[index_ewdlfqpwjgjrcnu/ynRnH4UcT5mt80OJuxV1kg]]
----shard_id [index_ewdlfqpwjgjrcnu][0]
--------[index_ewdlfqpwjgjrcnu][0], node[node_003], [R], recovery_source[peer recovery], s[INITIALIZING], a[id=u_Xn92NDQGSTDPZKOn6HQQ], unassigned_info[[reason=INDEX_CREATED], at[2020-02-16T22:24:42.875Z], delayed=false, allocation_status[no_attempt]]
--------[index_ewdlfqpwjgjrcnu][0], node[node_006], relocating [node_002], [P], s[RELOCATING], a[id=xLa1Yx41S7i8_ZwCDGhp4Q, rId=3NWguoAXSG6GRNnkSDyo3g]
----shard_id [index_ewdlfqpwjgjrcnu][1]
--------[index_ewdlfqpwjgjrcnu][1], node[node_002], [P], s[STARTED], a[id=BCcBl6N8SWmk4i4h74KOIQ]
--------[index_ewdlfqpwjgjrcnu][1], node[node_006], relocating [node_003], [R], s[RELOCATING], a[id=7RWDfnr8RUueZEuNG8Dw-Q, rId=7DyqsM-DTRi04MinqPg-oQ]
----shard_id [index_ewdlfqpwjgjrcnu][2]
--------[index_ewdlfqpwjgjrcnu][2], node[node_002], relocating [node_006], [P], s[RELOCATING], a[id=9YRp4HvEQl2BDJY7WsgmWw, rId=vtCsmr67SlqUw8bF809GwA]
--------[index_ewdlfqpwjgjrcnu][2], node[node_003], [R], s[STARTED], a[id=9LzWG2cnQFWz_pWEDm-MhA]

-- index [[index_xgqwgljelovzbes/qiZ16E_OTueDzu45l8zRtA]]
----shard_id [index_xgqwgljelovzbes][0]
--------[index_xgqwgljelovzbes][0], node[node_002], [R], recovery_source[peer recovery], s[INITIALIZING], a[id=zI2VgmrYRbSVRwif5Sbfbg], unassigned_info[[reason=INDEX_CLOSED], at[2020-02-16T22:24:42.860Z], delayed=false, allocation_status[no_attempt]]
--------[index_xgqwgljelovzbes][0], node[node_003], [R], recovery_source[peer recovery], s[INITIALIZING], a[id=Wq-lEALdSGe4fmt4ZR8wDg], unassigned_info[[reason=INDEX_CLOSED], at[2020-02-16T22:24:42.860Z], delayed=false, allocation_status[no_attempt]]
--------[index_xgqwgljelovzbes][0], node[node_006], [P], s[STARTED], a[id=rbi8wUb2Q_CGga9qUaP7HQ]
----shard_id [index_xgqwgljelovzbes][1]
--------[index_xgqwgljelovzbes][1], node[node_002], [R], recovery_source[peer recovery], s[INITIALIZING], a[id=C6acSfg_RVy94qhfRNQ5CA], unassigned_info[[reason=INDEX_CLOSED], at[2020-02-16T22:24:42.860Z], delayed=false, allocation_status[no_attempt]]
--------[index_xgqwgljelovzbes][1], node[node_003], [R], s[STARTED], a[id=V_OSiAfMQkuqaz7uNP0Mbg]
--------[index_xgqwgljelovzbes][1], node[node_006], [P], s[STARTED], a[id=ScW5T8-WRpeel57oK9Ujeg]
----shard_id [index_xgqwgljelovzbes][2]
--------[index_xgqwgljelovzbes][2], node[node_002], [P], s[STARTED], a[id=etk5ppCeTaOPEYHk_UWZOw]
--------[index_xgqwgljelovzbes][2], node[node_003], [R], recovery_source[peer recovery], s[INITIALIZING], a[id=ICiOF_Q6R0eK1EgigTmYOQ], unassigned_info[[reason=INDEX_CLOSED], at[2020-02-16T22:24:42.860Z], delayed=false, allocation_status[no_attempt]]
--------[index_xgqwgljelovzbes][2], node[node_006], [R], s[STARTED], a[id=niTcbC-WQ1eowrP79xxuQw]

-- index [[index_nqslzdxelfupxac/1TWV9Bb3Q0SKNtNSqEgJig]]
----shard_id [index_nqslzdxelfupxac][0]
--------[index_nqslzdxelfupxac][0], node[node_002], [P], s[STARTED], a[id=oIPjAyPmT_6JYIBpy2hN7g]
--------[index_nqslzdxelfupxac][0], node[null], [R], recovery_source[peer recovery], s[UNASSIGNED], unassigned_info[[reason=REPLICA_ADDED], at[2020-02-16T22:24:42.954Z], delayed=false, allocation_status[no_attempt]]
--------[index_nqslzdxelfupxac][0], node[null], [R], recovery_source[peer recovery], s[UNASSIGNED], unassigned_info[[reason=INDEX_CREATED], at[2020-02-16T22:24:42.954Z], delayed=false, allocation_status[no_attempt]]

-- index [[index_yxsxismvdcqrtzh/o1LHF2RnRl65ubwDBFLdtg]]
----shard_id [index_yxsxismvdcqrtzh][0]
--------[index_yxsxismvdcqrtzh][0], node[node_002], [R], s[STARTED], a[id=18tBwDC2QUG7BYZRobcoGQ]
--------[index_yxsxismvdcqrtzh][0], node[node_003], [R], s[STARTED], a[id=epeoqIIVTYWLuaR-hAaZZw]
--------[index_yxsxismvdcqrtzh][0], node[node_006], [P], s[STARTED], a[id=Q6rMQxy5RKanHgkGu-gLSg]

-- index [[index_rhlqqqpgyhiwaja/ViBMdzdTSSWN34YmRs9WvQ]]
----shard_id [index_rhlqqqpgyhiwaja][0]
--------[index_rhlqqqpgyhiwaja][0], node[node_002], [R], recovery_source[peer recovery], s[INITIALIZING], a[id=-NR52ef_QNyyXQLThGbBkA], unassigned_info[[reason=INDEX_CLOSED], at[2020-02-16T22:24:42.809Z], delayed=false, allocation_status[no_attempt]]
--------[index_rhlqqqpgyhiwaja][0], node[node_003], relocating [node_006], [P], s[RELOCATING], a[id=xgp_X-OnRi2_D1nPkv6RRg, rId=gd0H9B3-Q2OJXeaATm9_zA]
----shard_id [index_rhlqqqpgyhiwaja][1]
--------[index_rhlqqqpgyhiwaja][1], node[node_002], relocating [node_006], [R], s[RELOCATING], a[id=sziTFq7mQiuQ47Qx5pGcZg, rId=5cN_QkSaQe6PcE8MZwq8jA]
--------[index_rhlqqqpgyhiwaja][1], node[node_003], [P], s[STARTED], a[id=U1UfhNmlRHWk04nW0V08OQ]

routing_nodes:
-----node_id[node_002][V]
--------[index_ctefkedxnbclguw][1], node[node_002], relocating [node_003], [P], s[RELOCATING], a[id=UAWDKfFsTsOOQVL1-_4veQ, rId=4VRLkS6FSlGW1AJ-DnIl1Q]
--------[index_ctefkedxnbclguw][0], node[node_002], [R], recovery_source[peer recovery], s[INITIALIZING], a[id=LUA5Wr1mQ_mda2WXaEP97w], unassigned_info[[reason=INDEX_CLOSED], at[2020-02-16T22:24:42.923Z], delayed=false, allocation_status[no_attempt]]
--------[index_lbozkctdfwqrnnc][1], node[node_002], [R], s[STARTED], a[id=2kJ96hj_SiuwPJXLf3R4VQ]
--------[index_lbozkctdfwqrnnc][0], node[node_002], [R], recovery_source[peer recovery], s[INITIALIZING], a[id=yfrkBkhtRCO7icpXLHstsg], unassigned_info[[reason=INDEX_CLOSED], at[2020-02-16T22:24:42.836Z], delayed=false, allocation_status[no_attempt]]
--------[index_mtaffcqqwvotsmu][2], node[node_002], relocating [node_006], [P], s[RELOCATING], a[id=3Cx0OXgpSAKwFSYbAA7cNg, rId=-7wNEANeSSuqquKbZMsh6A]
--------[index_wqccqwqbcjwydhy][1], node[node_002], [R], s[STARTED], a[id=yS8po5jOR4-i8kJtis1GuA]
--------[index_wqccqwqbcjwydhy][2], node[node_002], [P], s[STARTED], a[id=Vsz2Ft-lRXSVhcxyKRdInw]
--------[index_wqccqwqbcjwydhy][0], node[node_002], [R], s[STARTED], a[id=k9dtyOTEQKuprCZTUNSX5g]
--------[index_nmhhghfuktdczxt][1], node[node_002], [P], recovery_source[existing store recovery; bootstrap_history_uuid=false], s[INITIALIZING], a[id=A_fYtq3_TGuFi5qXoBowEg], unassigned_info[[reason=INDEX_CLOSED], at[2020-02-16T22:24:42.910Z], delayed=false, allocation_status[no_attempt]]
--------[index_nmhhghfuktdczxt][2], node[node_002], relocating [node_006], [P], s[RELOCATING], a[id=lPkmCfe_TWyFtOX_YlFOhA, rId=fw8XEZAKQcOIy3klq4itOA]
--------[index_nmhhghfuktdczxt][0], node[node_002], [P], recovery_source[existing store recovery; bootstrap_history_uuid=false], s[INITIALIZING], a[id=SYjSFM-BREy_hchUDBMwqQ], unassigned_info[[reason=INDEX_CLOSED], at[2020-02-16T22:24:42.910Z], delayed=false, allocation_status[no_attempt]]
--------[index_wuswjvknqtdgvfu][1], node[node_002], [P], s[STARTED], a[id=Xjbx2a84QK23o-slDGC1iQ]
--------[index_wuswjvknqtdgvfu][0], node[node_002], [R], s[STARTED], a[id=eJzSDynwS1OaJPyEqBZucA]
--------[index_hqemdyipigryrnv][0], node[node_002], [P], recovery_source[new shard recovery], s[INITIALIZING], a[id=PRTdtVM6SQSYqyrxsEtS_Q], unassigned_info[[reason=INDEX_CREATED], at[2020-02-16T22:24:42.952Z], delayed=false, allocation_status[no_attempt]]
--------[index_ocfsoiooeeultzw][1], node[node_002], [R], recovery_source[peer recovery], s[INITIALIZING], a[id=UNzgNolpQF2mAkEV9hJviw], unassigned_info[[reason=INDEX_REOPENED], at[2020-02-16T22:24:42.888Z], delayed=false, allocation_status[no_attempt]]
--------[index_ocfsoiooeeultzw][0], node[node_002], [R], recovery_source[peer recovery], s[INITIALIZING], a[id=F4DgMNnHR_aPhGTVfEnc4A], unassigned_info[[reason=INDEX_REOPENED], at[2020-02-16T22:24:42.888Z], delayed=false, allocation_status[no_attempt]]
--------[index_pdzgjrecphwmirm][0], node[node_002], [P], recovery_source[existing store recovery; bootstrap_history_uuid=false], s[INITIALIZING], a[id=Y8SGiqO2TTGmQhI94guweg], unassigned_info[[reason=INDEX_CLOSED], at[2020-02-16T22:24:42.955Z], delayed=false, allocation_status[no_attempt]]
--------[index_dvbjfesatpyabbt][1], node[node_002], [P], s[STARTED], a[id=RjVldfEcTmm0lHmwOhvGbw]
--------[index_dvbjfesatpyabbt][0], node[node_002], relocating [node_003], [P], recovery_source[peer recovery], s[INITIALIZING], a[id=0gt-uv_NREu5yT-HTnlHYw, rId=Z_HiZrsCRBKrEAbJ_P8r1A]
--------[index_bimevgasgvxvngc][0], node[node_002], [P], s[STARTED], a[id=7CrkzDSnSFeuoI1oZK5wWg]
--------[index_lzyqlznbkomzval][0], node[node_002], [R], recovery_source[peer recovery], s[INITIALIZING], a[id=bUUCHLH9Rl2O-FT1w8eCzw], unassigned_info[[reason=INDEX_CREATED], at[2020-02-16T22:24:42.920Z], delayed=false, allocation_status[no_attempt]]
--------[index_fximuezlnncqtij][0], node[node_002], [P], s[STARTED], a[id=Flt8ru77S5m2l5BTtJJfVQ]
--------[index_ewdlfqpwjgjrcnu][1], node[node_002], [P], s[STARTED], a[id=BCcBl6N8SWmk4i4h74KOIQ]
--------[index_ewdlfqpwjgjrcnu][2], node[node_002], relocating [node_006], [P], s[RELOCATING], a[id=9YRp4HvEQl2BDJY7WsgmWw, rId=vtCsmr67SlqUw8bF809GwA]
--------[index_ewdlfqpwjgjrcnu][0], node[node_002], relocating [node_006], [P], recovery_source[peer recovery], s[INITIALIZING], a[id=3NWguoAXSG6GRNnkSDyo3g, rId=xLa1Yx41S7i8_ZwCDGhp4Q]
--------[index_xgqwgljelovzbes][1], node[node_002], [R], recovery_source[peer recovery], s[INITIALIZING], a[id=C6acSfg_RVy94qhfRNQ5CA], unassigned_info[[reason=INDEX_CLOSED], at[2020-02-16T22:24:42.860Z], delayed=false, allocation_status[no_attempt]]
--------[index_xgqwgljelovzbes][2], node[node_002], [P], s[STARTED], a[id=etk5ppCeTaOPEYHk_UWZOw]
--------[index_xgqwgljelovzbes][0], node[node_002], [R], recovery_source[peer recovery], s[INITIALIZING], a[id=zI2VgmrYRbSVRwif5Sbfbg], unassigned_info[[reason=INDEX_CLOSED], at[2020-02-16T22:24:42.860Z], delayed=false, allocation_status[no_attempt]]
--------[index_nqslzdxelfupxac][0], node[node_002], [P], s[STARTED], a[id=oIPjAyPmT_6JYIBpy2hN7g]
--------[index_yxsxismvdcqrtzh][0], node[node_002], [R], s[STARTED], a[id=18tBwDC2QUG7BYZRobcoGQ]
--------[index_rhlqqqpgyhiwaja][1], node[node_002], relocating [node_006], [R], s[RELOCATING], a[id=sziTFq7mQiuQ47Qx5pGcZg, rId=5cN_QkSaQe6PcE8MZwq8jA]
--------[index_rhlqqqpgyhiwaja][0], node[node_002], [R], recovery_source[peer recovery], s[INITIALIZING], a[id=-NR52ef_QNyyXQLThGbBkA], unassigned_info[[reason=INDEX_CLOSED], at[2020-02-16T22:24:42.809Z], delayed=false, allocation_status[no_attempt]]
-----node_id[node_003][V]
--------[index_ctefkedxnbclguw][1], node[node_003], relocating [node_002], [P], recovery_source[peer recovery], s[INITIALIZING], a[id=4VRLkS6FSlGW1AJ-DnIl1Q, rId=UAWDKfFsTsOOQVL1-_4veQ]
--------[index_ctefkedxnbclguw][0], node[node_003], [P], s[STARTED], a[id=RqtNadb_T--HKQXvYFL4sA]
--------[index_lbozkctdfwqrnnc][1], node[node_003], relocating [node_006], [P], recovery_source[peer recovery], s[INITIALIZING], a[id=dD5LPhBORbyi8pygy4Ksaw, rId=7OoFXiE0QpmXQhsQOgHGjw]
--------[index_lbozkctdfwqrnnc][2], node[node_003], [P], s[STARTED], a[id=o4Li3ibjSyiPMhQxzPXh0Q]
--------[index_lbozkctdfwqrnnc][0], node[node_003], [P], s[STARTED], a[id=kCQTgudEQnmrUReDxdGMOg]
--------[index_mtaffcqqwvotsmu][0], node[node_003], [P], s[STARTED], a[id=MbMvPbCBTji8Ku7gJwy_Lg]
--------[index_wqccqwqbcjwydhy][1], node[node_003], [R], s[STARTED], a[id=DFyeJw9wR-6ycw4UMryGoA]
--------[index_wqccqwqbcjwydhy][2], node[node_003], [R], s[STARTED], a[id=aa4uzYqoT5yOa4m98QQYdw]
--------[index_wqccqwqbcjwydhy][0], node[node_003], [P], s[STARTED], a[id=tXKjVupaSfOnsUIVkJY5tQ]
--------[index_cezemityllqlkxt][1], node[node_003], [P], s[STARTED], a[id=kULNf0SmSPi15vEz4Oj1yg]
--------[index_cezemityllqlkxt][0], node[node_003], [P], recovery_source[existing store recovery; bootstrap_history_uuid=false], s[INITIALIZING], a[id=UQe1IP2TTPSLe82MEiseOw], unassigned_info[[reason=INDEX_REOPENED], at[2020-02-16T22:24:42.911Z], delayed=false, allocation_status[deciders_throttled]]
--------[index_nmhhghfuktdczxt][2], node[node_003], [R], recovery_source[peer recovery], s[INITIALIZING], a[id=I32z7FefQRKc_kyv4IdtDA], unassigned_info[[reason=INDEX_CLOSED], at[2020-02-16T22:24:42.910Z], delayed=false, allocation_status[no_attempt]]
--------[index_wuswjvknqtdgvfu][0], node[node_003], relocating [node_006], [P], s[RELOCATING], a[id=d2fw1DtXTqyigkMl7X6lig, rId=_G4gD7FbRPyXDkeM191bow]
--------[index_ocfsoiooeeultzw][0], node[node_003], [P], s[STARTED], a[id=4nXqDeccQByzJdDGqJnXFA]
--------[index_hamxtpefdeisohh][1], node[node_003], relocating [node_006], [P], s[RELOCATING], a[id=M4WAOYhwSWuHRTepMiXouQ, rId=Nwnk9-d1QIC1vKJF6i1O7A]
--------[index_hamxtpefdeisohh][2], node[node_003], [P], s[STARTED], a[id=3_SxuWDWTMiSvl12O8lx_Q]
--------[index_hamxtpefdeisohh][0], node[node_003], [P], recovery_source[existing store recovery; bootstrap_history_uuid=false], s[INITIALIZING], a[id=Vgvbq5AcReWOy6FM3ETJPg], unassigned_info[[reason=INDEX_REOPENED], at[2020-02-16T22:24:42.903Z], delayed=false, allocation_status[no_attempt]]
--------[index_pdzgjrecphwmirm][1], node[node_003], [P], s[STARTED], a[id=gUGsVpCRTYSWDLqY63LyiA]
--------[index_pdzgjrecphwmirm][2], node[node_003], [P], s[STARTED], a[id=DDsIQJTGSQWcS29a1gQyCw]
--------[index_dvbjfesatpyabbt][1], node[node_003], [R], s[STARTED], a[id=lvU9bqIeTBC6YAyffg7QCw]
--------[index_dvbjfesatpyabbt][0], node[node_003], relocating [node_002], [P], s[RELOCATING], a[id=Z_HiZrsCRBKrEAbJ_P8r1A, rId=0gt-uv_NREu5yT-HTnlHYw]
--------[index_lzyqlznbkomzval][0], node[node_003], [P], s[STARTED], a[id=vaoEzdgTTS-iZs2NUX7ovw]
--------[index_fximuezlnncqtij][0], node[node_003], [R], recovery_source[peer recovery], s[INITIALIZING], a[id=5mO-hipARhKaH7IwRZz8UA], unassigned_info[[reason=INDEX_CREATED], at[2020-02-16T22:24:42.883Z], delayed=false, allocation_status[no_attempt]]
--------[index_ewdlfqpwjgjrcnu][1], node[node_003], relocating [node_006], [R], recovery_source[peer recovery], s[INITIALIZING], a[id=7DyqsM-DTRi04MinqPg-oQ, rId=7RWDfnr8RUueZEuNG8Dw-Q]
--------[index_ewdlfqpwjgjrcnu][2], node[node_003], [R], s[STARTED], a[id=9LzWG2cnQFWz_pWEDm-MhA]
--------[index_ewdlfqpwjgjrcnu][0], node[node_003], [R], recovery_source[peer recovery], s[INITIALIZING], a[id=u_Xn92NDQGSTDPZKOn6HQQ], unassigned_info[[reason=INDEX_CREATED], at[2020-02-16T22:24:42.875Z], delayed=false, allocation_status[no_attempt]]
--------[index_xgqwgljelovzbes][1], node[node_003], [R], s[STARTED], a[id=V_OSiAfMQkuqaz7uNP0Mbg]
--------[index_xgqwgljelovzbes][2], node[node_003], [R], recovery_source[peer recovery], s[INITIALIZING], a[id=ICiOF_Q6R0eK1EgigTmYOQ], unassigned_info[[reason=INDEX_CLOSED], at[2020-02-16T22:24:42.860Z], delayed=false, allocation_status[no_attempt]]
--------[index_xgqwgljelovzbes][0], node[node_003], [R], recovery_source[peer recovery], s[INITIALIZING], a[id=Wq-lEALdSGe4fmt4ZR8wDg], unassigned_info[[reason=INDEX_CLOSED], at[2020-02-16T22:24:42.860Z], delayed=false, allocation_status[no_attempt]]
--------[index_yxsxismvdcqrtzh][0], node[node_003], [R], s[STARTED], a[id=epeoqIIVTYWLuaR-hAaZZw]
--------[index_rhlqqqpgyhiwaja][1], node[node_003], [P], s[STARTED], a[id=U1UfhNmlRHWk04nW0V08OQ]
--------[index_rhlqqqpgyhiwaja][0], node[node_003], relocating [node_006], [P], s[RELOCATING], a[id=xgp_X-OnRi2_D1nPkv6RRg, rId=gd0H9B3-Q2OJXeaATm9_zA]
-----node_id[node_006][V]
--------[index_ctefkedxnbclguw][1], node[node_006], [R], recovery_source[peer recovery], s[INITIALIZING], a[id=a0zQojIsRFaQmxlnF6z5Iw], unassigned_info[[reason=INDEX_CLOSED], at[2020-02-16T22:24:42.923Z], delayed=false, allocation_status[no_attempt]]
--------[index_ctefkedxnbclguw][0], node[node_006], [R], recovery_source[peer recovery], s[INITIALIZING], a[id=OB_iQpkXSbmssKlEkpm8ng], unassigned_info[[reason=INDEX_CLOSED], at[2020-02-16T22:24:42.923Z], delayed=false, allocation_status[no_attempt]]
--------[index_lbozkctdfwqrnnc][1], node[node_006], relocating [node_003], [P], s[RELOCATING], a[id=7OoFXiE0QpmXQhsQOgHGjw, rId=dD5LPhBORbyi8pygy4Ksaw]
--------[index_lbozkctdfwqrnnc][2], node[node_006], [R], s[STARTED], a[id=BSZj_aK9RG-ZoeaRpOsfgQ]
--------[index_lbozkctdfwqrnnc][0], node[node_006], [R], s[STARTED], a[id=x16yDZzYQ0yq79Kj9uojUA]
--------[index_mtaffcqqwvotsmu][1], node[node_006], [P], s[STARTED], a[id=14qGHJ85RJWBOCqVX3eZ_g]
--------[index_mtaffcqqwvotsmu][2], node[node_006], relocating [node_002], [P], recovery_source[peer recovery], s[INITIALIZING], a[id=-7wNEANeSSuqquKbZMsh6A, rId=3Cx0OXgpSAKwFSYbAA7cNg]
--------[index_wqccqwqbcjwydhy][1], node[node_006], [P], s[STARTED], a[id=ip72PSMRRYGwyzMNlW_aPQ]
--------[index_wqccqwqbcjwydhy][2], node[node_006], [R], s[STARTED], a[id=dhgbbAduS669HVxPTO4xUg]
--------[index_wqccqwqbcjwydhy][0], node[node_006], [R], recovery_source[peer recovery], s[INITIALIZING], a[id=1RHD7PrdRZ--ot1UcpylcA], unassigned_info[[reason=ALLOCATION_FAILED], at[2020-02-16T22:24:42.880Z], failed_attempts[1], delayed=false, details[failed shard on node [node_006]: fake shard failure, failure Exception[null]], allocation_status[no_attempt]]
--------[index_nmhhghfuktdczxt][2], node[node_006], relocating [node_002], [P], recovery_source[peer recovery], s[INITIALIZING], a[id=fw8XEZAKQcOIy3klq4itOA, rId=lPkmCfe_TWyFtOX_YlFOhA]
--------[index_wuswjvknqtdgvfu][0], node[node_006], relocating [node_003], [P], recovery_source[peer recovery], s[INITIALIZING], a[id=_G4gD7FbRPyXDkeM191bow, rId=d2fw1DtXTqyigkMl7X6lig]
--------[index_hqemdyipigryrnv][1], node[node_006], [P], recovery_source[new shard recovery], s[INITIALIZING], a[id=HeEoKD9rSfaN4AVeFL9K7Q], unassigned_info[[reason=INDEX_CREATED], at[2020-02-16T22:24:42.952Z], delayed=false, allocation_status[no_attempt]]
--------[index_ocfsoiooeeultzw][1], node[node_006], [P], s[STARTED], a[id=-lQpJhMJQES1x6RBqnpEGw]
--------[index_ocfsoiooeeultzw][0], node[node_006], [R], s[STARTED], a[id=zSTWulsUSoazJPMEGWkgSQ]
--------[index_hamxtpefdeisohh][1], node[node_006], relocating [node_003], [P], recovery_source[peer recovery], s[INITIALIZING], a[id=Nwnk9-d1QIC1vKJF6i1O7A, rId=M4WAOYhwSWuHRTepMiXouQ]
--------[index_dvbjfesatpyabbt][1], node[node_006], [R], s[STARTED], a[id=MPMrI3VZRf2JZW-_s6LYyA]
--------[index_dvbjfesatpyabbt][0], node[node_006], [R], s[STARTED], a[id=w49RvIzqToiP27_q_jgC-g]
--------[index_bimevgasgvxvngc][1], node[node_006], [P], recovery_source[new shard recovery], s[INITIALIZING], a[id=9YY99pq7QMezFFPVedL7Rg], unassigned_info[[reason=INDEX_CREATED], at[2020-02-16T22:24:42.951Z], delayed=false, allocation_status[no_attempt]]
--------[index_bimevgasgvxvngc][2], node[node_006], [P], s[STARTED], a[id=ud1iHP11RHSkDaQ53oxM1A]
--------[index_lzyqlznbkomzval][1], node[node_006], [P], s[STARTED], a[id=fuSyAudvSQ-oRsqnqPDJxw]
--------[index_lzyqlznbkomzval][2], node[node_006], [P], recovery_source[new shard recovery], s[INITIALIZING], a[id=hpQjphOdTHKyq5tfwIqQ3g], unassigned_info[[reason=INDEX_CREATED], at[2020-02-16T22:24:42.920Z], delayed=false, allocation_status[no_attempt]]
--------[index_hbojrfjauzlcpxm][0], node[node_006], [P], recovery_source[new shard recovery], s[INITIALIZING], a[id=je4MfRVARTaEBUNP23czrg], unassigned_info[[reason=INDEX_CREATED], at[2020-02-16T22:24:42.964Z], delayed=false, allocation_status[no_attempt]]
--------[index_fximuezlnncqtij][0], node[node_006], [R], s[STARTED], a[id=EAKOj9XPRF6Ihun73BYv2w]
--------[index_ewdlfqpwjgjrcnu][1], node[node_006], relocating [node_003], [R], s[RELOCATING], a[id=7RWDfnr8RUueZEuNG8Dw-Q, rId=7DyqsM-DTRi04MinqPg-oQ]
--------[index_ewdlfqpwjgjrcnu][2], node[node_006], relocating [node_002], [P], recovery_source[peer recovery], s[INITIALIZING], a[id=vtCsmr67SlqUw8bF809GwA, rId=9YRp4HvEQl2BDJY7WsgmWw]
--------[index_ewdlfqpwjgjrcnu][0], node[node_006], relocating [node_002], [P], s[RELOCATING], a[id=xLa1Yx41S7i8_ZwCDGhp4Q, rId=3NWguoAXSG6GRNnkSDyo3g]
--------[index_xgqwgljelovzbes][1], node[node_006], [P], s[STARTED], a[id=ScW5T8-WRpeel57oK9Ujeg]
--------[index_xgqwgljelovzbes][2], node[node_006], [R], s[STARTED], a[id=niTcbC-WQ1eowrP79xxuQw]
--------[index_xgqwgljelovzbes][0], node[node_006], [P], s[STARTED], a[id=rbi8wUb2Q_CGga9qUaP7HQ]
--------[index_yxsxismvdcqrtzh][0], node[node_006], [P], s[STARTED], a[id=Q6rMQxy5RKanHgkGu-gLSg]
--------[index_rhlqqqpgyhiwaja][1], node[node_006], relocating [node_002], [R], recovery_source[peer recovery], s[INITIALIZING], a[id=5cN_QkSaQe6PcE8MZwq8jA, rId=sziTFq7mQiuQ47Qx5pGcZg]
--------[index_rhlqqqpgyhiwaja][0], node[node_006], relocating [node_003], [P], recovery_source[peer recovery], s[INITIALIZING], a[id=gd0H9B3-Q2OJXeaATm9_zA, rId=xgp_X-OnRi2_D1nPkv6RRg]
---- unassigned
--------[index_ctefkedxnbclguw][1], node[null], [R], recovery_source[peer recovery], s[UNASSIGNED], unassigned_info[[reason=INDEX_CLOSED], at[2020-02-16T22:24:42.923Z], delayed=false, allocation_status[no_attempt]]
--------[index_lbozkctdfwqrnnc][1], node[null], [R], recovery_source[peer recovery], s[UNASSIGNED], unassigned_info[[reason=INDEX_CLOSED], at[2020-02-16T22:24:42.836Z], delayed=false, allocation_status[no_attempt]]
--------[index_lbozkctdfwqrnnc][2], node[null], [R], recovery_source[peer recovery], s[UNASSIGNED], unassigned_info[[reason=INDEX_CLOSED], at[2020-02-16T22:24:42.836Z], delayed=false, allocation_status[no_attempt]]
--------[index_mtaffcqqwvotsmu][1], node[null], [R], recovery_source[peer recovery], s[UNASSIGNED], unassigned_info[[reason=INDEX_CREATED], at[2020-02-16T22:24:42.916Z], delayed=false, allocation_status[no_attempt]]
--------[index_mtaffcqqwvotsmu][1], node[null], [R], recovery_source[peer recovery], s[UNASSIGNED], unassigned_info[[reason=REPLICA_ADDED], at[2020-02-16T22:24:42.917Z], delayed=false, allocation_status[no_attempt]]
--------[index_mtaffcqqwvotsmu][2], node[null], [R], recovery_source[peer recovery], s[UNASSIGNED], unassigned_info[[reason=REPLICA_ADDED], at[2020-02-16T22:24:42.917Z], delayed=false, allocation_status[no_attempt]]
--------[index_mtaffcqqwvotsmu][2], node[null], [R], recovery_source[peer recovery], s[UNASSIGNED], unassigned_info[[reason=INDEX_CREATED], at[2020-02-16T22:24:42.916Z], delayed=false, allocation_status[no_attempt]]
--------[index_mtaffcqqwvotsmu][0], node[null], [R], recovery_source[peer recovery], s[UNASSIGNED], unassigned_info[[reason=REPLICA_ADDED], at[2020-02-16T22:24:42.917Z], delayed=false, allocation_status[no_attempt]]
--------[index_mtaffcqqwvotsmu][0], node[null], [R], recovery_source[peer recovery], s[UNASSIGNED], unassigned_info[[reason=INDEX_CREATED], at[2020-02-16T22:24:42.916Z], delayed=false, allocation_status[no_attempt]]
--------[index_nmhhghfuktdczxt][1], node[null], [R], recovery_source[peer recovery], s[UNASSIGNED], unassigned_info[[reason=INDEX_CLOSED], at[2020-02-16T22:24:42.910Z], delayed=false, allocation_status[no_attempt]]
--------[index_nmhhghfuktdczxt][1], node[null], [R], recovery_source[peer recovery], s[UNASSIGNED], unassigned_info[[reason=INDEX_CLOSED], at[2020-02-16T22:24:42.910Z], delayed=false, allocation_status[no_attempt]]
--------[index_nmhhghfuktdczxt][2], node[null], [R], recovery_source[peer recovery], s[UNASSIGNED], unassigned_info[[reason=INDEX_CLOSED], at[2020-02-16T22:24:42.910Z], delayed=false, allocation_status[no_attempt]]
--------[index_nmhhghfuktdczxt][0], node[null], [R], recovery_source[peer recovery], s[UNASSIGNED], unassigned_info[[reason=INDEX_CLOSED], at[2020-02-16T22:24:42.910Z], delayed=false, allocation_status[no_attempt]]
--------[index_nmhhghfuktdczxt][0], node[null], [R], recovery_source[peer recovery], s[UNASSIGNED], unassigned_info[[reason=INDEX_CLOSED], at[2020-02-16T22:24:42.910Z], delayed=false, allocation_status[no_attempt]]
--------[index_wuswjvknqtdgvfu][1], node[null], [R], recovery_source[peer recovery], s[UNASSIGNED], unassigned_info[[reason=ALLOCATION_FAILED], at[2020-02-16T22:24:42.936Z], failed_attempts[1], delayed=false, details[failed shard on node [node_003]: fake shard failure, failure Exception[null]], allocation_status[no_attempt]]
--------[index_hqemdyipigryrnv][1], node[null], [R], recovery_source[peer recovery], s[UNASSIGNED], unassigned_info[[reason=REPLICA_ADDED], at[2020-02-16T22:24:42.952Z], delayed=false, allocation_status[no_attempt]]
--------[index_hqemdyipigryrnv][1], node[null], [R], recovery_source[peer recovery], s[UNASSIGNED], unassigned_info[[reason=INDEX_CREATED], at[2020-02-16T22:24:42.952Z], delayed=false, allocation_status[no_attempt]]
--------[index_hqemdyipigryrnv][0], node[null], [R], recovery_source[peer recovery], s[UNASSIGNED], unassigned_info[[reason=INDEX_CREATED], at[2020-02-16T22:24:42.952Z], delayed=false, allocation_status[no_attempt]]
--------[index_hqemdyipigryrnv][0], node[null], [R], recovery_source[peer recovery], s[UNASSIGNED], unassigned_info[[reason=REPLICA_ADDED], at[2020-02-16T22:24:42.952Z], delayed=false, allocation_status[no_attempt]]
--------[index_ocfsoiooeeultzw][1], node[null], [R], recovery_source[peer recovery], s[UNASSIGNED], unassigned_info[[reason=INDEX_REOPENED], at[2020-02-16T22:24:42.888Z], delayed=false, allocation_status[no_attempt]]
--------[index_pdzgjrecphwmirm][1], node[null], [R], recovery_source[peer recovery], s[UNASSIGNED], unassigned_info[[reason=INDEX_CLOSED], at[2020-02-16T22:24:42.955Z], delayed=false, allocation_status[no_attempt]]
--------[index_pdzgjrecphwmirm][2], node[null], [R], recovery_source[peer recovery], s[UNASSIGNED], unassigned_info[[reason=INDEX_CLOSED], at[2020-02-16T22:24:42.955Z], delayed=false, allocation_status[no_attempt]]
--------[index_pdzgjrecphwmirm][0], node[null], [R], recovery_source[peer recovery], s[UNASSIGNED], unassigned_info[[reason=INDEX_CLOSED], at[2020-02-16T22:24:42.955Z], delayed=false, allocation_status[no_attempt]]
--------[index_dvbjfesatpyabbt][0], node[null], [R], recovery_source[peer recovery], s[UNASSIGNED], unassigned_info[[reason=ALLOCATION_FAILED], at[2020-02-16T22:24:42.826Z], failed_attempts[1], delayed=false, details[failed shard on node [node_003]: fake shard failure, failure Exception[null]], allocation_status[no_attempt]]
--------[index_lzyqlznbkomzval][1], node[null], [R], recovery_source[peer recovery], s[UNASSIGNED], unassigned_info[[reason=INDEX_CREATED], at[2020-02-16T22:24:42.920Z], delayed=false, allocation_status[no_attempt]]
--------[index_lzyqlznbkomzval][1], node[null], [R], recovery_source[peer recovery], s[UNASSIGNED], unassigned_info[[reason=REPLICA_ADDED], at[2020-02-16T22:24:42.920Z], delayed=false, allocation_status[no_attempt]]
--------[index_lzyqlznbkomzval][2], node[null], [R], recovery_source[peer recovery], s[UNASSIGNED], unassigned_info[[reason=REPLICA_ADDED], at[2020-02-16T22:24:42.921Z], delayed=false, allocation_status[no_attempt]]
--------[index_lzyqlznbkomzval][2], node[null], [R], recovery_source[peer recovery], s[UNASSIGNED], unassigned_info[[reason=INDEX_CREATED], at[2020-02-16T22:24:42.920Z], delayed=false, allocation_status[no_attempt]]
--------[index_lzyqlznbkomzval][0], node[null], [R], recovery_source[peer recovery], s[UNASSIGNED], unassigned_info[[reason=REPLICA_ADDED], at[2020-02-16T22:24:42.921Z], delayed=false, allocation_status[no_attempt]]
--------[index_hbojrfjauzlcpxm][0], node[null], [R], recovery_source[peer recovery], s[UNASSIGNED], unassigned_info[[reason=INDEX_CREATED], at[2020-02-16T22:24:42.964Z], delayed=false, allocation_status[no_attempt]]
--------[index_hbojrfjauzlcpxm][0], node[null], [R], recovery_source[peer recovery], s[UNASSIGNED], unassigned_info[[reason=REPLICA_ADDED], at[2020-02-16T22:24:42.964Z], delayed=false, allocation_status[no_attempt]]
--------[index_nqslzdxelfupxac][0], node[null], [R], recovery_source[peer recovery], s[UNASSIGNED], unassigned_info[[reason=REPLICA_ADDED], at[2020-02-16T22:24:42.954Z], delayed=false, allocation_status[no_attempt]]
--------[index_nqslzdxelfupxac][0], node[null], [R], recovery_source[peer recovery], s[UNASSIGNED], unassigned_info[[reason=INDEX_CREATED], at[2020-02-16T22:24:42.954Z], delayed=false, allocation_status[no_attempt]]

[2020-02-17T08:54:42,971][INFO ][o.e.i.c.IndicesClusterStateServiceRandomUpdatesTests] [testRandomClusterStateUpdates] after test
]]></system-out>
  <system-err><![CDATA[]]></system-err>
</testsuite>
