<?xml version="1.0" encoding="UTF-8"?>
<testsuite name="org.elasticsearch.cluster.metadata.HumanReadableIndexSettingsTests" tests="1" skipped="0" failures="0" errors="0" timestamp="2020-02-16T22:20:33" hostname="Escoto-PC" time="0.007">
  <properties/>
  <testcase name="testHumanReadableSettings" classname="org.elasticsearch.cluster.metadata.HumanReadableIndexSettingsTests" time="0.007"/>
  <system-out><![CDATA[[2020-02-17T11:20:33,483][INFO ][o.e.c.m.HumanReadableIndexSettingsTests] [testHumanReadableSettings] before test
[2020-02-17T11:20:33,486][INFO ][o.e.c.m.HumanReadableIndexSettingsTests] [testHumanReadableSettings] after test
]]></system-out>
  <system-err><![CDATA[]]></system-err>
</testsuite>
