<?xml version="1.0" encoding="UTF-8"?>
<testsuite name="org.elasticsearch.search.suggest.completion.GeoQueryContextTests" tests="4" skipped="0" failures="0" errors="0" timestamp="2020-02-16T22:24:43" hostname="Escoto-PC" time="0.031">
  <properties/>
  <testcase name="testToXContext" classname="org.elasticsearch.search.suggest.completion.GeoQueryContextTests" time="0.007"/>
  <testcase name="testIllegalArguments" classname="org.elasticsearch.search.suggest.completion.GeoQueryContextTests" time="0.006"/>
  <testcase name="testNullGeoPointIsIllegal" classname="org.elasticsearch.search.suggest.completion.GeoQueryContextTests" time="0.003"/>
  <testcase name="testStringPrecision" classname="org.elasticsearch.search.suggest.completion.GeoQueryContextTests" time="0.015"/>
  <system-out><![CDATA[[2563-02-16T22:24:43,353][INFO ][o.e.s.s.c.GeoQueryContextTests] [testToXContext] before test
[2563-02-16T22:24:43,357][INFO ][o.e.s.s.c.GeoQueryContextTests] [testToXContext] after test
[2563-02-16T22:24:43,363][INFO ][o.e.s.s.c.GeoQueryContextTests] [testIllegalArguments] before test
[2563-02-16T22:24:43,363][INFO ][o.e.s.s.c.GeoQueryContextTests] [testIllegalArguments] after test
[2563-02-16T22:24:43,366][INFO ][o.e.s.s.c.GeoQueryContextTests] [testNullGeoPointIsIllegal] before test
[2563-02-16T22:24:43,366][INFO ][o.e.s.s.c.GeoQueryContextTests] [testNullGeoPointIsIllegal] after test
[2563-02-16T22:24:43,374][INFO ][o.e.s.s.c.GeoQueryContextTests] [testStringPrecision] before test
[2563-02-16T22:24:43,381][INFO ][o.e.s.s.c.GeoQueryContextTests] [testStringPrecision] after test
]]></system-out>
  <system-err><![CDATA[]]></system-err>
</testsuite>
