<?xml version="1.0" encoding="UTF-8"?>
<testsuite name="org.elasticsearch.action.admin.cluster.snapshots.restore.RestoreSnapshotResponseTests" tests="1" skipped="0" failures="0" errors="0" timestamp="2020-02-16T22:20:24" hostname="Escoto-PC" time="0.044">
  <properties/>
  <testcase name="testFromXContent" classname="org.elasticsearch.action.admin.cluster.snapshots.restore.RestoreSnapshotResponseTests" time="0.044"/>
  <system-out><![CDATA[[2020-02-17T01:20:24,221][INFO ][o.e.a.a.c.s.r.RestoreSnapshotResponseTests] [testFromXContent] before test
[2020-02-17T01:20:24,260][INFO ][o.e.a.a.c.s.r.RestoreSnapshotResponseTests] [testFromXContent] after test
]]></system-out>
  <system-err><![CDATA[]]></system-err>
</testsuite>
