<?xml version="1.0" encoding="UTF-8"?>
<testsuite name="org.elasticsearch.action.admin.indices.close.CloseIndexResponseTests" tests="4" skipped="0" failures="0" errors="0" timestamp="2020-02-16T22:20:25" hostname="Escoto-PC" time="0.069">
  <properties/>
  <testcase name="testToXContent" classname="org.elasticsearch.action.admin.indices.close.CloseIndexResponseTests" time="0.007"/>
  <testcase name="testEqualsAndHashcode" classname="org.elasticsearch.action.admin.indices.close.CloseIndexResponseTests" time="0.038"/>
  <testcase name="testSerialization" classname="org.elasticsearch.action.admin.indices.close.CloseIndexResponseTests" time="0.02"/>
  <testcase name="testBwcSerialization" classname="org.elasticsearch.action.admin.indices.close.CloseIndexResponseTests" time="0.004"/>
  <system-out><![CDATA[[2020-02-16T11:20:25,146][INFO ][o.e.a.a.i.c.CloseIndexResponseTests] [testToXContent] before test
[2020-02-16T11:20:25,150][INFO ][o.e.a.a.i.c.CloseIndexResponseTests] [testToXContent] after test
[2020-02-16T11:20:25,152][INFO ][o.e.a.a.i.c.CloseIndexResponseTests] [testEqualsAndHashcode] before test
[2020-02-16T11:20:25,187][INFO ][o.e.a.a.i.c.CloseIndexResponseTests] [testEqualsAndHashcode] after test
[2020-02-16T11:20:25,190][INFO ][o.e.a.a.i.c.CloseIndexResponseTests] [testSerialization] before test
[2020-02-16T11:20:25,207][INFO ][o.e.a.a.i.c.CloseIndexResponseTests] [testSerialization] after test
[2020-02-16T11:20:25,211][INFO ][o.e.a.a.i.c.CloseIndexResponseTests] [testBwcSerialization] before test
[2020-02-16T11:20:25,212][INFO ][o.e.a.a.i.c.CloseIndexResponseTests] [testBwcSerialization] after test
]]></system-out>
  <system-err><![CDATA[]]></system-err>
</testsuite>
