<?xml version="1.0" encoding="UTF-8"?>
<testsuite name="org.elasticsearch.indices.recovery.PeerRecoverySourceServiceTests" tests="1" skipped="0" failures="0" errors="0" timestamp="2020-02-16T22:23:53" hostname="Escoto-PC" time="0.079">
  <properties/>
  <testcase name="testDuplicateRecoveries" classname="org.elasticsearch.indices.recovery.PeerRecoverySourceServiceTests" time="0.079"/>
  <system-out><![CDATA[[2020-02-16T15:23:53,365][INFO ][o.e.i.r.PeerRecoverySourceServiceTests] [testDuplicateRecoveries] before test
[2020-02-16T15:23:53,440][INFO ][o.e.i.r.PeerRecoverySourceServiceTests] [testDuplicateRecoveries] after test
]]></system-out>
  <system-err><![CDATA[]]></system-err>
</testsuite>
