<?xml version="1.0" encoding="UTF-8"?>
<testsuite name="org.elasticsearch.indices.recovery.StartRecoveryRequestTests" tests="1" skipped="0" failures="0" errors="0" timestamp="2020-02-16T22:24:58" hostname="Escoto-PC" time="0.004">
  <properties/>
  <testcase name="testSerialization" classname="org.elasticsearch.indices.recovery.StartRecoveryRequestTests" time="0.004"/>
  <system-out><![CDATA[[2020-02-17T03:24:58,822][INFO ][o.e.i.r.StartRecoveryRequestTests] [testSerialization] before test
[2020-02-17T03:24:58,823][INFO ][o.e.i.r.StartRecoveryRequestTests] [testSerialization] after test
]]></system-out>
  <system-err><![CDATA[]]></system-err>
</testsuite>
