<?xml version="1.0" encoding="UTF-8"?>
<testsuite name="org.elasticsearch.cluster.coordination.PublicationTransportHandlerTests" tests="1" skipped="0" failures="0" errors="0" timestamp="2020-02-16T22:20:33" hostname="Escoto-PC" time="0.01">
  <properties/>
  <testcase name="testDiffSerializationFailure" classname="org.elasticsearch.cluster.coordination.PublicationTransportHandlerTests" time="0.01"/>
  <system-out><![CDATA[[2020-02-16T22:20:33,076][INFO ][o.e.c.c.PublicationTransportHandlerTests] [testDiffSerializationFailure] before test
[2020-02-16T22:20:33,080][INFO ][o.e.c.c.PublicationTransportHandlerTests] [testDiffSerializationFailure] after test
]]></system-out>
  <system-err><![CDATA[]]></system-err>
</testsuite>
