<?xml version="1.0" encoding="UTF-8"?>
<testsuite name="org.apache.lucene.queries.BinaryDocValuesRangeQueryTests" tests="2" skipped="0" failures="0" errors="0" timestamp="2020-02-16T22:19:50" hostname="Escoto-PC" time="0.422">
  <properties/>
  <testcase name="testBasics" classname="org.apache.lucene.queries.BinaryDocValuesRangeQueryTests" time="0.376"/>
  <testcase name="testNoField" classname="org.apache.lucene.queries.BinaryDocValuesRangeQueryTests" time="0.046"/>
  <system-out><![CDATA[[0002-02-16T10:19:50,326][INFO ][o.a.l.q.BinaryDocValuesRangeQueryTests] [testBasics] before test
[0002-02-16T10:19:50,698][INFO ][o.a.l.q.BinaryDocValuesRangeQueryTests] [testBasics] after test
[0002-02-16T10:19:50,711][INFO ][o.a.l.q.BinaryDocValuesRangeQueryTests] [testNoField] before test
[0002-02-16T10:19:50,743][INFO ][o.a.l.q.BinaryDocValuesRangeQueryTests] [testNoField] after test
]]></system-out>
  <system-err><![CDATA[]]></system-err>
</testsuite>
