<?xml version="1.0" encoding="UTF-8"?>
<testsuite name="org.elasticsearch.action.get.GetRequestTests" tests="1" skipped="0" failures="0" errors="0" timestamp="2020-02-16T22:20:36" hostname="Escoto-PC" time="0.009">
  <properties/>
  <testcase name="testValidation" classname="org.elasticsearch.action.get.GetRequestTests" time="0.009"/>
  <system-out><![CDATA[[2563-02-17T02:50:36,615][INFO ][o.e.a.g.GetRequestTests  ] [testValidation] before test
[2563-02-17T02:50:36,620][INFO ][o.e.a.g.GetRequestTests  ] [testValidation] after test
]]></system-out>
  <system-err><![CDATA[]]></system-err>
</testsuite>
