<?xml version="1.0" encoding="UTF-8"?>
<testsuite name="org.elasticsearch.common.geo.ShapeRelationTests" tests="4" skipped="0" failures="0" errors="0" timestamp="2020-02-16T22:20:45" hostname="Escoto-PC" time="0.007">
  <properties/>
  <testcase name="testwriteTo" classname="org.elasticsearch.common.geo.ShapeRelationTests" time="0.002"/>
  <testcase name="testInvalidReadFrom" classname="org.elasticsearch.common.geo.ShapeRelationTests" time="0.002"/>
  <testcase name="testReadFrom" classname="org.elasticsearch.common.geo.ShapeRelationTests" time="0.002"/>
  <testcase name="testValidOrdinals" classname="org.elasticsearch.common.geo.ShapeRelationTests" time="0.001"/>
  <system-out><![CDATA[[2020-02-16T17:20:45,488][INFO ][o.e.c.g.ShapeRelationTests] [testwriteTo] before test
[2020-02-16T17:20:45,489][INFO ][o.e.c.g.ShapeRelationTests] [testwriteTo] after test
[2020-02-16T17:20:45,491][INFO ][o.e.c.g.ShapeRelationTests] [testInvalidReadFrom] before test
[2020-02-16T17:20:45,491][INFO ][o.e.c.g.ShapeRelationTests] [testInvalidReadFrom] after test
[2020-02-16T17:20:45,493][INFO ][o.e.c.g.ShapeRelationTests] [testReadFrom] before test
[2020-02-16T17:20:45,493][INFO ][o.e.c.g.ShapeRelationTests] [testReadFrom] after test
[2020-02-16T17:20:45,494][INFO ][o.e.c.g.ShapeRelationTests] [testValidOrdinals] before test
[2020-02-16T17:20:45,494][INFO ][o.e.c.g.ShapeRelationTests] [testValidOrdinals] after test
]]></system-out>
  <system-err><![CDATA[]]></system-err>
</testsuite>
