<?xml version="1.0" encoding="UTF-8"?>
<testsuite name="org.elasticsearch.common.lucene.index.ESDirectoryReaderTests" tests="1" skipped="0" failures="0" errors="0" timestamp="2020-02-16T22:20:46" hostname="Escoto-PC" time="0.009">
  <properties/>
  <testcase name="testCoreCacheKey" classname="org.elasticsearch.common.lucene.index.ESDirectoryReaderTests" time="0.009"/>
  <system-out><![CDATA[[2020-02-16T17:20:46,273][INFO ][o.e.c.l.i.ESDirectoryReaderTests] [testCoreCacheKey] before test
[2020-02-16T17:20:46,280][INFO ][o.e.c.l.i.ESDirectoryReaderTests] [testCoreCacheKey] after test
]]></system-out>
  <system-err><![CDATA[]]></system-err>
</testsuite>
