<?xml version="1.0" encoding="UTF-8"?>
<testsuite name="org.elasticsearch.index.mapper.CopyToMapperTests" tests="16" skipped="0" failures="0" errors="0" timestamp="2020-02-16T22:22:16" hostname="Escoto-PC" time="1.926">
  <properties/>
  <testcase name="testCopyToObject" classname="org.elasticsearch.index.mapper.CopyToMapperTests" time="0.648"/>
  <testcase name="testCopyToFieldsInnerObjectParsing" classname="org.elasticsearch.index.mapper.CopyToMapperTests" time="0.08"/>
  <testcase name="testCopyToInnerStrictDynamicInnerObjectParsing" classname="org.elasticsearch.index.mapper.CopyToMapperTests" time="0.081"/>
  <testcase name="testNestedCopyToMultiField" classname="org.elasticsearch.index.mapper.CopyToMapperTests" time="0.086"/>
  <testcase name="testCopyFromMultiField" classname="org.elasticsearch.index.mapper.CopyToMapperTests" time="0.077"/>
  <testcase name="testCopyToStrictDynamicInnerObjectParsing" classname="org.elasticsearch.index.mapper.CopyToMapperTests" time="0.081"/>
  <testcase name="testCopyToFieldsParsing" classname="org.elasticsearch.index.mapper.CopyToMapperTests" time="0.116"/>
  <testcase name="testCopyToSiblingNested" classname="org.elasticsearch.index.mapper.CopyToMapperTests" time="0.086"/>
  <testcase name="testCopyToDynamicInnerInnerObjectParsing" classname="org.elasticsearch.index.mapper.CopyToMapperTests" time="0.087"/>
  <testcase name="testCopyToDynamicInnerObjectParsing" classname="org.elasticsearch.index.mapper.CopyToMapperTests" time="0.091"/>
  <testcase name="testCopyToFieldMerge" classname="org.elasticsearch.index.mapper.CopyToMapperTests" time="0.085"/>
  <testcase name="testCopyToMultiField" classname="org.elasticsearch.index.mapper.CopyToMapperTests" time="0.084"/>
  <testcase name="testNestedCopyTo" classname="org.elasticsearch.index.mapper.CopyToMapperTests" time="0.079"/>
  <testcase name="testCopyToDynamicNestedObjectParsing" classname="org.elasticsearch.index.mapper.CopyToMapperTests" time="0.081"/>
  <testcase name="testCopyToChildNested" classname="org.elasticsearch.index.mapper.CopyToMapperTests" time="0.083"/>
  <testcase name="testCopyToNestedField" classname="org.elasticsearch.index.mapper.CopyToMapperTests" time="0.077"/>
  <system-out><![CDATA[[2020-02-17T11:22:16,273][INFO ][o.e.e.NodeEnvironment    ] [testCopyToObject] using [1] data paths, mounts [[Old HDD (E:)]], net usable_space [89.5gb], net total_space [232.8gb], types [NTFS]
[2020-02-17T11:22:16,273][INFO ][o.e.e.NodeEnvironment    ] [testCopyToObject] heap size [512mb], compressed ordinary object pointers [true]
[2020-02-17T11:22:16,275][INFO ][o.e.n.Node               ] [testCopyToObject] node name [node_s_0], node ID [ASJ1DuIrR_m8yJMNCWWltA], cluster name [single-node-cluster-TEST_WORKER_VM=[13]-CLUSTER_SEED=[-4690786034376710330]-HASH=[13C47B0C58E]]
[2020-02-17T11:22:16,275][INFO ][o.e.n.Node               ] [testCopyToObject] version[7.5.1], pid[5104], build[unknown/unknown/unknown/unknown], OS[Windows 7/6.1/amd64], JVM[Oracle Corporation/OpenJDK 64-Bit Server VM/12.0.2/12.0.2+10]
[2020-02-17T11:22:16,275][INFO ][o.e.n.Node               ] [testCopyToObject] JVM home [C:\Program Files\Java\jdk-12.0.2]
[2020-02-17T11:22:16,275][INFO ][o.e.n.Node               ] [testCopyToObject] JVM arguments [-Dcompiler.java=12, -Des.scripting.update.ctx_in_params=false, -Des.transport.cname_in_publish_address=true, -Dgradle.dist.lib=C:\Users\Escoto\.gradle\wrapper\dists\gradle-5.6.2-bin\3clyn6icets6f02ptgd5hlmou\gradle-5.6.2\lib, -Dgradle.user.home=C:\Users\Escoto\.gradle, -Dgradle.worker.jar=C:\Users\Escoto\.gradle/caches/5.6.2/workerMain/gradle-worker.jar, -Dio.netty.noKeySetOptimization=true, -Dio.netty.noUnsafe=true, -Dio.netty.recycler.maxCapacityPerThread=0, -Djava.awt.headless=true, -Djna.nosys=true, -Dorg.gradle.native=false, -Druntime.java=12, -Dtests.artifact=server, -Dtests.gradle=true, -Dtests.logger.level=WARN, -Dtests.security.manager=true, -Dtests.seed=9EA1F2A3814E5F76, -Dtests.task=:server:test, -Dtests.timeoutSuite=1800000!, -esa, --illegal-access=warn, -XX:+HeapDumpOnOutOfMemoryError, -XX:HeapDumpPath=E:\NotD\git\elasticsearch\server\build\heapdump, -Xms512m, -Xmx512m, -Dfile.encoding=windows-1252, -Djava.io.tmpdir=./temp, -Duser.country=US, -Duser.language=en, -Duser.variant, -ea]
[2020-02-17T11:22:16,275][INFO ][o.e.p.PluginsService     ] [testCopyToObject] no modules loaded
[2020-02-17T11:22:16,275][INFO ][o.e.p.PluginsService     ] [testCopyToObject] loaded plugin [org.elasticsearch.test.MockHttpTransport$TestPlugin]
[2020-02-17T11:22:16,275][INFO ][o.e.p.PluginsService     ] [testCopyToObject] loaded plugin [org.elasticsearch.transport.nio.MockNioTransportPlugin]
[2020-02-17T11:22:16,473][INFO ][o.e.d.DiscoveryModule    ] [testCopyToObject] using discovery type [zen] and seed hosts providers [settings]
[2020-02-17T11:22:16,482][INFO ][o.e.n.Node               ] [testCopyToObject] initialized
[2020-02-17T11:22:16,482][INFO ][o.e.n.Node               ] [testCopyToObject] starting ...
[2020-02-17T11:22:16,745][INFO ][o.e.t.TransportService   ] [testCopyToObject] publish_address {127.0.0.1:11600}, bound_addresses {127.0.0.1:11600}, {[::1]:11600}
[2020-02-17T11:22:16,751][INFO ][o.e.c.c.Coordinator      ] [testCopyToObject] setting initial configuration to VotingConfiguration{ASJ1DuIrR_m8yJMNCWWltA}
[2020-02-17T11:22:16,792][INFO ][o.e.c.s.MasterService    ] [node_s_0] elected-as-master ([1] nodes joined)[{node_s_0}{ASJ1DuIrR_m8yJMNCWWltA}{RZACgbcOTZKiJBJu4y59gg}{127.0.0.1}{127.0.0.1:11600}{dim} elect leader, _BECOME_MASTER_TASK_, _FINISH_ELECTION_], term: 1, version: 1, delta: master node changed {previous [], current [{node_s_0}{ASJ1DuIrR_m8yJMNCWWltA}{RZACgbcOTZKiJBJu4y59gg}{127.0.0.1}{127.0.0.1:11600}{dim}]}
[2020-02-17T11:22:16,799][INFO ][o.e.c.c.CoordinationState] [node_s_0] cluster UUID set to [YBJK2MoCSFu6nSFxNWvaUA]
[2020-02-17T11:22:16,807][INFO ][o.e.c.s.ClusterApplierService] [node_s_0] master node changed {previous [], current [{node_s_0}{ASJ1DuIrR_m8yJMNCWWltA}{RZACgbcOTZKiJBJu4y59gg}{127.0.0.1}{127.0.0.1:11600}{dim}]}, term: 1, version: 1, reason: Publication{term=1, version=1}
[2020-02-17T11:22:16,808][INFO ][o.e.n.Node               ] [testCopyToObject] started
[2020-02-17T11:22:16,813][INFO ][o.e.g.GatewayService     ] [node_s_0] recovered [0] indices into cluster_state
[2020-02-17T11:22:16,814][INFO ][o.e.c.m.MetaDataIndexTemplateService] [node_s_0] adding template [one_shard_index_template] for index patterns [*]
[2020-02-17T11:22:16,823][INFO ][o.e.c.m.MetaDataIndexTemplateService] [node_s_0] adding template [random-soft-deletes-template] for index patterns [*]
[2020-02-17T11:22:16,830][INFO ][o.e.i.m.CopyToMapperTests] [testCopyToObject] before test
[2020-02-17T11:22:16,831][INFO ][o.e.c.m.MetaDataCreateIndexService] [node_s_0] [test] creating index, cause [api], templates [one_shard_index_template, random-soft-deletes-template], shards [1]/[0], mappings []
[2020-02-17T11:22:16,879][INFO ][o.e.c.r.a.AllocationService] [node_s_0] Cluster health status changed from [YELLOW] to [GREEN] (reason: [shards started [[test][0]]]).
[2020-02-17T11:22:16,890][INFO ][o.e.i.m.CopyToMapperTests] [testCopyToObject] after test
[2020-02-17T11:22:16,890][INFO ][o.e.c.m.MetaDataDeleteIndexService] [node_s_0] [test/tYXZ8-nUQf-FNOrwC2nGBw] deleting index
[2020-02-17T11:22:16,914][INFO ][o.e.i.m.CopyToMapperTests] [testCopyToFieldsInnerObjectParsing] before test
[2020-02-17T11:22:16,916][INFO ][o.e.c.m.MetaDataCreateIndexService] [node_s_0] [test] creating index, cause [api], templates [one_shard_index_template, random-soft-deletes-template], shards [1]/[0], mappings []
[2020-02-17T11:22:16,962][INFO ][o.e.c.r.a.AllocationService] [node_s_0] Cluster health status changed from [YELLOW] to [GREEN] (reason: [shards started [[test][0]]]).
[2020-02-17T11:22:16,972][INFO ][o.e.i.m.CopyToMapperTests] [testCopyToFieldsInnerObjectParsing] after test
[2020-02-17T11:22:16,973][INFO ][o.e.c.m.MetaDataDeleteIndexService] [node_s_0] [test/K0rEj-kcQGeDCh_S-ziC3g] deleting index
[2020-02-17T11:22:16,993][INFO ][o.e.i.m.CopyToMapperTests] [testCopyToInnerStrictDynamicInnerObjectParsing] before test
[2020-02-17T11:22:16,995][INFO ][o.e.c.m.MetaDataCreateIndexService] [node_s_0] [test] creating index, cause [api], templates [one_shard_index_template, random-soft-deletes-template], shards [1]/[0], mappings []
[2020-02-17T11:22:17,044][INFO ][o.e.c.r.a.AllocationService] [node_s_0] Cluster health status changed from [YELLOW] to [GREEN] (reason: [shards started [[test][0]]]).
[2020-02-17T11:22:17,053][INFO ][o.e.i.m.CopyToMapperTests] [testCopyToInnerStrictDynamicInnerObjectParsing] after test
[2020-02-17T11:22:17,054][INFO ][o.e.c.m.MetaDataDeleteIndexService] [node_s_0] [test/la2xnX4BQJGIcaGGMCff1Q] deleting index
[2020-02-17T11:22:17,075][INFO ][o.e.i.m.CopyToMapperTests] [testNestedCopyToMultiField] before test
[2020-02-17T11:22:17,077][INFO ][o.e.c.m.MetaDataCreateIndexService] [node_s_0] [test] creating index, cause [api], templates [one_shard_index_template, random-soft-deletes-template], shards [1]/[0], mappings []
[2020-02-17T11:22:17,129][INFO ][o.e.c.r.a.AllocationService] [node_s_0] Cluster health status changed from [YELLOW] to [GREEN] (reason: [shards started [[test][0]]]).
[2020-02-17T11:22:17,139][INFO ][o.e.i.m.CopyToMapperTests] [testNestedCopyToMultiField] after test
[2020-02-17T11:22:17,139][INFO ][o.e.c.m.MetaDataDeleteIndexService] [node_s_0] [test/Mcm6GvtsTYCl3GjPFwXS0g] deleting index
[2020-02-17T11:22:17,160][INFO ][o.e.i.m.CopyToMapperTests] [testCopyFromMultiField] before test
[2020-02-17T11:22:17,162][INFO ][o.e.c.m.MetaDataCreateIndexService] [node_s_0] [test] creating index, cause [api], templates [one_shard_index_template, random-soft-deletes-template], shards [1]/[0], mappings []
[2020-02-17T11:22:17,207][INFO ][o.e.c.r.a.AllocationService] [node_s_0] Cluster health status changed from [YELLOW] to [GREEN] (reason: [shards started [[test][0]]]).
[2020-02-17T11:22:17,216][INFO ][o.e.i.m.CopyToMapperTests] [testCopyFromMultiField] after test
[2020-02-17T11:22:17,216][INFO ][o.e.c.m.MetaDataDeleteIndexService] [node_s_0] [test/YCqN7Vf3Qd-0LMOfVc4Brw] deleting index
[2020-02-17T11:22:17,240][INFO ][o.e.i.m.CopyToMapperTests] [testCopyToStrictDynamicInnerObjectParsing] before test
[2020-02-17T11:22:17,241][INFO ][o.e.c.m.MetaDataCreateIndexService] [node_s_0] [test] creating index, cause [api], templates [one_shard_index_template, random-soft-deletes-template], shards [1]/[0], mappings []
[2020-02-17T11:22:17,287][INFO ][o.e.c.r.a.AllocationService] [node_s_0] Cluster health status changed from [YELLOW] to [GREEN] (reason: [shards started [[test][0]]]).
[2020-02-17T11:22:17,296][INFO ][o.e.i.m.CopyToMapperTests] [testCopyToStrictDynamicInnerObjectParsing] after test
[2020-02-17T11:22:17,297][INFO ][o.e.c.m.MetaDataDeleteIndexService] [node_s_0] [test/YbeRYUEaQ3Om2sDsQd6w1Q] deleting index
[2020-02-17T11:22:17,319][INFO ][o.e.i.m.CopyToMapperTests] [testCopyToFieldsParsing] before test
[2020-02-17T11:22:17,320][INFO ][o.e.c.m.MetaDataCreateIndexService] [node_s_0] [test] creating index, cause [api], templates [one_shard_index_template, random-soft-deletes-template], shards [1]/[0], mappings []
[2020-02-17T11:22:17,377][INFO ][o.e.c.r.a.AllocationService] [node_s_0] Cluster health status changed from [YELLOW] to [GREEN] (reason: [shards started [[test][0]]]).
[2020-02-17T11:22:17,389][INFO ][o.e.c.m.MetaDataMappingService] [node_s_0] [test/Pw2o4TftT5qkhX-a3o40-Q] create_mapping [type1]
[2020-02-17T11:22:17,402][INFO ][o.e.c.m.MetaDataMappingService] [node_s_0] [test/Pw2o4TftT5qkhX-a3o40-Q] update_mapping [type1]
[2020-02-17T11:22:17,412][INFO ][o.e.i.m.CopyToMapperTests] [testCopyToFieldsParsing] after test
[2020-02-17T11:22:17,413][INFO ][o.e.c.m.MetaDataDeleteIndexService] [node_s_0] [test/Pw2o4TftT5qkhX-a3o40-Q] deleting index
[2020-02-17T11:22:17,435][INFO ][o.e.i.m.CopyToMapperTests] [testCopyToSiblingNested] before test
[2020-02-17T11:22:17,436][INFO ][o.e.c.m.MetaDataCreateIndexService] [node_s_0] [test] creating index, cause [api], templates [one_shard_index_template, random-soft-deletes-template], shards [1]/[0], mappings []
[2020-02-17T11:22:17,489][INFO ][o.e.c.r.a.AllocationService] [node_s_0] Cluster health status changed from [YELLOW] to [GREEN] (reason: [shards started [[test][0]]]).
[2020-02-17T11:22:17,500][INFO ][o.e.i.m.CopyToMapperTests] [testCopyToSiblingNested] after test
[2020-02-17T11:22:17,500][INFO ][o.e.c.m.MetaDataDeleteIndexService] [node_s_0] [test/NEU1QGCdSXOA7wDleukZfQ] deleting index
[2020-02-17T11:22:17,528][INFO ][o.e.i.m.CopyToMapperTests] [testCopyToDynamicInnerInnerObjectParsing] before test
[2020-02-17T11:22:17,529][INFO ][o.e.c.m.MetaDataCreateIndexService] [node_s_0] [test] creating index, cause [api], templates [one_shard_index_template, random-soft-deletes-template], shards [1]/[0], mappings []
[2020-02-17T11:22:17,577][INFO ][o.e.c.r.a.AllocationService] [node_s_0] Cluster health status changed from [YELLOW] to [GREEN] (reason: [shards started [[test][0]]]).
[2020-02-17T11:22:17,586][INFO ][o.e.i.m.CopyToMapperTests] [testCopyToDynamicInnerInnerObjectParsing] after test
[2020-02-17T11:22:17,587][INFO ][o.e.c.m.MetaDataDeleteIndexService] [node_s_0] [test/MdlRBRDHSQ6Y286Al5AeMg] deleting index
[2020-02-17T11:22:17,610][INFO ][o.e.i.m.CopyToMapperTests] [testCopyToDynamicInnerObjectParsing] before test
[2020-02-17T11:22:17,612][INFO ][o.e.c.m.MetaDataCreateIndexService] [node_s_0] [test] creating index, cause [api], templates [one_shard_index_template, random-soft-deletes-template], shards [1]/[0], mappings []
[2020-02-17T11:22:17,662][INFO ][o.e.c.r.a.AllocationService] [node_s_0] Cluster health status changed from [YELLOW] to [GREEN] (reason: [shards started [[test][0]]]).
[2020-02-17T11:22:17,673][INFO ][o.e.i.m.CopyToMapperTests] [testCopyToDynamicInnerObjectParsing] after test
[2020-02-17T11:22:17,673][INFO ][o.e.c.m.MetaDataDeleteIndexService] [node_s_0] [test/MNxj3TSjQMepjLOwBl-MyA] deleting index
[2020-02-17T11:22:17,701][INFO ][o.e.i.m.CopyToMapperTests] [testCopyToFieldMerge] before test
[2020-02-17T11:22:17,702][INFO ][o.e.c.m.MetaDataCreateIndexService] [node_s_0] [test] creating index, cause [api], templates [one_shard_index_template, random-soft-deletes-template], shards [1]/[0], mappings []
[2020-02-17T11:22:17,752][INFO ][o.e.c.r.a.AllocationService] [node_s_0] Cluster health status changed from [YELLOW] to [GREEN] (reason: [shards started [[test][0]]]).
[2020-02-17T11:22:17,764][INFO ][o.e.i.m.CopyToMapperTests] [testCopyToFieldMerge] after test
[2020-02-17T11:22:17,764][INFO ][o.e.c.m.MetaDataDeleteIndexService] [node_s_0] [test/og6V0R21QG2T9JzvcMJz3A] deleting index
[2020-02-17T11:22:17,787][INFO ][o.e.i.m.CopyToMapperTests] [testCopyToMultiField] before test
[2020-02-17T11:22:17,789][INFO ][o.e.c.m.MetaDataCreateIndexService] [node_s_0] [test] creating index, cause [api], templates [one_shard_index_template, random-soft-deletes-template], shards [1]/[0], mappings []
[2020-02-17T11:22:17,839][INFO ][o.e.c.r.a.AllocationService] [node_s_0] Cluster health status changed from [YELLOW] to [GREEN] (reason: [shards started [[test][0]]]).
[2020-02-17T11:22:17,848][INFO ][o.e.i.m.CopyToMapperTests] [testCopyToMultiField] after test
[2020-02-17T11:22:17,848][INFO ][o.e.c.m.MetaDataDeleteIndexService] [node_s_0] [test/ZdKE31JNQ2-rYgdggtfvvQ] deleting index
[2020-02-17T11:22:17,871][INFO ][o.e.i.m.CopyToMapperTests] [testNestedCopyTo] before test
[2020-02-17T11:22:17,873][INFO ][o.e.c.m.MetaDataCreateIndexService] [node_s_0] [test] creating index, cause [api], templates [one_shard_index_template, random-soft-deletes-template], shards [1]/[0], mappings []
[2020-02-17T11:22:17,918][INFO ][o.e.c.r.a.AllocationService] [node_s_0] Cluster health status changed from [YELLOW] to [GREEN] (reason: [shards started [[test][0]]]).
[2020-02-17T11:22:17,928][INFO ][o.e.i.m.CopyToMapperTests] [testNestedCopyTo] after test
[2020-02-17T11:22:17,929][INFO ][o.e.c.m.MetaDataDeleteIndexService] [node_s_0] [test/111INl_6ThuzQ6UyT_0MvA] deleting index
[2020-02-17T11:22:17,951][INFO ][o.e.i.m.CopyToMapperTests] [testCopyToDynamicNestedObjectParsing] before test
[2020-02-17T11:22:17,952][INFO ][o.e.c.m.MetaDataCreateIndexService] [node_s_0] [test] creating index, cause [api], templates [one_shard_index_template, random-soft-deletes-template], shards [1]/[0], mappings []
[2020-02-17T11:22:17,999][INFO ][o.e.c.r.a.AllocationService] [node_s_0] Cluster health status changed from [YELLOW] to [GREEN] (reason: [shards started [[test][0]]]).
[2020-02-17T11:22:18,009][INFO ][o.e.i.m.CopyToMapperTests] [testCopyToDynamicNestedObjectParsing] after test
[2020-02-17T11:22:18,010][INFO ][o.e.c.m.MetaDataDeleteIndexService] [node_s_0] [test/y7gWGb-mThSE5BpaEzYTag] deleting index
[2020-02-17T11:22:18,032][INFO ][o.e.i.m.CopyToMapperTests] [testCopyToChildNested] before test
[2020-02-17T11:22:18,033][INFO ][o.e.c.m.MetaDataCreateIndexService] [node_s_0] [test] creating index, cause [api], templates [one_shard_index_template, random-soft-deletes-template], shards [1]/[0], mappings []
[2020-02-17T11:22:18,082][INFO ][o.e.c.r.a.AllocationService] [node_s_0] Cluster health status changed from [YELLOW] to [GREEN] (reason: [shards started [[test][0]]]).
[2020-02-17T11:22:18,092][INFO ][o.e.i.m.CopyToMapperTests] [testCopyToChildNested] after test
[2020-02-17T11:22:18,093][INFO ][o.e.c.m.MetaDataDeleteIndexService] [node_s_0] [test/GaVK6WjbQS6_5DcxU0GvsQ] deleting index
[2020-02-17T11:22:18,116][INFO ][o.e.i.m.CopyToMapperTests] [testCopyToNestedField] before test
[2020-02-17T11:22:18,117][INFO ][o.e.c.m.MetaDataCreateIndexService] [node_s_0] [test] creating index, cause [api], templates [one_shard_index_template, random-soft-deletes-template], shards [1]/[0], mappings []
[2020-02-17T11:22:18,163][INFO ][o.e.c.r.a.AllocationService] [node_s_0] Cluster health status changed from [YELLOW] to [GREEN] (reason: [shards started [[test][0]]]).
[2020-02-17T11:22:18,172][INFO ][o.e.i.m.CopyToMapperTests] [testCopyToNestedField] after test
[2020-02-17T11:22:18,172][INFO ][o.e.c.m.MetaDataDeleteIndexService] [node_s_0] [test/ebkoy4ipTluhsVtmANyr3w] deleting index
[2020-02-17T11:22:18,190][INFO ][o.e.n.Node               ] [suite] stopping ...
[2020-02-17T11:22:18,191][INFO ][o.e.n.Node               ] [suite] stopped
[2020-02-17T11:22:18,191][INFO ][o.e.n.Node               ] [suite] closing ...
[2020-02-17T11:22:18,192][INFO ][o.e.n.Node               ] [suite] closed
]]></system-out>
  <system-err><![CDATA[]]></system-err>
</testsuite>
