<?xml version="1.0" encoding="UTF-8"?>
<testsuite name="org.elasticsearch.discovery.zen.ElectMasterServiceTests" tests="6" skipped="0" failures="0" errors="0" timestamp="2020-02-16T22:22:09" hostname="Escoto-PC" time="0.038">
  <properties/>
  <testcase name="testHasEnoughNodes" classname="org.elasticsearch.discovery.zen.ElectMasterServiceTests" time="0.004"/>
  <testcase name="testSortByMasterLikelihood" classname="org.elasticsearch.discovery.zen.ElectMasterServiceTests" time="0.002"/>
  <testcase name="testHasEnoughCandidates" classname="org.elasticsearch.discovery.zen.ElectMasterServiceTests" time="0.003"/>
  <testcase name="testCountMasterNodes" classname="org.elasticsearch.discovery.zen.ElectMasterServiceTests" time="0.002"/>
  <testcase name="testElectMaster" classname="org.elasticsearch.discovery.zen.ElectMasterServiceTests" time="0.003"/>
  <testcase name="testTieBreakActiveMasters" classname="org.elasticsearch.discovery.zen.ElectMasterServiceTests" time="0.024"/>
  <system-out><![CDATA[[2020-02-16T12:22:09,307][INFO ][o.e.d.z.ElectMasterServiceTests] [testHasEnoughNodes] before test
[2020-02-16T12:22:09,309][INFO ][o.e.d.z.ElectMasterServiceTests] [testHasEnoughNodes] after test
[2020-02-16T12:22:09,311][INFO ][o.e.d.z.ElectMasterServiceTests] [testSortByMasterLikelihood] before test
[2020-02-16T12:22:09,311][INFO ][o.e.d.z.ElectMasterServiceTests] [testSortByMasterLikelihood] after test
[2020-02-16T12:22:09,313][INFO ][o.e.d.z.ElectMasterServiceTests] [testHasEnoughCandidates] before test
[2020-02-16T12:22:09,314][INFO ][o.e.d.z.ElectMasterServiceTests] [testHasEnoughCandidates] after test
[2020-02-16T12:22:09,316][INFO ][o.e.d.z.ElectMasterServiceTests] [testCountMasterNodes] before test
[2020-02-16T12:22:09,316][INFO ][o.e.d.z.ElectMasterServiceTests] [testCountMasterNodes] after test
[2020-02-16T12:22:09,318][INFO ][o.e.d.z.ElectMasterServiceTests] [testElectMaster] before test
[2020-02-16T12:22:09,319][INFO ][o.e.d.z.ElectMasterServiceTests] [testElectMaster] after test
[2020-02-16T12:22:09,343][INFO ][o.e.d.z.ElectMasterServiceTests] [testTieBreakActiveMasters] before test
[2020-02-16T12:22:09,343][INFO ][o.e.d.z.ElectMasterServiceTests] [testTieBreakActiveMasters] after test
]]></system-out>
  <system-err><![CDATA[]]></system-err>
</testsuite>
