<?xml version="1.0" encoding="UTF-8"?>
<testsuite name="org.elasticsearch.env.NodeMetaDataTests" tests="6" skipped="0" failures="0" errors="0" timestamp="2020-02-16T22:21:10" hostname="Escoto-PC" time="0.031">
  <properties/>
  <testcase name="testReadsFormatWithoutVersion" classname="org.elasticsearch.env.NodeMetaDataTests" time="0.006"/>
  <testcase name="testUpgradesLegitimateVersions" classname="org.elasticsearch.env.NodeMetaDataTests" time="0.002"/>
  <testcase name="testEqualsHashcodeSerialization" classname="org.elasticsearch.env.NodeMetaDataTests" time="0.014"/>
  <testcase name="testDoesNotUpgradeAncientVersion" classname="org.elasticsearch.env.NodeMetaDataTests" time="0.002"/>
  <testcase name="testDoesNotUpgradeFutureVersion" classname="org.elasticsearch.env.NodeMetaDataTests" time="0.003"/>
  <testcase name="testUpgradesMissingVersion" classname="org.elasticsearch.env.NodeMetaDataTests" time="0.004"/>
  <system-out><![CDATA[[2020-02-17T06:21:10,776][INFO ][o.e.e.NodeMetaDataTests  ] [testReadsFormatWithoutVersion] before test
[2020-02-17T06:21:10,780][INFO ][o.e.e.NodeMetaDataTests  ] [testReadsFormatWithoutVersion] after test
[2020-02-17T06:21:10,782][INFO ][o.e.e.NodeMetaDataTests  ] [testUpgradesLegitimateVersions] before test
[2020-02-17T06:21:10,783][INFO ][o.e.e.NodeMetaDataTests  ] [testUpgradesLegitimateVersions] after test
[2020-02-17T06:21:10,784][INFO ][o.e.e.NodeMetaDataTests  ] [testEqualsHashcodeSerialization] before test
[2020-02-17T06:21:10,796][INFO ][o.e.e.NodeMetaDataTests  ] [testEqualsHashcodeSerialization] after test
[2020-02-17T06:21:10,798][INFO ][o.e.e.NodeMetaDataTests  ] [testDoesNotUpgradeAncientVersion] before test
[2020-02-17T06:21:10,799][INFO ][o.e.e.NodeMetaDataTests  ] [testDoesNotUpgradeAncientVersion] after test
[2020-02-17T06:21:10,800][INFO ][o.e.e.NodeMetaDataTests  ] [testDoesNotUpgradeFutureVersion] before test
[2020-02-17T06:21:10,801][INFO ][o.e.e.NodeMetaDataTests  ] [testDoesNotUpgradeFutureVersion] after test
[2020-02-17T06:21:10,805][INFO ][o.e.e.NodeMetaDataTests  ] [testUpgradesMissingVersion] before test
[2020-02-17T06:21:10,805][INFO ][o.e.e.NodeMetaDataTests  ] [testUpgradesMissingVersion] after test
]]></system-out>
  <system-err><![CDATA[]]></system-err>
</testsuite>
