<?xml version="1.0" encoding="UTF-8"?>
<testsuite name="org.elasticsearch.action.ActionTests" tests="1" skipped="0" failures="0" errors="0" timestamp="2020-02-16T22:19:59" hostname="Escoto-PC" time="0.006">
  <properties/>
  <testcase name="testEquals" classname="org.elasticsearch.action.ActionTests" time="0.006"/>
  <system-out><![CDATA[[2020-02-16T23:19:59,488][INFO ][o.e.a.ActionTests        ] [testEquals] before test
[2020-02-16T23:19:59,491][INFO ][o.e.a.ActionTests        ] [testEquals] after test
]]></system-out>
  <system-err><![CDATA[]]></system-err>
</testsuite>
