<?xml version="1.0" encoding="UTF-8"?>
<testsuite name="org.elasticsearch.action.bulk.BulkShardRequestTests" tests="1" skipped="0" failures="0" errors="0" timestamp="2020-02-16T22:20:34" hostname="Escoto-PC" time="0.009">
  <properties/>
  <testcase name="testToString" classname="org.elasticsearch.action.bulk.BulkShardRequestTests" time="0.009"/>
  <system-out><![CDATA[[2020-02-17T11:20:34,960][INFO ][o.e.a.b.BulkShardRequestTests] [testToString] before test
[2020-02-17T11:20:34,961][INFO ][o.e.a.b.BulkShardRequestTests] [testToString] after test
]]></system-out>
  <system-err><![CDATA[]]></system-err>
</testsuite>
