<?xml version="1.0" encoding="UTF-8"?>
<testsuite name="org.elasticsearch.search.aggregations.bucket.composite.GeoTileGridValuesSourceBuilderTests" tests="1" skipped="0" failures="0" errors="0" timestamp="2020-02-16T22:24:11" hostname="Escoto-PC" time="0.004">
  <properties/>
  <testcase name="testSetFormat" classname="org.elasticsearch.search.aggregations.bucket.composite.GeoTileGridValuesSourceBuilderTests" time="0.004"/>
  <system-out><![CDATA[[2020-02-16T22:24:11,514][INFO ][o.e.s.a.b.c.GeoTileGridValuesSourceBuilderTests] [testSetFormat] before test
[2020-02-16T22:24:11,514][INFO ][o.e.s.a.b.c.GeoTileGridValuesSourceBuilderTests] [testSetFormat] after test
]]></system-out>
  <system-err><![CDATA[]]></system-err>
</testsuite>
