<?xml version="1.0" encoding="UTF-8"?>
<testsuite name="org.elasticsearch.deps.jackson.JacksonLocationTests" tests="1" skipped="0" failures="0" errors="0" timestamp="2020-02-16T22:20:57" hostname="Escoto-PC" time="0.003">
  <properties/>
  <testcase name="testLocationExtraction" classname="org.elasticsearch.deps.jackson.JacksonLocationTests" time="0.003"/>
  <system-out><![CDATA[[2020-02-16T19:20:57,337][INFO ][o.e.d.j.JacksonLocationTests] [testLocationExtraction] before test
[2020-02-16T19:20:57,337][INFO ][o.e.d.j.JacksonLocationTests] [testLocationExtraction] after test
]]></system-out>
  <system-err><![CDATA[]]></system-err>
</testsuite>
