<?xml version="1.0" encoding="UTF-8"?>
<testsuite name="org.elasticsearch.usage.UsageServiceTests" tests="1" skipped="0" failures="0" errors="0" timestamp="2020-02-16T22:26:21" hostname="Escoto-PC" time="0.003">
  <properties/>
  <testcase name="testRestUsage" classname="org.elasticsearch.usage.UsageServiceTests" time="0.003"/>
  <system-out><![CDATA[[2020-02-16T19:26:21,650][INFO ][o.e.u.UsageServiceTests  ] [testRestUsage] before test
[2020-02-16T19:26:21,651][INFO ][o.e.u.UsageServiceTests  ] [testRestUsage] after test
]]></system-out>
  <system-err><![CDATA[]]></system-err>
</testsuite>
