<?xml version="1.0" encoding="UTF-8"?>
<testsuite name="org.elasticsearch.script.JodaCompatibleZonedDateTimeTests" tests="38" skipped="0" failures="0" errors="0" timestamp="2020-02-16T22:24:05" hostname="Escoto-PC" time="0.298">
  <properties/>
  <testcase name="testYearOfCentury" classname="org.elasticsearch.script.JodaCompatibleZonedDateTimeTests" time="0.009"/>
  <testcase name="testCenturyOfEra" classname="org.elasticsearch.script.JodaCompatibleZonedDateTimeTests" time="0.027"/>
  <testcase name="testHourOfDay" classname="org.elasticsearch.script.JodaCompatibleZonedDateTimeTests" time="0.008"/>
  <testcase name="testWeekOfWeekyear" classname="org.elasticsearch.script.JodaCompatibleZonedDateTimeTests" time="0.009"/>
  <testcase name="testLocalDate" classname="org.elasticsearch.script.JodaCompatibleZonedDateTimeTests" time="0.006"/>
  <testcase name="testMinute" classname="org.elasticsearch.script.JodaCompatibleZonedDateTimeTests" time="0.011"/>
  <testcase name="testYearOfEra" classname="org.elasticsearch.script.JodaCompatibleZonedDateTimeTests" time="0.034"/>
  <testcase name="testMinuteOfDay" classname="org.elasticsearch.script.JodaCompatibleZonedDateTimeTests" time="0.007"/>
  <testcase name="testMillisOfDay" classname="org.elasticsearch.script.JodaCompatibleZonedDateTimeTests" time="0.008"/>
  <testcase name="testToStringAndZeroOffset" classname="org.elasticsearch.script.JodaCompatibleZonedDateTimeTests" time="0.007"/>
  <testcase name="testMonthValue" classname="org.elasticsearch.script.JodaCompatibleZonedDateTimeTests" time="0.021"/>
  <testcase name="testEquals" classname="org.elasticsearch.script.JodaCompatibleZonedDateTimeTests" time="0.004"/>
  <testcase name="testZone" classname="org.elasticsearch.script.JodaCompatibleZonedDateTimeTests" time="0.002"/>
  <testcase name="testToString1" classname="org.elasticsearch.script.JodaCompatibleZonedDateTimeTests" time="0.005"/>
  <testcase name="testToStringWithLocaleAndZeroOffset" classname="org.elasticsearch.script.JodaCompatibleZonedDateTimeTests" time="0.005"/>
  <testcase name="testDayOfWeekEnum" classname="org.elasticsearch.script.JodaCompatibleZonedDateTimeTests" time="0.002"/>
  <testcase name="testDayOfWeek" classname="org.elasticsearch.script.JodaCompatibleZonedDateTimeTests" time="0.005"/>
  <testcase name="testMonthOfYear" classname="org.elasticsearch.script.JodaCompatibleZonedDateTimeTests" time="0.005"/>
  <testcase name="testDayOfYear" classname="org.elasticsearch.script.JodaCompatibleZonedDateTimeTests" time="0.001"/>
  <testcase name="testToString2" classname="org.elasticsearch.script.JodaCompatibleZonedDateTimeTests" time="0.006"/>
  <testcase name="testSecond" classname="org.elasticsearch.script.JodaCompatibleZonedDateTimeTests" time="0.001"/>
  <testcase name="testNano" classname="org.elasticsearch.script.JodaCompatibleZonedDateTimeTests" time="0.001"/>
  <testcase name="testYear" classname="org.elasticsearch.script.JodaCompatibleZonedDateTimeTests" time="0.002"/>
  <testcase name="testIsAfter" classname="org.elasticsearch.script.JodaCompatibleZonedDateTimeTests" time="0.002"/>
  <testcase name="testLocalDateTime" classname="org.elasticsearch.script.JodaCompatibleZonedDateTimeTests" time="0.003"/>
  <testcase name="testToString" classname="org.elasticsearch.script.JodaCompatibleZonedDateTimeTests" time="0.005"/>
  <testcase name="testIsEqual" classname="org.elasticsearch.script.JodaCompatibleZonedDateTimeTests" time="0.008"/>
  <testcase name="testEra" classname="org.elasticsearch.script.JodaCompatibleZonedDateTimeTests" time="0.005"/>
  <testcase name="testHour" classname="org.elasticsearch.script.JodaCompatibleZonedDateTimeTests" time="0.025"/>
  <testcase name="testMinuteOfHour" classname="org.elasticsearch.script.JodaCompatibleZonedDateTimeTests" time="0.013"/>
  <testcase name="testSecondOfMinute" classname="org.elasticsearch.script.JodaCompatibleZonedDateTimeTests" time="0.008"/>
  <testcase name="testMillis" classname="org.elasticsearch.script.JodaCompatibleZonedDateTimeTests" time="0.013"/>
  <testcase name="testMillisOfSecond" classname="org.elasticsearch.script.JodaCompatibleZonedDateTimeTests" time="0.006"/>
  <testcase name="testSecondOfDay" classname="org.elasticsearch.script.JodaCompatibleZonedDateTimeTests" time="0.005"/>
  <testcase name="testDayOfMonth" classname="org.elasticsearch.script.JodaCompatibleZonedDateTimeTests" time="0.005"/>
  <testcase name="testMonth" classname="org.elasticsearch.script.JodaCompatibleZonedDateTimeTests" time="0.002"/>
  <testcase name="testIsBefore" classname="org.elasticsearch.script.JodaCompatibleZonedDateTimeTests" time="0.002"/>
  <testcase name="testWeekyear" classname="org.elasticsearch.script.JodaCompatibleZonedDateTimeTests" time="0.005"/>
  <system-out><![CDATA[[2020-02-16T16:24:05,506][INFO ][o.e.s.JodaCompatibleZonedDateTimeTests] [testYearOfCentury] before test
[2020-02-16T16:24:05,510][WARN ][o.e.d.s.JodaCompatibleZonedDateTime] [testYearOfCentury] Use of the joda time method [getYearOfCentury()] is deprecated. Use [get(ChronoField.YEAR_OF_ERA) % 100] instead.
[2020-02-16T16:24:05,512][INFO ][o.e.s.JodaCompatibleZonedDateTimeTests] [testYearOfCentury] after test
[2020-02-16T16:24:05,534][INFO ][o.e.s.JodaCompatibleZonedDateTimeTests] [testCenturyOfEra] before test
[2020-02-16T16:24:05,536][WARN ][o.e.d.s.JodaCompatibleZonedDateTime] [testCenturyOfEra] Use of the joda time method [getCenturyOfEra()] is deprecated. Use [get(ChronoField.YEAR_OF_ERA) / 100] instead.
[2020-02-16T16:24:05,539][INFO ][o.e.s.JodaCompatibleZonedDateTimeTests] [testCenturyOfEra] after test
[2020-02-16T16:24:05,542][INFO ][o.e.s.JodaCompatibleZonedDateTimeTests] [testHourOfDay] before test
[2020-02-16T16:24:05,543][WARN ][o.e.d.s.JodaCompatibleZonedDateTime] [testHourOfDay] Use of the joda time method [getHourOfDay()] is deprecated. Use [getHour()] instead.
[2020-02-16T16:24:05,547][INFO ][o.e.s.JodaCompatibleZonedDateTimeTests] [testHourOfDay] after test
[2020-02-16T16:24:05,553][INFO ][o.e.s.JodaCompatibleZonedDateTimeTests] [testWeekOfWeekyear] before test
[2020-02-16T16:24:05,555][WARN ][o.e.d.s.JodaCompatibleZonedDateTime] [testWeekOfWeekyear] Use of the joda time method [getWeekOfWeekyear()] is deprecated. Use [get(WeekFields.ISO.weekOfWeekBasedYear())] instead.
[2020-02-16T16:24:05,557][INFO ][o.e.s.JodaCompatibleZonedDateTimeTests] [testWeekOfWeekyear] after test
[2020-02-16T16:24:05,562][INFO ][o.e.s.JodaCompatibleZonedDateTimeTests] [testLocalDate] before test
[2020-02-16T16:24:05,562][INFO ][o.e.s.JodaCompatibleZonedDateTimeTests] [testLocalDate] after test
[2020-02-16T16:24:05,573][INFO ][o.e.s.JodaCompatibleZonedDateTimeTests] [testMinute] before test
[2020-02-16T16:24:05,573][INFO ][o.e.s.JodaCompatibleZonedDateTimeTests] [testMinute] after test
[2020-02-16T16:24:05,604][INFO ][o.e.s.JodaCompatibleZonedDateTimeTests] [testYearOfEra] before test
[2020-02-16T16:24:05,606][WARN ][o.e.d.s.JodaCompatibleZonedDateTime] [testYearOfEra] Use of the joda time method [getYearOfEra()] is deprecated. Use [get(ChronoField.YEAR_OF_ERA)] instead.
[2020-02-16T16:24:05,607][INFO ][o.e.s.JodaCompatibleZonedDateTimeTests] [testYearOfEra] after test
[2020-02-16T16:24:05,609][INFO ][o.e.s.JodaCompatibleZonedDateTimeTests] [testMinuteOfDay] before test
[2020-02-16T16:24:05,613][WARN ][o.e.d.s.JodaCompatibleZonedDateTime] [testMinuteOfDay] Use of the joda time method [getMinuteOfDay()] is deprecated. Use [get(ChronoField.MINUTE_OF_DAY)] instead.
[2020-02-16T16:24:05,614][INFO ][o.e.s.JodaCompatibleZonedDateTimeTests] [testMinuteOfDay] after test
[2020-02-16T16:24:05,619][INFO ][o.e.s.JodaCompatibleZonedDateTimeTests] [testMillisOfDay] before test
[2020-02-16T16:24:05,621][WARN ][o.e.d.s.JodaCompatibleZonedDateTime] [testMillisOfDay] Use of the joda time method [getMillisOfDay()] is deprecated. Use [get(ChronoField.MILLI_OF_DAY)] instead.
[2020-02-16T16:24:05,623][INFO ][o.e.s.JodaCompatibleZonedDateTimeTests] [testMillisOfDay] after test
[2020-02-16T16:24:05,626][INFO ][o.e.s.JodaCompatibleZonedDateTimeTests] [testToStringAndZeroOffset] before test
[2020-02-16T16:24:05,628][WARN ][o.e.d.s.JodaCompatibleZonedDateTime] [testToStringAndZeroOffset] Use of the joda time method [toString(String)] is deprecated. Use [a DateTimeFormatter] instead.
[2020-02-16T16:24:05,630][INFO ][o.e.s.JodaCompatibleZonedDateTimeTests] [testToStringAndZeroOffset] after test
[2020-02-16T16:24:05,651][INFO ][o.e.s.JodaCompatibleZonedDateTimeTests] [testMonthValue] before test
[2020-02-16T16:24:05,651][INFO ][o.e.s.JodaCompatibleZonedDateTimeTests] [testMonthValue] after test
[2020-02-16T16:24:05,655][INFO ][o.e.s.JodaCompatibleZonedDateTimeTests] [testEquals] before test
[2020-02-16T16:24:05,655][INFO ][o.e.s.JodaCompatibleZonedDateTimeTests] [testEquals] after test
[2020-02-16T16:24:05,657][INFO ][o.e.s.JodaCompatibleZonedDateTimeTests] [testZone] before test
[2020-02-16T16:24:05,658][INFO ][o.e.s.JodaCompatibleZonedDateTimeTests] [testZone] after test
[2020-02-16T16:24:05,659][INFO ][o.e.s.JodaCompatibleZonedDateTimeTests] [testToString1] before test
[2020-02-16T16:24:05,662][INFO ][o.e.s.JodaCompatibleZonedDateTimeTests] [testToString1] after test
[2020-02-16T16:24:05,664][INFO ][o.e.s.JodaCompatibleZonedDateTimeTests] [testToStringWithLocaleAndZeroOffset] before test
[2020-02-16T16:24:05,666][WARN ][o.e.d.s.JodaCompatibleZonedDateTime] [testToStringWithLocaleAndZeroOffset] Use of the joda time method [toString(String,Locale)] is deprecated. Use [a DateTimeFormatter] instead.
[2020-02-16T16:24:05,668][INFO ][o.e.s.JodaCompatibleZonedDateTimeTests] [testToStringWithLocaleAndZeroOffset] after test
[2020-02-16T16:24:05,670][INFO ][o.e.s.JodaCompatibleZonedDateTimeTests] [testDayOfWeekEnum] before test
[2020-02-16T16:24:05,670][INFO ][o.e.s.JodaCompatibleZonedDateTimeTests] [testDayOfWeekEnum] after test
[2020-02-16T16:24:05,672][INFO ][o.e.s.JodaCompatibleZonedDateTimeTests] [testDayOfWeek] before test
[2020-02-16T16:24:05,673][WARN ][o.e.d.s.JodaCompatibleZonedDateTime] [testDayOfWeek] The return type of [getDayOfWeek()] will change to an enum in 7.0. Use getDayOfWeekEnum().getValue().
[2020-02-16T16:24:05,675][INFO ][o.e.s.JodaCompatibleZonedDateTimeTests] [testDayOfWeek] after test
[2020-02-16T16:24:05,677][INFO ][o.e.s.JodaCompatibleZonedDateTimeTests] [testMonthOfYear] before test
[2020-02-16T16:24:05,678][WARN ][o.e.d.s.JodaCompatibleZonedDateTime] [testMonthOfYear] Use of the joda time method [getMonthOfYear()] is deprecated. Use [getMonthValue()] instead.
[2020-02-16T16:24:05,680][INFO ][o.e.s.JodaCompatibleZonedDateTimeTests] [testMonthOfYear] after test
[2020-02-16T16:24:05,681][INFO ][o.e.s.JodaCompatibleZonedDateTimeTests] [testDayOfYear] before test
[2020-02-16T16:24:05,682][INFO ][o.e.s.JodaCompatibleZonedDateTimeTests] [testDayOfYear] after test
[2020-02-16T16:24:05,683][INFO ][o.e.s.JodaCompatibleZonedDateTimeTests] [testToString2] before test
[2020-02-16T16:24:05,687][INFO ][o.e.s.JodaCompatibleZonedDateTimeTests] [testToString2] after test
[2020-02-16T16:24:05,689][INFO ][o.e.s.JodaCompatibleZonedDateTimeTests] [testSecond] before test
[2020-02-16T16:24:05,689][INFO ][o.e.s.JodaCompatibleZonedDateTimeTests] [testSecond] after test
[2020-02-16T16:24:05,690][INFO ][o.e.s.JodaCompatibleZonedDateTimeTests] [testNano] before test
[2020-02-16T16:24:05,690][INFO ][o.e.s.JodaCompatibleZonedDateTimeTests] [testNano] after test
[2020-02-16T16:24:05,692][INFO ][o.e.s.JodaCompatibleZonedDateTimeTests] [testYear] before test
[2020-02-16T16:24:05,692][INFO ][o.e.s.JodaCompatibleZonedDateTimeTests] [testYear] after test
[2020-02-16T16:24:05,694][INFO ][o.e.s.JodaCompatibleZonedDateTimeTests] [testIsAfter] before test
[2020-02-16T16:24:05,694][INFO ][o.e.s.JodaCompatibleZonedDateTimeTests] [testIsAfter] after test
[2020-02-16T16:24:05,697][INFO ][o.e.s.JodaCompatibleZonedDateTimeTests] [testLocalDateTime] before test
[2020-02-16T16:24:05,697][INFO ][o.e.s.JodaCompatibleZonedDateTimeTests] [testLocalDateTime] after test
[2020-02-16T16:24:05,703][INFO ][o.e.s.JodaCompatibleZonedDateTimeTests] [testToString] before test
[2020-02-16T16:24:05,703][INFO ][o.e.s.JodaCompatibleZonedDateTimeTests] [testToString] after test
[2020-02-16T16:24:05,711][INFO ][o.e.s.JodaCompatibleZonedDateTimeTests] [testIsEqual] before test
[2020-02-16T16:24:05,711][INFO ][o.e.s.JodaCompatibleZonedDateTimeTests] [testIsEqual] after test
[2020-02-16T16:24:05,713][INFO ][o.e.s.JodaCompatibleZonedDateTimeTests] [testEra] before test
[2020-02-16T16:24:05,715][WARN ][o.e.d.s.JodaCompatibleZonedDateTime] [testEra] Use of the joda time method [getEra()] is deprecated. Use [get(ChronoField.ERA)] instead.
[2020-02-16T16:24:05,716][INFO ][o.e.s.JodaCompatibleZonedDateTimeTests] [testEra] after test
[2020-02-16T16:24:05,740][INFO ][o.e.s.JodaCompatibleZonedDateTimeTests] [testHour] before test
[2020-02-16T16:24:05,741][INFO ][o.e.s.JodaCompatibleZonedDateTimeTests] [testHour] after test
[2020-02-16T16:24:05,751][INFO ][o.e.s.JodaCompatibleZonedDateTimeTests] [testMinuteOfHour] before test
[2020-02-16T16:24:05,752][WARN ][o.e.d.s.JodaCompatibleZonedDateTime] [testMinuteOfHour] Use of the joda time method [getMinuteOfHour()] is deprecated. Use [getMinute()] instead.
[2020-02-16T16:24:05,754][INFO ][o.e.s.JodaCompatibleZonedDateTimeTests] [testMinuteOfHour] after test
[2020-02-16T16:24:05,759][INFO ][o.e.s.JodaCompatibleZonedDateTimeTests] [testSecondOfMinute] before test
[2020-02-16T16:24:05,760][WARN ][o.e.d.s.JodaCompatibleZonedDateTime] [testSecondOfMinute] Use of the joda time method [getSecondOfMinute()] is deprecated. Use [getSecond()] instead.
[2020-02-16T16:24:05,762][INFO ][o.e.s.JodaCompatibleZonedDateTimeTests] [testSecondOfMinute] after test
[2020-02-16T16:24:05,772][INFO ][o.e.s.JodaCompatibleZonedDateTimeTests] [testMillis] before test
[2020-02-16T16:24:05,774][WARN ][o.e.d.s.JodaCompatibleZonedDateTime] [testMillis] Use of the joda time method [getMillis()] is deprecated. Use [toInstant().toEpochMilli()] instead.
[2020-02-16T16:24:05,776][INFO ][o.e.s.JodaCompatibleZonedDateTimeTests] [testMillis] after test
[2020-02-16T16:24:05,778][INFO ][o.e.s.JodaCompatibleZonedDateTimeTests] [testMillisOfSecond] before test
[2020-02-16T16:24:05,779][WARN ][o.e.d.s.JodaCompatibleZonedDateTime] [testMillisOfSecond] Use of the joda time method [getMillisOfSecond()] is deprecated. Use [get(ChronoField.MILLI_OF_SECOND)] instead.
[2020-02-16T16:24:05,781][INFO ][o.e.s.JodaCompatibleZonedDateTimeTests] [testMillisOfSecond] after test
[2020-02-16T16:24:05,783][INFO ][o.e.s.JodaCompatibleZonedDateTimeTests] [testSecondOfDay] before test
[2020-02-16T16:24:05,784][WARN ][o.e.d.s.JodaCompatibleZonedDateTime] [testSecondOfDay] Use of the joda time method [getSecondOfDay()] is deprecated. Use [get(ChronoField.SECOND_OF_DAY)] instead.
[2020-02-16T16:24:05,786][INFO ][o.e.s.JodaCompatibleZonedDateTimeTests] [testSecondOfDay] after test
[2020-02-16T16:24:05,791][INFO ][o.e.s.JodaCompatibleZonedDateTimeTests] [testDayOfMonth] before test
[2020-02-16T16:24:05,791][INFO ][o.e.s.JodaCompatibleZonedDateTimeTests] [testDayOfMonth] after test
[2020-02-16T16:24:05,793][INFO ][o.e.s.JodaCompatibleZonedDateTimeTests] [testMonth] before test
[2020-02-16T16:24:05,793][INFO ][o.e.s.JodaCompatibleZonedDateTimeTests] [testMonth] after test
[2020-02-16T16:24:05,795][INFO ][o.e.s.JodaCompatibleZonedDateTimeTests] [testIsBefore] before test
[2020-02-16T16:24:05,795][INFO ][o.e.s.JodaCompatibleZonedDateTimeTests] [testIsBefore] after test
[2020-02-16T16:24:05,797][INFO ][o.e.s.JodaCompatibleZonedDateTimeTests] [testWeekyear] before test
[2020-02-16T16:24:05,798][WARN ][o.e.d.s.JodaCompatibleZonedDateTime] [testWeekyear] Use of the joda time method [getWeekyear()] is deprecated. Use [get(WeekFields.ISO.weekBasedYear())] instead.
[2020-02-16T16:24:05,800][INFO ][o.e.s.JodaCompatibleZonedDateTimeTests] [testWeekyear] after test
]]></system-out>
  <system-err><![CDATA[]]></system-err>
</testsuite>
