<?xml version="1.0" encoding="UTF-8"?>
<testsuite name="org.elasticsearch.index.mapper.DocumentMapperTests" tests="8" skipped="0" failures="0" errors="0" timestamp="2020-02-16T22:22:59" hostname="Escoto-PC" time="2.209">
  <properties/>
  <testcase name="testMergeSearchAnalyzer" classname="org.elasticsearch.index.mapper.DocumentMapperTests" time="0.858"/>
  <testcase name="test1Merge" classname="org.elasticsearch.index.mapper.DocumentMapperTests" time="0.093"/>
  <testcase name="testMergeObjectDynamic" classname="org.elasticsearch.index.mapper.DocumentMapperTests" time="0.106"/>
  <testcase name="testDoNotRepeatOriginalMapping" classname="org.elasticsearch.index.mapper.DocumentMapperTests" time="0.109"/>
  <testcase name="testChangeSearchAnalyzerToDefault" classname="org.elasticsearch.index.mapper.DocumentMapperTests" time="0.107"/>
  <testcase name="testConcurrentMergeTest" classname="org.elasticsearch.index.mapper.DocumentMapperTests" time="0.696"/>
  <testcase name="testMergeMeta" classname="org.elasticsearch.index.mapper.DocumentMapperTests" time="0.141"/>
  <testcase name="testMergeObjectAndNested" classname="org.elasticsearch.index.mapper.DocumentMapperTests" time="0.099"/>
  <system-out><![CDATA[[2020-02-16T18:22:59,843][INFO ][o.e.e.NodeEnvironment    ] [testMergeSearchAnalyzer] using [1] data paths, mounts [[Old HDD (E:)]], net usable_space [89.5gb], net total_space [232.8gb], types [NTFS]
[2020-02-16T18:22:59,845][INFO ][o.e.e.NodeEnvironment    ] [testMergeSearchAnalyzer] heap size [512mb], compressed ordinary object pointers [true]
[2020-02-16T18:22:59,847][INFO ][o.e.n.Node               ] [testMergeSearchAnalyzer] node name [node_s_0], node ID [QkPQfSj9TiSxFh5zFRykXg], cluster name [single-node-cluster-TEST_WORKER_VM=[12]-CLUSTER_SEED=[-5333632456723345678]-HASH=[1466C94BBB9]]
[2020-02-16T18:22:59,847][INFO ][o.e.n.Node               ] [testMergeSearchAnalyzer] version[7.5.1], pid[2148], build[unknown/unknown/unknown/unknown], OS[Windows 7/6.1/amd64], JVM[Oracle Corporation/OpenJDK 64-Bit Server VM/12.0.2/12.0.2+10]
[2020-02-16T18:22:59,847][INFO ][o.e.n.Node               ] [testMergeSearchAnalyzer] JVM home [C:\Program Files\Java\jdk-12.0.2]
[2020-02-16T18:22:59,847][INFO ][o.e.n.Node               ] [testMergeSearchAnalyzer] JVM arguments [-Dcompiler.java=12, -Des.scripting.update.ctx_in_params=false, -Des.transport.cname_in_publish_address=true, -Dgradle.dist.lib=C:\Users\Escoto\.gradle\wrapper\dists\gradle-5.6.2-bin\3clyn6icets6f02ptgd5hlmou\gradle-5.6.2\lib, -Dgradle.user.home=C:\Users\Escoto\.gradle, -Dgradle.worker.jar=C:\Users\Escoto\.gradle/caches/5.6.2/workerMain/gradle-worker.jar, -Dio.netty.noKeySetOptimization=true, -Dio.netty.noUnsafe=true, -Dio.netty.recycler.maxCapacityPerThread=0, -Djava.awt.headless=true, -Djna.nosys=true, -Dorg.gradle.native=false, -Druntime.java=12, -Dtests.artifact=server, -Dtests.gradle=true, -Dtests.logger.level=WARN, -Dtests.security.manager=true, -Dtests.seed=9EA1F2A3814E5F76, -Dtests.task=:server:test, -Dtests.timeoutSuite=1800000!, -esa, --illegal-access=warn, -XX:+HeapDumpOnOutOfMemoryError, -XX:HeapDumpPath=E:\NotD\git\elasticsearch\server\build\heapdump, -Xms512m, -Xmx512m, -Dfile.encoding=windows-1252, -Djava.io.tmpdir=./temp, -Duser.country=US, -Duser.language=en, -Duser.variant, -ea]
[2020-02-16T18:22:59,848][INFO ][o.e.p.PluginsService     ] [testMergeSearchAnalyzer] no modules loaded
[2020-02-16T18:22:59,848][INFO ][o.e.p.PluginsService     ] [testMergeSearchAnalyzer] loaded plugin [org.elasticsearch.test.MockHttpTransport$TestPlugin]
[2020-02-16T18:22:59,848][INFO ][o.e.p.PluginsService     ] [testMergeSearchAnalyzer] loaded plugin [org.elasticsearch.transport.nio.MockNioTransportPlugin]
[2020-02-16T18:23:00,068][INFO ][o.e.d.DiscoveryModule    ] [testMergeSearchAnalyzer] using discovery type [zen] and seed hosts providers [settings]
[2020-02-16T18:23:00,078][INFO ][o.e.n.Node               ] [testMergeSearchAnalyzer] initialized
[2020-02-16T18:23:00,078][INFO ][o.e.n.Node               ] [testMergeSearchAnalyzer] starting ...
[2020-02-16T18:23:00,485][INFO ][o.e.t.TransportService   ] [testMergeSearchAnalyzer] publish_address {127.0.0.1:11500}, bound_addresses {127.0.0.1:11500}, {[::1]:11500}
[2020-02-16T18:23:00,492][INFO ][o.e.c.c.Coordinator      ] [testMergeSearchAnalyzer] setting initial configuration to VotingConfiguration{QkPQfSj9TiSxFh5zFRykXg}
[2020-02-16T18:23:00,557][INFO ][o.e.c.s.MasterService    ] [node_s_0] elected-as-master ([1] nodes joined)[{node_s_0}{QkPQfSj9TiSxFh5zFRykXg}{X5HyyCSQQFqG3GSHGr76pQ}{127.0.0.1}{127.0.0.1:11500}{dim} elect leader, _BECOME_MASTER_TASK_, _FINISH_ELECTION_], term: 1, version: 1, delta: master node changed {previous [], current [{node_s_0}{QkPQfSj9TiSxFh5zFRykXg}{X5HyyCSQQFqG3GSHGr76pQ}{127.0.0.1}{127.0.0.1:11500}{dim}]}
[2020-02-16T18:23:00,564][INFO ][o.e.c.c.CoordinationState] [node_s_0] cluster UUID set to [DDLsQb9zQTi4jxVTcTTvWA]
[2020-02-16T18:23:00,572][INFO ][o.e.c.s.ClusterApplierService] [node_s_0] master node changed {previous [], current [{node_s_0}{QkPQfSj9TiSxFh5zFRykXg}{X5HyyCSQQFqG3GSHGr76pQ}{127.0.0.1}{127.0.0.1:11500}{dim}]}, term: 1, version: 1, reason: Publication{term=1, version=1}
[2020-02-16T18:23:00,573][INFO ][o.e.n.Node               ] [testMergeSearchAnalyzer] started
[2020-02-16T18:23:00,579][INFO ][o.e.g.GatewayService     ] [node_s_0] recovered [0] indices into cluster_state
[2020-02-16T18:23:00,581][INFO ][o.e.c.m.MetaDataIndexTemplateService] [node_s_0] adding template [one_shard_index_template] for index patterns [*]
[2020-02-16T18:23:00,595][INFO ][o.e.c.m.MetaDataIndexTemplateService] [node_s_0] adding template [random-soft-deletes-template] for index patterns [*]
[2020-02-16T18:23:00,608][INFO ][o.e.i.m.DocumentMapperTests] [testMergeSearchAnalyzer] before test
[2020-02-16T18:23:00,611][INFO ][o.e.c.m.MetaDataCreateIndexService] [node_s_0] [test] creating index, cause [api], templates [random-soft-deletes-template, one_shard_index_template], shards [1]/[0], mappings [type]
[2020-02-16T18:23:00,662][INFO ][o.e.c.r.a.AllocationService] [node_s_0] Cluster health status changed from [YELLOW] to [GREEN] (reason: [shards started [[test][0]]]).
[2020-02-16T18:23:00,672][INFO ][o.e.i.m.DocumentMapperTests] [testMergeSearchAnalyzer] after test
[2020-02-16T18:23:00,672][INFO ][o.e.c.m.MetaDataDeleteIndexService] [node_s_0] [test/5Ig9_NuvRAO24Djdnb4YdQ] deleting index
[2020-02-16T18:23:00,693][INFO ][o.e.i.m.DocumentMapperTests] [test1Merge] before test
[2020-02-16T18:23:00,695][INFO ][o.e.c.m.MetaDataCreateIndexService] [node_s_0] [test] creating index, cause [api], templates [random-soft-deletes-template, one_shard_index_template], shards [1]/[0], mappings []
[2020-02-16T18:23:00,753][INFO ][o.e.c.r.a.AllocationService] [node_s_0] Cluster health status changed from [YELLOW] to [GREEN] (reason: [shards started [[test][0]]]).
[2020-02-16T18:23:00,764][INFO ][o.e.i.m.DocumentMapperTests] [test1Merge] after test
[2020-02-16T18:23:00,764][INFO ][o.e.c.m.MetaDataDeleteIndexService] [node_s_0] [test/AJQa2bVrTYylltlX5jYyvQ] deleting index
[2020-02-16T18:23:00,788][INFO ][o.e.i.m.DocumentMapperTests] [testMergeObjectDynamic] before test
[2020-02-16T18:23:00,789][INFO ][o.e.c.m.MetaDataCreateIndexService] [node_s_0] [test] creating index, cause [api], templates [random-soft-deletes-template, one_shard_index_template], shards [1]/[0], mappings []
[2020-02-16T18:23:00,848][INFO ][o.e.c.r.a.AllocationService] [node_s_0] Cluster health status changed from [YELLOW] to [GREEN] (reason: [shards started [[test][0]]]).
[2020-02-16T18:23:00,870][INFO ][o.e.i.m.DocumentMapperTests] [testMergeObjectDynamic] after test
[2020-02-16T18:23:00,870][INFO ][o.e.c.m.MetaDataDeleteIndexService] [node_s_0] [test/8H2exERgQkePv-XRcu-c6g] deleting index
[2020-02-16T18:23:00,912][INFO ][o.e.i.m.DocumentMapperTests] [testDoNotRepeatOriginalMapping] before test
[2020-02-16T18:23:00,914][INFO ][o.e.c.m.MetaDataCreateIndexService] [node_s_0] [test] creating index, cause [api], templates [random-soft-deletes-template, one_shard_index_template], shards [1]/[0], mappings []
[2020-02-16T18:23:00,970][INFO ][o.e.c.r.a.AllocationService] [node_s_0] Cluster health status changed from [YELLOW] to [GREEN] (reason: [shards started [[test][0]]]).
[2020-02-16T18:23:00,980][INFO ][o.e.i.m.DocumentMapperTests] [testDoNotRepeatOriginalMapping] after test
[2020-02-16T18:23:00,981][INFO ][o.e.c.m.MetaDataDeleteIndexService] [node_s_0] [test/guFIE00xQ2O5xqRygj8hmQ] deleting index
[2020-02-16T18:23:01,001][INFO ][o.e.i.m.DocumentMapperTests] [testChangeSearchAnalyzerToDefault] before test
[2020-02-16T18:23:01,004][INFO ][o.e.c.m.MetaDataCreateIndexService] [node_s_0] [test] creating index, cause [api], templates [random-soft-deletes-template, one_shard_index_template], shards [1]/[0], mappings [type]
[2020-02-16T18:23:01,076][INFO ][o.e.c.r.a.AllocationService] [node_s_0] Cluster health status changed from [YELLOW] to [GREEN] (reason: [shards started [[test][0]]]).
[2020-02-16T18:23:01,086][INFO ][o.e.i.m.DocumentMapperTests] [testChangeSearchAnalyzerToDefault] after test
[2020-02-16T18:23:01,086][INFO ][o.e.c.m.MetaDataDeleteIndexService] [node_s_0] [test/n9bT-aD6SHuGEEkgDN00_A] deleting index
[2020-02-16T18:23:01,109][INFO ][o.e.i.m.DocumentMapperTests] [testConcurrentMergeTest] before test
[2020-02-16T18:23:01,110][INFO ][o.e.c.m.MetaDataCreateIndexService] [node_s_0] [test] creating index, cause [api], templates [random-soft-deletes-template, one_shard_index_template], shards [1]/[0], mappings []
[2020-02-16T18:23:01,161][INFO ][o.e.c.r.a.AllocationService] [node_s_0] Cluster health status changed from [YELLOW] to [GREEN] (reason: [shards started [[test][0]]]).
[2020-02-16T18:23:01,779][INFO ][o.e.i.m.DocumentMapperTests] [testConcurrentMergeTest] after test
[2020-02-16T18:23:01,780][INFO ][o.e.c.m.MetaDataDeleteIndexService] [node_s_0] [test/8lrnuKyDTtGotKy-N0QZ8Q] deleting index
[2020-02-16T18:23:01,809][INFO ][o.e.i.m.DocumentMapperTests] [testMergeMeta] before test
[2020-02-16T18:23:01,811][INFO ][o.e.c.m.MetaDataCreateIndexService] [node_s_0] [test] creating index, cause [api], templates [random-soft-deletes-template, one_shard_index_template], shards [1]/[0], mappings []
[2020-02-16T18:23:01,883][INFO ][o.e.c.r.a.AllocationService] [node_s_0] Cluster health status changed from [YELLOW] to [GREEN] (reason: [shards started [[test][0]]]).
[2020-02-16T18:23:01,903][INFO ][o.e.i.m.DocumentMapperTests] [testMergeMeta] after test
[2020-02-16T18:23:01,904][INFO ][o.e.c.m.MetaDataDeleteIndexService] [node_s_0] [test/hmA7xPLNTc2IMNObgu3HWQ] deleting index
[2020-02-16T18:23:01,947][INFO ][o.e.i.m.DocumentMapperTests] [testMergeObjectAndNested] before test
[2020-02-16T18:23:01,948][INFO ][o.e.c.m.MetaDataCreateIndexService] [node_s_0] [test] creating index, cause [api], templates [random-soft-deletes-template, one_shard_index_template], shards [1]/[0], mappings []
[2020-02-16T18:23:02,005][INFO ][o.e.c.r.a.AllocationService] [node_s_0] Cluster health status changed from [YELLOW] to [GREEN] (reason: [shards started [[test][0]]]).
[2020-02-16T18:23:02,016][INFO ][o.e.i.m.DocumentMapperTests] [testMergeObjectAndNested] after test
[2020-02-16T18:23:02,017][INFO ][o.e.c.m.MetaDataDeleteIndexService] [node_s_0] [test/reEVuJS0Sr6LB_Z-gnj5YA] deleting index
[2020-02-16T18:23:02,043][INFO ][o.e.n.Node               ] [suite] stopping ...
[2020-02-16T18:23:02,044][INFO ][o.e.n.Node               ] [suite] stopped
[2020-02-16T18:23:02,044][INFO ][o.e.n.Node               ] [suite] closing ...
[2020-02-16T18:23:02,044][INFO ][o.e.n.Node               ] [suite] closed
]]></system-out>
  <system-err><![CDATA[]]></system-err>
</testsuite>
