<?xml version="1.0" encoding="UTF-8"?>
<testsuite name="org.elasticsearch.common.settings.UpgradeKeyStoreCommandTests" tests="2" skipped="0" failures="0" errors="0" timestamp="2020-02-16T22:20:50" hostname="Escoto-PC" time="0.049">
  <properties/>
  <testcase name="testKeystoreDoesNotExist" classname="org.elasticsearch.common.settings.UpgradeKeyStoreCommandTests" time="0.006"/>
  <testcase name="testKeystoreUpgrade" classname="org.elasticsearch.common.settings.UpgradeKeyStoreCommandTests" time="0.043"/>
  <system-out><![CDATA[[2020-02-17T00:20:50,666][INFO ][o.e.c.s.UpgradeKeyStoreCommandTests] [testKeystoreDoesNotExist] before test
[2020-02-17T00:20:50,669][INFO ][o.e.c.s.UpgradeKeyStoreCommandTests] [testKeystoreDoesNotExist] after test
[2020-02-17T00:20:50,672][INFO ][o.e.c.s.UpgradeKeyStoreCommandTests] [testKeystoreUpgrade] before test
[2020-02-17T00:20:50,712][INFO ][o.e.c.s.UpgradeKeyStoreCommandTests] [testKeystoreUpgrade] after test
]]></system-out>
  <system-err><![CDATA[]]></system-err>
</testsuite>
