<?xml version="1.0" encoding="UTF-8"?>
<testsuite name="org.elasticsearch.common.xcontent.support.XContentHelperTests" tests="2" skipped="0" failures="0" errors="0" timestamp="2020-02-16T22:22:03" hostname="Escoto-PC" time="0.007">
  <properties/>
  <testcase name="testMergingListValuesAreMapsOfOne" classname="org.elasticsearch.common.xcontent.support.XContentHelperTests" time="0.005"/>
  <testcase name="testToXContent" classname="org.elasticsearch.common.xcontent.support.XContentHelperTests" time="0.002"/>
  <system-out><![CDATA[[2020-02-17T12:22:03,941][INFO ][o.e.c.x.s.XContentHelperTests] [testMergingListValuesAreMapsOfOne] before test
[2020-02-17T12:22:03,943][INFO ][o.e.c.x.s.XContentHelperTests] [testMergingListValuesAreMapsOfOne] after test
[2020-02-17T12:22:03,945][INFO ][o.e.c.x.s.XContentHelperTests] [testToXContent] before test
[2020-02-17T12:22:03,946][INFO ][o.e.c.x.s.XContentHelperTests] [testToXContent] after test
]]></system-out>
  <system-err><![CDATA[]]></system-err>
</testsuite>
