<?xml version="1.0" encoding="UTF-8"?>
<testsuite name="org.elasticsearch.index.query.TypeQueryBuilderTests" tests="13" skipped="0" failures="0" errors="0" timestamp="2020-02-16T22:23:41" hostname="Escoto-PC" time="0.06">
  <properties/>
  <testcase name="testFromJson" classname="org.elasticsearch.index.query.TypeQueryBuilderTests" time="0.011"/>
  <testcase name="testQueryWrappedInArray" classname="org.elasticsearch.index.query.TypeQueryBuilderTests" time="0.002"/>
  <testcase name="testValidOutput" classname="org.elasticsearch.index.query.TypeQueryBuilderTests" time="0.002"/>
  <testcase name="testNegativeBoosts" classname="org.elasticsearch.index.query.TypeQueryBuilderTests" time="0.002"/>
  <testcase name="testUnknownField" classname="org.elasticsearch.index.query.TypeQueryBuilderTests" time="0.001"/>
  <testcase name="testToQuery" classname="org.elasticsearch.index.query.TypeQueryBuilderTests" time="0.021"/>
  <testcase name="testCacheability" classname="org.elasticsearch.index.query.TypeQueryBuilderTests" time="0.005"/>
  <testcase name="testMustRewrite" classname="org.elasticsearch.index.query.TypeQueryBuilderTests" time="0.002"/>
  <testcase name="testIllegalArgument" classname="org.elasticsearch.index.query.TypeQueryBuilderTests" time="0.001"/>
  <testcase name="testEqualsAndHashcode" classname="org.elasticsearch.index.query.TypeQueryBuilderTests" time="0.002"/>
  <testcase name="testUnknownObjectException" classname="org.elasticsearch.index.query.TypeQueryBuilderTests" time="0.002"/>
  <testcase name="testFromXContent" classname="org.elasticsearch.index.query.TypeQueryBuilderTests" time="0.005"/>
  <testcase name="testSerialization" classname="org.elasticsearch.index.query.TypeQueryBuilderTests" time="0.002"/>
  <system-out><![CDATA[[2020-02-17T07:23:41,570][INFO ][o.e.i.q.TypeQueryBuilderTests] [testFromJson] before test
[2020-02-17T07:23:41,571][INFO ][o.e.p.PluginsService     ] [testFromJson] no modules loaded
[2020-02-17T07:23:41,571][INFO ][o.e.p.PluginsService     ] [testFromJson] no plugins loaded
[2020-02-17T07:23:41,577][INFO ][o.e.p.PluginsService     ] [testFromJson] no modules loaded
[2020-02-17T07:23:41,577][INFO ][o.e.p.PluginsService     ] [testFromJson] no plugins loaded
[2020-02-17T07:23:41,580][INFO ][o.e.i.q.TypeQueryBuilderTests] [testFromJson] after test
[2020-02-17T07:23:41,581][INFO ][o.e.i.q.TypeQueryBuilderTests] [testQueryWrappedInArray] before test
[2020-02-17T07:23:41,582][INFO ][o.e.i.q.TypeQueryBuilderTests] [testQueryWrappedInArray] after test
[2020-02-17T07:23:41,583][INFO ][o.e.i.q.TypeQueryBuilderTests] [testValidOutput] before test
[2020-02-17T07:23:41,584][INFO ][o.e.i.q.TypeQueryBuilderTests] [testValidOutput] after test
[2020-02-17T07:23:41,585][INFO ][o.e.i.q.TypeQueryBuilderTests] [testNegativeBoosts] before test
[2020-02-17T07:23:41,585][INFO ][o.e.i.q.TypeQueryBuilderTests] [testNegativeBoosts] after test
[2020-02-17T07:23:41,587][INFO ][o.e.i.q.TypeQueryBuilderTests] [testUnknownField] before test
[2020-02-17T07:23:41,587][INFO ][o.e.i.q.TypeQueryBuilderTests] [testUnknownField] after test
[2020-02-17T07:23:41,588][INFO ][o.e.i.q.TypeQueryBuilderTests] [testToQuery] before test
[2020-02-17T07:23:41,589][WARN ][o.e.d.i.q.TypeQueryBuilder] [testToQuery] [types removal] Type queries are deprecated, prefer to filter on a field instead.
[2020-02-17T07:23:41,607][INFO ][o.e.i.q.TypeQueryBuilderTests] [testToQuery] after test
[2020-02-17T07:23:41,609][INFO ][o.e.i.q.TypeQueryBuilderTests] [testCacheability] before test
[2020-02-17T07:23:41,613][INFO ][o.e.i.q.TypeQueryBuilderTests] [testCacheability] after test
[2020-02-17T07:23:41,615][INFO ][o.e.i.q.TypeQueryBuilderTests] [testMustRewrite] before test
[2020-02-17T07:23:41,615][INFO ][o.e.i.q.TypeQueryBuilderTests] [testMustRewrite] after test
[2020-02-17T07:23:41,616][INFO ][o.e.i.q.TypeQueryBuilderTests] [testIllegalArgument] before test
[2020-02-17T07:23:41,617][INFO ][o.e.i.q.TypeQueryBuilderTests] [testIllegalArgument] after test
[2020-02-17T07:23:41,619][INFO ][o.e.i.q.TypeQueryBuilderTests] [testEqualsAndHashcode] before test
[2020-02-17T07:23:41,619][INFO ][o.e.i.q.TypeQueryBuilderTests] [testEqualsAndHashcode] after test
[2020-02-17T07:23:41,621][INFO ][o.e.i.q.TypeQueryBuilderTests] [testUnknownObjectException] before test
[2020-02-17T07:23:41,622][INFO ][o.e.i.q.TypeQueryBuilderTests] [testUnknownObjectException] after test
[2020-02-17T07:23:41,625][INFO ][o.e.i.q.TypeQueryBuilderTests] [testFromXContent] before test
[2020-02-17T07:23:41,626][INFO ][o.e.i.q.TypeQueryBuilderTests] [testFromXContent] after test
[2020-02-17T07:23:41,629][INFO ][o.e.i.q.TypeQueryBuilderTests] [testSerialization] before test
[2020-02-17T07:23:41,629][INFO ][o.e.i.q.TypeQueryBuilderTests] [testSerialization] after test
]]></system-out>
  <system-err><![CDATA[]]></system-err>
</testsuite>
