<?xml version="1.0" encoding="UTF-8"?>
<testsuite name="org.elasticsearch.persistent.UpdatePersistentTaskRequestTests" tests="2" skipped="0" failures="0" errors="0" timestamp="2020-02-16T22:24:01" hostname="Escoto-PC" time="0.007">
  <properties/>
  <testcase name="testEqualsAndHashcode" classname="org.elasticsearch.persistent.UpdatePersistentTaskRequestTests" time="0.005"/>
  <testcase name="testSerialization" classname="org.elasticsearch.persistent.UpdatePersistentTaskRequestTests" time="0.002"/>
  <system-out><![CDATA[[2020-02-17T02:24:01,768][INFO ][o.e.p.UpdatePersistentTaskRequestTests] [testEqualsAndHashcode] before test
[2020-02-17T02:24:01,769][INFO ][o.e.p.UpdatePersistentTaskRequestTests] [testEqualsAndHashcode] after test
[2020-02-17T02:24:01,771][INFO ][o.e.p.UpdatePersistentTaskRequestTests] [testSerialization] before test
[2020-02-17T02:24:01,771][INFO ][o.e.p.UpdatePersistentTaskRequestTests] [testSerialization] after test
]]></system-out>
  <system-err><![CDATA[]]></system-err>
</testsuite>
