<?xml version="1.0" encoding="UTF-8"?>
<testsuite name="org.elasticsearch.common.settings.MemorySizeSettingsTests" tests="6" skipped="0" failures="0" errors="0" timestamp="2020-02-16T22:21:53" hostname="Escoto-PC" time="0.015">
  <properties/>
  <testcase name="testIndicesRequestCacheSetting" classname="org.elasticsearch.common.settings.MemorySizeSettingsTests" time="0.005"/>
  <testcase name="testPageCacheLimitHeapSetting" classname="org.elasticsearch.common.settings.MemorySizeSettingsTests" time="0.002"/>
  <testcase name="testIndicesFieldDataCacheSetting" classname="org.elasticsearch.common.settings.MemorySizeSettingsTests" time="0.002"/>
  <testcase name="testCircuitBreakerSettings" classname="org.elasticsearch.common.settings.MemorySizeSettingsTests" time="0.002"/>
  <testcase name="testIndexBufferSizeSetting" classname="org.elasticsearch.common.settings.MemorySizeSettingsTests" time="0.002"/>
  <testcase name="testQueryCacheSizeSetting" classname="org.elasticsearch.common.settings.MemorySizeSettingsTests" time="0.002"/>
  <system-out><![CDATA[[2020-02-16T16:21:53,727][INFO ][o.e.c.s.MemorySizeSettingsTests] [testIndicesRequestCacheSetting] before test
[2020-02-16T16:21:53,728][INFO ][o.e.c.s.MemorySizeSettingsTests] [testIndicesRequestCacheSetting] after test
[2020-02-16T16:21:53,730][INFO ][o.e.c.s.MemorySizeSettingsTests] [testPageCacheLimitHeapSetting] before test
[2020-02-16T16:21:53,730][INFO ][o.e.c.s.MemorySizeSettingsTests] [testPageCacheLimitHeapSetting] after test
[2020-02-16T16:21:53,732][INFO ][o.e.c.s.MemorySizeSettingsTests] [testIndicesFieldDataCacheSetting] before test
[2020-02-16T16:21:53,732][INFO ][o.e.c.s.MemorySizeSettingsTests] [testIndicesFieldDataCacheSetting] after test
[2020-02-16T16:21:53,733][INFO ][o.e.c.s.MemorySizeSettingsTests] [testCircuitBreakerSettings] before test
[2020-02-16T16:21:53,734][INFO ][o.e.c.s.MemorySizeSettingsTests] [testCircuitBreakerSettings] after test
[2020-02-16T16:21:53,736][INFO ][o.e.c.s.MemorySizeSettingsTests] [testIndexBufferSizeSetting] before test
[2020-02-16T16:21:53,736][INFO ][o.e.c.s.MemorySizeSettingsTests] [testIndexBufferSizeSetting] after test
[2020-02-16T16:21:53,738][INFO ][o.e.c.s.MemorySizeSettingsTests] [testQueryCacheSizeSetting] before test
[2020-02-16T16:21:53,738][INFO ][o.e.c.s.MemorySizeSettingsTests] [testQueryCacheSizeSetting] after test
]]></system-out>
  <system-err><![CDATA[]]></system-err>
</testsuite>
