<?xml version="1.0" encoding="UTF-8"?>
<testsuite name="org.elasticsearch.script.ScriptTests" tests="3" skipped="0" failures="0" errors="0" timestamp="2020-02-16T22:25:18" hostname="Escoto-PC" time="0.009">
  <properties/>
  <testcase name="testScriptParsing" classname="org.elasticsearch.script.ScriptTests" time="0.005"/>
  <testcase name="testParse" classname="org.elasticsearch.script.ScriptTests" time="0.002"/>
  <testcase name="testScriptSerialization" classname="org.elasticsearch.script.ScriptTests" time="0.002"/>
  <system-out><![CDATA[[2020-02-16T16:25:18,540][INFO ][o.e.s.ScriptTests        ] [testScriptParsing] before test
[2020-02-16T16:25:18,543][INFO ][o.e.s.ScriptTests        ] [testScriptParsing] after test
[2020-02-16T16:25:18,545][INFO ][o.e.s.ScriptTests        ] [testParse] before test
[2020-02-16T16:25:18,545][INFO ][o.e.s.ScriptTests        ] [testParse] after test
[2020-02-16T16:25:18,547][INFO ][o.e.s.ScriptTests        ] [testScriptSerialization] before test
[2020-02-16T16:25:18,547][INFO ][o.e.s.ScriptTests        ] [testScriptSerialization] after test
]]></system-out>
  <system-err><![CDATA[]]></system-err>
</testsuite>
