<?xml version="1.0" encoding="UTF-8"?>
<testsuite name="org.elasticsearch.search.suggest.SuggestionEntryTests" tests="3" skipped="0" failures="0" errors="0" timestamp="2020-02-16T22:24:43" hostname="Escoto-PC" time="0.013">
  <properties/>
  <testcase name="testFromXContentWithRandomFields" classname="org.elasticsearch.search.suggest.SuggestionEntryTests" time="0.006"/>
  <testcase name="testFromXContent" classname="org.elasticsearch.search.suggest.SuggestionEntryTests" time="0.004"/>
  <testcase name="testToXContent" classname="org.elasticsearch.search.suggest.SuggestionEntryTests" time="0.003"/>
  <system-out><![CDATA[[2020-02-17T01:24:43,747][INFO ][o.e.s.s.SuggestionEntryTests] [testFromXContentWithRandomFields] before test
[2020-02-17T01:24:43,751][INFO ][o.e.s.s.SuggestionEntryTests] [testFromXContentWithRandomFields] after test
[2020-02-17T01:24:43,754][INFO ][o.e.s.s.SuggestionEntryTests] [testFromXContent] before test
[2020-02-17T01:24:43,755][INFO ][o.e.s.s.SuggestionEntryTests] [testFromXContent] after test
[2020-02-17T01:24:43,758][INFO ][o.e.s.s.SuggestionEntryTests] [testToXContent] before test
[2020-02-17T01:24:43,758][INFO ][o.e.s.s.SuggestionEntryTests] [testToXContent] after test
]]></system-out>
  <system-err><![CDATA[]]></system-err>
</testsuite>
