<?xml version="1.0" encoding="UTF-8"?>
<testsuite name="org.elasticsearch.common.io.stream.BytesStreamsTests" tests="37" skipped="0" failures="0" errors="0" timestamp="2020-02-16T22:20:45" hostname="Escoto-PC" time="0.291">
  <properties/>
  <testcase name="testReadCorruptedArraySize" classname="org.elasticsearch.common.io.stream.BytesStreamsTests" time="0.003"/>
  <testcase name="testTimeValueSerialize" classname="org.elasticsearch.common.io.stream.BytesStreamsTests" time="0.003"/>
  <testcase name="testOneFullOneShortPage" classname="org.elasticsearch.common.io.stream.BytesStreamsTests" time="0.003"/>
  <testcase name="testNamedWriteableList" classname="org.elasticsearch.common.io.stream.BytesStreamsTests" time="0.003"/>
  <testcase name="testSingleShortPage" classname="org.elasticsearch.common.io.stream.BytesStreamsTests" time="0.002"/>
  <testcase name="testSingleFullPageBulkWriteWithOffsetCrossover" classname="org.elasticsearch.common.io.stream.BytesStreamsTests" time="0.002"/>
  <testcase name="testIllegalBulkWrite" classname="org.elasticsearch.common.io.stream.BytesStreamsTests" time="0.002"/>
  <testcase name="testVInt" classname="org.elasticsearch.common.io.stream.BytesStreamsTests" time="0.002"/>
  <testcase name="testEmpty" classname="org.elasticsearch.common.io.stream.BytesStreamsTests" time="0.002"/>
  <testcase name="testWriteLargeSurrogateOnlyString" classname="org.elasticsearch.common.io.stream.BytesStreamsTests" time="0.004"/>
  <testcase name="testVLong" classname="org.elasticsearch.common.io.stream.BytesStreamsTests" time="0.002"/>
  <testcase name="testWriteMapWithConsistentOrderWithLinkedHashMapShouldThrowAssertError" classname="org.elasticsearch.common.io.stream.BytesStreamsTests" time="0.002"/>
  <testcase name="testWriteMapWithConsistentOrder" classname="org.elasticsearch.common.io.stream.BytesStreamsTests" time="0.007"/>
  <testcase name="testEnum" classname="org.elasticsearch.common.io.stream.BytesStreamsTests" time="0.005"/>
  <testcase name="testSingleFullPageBulkWriteWithOffset" classname="org.elasticsearch.common.io.stream.BytesStreamsTests" time="0.005"/>
  <testcase name="testSimpleStreams" classname="org.elasticsearch.common.io.stream.BytesStreamsTests" time="0.005"/>
  <testcase name="testOptionalWriteableReaderReturnsNull" classname="org.elasticsearch.common.io.stream.BytesStreamsTests" time="0.003"/>
  <testcase name="testNamedWriteableReaderReturnsNull" classname="org.elasticsearch.common.io.stream.BytesStreamsTests" time="0.012"/>
  <testcase name="testReadWriteGeoPoint" classname="org.elasticsearch.common.io.stream.BytesStreamsTests" time="0.002"/>
  <testcase name="testNamedWriteableNotSupportedWithoutWrapping" classname="org.elasticsearch.common.io.stream.BytesStreamsTests" time="0.002"/>
  <testcase name="testInvalidEnum" classname="org.elasticsearch.common.io.stream.BytesStreamsTests" time="0.003"/>
  <testcase name="testTwoFullOneShortPage" classname="org.elasticsearch.common.io.stream.BytesStreamsTests" time="0.002"/>
  <testcase name="testReadTooLargeArraySize" classname="org.elasticsearch.common.io.stream.BytesStreamsTests" time="0.001"/>
  <testcase name="testSingleByte" classname="org.elasticsearch.common.io.stream.BytesStreamsTests" time="0.002"/>
  <testcase name="testWriteMap" classname="org.elasticsearch.common.io.stream.BytesStreamsTests" time="0.003"/>
  <testcase name="testWriteWriteableList" classname="org.elasticsearch.common.io.stream.BytesStreamsTests" time="0.003"/>
  <testcase name="testNamedWriteable" classname="org.elasticsearch.common.io.stream.BytesStreamsTests" time="0.002"/>
  <testcase name="testSeek" classname="org.elasticsearch.common.io.stream.BytesStreamsTests" time="0.002"/>
  <testcase name="testSingleShortPageBulkWrite" classname="org.elasticsearch.common.io.stream.BytesStreamsTests" time="0.002"/>
  <testcase name="testWriteRandomStrings" classname="org.elasticsearch.common.io.stream.BytesStreamsTests" time="0.183"/>
  <testcase name="testWriteableReaderReturnsWrongName" classname="org.elasticsearch.common.io.stream.BytesStreamsTests" time="0.002"/>
  <testcase name="testSingleFullPageBulkWrite" classname="org.elasticsearch.common.io.stream.BytesStreamsTests" time="0.002"/>
  <testcase name="testReadNegativeArraySize" classname="org.elasticsearch.common.io.stream.BytesStreamsTests" time="0.002"/>
  <testcase name="testSkip" classname="org.elasticsearch.common.io.stream.BytesStreamsTests" time="0.001"/>
  <testcase name="testReadMapByUsingWriteMapWithConsistentOrder" classname="org.elasticsearch.common.io.stream.BytesStreamsTests" time="0.001"/>
  <testcase name="testWriteMapOfLists" classname="org.elasticsearch.common.io.stream.BytesStreamsTests" time="0.002"/>
  <testcase name="testSingleFullPage" classname="org.elasticsearch.common.io.stream.BytesStreamsTests" time="0.002"/>
  <system-out><![CDATA[[2020-02-16T15:20:45,712][INFO ][o.e.c.i.s.BytesStreamsTests] [testReadCorruptedArraySize] before test
[2020-02-16T15:20:45,713][INFO ][o.e.c.i.s.BytesStreamsTests] [testReadCorruptedArraySize] after test
[2020-02-16T15:20:45,715][INFO ][o.e.c.i.s.BytesStreamsTests] [testTimeValueSerialize] before test
[2020-02-16T15:20:45,715][INFO ][o.e.c.i.s.BytesStreamsTests] [testTimeValueSerialize] after test
[2020-02-16T15:20:45,718][INFO ][o.e.c.i.s.BytesStreamsTests] [testOneFullOneShortPage] before test
[2020-02-16T15:20:45,719][INFO ][o.e.c.i.s.BytesStreamsTests] [testOneFullOneShortPage] after test
[2020-02-16T15:20:45,722][INFO ][o.e.c.i.s.BytesStreamsTests] [testNamedWriteableList] before test
[2020-02-16T15:20:45,723][INFO ][o.e.c.i.s.BytesStreamsTests] [testNamedWriteableList] after test
[2020-02-16T15:20:45,725][INFO ][o.e.c.i.s.BytesStreamsTests] [testSingleShortPage] before test
[2020-02-16T15:20:45,725][INFO ][o.e.c.i.s.BytesStreamsTests] [testSingleShortPage] after test
[2020-02-16T15:20:45,727][INFO ][o.e.c.i.s.BytesStreamsTests] [testSingleFullPageBulkWriteWithOffsetCrossover] before test
[2020-02-16T15:20:45,727][INFO ][o.e.c.i.s.BytesStreamsTests] [testSingleFullPageBulkWriteWithOffsetCrossover] after test
[2020-02-16T15:20:45,729][INFO ][o.e.c.i.s.BytesStreamsTests] [testIllegalBulkWrite] before test
[2020-02-16T15:20:45,730][INFO ][o.e.c.i.s.BytesStreamsTests] [testIllegalBulkWrite] after test
[2020-02-16T15:20:45,732][INFO ][o.e.c.i.s.BytesStreamsTests] [testVInt] before test
[2020-02-16T15:20:45,732][INFO ][o.e.c.i.s.BytesStreamsTests] [testVInt] after test
[2020-02-16T15:20:45,734][INFO ][o.e.c.i.s.BytesStreamsTests] [testEmpty] before test
[2020-02-16T15:20:45,734][INFO ][o.e.c.i.s.BytesStreamsTests] [testEmpty] after test
[2020-02-16T15:20:45,735][INFO ][o.e.c.i.s.BytesStreamsTests] [testWriteLargeSurrogateOnlyString] before test
[2020-02-16T15:20:45,738][INFO ][o.e.c.i.s.BytesStreamsTests] [testWriteLargeSurrogateOnlyString] after test
[2020-02-16T15:20:45,740][INFO ][o.e.c.i.s.BytesStreamsTests] [testVLong] before test
[2020-02-16T15:20:45,740][INFO ][o.e.c.i.s.BytesStreamsTests] [testVLong] after test
[2020-02-16T15:20:45,742][INFO ][o.e.c.i.s.BytesStreamsTests] [testWriteMapWithConsistentOrderWithLinkedHashMapShouldThrowAssertError] before test
[2020-02-16T15:20:45,742][INFO ][o.e.c.i.s.BytesStreamsTests] [testWriteMapWithConsistentOrderWithLinkedHashMapShouldThrowAssertError] after test
[2020-02-16T15:20:45,745][INFO ][o.e.c.i.s.BytesStreamsTests] [testWriteMapWithConsistentOrder] before test
[2020-02-16T15:20:45,748][INFO ][o.e.c.i.s.BytesStreamsTests] [testWriteMapWithConsistentOrder] after test
[2020-02-16T15:20:45,754][INFO ][o.e.c.i.s.BytesStreamsTests] [testEnum] before test
[2020-02-16T15:20:45,754][INFO ][o.e.c.i.s.BytesStreamsTests] [testEnum] after test
[2020-02-16T15:20:45,759][INFO ][o.e.c.i.s.BytesStreamsTests] [testSingleFullPageBulkWriteWithOffset] before test
[2020-02-16T15:20:45,759][INFO ][o.e.c.i.s.BytesStreamsTests] [testSingleFullPageBulkWriteWithOffset] after test
[2020-02-16T15:20:45,762][INFO ][o.e.c.i.s.BytesStreamsTests] [testSimpleStreams] before test
[2020-02-16T15:20:45,763][INFO ][o.e.c.i.s.BytesStreamsTests] [testSimpleStreams] after test
[2020-02-16T15:20:45,766][INFO ][o.e.c.i.s.BytesStreamsTests] [testOptionalWriteableReaderReturnsNull] before test
[2020-02-16T15:20:45,767][INFO ][o.e.c.i.s.BytesStreamsTests] [testOptionalWriteableReaderReturnsNull] after test
[2020-02-16T15:20:45,777][INFO ][o.e.c.i.s.BytesStreamsTests] [testNamedWriteableReaderReturnsNull] before test
[2020-02-16T15:20:45,779][INFO ][o.e.c.i.s.BytesStreamsTests] [testNamedWriteableReaderReturnsNull] after test
[2020-02-16T15:20:45,781][INFO ][o.e.c.i.s.BytesStreamsTests] [testReadWriteGeoPoint] before test
[2020-02-16T15:20:45,782][INFO ][o.e.c.i.s.BytesStreamsTests] [testReadWriteGeoPoint] after test
[2020-02-16T15:20:45,783][INFO ][o.e.c.i.s.BytesStreamsTests] [testNamedWriteableNotSupportedWithoutWrapping] before test
[2020-02-16T15:20:45,784][INFO ][o.e.c.i.s.BytesStreamsTests] [testNamedWriteableNotSupportedWithoutWrapping] after test
[2020-02-16T15:20:45,786][INFO ][o.e.c.i.s.BytesStreamsTests] [testInvalidEnum] before test
[2020-02-16T15:20:45,786][INFO ][o.e.c.i.s.BytesStreamsTests] [testInvalidEnum] after test
[2020-02-16T15:20:45,788][INFO ][o.e.c.i.s.BytesStreamsTests] [testTwoFullOneShortPage] before test
[2020-02-16T15:20:45,789][INFO ][o.e.c.i.s.BytesStreamsTests] [testTwoFullOneShortPage] after test
[2020-02-16T15:20:45,791][INFO ][o.e.c.i.s.BytesStreamsTests] [testReadTooLargeArraySize] before test
[2020-02-16T15:20:45,791][INFO ][o.e.c.i.s.BytesStreamsTests] [testReadTooLargeArraySize] after test
[2020-02-16T15:20:45,793][INFO ][o.e.c.i.s.BytesStreamsTests] [testSingleByte] before test
[2020-02-16T15:20:45,793][INFO ][o.e.c.i.s.BytesStreamsTests] [testSingleByte] after test
[2020-02-16T15:20:45,795][INFO ][o.e.c.i.s.BytesStreamsTests] [testWriteMap] before test
[2020-02-16T15:20:45,796][INFO ][o.e.c.i.s.BytesStreamsTests] [testWriteMap] after test
[2020-02-16T15:20:45,798][INFO ][o.e.c.i.s.BytesStreamsTests] [testWriteWriteableList] before test
[2020-02-16T15:20:45,799][INFO ][o.e.c.i.s.BytesStreamsTests] [testWriteWriteableList] after test
[2020-02-16T15:20:45,800][INFO ][o.e.c.i.s.BytesStreamsTests] [testNamedWriteable] before test
[2020-02-16T15:20:45,801][INFO ][o.e.c.i.s.BytesStreamsTests] [testNamedWriteable] after test
[2020-02-16T15:20:45,802][INFO ][o.e.c.i.s.BytesStreamsTests] [testSeek] before test
[2020-02-16T15:20:45,803][INFO ][o.e.c.i.s.BytesStreamsTests] [testSeek] after test
[2020-02-16T15:20:45,804][INFO ][o.e.c.i.s.BytesStreamsTests] [testSingleShortPageBulkWrite] before test
[2020-02-16T15:20:45,804][INFO ][o.e.c.i.s.BytesStreamsTests] [testSingleShortPageBulkWrite] after test
[2020-02-16T15:20:45,806][INFO ][o.e.c.i.s.BytesStreamsTests] [testWriteRandomStrings] before test
[2020-02-16T15:20:45,988][INFO ][o.e.c.i.s.BytesStreamsTests] [testWriteRandomStrings] after test
[2020-02-16T15:20:45,990][INFO ][o.e.c.i.s.BytesStreamsTests] [testWriteableReaderReturnsWrongName] before test
[2020-02-16T15:20:45,990][INFO ][o.e.c.i.s.BytesStreamsTests] [testWriteableReaderReturnsWrongName] after test
[2020-02-16T15:20:45,992][INFO ][o.e.c.i.s.BytesStreamsTests] [testSingleFullPageBulkWrite] before test
[2020-02-16T15:20:45,992][INFO ][o.e.c.i.s.BytesStreamsTests] [testSingleFullPageBulkWrite] after test
[2020-02-16T15:20:45,993][INFO ][o.e.c.i.s.BytesStreamsTests] [testReadNegativeArraySize] before test
[2020-02-16T15:20:45,994][INFO ][o.e.c.i.s.BytesStreamsTests] [testReadNegativeArraySize] after test
[2020-02-16T15:20:45,995][INFO ][o.e.c.i.s.BytesStreamsTests] [testSkip] before test
[2020-02-16T15:20:45,995][INFO ][o.e.c.i.s.BytesStreamsTests] [testSkip] after test
[2020-02-16T15:20:45,997][INFO ][o.e.c.i.s.BytesStreamsTests] [testReadMapByUsingWriteMapWithConsistentOrder] before test
[2020-02-16T15:20:45,997][INFO ][o.e.c.i.s.BytesStreamsTests] [testReadMapByUsingWriteMapWithConsistentOrder] after test
[2020-02-16T15:20:45,998][INFO ][o.e.c.i.s.BytesStreamsTests] [testWriteMapOfLists] before test
[2020-02-16T15:20:45,999][INFO ][o.e.c.i.s.BytesStreamsTests] [testWriteMapOfLists] after test
[2020-02-16T15:20:46,000][INFO ][o.e.c.i.s.BytesStreamsTests] [testSingleFullPage] before test
[2020-02-16T15:20:46,001][INFO ][o.e.c.i.s.BytesStreamsTests] [testSingleFullPage] after test
]]></system-out>
  <system-err><![CDATA[]]></system-err>
</testsuite>
