<?xml version="1.0" encoding="UTF-8"?>
<testsuite name="org.elasticsearch.index.shard.SearchOperationListenerTests" tests="1" skipped="0" failures="0" errors="0" timestamp="2020-02-16T22:23:35" hostname="Escoto-PC" time="0.005">
  <properties/>
  <testcase name="testListenersAreExecuted" classname="org.elasticsearch.index.shard.SearchOperationListenerTests" time="0.005"/>
  <system-out><![CDATA[[2020-02-17T08:53:35,565][INFO ][o.e.i.s.SearchOperationListenerTests] [testListenersAreExecuted] before test
[2020-02-17T08:53:35,569][INFO ][o.e.i.s.SearchOperationListenerTests] [testListenersAreExecuted] after test
]]></system-out>
  <system-err><![CDATA[]]></system-err>
</testsuite>
