<?xml version="1.0" encoding="UTF-8"?>
<testsuite name="org.elasticsearch.rest.action.cat.RestNodesActionTests" tests="1" skipped="0" failures="0" errors="0" timestamp="2020-02-16T22:24:04" hostname="Escoto-PC" time="0.006">
  <properties/>
  <testcase name="testBuildTableDoesNotThrowGivenNullNodeInfoAndStats" classname="org.elasticsearch.rest.action.cat.RestNodesActionTests" time="0.006"/>
  <system-out><![CDATA[[2020-02-17T01:24:04,866][INFO ][o.e.r.a.c.RestNodesActionTests] [testBuildTableDoesNotThrowGivenNullNodeInfoAndStats] before test
[2020-02-17T01:24:04,870][INFO ][o.e.r.a.c.RestNodesActionTests] [testBuildTableDoesNotThrowGivenNullNodeInfoAndStats] after test
]]></system-out>
  <system-err><![CDATA[]]></system-err>
</testsuite>
