<?xml version="1.0" encoding="UTF-8"?>
<testsuite name="org.elasticsearch.cluster.routing.allocation.AwarenessAllocationTests" tests="12" skipped="0" failures="0" errors="0" timestamp="2020-02-16T22:20:37" hostname="Escoto-PC" time="0.189">
  <properties/>
  <testcase name="testMoveShardOnceNewNodeWithAttributeAdded6" classname="org.elasticsearch.cluster.routing.allocation.AwarenessAllocationTests" time="0.014"/>
  <testcase name="testMoveShardOnceNewNodeWithAttributeAdded2" classname="org.elasticsearch.cluster.routing.allocation.AwarenessAllocationTests" time="0.008"/>
  <testcase name="testUnbalancedZones" classname="org.elasticsearch.cluster.routing.allocation.AwarenessAllocationTests" time="0.022"/>
  <testcase name="testUnassignedShardsWithUnbalancedZones" classname="org.elasticsearch.cluster.routing.allocation.AwarenessAllocationTests" time="0.012"/>
  <testcase name="testFullAwareness2" classname="org.elasticsearch.cluster.routing.allocation.AwarenessAllocationTests" time="0.02"/>
  <testcase name="testMoveShardOnceNewNodeWithAttributeAdded5" classname="org.elasticsearch.cluster.routing.allocation.AwarenessAllocationTests" time="0.006"/>
  <testcase name="testMoveShardOnceNewNodeWithAttributeAdded1" classname="org.elasticsearch.cluster.routing.allocation.AwarenessAllocationTests" time="0.01"/>
  <testcase name="testMultipleAwarenessAttributes" classname="org.elasticsearch.cluster.routing.allocation.AwarenessAllocationTests" time="0.032"/>
  <testcase name="testFullAwareness3" classname="org.elasticsearch.cluster.routing.allocation.AwarenessAllocationTests" time="0.02"/>
  <testcase name="testMoveShardOnceNewNodeWithAttributeAdded4" classname="org.elasticsearch.cluster.routing.allocation.AwarenessAllocationTests" time="0.028"/>
  <testcase name="testFullAwareness1" classname="org.elasticsearch.cluster.routing.allocation.AwarenessAllocationTests" time="0.005"/>
  <testcase name="testMoveShardOnceNewNodeWithAttributeAdded3" classname="org.elasticsearch.cluster.routing.allocation.AwarenessAllocationTests" time="0.01"/>
  <system-out><![CDATA[[2020-02-16T23:20:37,587][INFO ][o.e.c.r.a.AwarenessAllocationTests] [testMoveShardOnceNewNodeWithAttributeAdded6] before test
[2020-02-16T23:20:37,590][INFO ][o.e.c.r.a.AwarenessAllocationTests] [testMoveShardOnceNewNodeWithAttributeAdded6] Building initial routing table for 'moveShardOnceNewNodeWithAttributeAdded6'
[2020-02-16T23:20:37,592][INFO ][o.e.c.r.a.AwarenessAllocationTests] [testMoveShardOnceNewNodeWithAttributeAdded6] --> adding two nodes on same rack and do rerouting
[2020-02-16T23:20:37,592][INFO ][o.e.c.r.a.AwarenessAllocationTests] [testMoveShardOnceNewNodeWithAttributeAdded6] --> start the shards (primaries)
[2020-02-16T23:20:37,593][INFO ][o.e.c.r.a.AwarenessAllocationTests] [testMoveShardOnceNewNodeWithAttributeAdded6] --> start the shards (replicas)
[2020-02-16T23:20:37,593][INFO ][o.e.c.r.a.AllocationService] [testMoveShardOnceNewNodeWithAttributeAdded6] Cluster health status changed from [YELLOW] to [GREEN] (reason: [shards started [[test][0], [test][0], [test][0]]]).
[2020-02-16T23:20:37,596][INFO ][o.e.c.r.a.AwarenessAllocationTests] [testMoveShardOnceNewNodeWithAttributeAdded6] --> add a new node with a new rack and reroute
[2020-02-16T23:20:37,596][INFO ][o.e.c.r.a.AwarenessAllocationTests] [testMoveShardOnceNewNodeWithAttributeAdded6] --> complete relocation
[2020-02-16T23:20:37,597][INFO ][o.e.c.r.a.AwarenessAllocationTests] [testMoveShardOnceNewNodeWithAttributeAdded6] --> do another reroute, make sure nothing moves
[2020-02-16T23:20:37,597][INFO ][o.e.c.r.a.AwarenessAllocationTests] [testMoveShardOnceNewNodeWithAttributeAdded6] --> add another node with a new rack, we will have another relocation
[2020-02-16T23:20:37,597][INFO ][o.e.c.r.a.AwarenessAllocationTests] [testMoveShardOnceNewNodeWithAttributeAdded6] --> complete relocation
[2020-02-16T23:20:37,597][INFO ][o.e.c.r.a.AwarenessAllocationTests] [testMoveShardOnceNewNodeWithAttributeAdded6] --> make sure another reroute does not move things
[2020-02-16T23:20:37,598][INFO ][o.e.c.r.a.AwarenessAllocationTests] [testMoveShardOnceNewNodeWithAttributeAdded6] after test
[2020-02-16T23:20:37,602][INFO ][o.e.c.r.a.AwarenessAllocationTests] [testMoveShardOnceNewNodeWithAttributeAdded2] before test
[2020-02-16T23:20:37,603][INFO ][o.e.c.r.a.AwarenessAllocationTests] [testMoveShardOnceNewNodeWithAttributeAdded2] Building initial routing table for 'moveShardOnceNewNodeWithAttributeAdded2'
[2020-02-16T23:20:37,603][INFO ][o.e.c.r.a.AwarenessAllocationTests] [testMoveShardOnceNewNodeWithAttributeAdded2] --> adding two nodes on same rack and do rerouting
[2020-02-16T23:20:37,604][INFO ][o.e.c.r.a.AwarenessAllocationTests] [testMoveShardOnceNewNodeWithAttributeAdded2] --> start the shards (primaries)
[2020-02-16T23:20:37,604][INFO ][o.e.c.r.a.AwarenessAllocationTests] [testMoveShardOnceNewNodeWithAttributeAdded2] --> start the shards (replicas)
[2020-02-16T23:20:37,604][INFO ][o.e.c.r.a.AllocationService] [testMoveShardOnceNewNodeWithAttributeAdded2] Cluster health status changed from [YELLOW] to [GREEN] (reason: [shards started [[test][0]]]).
[2020-02-16T23:20:37,605][INFO ][o.e.c.r.a.AwarenessAllocationTests] [testMoveShardOnceNewNodeWithAttributeAdded2] --> add a new node with a new rack and reroute
[2020-02-16T23:20:37,605][INFO ][o.e.c.r.a.AwarenessAllocationTests] [testMoveShardOnceNewNodeWithAttributeAdded2] --> complete relocation
[2020-02-16T23:20:37,605][INFO ][o.e.c.r.a.AwarenessAllocationTests] [testMoveShardOnceNewNodeWithAttributeAdded2] --> do another reroute, make sure nothing moves
[2020-02-16T23:20:37,605][INFO ][o.e.c.r.a.AwarenessAllocationTests] [testMoveShardOnceNewNodeWithAttributeAdded2] --> add another node with a new rack, make sure nothing moves
[2020-02-16T23:20:37,605][INFO ][o.e.c.r.a.AwarenessAllocationTests] [testMoveShardOnceNewNodeWithAttributeAdded2] after test
[2020-02-16T23:20:37,621][INFO ][o.e.c.r.a.AwarenessAllocationTests] [testUnbalancedZones] before test
[2020-02-16T23:20:37,622][INFO ][o.e.c.r.a.AwarenessAllocationTests] [testUnbalancedZones] Building initial routing table for 'testUnbalancedZones'
[2020-02-16T23:20:37,622][INFO ][o.e.c.r.a.AwarenessAllocationTests] [testUnbalancedZones] --> adding two nodes in different zones and do rerouting
[2020-02-16T23:20:37,623][INFO ][o.e.c.r.a.AwarenessAllocationTests] [testUnbalancedZones] --> start the shards (primaries)
[2020-02-16T23:20:37,625][INFO ][o.e.c.r.a.AllocationService] [testUnbalancedZones] Cluster health status changed from [YELLOW] to [GREEN] (reason: [shards started [[test][1], [test][4], [test][3], [test][2], [test][0]]]).
[2020-02-16T23:20:37,625][INFO ][o.e.c.r.a.AwarenessAllocationTests] [testUnbalancedZones] --> all replicas are allocated and started since we have on node in each zone
[2020-02-16T23:20:37,625][INFO ][o.e.c.r.a.AwarenessAllocationTests] [testUnbalancedZones] --> add a new node in zone 'a' and reroute
[2020-02-16T23:20:37,627][INFO ][o.e.c.r.a.AwarenessAllocationTests] [testUnbalancedZones] --> starting initializing shards on the new node
[2020-02-16T23:20:37,627][INFO ][o.e.c.r.a.AwarenessAllocationTests] [testUnbalancedZones] after test
[2020-02-16T23:20:37,630][INFO ][o.e.c.r.a.AwarenessAllocationTests] [testUnassignedShardsWithUnbalancedZones] before test
[2020-02-16T23:20:37,631][INFO ][o.e.c.r.a.AwarenessAllocationTests] [testUnassignedShardsWithUnbalancedZones] Building initial routing table for 'testUnassignedShardsWithUnbalancedZones'
[2020-02-16T23:20:37,632][INFO ][o.e.c.r.a.AwarenessAllocationTests] [testUnassignedShardsWithUnbalancedZones] --> adding 5 nodes in different zones and do rerouting
[2020-02-16T23:20:37,632][INFO ][o.e.c.r.a.AwarenessAllocationTests] [testUnassignedShardsWithUnbalancedZones] --> start the shard (primary)
[2020-02-16T23:20:37,639][INFO ][o.e.c.r.a.AwarenessAllocationTests] [testUnassignedShardsWithUnbalancedZones] after test
[2020-02-16T23:20:37,653][INFO ][o.e.c.r.a.AwarenessAllocationTests] [testFullAwareness2] before test
[2020-02-16T23:20:37,655][INFO ][o.e.c.r.a.AwarenessAllocationTests] [testFullAwareness2] Building initial routing table for 'fullAwareness2'
[2020-02-16T23:20:37,655][INFO ][o.e.c.r.a.AwarenessAllocationTests] [testFullAwareness2] --> adding two nodes on same rack and do rerouting
[2020-02-16T23:20:37,656][INFO ][o.e.c.r.a.AwarenessAllocationTests] [testFullAwareness2] --> start the shards (primaries)
[2020-02-16T23:20:37,658][INFO ][o.e.c.r.a.AwarenessAllocationTests] [testFullAwareness2] --> replica will not start because we have only one rack value
[2020-02-16T23:20:37,659][INFO ][o.e.c.r.a.AwarenessAllocationTests] [testFullAwareness2] --> add a new node with a new rack and reroute
[2020-02-16T23:20:37,659][INFO ][o.e.c.r.a.AwarenessAllocationTests] [testFullAwareness2] --> complete relocation
[2020-02-16T23:20:37,659][INFO ][o.e.c.r.a.AllocationService] [testFullAwareness2] Cluster health status changed from [YELLOW] to [GREEN] (reason: [shards started [[test][0]]]).
[2020-02-16T23:20:37,659][INFO ][o.e.c.r.a.AwarenessAllocationTests] [testFullAwareness2] --> do another reroute, make sure nothing moves
[2020-02-16T23:20:37,659][INFO ][o.e.c.r.a.AwarenessAllocationTests] [testFullAwareness2] --> add another node with a new rack, make sure nothing moves
[2020-02-16T23:20:37,660][INFO ][o.e.c.r.a.AwarenessAllocationTests] [testFullAwareness2] after test
[2020-02-16T23:20:37,662][INFO ][o.e.c.r.a.AwarenessAllocationTests] [testMoveShardOnceNewNodeWithAttributeAdded5] before test
[2020-02-16T23:20:37,663][INFO ][o.e.c.r.a.AwarenessAllocationTests] [testMoveShardOnceNewNodeWithAttributeAdded5] Building initial routing table for 'moveShardOnceNewNodeWithAttributeAdded5'
[2020-02-16T23:20:37,663][INFO ][o.e.c.r.a.AwarenessAllocationTests] [testMoveShardOnceNewNodeWithAttributeAdded5] --> adding two nodes on same rack and do rerouting
[2020-02-16T23:20:37,664][INFO ][o.e.c.r.a.AwarenessAllocationTests] [testMoveShardOnceNewNodeWithAttributeAdded5] --> start the shards (primaries)
[2020-02-16T23:20:37,664][INFO ][o.e.c.r.a.AwarenessAllocationTests] [testMoveShardOnceNewNodeWithAttributeAdded5] --> start the shards (replicas)
[2020-02-16T23:20:37,665][INFO ][o.e.c.r.a.AwarenessAllocationTests] [testMoveShardOnceNewNodeWithAttributeAdded5] --> add a new node with a new rack and reroute
[2020-02-16T23:20:37,665][INFO ][o.e.c.r.a.AwarenessAllocationTests] [testMoveShardOnceNewNodeWithAttributeAdded5] --> complete relocation
[2020-02-16T23:20:37,665][INFO ][o.e.c.r.a.AllocationService] [testMoveShardOnceNewNodeWithAttributeAdded5] Cluster health status changed from [YELLOW] to [GREEN] (reason: [shards started [[test][0]]]).
[2020-02-16T23:20:37,665][INFO ][o.e.c.r.a.AwarenessAllocationTests] [testMoveShardOnceNewNodeWithAttributeAdded5] --> do another reroute, make sure nothing moves
[2020-02-16T23:20:37,665][INFO ][o.e.c.r.a.AwarenessAllocationTests] [testMoveShardOnceNewNodeWithAttributeAdded5] --> add another node with a new rack, we will have another relocation
[2020-02-16T23:20:37,665][INFO ][o.e.c.r.a.AwarenessAllocationTests] [testMoveShardOnceNewNodeWithAttributeAdded5] --> complete relocation
[2020-02-16T23:20:37,666][INFO ][o.e.c.r.a.AwarenessAllocationTests] [testMoveShardOnceNewNodeWithAttributeAdded5] --> make sure another reroute does not move things
[2020-02-16T23:20:37,666][INFO ][o.e.c.r.a.AwarenessAllocationTests] [testMoveShardOnceNewNodeWithAttributeAdded5] after test
[2020-02-16T23:20:37,673][INFO ][o.e.c.r.a.AwarenessAllocationTests] [testMoveShardOnceNewNodeWithAttributeAdded1] before test
[2020-02-16T23:20:37,674][INFO ][o.e.c.r.a.AwarenessAllocationTests] [testMoveShardOnceNewNodeWithAttributeAdded1] Building initial routing table for 'moveShardOnceNewNodeWithAttributeAdded1'
[2020-02-16T23:20:37,675][INFO ][o.e.c.r.a.AwarenessAllocationTests] [testMoveShardOnceNewNodeWithAttributeAdded1] --> adding two nodes on same rack and do rerouting
[2020-02-16T23:20:37,675][INFO ][o.e.c.r.a.AwarenessAllocationTests] [testMoveShardOnceNewNodeWithAttributeAdded1] --> start the shards (primaries)
[2020-02-16T23:20:37,676][INFO ][o.e.c.r.a.AwarenessAllocationTests] [testMoveShardOnceNewNodeWithAttributeAdded1] --> start the shards (replicas)
[2020-02-16T23:20:37,676][INFO ][o.e.c.r.a.AllocationService] [testMoveShardOnceNewNodeWithAttributeAdded1] Cluster health status changed from [YELLOW] to [GREEN] (reason: [shards started [[test][0]]]).
[2020-02-16T23:20:37,676][INFO ][o.e.c.r.a.AwarenessAllocationTests] [testMoveShardOnceNewNodeWithAttributeAdded1] --> add a new node with a new rack and reroute
[2020-02-16T23:20:37,676][INFO ][o.e.c.r.a.AwarenessAllocationTests] [testMoveShardOnceNewNodeWithAttributeAdded1] --> complete relocation
[2020-02-16T23:20:37,676][INFO ][o.e.c.r.a.AwarenessAllocationTests] [testMoveShardOnceNewNodeWithAttributeAdded1] --> do another reroute, make sure nothing moves
[2020-02-16T23:20:37,677][INFO ][o.e.c.r.a.AwarenessAllocationTests] [testMoveShardOnceNewNodeWithAttributeAdded1] --> add another node with a new rack, make sure nothing moves
[2020-02-16T23:20:37,677][INFO ][o.e.c.r.a.AwarenessAllocationTests] [testMoveShardOnceNewNodeWithAttributeAdded1] after test
[2020-02-16T23:20:37,706][INFO ][o.e.c.r.a.AwarenessAllocationTests] [testMultipleAwarenessAttributes] before test
[2020-02-16T23:20:37,707][INFO ][o.e.c.r.a.AwarenessAllocationTests] [testMultipleAwarenessAttributes] Building initial routing table for 'testUnbalancedZones'
[2020-02-16T23:20:37,707][INFO ][o.e.c.r.a.AwarenessAllocationTests] [testMultipleAwarenessAttributes] --> adding two nodes in different zones and do rerouting
[2020-02-16T23:20:37,708][INFO ][o.e.c.r.a.AwarenessAllocationTests] [testMultipleAwarenessAttributes] --> start the shards (primaries)
[2020-02-16T23:20:37,709][INFO ][o.e.c.r.a.AllocationService] [testMultipleAwarenessAttributes] Cluster health status changed from [YELLOW] to [GREEN] (reason: [shards started [[test][0]]]).
[2020-02-16T23:20:37,709][INFO ][o.e.c.r.a.AwarenessAllocationTests] [testMultipleAwarenessAttributes] --> all replicas are allocated and started since we have one node in each zone and rack
[2020-02-16T23:20:37,709][INFO ][o.e.c.r.a.AwarenessAllocationTests] [testMultipleAwarenessAttributes] after test
[2020-02-16T23:20:37,717][INFO ][o.e.c.r.a.AwarenessAllocationTests] [testFullAwareness3] before test
[2020-02-16T23:20:37,719][INFO ][o.e.c.r.a.AwarenessAllocationTests] [testFullAwareness3] Building initial routing table for 'fullAwareness3'
[2020-02-16T23:20:37,719][INFO ][o.e.c.r.a.AwarenessAllocationTests] [testFullAwareness3] --> adding two nodes on same rack and do rerouting
[2020-02-16T23:20:37,720][INFO ][o.e.c.r.a.AwarenessAllocationTests] [testFullAwareness3] --> start the shards (primaries)
[2020-02-16T23:20:37,720][INFO ][o.e.c.r.a.AwarenessAllocationTests] [testFullAwareness3] --> add a new node with a new rack and reroute
[2020-02-16T23:20:37,721][INFO ][o.e.c.r.a.AwarenessAllocationTests] [testFullAwareness3] --> complete initializing
[2020-02-16T23:20:37,721][INFO ][o.e.c.r.a.AllocationService] [testFullAwareness3] Cluster health status changed from [YELLOW] to [GREEN] (reason: [shards started [[test1][1], [test1][3], [test1][4], [test1][2], [test1][0], [test2][1], [test2][4], [test2][3], [test2][2], [test2][0]]]).
[2020-02-16T23:20:37,722][INFO ][o.e.c.r.a.AwarenessAllocationTests] [testFullAwareness3] --> run it again, since we still might have relocation
[2020-02-16T23:20:37,722][INFO ][o.e.c.r.a.AwarenessAllocationTests] [testFullAwareness3] --> do another reroute, make sure nothing moves
[2020-02-16T23:20:37,722][INFO ][o.e.c.r.a.AwarenessAllocationTests] [testFullAwareness3] --> add another node with a new rack, some more relocation should happen
[2020-02-16T23:20:37,728][INFO ][o.e.c.r.a.AwarenessAllocationTests] [testFullAwareness3] --> complete relocation
[2020-02-16T23:20:37,728][INFO ][o.e.c.r.a.AwarenessAllocationTests] [testFullAwareness3] --> do another reroute, make sure nothing moves
[2020-02-16T23:20:37,729][INFO ][o.e.c.r.a.AwarenessAllocationTests] [testFullAwareness3] after test
[2020-02-16T23:20:37,733][INFO ][o.e.c.r.a.AwarenessAllocationTests] [testMoveShardOnceNewNodeWithAttributeAdded4] before test
[2020-02-16T23:20:37,734][INFO ][o.e.c.r.a.AwarenessAllocationTests] [testMoveShardOnceNewNodeWithAttributeAdded4] Building initial routing table for 'moveShardOnceNewNodeWithAttributeAdded4'
[2020-02-16T23:20:37,734][INFO ][o.e.c.r.a.AwarenessAllocationTests] [testMoveShardOnceNewNodeWithAttributeAdded4] --> adding two nodes on same rack and do rerouting
[2020-02-16T23:20:37,738][INFO ][o.e.c.r.a.AwarenessAllocationTests] [testMoveShardOnceNewNodeWithAttributeAdded4] --> start the shards (primaries)
[2020-02-16T23:20:37,739][INFO ][o.e.c.r.a.AwarenessAllocationTests] [testMoveShardOnceNewNodeWithAttributeAdded4] --> start the shards (replicas)
[2020-02-16T23:20:37,739][INFO ][o.e.c.r.a.AllocationService] [testMoveShardOnceNewNodeWithAttributeAdded4] Cluster health status changed from [YELLOW] to [GREEN] (reason: [shards started [[test1][1], [test1][3], [test1][4], [test1][2], [test1][0], [test2][1], [test2][4], [test2][3], [test2][2], [test2][0]]]).
[2020-02-16T23:20:37,739][INFO ][o.e.c.r.a.AwarenessAllocationTests] [testMoveShardOnceNewNodeWithAttributeAdded4] --> add a new node with a new rack and reroute
[2020-02-16T23:20:37,742][INFO ][o.e.c.r.a.AwarenessAllocationTests] [testMoveShardOnceNewNodeWithAttributeAdded4] --> complete initializing
[2020-02-16T23:20:37,742][INFO ][o.e.c.r.a.AwarenessAllocationTests] [testMoveShardOnceNewNodeWithAttributeAdded4] --> complete initializing round: [0]
[2020-02-16T23:20:37,752][INFO ][o.e.c.r.a.AwarenessAllocationTests] [testMoveShardOnceNewNodeWithAttributeAdded4] --> complete initializing round: [1]
[2020-02-16T23:20:37,755][INFO ][o.e.c.r.a.AwarenessAllocationTests] [testMoveShardOnceNewNodeWithAttributeAdded4] --> do another reroute, make sure nothing moves
[2020-02-16T23:20:37,755][INFO ][o.e.c.r.a.AwarenessAllocationTests] [testMoveShardOnceNewNodeWithAttributeAdded4] --> add another node with a new rack, some more relocation should happen
[2020-02-16T23:20:37,756][INFO ][o.e.c.r.a.AwarenessAllocationTests] [testMoveShardOnceNewNodeWithAttributeAdded4] --> complete relocation
[2020-02-16T23:20:37,756][INFO ][o.e.c.r.a.AwarenessAllocationTests] [testMoveShardOnceNewNodeWithAttributeAdded4] --> complete initializing round: [0]
[2020-02-16T23:20:37,757][INFO ][o.e.c.r.a.AwarenessAllocationTests] [testMoveShardOnceNewNodeWithAttributeAdded4] --> complete initializing round: [1]
[2020-02-16T23:20:37,757][INFO ][o.e.c.r.a.AwarenessAllocationTests] [testMoveShardOnceNewNodeWithAttributeAdded4] --> do another reroute, make sure nothing moves
[2020-02-16T23:20:37,757][INFO ][o.e.c.r.a.AwarenessAllocationTests] [testMoveShardOnceNewNodeWithAttributeAdded4] after test
[2020-02-16T23:20:37,760][INFO ][o.e.c.r.a.AwarenessAllocationTests] [testFullAwareness1] before test
[2020-02-16T23:20:37,761][INFO ][o.e.c.r.a.AwarenessAllocationTests] [testFullAwareness1] Building initial routing table for 'fullAwareness1'
[2020-02-16T23:20:37,761][INFO ][o.e.c.r.a.AwarenessAllocationTests] [testFullAwareness1] --> adding two nodes on same rack and do rerouting
[2020-02-16T23:20:37,762][INFO ][o.e.c.r.a.AwarenessAllocationTests] [testFullAwareness1] --> start the shards (primaries)
[2020-02-16T23:20:37,762][INFO ][o.e.c.r.a.AwarenessAllocationTests] [testFullAwareness1] --> replica will not start because we have only one rack value
[2020-02-16T23:20:37,762][INFO ][o.e.c.r.a.AwarenessAllocationTests] [testFullAwareness1] --> add a new node with a new rack and reroute
[2020-02-16T23:20:37,762][INFO ][o.e.c.r.a.AwarenessAllocationTests] [testFullAwareness1] --> complete relocation
[2020-02-16T23:20:37,762][INFO ][o.e.c.r.a.AllocationService] [testFullAwareness1] Cluster health status changed from [YELLOW] to [GREEN] (reason: [shards started [[test][0]]]).
[2020-02-16T23:20:37,762][INFO ][o.e.c.r.a.AwarenessAllocationTests] [testFullAwareness1] --> do another reroute, make sure nothing moves
[2020-02-16T23:20:37,762][INFO ][o.e.c.r.a.AwarenessAllocationTests] [testFullAwareness1] --> add another node with a new rack, make sure nothing moves
[2020-02-16T23:20:37,763][INFO ][o.e.c.r.a.AwarenessAllocationTests] [testFullAwareness1] after test
[2020-02-16T23:20:37,765][INFO ][o.e.c.r.a.AwarenessAllocationTests] [testMoveShardOnceNewNodeWithAttributeAdded3] before test
[2020-02-16T23:20:37,767][INFO ][o.e.c.r.a.AwarenessAllocationTests] [testMoveShardOnceNewNodeWithAttributeAdded3] Building initial routing table for 'moveShardOnceNewNodeWithAttributeAdded3'
[2020-02-16T23:20:37,767][INFO ][o.e.c.r.a.AwarenessAllocationTests] [testMoveShardOnceNewNodeWithAttributeAdded3] --> adding two nodes on same rack and do rerouting
[2020-02-16T23:20:37,768][INFO ][o.e.c.r.a.AwarenessAllocationTests] [testMoveShardOnceNewNodeWithAttributeAdded3] Initializing shards: [[test][4], node[node2], [P], recovery_source[new shard recovery], s[INITIALIZING], a[id=j8zGwQuyQf2UGmr-qIMylQ], unassigned_info[[reason=INDEX_CREATED], at[2020-02-16T22:20:37.767Z], delayed=false, allocation_status[no_attempt]], [test][2], node[node2], [P], recovery_source[new shard recovery], s[INITIALIZING], a[id=oErK8_sBT8KW89ZMR2__EA], unassigned_info[[reason=INDEX_CREATED], at[2020-02-16T22:20:37.767Z], delayed=false, allocation_status[no_attempt]], [test][0], node[node2], [P], recovery_source[new shard recovery], s[INITIALIZING], a[id=BlEuzalXRSGXJ_MXHCfOLQ], unassigned_info[[reason=INDEX_CREATED], at[2020-02-16T22:20:37.767Z], delayed=false, allocation_status[no_attempt]], [test][1], node[node1], [P], recovery_source[new shard recovery], s[INITIALIZING], a[id=GiLwFE6eQXee9St6o9s8TQ], unassigned_info[[reason=INDEX_CREATED], at[2020-02-16T22:20:37.767Z], delayed=false, allocation_status[no_attempt]], [test][3], node[node1], [P], recovery_source[new shard recovery], s[INITIALIZING], a[id=YkMpxZ76T62LLcvmf-wbMQ], unassigned_info[[reason=INDEX_CREATED], at[2020-02-16T22:20:37.767Z], delayed=false, allocation_status[no_attempt]]]
[2020-02-16T23:20:37,768][INFO ][o.e.c.r.a.AwarenessAllocationTests] [testMoveShardOnceNewNodeWithAttributeAdded3] Started shards: []
[2020-02-16T23:20:37,768][INFO ][o.e.c.r.a.AwarenessAllocationTests] [testMoveShardOnceNewNodeWithAttributeAdded3] Relocating shards: []
[2020-02-16T23:20:37,768][INFO ][o.e.c.r.a.AwarenessAllocationTests] [testMoveShardOnceNewNodeWithAttributeAdded3] Unassigned shards: [[test][1], node[null], [R], recovery_source[peer recovery], s[UNASSIGNED], unassigned_info[[reason=INDEX_CREATED], at[2020-02-16T22:20:37.767Z], delayed=false, allocation_status[no_attempt]], [test][4], node[null], [R], recovery_source[peer recovery], s[UNASSIGNED], unassigned_info[[reason=INDEX_CREATED], at[2020-02-16T22:20:37.767Z], delayed=false, allocation_status[no_attempt]], [test][3], node[null], [R], recovery_source[peer recovery], s[UNASSIGNED], unassigned_info[[reason=INDEX_CREATED], at[2020-02-16T22:20:37.767Z], delayed=false, allocation_status[no_attempt]], [test][2], node[null], [R], recovery_source[peer recovery], s[UNASSIGNED], unassigned_info[[reason=INDEX_CREATED], at[2020-02-16T22:20:37.767Z], delayed=false, allocation_status[no_attempt]], [test][0], node[null], [R], recovery_source[peer recovery], s[UNASSIGNED], unassigned_info[[reason=INDEX_CREATED], at[2020-02-16T22:20:37.767Z], delayed=false, allocation_status[no_attempt]]]
[2020-02-16T23:20:37,768][INFO ][o.e.c.r.a.AwarenessAllocationTests] [testMoveShardOnceNewNodeWithAttributeAdded3] --> start the shards (primaries)
[2020-02-16T23:20:37,769][INFO ][o.e.c.r.a.AwarenessAllocationTests] [testMoveShardOnceNewNodeWithAttributeAdded3] --> start the shards (replicas)
[2020-02-16T23:20:37,770][INFO ][o.e.c.r.a.AllocationService] [testMoveShardOnceNewNodeWithAttributeAdded3] Cluster health status changed from [YELLOW] to [GREEN] (reason: [shards started [[test][1], [test][4], [test][3], [test][2], [test][0]]]).
[2020-02-16T23:20:37,770][INFO ][o.e.c.r.a.AwarenessAllocationTests] [testMoveShardOnceNewNodeWithAttributeAdded3] --> add a new node with a new rack and reroute
[2020-02-16T23:20:37,770][INFO ][o.e.c.r.a.AwarenessAllocationTests] [testMoveShardOnceNewNodeWithAttributeAdded3] --> complete initializing
[2020-02-16T23:20:37,771][INFO ][o.e.c.r.a.AwarenessAllocationTests] [testMoveShardOnceNewNodeWithAttributeAdded3] --> run it again, since we still might have relocation
[2020-02-16T23:20:37,771][INFO ][o.e.c.r.a.AwarenessAllocationTests] [testMoveShardOnceNewNodeWithAttributeAdded3] --> do another reroute, make sure nothing moves
[2020-02-16T23:20:37,772][INFO ][o.e.c.r.a.AwarenessAllocationTests] [testMoveShardOnceNewNodeWithAttributeAdded3] --> add another node with a new rack, some more relocation should happen
[2020-02-16T23:20:37,772][INFO ][o.e.c.r.a.AwarenessAllocationTests] [testMoveShardOnceNewNodeWithAttributeAdded3] --> complete relocation
[2020-02-16T23:20:37,772][INFO ][o.e.c.r.a.AwarenessAllocationTests] [testMoveShardOnceNewNodeWithAttributeAdded3] --> do another reroute, make sure nothing moves
[2020-02-16T23:20:37,772][INFO ][o.e.c.r.a.AwarenessAllocationTests] [testMoveShardOnceNewNodeWithAttributeAdded3] after test
]]></system-out>
  <system-err><![CDATA[]]></system-err>
</testsuite>
