<?xml version="1.0" encoding="UTF-8"?>
<testsuite name="org.elasticsearch.common.settings.ListKeyStoreCommandTests" tests="4" skipped="0" failures="0" errors="0" timestamp="2020-02-16T22:20:49" hostname="Escoto-PC" time="0.104">
  <properties/>
  <testcase name="testOne" classname="org.elasticsearch.common.settings.ListKeyStoreCommandTests" time="0.035"/>
  <testcase name="testEmpty" classname="org.elasticsearch.common.settings.ListKeyStoreCommandTests" time="0.028"/>
  <testcase name="testMissing" classname="org.elasticsearch.common.settings.ListKeyStoreCommandTests" time="0.008"/>
  <testcase name="testMultiple" classname="org.elasticsearch.common.settings.ListKeyStoreCommandTests" time="0.029"/>
  <system-out><![CDATA[[2020-02-16T23:20:49,846][INFO ][o.e.c.s.ListKeyStoreCommandTests] [testOne] before test
[2020-02-16T23:20:49,878][INFO ][o.e.c.s.ListKeyStoreCommandTests] [testOne] after test
[2020-02-16T23:20:49,884][INFO ][o.e.c.s.ListKeyStoreCommandTests] [testEmpty] before test
[2020-02-16T23:20:49,910][INFO ][o.e.c.s.ListKeyStoreCommandTests] [testEmpty] after test
[2020-02-16T23:20:49,917][INFO ][o.e.c.s.ListKeyStoreCommandTests] [testMissing] before test
[2020-02-16T23:20:49,918][INFO ][o.e.c.s.ListKeyStoreCommandTests] [testMissing] after test
[2020-02-16T23:20:49,921][INFO ][o.e.c.s.ListKeyStoreCommandTests] [testMultiple] before test
[2020-02-16T23:20:49,947][INFO ][o.e.c.s.ListKeyStoreCommandTests] [testMultiple] after test
]]></system-out>
  <system-err><![CDATA[]]></system-err>
</testsuite>
