<?xml version="1.0" encoding="UTF-8"?>
<testsuite name="org.elasticsearch.index.similarity.LegacySimilarityTests" tests="2" skipped="0" failures="0" errors="0" timestamp="2020-02-16T22:24:35" hostname="Escoto-PC" time="2.022">
  <properties/>
  <testcase name="testResolveDefaultSimilaritiesOn6xIndex" classname="org.elasticsearch.index.similarity.LegacySimilarityTests" time="1.432"/>
  <testcase name="testResolveSimilaritiesFromMappingClassic" classname="org.elasticsearch.index.similarity.LegacySimilarityTests" time="0.59"/>
  <system-out><![CDATA[[2020-02-16T17:24:35,351][INFO ][o.e.e.NodeEnvironment    ] [testResolveDefaultSimilaritiesOn6xIndex] using [1] data paths, mounts [[Old HDD (E:)]], net usable_space [89.5gb], net total_space [232.8gb], types [NTFS]
[2020-02-16T17:24:35,351][INFO ][o.e.e.NodeEnvironment    ] [testResolveDefaultSimilaritiesOn6xIndex] heap size [512mb], compressed ordinary object pointers [true]
[2020-02-16T17:24:35,353][INFO ][o.e.n.Node               ] [testResolveDefaultSimilaritiesOn6xIndex] node name [node_s_0], node ID [Ej90Ca1yRy2jnD6pf7cy1A], cluster name [single-node-cluster-TEST_WORKER_VM=[12]-CLUSTER_SEED=[2445510657513157789]-HASH=[15CA931B7A9]]
[2020-02-16T17:24:35,353][INFO ][o.e.n.Node               ] [testResolveDefaultSimilaritiesOn6xIndex] version[7.5.1], pid[2148], build[unknown/unknown/unknown/unknown], OS[Windows 7/6.1/amd64], JVM[Oracle Corporation/OpenJDK 64-Bit Server VM/12.0.2/12.0.2+10]
[2020-02-16T17:24:35,353][INFO ][o.e.n.Node               ] [testResolveDefaultSimilaritiesOn6xIndex] JVM home [C:\Program Files\Java\jdk-12.0.2]
[2020-02-16T17:24:35,353][INFO ][o.e.n.Node               ] [testResolveDefaultSimilaritiesOn6xIndex] JVM arguments [-Dcompiler.java=12, -Des.scripting.update.ctx_in_params=false, -Des.transport.cname_in_publish_address=true, -Dgradle.dist.lib=C:\Users\Escoto\.gradle\wrapper\dists\gradle-5.6.2-bin\3clyn6icets6f02ptgd5hlmou\gradle-5.6.2\lib, -Dgradle.user.home=C:\Users\Escoto\.gradle, -Dgradle.worker.jar=C:\Users\Escoto\.gradle/caches/5.6.2/workerMain/gradle-worker.jar, -Dio.netty.noKeySetOptimization=true, -Dio.netty.noUnsafe=true, -Dio.netty.recycler.maxCapacityPerThread=0, -Djava.awt.headless=true, -Djna.nosys=true, -Dorg.gradle.native=false, -Druntime.java=12, -Dtests.artifact=server, -Dtests.gradle=true, -Dtests.logger.level=WARN, -Dtests.security.manager=true, -Dtests.seed=9EA1F2A3814E5F76, -Dtests.task=:server:test, -Dtests.timeoutSuite=1800000!, -esa, --illegal-access=warn, -XX:+HeapDumpOnOutOfMemoryError, -XX:HeapDumpPath=E:\NotD\git\elasticsearch\server\build\heapdump, -Xms512m, -Xmx512m, -Dfile.encoding=windows-1252, -Djava.io.tmpdir=./temp, -Duser.country=US, -Duser.language=en, -Duser.variant, -ea]
[2020-02-16T17:24:35,354][INFO ][o.e.p.PluginsService     ] [testResolveDefaultSimilaritiesOn6xIndex] no modules loaded
[2020-02-16T17:24:35,354][INFO ][o.e.p.PluginsService     ] [testResolveDefaultSimilaritiesOn6xIndex] loaded plugin [org.elasticsearch.test.MockHttpTransport$TestPlugin]
[2020-02-16T17:24:35,354][INFO ][o.e.p.PluginsService     ] [testResolveDefaultSimilaritiesOn6xIndex] loaded plugin [org.elasticsearch.transport.nio.MockNioTransportPlugin]
[2020-02-16T17:24:35,571][INFO ][o.e.d.DiscoveryModule    ] [testResolveDefaultSimilaritiesOn6xIndex] using discovery type [zen] and seed hosts providers [settings]
[2020-02-16T17:24:35,580][INFO ][o.e.n.Node               ] [testResolveDefaultSimilaritiesOn6xIndex] initialized
[2020-02-16T17:24:35,580][INFO ][o.e.n.Node               ] [testResolveDefaultSimilaritiesOn6xIndex] starting ...
[2020-02-16T17:24:36,596][INFO ][o.e.t.TransportService   ] [testResolveDefaultSimilaritiesOn6xIndex] publish_address {127.0.0.1:11500}, bound_addresses {127.0.0.1:11500}, {[::1]:11500}
[2020-02-16T17:24:36,603][INFO ][o.e.c.c.Coordinator      ] [testResolveDefaultSimilaritiesOn6xIndex] setting initial configuration to VotingConfiguration{Ej90Ca1yRy2jnD6pf7cy1A}
[2020-02-16T17:24:36,621][INFO ][o.e.c.s.MasterService    ] [node_s_0] elected-as-master ([1] nodes joined)[{node_s_0}{Ej90Ca1yRy2jnD6pf7cy1A}{mKMzlyHfRNSR10gTwkBEzA}{127.0.0.1}{127.0.0.1:11500}{dim} elect leader, _BECOME_MASTER_TASK_, _FINISH_ELECTION_], term: 1, version: 1, delta: master node changed {previous [], current [{node_s_0}{Ej90Ca1yRy2jnD6pf7cy1A}{mKMzlyHfRNSR10gTwkBEzA}{127.0.0.1}{127.0.0.1:11500}{dim}]}
[2020-02-16T17:24:36,631][INFO ][o.e.c.c.CoordinationState] [node_s_0] cluster UUID set to [Nk_GJlBLRzeWF2YKEU2TTg]
[2020-02-16T17:24:36,638][INFO ][o.e.c.s.ClusterApplierService] [node_s_0] master node changed {previous [], current [{node_s_0}{Ej90Ca1yRy2jnD6pf7cy1A}{mKMzlyHfRNSR10gTwkBEzA}{127.0.0.1}{127.0.0.1:11500}{dim}]}, term: 1, version: 1, reason: Publication{term=1, version=1}
[2020-02-16T17:24:36,638][INFO ][o.e.n.Node               ] [testResolveDefaultSimilaritiesOn6xIndex] started
[2020-02-16T17:24:36,644][INFO ][o.e.g.GatewayService     ] [node_s_0] recovered [0] indices into cluster_state
[2020-02-16T17:24:36,647][INFO ][o.e.c.m.MetaDataIndexTemplateService] [node_s_0] adding template [one_shard_index_template] for index patterns [*]
[2020-02-16T17:24:36,657][INFO ][o.e.c.m.MetaDataIndexTemplateService] [node_s_0] adding template [random-soft-deletes-template] for index patterns [*]
[2020-02-16T17:24:36,666][INFO ][o.e.i.s.LegacySimilarityTests] [testResolveDefaultSimilaritiesOn6xIndex] before test
[2020-02-16T17:24:36,668][INFO ][o.e.c.m.MetaDataCreateIndexService] [node_s_0] [foo] creating index, cause [api], templates [random-soft-deletes-template, one_shard_index_template], shards [1]/[0], mappings []
[2020-02-16T17:24:36,723][INFO ][o.e.c.r.a.AllocationService] [node_s_0] Cluster health status changed from [YELLOW] to [GREEN] (reason: [shards started [[foo][0]]]).
[2020-02-16T17:24:36,737][WARN ][o.e.d.i.s.SimilarityService] [testResolveDefaultSimilaritiesOn6xIndex] The [classic] similarity is now deprecated in favour of BM25, which is generally accepted as a better alternative. Use the [BM25] similarity or build a custom [scripted] similarity instead.
[2020-02-16T17:24:36,737][INFO ][o.e.i.s.LegacySimilarityTests] [testResolveDefaultSimilaritiesOn6xIndex] after test
[2020-02-16T17:24:36,738][INFO ][o.e.c.m.MetaDataDeleteIndexService] [node_s_0] [foo/Tl-7dlVLQPS6QSm1RSaHVg] deleting index
[2020-02-16T17:24:36,828][INFO ][o.e.i.s.LegacySimilarityTests] [testResolveSimilaritiesFromMappingClassic] before test
[2020-02-16T17:24:36,835][WARN ][o.e.d.i.s.SimilarityService] [node_s_0] The [classic] similarity is now deprecated in favour of BM25, which is generally accepted as a better alternative. Use the [BM25] similarity or build a custom [scripted] similarity instead.
[2020-02-16T17:24:36,843][INFO ][o.e.c.m.MetaDataCreateIndexService] [node_s_0] [foo] creating index, cause [api], templates [random-soft-deletes-template, one_shard_index_template], shards [1]/[0], mappings [type]
[2020-02-16T17:24:37,143][WARN ][o.e.d.i.s.SimilarityService] [node_s_0] The [classic] similarity is now deprecated in favour of BM25, which is generally accepted as a better alternative. Use the [BM25] similarity or build a custom [scripted] similarity instead.
[2020-02-16T17:24:37,187][INFO ][o.e.c.r.a.AllocationService] [node_s_0] Cluster health status changed from [YELLOW] to [GREEN] (reason: [shards started [[foo][0]]]).
[2020-02-16T17:24:37,316][INFO ][o.e.i.s.LegacySimilarityTests] [testResolveSimilaritiesFromMappingClassic] after test
[2020-02-16T17:24:37,317][INFO ][o.e.c.m.MetaDataDeleteIndexService] [node_s_0] [foo/ErNs_eOFT9quNQD8WMItQw] deleting index
[2020-02-16T17:24:37,360][INFO ][o.e.n.Node               ] [suite] stopping ...
[2020-02-16T17:24:37,387][INFO ][o.e.n.Node               ] [suite] stopped
[2020-02-16T17:24:37,387][INFO ][o.e.n.Node               ] [suite] closing ...
[2020-02-16T17:24:37,403][INFO ][o.e.n.Node               ] [suite] closed
]]></system-out>
  <system-err><![CDATA[]]></system-err>
</testsuite>
