<?xml version="1.0" encoding="UTF-8"?>
<testsuite name="org.elasticsearch.index.mapper.AllFieldMapperTests" tests="2" skipped="0" failures="0" errors="0" timestamp="2020-02-16T22:22:53" hostname="Escoto-PC" time="1.257">
  <properties/>
  <testcase name="testAllDisabled" classname="org.elasticsearch.index.mapper.AllFieldMapperTests" time="1.149"/>
  <testcase name="testUpdateDefaultSearchAnalyzer" classname="org.elasticsearch.index.mapper.AllFieldMapperTests" time="0.108"/>
  <system-out><![CDATA[[2020-02-17T00:22:53,878][INFO ][o.e.e.NodeEnvironment    ] [testAllDisabled] using [1] data paths, mounts [[Old HDD (E:)]], net usable_space [89.5gb], net total_space [232.8gb], types [NTFS]
[2020-02-17T00:22:53,879][INFO ][o.e.e.NodeEnvironment    ] [testAllDisabled] heap size [512mb], compressed ordinary object pointers [true]
[2020-02-17T00:22:53,881][INFO ][o.e.n.Node               ] [testAllDisabled] node name [node_s_0], node ID [SK7Soac-RO6AZ5kcC2qCwA], cluster name [single-node-cluster-TEST_WORKER_VM=[12]-CLUSTER_SEED=[-4058383957168232901]-HASH=[14509074DB8]]
[2020-02-17T00:22:53,881][INFO ][o.e.n.Node               ] [testAllDisabled] version[7.5.1], pid[2148], build[unknown/unknown/unknown/unknown], OS[Windows 7/6.1/amd64], JVM[Oracle Corporation/OpenJDK 64-Bit Server VM/12.0.2/12.0.2+10]
[2020-02-17T00:22:53,881][INFO ][o.e.n.Node               ] [testAllDisabled] JVM home [C:\Program Files\Java\jdk-12.0.2]
[2020-02-17T00:22:53,882][INFO ][o.e.n.Node               ] [testAllDisabled] JVM arguments [-Dcompiler.java=12, -Des.scripting.update.ctx_in_params=false, -Des.transport.cname_in_publish_address=true, -Dgradle.dist.lib=C:\Users\Escoto\.gradle\wrapper\dists\gradle-5.6.2-bin\3clyn6icets6f02ptgd5hlmou\gradle-5.6.2\lib, -Dgradle.user.home=C:\Users\Escoto\.gradle, -Dgradle.worker.jar=C:\Users\Escoto\.gradle/caches/5.6.2/workerMain/gradle-worker.jar, -Dio.netty.noKeySetOptimization=true, -Dio.netty.noUnsafe=true, -Dio.netty.recycler.maxCapacityPerThread=0, -Djava.awt.headless=true, -Djna.nosys=true, -Dorg.gradle.native=false, -Druntime.java=12, -Dtests.artifact=server, -Dtests.gradle=true, -Dtests.logger.level=WARN, -Dtests.security.manager=true, -Dtests.seed=9EA1F2A3814E5F76, -Dtests.task=:server:test, -Dtests.timeoutSuite=1800000!, -esa, --illegal-access=warn, -XX:+HeapDumpOnOutOfMemoryError, -XX:HeapDumpPath=E:\NotD\git\elasticsearch\server\build\heapdump, -Xms512m, -Xmx512m, -Dfile.encoding=windows-1252, -Djava.io.tmpdir=./temp, -Duser.country=US, -Duser.language=en, -Duser.variant, -ea]
[2020-02-17T00:22:53,882][INFO ][o.e.p.PluginsService     ] [testAllDisabled] no modules loaded
[2020-02-17T00:22:53,882][INFO ][o.e.p.PluginsService     ] [testAllDisabled] loaded plugin [org.elasticsearch.test.MockHttpTransport$TestPlugin]
[2020-02-17T00:22:53,882][INFO ][o.e.p.PluginsService     ] [testAllDisabled] loaded plugin [org.elasticsearch.transport.nio.MockNioTransportPlugin]
[2020-02-17T00:22:54,092][INFO ][o.e.d.DiscoveryModule    ] [testAllDisabled] using discovery type [zen] and seed hosts providers [settings]
[2020-02-17T00:22:54,103][INFO ][o.e.n.Node               ] [testAllDisabled] initialized
[2020-02-17T00:22:54,103][INFO ][o.e.n.Node               ] [testAllDisabled] starting ...
[2020-02-17T00:22:54,587][INFO ][o.e.t.TransportService   ] [testAllDisabled] publish_address {127.0.0.1:11500}, bound_addresses {127.0.0.1:11500}, {[::1]:11500}
[2020-02-17T00:22:54,594][INFO ][o.e.c.c.Coordinator      ] [testAllDisabled] setting initial configuration to VotingConfiguration{SK7Soac-RO6AZ5kcC2qCwA}
[2020-02-17T00:22:54,714][INFO ][o.e.c.s.MasterService    ] [node_s_0] elected-as-master ([1] nodes joined)[{node_s_0}{SK7Soac-RO6AZ5kcC2qCwA}{lmoiQSj-Q5CTxRallWoSiw}{127.0.0.1}{127.0.0.1:11500}{dim} elect leader, _BECOME_MASTER_TASK_, _FINISH_ELECTION_], term: 1, version: 1, delta: master node changed {previous [], current [{node_s_0}{SK7Soac-RO6AZ5kcC2qCwA}{lmoiQSj-Q5CTxRallWoSiw}{127.0.0.1}{127.0.0.1:11500}{dim}]}
[2020-02-17T00:22:54,727][INFO ][o.e.c.c.CoordinationState] [node_s_0] cluster UUID set to [MymgIi8ERyK2R4lj__i2HA]
[2020-02-17T00:22:54,746][INFO ][o.e.c.s.ClusterApplierService] [node_s_0] master node changed {previous [], current [{node_s_0}{SK7Soac-RO6AZ5kcC2qCwA}{lmoiQSj-Q5CTxRallWoSiw}{127.0.0.1}{127.0.0.1:11500}{dim}]}, term: 1, version: 1, reason: Publication{term=1, version=1}
[2020-02-17T00:22:54,747][INFO ][o.e.n.Node               ] [testAllDisabled] started
[2020-02-17T00:22:54,767][INFO ][o.e.g.GatewayService     ] [node_s_0] recovered [0] indices into cluster_state
[2020-02-17T00:22:54,768][INFO ][o.e.c.m.MetaDataIndexTemplateService] [node_s_0] adding template [one_shard_index_template] for index patterns [*]
[2020-02-17T00:22:54,779][INFO ][o.e.c.m.MetaDataIndexTemplateService] [node_s_0] adding template [random-soft-deletes-template] for index patterns [*]
[2020-02-17T00:22:54,795][INFO ][o.e.i.m.AllFieldMapperTests] [testAllDisabled] before test
[2020-02-17T00:22:54,796][INFO ][o.e.c.m.MetaDataCreateIndexService] [node_s_0] [test_6x] creating index, cause [api], templates [random-soft-deletes-template, one_shard_index_template], shards [1]/[0], mappings []
[2020-02-17T00:22:54,861][INFO ][o.e.c.r.a.AllocationService] [node_s_0] Cluster health status changed from [YELLOW] to [GREEN] (reason: [shards started [[test_6x][0]]]).
[2020-02-17T00:22:54,883][INFO ][o.e.c.m.MetaDataCreateIndexService] [node_s_0] [test] creating index, cause [api], templates [random-soft-deletes-template, one_shard_index_template], shards [1]/[0], mappings []
[2020-02-17T00:22:54,967][INFO ][o.e.c.r.a.AllocationService] [node_s_0] Cluster health status changed from [YELLOW] to [GREEN] (reason: [shards started [[test][0]]]).
[2020-02-17T00:22:54,980][INFO ][o.e.i.m.AllFieldMapperTests] [testAllDisabled] after test
[2020-02-17T00:22:54,981][INFO ][o.e.c.m.MetaDataDeleteIndexService] [node_s_0] [test_6x/QZvwsBl-TYmfcIt42thfRg] deleting index
[2020-02-17T00:22:54,981][INFO ][o.e.c.m.MetaDataDeleteIndexService] [node_s_0] [test/LoEEhGL9SJmO1JBpPtvOjQ] deleting index
[2020-02-17T00:22:55,020][INFO ][o.e.i.m.AllFieldMapperTests] [testUpdateDefaultSearchAnalyzer] before test
[2020-02-17T00:22:55,022][INFO ][o.e.c.m.MetaDataCreateIndexService] [node_s_0] [test] creating index, cause [api], templates [random-soft-deletes-template, one_shard_index_template], shards [1]/[0], mappings []
[2020-02-17T00:22:55,085][INFO ][o.e.c.r.a.AllocationService] [node_s_0] Cluster health status changed from [YELLOW] to [GREEN] (reason: [shards started [[test][0]]]).
[2020-02-17T00:22:55,103][INFO ][o.e.i.m.AllFieldMapperTests] [testUpdateDefaultSearchAnalyzer] after test
[2020-02-17T00:22:55,103][INFO ][o.e.c.m.MetaDataDeleteIndexService] [node_s_0] [test/PXeHYyzcT9m15LUQauGbqw] deleting index
[2020-02-17T00:22:55,126][INFO ][o.e.n.Node               ] [suite] stopping ...
[2020-02-17T00:22:55,130][INFO ][o.e.n.Node               ] [suite] stopped
[2020-02-17T00:22:55,130][INFO ][o.e.n.Node               ] [suite] closing ...
[2020-02-17T00:22:55,133][INFO ][o.e.n.Node               ] [suite] closed
]]></system-out>
  <system-err><![CDATA[]]></system-err>
</testsuite>
