<?xml version="1.0" encoding="UTF-8"?>
<testsuite name="org.elasticsearch.common.xcontent.support.filtering.SmileFilteringGeneratorTests" tests="36" skipped="0" failures="0" errors="0" timestamp="2020-02-16T22:22:03" hostname="Escoto-PC" time="0.122">
  <properties/>
  <testcase name="testEmptyObject" classname="org.elasticsearch.common.xcontent.support.filtering.SmileFilteringGeneratorTests" time="0.003"/>
  <testcase name="testSimpleArrayOfObjectsPropertyInclusive" classname="org.elasticsearch.common.xcontent.support.filtering.SmileFilteringGeneratorTests" time="0.002"/>
  <testcase name="testRecurseField1Inclusive" classname="org.elasticsearch.common.xcontent.support.filtering.SmileFilteringGeneratorTests" time="0.002"/>
  <testcase name="testSingleFieldWithBothExcludesIncludes" classname="org.elasticsearch.common.xcontent.support.filtering.SmileFilteringGeneratorTests" time="0.002"/>
  <testcase name="testRecurseField2Inclusive" classname="org.elasticsearch.common.xcontent.support.filtering.SmileFilteringGeneratorTests" time="0.005"/>
  <testcase name="testNoFiltering" classname="org.elasticsearch.common.xcontent.support.filtering.SmileFilteringGeneratorTests" time="0.002"/>
  <testcase name="testSimpleFieldWithWildcardInclusive" classname="org.elasticsearch.common.xcontent.support.filtering.SmileFilteringGeneratorTests" time="0.003"/>
  <testcase name="testRecurseField4Exclusive" classname="org.elasticsearch.common.xcontent.support.filtering.SmileFilteringGeneratorTests" time="0.012"/>
  <testcase name="testArrays" classname="org.elasticsearch.common.xcontent.support.filtering.SmileFilteringGeneratorTests" time="0.003"/>
  <testcase name="testRecurseField2Exclusive" classname="org.elasticsearch.common.xcontent.support.filtering.SmileFilteringGeneratorTests" time="0.004"/>
  <testcase name="testMultipleFieldsInclusive" classname="org.elasticsearch.common.xcontent.support.filtering.SmileFilteringGeneratorTests" time="0.003"/>
  <testcase name="testWithLfAtEnd" classname="org.elasticsearch.common.xcontent.support.filtering.SmileFilteringGeneratorTests" time="0.002"/>
  <testcase name="testSimpleFieldInclusive" classname="org.elasticsearch.common.xcontent.support.filtering.SmileFilteringGeneratorTests" time="0.003"/>
  <testcase name="testObjectsInArrayWithBothExcludesIncludes" classname="org.elasticsearch.common.xcontent.support.filtering.SmileFilteringGeneratorTests" time="0.002"/>
  <testcase name="testSimpleFieldWithWildcardExclusive" classname="org.elasticsearch.common.xcontent.support.filtering.SmileFilteringGeneratorTests" time="0.002"/>
  <testcase name="testRecurseField1Exclusive" classname="org.elasticsearch.common.xcontent.support.filtering.SmileFilteringGeneratorTests" time="0.002"/>
  <testcase name="testNoMatch" classname="org.elasticsearch.common.xcontent.support.filtering.SmileFilteringGeneratorTests" time="0.002"/>
  <testcase name="testSimpleArrayOfObjectsPropertyExclusive" classname="org.elasticsearch.common.xcontent.support.filtering.SmileFilteringGeneratorTests" time="0.002"/>
  <testcase name="testSimpleArrayExclusive" classname="org.elasticsearch.common.xcontent.support.filtering.SmileFilteringGeneratorTests" time="0.005"/>
  <testcase name="testRecurseField4Inclusive" classname="org.elasticsearch.common.xcontent.support.filtering.SmileFilteringGeneratorTests" time="0.002"/>
  <testcase name="testMultipleFieldsExclusive" classname="org.elasticsearch.common.xcontent.support.filtering.SmileFilteringGeneratorTests" time="0.002"/>
  <testcase name="testRecurseField3Inclusive" classname="org.elasticsearch.common.xcontent.support.filtering.SmileFilteringGeneratorTests" time="0.001"/>
  <testcase name="testRecursiveObjectsInArrayWithBothExcludesIncludes" classname="org.elasticsearch.common.xcontent.support.filtering.SmileFilteringGeneratorTests" time="0.002"/>
  <testcase name="testSimpleArrayOfObjectsExclusive" classname="org.elasticsearch.common.xcontent.support.filtering.SmileFilteringGeneratorTests" time="0.002"/>
  <testcase name="testSingleFieldObject" classname="org.elasticsearch.common.xcontent.support.filtering.SmileFilteringGeneratorTests" time="0.002"/>
  <testcase name="testRecurseField3Exclusive" classname="org.elasticsearch.common.xcontent.support.filtering.SmileFilteringGeneratorTests" time="0.002"/>
  <testcase name="testRecursiveObjectsPropertiesWithBothExcludesIncludes" classname="org.elasticsearch.common.xcontent.support.filtering.SmileFilteringGeneratorTests" time="0.002"/>
  <testcase name="testSimpleFieldExclusive" classname="org.elasticsearch.common.xcontent.support.filtering.SmileFilteringGeneratorTests" time="0.001"/>
  <testcase name="testBasics" classname="org.elasticsearch.common.xcontent.support.filtering.SmileFilteringGeneratorTests" time="0.002"/>
  <testcase name="testFilterPrefix" classname="org.elasticsearch.common.xcontent.support.filtering.SmileFilteringGeneratorTests" time="0.002"/>
  <testcase name="testRecursiveSameObjectWithBothExcludesIncludes" classname="org.elasticsearch.common.xcontent.support.filtering.SmileFilteringGeneratorTests" time="0.002"/>
  <testcase name="testSimpleArrayInclusive" classname="org.elasticsearch.common.xcontent.support.filtering.SmileFilteringGeneratorTests" time="0.002"/>
  <testcase name="testSimpleArrayOfObjectsInclusive" classname="org.elasticsearch.common.xcontent.support.filtering.SmileFilteringGeneratorTests" time="0.002"/>
  <testcase name="testFilterSharedPrefixes" classname="org.elasticsearch.common.xcontent.support.filtering.SmileFilteringGeneratorTests" time="0.003"/>
  <testcase name="testRawField" classname="org.elasticsearch.common.xcontent.support.filtering.SmileFilteringGeneratorTests" time="0.002"/>
  <testcase name="testFilterSupplementaryCharactersInPaths" classname="org.elasticsearch.common.xcontent.support.filtering.SmileFilteringGeneratorTests" time="0.003"/>
  <system-out><![CDATA[[2020-02-16T17:22:03,794][INFO ][o.e.c.x.s.f.SmileFilteringGeneratorTests] [testEmptyObject] before test
[2020-02-16T17:22:03,795][INFO ][o.e.c.x.s.f.SmileFilteringGeneratorTests] [testEmptyObject] after test
[2020-02-16T17:22:03,797][INFO ][o.e.c.x.s.f.SmileFilteringGeneratorTests] [testSimpleArrayOfObjectsPropertyInclusive] before test
[2020-02-16T17:22:03,797][INFO ][o.e.c.x.s.f.SmileFilteringGeneratorTests] [testSimpleArrayOfObjectsPropertyInclusive] after test
[2020-02-16T17:22:03,799][INFO ][o.e.c.x.s.f.SmileFilteringGeneratorTests] [testRecurseField1Inclusive] before test
[2020-02-16T17:22:03,800][INFO ][o.e.c.x.s.f.SmileFilteringGeneratorTests] [testRecurseField1Inclusive] after test
[2020-02-16T17:22:03,801][INFO ][o.e.c.x.s.f.SmileFilteringGeneratorTests] [testSingleFieldWithBothExcludesIncludes] before test
[2020-02-16T17:22:03,802][INFO ][o.e.c.x.s.f.SmileFilteringGeneratorTests] [testSingleFieldWithBothExcludesIncludes] after test
[2020-02-16T17:22:03,807][INFO ][o.e.c.x.s.f.SmileFilteringGeneratorTests] [testRecurseField2Inclusive] before test
[2020-02-16T17:22:03,807][INFO ][o.e.c.x.s.f.SmileFilteringGeneratorTests] [testRecurseField2Inclusive] after test
[2020-02-16T17:22:03,809][INFO ][o.e.c.x.s.f.SmileFilteringGeneratorTests] [testNoFiltering] before test
[2020-02-16T17:22:03,810][INFO ][o.e.c.x.s.f.SmileFilteringGeneratorTests] [testNoFiltering] after test
[2020-02-16T17:22:03,812][INFO ][o.e.c.x.s.f.SmileFilteringGeneratorTests] [testSimpleFieldWithWildcardInclusive] before test
[2020-02-16T17:22:03,812][INFO ][o.e.c.x.s.f.SmileFilteringGeneratorTests] [testSimpleFieldWithWildcardInclusive] after test
[2020-02-16T17:22:03,819][INFO ][o.e.c.x.s.f.SmileFilteringGeneratorTests] [testRecurseField4Exclusive] before test
[2020-02-16T17:22:03,825][INFO ][o.e.c.x.s.f.SmileFilteringGeneratorTests] [testRecurseField4Exclusive] after test
[2020-02-16T17:22:03,827][INFO ][o.e.c.x.s.f.SmileFilteringGeneratorTests] [testArrays] before test
[2020-02-16T17:22:03,828][INFO ][o.e.c.x.s.f.SmileFilteringGeneratorTests] [testArrays] after test
[2020-02-16T17:22:03,830][INFO ][o.e.c.x.s.f.SmileFilteringGeneratorTests] [testRecurseField2Exclusive] before test
[2020-02-16T17:22:03,832][INFO ][o.e.c.x.s.f.SmileFilteringGeneratorTests] [testRecurseField2Exclusive] after test
[2020-02-16T17:22:03,834][INFO ][o.e.c.x.s.f.SmileFilteringGeneratorTests] [testMultipleFieldsInclusive] before test
[2020-02-16T17:22:03,835][INFO ][o.e.c.x.s.f.SmileFilteringGeneratorTests] [testMultipleFieldsInclusive] after test
[2020-02-16T17:22:03,837][INFO ][o.e.c.x.s.f.SmileFilteringGeneratorTests] [testWithLfAtEnd] before test
[2020-02-16T17:22:03,838][INFO ][o.e.c.x.s.f.SmileFilteringGeneratorTests] [testWithLfAtEnd] after test
[2020-02-16T17:22:03,841][INFO ][o.e.c.x.s.f.SmileFilteringGeneratorTests] [testSimpleFieldInclusive] before test
[2020-02-16T17:22:03,841][INFO ][o.e.c.x.s.f.SmileFilteringGeneratorTests] [testSimpleFieldInclusive] after test
[2020-02-16T17:22:03,842][INFO ][o.e.c.x.s.f.SmileFilteringGeneratorTests] [testObjectsInArrayWithBothExcludesIncludes] before test
[2020-02-16T17:22:03,843][INFO ][o.e.c.x.s.f.SmileFilteringGeneratorTests] [testObjectsInArrayWithBothExcludesIncludes] after test
[2020-02-16T17:22:03,844][INFO ][o.e.c.x.s.f.SmileFilteringGeneratorTests] [testSimpleFieldWithWildcardExclusive] before test
[2020-02-16T17:22:03,844][INFO ][o.e.c.x.s.f.SmileFilteringGeneratorTests] [testSimpleFieldWithWildcardExclusive] after test
[2020-02-16T17:22:03,846][INFO ][o.e.c.x.s.f.SmileFilteringGeneratorTests] [testRecurseField1Exclusive] before test
[2020-02-16T17:22:03,847][INFO ][o.e.c.x.s.f.SmileFilteringGeneratorTests] [testRecurseField1Exclusive] after test
[2020-02-16T17:22:03,848][INFO ][o.e.c.x.s.f.SmileFilteringGeneratorTests] [testNoMatch] before test
[2020-02-16T17:22:03,848][INFO ][o.e.c.x.s.f.SmileFilteringGeneratorTests] [testNoMatch] after test
[2020-02-16T17:22:03,851][INFO ][o.e.c.x.s.f.SmileFilteringGeneratorTests] [testSimpleArrayOfObjectsPropertyExclusive] before test
[2020-02-16T17:22:03,851][INFO ][o.e.c.x.s.f.SmileFilteringGeneratorTests] [testSimpleArrayOfObjectsPropertyExclusive] after test
[2020-02-16T17:22:03,853][INFO ][o.e.c.x.s.f.SmileFilteringGeneratorTests] [testSimpleArrayExclusive] before test
[2020-02-16T17:22:03,857][INFO ][o.e.c.x.s.f.SmileFilteringGeneratorTests] [testSimpleArrayExclusive] after test
[2020-02-16T17:22:03,859][INFO ][o.e.c.x.s.f.SmileFilteringGeneratorTests] [testRecurseField4Inclusive] before test
[2020-02-16T17:22:03,860][INFO ][o.e.c.x.s.f.SmileFilteringGeneratorTests] [testRecurseField4Inclusive] after test
[2020-02-16T17:22:03,862][INFO ][o.e.c.x.s.f.SmileFilteringGeneratorTests] [testMultipleFieldsExclusive] before test
[2020-02-16T17:22:03,862][INFO ][o.e.c.x.s.f.SmileFilteringGeneratorTests] [testMultipleFieldsExclusive] after test
[2020-02-16T17:22:03,864][INFO ][o.e.c.x.s.f.SmileFilteringGeneratorTests] [testRecurseField3Inclusive] before test
[2020-02-16T17:22:03,864][INFO ][o.e.c.x.s.f.SmileFilteringGeneratorTests] [testRecurseField3Inclusive] after test
[2020-02-16T17:22:03,866][INFO ][o.e.c.x.s.f.SmileFilteringGeneratorTests] [testRecursiveObjectsInArrayWithBothExcludesIncludes] before test
[2020-02-16T17:22:03,866][INFO ][o.e.c.x.s.f.SmileFilteringGeneratorTests] [testRecursiveObjectsInArrayWithBothExcludesIncludes] after test
[2020-02-16T17:22:03,868][INFO ][o.e.c.x.s.f.SmileFilteringGeneratorTests] [testSimpleArrayOfObjectsExclusive] before test
[2020-02-16T17:22:03,868][INFO ][o.e.c.x.s.f.SmileFilteringGeneratorTests] [testSimpleArrayOfObjectsExclusive] after test
[2020-02-16T17:22:03,870][INFO ][o.e.c.x.s.f.SmileFilteringGeneratorTests] [testSingleFieldObject] before test
[2020-02-16T17:22:03,870][INFO ][o.e.c.x.s.f.SmileFilteringGeneratorTests] [testSingleFieldObject] after test
[2020-02-16T17:22:03,872][INFO ][o.e.c.x.s.f.SmileFilteringGeneratorTests] [testRecurseField3Exclusive] before test
[2020-02-16T17:22:03,872][INFO ][o.e.c.x.s.f.SmileFilteringGeneratorTests] [testRecurseField3Exclusive] after test
[2020-02-16T17:22:03,874][INFO ][o.e.c.x.s.f.SmileFilteringGeneratorTests] [testRecursiveObjectsPropertiesWithBothExcludesIncludes] before test
[2020-02-16T17:22:03,874][INFO ][o.e.c.x.s.f.SmileFilteringGeneratorTests] [testRecursiveObjectsPropertiesWithBothExcludesIncludes] after test
[2020-02-16T17:22:03,876][INFO ][o.e.c.x.s.f.SmileFilteringGeneratorTests] [testSimpleFieldExclusive] before test
[2020-02-16T17:22:03,876][INFO ][o.e.c.x.s.f.SmileFilteringGeneratorTests] [testSimpleFieldExclusive] after test
[2020-02-16T17:22:03,878][INFO ][o.e.c.x.s.f.SmileFilteringGeneratorTests] [testBasics] before test
[2020-02-16T17:22:03,879][INFO ][o.e.c.x.s.f.SmileFilteringGeneratorTests] [testBasics] after test
[2020-02-16T17:22:03,880][INFO ][o.e.c.x.s.f.SmileFilteringGeneratorTests] [testFilterPrefix] before test
[2020-02-16T17:22:03,881][INFO ][o.e.c.x.s.f.SmileFilteringGeneratorTests] [testFilterPrefix] after test
[2020-02-16T17:22:03,882][INFO ][o.e.c.x.s.f.SmileFilteringGeneratorTests] [testRecursiveSameObjectWithBothExcludesIncludes] before test
[2020-02-16T17:22:03,882][INFO ][o.e.c.x.s.f.SmileFilteringGeneratorTests] [testRecursiveSameObjectWithBothExcludesIncludes] after test
[2020-02-16T17:22:03,884][INFO ][o.e.c.x.s.f.SmileFilteringGeneratorTests] [testSimpleArrayInclusive] before test
[2020-02-16T17:22:03,884][INFO ][o.e.c.x.s.f.SmileFilteringGeneratorTests] [testSimpleArrayInclusive] after test
[2020-02-16T17:22:03,886][INFO ][o.e.c.x.s.f.SmileFilteringGeneratorTests] [testSimpleArrayOfObjectsInclusive] before test
[2020-02-16T17:22:03,887][INFO ][o.e.c.x.s.f.SmileFilteringGeneratorTests] [testSimpleArrayOfObjectsInclusive] after test
[2020-02-16T17:22:03,889][INFO ][o.e.c.x.s.f.SmileFilteringGeneratorTests] [testFilterSharedPrefixes] before test
[2020-02-16T17:22:03,890][INFO ][o.e.c.x.s.f.SmileFilteringGeneratorTests] [testFilterSharedPrefixes] after test
[2020-02-16T17:22:03,892][INFO ][o.e.c.x.s.f.SmileFilteringGeneratorTests] [testRawField] before test
[2020-02-16T17:22:03,892][INFO ][o.e.c.x.s.f.SmileFilteringGeneratorTests] [testRawField] after test
[2020-02-16T17:22:03,913][INFO ][o.e.c.x.s.f.SmileFilteringGeneratorTests] [testFilterSupplementaryCharactersInPaths] before test
[2020-02-16T17:22:03,914][INFO ][o.e.c.x.s.f.SmileFilteringGeneratorTests] [testFilterSupplementaryCharactersInPaths] after test
]]></system-out>
  <system-err><![CDATA[]]></system-err>
</testsuite>
