<?xml version="1.0" encoding="UTF-8"?>
<testsuite name="org.elasticsearch.action.index.IndexRequestBuilderTests" tests="1" skipped="0" failures="0" errors="0" timestamp="2020-02-16T22:20:36" hostname="Escoto-PC" time="0.01">
  <properties/>
  <testcase name="testSetSource" classname="org.elasticsearch.action.index.IndexRequestBuilderTests" time="0.01"/>
  <system-out><![CDATA[[2020-02-16T23:20:36,852][INFO ][o.e.a.i.IndexRequestBuilderTests] [testSetSource] before test
[2020-02-16T23:20:36,859][INFO ][o.e.a.i.IndexRequestBuilderTests] [testSetSource] after test
]]></system-out>
  <system-err><![CDATA[]]></system-err>
</testsuite>
