<?xml version="1.0" encoding="UTF-8"?>
<testsuite name="org.elasticsearch.index.shard.RemoveCorruptedShardDataCommandTests" tests="8" skipped="0" failures="0" errors="0" timestamp="2020-02-16T22:24:26" hostname="Escoto-PC" time="8.138">
  <properties/>
  <testcase name="testTruncatesCleanTranslogIfRequested" classname="org.elasticsearch.index.shard.RemoveCorruptedShardDataCommandTests" time="0.99"/>
  <testcase name="testCleanWithCorruptionMarker" classname="org.elasticsearch.index.shard.RemoveCorruptedShardDataCommandTests" time="1.384"/>
  <testcase name="testShardLock" classname="org.elasticsearch.index.shard.RemoveCorruptedShardDataCommandTests" time="1.221"/>
  <testcase name="testCorruptedTranslog" classname="org.elasticsearch.index.shard.RemoveCorruptedShardDataCommandTests" time="1.345"/>
  <testcase name="testCorruptedBothIndexAndTranslog" classname="org.elasticsearch.index.shard.RemoveCorruptedShardDataCommandTests" time="1.559"/>
  <testcase name="testCorruptedIndex" classname="org.elasticsearch.index.shard.RemoveCorruptedShardDataCommandTests" time="0.841"/>
  <testcase name="testFailsOnCleanIndex" classname="org.elasticsearch.index.shard.RemoveCorruptedShardDataCommandTests" time="0.635"/>
  <testcase name="testResolveIndexDirectory" classname="org.elasticsearch.index.shard.RemoveCorruptedShardDataCommandTests" time="0.161"/>
  <system-out><![CDATA[[2020-02-16T15:24:26,299][INFO ][o.e.i.s.RemoveCorruptedShardDataCommandTests] [testTruncatesCleanTranslogIfRequested] before test
[2020-02-16T15:24:26,303][WARN ][o.e.i.IndexSettings      ] [testTruncatesCleanTranslogIfRequested] [index0] [index.merge.enabled] is set to false, this should only be used in tests and can cause serious problems in production environments
[2020-02-16T15:24:26,313][WARN ][o.e.i.IndexSettings      ] [testTruncatesCleanTranslogIfRequested] [index] [index.merge.enabled] is set to false, this should only be used in tests and can cause serious problems in production environments
[2020-02-16T15:24:27,077][INFO ][o.e.i.s.RemoveCorruptedShardDataCommandTests] [testTruncatesCleanTranslogIfRequested] --> indexed 494 docs, 494 to keep
[2020-02-16T15:24:27,082][INFO ][o.e.e.NodeEnvironment    ] [testTruncatesCleanTranslogIfRequested] using [1] data paths, mounts [[Old HDD (E:)]], net usable_space [89.5gb], net total_space [232.8gb], types [NTFS]
[2020-02-16T15:24:27,082][INFO ][o.e.e.NodeEnvironment    ] [testTruncatesCleanTranslogIfRequested] heap size [512mb], compressed ordinary object pointers [true]
[2020-02-16T15:24:27,091][INFO ][o.e.i.s.RemoveCorruptedShardDataCommandTests] [testTruncatesCleanTranslogIfRequested] --> index metadata persisted to [E:\NotD\git\elasticsearch\server\build\testrun\test\temp\org.elasticsearch.index.shard.RemoveCorruptedShardDataCommandTests_9EA1F2A3814E5F76-001\tempDir-002\nodes\0\indices\_na_] 
[2020-02-16T15:24:27,173][WARN ][o.e.i.IndexSettings      ] [testTruncatesCleanTranslogIfRequested] [index0] [index.merge.enabled] is set to false, this should only be used in tests and can cause serious problems in production environments
[2020-02-16T15:24:27,273][INFO ][o.e.i.s.RemoveCorruptedShardDataCommandTests] [testTruncatesCleanTranslogIfRequested] after test
[2020-02-16T15:24:27,346][INFO ][o.e.i.s.RemoveCorruptedShardDataCommandTests] [testCleanWithCorruptionMarker] before test
[2020-02-16T15:24:27,350][WARN ][o.e.i.IndexSettings      ] [testCleanWithCorruptionMarker] [index0] [index.merge.enabled] is set to false, this should only be used in tests and can cause serious problems in production environments
[2020-02-16T15:24:27,355][WARN ][o.e.i.IndexSettings      ] [testCleanWithCorruptionMarker] [index] [index.merge.enabled] is set to false, this should only be used in tests and can cause serious problems in production environments
[2020-02-16T15:24:28,089][INFO ][o.e.i.s.RemoveCorruptedShardDataCommandTests] [testCleanWithCorruptionMarker] --> indexed 425 docs, 425 to keep
[2020-02-16T15:24:28,098][INFO ][o.e.e.NodeEnvironment    ] [testCleanWithCorruptionMarker] using [1] data paths, mounts [[Old HDD (E:)]], net usable_space [89.5gb], net total_space [232.8gb], types [NTFS]
[2020-02-16T15:24:28,099][INFO ][o.e.e.NodeEnvironment    ] [testCleanWithCorruptionMarker] heap size [512mb], compressed ordinary object pointers [true]
[2020-02-16T15:24:28,109][INFO ][o.e.i.s.RemoveCorruptedShardDataCommandTests] [testCleanWithCorruptionMarker] --> index metadata persisted to [E:\NotD\git\elasticsearch\server\build\testrun\test\temp\org.elasticsearch.index.shard.RemoveCorruptedShardDataCommandTests_9EA1F2A3814E5F76-001\tempDir-004\nodes\0\indices\_na_] 
[2020-02-16T15:24:28,175][WARN ][o.e.i.IndexSettings      ] [testCleanWithCorruptionMarker] [index0] [index.merge.enabled] is set to false, this should only be used in tests and can cause serious problems in production environments
[2020-02-16T15:24:28,178][WARN ][o.e.i.IndexSettings      ] [testCleanWithCorruptionMarker] [index] [index.merge.enabled] is set to false, this should only be used in tests and can cause serious problems in production environments
[2020-02-16T15:24:28,197][WARN ][o.e.i.IndexSettings      ] [testCleanWithCorruptionMarker] [index0] [index.merge.enabled] is set to false, this should only be used in tests and can cause serious problems in production environments
[2020-02-16T15:24:28,236][WARN ][o.e.i.IndexSettings      ] [testCleanWithCorruptionMarker] [index0] [index.merge.enabled] is set to false, this should only be used in tests and can cause serious problems in production environments
[2020-02-16T15:24:28,246][INFO ][o.e.i.s.RemoveCorruptedShardDataCommandTests] [testCleanWithCorruptionMarker] --> output:
-----------------------------------------------------------------------

    WARNING: Elasticsearch MUST be stopped before running this tool.

  Please make a complete backup of your index before using this tool.

-----------------------------------------------------------------------

Opening Lucene index at E:\NotD\git\elasticsearch\server\build\testrun\test\temp\org.elasticsearch.index.shard.RemoveCorruptedShardDataCommandTests_9EA1F2A3814E5F76-001\tempDir-004\nodes\0\indices\_na_\0\index

0.00% total deletions; 425 documents; 0 deleteions
Segments file=segments_c numSegments=10 version=8.3.0 id=3snnz99pchiceseeauia6kpx5 userData={history_uuid=aeAGsDNTRR62UxEvzp_0Kg, local_checkpoint=424, max_seq_no=424, max_unsafe_auto_id_timestamp=-1, min_retained_seq_no=0, translog_generation=12, translog_uuid=gfm3WJBuTzeKT7Mzgg7BmA}
  1 of 10: name=_0 maxDoc=12
    version=8.3.0
    id=3snnz99pchiceseeauia6kpwm
    codec=Lucene80
    compound=true
    numFiles=3
    size (MB)=0.002
    diagnostics = {java.vendor=Oracle Corporation, os=Windows 7, java.version=12.0.2, java.vm.version=12.0.2+10, lucene.version=8.3.0, os.arch=amd64, java.runtime.version=12.0.2+10, source=flush, os.version=6.1, timestamp=1581891867433}
    no deletions
    test: open reader.........OK [took 0.001 sec]
    test: check integrity.....OK [took 0.000 sec]

detailed segment RAM usage: 
_0(8.3.0):c12:[diagnostics={java.vendor=Oracle Corporation, os=Windows 7, java.version=12.0.2, java.vm.version=12.0.2+10, lucene.version=8.3.0, os.arch=amd64, java.runtime.version=12.0.2+10, source=flush, os.version=6.1, timestamp=1581891867433}]:[attributes={Lucene50StoredFieldsFormat.mode=BEST_SPEED}]: 701 bytes
|-- postings [PerFieldPostings(segment=_0 formats=1)]: 320 bytes
    |-- format 'Lucene50_0' [BlockTreeTermsReader(fields=1,delegate=Lucene50PostingsReader(positions=false,payloads=false))]: 280 bytes
        |-- field '_id' [BlockTreeTerms(seg=_0 terms=12,postings=12,positions=12,docs=12)]: 248 bytes
            |-- term index [FST(input=BYTE1,output=ByteSequenceOutputs]: 88 bytes
        |-- delegate [Lucene50PostingsReader(positions=false,payloads=false)]: 32 bytes
|-- docvalues [PerFieldDocValues(formats=1)]: 68 bytes
    |-- format 'Lucene80_0' [org.apache.lucene.codecs.lucene80.Lucene80DocValuesProducer@23779ebf]: 48 bytes
|-- stored fields [CompressingStoredFieldsReader(mode=FAST,chunksize=16384)]: 312 bytes
    |-- stored field index [CompressingStoredFieldsIndexReader(blocks=1)]: 312 bytes
        |-- doc base deltas: 88 bytes
        |-- start pointer deltas: 88 bytes
|-- points [org.apache.lucene.codecs.lucene60.Lucene60PointsReader@678220de]: 1 bytes
    |-- _seq_no [org.apache.lucene.util.bkd.BKDReader@5b10b308]: 1 bytes

  2 of 10: name=_1 maxDoc=47
    version=8.3.0
    id=3snnz99pchiceseeauia6kpwo
    codec=Lucene80
    compound=true
    numFiles=3
    size (MB)=0.003
    diagnostics = {java.vendor=Oracle Corporation, os=Windows 7, java.version=12.0.2, java.vm.version=12.0.2+10, lucene.version=8.3.0, os.arch=amd64, java.runtime.version=12.0.2+10, source=flush, os.version=6.1, timestamp=1581891867476}
    no deletions
    test: open reader.........OK [took 0.001 sec]
    test: check integrity.....OK [took 0.000 sec]

detailed segment RAM usage: 
_1(8.3.0):c47:[diagnostics={java.vendor=Oracle Corporation, os=Windows 7, java.version=12.0.2, java.vm.version=12.0.2+10, lucene.version=8.3.0, os.arch=amd64, java.runtime.version=12.0.2+10, source=flush, os.version=6.1, timestamp=1581891867476}]:[attributes={Lucene50StoredFieldsFormat.mode=BEST_SPEED}]: 701 bytes
|-- postings [PerFieldPostings(segment=_1 formats=1)]: 320 bytes
    |-- format 'Lucene50_0' [BlockTreeTermsReader(fields=1,delegate=Lucene50PostingsReader(positions=false,payloads=false))]: 280 bytes
        |-- field '_id' [BlockTreeTerms(seg=_1 terms=47,postings=47,positions=47,docs=47)]: 248 bytes
            |-- term index [FST(input=BYTE1,output=ByteSequenceOutputs]: 88 bytes
        |-- delegate [Lucene50PostingsReader(positions=false,payloads=false)]: 32 bytes
|-- docvalues [PerFieldDocValues(formats=1)]: 68 bytes
    |-- format 'Lucene80_0' [org.apache.lucene.codecs.lucene80.Lucene80DocValuesProducer@2be29f33]: 48 bytes
|-- stored fields [CompressingStoredFieldsReader(mode=FAST,chunksize=16384)]: 312 bytes
    |-- stored field index [CompressingStoredFieldsIndexReader(blocks=1)]: 312 bytes
        |-- doc base deltas: 88 bytes
        |-- start pointer deltas: 88 bytes
|-- points [org.apache.lucene.codecs.lucene60.Lucene60PointsReader@75b4e1b4]: 1 bytes
    |-- _seq_no [org.apache.lucene.util.bkd.BKDReader@5e720681]: 1 bytes

  3 of 10: name=_2 maxDoc=34
    version=8.3.0
    id=3snnz99pchiceseeauia6kpwq
    codec=Lucene80
    compound=true
    numFiles=3
    size (MB)=0.003
    diagnostics = {java.vendor=Oracle Corporation, os=Windows 7, java.version=12.0.2, java.vm.version=12.0.2+10, lucene.version=8.3.0, os.arch=amd64, java.runtime.version=12.0.2+10, source=flush, os.version=6.1, timestamp=1581891867534}
    no deletions
    test: open reader.........OK [took 0.001 sec]
    test: check integrity.....OK [took 0.000 sec]

detailed segment RAM usage: 
_2(8.3.0):c34:[diagnostics={java.vendor=Oracle Corporation, os=Windows 7, java.version=12.0.2, java.vm.version=12.0.2+10, lucene.version=8.3.0, os.arch=amd64, java.runtime.version=12.0.2+10, source=flush, os.version=6.1, timestamp=1581891867534}]:[attributes={Lucene50StoredFieldsFormat.mode=BEST_SPEED}]: 701 bytes
|-- postings [PerFieldPostings(segment=_2 formats=1)]: 320 bytes
    |-- format 'Lucene50_0' [BlockTreeTermsReader(fields=1,delegate=Lucene50PostingsReader(positions=false,payloads=false))]: 280 bytes
        |-- field '_id' [BlockTreeTerms(seg=_2 terms=34,postings=34,positions=34,docs=34)]: 248 bytes
            |-- term index [FST(input=BYTE1,output=ByteSequenceOutputs]: 88 bytes
        |-- delegate [Lucene50PostingsReader(positions=false,payloads=false)]: 32 bytes
|-- docvalues [PerFieldDocValues(formats=1)]: 68 bytes
    |-- format 'Lucene80_0' [org.apache.lucene.codecs.lucene80.Lucene80DocValuesProducer@68f2524d]: 48 bytes
|-- stored fields [CompressingStoredFieldsReader(mode=FAST,chunksize=16384)]: 312 bytes
    |-- stored field index [CompressingStoredFieldsIndexReader(blocks=1)]: 312 bytes
        |-- doc base deltas: 88 bytes
        |-- start pointer deltas: 88 bytes
|-- points [org.apache.lucene.codecs.lucene60.Lucene60PointsReader@267a17dc]: 1 bytes
    |-- _seq_no [org.apache.lucene.util.bkd.BKDReader@4e24448a]: 1 bytes

  4 of 10: name=_3 maxDoc=39
    version=8.3.0
    id=3snnz99pchiceseeauia6kpws
    codec=Lucene80
    compound=true
    numFiles=3
    size (MB)=0.003
    diagnostics = {java.vendor=Oracle Corporation, os=Windows 7, java.version=12.0.2, java.vm.version=12.0.2+10, lucene.version=8.3.0, os.arch=amd64, java.runtime.version=12.0.2+10, source=flush, os.version=6.1, timestamp=1581891867590}
    no deletions
    test: open reader.........OK [took 0.002 sec]
    test: check integrity.....OK [took 0.000 sec]

detailed segment RAM usage: 
_3(8.3.0):c39:[diagnostics={java.vendor=Oracle Corporation, os=Windows 7, java.version=12.0.2, java.vm.version=12.0.2+10, lucene.version=8.3.0, os.arch=amd64, java.runtime.version=12.0.2+10, source=flush, os.version=6.1, timestamp=1581891867590}]:[attributes={Lucene50StoredFieldsFormat.mode=BEST_SPEED}]: 701 bytes
|-- postings [PerFieldPostings(segment=_3 formats=1)]: 320 bytes
    |-- format 'Lucene50_0' [BlockTreeTermsReader(fields=1,delegate=Lucene50PostingsReader(positions=false,payloads=false))]: 280 bytes
        |-- field '_id' [BlockTreeTerms(seg=_3 terms=39,postings=39,positions=39,docs=39)]: 248 bytes
            |-- term index [FST(input=BYTE1,output=ByteSequenceOutputs]: 88 bytes
        |-- delegate [Lucene50PostingsReader(positions=false,payloads=false)]: 32 bytes
|-- docvalues [PerFieldDocValues(formats=1)]: 68 bytes
    |-- format 'Lucene80_0' [org.apache.lucene.codecs.lucene80.Lucene80DocValuesProducer@358d38cf]: 48 bytes
|-- stored fields [CompressingStoredFieldsReader(mode=FAST,chunksize=16384)]: 312 bytes
    |-- stored field index [CompressingStoredFieldsIndexReader(blocks=1)]: 312 bytes
        |-- doc base deltas: 88 bytes
        |-- start pointer deltas: 88 bytes
|-- points [org.apache.lucene.codecs.lucene60.Lucene60PointsReader@59e12ae0]: 1 bytes
    |-- _seq_no [org.apache.lucene.util.bkd.BKDReader@4aa1bc52]: 1 bytes

  5 of 10: name=_4 maxDoc=91
    version=8.3.0
    id=3snnz99pchiceseeauia6kpwu
    codec=Lucene80
    compound=true
    numFiles=3
    size (MB)=0.003
    diagnostics = {java.vendor=Oracle Corporation, os=Windows 7, java.version=12.0.2, java.vm.version=12.0.2+10, lucene.version=8.3.0, os.arch=amd64, java.runtime.version=12.0.2+10, source=flush, os.version=6.1, timestamp=1581891867675}
    no deletions
    test: open reader.........OK [took 0.001 sec]
    test: check integrity.....OK [took 0.000 sec]

detailed segment RAM usage: 
_4(8.3.0):c91:[diagnostics={java.vendor=Oracle Corporation, os=Windows 7, java.version=12.0.2, java.vm.version=12.0.2+10, lucene.version=8.3.0, os.arch=amd64, java.runtime.version=12.0.2+10, source=flush, os.version=6.1, timestamp=1581891867675}]:[attributes={Lucene50StoredFieldsFormat.mode=BEST_SPEED}]: 701 bytes
|-- postings [PerFieldPostings(segment=_4 formats=1)]: 320 bytes
    |-- format 'Lucene50_0' [BlockTreeTermsReader(fields=1,delegate=Lucene50PostingsReader(positions=false,payloads=false))]: 280 bytes
        |-- field '_id' [BlockTreeTerms(seg=_4 terms=91,postings=91,positions=91,docs=91)]: 248 bytes
            |-- term index [FST(input=BYTE1,output=ByteSequenceOutputs]: 88 bytes
        |-- delegate [Lucene50PostingsReader(positions=false,payloads=false)]: 32 bytes
|-- docvalues [PerFieldDocValues(formats=1)]: 68 bytes
    |-- format 'Lucene80_0' [org.apache.lucene.codecs.lucene80.Lucene80DocValuesProducer@7dc80159]: 48 bytes
|-- stored fields [CompressingStoredFieldsReader(mode=FAST,chunksize=16384)]: 312 bytes
    |-- stored field index [CompressingStoredFieldsIndexReader(blocks=1)]: 312 bytes
        |-- doc base deltas: 88 bytes
        |-- start pointer deltas: 88 bytes
|-- points [org.apache.lucene.codecs.lucene60.Lucene60PointsReader@3a4c619e]: 1 bytes
    |-- _seq_no [org.apache.lucene.util.bkd.BKDReader@724ce24]: 1 bytes

  6 of 10: name=_5 maxDoc=37
    version=8.3.0
    id=3snnz99pchiceseeauia6kpww
    codec=Lucene80
    compound=true
    numFiles=3
    size (MB)=0.003
    diagnostics = {java.vendor=Oracle Corporation, os=Windows 7, java.version=12.0.2, java.vm.version=12.0.2+10, lucene.version=8.3.0, os.arch=amd64, java.runtime.version=12.0.2+10, source=flush, os.version=6.1, timestamp=1581891867720}
    no deletions
    test: open reader.........OK [took 0.001 sec]
    test: check integrity.....OK [took 0.000 sec]

detailed segment RAM usage: 
_5(8.3.0):c37:[diagnostics={java.vendor=Oracle Corporation, os=Windows 7, java.version=12.0.2, java.vm.version=12.0.2+10, lucene.version=8.3.0, os.arch=amd64, java.runtime.version=12.0.2+10, source=flush, os.version=6.1, timestamp=1581891867720}]:[attributes={Lucene50StoredFieldsFormat.mode=BEST_SPEED}]: 701 bytes
|-- postings [PerFieldPostings(segment=_5 formats=1)]: 320 bytes
    |-- format 'Lucene50_0' [BlockTreeTermsReader(fields=1,delegate=Lucene50PostingsReader(positions=false,payloads=false))]: 280 bytes
        |-- field '_id' [BlockTreeTerms(seg=_5 terms=37,postings=37,positions=37,docs=37)]: 248 bytes
            |-- term index [FST(input=BYTE1,output=ByteSequenceOutputs]: 88 bytes
        |-- delegate [Lucene50PostingsReader(positions=false,payloads=false)]: 32 bytes
|-- docvalues [PerFieldDocValues(formats=1)]: 68 bytes
    |-- format 'Lucene80_0' [org.apache.lucene.codecs.lucene80.Lucene80DocValuesProducer@3af4d4fe]: 48 bytes
|-- stored fields [CompressingStoredFieldsReader(mode=FAST,chunksize=16384)]: 312 bytes
    |-- stored field index [CompressingStoredFieldsIndexReader(blocks=1)]: 312 bytes
        |-- doc base deltas: 88 bytes
        |-- start pointer deltas: 88 bytes
|-- points [org.apache.lucene.codecs.lucene60.Lucene60PointsReader@1b80786a]: 1 bytes
    |-- _seq_no [org.apache.lucene.util.bkd.BKDReader@55924e3d]: 1 bytes

  7 of 10: name=_6 maxDoc=94
    version=8.3.0
    id=3snnz99pchiceseeauia6kpwy
    codec=Lucene80
    compound=true
    numFiles=3
    size (MB)=0.004
    diagnostics = {java.vendor=Oracle Corporation, os=Windows 7, java.version=12.0.2, java.vm.version=12.0.2+10, lucene.version=8.3.0, os.arch=amd64, java.runtime.version=12.0.2+10, source=flush, os.version=6.1, timestamp=1581891867788}
    no deletions
    test: open reader.........OK [took 0.001 sec]
    test: check integrity.....OK [took 0.000 sec]

detailed segment RAM usage: 
_6(8.3.0):c94:[diagnostics={java.vendor=Oracle Corporation, os=Windows 7, java.version=12.0.2, java.vm.version=12.0.2+10, lucene.version=8.3.0, os.arch=amd64, java.runtime.version=12.0.2+10, source=flush, os.version=6.1, timestamp=1581891867788}]:[attributes={Lucene50StoredFieldsFormat.mode=BEST_SPEED}]: 701 bytes
|-- postings [PerFieldPostings(segment=_6 formats=1)]: 320 bytes
    |-- format 'Lucene50_0' [BlockTreeTermsReader(fields=1,delegate=Lucene50PostingsReader(positions=false,payloads=false))]: 280 bytes
        |-- field '_id' [BlockTreeTerms(seg=_6 terms=94,postings=94,positions=94,docs=94)]: 248 bytes
            |-- term index [FST(input=BYTE1,output=ByteSequenceOutputs]: 88 bytes
        |-- delegate [Lucene50PostingsReader(positions=false,payloads=false)]: 32 bytes
|-- docvalues [PerFieldDocValues(formats=1)]: 68 bytes
    |-- format 'Lucene80_0' [org.apache.lucene.codecs.lucene80.Lucene80DocValuesProducer@5a2c93eb]: 48 bytes
|-- stored fields [CompressingStoredFieldsReader(mode=FAST,chunksize=16384)]: 312 bytes
    |-- stored field index [CompressingStoredFieldsIndexReader(blocks=1)]: 312 bytes
        |-- doc base deltas: 88 bytes
        |-- start pointer deltas: 88 bytes
|-- points [org.apache.lucene.codecs.lucene60.Lucene60PointsReader@1d08cd35]: 1 bytes
    |-- _seq_no [org.apache.lucene.util.bkd.BKDReader@74d4d32]: 1 bytes

  8 of 10: name=_7 maxDoc=19
    version=8.3.0
    id=3snnz99pchiceseeauia6kpx0
    codec=Lucene80
    compound=true
    numFiles=3
    size (MB)=0.003
    diagnostics = {java.vendor=Oracle Corporation, os=Windows 7, java.version=12.0.2, java.vm.version=12.0.2+10, lucene.version=8.3.0, os.arch=amd64, java.runtime.version=12.0.2+10, source=flush, os.version=6.1, timestamp=1581891867839}
    no deletions
    test: open reader.........OK [took 0.002 sec]
    test: check integrity.....OK [took 0.000 sec]

detailed segment RAM usage: 
_7(8.3.0):c19:[diagnostics={java.vendor=Oracle Corporation, os=Windows 7, java.version=12.0.2, java.vm.version=12.0.2+10, lucene.version=8.3.0, os.arch=amd64, java.runtime.version=12.0.2+10, source=flush, os.version=6.1, timestamp=1581891867839}]:[attributes={Lucene50StoredFieldsFormat.mode=BEST_SPEED}]: 701 bytes
|-- postings [PerFieldPostings(segment=_7 formats=1)]: 320 bytes
    |-- format 'Lucene50_0' [BlockTreeTermsReader(fields=1,delegate=Lucene50PostingsReader(positions=false,payloads=false))]: 280 bytes
        |-- field '_id' [BlockTreeTerms(seg=_7 terms=19,postings=19,positions=19,docs=19)]: 248 bytes
            |-- term index [FST(input=BYTE1,output=ByteSequenceOutputs]: 88 bytes
        |-- delegate [Lucene50PostingsReader(positions=false,payloads=false)]: 32 bytes
|-- docvalues [PerFieldDocValues(formats=1)]: 68 bytes
    |-- format 'Lucene80_0' [org.apache.lucene.codecs.lucene80.Lucene80DocValuesProducer@1ff70ed5]: 48 bytes
|-- stored fields [CompressingStoredFieldsReader(mode=FAST,chunksize=16384)]: 312 bytes
    |-- stored field index [CompressingStoredFieldsIndexReader(blocks=1)]: 312 bytes
        |-- doc base deltas: 88 bytes
        |-- start pointer deltas: 88 bytes
|-- points [org.apache.lucene.codecs.lucene60.Lucene60PointsReader@723ee4c4]: 1 bytes
    |-- _seq_no [org.apache.lucene.util.bkd.BKDReader@bac44a2]: 1 bytes

  9 of 10: name=_8 maxDoc=32
    version=8.3.0
    id=3snnz99pchiceseeauia6kpx2
    codec=Lucene80
    compound=true
    numFiles=3
    size (MB)=0.003
    diagnostics = {java.vendor=Oracle Corporation, os=Windows 7, java.version=12.0.2, java.vm.version=12.0.2+10, lucene.version=8.3.0, os.arch=amd64, java.runtime.version=12.0.2+10, source=flush, os.version=6.1, timestamp=1581891867986}
    no deletions
    test: open reader.........OK [took 0.001 sec]
    test: check integrity.....OK [took 0.000 sec]

detailed segment RAM usage: 
_8(8.3.0):c32:[diagnostics={java.vendor=Oracle Corporation, os=Windows 7, java.version=12.0.2, java.vm.version=12.0.2+10, lucene.version=8.3.0, os.arch=amd64, java.runtime.version=12.0.2+10, source=flush, os.version=6.1, timestamp=1581891867986}]:[attributes={Lucene50StoredFieldsFormat.mode=BEST_SPEED}]: 701 bytes
|-- postings [PerFieldPostings(segment=_8 formats=1)]: 320 bytes
    |-- format 'Lucene50_0' [BlockTreeTermsReader(fields=1,delegate=Lucene50PostingsReader(positions=false,payloads=false))]: 280 bytes
        |-- field '_id' [BlockTreeTerms(seg=_8 terms=32,postings=32,positions=32,docs=32)]: 248 bytes
            |-- term index [FST(input=BYTE1,output=ByteSequenceOutputs]: 88 bytes
        |-- delegate [Lucene50PostingsReader(positions=false,payloads=false)]: 32 bytes
|-- docvalues [PerFieldDocValues(formats=1)]: 68 bytes
    |-- format 'Lucene80_0' [org.apache.lucene.codecs.lucene80.Lucene80DocValuesProducer@56615be]: 48 bytes
|-- stored fields [CompressingStoredFieldsReader(mode=FAST,chunksize=16384)]: 312 bytes
    |-- stored field index [CompressingStoredFieldsIndexReader(blocks=1)]: 312 bytes
        |-- doc base deltas: 88 bytes
        |-- start pointer deltas: 88 bytes
|-- points [org.apache.lucene.codecs.lucene60.Lucene60PointsReader@6c86c8e4]: 1 bytes
    |-- _seq_no [org.apache.lucene.util.bkd.BKDReader@24c2eb6f]: 1 bytes

  10 of 10: name=_9 maxDoc=20
    version=8.3.0
    id=3snnz99pchiceseeauia6kpx4
    codec=Lucene80
    compound=true
    numFiles=3
    size (MB)=0.003
    diagnostics = {java.vendor=Oracle Corporation, os=Windows 7, java.version=12.0.2, java.vm.version=12.0.2+10, lucene.version=8.3.0, os.arch=amd64, java.runtime.version=12.0.2+10, source=flush, os.version=6.1, timestamp=1581891868052}
    no deletions
    test: open reader.........OK [took 0.001 sec]
    test: check integrity.....OK [took 0.000 sec]

detailed segment RAM usage: 
_9(8.3.0):c20:[diagnostics={java.vendor=Oracle Corporation, os=Windows 7, java.version=12.0.2, java.vm.version=12.0.2+10, lucene.version=8.3.0, os.arch=amd64, java.runtime.version=12.0.2+10, source=flush, os.version=6.1, timestamp=1581891868052}]:[attributes={Lucene50StoredFieldsFormat.mode=BEST_SPEED}]: 701 bytes
|-- postings [PerFieldPostings(segment=_9 formats=1)]: 320 bytes
    |-- format 'Lucene50_0' [BlockTreeTermsReader(fields=1,delegate=Lucene50PostingsReader(positions=false,payloads=false))]: 280 bytes
        |-- field '_id' [BlockTreeTerms(seg=_9 terms=20,postings=20,positions=20,docs=20)]: 248 bytes
            |-- term index [FST(input=BYTE1,output=ByteSequenceOutputs]: 88 bytes
        |-- delegate [Lucene50PostingsReader(positions=false,payloads=false)]: 32 bytes
|-- docvalues [PerFieldDocValues(formats=1)]: 68 bytes
    |-- format 'Lucene80_0' [org.apache.lucene.codecs.lucene80.Lucene80DocValuesProducer@15cf096f]: 48 bytes
|-- stored fields [CompressingStoredFieldsReader(mode=FAST,chunksize=16384)]: 312 bytes
    |-- stored field index [CompressingStoredFieldsIndexReader(blocks=1)]: 312 bytes
        |-- doc base deltas: 88 bytes
        |-- start pointer deltas: 88 bytes
|-- points [org.apache.lucene.codecs.lucene60.Lucene60PointsReader@2665012a]: 1 bytes
    |-- _seq_no [org.apache.lucene.util.bkd.BKDReader@ca1db51]: 1 bytes

No problems were detected with this index.

Took 0.027 sec total.

 >> Lucene index is marked corrupted, but no corruption detected at E:\NotD\git\elasticsearch\server\build\testrun\test\temp\org.elasticsearch.index.shard.RemoveCorruptedShardDataCommandTests_9EA1F2A3814E5F76-001\tempDir-004\nodes\0\indices\_na_\0\index


Opening translog at E:\NotD\git\elasticsearch\server\build\testrun\test\temp\org.elasticsearch.index.shard.RemoveCorruptedShardDataCommandTests_9EA1F2A3814E5F76-001\tempDir-004\nodes\0\indices\_na_\0\translog


 >> Translog is clean at E:\NotD\git\elasticsearch\server\build\testrun\test\temp\org.elasticsearch.index.shard.RemoveCorruptedShardDataCommandTests_9EA1F2A3814E5F76-001\tempDir-004\nodes\0\indices\_na_\0\translog

-----------------------------------------------------------------------
            WARNING:              YOU MAY LOSE DATA.
-----------------------------------------------------------------------
Continue and remove corrupted data from the shard ?

[2020-02-16T15:24:28,254][WARN ][o.e.i.IndexSettings      ] [testCleanWithCorruptionMarker] [index0] [index.merge.enabled] is set to false, this should only be used in tests and can cause serious problems in production environments
[2020-02-16T15:24:28,295][WARN ][o.e.i.IndexSettings      ] [testCleanWithCorruptionMarker] [index0] [index.merge.enabled] is set to false, this should only be used in tests and can cause serious problems in production environments
[2020-02-16T15:24:28,371][INFO ][o.e.i.s.RemoveCorruptedShardDataCommandTests] [testCleanWithCorruptionMarker] --> output:
-----------------------------------------------------------------------

    WARNING: Elasticsearch MUST be stopped before running this tool.

  Please make a complete backup of your index before using this tool.

-----------------------------------------------------------------------

Opening Lucene index at E:\NotD\git\elasticsearch\server\build\testrun\test\temp\org.elasticsearch.index.shard.RemoveCorruptedShardDataCommandTests_9EA1F2A3814E5F76-001\tempDir-004\nodes\0\indices\_na_\0\index

0.00% total deletions; 425 documents; 0 deleteions
Segments file=segments_c numSegments=10 version=8.3.0 id=3snnz99pchiceseeauia6kpx5 userData={history_uuid=aeAGsDNTRR62UxEvzp_0Kg, local_checkpoint=424, max_seq_no=424, max_unsafe_auto_id_timestamp=-1, min_retained_seq_no=0, translog_generation=12, translog_uuid=gfm3WJBuTzeKT7Mzgg7BmA}
  1 of 10: name=_0 maxDoc=12
    version=8.3.0
    id=3snnz99pchiceseeauia6kpwm
    codec=Lucene80
    compound=true
    numFiles=3
    size (MB)=0.002
    diagnostics = {java.vendor=Oracle Corporation, os=Windows 7, java.version=12.0.2, java.vm.version=12.0.2+10, lucene.version=8.3.0, os.arch=amd64, java.runtime.version=12.0.2+10, source=flush, os.version=6.1, timestamp=1581891867433}
    no deletions
    test: open reader.........OK [took 0.001 sec]
    test: check integrity.....OK [took 0.000 sec]

detailed segment RAM usage: 
_0(8.3.0):c12:[diagnostics={java.vendor=Oracle Corporation, os=Windows 7, java.version=12.0.2, java.vm.version=12.0.2+10, lucene.version=8.3.0, os.arch=amd64, java.runtime.version=12.0.2+10, source=flush, os.version=6.1, timestamp=1581891867433}]:[attributes={Lucene50StoredFieldsFormat.mode=BEST_SPEED}]: 701 bytes
|-- postings [PerFieldPostings(segment=_0 formats=1)]: 320 bytes
    |-- format 'Lucene50_0' [BlockTreeTermsReader(fields=1,delegate=Lucene50PostingsReader(positions=false,payloads=false))]: 280 bytes
        |-- field '_id' [BlockTreeTerms(seg=_0 terms=12,postings=12,positions=12,docs=12)]: 248 bytes
            |-- term index [FST(input=BYTE1,output=ByteSequenceOutputs]: 88 bytes
        |-- delegate [Lucene50PostingsReader(positions=false,payloads=false)]: 32 bytes
|-- docvalues [PerFieldDocValues(formats=1)]: 68 bytes
    |-- format 'Lucene80_0' [org.apache.lucene.codecs.lucene80.Lucene80DocValuesProducer@43d40493]: 48 bytes
|-- stored fields [CompressingStoredFieldsReader(mode=FAST,chunksize=16384)]: 312 bytes
    |-- stored field index [CompressingStoredFieldsIndexReader(blocks=1)]: 312 bytes
        |-- doc base deltas: 88 bytes
        |-- start pointer deltas: 88 bytes
|-- points [org.apache.lucene.codecs.lucene60.Lucene60PointsReader@47f0a601]: 1 bytes
    |-- _seq_no [org.apache.lucene.util.bkd.BKDReader@112449e4]: 1 bytes

  2 of 10: name=_1 maxDoc=47
    version=8.3.0
    id=3snnz99pchiceseeauia6kpwo
    codec=Lucene80
    compound=true
    numFiles=3
    size (MB)=0.003
    diagnostics = {java.vendor=Oracle Corporation, os=Windows 7, java.version=12.0.2, java.vm.version=12.0.2+10, lucene.version=8.3.0, os.arch=amd64, java.runtime.version=12.0.2+10, source=flush, os.version=6.1, timestamp=1581891867476}
    no deletions
    test: open reader.........OK [took 0.001 sec]
    test: check integrity.....OK [took 0.000 sec]

detailed segment RAM usage: 
_1(8.3.0):c47:[diagnostics={java.vendor=Oracle Corporation, os=Windows 7, java.version=12.0.2, java.vm.version=12.0.2+10, lucene.version=8.3.0, os.arch=amd64, java.runtime.version=12.0.2+10, source=flush, os.version=6.1, timestamp=1581891867476}]:[attributes={Lucene50StoredFieldsFormat.mode=BEST_SPEED}]: 701 bytes
|-- postings [PerFieldPostings(segment=_1 formats=1)]: 320 bytes
    |-- format 'Lucene50_0' [BlockTreeTermsReader(fields=1,delegate=Lucene50PostingsReader(positions=false,payloads=false))]: 280 bytes
        |-- field '_id' [BlockTreeTerms(seg=_1 terms=47,postings=47,positions=47,docs=47)]: 248 bytes
            |-- term index [FST(input=BYTE1,output=ByteSequenceOutputs]: 88 bytes
        |-- delegate [Lucene50PostingsReader(positions=false,payloads=false)]: 32 bytes
|-- docvalues [PerFieldDocValues(formats=1)]: 68 bytes
    |-- format 'Lucene80_0' [org.apache.lucene.codecs.lucene80.Lucene80DocValuesProducer@3cfa7bdd]: 48 bytes
|-- stored fields [CompressingStoredFieldsReader(mode=FAST,chunksize=16384)]: 312 bytes
    |-- stored field index [CompressingStoredFieldsIndexReader(blocks=1)]: 312 bytes
        |-- doc base deltas: 88 bytes
        |-- start pointer deltas: 88 bytes
|-- points [org.apache.lucene.codecs.lucene60.Lucene60PointsReader@f227ecf]: 1 bytes
    |-- _seq_no [org.apache.lucene.util.bkd.BKDReader@49272129]: 1 bytes

  3 of 10: name=_2 maxDoc=34
    version=8.3.0
    id=3snnz99pchiceseeauia6kpwq
    codec=Lucene80
    compound=true
    numFiles=3
    size (MB)=0.003
    diagnostics = {java.vendor=Oracle Corporation, os=Windows 7, java.version=12.0.2, java.vm.version=12.0.2+10, lucene.version=8.3.0, os.arch=amd64, java.runtime.version=12.0.2+10, source=flush, os.version=6.1, timestamp=1581891867534}
    no deletions
    test: open reader.........OK [took 0.002 sec]
    test: check integrity.....OK [took 0.000 sec]

detailed segment RAM usage: 
_2(8.3.0):c34:[diagnostics={java.vendor=Oracle Corporation, os=Windows 7, java.version=12.0.2, java.vm.version=12.0.2+10, lucene.version=8.3.0, os.arch=amd64, java.runtime.version=12.0.2+10, source=flush, os.version=6.1, timestamp=1581891867534}]:[attributes={Lucene50StoredFieldsFormat.mode=BEST_SPEED}]: 701 bytes
|-- postings [PerFieldPostings(segment=_2 formats=1)]: 320 bytes
    |-- format 'Lucene50_0' [BlockTreeTermsReader(fields=1,delegate=Lucene50PostingsReader(positions=false,payloads=false))]: 280 bytes
        |-- field '_id' [BlockTreeTerms(seg=_2 terms=34,postings=34,positions=34,docs=34)]: 248 bytes
            |-- term index [FST(input=BYTE1,output=ByteSequenceOutputs]: 88 bytes
        |-- delegate [Lucene50PostingsReader(positions=false,payloads=false)]: 32 bytes
|-- docvalues [PerFieldDocValues(formats=1)]: 68 bytes
    |-- format 'Lucene80_0' [org.apache.lucene.codecs.lucene80.Lucene80DocValuesProducer@4b71f3c]: 48 bytes
|-- stored fields [CompressingStoredFieldsReader(mode=FAST,chunksize=16384)]: 312 bytes
    |-- stored field index [CompressingStoredFieldsIndexReader(blocks=1)]: 312 bytes
        |-- doc base deltas: 88 bytes
        |-- start pointer deltas: 88 bytes
|-- points [org.apache.lucene.codecs.lucene60.Lucene60PointsReader@746958ea]: 1 bytes
    |-- _seq_no [org.apache.lucene.util.bkd.BKDReader@20b33f52]: 1 bytes

  4 of 10: name=_3 maxDoc=39
    version=8.3.0
    id=3snnz99pchiceseeauia6kpws
    codec=Lucene80
    compound=true
    numFiles=3
    size (MB)=0.003
    diagnostics = {java.vendor=Oracle Corporation, os=Windows 7, java.version=12.0.2, java.vm.version=12.0.2+10, lucene.version=8.3.0, os.arch=amd64, java.runtime.version=12.0.2+10, source=flush, os.version=6.1, timestamp=1581891867590}
    no deletions
    test: open reader.........OK [took 0.001 sec]
    test: check integrity.....OK [took 0.000 sec]

detailed segment RAM usage: 
_3(8.3.0):c39:[diagnostics={java.vendor=Oracle Corporation, os=Windows 7, java.version=12.0.2, java.vm.version=12.0.2+10, lucene.version=8.3.0, os.arch=amd64, java.runtime.version=12.0.2+10, source=flush, os.version=6.1, timestamp=1581891867590}]:[attributes={Lucene50StoredFieldsFormat.mode=BEST_SPEED}]: 701 bytes
|-- postings [PerFieldPostings(segment=_3 formats=1)]: 320 bytes
    |-- format 'Lucene50_0' [BlockTreeTermsReader(fields=1,delegate=Lucene50PostingsReader(positions=false,payloads=false))]: 280 bytes
        |-- field '_id' [BlockTreeTerms(seg=_3 terms=39,postings=39,positions=39,docs=39)]: 248 bytes
            |-- term index [FST(input=BYTE1,output=ByteSequenceOutputs]: 88 bytes
        |-- delegate [Lucene50PostingsReader(positions=false,payloads=false)]: 32 bytes
|-- docvalues [PerFieldDocValues(formats=1)]: 68 bytes
    |-- format 'Lucene80_0' [org.apache.lucene.codecs.lucene80.Lucene80DocValuesProducer@443fbd9f]: 48 bytes
|-- stored fields [CompressingStoredFieldsReader(mode=FAST,chunksize=16384)]: 312 bytes
    |-- stored field index [CompressingStoredFieldsIndexReader(blocks=1)]: 312 bytes
        |-- doc base deltas: 88 bytes
        |-- start pointer deltas: 88 bytes
|-- points [org.apache.lucene.codecs.lucene60.Lucene60PointsReader@7dcf53e5]: 1 bytes
    |-- _seq_no [org.apache.lucene.util.bkd.BKDReader@5650c5c1]: 1 bytes

  5 of 10: name=_4 maxDoc=91
    version=8.3.0
    id=3snnz99pchiceseeauia6kpwu
    codec=Lucene80
    compound=true
    numFiles=3
    size (MB)=0.003
    diagnostics = {java.vendor=Oracle Corporation, os=Windows 7, java.version=12.0.2, java.vm.version=12.0.2+10, lucene.version=8.3.0, os.arch=amd64, java.runtime.version=12.0.2+10, source=flush, os.version=6.1, timestamp=1581891867675}
    no deletions
    test: open reader.........OK [took 0.001 sec]
    test: check integrity.....OK [took 0.000 sec]

detailed segment RAM usage: 
_4(8.3.0):c91:[diagnostics={java.vendor=Oracle Corporation, os=Windows 7, java.version=12.0.2, java.vm.version=12.0.2+10, lucene.version=8.3.0, os.arch=amd64, java.runtime.version=12.0.2+10, source=flush, os.version=6.1, timestamp=1581891867675}]:[attributes={Lucene50StoredFieldsFormat.mode=BEST_SPEED}]: 701 bytes
|-- postings [PerFieldPostings(segment=_4 formats=1)]: 320 bytes
    |-- format 'Lucene50_0' [BlockTreeTermsReader(fields=1,delegate=Lucene50PostingsReader(positions=false,payloads=false))]: 280 bytes
        |-- field '_id' [BlockTreeTerms(seg=_4 terms=91,postings=91,positions=91,docs=91)]: 248 bytes
            |-- term index [FST(input=BYTE1,output=ByteSequenceOutputs]: 88 bytes
        |-- delegate [Lucene50PostingsReader(positions=false,payloads=false)]: 32 bytes
|-- docvalues [PerFieldDocValues(formats=1)]: 68 bytes
    |-- format 'Lucene80_0' [org.apache.lucene.codecs.lucene80.Lucene80DocValuesProducer@6a61af9e]: 48 bytes
|-- stored fields [CompressingStoredFieldsReader(mode=FAST,chunksize=16384)]: 312 bytes
    |-- stored field index [CompressingStoredFieldsIndexReader(blocks=1)]: 312 bytes
        |-- doc base deltas: 88 bytes
        |-- start pointer deltas: 88 bytes
|-- points [org.apache.lucene.codecs.lucene60.Lucene60PointsReader@3acf01de]: 1 bytes
    |-- _seq_no [org.apache.lucene.util.bkd.BKDReader@e0848cd]: 1 bytes

  6 of 10: name=_5 maxDoc=37
    version=8.3.0
    id=3snnz99pchiceseeauia6kpww
    codec=Lucene80
    compound=true
    numFiles=3
    size (MB)=0.003
    diagnostics = {java.vendor=Oracle Corporation, os=Windows 7, java.version=12.0.2, java.vm.version=12.0.2+10, lucene.version=8.3.0, os.arch=amd64, java.runtime.version=12.0.2+10, source=flush, os.version=6.1, timestamp=1581891867720}
    no deletions
    test: open reader.........OK [took 0.001 sec]
    test: check integrity.....OK [took 0.000 sec]

detailed segment RAM usage: 
_5(8.3.0):c37:[diagnostics={java.vendor=Oracle Corporation, os=Windows 7, java.version=12.0.2, java.vm.version=12.0.2+10, lucene.version=8.3.0, os.arch=amd64, java.runtime.version=12.0.2+10, source=flush, os.version=6.1, timestamp=1581891867720}]:[attributes={Lucene50StoredFieldsFormat.mode=BEST_SPEED}]: 701 bytes
|-- postings [PerFieldPostings(segment=_5 formats=1)]: 320 bytes
    |-- format 'Lucene50_0' [BlockTreeTermsReader(fields=1,delegate=Lucene50PostingsReader(positions=false,payloads=false))]: 280 bytes
        |-- field '_id' [BlockTreeTerms(seg=_5 terms=37,postings=37,positions=37,docs=37)]: 248 bytes
            |-- term index [FST(input=BYTE1,output=ByteSequenceOutputs]: 88 bytes
        |-- delegate [Lucene50PostingsReader(positions=false,payloads=false)]: 32 bytes
|-- docvalues [PerFieldDocValues(formats=1)]: 68 bytes
    |-- format 'Lucene80_0' [org.apache.lucene.codecs.lucene80.Lucene80DocValuesProducer@7253e592]: 48 bytes
|-- stored fields [CompressingStoredFieldsReader(mode=FAST,chunksize=16384)]: 312 bytes
    |-- stored field index [CompressingStoredFieldsIndexReader(blocks=1)]: 312 bytes
        |-- doc base deltas: 88 bytes
        |-- start pointer deltas: 88 bytes
|-- points [org.apache.lucene.codecs.lucene60.Lucene60PointsReader@3e518535]: 1 bytes
    |-- _seq_no [org.apache.lucene.util.bkd.BKDReader@3da467ef]: 1 bytes

  7 of 10: name=_6 maxDoc=94
    version=8.3.0
    id=3snnz99pchiceseeauia6kpwy
    codec=Lucene80
    compound=true
    numFiles=3
    size (MB)=0.004
    diagnostics = {java.vendor=Oracle Corporation, os=Windows 7, java.version=12.0.2, java.vm.version=12.0.2+10, lucene.version=8.3.0, os.arch=amd64, java.runtime.version=12.0.2+10, source=flush, os.version=6.1, timestamp=1581891867788}
    no deletions
    test: open reader.........OK [took 0.002 sec]
    test: check integrity.....OK [took 0.000 sec]

detailed segment RAM usage: 
_6(8.3.0):c94:[diagnostics={java.vendor=Oracle Corporation, os=Windows 7, java.version=12.0.2, java.vm.version=12.0.2+10, lucene.version=8.3.0, os.arch=amd64, java.runtime.version=12.0.2+10, source=flush, os.version=6.1, timestamp=1581891867788}]:[attributes={Lucene50StoredFieldsFormat.mode=BEST_SPEED}]: 701 bytes
|-- postings [PerFieldPostings(segment=_6 formats=1)]: 320 bytes
    |-- format 'Lucene50_0' [BlockTreeTermsReader(fields=1,delegate=Lucene50PostingsReader(positions=false,payloads=false))]: 280 bytes
        |-- field '_id' [BlockTreeTerms(seg=_6 terms=94,postings=94,positions=94,docs=94)]: 248 bytes
            |-- term index [FST(input=BYTE1,output=ByteSequenceOutputs]: 88 bytes
        |-- delegate [Lucene50PostingsReader(positions=false,payloads=false)]: 32 bytes
|-- docvalues [PerFieldDocValues(formats=1)]: 68 bytes
    |-- format 'Lucene80_0' [org.apache.lucene.codecs.lucene80.Lucene80DocValuesProducer@5407945a]: 48 bytes
|-- stored fields [CompressingStoredFieldsReader(mode=FAST,chunksize=16384)]: 312 bytes
    |-- stored field index [CompressingStoredFieldsIndexReader(blocks=1)]: 312 bytes
        |-- doc base deltas: 88 bytes
        |-- start pointer deltas: 88 bytes
|-- points [org.apache.lucene.codecs.lucene60.Lucene60PointsReader@4a021a2a]: 1 bytes
    |-- _seq_no [org.apache.lucene.util.bkd.BKDReader@3f188213]: 1 bytes

  8 of 10: name=_7 maxDoc=19
    version=8.3.0
    id=3snnz99pchiceseeauia6kpx0
    codec=Lucene80
    compound=true
    numFiles=3
    size (MB)=0.003
    diagnostics = {java.vendor=Oracle Corporation, os=Windows 7, java.version=12.0.2, java.vm.version=12.0.2+10, lucene.version=8.3.0, os.arch=amd64, java.runtime.version=12.0.2+10, source=flush, os.version=6.1, timestamp=1581891867839}
    no deletions
    test: open reader.........OK [took 0.001 sec]
    test: check integrity.....OK [took 0.000 sec]

detailed segment RAM usage: 
_7(8.3.0):c19:[diagnostics={java.vendor=Oracle Corporation, os=Windows 7, java.version=12.0.2, java.vm.version=12.0.2+10, lucene.version=8.3.0, os.arch=amd64, java.runtime.version=12.0.2+10, source=flush, os.version=6.1, timestamp=1581891867839}]:[attributes={Lucene50StoredFieldsFormat.mode=BEST_SPEED}]: 701 bytes
|-- postings [PerFieldPostings(segment=_7 formats=1)]: 320 bytes
    |-- format 'Lucene50_0' [BlockTreeTermsReader(fields=1,delegate=Lucene50PostingsReader(positions=false,payloads=false))]: 280 bytes
        |-- field '_id' [BlockTreeTerms(seg=_7 terms=19,postings=19,positions=19,docs=19)]: 248 bytes
            |-- term index [FST(input=BYTE1,output=ByteSequenceOutputs]: 88 bytes
        |-- delegate [Lucene50PostingsReader(positions=false,payloads=false)]: 32 bytes
|-- docvalues [PerFieldDocValues(formats=1)]: 68 bytes
    |-- format 'Lucene80_0' [org.apache.lucene.codecs.lucene80.Lucene80DocValuesProducer@575d409]: 48 bytes
|-- stored fields [CompressingStoredFieldsReader(mode=FAST,chunksize=16384)]: 312 bytes
    |-- stored field index [CompressingStoredFieldsIndexReader(blocks=1)]: 312 bytes
        |-- doc base deltas: 88 bytes
        |-- start pointer deltas: 88 bytes
|-- points [org.apache.lucene.codecs.lucene60.Lucene60PointsReader@7e86c6ae]: 1 bytes
    |-- _seq_no [org.apache.lucene.util.bkd.BKDReader@4406b2c1]: 1 bytes

  9 of 10: name=_8 maxDoc=32
    version=8.3.0
    id=3snnz99pchiceseeauia6kpx2
    codec=Lucene80
    compound=true
    numFiles=3
    size (MB)=0.003
    diagnostics = {java.vendor=Oracle Corporation, os=Windows 7, java.version=12.0.2, java.vm.version=12.0.2+10, lucene.version=8.3.0, os.arch=amd64, java.runtime.version=12.0.2+10, source=flush, os.version=6.1, timestamp=1581891867986}
    no deletions
    test: open reader.........OK [took 0.001 sec]
    test: check integrity.....OK [took 0.000 sec]

detailed segment RAM usage: 
_8(8.3.0):c32:[diagnostics={java.vendor=Oracle Corporation, os=Windows 7, java.version=12.0.2, java.vm.version=12.0.2+10, lucene.version=8.3.0, os.arch=amd64, java.runtime.version=12.0.2+10, source=flush, os.version=6.1, timestamp=1581891867986}]:[attributes={Lucene50StoredFieldsFormat.mode=BEST_SPEED}]: 701 bytes
|-- postings [PerFieldPostings(segment=_8 formats=1)]: 320 bytes
    |-- format 'Lucene50_0' [BlockTreeTermsReader(fields=1,delegate=Lucene50PostingsReader(positions=false,payloads=false))]: 280 bytes
        |-- field '_id' [BlockTreeTerms(seg=_8 terms=32,postings=32,positions=32,docs=32)]: 248 bytes
            |-- term index [FST(input=BYTE1,output=ByteSequenceOutputs]: 88 bytes
        |-- delegate [Lucene50PostingsReader(positions=false,payloads=false)]: 32 bytes
|-- docvalues [PerFieldDocValues(formats=1)]: 68 bytes
    |-- format 'Lucene80_0' [org.apache.lucene.codecs.lucene80.Lucene80DocValuesProducer@1af65d43]: 48 bytes
|-- stored fields [CompressingStoredFieldsReader(mode=FAST,chunksize=16384)]: 312 bytes
    |-- stored field index [CompressingStoredFieldsIndexReader(blocks=1)]: 312 bytes
        |-- doc base deltas: 88 bytes
        |-- start pointer deltas: 88 bytes
|-- points [org.apache.lucene.codecs.lucene60.Lucene60PointsReader@6b976466]: 1 bytes
    |-- _seq_no [org.apache.lucene.util.bkd.BKDReader@a20b3b9]: 1 bytes

  10 of 10: name=_9 maxDoc=20
    version=8.3.0
    id=3snnz99pchiceseeauia6kpx4
    codec=Lucene80
    compound=true
    numFiles=3
    size (MB)=0.003
    diagnostics = {java.vendor=Oracle Corporation, os=Windows 7, java.version=12.0.2, java.vm.version=12.0.2+10, lucene.version=8.3.0, os.arch=amd64, java.runtime.version=12.0.2+10, source=flush, os.version=6.1, timestamp=1581891868052}
    no deletions
    test: open reader.........OK [took 0.001 sec]
    test: check integrity.....OK [took 0.000 sec]

detailed segment RAM usage: 
_9(8.3.0):c20:[diagnostics={java.vendor=Oracle Corporation, os=Windows 7, java.version=12.0.2, java.vm.version=12.0.2+10, lucene.version=8.3.0, os.arch=amd64, java.runtime.version=12.0.2+10, source=flush, os.version=6.1, timestamp=1581891868052}]:[attributes={Lucene50StoredFieldsFormat.mode=BEST_SPEED}]: 701 bytes
|-- postings [PerFieldPostings(segment=_9 formats=1)]: 320 bytes
    |-- format 'Lucene50_0' [BlockTreeTermsReader(fields=1,delegate=Lucene50PostingsReader(positions=false,payloads=false))]: 280 bytes
        |-- field '_id' [BlockTreeTerms(seg=_9 terms=20,postings=20,positions=20,docs=20)]: 248 bytes
            |-- term index [FST(input=BYTE1,output=ByteSequenceOutputs]: 88 bytes
        |-- delegate [Lucene50PostingsReader(positions=false,payloads=false)]: 32 bytes
|-- docvalues [PerFieldDocValues(formats=1)]: 68 bytes
    |-- format 'Lucene80_0' [org.apache.lucene.codecs.lucene80.Lucene80DocValuesProducer@4a5511c7]: 48 bytes
|-- stored fields [CompressingStoredFieldsReader(mode=FAST,chunksize=16384)]: 312 bytes
    |-- stored field index [CompressingStoredFieldsIndexReader(blocks=1)]: 312 bytes
        |-- doc base deltas: 88 bytes
        |-- start pointer deltas: 88 bytes
|-- points [org.apache.lucene.codecs.lucene60.Lucene60PointsReader@45e7ce4f]: 1 bytes
    |-- _seq_no [org.apache.lucene.util.bkd.BKDReader@5a92b903]: 1 bytes

No problems were detected with this index.

Took 0.026 sec total.

 >> Lucene index is marked corrupted, but no corruption detected at E:\NotD\git\elasticsearch\server\build\testrun\test\temp\org.elasticsearch.index.shard.RemoveCorruptedShardDataCommandTests_9EA1F2A3814E5F76-001\tempDir-004\nodes\0\indices\_na_\0\index


Opening translog at E:\NotD\git\elasticsearch\server\build\testrun\test\temp\org.elasticsearch.index.shard.RemoveCorruptedShardDataCommandTests_9EA1F2A3814E5F76-001\tempDir-004\nodes\0\indices\_na_\0\translog


 >> Translog is clean at E:\NotD\git\elasticsearch\server\build\testrun\test\temp\org.elasticsearch.index.shard.RemoveCorruptedShardDataCommandTests_9EA1F2A3814E5F76-001\tempDir-004\nodes\0\indices\_na_\0\translog

-----------------------------------------------------------------------
            WARNING:              YOU MAY LOSE DATA.
-----------------------------------------------------------------------
Continue and remove corrupted data from the shard ?
0.00% total deletions; 425 documents; 0 deleteions
Segments file=segments_c numSegments=10 version=8.3.0 id=3snnz99pchiceseeauia6kpx5 userData={history_uuid=aeAGsDNTRR62UxEvzp_0Kg, local_checkpoint=424, max_seq_no=424, max_unsafe_auto_id_timestamp=-1, min_retained_seq_no=0, translog_generation=12, translog_uuid=gfm3WJBuTzeKT7Mzgg7BmA}
  1 of 10: name=_0 maxDoc=12
    version=8.3.0
    id=3snnz99pchiceseeauia6kpwm
    codec=Lucene80
    compound=true
    numFiles=3
    size (MB)=0.002
    diagnostics = {java.vendor=Oracle Corporation, os=Windows 7, java.version=12.0.2, java.vm.version=12.0.2+10, lucene.version=8.3.0, os.arch=amd64, java.runtime.version=12.0.2+10, source=flush, os.version=6.1, timestamp=1581891867433}
    no deletions
    test: open reader.........OK [took 0.001 sec]
    test: check integrity.....OK [took 0.000 sec]

detailed segment RAM usage: 
_0(8.3.0):c12:[diagnostics={java.vendor=Oracle Corporation, os=Windows 7, java.version=12.0.2, java.vm.version=12.0.2+10, lucene.version=8.3.0, os.arch=amd64, java.runtime.version=12.0.2+10, source=flush, os.version=6.1, timestamp=1581891867433}]:[attributes={Lucene50StoredFieldsFormat.mode=BEST_SPEED}]: 701 bytes
|-- postings [PerFieldPostings(segment=_0 formats=1)]: 320 bytes
    |-- format 'Lucene50_0' [BlockTreeTermsReader(fields=1,delegate=Lucene50PostingsReader(positions=false,payloads=false))]: 280 bytes
        |-- field '_id' [BlockTreeTerms(seg=_0 terms=12,postings=12,positions=12,docs=12)]: 248 bytes
            |-- term index [FST(input=BYTE1,output=ByteSequenceOutputs]: 88 bytes
        |-- delegate [Lucene50PostingsReader(positions=false,payloads=false)]: 32 bytes
|-- docvalues [PerFieldDocValues(formats=1)]: 68 bytes
    |-- format 'Lucene80_0' [org.apache.lucene.codecs.lucene80.Lucene80DocValuesProducer@1dc53384]: 48 bytes
|-- stored fields [CompressingStoredFieldsReader(mode=FAST,chunksize=16384)]: 312 bytes
    |-- stored field index [CompressingStoredFieldsIndexReader(blocks=1)]: 312 bytes
        |-- doc base deltas: 88 bytes
        |-- start pointer deltas: 88 bytes
|-- points [org.apache.lucene.codecs.lucene60.Lucene60PointsReader@577ebccf]: 1 bytes
    |-- _seq_no [org.apache.lucene.util.bkd.BKDReader@5c9916c]: 1 bytes

  2 of 10: name=_1 maxDoc=47
    version=8.3.0
    id=3snnz99pchiceseeauia6kpwo
    codec=Lucene80
    compound=true
    numFiles=3
    size (MB)=0.003
    diagnostics = {java.vendor=Oracle Corporation, os=Windows 7, java.version=12.0.2, java.vm.version=12.0.2+10, lucene.version=8.3.0, os.arch=amd64, java.runtime.version=12.0.2+10, source=flush, os.version=6.1, timestamp=1581891867476}
    no deletions
    test: open reader.........OK [took 0.001 sec]
    test: check integrity.....OK [took 0.000 sec]

detailed segment RAM usage: 
_1(8.3.0):c47:[diagnostics={java.vendor=Oracle Corporation, os=Windows 7, java.version=12.0.2, java.vm.version=12.0.2+10, lucene.version=8.3.0, os.arch=amd64, java.runtime.version=12.0.2+10, source=flush, os.version=6.1, timestamp=1581891867476}]:[attributes={Lucene50StoredFieldsFormat.mode=BEST_SPEED}]: 701 bytes
|-- postings [PerFieldPostings(segment=_1 formats=1)]: 320 bytes
    |-- format 'Lucene50_0' [BlockTreeTermsReader(fields=1,delegate=Lucene50PostingsReader(positions=false,payloads=false))]: 280 bytes
        |-- field '_id' [BlockTreeTerms(seg=_1 terms=47,postings=47,positions=47,docs=47)]: 248 bytes
            |-- term index [FST(input=BYTE1,output=ByteSequenceOutputs]: 88 bytes
        |-- delegate [Lucene50PostingsReader(positions=false,payloads=false)]: 32 bytes
|-- docvalues [PerFieldDocValues(formats=1)]: 68 bytes
    |-- format 'Lucene80_0' [org.apache.lucene.codecs.lucene80.Lucene80DocValuesProducer@2864fb2b]: 48 bytes
|-- stored fields [CompressingStoredFieldsReader(mode=FAST,chunksize=16384)]: 312 bytes
    |-- stored field index [CompressingStoredFieldsIndexReader(blocks=1)]: 312 bytes
        |-- doc base deltas: 88 bytes
        |-- start pointer deltas: 88 bytes
|-- points [org.apache.lucene.codecs.lucene60.Lucene60PointsReader@616f4dba]: 1 bytes
    |-- _seq_no [org.apache.lucene.util.bkd.BKDReader@40a40016]: 1 bytes

  3 of 10: name=_2 maxDoc=34
    version=8.3.0
    id=3snnz99pchiceseeauia6kpwq
    codec=Lucene80
    compound=true
    numFiles=3
    size (MB)=0.003
    diagnostics = {java.vendor=Oracle Corporation, os=Windows 7, java.version=12.0.2, java.vm.version=12.0.2+10, lucene.version=8.3.0, os.arch=amd64, java.runtime.version=12.0.2+10, source=flush, os.version=6.1, timestamp=1581891867534}
    no deletions
    test: open reader.........OK [took 0.001 sec]
    test: check integrity.....OK [took 0.000 sec]

detailed segment RAM usage: 
_2(8.3.0):c34:[diagnostics={java.vendor=Oracle Corporation, os=Windows 7, java.version=12.0.2, java.vm.version=12.0.2+10, lucene.version=8.3.0, os.arch=amd64, java.runtime.version=12.0.2+10, source=flush, os.version=6.1, timestamp=1581891867534}]:[attributes={Lucene50StoredFieldsFormat.mode=BEST_SPEED}]: 701 bytes
|-- postings [PerFieldPostings(segment=_2 formats=1)]: 320 bytes
    |-- format 'Lucene50_0' [BlockTreeTermsReader(fields=1,delegate=Lucene50PostingsReader(positions=false,payloads=false))]: 280 bytes
        |-- field '_id' [BlockTreeTerms(seg=_2 terms=34,postings=34,positions=34,docs=34)]: 248 bytes
            |-- term index [FST(input=BYTE1,output=ByteSequenceOutputs]: 88 bytes
        |-- delegate [Lucene50PostingsReader(positions=false,payloads=false)]: 32 bytes
|-- docvalues [PerFieldDocValues(formats=1)]: 68 bytes
    |-- format 'Lucene80_0' [org.apache.lucene.codecs.lucene80.Lucene80DocValuesProducer@2b1d1b5e]: 48 bytes
|-- stored fields [CompressingStoredFieldsReader(mode=FAST,chunksize=16384)]: 312 bytes
    |-- stored field index [CompressingStoredFieldsIndexReader(blocks=1)]: 312 bytes
        |-- doc base deltas: 88 bytes
        |-- start pointer deltas: 88 bytes
|-- points [org.apache.lucene.codecs.lucene60.Lucene60PointsReader@4bd91a9b]: 1 bytes
    |-- _seq_no [org.apache.lucene.util.bkd.BKDReader@40bcce44]: 1 bytes

  4 of 10: name=_3 maxDoc=39
    version=8.3.0
    id=3snnz99pchiceseeauia6kpws
    codec=Lucene80
    compound=true
    numFiles=3
    size (MB)=0.003
    diagnostics = {java.vendor=Oracle Corporation, os=Windows 7, java.version=12.0.2, java.vm.version=12.0.2+10, lucene.version=8.3.0, os.arch=amd64, java.runtime.version=12.0.2+10, source=flush, os.version=6.1, timestamp=1581891867590}
    no deletions
    test: open reader.........OK [took 0.001 sec]
    test: check integrity.....OK [took 0.000 sec]

detailed segment RAM usage: 
_3(8.3.0):c39:[diagnostics={java.vendor=Oracle Corporation, os=Windows 7, java.version=12.0.2, java.vm.version=12.0.2+10, lucene.version=8.3.0, os.arch=amd64, java.runtime.version=12.0.2+10, source=flush, os.version=6.1, timestamp=1581891867590}]:[attributes={Lucene50StoredFieldsFormat.mode=BEST_SPEED}]: 701 bytes
|-- postings [PerFieldPostings(segment=_3 formats=1)]: 320 bytes
    |-- format 'Lucene50_0' [BlockTreeTermsReader(fields=1,delegate=Lucene50PostingsReader(positions=false,payloads=false))]: 280 bytes
        |-- field '_id' [BlockTreeTerms(seg=_3 terms=39,postings=39,positions=39,docs=39)]: 248 bytes
            |-- term index [FST(input=BYTE1,output=ByteSequenceOutputs]: 88 bytes
        |-- delegate [Lucene50PostingsReader(positions=false,payloads=false)]: 32 bytes
|-- docvalues [PerFieldDocValues(formats=1)]: 68 bytes
    |-- format 'Lucene80_0' [org.apache.lucene.codecs.lucene80.Lucene80DocValuesProducer@1435f0ec]: 48 bytes
|-- stored fields [CompressingStoredFieldsReader(mode=FAST,chunksize=16384)]: 312 bytes
    |-- stored field index [CompressingStoredFieldsIndexReader(blocks=1)]: 312 bytes
        |-- doc base deltas: 88 bytes
        |-- start pointer deltas: 88 bytes
|-- points [org.apache.lucene.codecs.lucene60.Lucene60PointsReader@32ddd2c0]: 1 bytes
    |-- _seq_no [org.apache.lucene.util.bkd.BKDReader@1e152b70]: 1 bytes

  5 of 10: name=_4 maxDoc=91
    version=8.3.0
    id=3snnz99pchiceseeauia6kpwu
    codec=Lucene80
    compound=true
    numFiles=3
    size (MB)=0.003
    diagnostics = {java.vendor=Oracle Corporation, os=Windows 7, java.version=12.0.2, java.vm.version=12.0.2+10, lucene.version=8.3.0, os.arch=amd64, java.runtime.version=12.0.2+10, source=flush, os.version=6.1, timestamp=1581891867675}
    no deletions
    test: open reader.........OK [took 0.001 sec]
    test: check integrity.....OK [took 0.000 sec]

detailed segment RAM usage: 
_4(8.3.0):c91:[diagnostics={java.vendor=Oracle Corporation, os=Windows 7, java.version=12.0.2, java.vm.version=12.0.2+10, lucene.version=8.3.0, os.arch=amd64, java.runtime.version=12.0.2+10, source=flush, os.version=6.1, timestamp=1581891867675}]:[attributes={Lucene50StoredFieldsFormat.mode=BEST_SPEED}]: 701 bytes
|-- postings [PerFieldPostings(segment=_4 formats=1)]: 320 bytes
    |-- format 'Lucene50_0' [BlockTreeTermsReader(fields=1,delegate=Lucene50PostingsReader(positions=false,payloads=false))]: 280 bytes
        |-- field '_id' [BlockTreeTerms(seg=_4 terms=91,postings=91,positions=91,docs=91)]: 248 bytes
            |-- term index [FST(input=BYTE1,output=ByteSequenceOutputs]: 88 bytes
        |-- delegate [Lucene50PostingsReader(positions=false,payloads=false)]: 32 bytes
|-- docvalues [PerFieldDocValues(formats=1)]: 68 bytes
    |-- format 'Lucene80_0' [org.apache.lucene.codecs.lucene80.Lucene80DocValuesProducer@3794e842]: 48 bytes
|-- stored fields [CompressingStoredFieldsReader(mode=FAST,chunksize=16384)]: 312 bytes
    |-- stored field index [CompressingStoredFieldsIndexReader(blocks=1)]: 312 bytes
        |-- doc base deltas: 88 bytes
        |-- start pointer deltas: 88 bytes
|-- points [org.apache.lucene.codecs.lucene60.Lucene60PointsReader@ed0b6b]: 1 bytes
    |-- _seq_no [org.apache.lucene.util.bkd.BKDReader@2c70f17]: 1 bytes

  6 of 10: name=_5 maxDoc=37
    version=8.3.0
    id=3snnz99pchiceseeauia6kpww
    codec=Lucene80
    compound=true
    numFiles=3
    size (MB)=0.003
    diagnostics = {java.vendor=Oracle Corporation, os=Windows 7, java.version=12.0.2, java.vm.version=12.0.2+10, lucene.version=8.3.0, os.arch=amd64, java.runtime.version=12.0.2+10, source=flush, os.version=6.1, timestamp=1581891867720}
    no deletions
    test: open reader.........OK [took 0.001 sec]
    test: check integrity.....OK [took 0.000 sec]

detailed segment RAM usage: 
_5(8.3.0):c37:[diagnostics={java.vendor=Oracle Corporation, os=Windows 7, java.version=12.0.2, java.vm.version=12.0.2+10, lucene.version=8.3.0, os.arch=amd64, java.runtime.version=12.0.2+10, source=flush, os.version=6.1, timestamp=1581891867720}]:[attributes={Lucene50StoredFieldsFormat.mode=BEST_SPEED}]: 701 bytes
|-- postings [PerFieldPostings(segment=_5 formats=1)]: 320 bytes
    |-- format 'Lucene50_0' [BlockTreeTermsReader(fields=1,delegate=Lucene50PostingsReader(positions=false,payloads=false))]: 280 bytes
        |-- field '_id' [BlockTreeTerms(seg=_5 terms=37,postings=37,positions=37,docs=37)]: 248 bytes
            |-- term index [FST(input=BYTE1,output=ByteSequenceOutputs]: 88 bytes
        |-- delegate [Lucene50PostingsReader(positions=false,payloads=false)]: 32 bytes
|-- docvalues [PerFieldDocValues(formats=1)]: 68 bytes
    |-- format 'Lucene80_0' [org.apache.lucene.codecs.lucene80.Lucene80DocValuesProducer@acd5819]: 48 bytes
|-- stored fields [CompressingStoredFieldsReader(mode=FAST,chunksize=16384)]: 312 bytes
    |-- stored field index [CompressingStoredFieldsIndexReader(blocks=1)]: 312 bytes
        |-- doc base deltas: 88 bytes
        |-- start pointer deltas: 88 bytes
|-- points [org.apache.lucene.codecs.lucene60.Lucene60PointsReader@304851e0]: 1 bytes
    |-- _seq_no [org.apache.lucene.util.bkd.BKDReader@6e4f1763]: 1 bytes

  7 of 10: name=_6 maxDoc=94
    version=8.3.0
    id=3snnz99pchiceseeauia6kpwy
    codec=Lucene80
    compound=true
    numFiles=3
    size (MB)=0.004
    diagnostics = {java.vendor=Oracle Corporation, os=Windows 7, java.version=12.0.2, java.vm.version=12.0.2+10, lucene.version=8.3.0, os.arch=amd64, java.runtime.version=12.0.2+10, source=flush, os.version=6.1, timestamp=1581891867788}
    no deletions
    test: open reader.........OK [took 0.001 sec]
    test: check integrity.....OK [took 0.000 sec]

detailed segment RAM usage: 
_6(8.3.0):c94:[diagnostics={java.vendor=Oracle Corporation, os=Windows 7, java.version=12.0.2, java.vm.version=12.0.2+10, lucene.version=8.3.0, os.arch=amd64, java.runtime.version=12.0.2+10, source=flush, os.version=6.1, timestamp=1581891867788}]:[attributes={Lucene50StoredFieldsFormat.mode=BEST_SPEED}]: 701 bytes
|-- postings [PerFieldPostings(segment=_6 formats=1)]: 320 bytes
    |-- format 'Lucene50_0' [BlockTreeTermsReader(fields=1,delegate=Lucene50PostingsReader(positions=false,payloads=false))]: 280 bytes
        |-- field '_id' [BlockTreeTerms(seg=_6 terms=94,postings=94,positions=94,docs=94)]: 248 bytes
            |-- term index [FST(input=BYTE1,output=ByteSequenceOutputs]: 88 bytes
        |-- delegate [Lucene50PostingsReader(positions=false,payloads=false)]: 32 bytes
|-- docvalues [PerFieldDocValues(formats=1)]: 68 bytes
    |-- format 'Lucene80_0' [org.apache.lucene.codecs.lucene80.Lucene80DocValuesProducer@3f02c55]: 48 bytes
|-- stored fields [CompressingStoredFieldsReader(mode=FAST,chunksize=16384)]: 312 bytes
    |-- stored field index [CompressingStoredFieldsIndexReader(blocks=1)]: 312 bytes
        |-- doc base deltas: 88 bytes
        |-- start pointer deltas: 88 bytes
|-- points [org.apache.lucene.codecs.lucene60.Lucene60PointsReader@1512c747]: 1 bytes
    |-- _seq_no [org.apache.lucene.util.bkd.BKDReader@45b18dae]: 1 bytes

  8 of 10: name=_7 maxDoc=19
    version=8.3.0
    id=3snnz99pchiceseeauia6kpx0
    codec=Lucene80
    compound=true
    numFiles=3
    size (MB)=0.003
    diagnostics = {java.vendor=Oracle Corporation, os=Windows 7, java.version=12.0.2, java.vm.version=12.0.2+10, lucene.version=8.3.0, os.arch=amd64, java.runtime.version=12.0.2+10, source=flush, os.version=6.1, timestamp=1581891867839}
    no deletions
    test: open reader.........OK [took 0.001 sec]
    test: check integrity.....OK [took 0.000 sec]

detailed segment RAM usage: 
_7(8.3.0):c19:[diagnostics={java.vendor=Oracle Corporation, os=Windows 7, java.version=12.0.2, java.vm.version=12.0.2+10, lucene.version=8.3.0, os.arch=amd64, java.runtime.version=12.0.2+10, source=flush, os.version=6.1, timestamp=1581891867839}]:[attributes={Lucene50StoredFieldsFormat.mode=BEST_SPEED}]: 701 bytes
|-- postings [PerFieldPostings(segment=_7 formats=1)]: 320 bytes
    |-- format 'Lucene50_0' [BlockTreeTermsReader(fields=1,delegate=Lucene50PostingsReader(positions=false,payloads=false))]: 280 bytes
        |-- field '_id' [BlockTreeTerms(seg=_7 terms=19,postings=19,positions=19,docs=19)]: 248 bytes
            |-- term index [FST(input=BYTE1,output=ByteSequenceOutputs]: 88 bytes
        |-- delegate [Lucene50PostingsReader(positions=false,payloads=false)]: 32 bytes
|-- docvalues [PerFieldDocValues(formats=1)]: 68 bytes
    |-- format 'Lucene80_0' [org.apache.lucene.codecs.lucene80.Lucene80DocValuesProducer@18b5e32b]: 48 bytes
|-- stored fields [CompressingStoredFieldsReader(mode=FAST,chunksize=16384)]: 312 bytes
    |-- stored field index [CompressingStoredFieldsIndexReader(blocks=1)]: 312 bytes
        |-- doc base deltas: 88 bytes
        |-- start pointer deltas: 88 bytes
|-- points [org.apache.lucene.codecs.lucene60.Lucene60PointsReader@51a0d16e]: 1 bytes
    |-- _seq_no [org.apache.lucene.util.bkd.BKDReader@395667e8]: 1 bytes

  9 of 10: name=_8 maxDoc=32
    version=8.3.0
    id=3snnz99pchiceseeauia6kpx2
    codec=Lucene80
    compound=true
    numFiles=3
    size (MB)=0.003
    diagnostics = {java.vendor=Oracle Corporation, os=Windows 7, java.version=12.0.2, java.vm.version=12.0.2+10, lucene.version=8.3.0, os.arch=amd64, java.runtime.version=12.0.2+10, source=flush, os.version=6.1, timestamp=1581891867986}
    no deletions
    test: open reader.........OK [took 0.001 sec]
    test: check integrity.....OK [took 0.000 sec]

detailed segment RAM usage: 
_8(8.3.0):c32:[diagnostics={java.vendor=Oracle Corporation, os=Windows 7, java.version=12.0.2, java.vm.version=12.0.2+10, lucene.version=8.3.0, os.arch=amd64, java.runtime.version=12.0.2+10, source=flush, os.version=6.1, timestamp=1581891867986}]:[attributes={Lucene50StoredFieldsFormat.mode=BEST_SPEED}]: 701 bytes
|-- postings [PerFieldPostings(segment=_8 formats=1)]: 320 bytes
    |-- format 'Lucene50_0' [BlockTreeTermsReader(fields=1,delegate=Lucene50PostingsReader(positions=false,payloads=false))]: 280 bytes
        |-- field '_id' [BlockTreeTerms(seg=_8 terms=32,postings=32,positions=32,docs=32)]: 248 bytes
            |-- term index [FST(input=BYTE1,output=ByteSequenceOutputs]: 88 bytes
        |-- delegate [Lucene50PostingsReader(positions=false,payloads=false)]: 32 bytes
|-- docvalues [PerFieldDocValues(formats=1)]: 68 bytes
    |-- format 'Lucene80_0' [org.apache.lucene.codecs.lucene80.Lucene80DocValuesProducer@337a6da9]: 48 bytes
|-- stored fields [CompressingStoredFieldsReader(mode=FAST,chunksize=16384)]: 312 bytes
    |-- stored field index [CompressingStoredFieldsIndexReader(blocks=1)]: 312 bytes
        |-- doc base deltas: 88 bytes
        |-- start pointer deltas: 88 bytes
|-- points [org.apache.lucene.codecs.lucene60.Lucene60PointsReader@39193509]: 1 bytes
    |-- _seq_no [org.apache.lucene.util.bkd.BKDReader@508d1f1]: 1 bytes

  10 of 10: name=_9 maxDoc=20
    version=8.3.0
    id=3snnz99pchiceseeauia6kpx4
    codec=Lucene80
    compound=true
    numFiles=3
    size (MB)=0.003
    diagnostics = {java.vendor=Oracle Corporation, os=Windows 7, java.version=12.0.2, java.vm.version=12.0.2+10, lucene.version=8.3.0, os.arch=amd64, java.runtime.version=12.0.2+10, source=flush, os.version=6.1, timestamp=1581891868052}
    no deletions
    test: open reader.........OK [took 0.001 sec]
    test: check integrity.....OK [took 0.000 sec]

detailed segment RAM usage: 
_9(8.3.0):c20:[diagnostics={java.vendor=Oracle Corporation, os=Windows 7, java.version=12.0.2, java.vm.version=12.0.2+10, lucene.version=8.3.0, os.arch=amd64, java.runtime.version=12.0.2+10, source=flush, os.version=6.1, timestamp=1581891868052}]:[attributes={Lucene50StoredFieldsFormat.mode=BEST_SPEED}]: 701 bytes
|-- postings [PerFieldPostings(segment=_9 formats=1)]: 320 bytes
    |-- format 'Lucene50_0' [BlockTreeTermsReader(fields=1,delegate=Lucene50PostingsReader(positions=false,payloads=false))]: 280 bytes
        |-- field '_id' [BlockTreeTerms(seg=_9 terms=20,postings=20,positions=20,docs=20)]: 248 bytes
            |-- term index [FST(input=BYTE1,output=ByteSequenceOutputs]: 88 bytes
        |-- delegate [Lucene50PostingsReader(positions=false,payloads=false)]: 32 bytes
|-- docvalues [PerFieldDocValues(formats=1)]: 68 bytes
    |-- format 'Lucene80_0' [org.apache.lucene.codecs.lucene80.Lucene80DocValuesProducer@46b4218b]: 48 bytes
|-- stored fields [CompressingStoredFieldsReader(mode=FAST,chunksize=16384)]: 312 bytes
    |-- stored field index [CompressingStoredFieldsIndexReader(blocks=1)]: 312 bytes
        |-- doc base deltas: 88 bytes
        |-- start pointer deltas: 88 bytes
|-- points [org.apache.lucene.codecs.lucene60.Lucene60PointsReader@5f0f7f5]: 1 bytes
    |-- _seq_no [org.apache.lucene.util.bkd.BKDReader@4529450d]: 1 bytes

No problems were detected with this index.

Took 0.037 sec total.
Marking index with the new history uuid : AmzfsKP6SL2m4dbEwDHvFA
Changing allocation id H5X7AHquTQSpXUoPZqtVjg to viKZ-xdPQjKI3-J43AKnXw

You should run the following command to allocate this shard:

POST /_cluster/reroute
{
  "commands" : [
    {
      "allocate_stale_primary" : {
        "index" : "index0",
        "shard" : 0,
        "node" : "6l4Zgf__T_-j80ae_____w",
        "accept_data_loss" : false
      }
    }
  ]
}

You must accept the possibility of data loss by changing the `accept_data_loss` parameter to `true`.

This shard has been marked as corrupted but no corruption can now be detected.
This may indicate an intermittent hardware problem. The corruption marker can be 
removed, but there is a risk that data has been undetectably lost.

Are you taking a risk of losing documents and proceed with removing a corrupted marker ?
Deleted corrupt marker corrupted_1BF1RkjRToGAenjBL8EQxg from E:\NotD\git\elasticsearch\server\build\testrun\test\temp\org.elasticsearch.index.shard.RemoveCorruptedShardDataCommandTests_9EA1F2A3814E5F76-001\tempDir-004\nodes\0\indices\_na_\0\index

[2020-02-16T15:24:28,372][WARN ][o.e.i.IndexSettings      ] [testCleanWithCorruptionMarker] [index0] [index.merge.enabled] is set to false, this should only be used in tests and can cause serious problems in production environments
[2020-02-16T15:24:28,374][WARN ][o.e.i.IndexSettings      ] [testCleanWithCorruptionMarker] [index] [index.merge.enabled] is set to false, this should only be used in tests and can cause serious problems in production environments
[2020-02-16T15:24:28,661][INFO ][o.e.i.s.RemoveCorruptedShardDataCommandTests] [testCleanWithCorruptionMarker] after test
[2020-02-16T15:24:28,674][INFO ][o.e.i.s.RemoveCorruptedShardDataCommandTests] [testShardLock] before test
[2020-02-16T15:24:28,677][WARN ][o.e.i.IndexSettings      ] [testShardLock] [index0] [index.merge.enabled] is set to false, this should only be used in tests and can cause serious problems in production environments
[2020-02-16T15:24:28,682][WARN ][o.e.i.IndexSettings      ] [testShardLock] [index] [index.merge.enabled] is set to false, this should only be used in tests and can cause serious problems in production environments
[2020-02-16T15:24:29,728][INFO ][o.e.i.s.RemoveCorruptedShardDataCommandTests] [testShardLock] --> indexed 459 docs, 459 to keep
[2020-02-16T15:24:29,736][INFO ][o.e.e.NodeEnvironment    ] [testShardLock] using [1] data paths, mounts [[Old HDD (E:)]], net usable_space [89.5gb], net total_space [232.8gb], types [NTFS]
[2020-02-16T15:24:29,737][INFO ][o.e.e.NodeEnvironment    ] [testShardLock] heap size [512mb], compressed ordinary object pointers [true]
[2020-02-16T15:24:29,765][INFO ][o.e.i.s.RemoveCorruptedShardDataCommandTests] [testShardLock] --> index metadata persisted to [E:\NotD\git\elasticsearch\server\build\testrun\test\temp\org.elasticsearch.index.shard.RemoveCorruptedShardDataCommandTests_9EA1F2A3814E5F76-001\tempDir-008\nodes\0\indices\_na_] 
[2020-02-16T15:24:29,775][WARN ][o.e.i.IndexSettings      ] [testShardLock] [index0] [index.merge.enabled] is set to false, this should only be used in tests and can cause serious problems in production environments
[2020-02-16T15:24:29,849][WARN ][o.e.i.IndexSettings      ] [testShardLock] [index0] [index.merge.enabled] is set to false, this should only be used in tests and can cause serious problems in production environments
[2020-02-16T15:24:29,878][WARN ][o.e.i.IndexSettings      ] [testShardLock] [index0] [index.merge.enabled] is set to false, this should only be used in tests and can cause serious problems in production environments
[2020-02-16T15:24:29,883][INFO ][o.e.i.s.RemoveCorruptedShardDataCommandTests] [testShardLock] after test
[2020-02-16T15:24:29,899][INFO ][o.e.i.s.RemoveCorruptedShardDataCommandTests] [testCorruptedTranslog] before test
[2020-02-16T15:24:29,902][WARN ][o.e.i.IndexSettings      ] [testCorruptedTranslog] [index0] [index.merge.enabled] is set to false, this should only be used in tests and can cause serious problems in production environments
[2020-02-16T15:24:29,906][WARN ][o.e.i.IndexSettings      ] [testCorruptedTranslog] [index] [index.merge.enabled] is set to false, this should only be used in tests and can cause serious problems in production environments
[2020-02-16T15:24:30,586][INFO ][o.e.i.s.RemoveCorruptedShardDataCommandTests] [testCorruptedTranslog] --> indexed 622 docs, 583 to keep
[2020-02-16T15:24:30,592][INFO ][o.e.e.NodeEnvironment    ] [testCorruptedTranslog] using [1] data paths, mounts [[Old HDD (E:)]], net usable_space [89.5gb], net total_space [232.8gb], types [NTFS]
[2020-02-16T15:24:30,592][INFO ][o.e.e.NodeEnvironment    ] [testCorruptedTranslog] heap size [512mb], compressed ordinary object pointers [true]
[2020-02-16T15:24:30,601][INFO ][o.e.i.s.RemoveCorruptedShardDataCommandTests] [testCorruptedTranslog] --> index metadata persisted to [E:\NotD\git\elasticsearch\server\build\testrun\test\temp\org.elasticsearch.index.shard.RemoveCorruptedShardDataCommandTests_9EA1F2A3814E5F76-001\tempDir-010\nodes\0\indices\_na_] 
[2020-02-16T15:24:30,681][INFO ][o.e.i.s.RemoveCorruptedShardDataCommandTests] [testCorruptedTranslog] --> corruptRandomTranslogFile: translogDir [E:\NotD\git\elasticsearch\server\build\testrun\test\temp\org.elasticsearch.index.shard.RemoveCorruptedShardDataCommandTests_9EA1F2A3814E5F76-001\tempDir-010\nodes\0\indices\_na_\0\translog], minUsedTranslogGen [11]
[2020-02-16T15:24:30,683][INFO ][o.e.i.s.RemoveCorruptedShardDataCommandTests] [testCorruptedTranslog] corruptFile: corrupting file E:\NotD\git\elasticsearch\server\build\testrun\test\temp\org.elasticsearch.index.shard.RemoveCorruptedShardDataCommandTests_9EA1F2A3814E5F76-001\tempDir-010\nodes\0\indices\_na_\0\translog\translog-11.tlog at position 802 turning 0xff into 0x67
[2020-02-16T15:24:30,684][WARN ][o.e.i.IndexSettings      ] [testCorruptedTranslog] [index0] [index.merge.enabled] is set to false, this should only be used in tests and can cause serious problems in production environments
[2020-02-16T15:24:30,687][WARN ][o.e.i.IndexSettings      ] [testCorruptedTranslog] [index] [index.merge.enabled] is set to false, this should only be used in tests and can cause serious problems in production environments
[2020-02-16T15:24:30,863][WARN ][o.e.i.e.Engine           ] [testCorruptedTranslog] [index0][0] failed engine [failed to recover from translog]
org.elasticsearch.index.engine.EngineException: failed to recover from translog
	at org.elasticsearch.index.engine.InternalEngine.recoverFromTranslogInternal(InternalEngine.java:478) ~[main/:?]
	at org.elasticsearch.index.engine.InternalEngine.recoverFromTranslog(InternalEngine.java:448) [main/:?]
	at org.elasticsearch.index.engine.InternalEngine.recoverFromTranslog(InternalEngine.java:126) [main/:?]
	at org.elasticsearch.index.shard.IndexShard.openEngineAndRecoverFromTranslog(IndexShard.java:1590) [main/:?]
	at org.elasticsearch.index.shard.StoreRecovery.internalRecoverFromStore(StoreRecovery.java:422) [main/:?]
	at org.elasticsearch.index.shard.StoreRecovery.lambda$recoverFromStore$0(StoreRecovery.java:95) [main/:?]
	at org.elasticsearch.index.shard.StoreRecovery.executeRecovery(StoreRecovery.java:308) [main/:?]
	at org.elasticsearch.index.shard.StoreRecovery.recoverFromStore(StoreRecovery.java:93) [main/:?]
	at org.elasticsearch.index.shard.IndexShard.recoverFromStore(IndexShard.java:1859) [main/:?]
	at org.elasticsearch.index.shard.IndexShardTestCase.recoverShardFromStore(IndexShardTestCase.java:549) [framework-7.5.1-SNAPSHOT.jar:?]
	at org.elasticsearch.index.shard.IndexShardTestCase.newStartedShard(IndexShardTestCase.java:511) [framework-7.5.1-SNAPSHOT.jar:?]
	at org.elasticsearch.index.shard.RemoveCorruptedShardDataCommandTests.lambda$testCorruptedTranslog$6(RemoveCorruptedShardDataCommandTests.java:227) [test/:?]
	at org.apache.lucene.util.LuceneTestCase._expectThrows(LuceneTestCase.java:2842) [lucene-test-framework-8.3.0.jar:8.3.0 2aa586909b911e66e1d8863aa89f173d69f86cd2 - ishan - 2019-10-25 23:10:05]
	at org.apache.lucene.util.LuceneTestCase.expectThrows(LuceneTestCase.java:2717) [lucene-test-framework-8.3.0.jar:8.3.0 2aa586909b911e66e1d8863aa89f173d69f86cd2 - ishan - 2019-10-25 23:10:05]
	at org.apache.lucene.util.LuceneTestCase.expectThrows(LuceneTestCase.java:2712) [lucene-test-framework-8.3.0.jar:8.3.0 2aa586909b911e66e1d8863aa89f173d69f86cd2 - ishan - 2019-10-25 23:10:05]
	at org.elasticsearch.index.shard.RemoveCorruptedShardDataCommandTests.testCorruptedTranslog(RemoveCorruptedShardDataCommandTests.java:227) [test/:?]
	at jdk.internal.reflect.NativeMethodAccessorImpl.invoke0(Native Method) ~[?:?]
	at jdk.internal.reflect.NativeMethodAccessorImpl.invoke(NativeMethodAccessorImpl.java:62) ~[?:?]
	at jdk.internal.reflect.DelegatingMethodAccessorImpl.invoke(DelegatingMethodAccessorImpl.java:43) ~[?:?]
	at java.lang.reflect.Method.invoke(Method.java:567) ~[?:?]
	at com.carrotsearch.randomizedtesting.RandomizedRunner.invoke(RandomizedRunner.java:1750) [randomizedtesting-runner-2.7.1.jar:?]
	at com.carrotsearch.randomizedtesting.RandomizedRunner$8.evaluate(RandomizedRunner.java:938) [randomizedtesting-runner-2.7.1.jar:?]
	at com.carrotsearch.randomizedtesting.RandomizedRunner$9.evaluate(RandomizedRunner.java:974) [randomizedtesting-runner-2.7.1.jar:?]
	at com.carrotsearch.randomizedtesting.RandomizedRunner$10.evaluate(RandomizedRunner.java:988) [randomizedtesting-runner-2.7.1.jar:?]
	at com.carrotsearch.randomizedtesting.rules.StatementAdapter.evaluate(StatementAdapter.java:36) [randomizedtesting-runner-2.7.1.jar:?]
	at org.apache.lucene.util.TestRuleSetupTeardownChained$1.evaluate(TestRuleSetupTeardownChained.java:49) [lucene-test-framework-8.3.0.jar:8.3.0 2aa586909b911e66e1d8863aa89f173d69f86cd2 - ishan - 2019-10-25 23:10:05]
	at org.apache.lucene.util.AbstractBeforeAfterRule$1.evaluate(AbstractBeforeAfterRule.java:45) [lucene-test-framework-8.3.0.jar:8.3.0 2aa586909b911e66e1d8863aa89f173d69f86cd2 - ishan - 2019-10-25 23:10:05]
	at org.apache.lucene.util.TestRuleThreadAndTestName$1.evaluate(TestRuleThreadAndTestName.java:48) [lucene-test-framework-8.3.0.jar:8.3.0 2aa586909b911e66e1d8863aa89f173d69f86cd2 - ishan - 2019-10-25 23:10:05]
	at org.apache.lucene.util.TestRuleIgnoreAfterMaxFailures$1.evaluate(TestRuleIgnoreAfterMaxFailures.java:64) [lucene-test-framework-8.3.0.jar:8.3.0 2aa586909b911e66e1d8863aa89f173d69f86cd2 - ishan - 2019-10-25 23:10:05]
	at org.apache.lucene.util.TestRuleMarkFailure$1.evaluate(TestRuleMarkFailure.java:47) [lucene-test-framework-8.3.0.jar:8.3.0 2aa586909b911e66e1d8863aa89f173d69f86cd2 - ishan - 2019-10-25 23:10:05]
	at com.carrotsearch.randomizedtesting.rules.StatementAdapter.evaluate(StatementAdapter.java:36) [randomizedtesting-runner-2.7.1.jar:?]
	at com.carrotsearch.randomizedtesting.ThreadLeakControl$StatementRunner.run(ThreadLeakControl.java:368) [randomizedtesting-runner-2.7.1.jar:?]
	at com.carrotsearch.randomizedtesting.ThreadLeakControl.forkTimeoutingTask(ThreadLeakControl.java:817) [randomizedtesting-runner-2.7.1.jar:?]
	at com.carrotsearch.randomizedtesting.ThreadLeakControl$3.evaluate(ThreadLeakControl.java:468) [randomizedtesting-runner-2.7.1.jar:?]
	at com.carrotsearch.randomizedtesting.RandomizedRunner.runSingleTest(RandomizedRunner.java:947) [randomizedtesting-runner-2.7.1.jar:?]
	at com.carrotsearch.randomizedtesting.RandomizedRunner$5.evaluate(RandomizedRunner.java:832) [randomizedtesting-runner-2.7.1.jar:?]
	at com.carrotsearch.randomizedtesting.RandomizedRunner$6.evaluate(RandomizedRunner.java:883) [randomizedtesting-runner-2.7.1.jar:?]
	at com.carrotsearch.randomizedtesting.RandomizedRunner$7.evaluate(RandomizedRunner.java:894) [randomizedtesting-runner-2.7.1.jar:?]
	at org.apache.lucene.util.AbstractBeforeAfterRule$1.evaluate(AbstractBeforeAfterRule.java:45) [lucene-test-framework-8.3.0.jar:8.3.0 2aa586909b911e66e1d8863aa89f173d69f86cd2 - ishan - 2019-10-25 23:10:05]
	at com.carrotsearch.randomizedtesting.rules.StatementAdapter.evaluate(StatementAdapter.java:36) [randomizedtesting-runner-2.7.1.jar:?]
	at org.apache.lucene.util.TestRuleStoreClassName$1.evaluate(TestRuleStoreClassName.java:41) [lucene-test-framework-8.3.0.jar:8.3.0 2aa586909b911e66e1d8863aa89f173d69f86cd2 - ishan - 2019-10-25 23:10:05]
	at com.carrotsearch.randomizedtesting.rules.NoShadowingOrOverridesOnMethodsRule$1.evaluate(NoShadowingOrOverridesOnMethodsRule.java:40) [randomizedtesting-runner-2.7.1.jar:?]
	at com.carrotsearch.randomizedtesting.rules.NoShadowingOrOverridesOnMethodsRule$1.evaluate(NoShadowingOrOverridesOnMethodsRule.java:40) [randomizedtesting-runner-2.7.1.jar:?]
	at com.carrotsearch.randomizedtesting.rules.StatementAdapter.evaluate(StatementAdapter.java:36) [randomizedtesting-runner-2.7.1.jar:?]
	at com.carrotsearch.randomizedtesting.rules.StatementAdapter.evaluate(StatementAdapter.java:36) [randomizedtesting-runner-2.7.1.jar:?]
	at org.apache.lucene.util.TestRuleAssertionsRequired$1.evaluate(TestRuleAssertionsRequired.java:53) [lucene-test-framework-8.3.0.jar:8.3.0 2aa586909b911e66e1d8863aa89f173d69f86cd2 - ishan - 2019-10-25 23:10:05]
	at org.apache.lucene.util.TestRuleMarkFailure$1.evaluate(TestRuleMarkFailure.java:47) [lucene-test-framework-8.3.0.jar:8.3.0 2aa586909b911e66e1d8863aa89f173d69f86cd2 - ishan - 2019-10-25 23:10:05]
	at org.apache.lucene.util.TestRuleIgnoreAfterMaxFailures$1.evaluate(TestRuleIgnoreAfterMaxFailures.java:64) [lucene-test-framework-8.3.0.jar:8.3.0 2aa586909b911e66e1d8863aa89f173d69f86cd2 - ishan - 2019-10-25 23:10:05]
	at org.apache.lucene.util.TestRuleIgnoreTestSuites$1.evaluate(TestRuleIgnoreTestSuites.java:54) [lucene-test-framework-8.3.0.jar:8.3.0 2aa586909b911e66e1d8863aa89f173d69f86cd2 - ishan - 2019-10-25 23:10:05]
	at com.carrotsearch.randomizedtesting.rules.StatementAdapter.evaluate(StatementAdapter.java:36) [randomizedtesting-runner-2.7.1.jar:?]
	at com.carrotsearch.randomizedtesting.ThreadLeakControl$StatementRunner.run(ThreadLeakControl.java:368) [randomizedtesting-runner-2.7.1.jar:?]
	at java.lang.Thread.run(Thread.java:835) [?:?]
Caused by: org.elasticsearch.index.translog.TranslogCorruptedException: translog from source [E:\NotD\git\elasticsearch\server\build\testrun\test\temp\org.elasticsearch.index.shard.RemoveCorruptedShardDataCommandTests_9EA1F2A3814E5F76-001\tempDir-010\nodes\0\indices\_na_\0\translog\translog-11.tlog] is corrupted, checksum verification failed - expected: 0x944a87d3, got: 0x14b8790c
	at org.elasticsearch.index.translog.Translog.verifyChecksum(Translog.java:1539) ~[main/:?]
	at org.elasticsearch.index.translog.Translog.readOperation(Translog.java:1571) ~[main/:?]
	at org.elasticsearch.index.translog.BaseTranslogReader.read(BaseTranslogReader.java:116) ~[main/:?]
	at org.elasticsearch.index.translog.TranslogSnapshot.readOperation(TranslogSnapshot.java:82) ~[main/:?]
	at org.elasticsearch.index.translog.TranslogSnapshot.next(TranslogSnapshot.java:70) ~[main/:?]
	at org.elasticsearch.index.translog.MultiSnapshot.next(MultiSnapshot.java:70) ~[main/:?]
	at org.elasticsearch.index.shard.IndexShard.runTranslogRecovery(IndexShard.java:1534) ~[main/:?]
	at org.elasticsearch.index.shard.IndexShard.lambda$openEngineAndRecoverFromTranslog$9(IndexShard.java:1585) ~[main/:?]
	at org.elasticsearch.index.engine.InternalEngine.recoverFromTranslogInternal(InternalEngine.java:476) ~[main/:?]
	... 51 more
[2020-02-16T15:24:30,875][WARN ][o.e.i.IndexSettings      ] [testCorruptedTranslog] [index0] [index.merge.enabled] is set to false, this should only be used in tests and can cause serious problems in production environments
[2020-02-16T15:24:30,911][WARN ][o.e.i.IndexSettings      ] [testCorruptedTranslog] [index0] [index.merge.enabled] is set to false, this should only be used in tests and can cause serious problems in production environments
[2020-02-16T15:24:30,920][INFO ][o.e.i.s.RemoveCorruptedShardDataCommandTests] [testCorruptedTranslog] --> output:
-----------------------------------------------------------------------

    WARNING: Elasticsearch MUST be stopped before running this tool.

  Please make a complete backup of your index before using this tool.

-----------------------------------------------------------------------

Opening Lucene index at E:\NotD\git\elasticsearch\server\build\testrun\test\temp\org.elasticsearch.index.shard.RemoveCorruptedShardDataCommandTests_9EA1F2A3814E5F76-001\tempDir-010\nodes\0\indices\_na_\0\index

0.00% total deletions; 583 documents; 0 deleteions
Segments file=segments_b numSegments=9 version=8.3.0 id=3snnz99pchiceseeauia6kpya userData={history_uuid=070IGdXsTY2-Rs3M-X-CBA, local_checkpoint=582, max_seq_no=582, max_unsafe_auto_id_timestamp=-1, min_retained_seq_no=0, translog_generation=11, translog_uuid=Gftp0N3kSCaiPLNXIBjEXg}
  1 of 9: name=_0 maxDoc=80
    version=8.3.0
    id=3snnz99pchiceseeauia6kpxt
    codec=Lucene80
    compound=true
    numFiles=3
    size (MB)=0.003
    diagnostics = {java.vendor=Oracle Corporation, os=Windows 7, java.version=12.0.2, java.vm.version=12.0.2+10, lucene.version=8.3.0, os.arch=amd64, java.runtime.version=12.0.2+10, source=flush, os.version=6.1, timestamp=1581891870034}
    no deletions
    test: open reader.........OK [took 0.001 sec]
    test: check integrity.....OK [took 0.000 sec]

detailed segment RAM usage: 
_0(8.3.0):c80:[diagnostics={java.vendor=Oracle Corporation, os=Windows 7, java.version=12.0.2, java.vm.version=12.0.2+10, lucene.version=8.3.0, os.arch=amd64, java.runtime.version=12.0.2+10, source=flush, os.version=6.1, timestamp=1581891870034}]:[attributes={Lucene50StoredFieldsFormat.mode=BEST_SPEED}]: 701 bytes
|-- postings [PerFieldPostings(segment=_0 formats=1)]: 320 bytes
    |-- format 'Lucene50_0' [BlockTreeTermsReader(fields=1,delegate=Lucene50PostingsReader(positions=false,payloads=false))]: 280 bytes
        |-- field '_id' [BlockTreeTerms(seg=_0 terms=80,postings=80,positions=80,docs=80)]: 248 bytes
            |-- term index [FST(input=BYTE1,output=ByteSequenceOutputs]: 88 bytes
        |-- delegate [Lucene50PostingsReader(positions=false,payloads=false)]: 32 bytes
|-- docvalues [PerFieldDocValues(formats=1)]: 68 bytes
    |-- format 'Lucene80_0' [org.apache.lucene.codecs.lucene80.Lucene80DocValuesProducer@137e0e89]: 48 bytes
|-- stored fields [CompressingStoredFieldsReader(mode=FAST,chunksize=16384)]: 312 bytes
    |-- stored field index [CompressingStoredFieldsIndexReader(blocks=1)]: 312 bytes
        |-- doc base deltas: 88 bytes
        |-- start pointer deltas: 88 bytes
|-- points [org.apache.lucene.codecs.lucene60.Lucene60PointsReader@677e3c85]: 1 bytes
    |-- _seq_no [org.apache.lucene.util.bkd.BKDReader@4c43ff1a]: 1 bytes

  2 of 9: name=_1 maxDoc=34
    version=8.3.0
    id=3snnz99pchiceseeauia6kpxv
    codec=Lucene80
    compound=true
    numFiles=3
    size (MB)=0.003
    diagnostics = {java.vendor=Oracle Corporation, os=Windows 7, java.version=12.0.2, java.vm.version=12.0.2+10, lucene.version=8.3.0, os.arch=amd64, java.runtime.version=12.0.2+10, source=flush, os.version=6.1, timestamp=1581891870083}
    no deletions
    test: open reader.........OK [took 0.001 sec]
    test: check integrity.....OK [took 0.000 sec]

detailed segment RAM usage: 
_1(8.3.0):c34:[diagnostics={java.vendor=Oracle Corporation, os=Windows 7, java.version=12.0.2, java.vm.version=12.0.2+10, lucene.version=8.3.0, os.arch=amd64, java.runtime.version=12.0.2+10, source=flush, os.version=6.1, timestamp=1581891870083}]:[attributes={Lucene50StoredFieldsFormat.mode=BEST_SPEED}]: 701 bytes
|-- postings [PerFieldPostings(segment=_1 formats=1)]: 320 bytes
    |-- format 'Lucene50_0' [BlockTreeTermsReader(fields=1,delegate=Lucene50PostingsReader(positions=false,payloads=false))]: 280 bytes
        |-- field '_id' [BlockTreeTerms(seg=_1 terms=34,postings=34,positions=34,docs=34)]: 248 bytes
            |-- term index [FST(input=BYTE1,output=ByteSequenceOutputs]: 88 bytes
        |-- delegate [Lucene50PostingsReader(positions=false,payloads=false)]: 32 bytes
|-- docvalues [PerFieldDocValues(formats=1)]: 68 bytes
    |-- format 'Lucene80_0' [org.apache.lucene.codecs.lucene80.Lucene80DocValuesProducer@3e019e71]: 48 bytes
|-- stored fields [CompressingStoredFieldsReader(mode=FAST,chunksize=16384)]: 312 bytes
    |-- stored field index [CompressingStoredFieldsIndexReader(blocks=1)]: 312 bytes
        |-- doc base deltas: 88 bytes
        |-- start pointer deltas: 88 bytes
|-- points [org.apache.lucene.codecs.lucene60.Lucene60PointsReader@6de90d84]: 1 bytes
    |-- _seq_no [org.apache.lucene.util.bkd.BKDReader@46636bb]: 1 bytes

  3 of 9: name=_2 maxDoc=99
    version=8.3.0
    id=3snnz99pchiceseeauia6kpxx
    codec=Lucene80
    compound=true
    numFiles=3
    size (MB)=0.004
    diagnostics = {java.vendor=Oracle Corporation, os=Windows 7, java.version=12.0.2, java.vm.version=12.0.2+10, lucene.version=8.3.0, os.arch=amd64, java.runtime.version=12.0.2+10, source=flush, os.version=6.1, timestamp=1581891870169}
    no deletions
    test: open reader.........OK [took 0.001 sec]
    test: check integrity.....OK [took 0.000 sec]

detailed segment RAM usage: 
_2(8.3.0):c99:[diagnostics={java.vendor=Oracle Corporation, os=Windows 7, java.version=12.0.2, java.vm.version=12.0.2+10, lucene.version=8.3.0, os.arch=amd64, java.runtime.version=12.0.2+10, source=flush, os.version=6.1, timestamp=1581891870169}]:[attributes={Lucene50StoredFieldsFormat.mode=BEST_SPEED}]: 701 bytes
|-- postings [PerFieldPostings(segment=_2 formats=1)]: 320 bytes
    |-- format 'Lucene50_0' [BlockTreeTermsReader(fields=1,delegate=Lucene50PostingsReader(positions=false,payloads=false))]: 280 bytes
        |-- field '_id' [BlockTreeTerms(seg=_2 terms=99,postings=99,positions=99,docs=99)]: 248 bytes
            |-- term index [FST(input=BYTE1,output=ByteSequenceOutputs]: 88 bytes
        |-- delegate [Lucene50PostingsReader(positions=false,payloads=false)]: 32 bytes
|-- docvalues [PerFieldDocValues(formats=1)]: 68 bytes
    |-- format 'Lucene80_0' [org.apache.lucene.codecs.lucene80.Lucene80DocValuesProducer@53e4534d]: 48 bytes
|-- stored fields [CompressingStoredFieldsReader(mode=FAST,chunksize=16384)]: 312 bytes
    |-- stored field index [CompressingStoredFieldsIndexReader(blocks=1)]: 312 bytes
        |-- doc base deltas: 88 bytes
        |-- start pointer deltas: 88 bytes
|-- points [org.apache.lucene.codecs.lucene60.Lucene60PointsReader@66027464]: 1 bytes
    |-- _seq_no [org.apache.lucene.util.bkd.BKDReader@2ace3be]: 1 bytes

  4 of 9: name=_3 maxDoc=85
    version=8.3.0
    id=3snnz99pchiceseeauia6kpxz
    codec=Lucene80
    compound=true
    numFiles=3
    size (MB)=0.003
    diagnostics = {java.vendor=Oracle Corporation, os=Windows 7, java.version=12.0.2, java.vm.version=12.0.2+10, lucene.version=8.3.0, os.arch=amd64, java.runtime.version=12.0.2+10, source=flush, os.version=6.1, timestamp=1581891870269}
    no deletions
    test: open reader.........OK [took 0.002 sec]
    test: check integrity.....OK [took 0.000 sec]

detailed segment RAM usage: 
_3(8.3.0):c85:[diagnostics={java.vendor=Oracle Corporation, os=Windows 7, java.version=12.0.2, java.vm.version=12.0.2+10, lucene.version=8.3.0, os.arch=amd64, java.runtime.version=12.0.2+10, source=flush, os.version=6.1, timestamp=1581891870269}]:[attributes={Lucene50StoredFieldsFormat.mode=BEST_SPEED}]: 701 bytes
|-- postings [PerFieldPostings(segment=_3 formats=1)]: 320 bytes
    |-- format 'Lucene50_0' [BlockTreeTermsReader(fields=1,delegate=Lucene50PostingsReader(positions=false,payloads=false))]: 280 bytes
        |-- field '_id' [BlockTreeTerms(seg=_3 terms=85,postings=85,positions=85,docs=85)]: 248 bytes
            |-- term index [FST(input=BYTE1,output=ByteSequenceOutputs]: 88 bytes
        |-- delegate [Lucene50PostingsReader(positions=false,payloads=false)]: 32 bytes
|-- docvalues [PerFieldDocValues(formats=1)]: 68 bytes
    |-- format 'Lucene80_0' [org.apache.lucene.codecs.lucene80.Lucene80DocValuesProducer@57cba535]: 48 bytes
|-- stored fields [CompressingStoredFieldsReader(mode=FAST,chunksize=16384)]: 312 bytes
    |-- stored field index [CompressingStoredFieldsIndexReader(blocks=1)]: 312 bytes
        |-- doc base deltas: 88 bytes
        |-- start pointer deltas: 88 bytes
|-- points [org.apache.lucene.codecs.lucene60.Lucene60PointsReader@321f1d61]: 1 bytes
    |-- _seq_no [org.apache.lucene.util.bkd.BKDReader@61065a7b]: 1 bytes

  5 of 9: name=_4 maxDoc=57
    version=8.3.0
    id=3snnz99pchiceseeauia6kpy1
    codec=Lucene80
    compound=true
    numFiles=3
    size (MB)=0.003
    diagnostics = {java.vendor=Oracle Corporation, os=Windows 7, java.version=12.0.2, java.vm.version=12.0.2+10, lucene.version=8.3.0, os.arch=amd64, java.runtime.version=12.0.2+10, source=flush, os.version=6.1, timestamp=1581891870321}
    no deletions
    test: open reader.........OK [took 0.001 sec]
    test: check integrity.....OK [took 0.000 sec]

detailed segment RAM usage: 
_4(8.3.0):c57:[diagnostics={java.vendor=Oracle Corporation, os=Windows 7, java.version=12.0.2, java.vm.version=12.0.2+10, lucene.version=8.3.0, os.arch=amd64, java.runtime.version=12.0.2+10, source=flush, os.version=6.1, timestamp=1581891870321}]:[attributes={Lucene50StoredFieldsFormat.mode=BEST_SPEED}]: 701 bytes
|-- postings [PerFieldPostings(segment=_4 formats=1)]: 320 bytes
    |-- format 'Lucene50_0' [BlockTreeTermsReader(fields=1,delegate=Lucene50PostingsReader(positions=false,payloads=false))]: 280 bytes
        |-- field '_id' [BlockTreeTerms(seg=_4 terms=57,postings=57,positions=57,docs=57)]: 248 bytes
            |-- term index [FST(input=BYTE1,output=ByteSequenceOutputs]: 88 bytes
        |-- delegate [Lucene50PostingsReader(positions=false,payloads=false)]: 32 bytes
|-- docvalues [PerFieldDocValues(formats=1)]: 68 bytes
    |-- format 'Lucene80_0' [org.apache.lucene.codecs.lucene80.Lucene80DocValuesProducer@793580e8]: 48 bytes
|-- stored fields [CompressingStoredFieldsReader(mode=FAST,chunksize=16384)]: 312 bytes
    |-- stored field index [CompressingStoredFieldsIndexReader(blocks=1)]: 312 bytes
        |-- doc base deltas: 88 bytes
        |-- start pointer deltas: 88 bytes
|-- points [org.apache.lucene.codecs.lucene60.Lucene60PointsReader@2a33c837]: 1 bytes
    |-- _seq_no [org.apache.lucene.util.bkd.BKDReader@f0a064f]: 1 bytes

  6 of 9: name=_5 maxDoc=47
    version=8.3.0
    id=3snnz99pchiceseeauia6kpy3
    codec=Lucene80
    compound=true
    numFiles=3
    size (MB)=0.003
    diagnostics = {java.vendor=Oracle Corporation, os=Windows 7, java.version=12.0.2, java.vm.version=12.0.2+10, lucene.version=8.3.0, os.arch=amd64, java.runtime.version=12.0.2+10, source=flush, os.version=6.1, timestamp=1581891870372}
    no deletions
    test: open reader.........OK [took 0.001 sec]
    test: check integrity.....OK [took 0.000 sec]

detailed segment RAM usage: 
_5(8.3.0):c47:[diagnostics={java.vendor=Oracle Corporation, os=Windows 7, java.version=12.0.2, java.vm.version=12.0.2+10, lucene.version=8.3.0, os.arch=amd64, java.runtime.version=12.0.2+10, source=flush, os.version=6.1, timestamp=1581891870372}]:[attributes={Lucene50StoredFieldsFormat.mode=BEST_SPEED}]: 701 bytes
|-- postings [PerFieldPostings(segment=_5 formats=1)]: 320 bytes
    |-- format 'Lucene50_0' [BlockTreeTermsReader(fields=1,delegate=Lucene50PostingsReader(positions=false,payloads=false))]: 280 bytes
        |-- field '_id' [BlockTreeTerms(seg=_5 terms=47,postings=47,positions=47,docs=47)]: 248 bytes
            |-- term index [FST(input=BYTE1,output=ByteSequenceOutputs]: 88 bytes
        |-- delegate [Lucene50PostingsReader(positions=false,payloads=false)]: 32 bytes
|-- docvalues [PerFieldDocValues(formats=1)]: 68 bytes
    |-- format 'Lucene80_0' [org.apache.lucene.codecs.lucene80.Lucene80DocValuesProducer@677d69f]: 48 bytes
|-- stored fields [CompressingStoredFieldsReader(mode=FAST,chunksize=16384)]: 312 bytes
    |-- stored field index [CompressingStoredFieldsIndexReader(blocks=1)]: 312 bytes
        |-- doc base deltas: 88 bytes
        |-- start pointer deltas: 88 bytes
|-- points [org.apache.lucene.codecs.lucene60.Lucene60PointsReader@59109060]: 1 bytes
    |-- _seq_no [org.apache.lucene.util.bkd.BKDReader@ff2e3d2]: 1 bytes

  7 of 9: name=_6 maxDoc=57
    version=8.3.0
    id=3snnz99pchiceseeauia6kpy5
    codec=Lucene80
    compound=true
    numFiles=3
    size (MB)=0.003
    diagnostics = {java.vendor=Oracle Corporation, os=Windows 7, java.version=12.0.2, java.vm.version=12.0.2+10, lucene.version=8.3.0, os.arch=amd64, java.runtime.version=12.0.2+10, source=flush, os.version=6.1, timestamp=1581891870423}
    no deletions
    test: open reader.........OK [took 0.001 sec]
    test: check integrity.....OK [took 0.000 sec]

detailed segment RAM usage: 
_6(8.3.0):c57:[diagnostics={java.vendor=Oracle Corporation, os=Windows 7, java.version=12.0.2, java.vm.version=12.0.2+10, lucene.version=8.3.0, os.arch=amd64, java.runtime.version=12.0.2+10, source=flush, os.version=6.1, timestamp=1581891870423}]:[attributes={Lucene50StoredFieldsFormat.mode=BEST_SPEED}]: 701 bytes
|-- postings [PerFieldPostings(segment=_6 formats=1)]: 320 bytes
    |-- format 'Lucene50_0' [BlockTreeTermsReader(fields=1,delegate=Lucene50PostingsReader(positions=false,payloads=false))]: 280 bytes
        |-- field '_id' [BlockTreeTerms(seg=_6 terms=57,postings=57,positions=57,docs=57)]: 248 bytes
            |-- term index [FST(input=BYTE1,output=ByteSequenceOutputs]: 88 bytes
        |-- delegate [Lucene50PostingsReader(positions=false,payloads=false)]: 32 bytes
|-- docvalues [PerFieldDocValues(formats=1)]: 68 bytes
    |-- format 'Lucene80_0' [org.apache.lucene.codecs.lucene80.Lucene80DocValuesProducer@565e0c5e]: 48 bytes
|-- stored fields [CompressingStoredFieldsReader(mode=FAST,chunksize=16384)]: 312 bytes
    |-- stored field index [CompressingStoredFieldsIndexReader(blocks=1)]: 312 bytes
        |-- doc base deltas: 88 bytes
        |-- start pointer deltas: 88 bytes
|-- points [org.apache.lucene.codecs.lucene60.Lucene60PointsReader@4e2a9934]: 1 bytes
    |-- _seq_no [org.apache.lucene.util.bkd.BKDReader@22853694]: 1 bytes

  8 of 9: name=_7 maxDoc=38
    version=8.3.0
    id=3snnz99pchiceseeauia6kpy7
    codec=Lucene80
    compound=true
    numFiles=3
    size (MB)=0.003
    diagnostics = {java.vendor=Oracle Corporation, os=Windows 7, java.version=12.0.2, java.vm.version=12.0.2+10, lucene.version=8.3.0, os.arch=amd64, java.runtime.version=12.0.2+10, source=flush, os.version=6.1, timestamp=1581891870473}
    no deletions
    test: open reader.........OK [took 0.001 sec]
    test: check integrity.....OK [took 0.000 sec]

detailed segment RAM usage: 
_7(8.3.0):c38:[diagnostics={java.vendor=Oracle Corporation, os=Windows 7, java.version=12.0.2, java.vm.version=12.0.2+10, lucene.version=8.3.0, os.arch=amd64, java.runtime.version=12.0.2+10, source=flush, os.version=6.1, timestamp=1581891870473}]:[attributes={Lucene50StoredFieldsFormat.mode=BEST_SPEED}]: 701 bytes
|-- postings [PerFieldPostings(segment=_7 formats=1)]: 320 bytes
    |-- format 'Lucene50_0' [BlockTreeTermsReader(fields=1,delegate=Lucene50PostingsReader(positions=false,payloads=false))]: 280 bytes
        |-- field '_id' [BlockTreeTerms(seg=_7 terms=38,postings=38,positions=38,docs=38)]: 248 bytes
            |-- term index [FST(input=BYTE1,output=ByteSequenceOutputs]: 88 bytes
        |-- delegate [Lucene50PostingsReader(positions=false,payloads=false)]: 32 bytes
|-- docvalues [PerFieldDocValues(formats=1)]: 68 bytes
    |-- format 'Lucene80_0' [org.apache.lucene.codecs.lucene80.Lucene80DocValuesProducer@158bb40a]: 48 bytes
|-- stored fields [CompressingStoredFieldsReader(mode=FAST,chunksize=16384)]: 312 bytes
    |-- stored field index [CompressingStoredFieldsIndexReader(blocks=1)]: 312 bytes
        |-- doc base deltas: 88 bytes
        |-- start pointer deltas: 88 bytes
|-- points [org.apache.lucene.codecs.lucene60.Lucene60PointsReader@1e3101b9]: 1 bytes
    |-- _seq_no [org.apache.lucene.util.bkd.BKDReader@7266b303]: 1 bytes

  9 of 9: name=_8 maxDoc=86
    version=8.3.0
    id=3snnz99pchiceseeauia6kpy9
    codec=Lucene80
    compound=true
    numFiles=3
    size (MB)=0.003
    diagnostics = {java.vendor=Oracle Corporation, os=Windows 7, java.version=12.0.2, java.vm.version=12.0.2+10, lucene.version=8.3.0, os.arch=amd64, java.runtime.version=12.0.2+10, source=flush, os.version=6.1, timestamp=1581891870544}
    no deletions
    test: open reader.........OK [took 0.001 sec]
    test: check integrity.....OK [took 0.000 sec]

detailed segment RAM usage: 
_8(8.3.0):c86:[diagnostics={java.vendor=Oracle Corporation, os=Windows 7, java.version=12.0.2, java.vm.version=12.0.2+10, lucene.version=8.3.0, os.arch=amd64, java.runtime.version=12.0.2+10, source=flush, os.version=6.1, timestamp=1581891870544}]:[attributes={Lucene50StoredFieldsFormat.mode=BEST_SPEED}]: 701 bytes
|-- postings [PerFieldPostings(segment=_8 formats=1)]: 320 bytes
    |-- format 'Lucene50_0' [BlockTreeTermsReader(fields=1,delegate=Lucene50PostingsReader(positions=false,payloads=false))]: 280 bytes
        |-- field '_id' [BlockTreeTerms(seg=_8 terms=86,postings=86,positions=86,docs=86)]: 248 bytes
            |-- term index [FST(input=BYTE1,output=ByteSequenceOutputs]: 88 bytes
        |-- delegate [Lucene50PostingsReader(positions=false,payloads=false)]: 32 bytes
|-- docvalues [PerFieldDocValues(formats=1)]: 68 bytes
    |-- format 'Lucene80_0' [org.apache.lucene.codecs.lucene80.Lucene80DocValuesProducer@303ea493]: 48 bytes
|-- stored fields [CompressingStoredFieldsReader(mode=FAST,chunksize=16384)]: 312 bytes
    |-- stored field index [CompressingStoredFieldsIndexReader(blocks=1)]: 312 bytes
        |-- doc base deltas: 88 bytes
        |-- start pointer deltas: 88 bytes
|-- points [org.apache.lucene.codecs.lucene60.Lucene60PointsReader@7707f73c]: 1 bytes
    |-- _seq_no [org.apache.lucene.util.bkd.BKDReader@259aa9c2]: 1 bytes

No problems were detected with this index.

Took 0.022 sec total.

 >> Lucene index is clean at E:\NotD\git\elasticsearch\server\build\testrun\test\temp\org.elasticsearch.index.shard.RemoveCorruptedShardDataCommandTests_9EA1F2A3814E5F76-001\tempDir-010\nodes\0\indices\_na_\0\index


Opening translog at E:\NotD\git\elasticsearch\server\build\testrun\test\temp\org.elasticsearch.index.shard.RemoveCorruptedShardDataCommandTests_9EA1F2A3814E5F76-001\tempDir-010\nodes\0\indices\_na_\0\translog


 >> Translog is corrupted at E:\NotD\git\elasticsearch\server\build\testrun\test\temp\org.elasticsearch.index.shard.RemoveCorruptedShardDataCommandTests_9EA1F2A3814E5F76-001\tempDir-010\nodes\0\indices\_na_\0\translog

-----------------------------------------------------------------------

  Documents inside of translog files will be lost.
  The following files will be DELETED at E:\NotD\git\elasticsearch\server\build\testrun\test\temp\org.elasticsearch.index.shard.RemoveCorruptedShardDataCommandTests_9EA1F2A3814E5F76-001\tempDir-010\nodes\0\indices\_na_\0\translog

  --> translog-11.ckp
  --> translog-11.tlog
  --> translog-12.ckp
  --> translog-12.tlog
  --> translog-13.tlog
  --> translog.ckp

            WARNING:              YOU MAY LOSE DATA.
-----------------------------------------------------------------------
Continue and remove corrupted data from the shard ?

[2020-02-16T15:24:30,942][WARN ][o.e.i.IndexSettings      ] [testCorruptedTranslog] [index0] [index.merge.enabled] is set to false, this should only be used in tests and can cause serious problems in production environments
[2020-02-16T15:24:30,972][WARN ][o.e.i.IndexSettings      ] [testCorruptedTranslog] [index0] [index.merge.enabled] is set to false, this should only be used in tests and can cause serious problems in production environments
[2020-02-16T15:24:31,014][INFO ][o.e.i.s.RemoveCorruptedShardDataCommandTests] [testCorruptedTranslog] --> output:
-----------------------------------------------------------------------

    WARNING: Elasticsearch MUST be stopped before running this tool.

  Please make a complete backup of your index before using this tool.

-----------------------------------------------------------------------

Opening Lucene index at E:\NotD\git\elasticsearch\server\build\testrun\test\temp\org.elasticsearch.index.shard.RemoveCorruptedShardDataCommandTests_9EA1F2A3814E5F76-001\tempDir-010\nodes\0\indices\_na_\0\index

0.00% total deletions; 583 documents; 0 deleteions
Segments file=segments_b numSegments=9 version=8.3.0 id=3snnz99pchiceseeauia6kpya userData={history_uuid=070IGdXsTY2-Rs3M-X-CBA, local_checkpoint=582, max_seq_no=582, max_unsafe_auto_id_timestamp=-1, min_retained_seq_no=0, translog_generation=11, translog_uuid=Gftp0N3kSCaiPLNXIBjEXg}
  1 of 9: name=_0 maxDoc=80
    version=8.3.0
    id=3snnz99pchiceseeauia6kpxt
    codec=Lucene80
    compound=true
    numFiles=3
    size (MB)=0.003
    diagnostics = {java.vendor=Oracle Corporation, os=Windows 7, java.version=12.0.2, java.vm.version=12.0.2+10, lucene.version=8.3.0, os.arch=amd64, java.runtime.version=12.0.2+10, source=flush, os.version=6.1, timestamp=1581891870034}
    no deletions
    test: open reader.........OK [took 0.001 sec]
    test: check integrity.....OK [took 0.000 sec]

detailed segment RAM usage: 
_0(8.3.0):c80:[diagnostics={java.vendor=Oracle Corporation, os=Windows 7, java.version=12.0.2, java.vm.version=12.0.2+10, lucene.version=8.3.0, os.arch=amd64, java.runtime.version=12.0.2+10, source=flush, os.version=6.1, timestamp=1581891870034}]:[attributes={Lucene50StoredFieldsFormat.mode=BEST_SPEED}]: 701 bytes
|-- postings [PerFieldPostings(segment=_0 formats=1)]: 320 bytes
    |-- format 'Lucene50_0' [BlockTreeTermsReader(fields=1,delegate=Lucene50PostingsReader(positions=false,payloads=false))]: 280 bytes
        |-- field '_id' [BlockTreeTerms(seg=_0 terms=80,postings=80,positions=80,docs=80)]: 248 bytes
            |-- term index [FST(input=BYTE1,output=ByteSequenceOutputs]: 88 bytes
        |-- delegate [Lucene50PostingsReader(positions=false,payloads=false)]: 32 bytes
|-- docvalues [PerFieldDocValues(formats=1)]: 68 bytes
    |-- format 'Lucene80_0' [org.apache.lucene.codecs.lucene80.Lucene80DocValuesProducer@4d982a8d]: 48 bytes
|-- stored fields [CompressingStoredFieldsReader(mode=FAST,chunksize=16384)]: 312 bytes
    |-- stored field index [CompressingStoredFieldsIndexReader(blocks=1)]: 312 bytes
        |-- doc base deltas: 88 bytes
        |-- start pointer deltas: 88 bytes
|-- points [org.apache.lucene.codecs.lucene60.Lucene60PointsReader@3621eed4]: 1 bytes
    |-- _seq_no [org.apache.lucene.util.bkd.BKDReader@6b824228]: 1 bytes

  2 of 9: name=_1 maxDoc=34
    version=8.3.0
    id=3snnz99pchiceseeauia6kpxv
    codec=Lucene80
    compound=true
    numFiles=3
    size (MB)=0.003
    diagnostics = {java.vendor=Oracle Corporation, os=Windows 7, java.version=12.0.2, java.vm.version=12.0.2+10, lucene.version=8.3.0, os.arch=amd64, java.runtime.version=12.0.2+10, source=flush, os.version=6.1, timestamp=1581891870083}
    no deletions
    test: open reader.........OK [took 0.001 sec]
    test: check integrity.....OK [took 0.000 sec]

detailed segment RAM usage: 
_1(8.3.0):c34:[diagnostics={java.vendor=Oracle Corporation, os=Windows 7, java.version=12.0.2, java.vm.version=12.0.2+10, lucene.version=8.3.0, os.arch=amd64, java.runtime.version=12.0.2+10, source=flush, os.version=6.1, timestamp=1581891870083}]:[attributes={Lucene50StoredFieldsFormat.mode=BEST_SPEED}]: 701 bytes
|-- postings [PerFieldPostings(segment=_1 formats=1)]: 320 bytes
    |-- format 'Lucene50_0' [BlockTreeTermsReader(fields=1,delegate=Lucene50PostingsReader(positions=false,payloads=false))]: 280 bytes
        |-- field '_id' [BlockTreeTerms(seg=_1 terms=34,postings=34,positions=34,docs=34)]: 248 bytes
            |-- term index [FST(input=BYTE1,output=ByteSequenceOutputs]: 88 bytes
        |-- delegate [Lucene50PostingsReader(positions=false,payloads=false)]: 32 bytes
|-- docvalues [PerFieldDocValues(formats=1)]: 68 bytes
    |-- format 'Lucene80_0' [org.apache.lucene.codecs.lucene80.Lucene80DocValuesProducer@1f9371a2]: 48 bytes
|-- stored fields [CompressingStoredFieldsReader(mode=FAST,chunksize=16384)]: 312 bytes
    |-- stored field index [CompressingStoredFieldsIndexReader(blocks=1)]: 312 bytes
        |-- doc base deltas: 88 bytes
        |-- start pointer deltas: 88 bytes
|-- points [org.apache.lucene.codecs.lucene60.Lucene60PointsReader@66f9f37a]: 1 bytes
    |-- _seq_no [org.apache.lucene.util.bkd.BKDReader@23ba6655]: 1 bytes

  3 of 9: name=_2 maxDoc=99
    version=8.3.0
    id=3snnz99pchiceseeauia6kpxx
    codec=Lucene80
    compound=true
    numFiles=3
    size (MB)=0.004
    diagnostics = {java.vendor=Oracle Corporation, os=Windows 7, java.version=12.0.2, java.vm.version=12.0.2+10, lucene.version=8.3.0, os.arch=amd64, java.runtime.version=12.0.2+10, source=flush, os.version=6.1, timestamp=1581891870169}
    no deletions
    test: open reader.........OK [took 0.001 sec]
    test: check integrity.....OK [took 0.000 sec]

detailed segment RAM usage: 
_2(8.3.0):c99:[diagnostics={java.vendor=Oracle Corporation, os=Windows 7, java.version=12.0.2, java.vm.version=12.0.2+10, lucene.version=8.3.0, os.arch=amd64, java.runtime.version=12.0.2+10, source=flush, os.version=6.1, timestamp=1581891870169}]:[attributes={Lucene50StoredFieldsFormat.mode=BEST_SPEED}]: 701 bytes
|-- postings [PerFieldPostings(segment=_2 formats=1)]: 320 bytes
    |-- format 'Lucene50_0' [BlockTreeTermsReader(fields=1,delegate=Lucene50PostingsReader(positions=false,payloads=false))]: 280 bytes
        |-- field '_id' [BlockTreeTerms(seg=_2 terms=99,postings=99,positions=99,docs=99)]: 248 bytes
            |-- term index [FST(input=BYTE1,output=ByteSequenceOutputs]: 88 bytes
        |-- delegate [Lucene50PostingsReader(positions=false,payloads=false)]: 32 bytes
|-- docvalues [PerFieldDocValues(formats=1)]: 68 bytes
    |-- format 'Lucene80_0' [org.apache.lucene.codecs.lucene80.Lucene80DocValuesProducer@433c0298]: 48 bytes
|-- stored fields [CompressingStoredFieldsReader(mode=FAST,chunksize=16384)]: 312 bytes
    |-- stored field index [CompressingStoredFieldsIndexReader(blocks=1)]: 312 bytes
        |-- doc base deltas: 88 bytes
        |-- start pointer deltas: 88 bytes
|-- points [org.apache.lucene.codecs.lucene60.Lucene60PointsReader@33445c64]: 1 bytes
    |-- _seq_no [org.apache.lucene.util.bkd.BKDReader@344a67b9]: 1 bytes

  4 of 9: name=_3 maxDoc=85
    version=8.3.0
    id=3snnz99pchiceseeauia6kpxz
    codec=Lucene80
    compound=true
    numFiles=3
    size (MB)=0.003
    diagnostics = {java.vendor=Oracle Corporation, os=Windows 7, java.version=12.0.2, java.vm.version=12.0.2+10, lucene.version=8.3.0, os.arch=amd64, java.runtime.version=12.0.2+10, source=flush, os.version=6.1, timestamp=1581891870269}
    no deletions
    test: open reader.........OK [took 0.001 sec]
    test: check integrity.....OK [took 0.000 sec]

detailed segment RAM usage: 
_3(8.3.0):c85:[diagnostics={java.vendor=Oracle Corporation, os=Windows 7, java.version=12.0.2, java.vm.version=12.0.2+10, lucene.version=8.3.0, os.arch=amd64, java.runtime.version=12.0.2+10, source=flush, os.version=6.1, timestamp=1581891870269}]:[attributes={Lucene50StoredFieldsFormat.mode=BEST_SPEED}]: 701 bytes
|-- postings [PerFieldPostings(segment=_3 formats=1)]: 320 bytes
    |-- format 'Lucene50_0' [BlockTreeTermsReader(fields=1,delegate=Lucene50PostingsReader(positions=false,payloads=false))]: 280 bytes
        |-- field '_id' [BlockTreeTerms(seg=_3 terms=85,postings=85,positions=85,docs=85)]: 248 bytes
            |-- term index [FST(input=BYTE1,output=ByteSequenceOutputs]: 88 bytes
        |-- delegate [Lucene50PostingsReader(positions=false,payloads=false)]: 32 bytes
|-- docvalues [PerFieldDocValues(formats=1)]: 68 bytes
    |-- format 'Lucene80_0' [org.apache.lucene.codecs.lucene80.Lucene80DocValuesProducer@56a4613a]: 48 bytes
|-- stored fields [CompressingStoredFieldsReader(mode=FAST,chunksize=16384)]: 312 bytes
    |-- stored field index [CompressingStoredFieldsIndexReader(blocks=1)]: 312 bytes
        |-- doc base deltas: 88 bytes
        |-- start pointer deltas: 88 bytes
|-- points [org.apache.lucene.codecs.lucene60.Lucene60PointsReader@31b4a3f8]: 1 bytes
    |-- _seq_no [org.apache.lucene.util.bkd.BKDReader@1f23904b]: 1 bytes

  5 of 9: name=_4 maxDoc=57
    version=8.3.0
    id=3snnz99pchiceseeauia6kpy1
    codec=Lucene80
    compound=true
    numFiles=3
    size (MB)=0.003
    diagnostics = {java.vendor=Oracle Corporation, os=Windows 7, java.version=12.0.2, java.vm.version=12.0.2+10, lucene.version=8.3.0, os.arch=amd64, java.runtime.version=12.0.2+10, source=flush, os.version=6.1, timestamp=1581891870321}
    no deletions
    test: open reader.........OK [took 0.001 sec]
    test: check integrity.....OK [took 0.000 sec]

detailed segment RAM usage: 
_4(8.3.0):c57:[diagnostics={java.vendor=Oracle Corporation, os=Windows 7, java.version=12.0.2, java.vm.version=12.0.2+10, lucene.version=8.3.0, os.arch=amd64, java.runtime.version=12.0.2+10, source=flush, os.version=6.1, timestamp=1581891870321}]:[attributes={Lucene50StoredFieldsFormat.mode=BEST_SPEED}]: 701 bytes
|-- postings [PerFieldPostings(segment=_4 formats=1)]: 320 bytes
    |-- format 'Lucene50_0' [BlockTreeTermsReader(fields=1,delegate=Lucene50PostingsReader(positions=false,payloads=false))]: 280 bytes
        |-- field '_id' [BlockTreeTerms(seg=_4 terms=57,postings=57,positions=57,docs=57)]: 248 bytes
            |-- term index [FST(input=BYTE1,output=ByteSequenceOutputs]: 88 bytes
        |-- delegate [Lucene50PostingsReader(positions=false,payloads=false)]: 32 bytes
|-- docvalues [PerFieldDocValues(formats=1)]: 68 bytes
    |-- format 'Lucene80_0' [org.apache.lucene.codecs.lucene80.Lucene80DocValuesProducer@2c92ef76]: 48 bytes
|-- stored fields [CompressingStoredFieldsReader(mode=FAST,chunksize=16384)]: 312 bytes
    |-- stored field index [CompressingStoredFieldsIndexReader(blocks=1)]: 312 bytes
        |-- doc base deltas: 88 bytes
        |-- start pointer deltas: 88 bytes
|-- points [org.apache.lucene.codecs.lucene60.Lucene60PointsReader@2fb08367]: 1 bytes
    |-- _seq_no [org.apache.lucene.util.bkd.BKDReader@4b8f8011]: 1 bytes

  6 of 9: name=_5 maxDoc=47
    version=8.3.0
    id=3snnz99pchiceseeauia6kpy3
    codec=Lucene80
    compound=true
    numFiles=3
    size (MB)=0.003
    diagnostics = {java.vendor=Oracle Corporation, os=Windows 7, java.version=12.0.2, java.vm.version=12.0.2+10, lucene.version=8.3.0, os.arch=amd64, java.runtime.version=12.0.2+10, source=flush, os.version=6.1, timestamp=1581891870372}
    no deletions
    test: open reader.........OK [took 0.001 sec]
    test: check integrity.....OK [took 0.000 sec]

detailed segment RAM usage: 
_5(8.3.0):c47:[diagnostics={java.vendor=Oracle Corporation, os=Windows 7, java.version=12.0.2, java.vm.version=12.0.2+10, lucene.version=8.3.0, os.arch=amd64, java.runtime.version=12.0.2+10, source=flush, os.version=6.1, timestamp=1581891870372}]:[attributes={Lucene50StoredFieldsFormat.mode=BEST_SPEED}]: 701 bytes
|-- postings [PerFieldPostings(segment=_5 formats=1)]: 320 bytes
    |-- format 'Lucene50_0' [BlockTreeTermsReader(fields=1,delegate=Lucene50PostingsReader(positions=false,payloads=false))]: 280 bytes
        |-- field '_id' [BlockTreeTerms(seg=_5 terms=47,postings=47,positions=47,docs=47)]: 248 bytes
            |-- term index [FST(input=BYTE1,output=ByteSequenceOutputs]: 88 bytes
        |-- delegate [Lucene50PostingsReader(positions=false,payloads=false)]: 32 bytes
|-- docvalues [PerFieldDocValues(formats=1)]: 68 bytes
    |-- format 'Lucene80_0' [org.apache.lucene.codecs.lucene80.Lucene80DocValuesProducer@a266277]: 48 bytes
|-- stored fields [CompressingStoredFieldsReader(mode=FAST,chunksize=16384)]: 312 bytes
    |-- stored field index [CompressingStoredFieldsIndexReader(blocks=1)]: 312 bytes
        |-- doc base deltas: 88 bytes
        |-- start pointer deltas: 88 bytes
|-- points [org.apache.lucene.codecs.lucene60.Lucene60PointsReader@3d1ee42a]: 1 bytes
    |-- _seq_no [org.apache.lucene.util.bkd.BKDReader@1490bf2]: 1 bytes

  7 of 9: name=_6 maxDoc=57
    version=8.3.0
    id=3snnz99pchiceseeauia6kpy5
    codec=Lucene80
    compound=true
    numFiles=3
    size (MB)=0.003
    diagnostics = {java.vendor=Oracle Corporation, os=Windows 7, java.version=12.0.2, java.vm.version=12.0.2+10, lucene.version=8.3.0, os.arch=amd64, java.runtime.version=12.0.2+10, source=flush, os.version=6.1, timestamp=1581891870423}
    no deletions
    test: open reader.........OK [took 0.001 sec]
    test: check integrity.....OK [took 0.000 sec]

detailed segment RAM usage: 
_6(8.3.0):c57:[diagnostics={java.vendor=Oracle Corporation, os=Windows 7, java.version=12.0.2, java.vm.version=12.0.2+10, lucene.version=8.3.0, os.arch=amd64, java.runtime.version=12.0.2+10, source=flush, os.version=6.1, timestamp=1581891870423}]:[attributes={Lucene50StoredFieldsFormat.mode=BEST_SPEED}]: 701 bytes
|-- postings [PerFieldPostings(segment=_6 formats=1)]: 320 bytes
    |-- format 'Lucene50_0' [BlockTreeTermsReader(fields=1,delegate=Lucene50PostingsReader(positions=false,payloads=false))]: 280 bytes
        |-- field '_id' [BlockTreeTerms(seg=_6 terms=57,postings=57,positions=57,docs=57)]: 248 bytes
            |-- term index [FST(input=BYTE1,output=ByteSequenceOutputs]: 88 bytes
        |-- delegate [Lucene50PostingsReader(positions=false,payloads=false)]: 32 bytes
|-- docvalues [PerFieldDocValues(formats=1)]: 68 bytes
    |-- format 'Lucene80_0' [org.apache.lucene.codecs.lucene80.Lucene80DocValuesProducer@6030e4d8]: 48 bytes
|-- stored fields [CompressingStoredFieldsReader(mode=FAST,chunksize=16384)]: 312 bytes
    |-- stored field index [CompressingStoredFieldsIndexReader(blocks=1)]: 312 bytes
        |-- doc base deltas: 88 bytes
        |-- start pointer deltas: 88 bytes
|-- points [org.apache.lucene.codecs.lucene60.Lucene60PointsReader@29ef75b7]: 1 bytes
    |-- _seq_no [org.apache.lucene.util.bkd.BKDReader@7647d097]: 1 bytes

  8 of 9: name=_7 maxDoc=38
    version=8.3.0
    id=3snnz99pchiceseeauia6kpy7
    codec=Lucene80
    compound=true
    numFiles=3
    size (MB)=0.003
    diagnostics = {java.vendor=Oracle Corporation, os=Windows 7, java.version=12.0.2, java.vm.version=12.0.2+10, lucene.version=8.3.0, os.arch=amd64, java.runtime.version=12.0.2+10, source=flush, os.version=6.1, timestamp=1581891870473}
    no deletions
    test: open reader.........OK [took 0.001 sec]
    test: check integrity.....OK [took 0.000 sec]

detailed segment RAM usage: 
_7(8.3.0):c38:[diagnostics={java.vendor=Oracle Corporation, os=Windows 7, java.version=12.0.2, java.vm.version=12.0.2+10, lucene.version=8.3.0, os.arch=amd64, java.runtime.version=12.0.2+10, source=flush, os.version=6.1, timestamp=1581891870473}]:[attributes={Lucene50StoredFieldsFormat.mode=BEST_SPEED}]: 701 bytes
|-- postings [PerFieldPostings(segment=_7 formats=1)]: 320 bytes
    |-- format 'Lucene50_0' [BlockTreeTermsReader(fields=1,delegate=Lucene50PostingsReader(positions=false,payloads=false))]: 280 bytes
        |-- field '_id' [BlockTreeTerms(seg=_7 terms=38,postings=38,positions=38,docs=38)]: 248 bytes
            |-- term index [FST(input=BYTE1,output=ByteSequenceOutputs]: 88 bytes
        |-- delegate [Lucene50PostingsReader(positions=false,payloads=false)]: 32 bytes
|-- docvalues [PerFieldDocValues(formats=1)]: 68 bytes
    |-- format 'Lucene80_0' [org.apache.lucene.codecs.lucene80.Lucene80DocValuesProducer@4232e033]: 48 bytes
|-- stored fields [CompressingStoredFieldsReader(mode=FAST,chunksize=16384)]: 312 bytes
    |-- stored field index [CompressingStoredFieldsIndexReader(blocks=1)]: 312 bytes
        |-- doc base deltas: 88 bytes
        |-- start pointer deltas: 88 bytes
|-- points [org.apache.lucene.codecs.lucene60.Lucene60PointsReader@a39438a]: 1 bytes
    |-- _seq_no [org.apache.lucene.util.bkd.BKDReader@670d021f]: 1 bytes

  9 of 9: name=_8 maxDoc=86
    version=8.3.0
    id=3snnz99pchiceseeauia6kpy9
    codec=Lucene80
    compound=true
    numFiles=3
    size (MB)=0.003
    diagnostics = {java.vendor=Oracle Corporation, os=Windows 7, java.version=12.0.2, java.vm.version=12.0.2+10, lucene.version=8.3.0, os.arch=amd64, java.runtime.version=12.0.2+10, source=flush, os.version=6.1, timestamp=1581891870544}
    no deletions
    test: open reader.........OK [took 0.001 sec]
    test: check integrity.....OK [took 0.000 sec]

detailed segment RAM usage: 
_8(8.3.0):c86:[diagnostics={java.vendor=Oracle Corporation, os=Windows 7, java.version=12.0.2, java.vm.version=12.0.2+10, lucene.version=8.3.0, os.arch=amd64, java.runtime.version=12.0.2+10, source=flush, os.version=6.1, timestamp=1581891870544}]:[attributes={Lucene50StoredFieldsFormat.mode=BEST_SPEED}]: 701 bytes
|-- postings [PerFieldPostings(segment=_8 formats=1)]: 320 bytes
    |-- format 'Lucene50_0' [BlockTreeTermsReader(fields=1,delegate=Lucene50PostingsReader(positions=false,payloads=false))]: 280 bytes
        |-- field '_id' [BlockTreeTerms(seg=_8 terms=86,postings=86,positions=86,docs=86)]: 248 bytes
            |-- term index [FST(input=BYTE1,output=ByteSequenceOutputs]: 88 bytes
        |-- delegate [Lucene50PostingsReader(positions=false,payloads=false)]: 32 bytes
|-- docvalues [PerFieldDocValues(formats=1)]: 68 bytes
    |-- format 'Lucene80_0' [org.apache.lucene.codecs.lucene80.Lucene80DocValuesProducer@71c524d8]: 48 bytes
|-- stored fields [CompressingStoredFieldsReader(mode=FAST,chunksize=16384)]: 312 bytes
    |-- stored field index [CompressingStoredFieldsIndexReader(blocks=1)]: 312 bytes
        |-- doc base deltas: 88 bytes
        |-- start pointer deltas: 88 bytes
|-- points [org.apache.lucene.codecs.lucene60.Lucene60PointsReader@7ed7dd05]: 1 bytes
    |-- _seq_no [org.apache.lucene.util.bkd.BKDReader@28da6a9a]: 1 bytes

No problems were detected with this index.

Took 0.017 sec total.

 >> Lucene index is clean at E:\NotD\git\elasticsearch\server\build\testrun\test\temp\org.elasticsearch.index.shard.RemoveCorruptedShardDataCommandTests_9EA1F2A3814E5F76-001\tempDir-010\nodes\0\indices\_na_\0\index


Opening translog at E:\NotD\git\elasticsearch\server\build\testrun\test\temp\org.elasticsearch.index.shard.RemoveCorruptedShardDataCommandTests_9EA1F2A3814E5F76-001\tempDir-010\nodes\0\indices\_na_\0\translog


 >> Translog is corrupted at E:\NotD\git\elasticsearch\server\build\testrun\test\temp\org.elasticsearch.index.shard.RemoveCorruptedShardDataCommandTests_9EA1F2A3814E5F76-001\tempDir-010\nodes\0\indices\_na_\0\translog

-----------------------------------------------------------------------

  Documents inside of translog files will be lost.
  The following files will be DELETED at E:\NotD\git\elasticsearch\server\build\testrun\test\temp\org.elasticsearch.index.shard.RemoveCorruptedShardDataCommandTests_9EA1F2A3814E5F76-001\tempDir-010\nodes\0\indices\_na_\0\translog

  --> translog-11.ckp
  --> translog-11.tlog
  --> translog-12.ckp
  --> translog-12.tlog
  --> translog-13.ckp
  --> translog-13.tlog
  --> translog-14.tlog
  --> translog.ckp

            WARNING:              YOU MAY LOSE DATA.
-----------------------------------------------------------------------
Continue and remove corrupted data from the shard ?
Checking existing translog files
Reading translog UUID information from Lucene commit from shard at [E:\NotD\git\elasticsearch\server\build\testrun\test\temp\org.elasticsearch.index.shard.RemoveCorruptedShardDataCommandTests_9EA1F2A3814E5F76-001\tempDir-010\nodes\0\indices\_na_\0\index]
Translog Generation: 11
Translog UUID      : Gftp0N3kSCaiPLNXIBjEXg
History UUID       : yuaCOaWPRGu4jSmLk-o2kQ
Removing existing translog files
Creating new empty checkpoint at [E:\NotD\git\elasticsearch\server\build\testrun\test\temp\org.elasticsearch.index.shard.RemoveCorruptedShardDataCommandTests_9EA1F2A3814E5F76-001\tempDir-010\nodes\0\indices\_na_\0\translog\translog.ckp]
Creating new empty translog at [E:\NotD\git\elasticsearch\server\build\testrun\test\temp\org.elasticsearch.index.shard.RemoveCorruptedShardDataCommandTests_9EA1F2A3814E5F76-001\tempDir-010\nodes\0\indices\_na_\0\translog\translog-11.tlog]
Marking index with the new history uuid : hC_ytRLkRdah9ifgOgo0Kw
Changing allocation id kTx2JhzGSk-J72qqltj7pg to r1v-TWCNTIeCYoZn4IVWkg

You should run the following command to allocate this shard:

POST /_cluster/reroute
{
  "commands" : [
    {
      "allocate_stale_primary" : {
        "index" : "index0",
        "shard" : 0,
        "node" : "-Jdi2P__T_-yoW79_____w",
        "accept_data_loss" : false
      }
    }
  ]
}

You must accept the possibility of data loss by changing the `accept_data_loss` parameter to `true`.


[2020-02-16T15:24:31,014][WARN ][o.e.i.IndexSettings      ] [testCorruptedTranslog] [index0] [index.merge.enabled] is set to false, this should only be used in tests and can cause serious problems in production environments
[2020-02-16T15:24:31,017][WARN ][o.e.i.IndexSettings      ] [testCorruptedTranslog] [index] [index.merge.enabled] is set to false, this should only be used in tests and can cause serious problems in production environments
[2020-02-16T15:24:31,238][INFO ][o.e.i.s.RemoveCorruptedShardDataCommandTests] [testCorruptedTranslog] after test
[2020-02-16T15:24:31,246][INFO ][o.e.i.s.RemoveCorruptedShardDataCommandTests] [testCorruptedBothIndexAndTranslog] before test
[2020-02-16T15:24:31,249][WARN ][o.e.i.IndexSettings      ] [testCorruptedBothIndexAndTranslog] [index0] [index.merge.enabled] is set to false, this should only be used in tests and can cause serious problems in production environments
[2020-02-16T15:24:31,254][WARN ][o.e.i.IndexSettings      ] [testCorruptedBothIndexAndTranslog] [index] [index.merge.enabled] is set to false, this should only be used in tests and can cause serious problems in production environments
[2020-02-16T15:24:32,091][INFO ][o.e.i.s.RemoveCorruptedShardDataCommandTests] [testCorruptedBothIndexAndTranslog] --> indexed 623 docs, 542 to keep
[2020-02-16T15:24:32,099][INFO ][o.e.e.NodeEnvironment    ] [testCorruptedBothIndexAndTranslog] using [1] data paths, mounts [[Old HDD (E:)]], net usable_space [89.5gb], net total_space [232.8gb], types [NTFS]
[2020-02-16T15:24:32,100][INFO ][o.e.e.NodeEnvironment    ] [testCorruptedBothIndexAndTranslog] heap size [512mb], compressed ordinary object pointers [true]
[2020-02-16T15:24:32,113][INFO ][o.e.i.s.RemoveCorruptedShardDataCommandTests] [testCorruptedBothIndexAndTranslog] --> index metadata persisted to [E:\NotD\git\elasticsearch\server\build\testrun\test\temp\org.elasticsearch.index.shard.RemoveCorruptedShardDataCommandTests_9EA1F2A3814E5F76-001\tempDir-014\nodes\0\indices\_na_] 
[2020-02-16T15:24:32,232][INFO ][o.e.t.CorruptionUtils    ] [testCorruptedBothIndexAndTranslog] Corrupting file --  flipping at position 200 from 4d to 4e file: _1.cfe
[2020-02-16T15:24:32,234][INFO ][o.e.t.CorruptionUtils    ] [testCorruptedBothIndexAndTranslog] Checksum before: [912599548] after: [1469006501] checksum value after corruption: 912599548] file: _1.cfe length: 331
[2020-02-16T15:24:32,249][INFO ][o.e.i.s.RemoveCorruptedShardDataCommandTests] [testCorruptedBothIndexAndTranslog] --> corruptRandomTranslogFile: translogDir [E:\NotD\git\elasticsearch\server\build\testrun\test\temp\org.elasticsearch.index.shard.RemoveCorruptedShardDataCommandTests_9EA1F2A3814E5F76-001\tempDir-014\nodes\0\indices\_na_\0\translog], minUsedTranslogGen [11]
[2020-02-16T15:24:32,251][INFO ][o.e.i.s.RemoveCorruptedShardDataCommandTests] [testCorruptedBothIndexAndTranslog] corruptFile: truncating file E:\NotD\git\elasticsearch\server\build\testrun\test\temp\org.elasticsearch.index.shard.RemoveCorruptedShardDataCommandTests_9EA1F2A3814E5F76-001\tempDir-014\nodes\0\indices\_na_\0\translog\translog-11.tlog from length 4510 to length 3130
[2020-02-16T15:24:32,259][WARN ][o.e.i.IndexSettings      ] [testCorruptedBothIndexAndTranslog] [index0] [index.merge.enabled] is set to false, this should only be used in tests and can cause serious problems in production environments
[2020-02-16T15:24:32,337][WARN ][o.e.i.IndexSettings      ] [testCorruptedBothIndexAndTranslog] [index0] [index.merge.enabled] is set to false, this should only be used in tests and can cause serious problems in production environments
[2020-02-16T15:24:32,343][INFO ][o.e.i.s.RemoveCorruptedShardDataCommandTests] [testCorruptedBothIndexAndTranslog] --> output:
-----------------------------------------------------------------------

    WARNING: Elasticsearch MUST be stopped before running this tool.

  Please make a complete backup of your index before using this tool.

-----------------------------------------------------------------------

Opening Lucene index at E:\NotD\git\elasticsearch\server\build\testrun\test\temp\org.elasticsearch.index.shard.RemoveCorruptedShardDataCommandTests_9EA1F2A3814E5F76-001\tempDir-014\nodes\0\indices\_na_\0\index

0.00% total deletions; 542 documents; 0 deleteions
Segments file=segments_b numSegments=9 version=8.3.0 id=3snnz99pchiceseeauia6kpyx userData={history_uuid=S6yXCHgWQAyjuvODNqaNJw, local_checkpoint=541, max_seq_no=541, max_unsafe_auto_id_timestamp=-1, min_retained_seq_no=0, translog_generation=11, translog_uuid=n6o0OLb5SXWznDnzFLmTTA}
  1 of 9: name=_0 maxDoc=83
    version=8.3.0
    id=3snnz99pchiceseeauia6kpyg
    codec=Lucene80
    compound=true
    numFiles=3
    size (MB)=0.003
    diagnostics = {java.vendor=Oracle Corporation, os=Windows 7, java.version=12.0.2, java.vm.version=12.0.2+10, lucene.version=8.3.0, os.arch=amd64, java.runtime.version=12.0.2+10, source=flush, os.version=6.1, timestamp=1581891871389}
    no deletions
    test: open reader.........OK [took 0.001 sec]
    test: check integrity.....OK [took 0.000 sec]

detailed segment RAM usage: 
_0(8.3.0):c83:[diagnostics={java.vendor=Oracle Corporation, os=Windows 7, java.version=12.0.2, java.vm.version=12.0.2+10, lucene.version=8.3.0, os.arch=amd64, java.runtime.version=12.0.2+10, source=flush, os.version=6.1, timestamp=1581891871389}]:[attributes={Lucene50StoredFieldsFormat.mode=BEST_SPEED}]: 701 bytes
|-- postings [PerFieldPostings(segment=_0 formats=1)]: 320 bytes
    |-- format 'Lucene50_0' [BlockTreeTermsReader(fields=1,delegate=Lucene50PostingsReader(positions=false,payloads=false))]: 280 bytes
        |-- field '_id' [BlockTreeTerms(seg=_0 terms=83,postings=83,positions=83,docs=83)]: 248 bytes
            |-- term index [FST(input=BYTE1,output=ByteSequenceOutputs]: 88 bytes
        |-- delegate [Lucene50PostingsReader(positions=false,payloads=false)]: 32 bytes
|-- docvalues [PerFieldDocValues(formats=1)]: 68 bytes
    |-- format 'Lucene80_0' [org.apache.lucene.codecs.lucene80.Lucene80DocValuesProducer@49781db5]: 48 bytes
|-- stored fields [CompressingStoredFieldsReader(mode=FAST,chunksize=16384)]: 312 bytes
    |-- stored field index [CompressingStoredFieldsIndexReader(blocks=1)]: 312 bytes
        |-- doc base deltas: 88 bytes
        |-- start pointer deltas: 88 bytes
|-- points [org.apache.lucene.codecs.lucene60.Lucene60PointsReader@7cb01d75]: 1 bytes
    |-- _seq_no [org.apache.lucene.util.bkd.BKDReader@c075f9]: 1 bytes

  2 of 9: name=_1 maxDoc=26
    version=8.3.0
    id=3snnz99pchiceseeauia6kpyi
    codec=Lucene80
    compound=true
    numFiles=3
    size (MB)=0.003
    diagnostics = {java.vendor=Oracle Corporation, os=Windows 7, java.version=12.0.2, java.vm.version=12.0.2+10, lucene.version=8.3.0, os.arch=amd64, java.runtime.version=12.0.2+10, source=flush, os.version=6.1, timestamp=1581891871454}
    no deletions
    test: open reader.........FAILED
    WARNING: exorciseIndex() would remove reference to this segment; full exception:
org.apache.lucene.index.CorruptIndexException: checksum failed (hardware problem?) : expected=366529fc actual=346c3f38 (resource=BufferedChecksumIndexInput(MMapIndexInput(path="E:\NotD\git\elasticsearch\server\build\testrun\test\temp\org.elasticsearch.index.shard.RemoveCorruptedShardDataCommandTests_9EA1F2A3814E5F76-001\tempDir-014\nodes\0\indices\_na_\0\index\_1.cfe")))
	at org.apache.lucene.codecs.CodecUtil.checkFooter(CodecUtil.java:419)
	at org.apache.lucene.codecs.CodecUtil.checkFooter(CodecUtil.java:448)
	at org.apache.lucene.codecs.lucene50.Lucene50CompoundReader.readEntries(Lucene50CompoundReader.java:127)
	at org.apache.lucene.codecs.lucene50.Lucene50CompoundReader.<init>(Lucene50CompoundReader.java:70)
	at org.apache.lucene.codecs.lucene50.Lucene50CompoundFormat.getCompoundReader(Lucene50CompoundFormat.java:70)
	at org.apache.lucene.index.SegmentCoreReaders.<init>(SegmentCoreReaders.java:101)
	at org.apache.lucene.index.SegmentReader.<init>(SegmentReader.java:84)
	at org.apache.lucene.index.CheckIndex.checkIndex(CheckIndex.java:679)
	at org.elasticsearch.index.shard.RemoveCorruptedLuceneSegmentsAction.getCleanStatus(RemoveCorruptedLuceneSegmentsAction.java:47)
	at org.elasticsearch.index.shard.RemoveCorruptedShardDataCommand.lambda$execute$1(RemoveCorruptedShardDataCommand.java:314)
	at org.elasticsearch.index.shard.RemoveCorruptedShardDataCommand.findAndProcessShardPath(RemoveCorruptedShardDataCommand.java:205)
	at org.elasticsearch.index.shard.RemoveCorruptedShardDataCommand.execute(RemoveCorruptedShardDataCommand.java:285)
	at org.elasticsearch.index.shard.RemoveCorruptedShardDataCommandTests.testCorruptedBothIndexAndTranslog(RemoveCorruptedShardDataCommandTests.java:298)
	at java.base/jdk.internal.reflect.NativeMethodAccessorImpl.invoke0(Native Method)
	at java.base/jdk.internal.reflect.NativeMethodAccessorImpl.invoke(NativeMethodAccessorImpl.java:62)
	at java.base/jdk.internal.reflect.DelegatingMethodAccessorImpl.invoke(DelegatingMethodAccessorImpl.java:43)
	at java.base/java.lang.reflect.Method.invoke(Method.java:567)
	at com.carrotsearch.randomizedtesting.RandomizedRunner.invoke(RandomizedRunner.java:1750)
	at com.carrotsearch.randomizedtesting.RandomizedRunner$8.evaluate(RandomizedRunner.java:938)
	at com.carrotsearch.randomizedtesting.RandomizedRunner$9.evaluate(RandomizedRunner.java:974)
	at com.carrotsearch.randomizedtesting.RandomizedRunner$10.evaluate(RandomizedRunner.java:988)
	at com.carrotsearch.randomizedtesting.rules.StatementAdapter.evaluate(StatementAdapter.java:36)
	at org.apache.lucene.util.TestRuleSetupTeardownChained$1.evaluate(TestRuleSetupTeardownChained.java:49)
	at org.apache.lucene.util.AbstractBeforeAfterRule$1.evaluate(AbstractBeforeAfterRule.java:45)
	at org.apache.lucene.util.TestRuleThreadAndTestName$1.evaluate(TestRuleThreadAndTestName.java:48)
	at org.apache.lucene.util.TestRuleIgnoreAfterMaxFailures$1.evaluate(TestRuleIgnoreAfterMaxFailures.java:64)
	at org.apache.lucene.util.TestRuleMarkFailure$1.evaluate(TestRuleMarkFailure.java:47)
	at com.carrotsearch.randomizedtesting.rules.StatementAdapter.evaluate(StatementAdapter.java:36)
	at com.carrotsearch.randomizedtesting.ThreadLeakControl$StatementRunner.run(ThreadLeakControl.java:368)
	at com.carrotsearch.randomizedtesting.ThreadLeakControl.forkTimeoutingTask(ThreadLeakControl.java:817)
	at com.carrotsearch.randomizedtesting.ThreadLeakControl$3.evaluate(ThreadLeakControl.java:468)
	at com.carrotsearch.randomizedtesting.RandomizedRunner.runSingleTest(RandomizedRunner.java:947)
	at com.carrotsearch.randomizedtesting.RandomizedRunner$5.evaluate(RandomizedRunner.java:832)
	at com.carrotsearch.randomizedtesting.RandomizedRunner$6.evaluate(RandomizedRunner.java:883)
	at com.carrotsearch.randomizedtesting.RandomizedRunner$7.evaluate(RandomizedRunner.java:894)
	at org.apache.lucene.util.AbstractBeforeAfterRule$1.evaluate(AbstractBeforeAfterRule.java:45)
	at com.carrotsearch.randomizedtesting.rules.StatementAdapter.evaluate(StatementAdapter.java:36)
	at org.apache.lucene.util.TestRuleStoreClassName$1.evaluate(TestRuleStoreClassName.java:41)
	at com.carrotsearch.randomizedtesting.rules.NoShadowingOrOverridesOnMethodsRule$1.evaluate(NoShadowingOrOverridesOnMethodsRule.java:40)
	at com.carrotsearch.randomizedtesting.rules.NoShadowingOrOverridesOnMethodsRule$1.evaluate(NoShadowingOrOverridesOnMethodsRule.java:40)
	at com.carrotsearch.randomizedtesting.rules.StatementAdapter.evaluate(StatementAdapter.java:36)
	at com.carrotsearch.randomizedtesting.rules.StatementAdapter.evaluate(StatementAdapter.java:36)
	at org.apache.lucene.util.TestRuleAssertionsRequired$1.evaluate(TestRuleAssertionsRequired.java:53)
	at org.apache.lucene.util.TestRuleMarkFailure$1.evaluate(TestRuleMarkFailure.java:47)
	at org.apache.lucene.util.TestRuleIgnoreAfterMaxFailures$1.evaluate(TestRuleIgnoreAfterMaxFailures.java:64)
	at org.apache.lucene.util.TestRuleIgnoreTestSuites$1.evaluate(TestRuleIgnoreTestSuites.java:54)
	at com.carrotsearch.randomizedtesting.rules.StatementAdapter.evaluate(StatementAdapter.java:36)
	at com.carrotsearch.randomizedtesting.ThreadLeakControl$StatementRunner.run(ThreadLeakControl.java:368)
	at java.base/java.lang.Thread.run(Thread.java:835)

  3 of 9: name=_2 maxDoc=27
    version=8.3.0
    id=3snnz99pchiceseeauia6kpyk
    codec=Lucene80
    compound=true
    numFiles=3
    size (MB)=0.003
    diagnostics = {java.vendor=Oracle Corporation, os=Windows 7, java.version=12.0.2, java.vm.version=12.0.2+10, lucene.version=8.3.0, os.arch=amd64, java.runtime.version=12.0.2+10, source=flush, os.version=6.1, timestamp=1581891871528}
    no deletions
    test: open reader.........OK [took 0.001 sec]
    test: check integrity.....OK [took 0.000 sec]

detailed segment RAM usage: 
_2(8.3.0):c27:[diagnostics={java.vendor=Oracle Corporation, os=Windows 7, java.version=12.0.2, java.vm.version=12.0.2+10, lucene.version=8.3.0, os.arch=amd64, java.runtime.version=12.0.2+10, source=flush, os.version=6.1, timestamp=1581891871528}]:[attributes={Lucene50StoredFieldsFormat.mode=BEST_SPEED}]: 701 bytes
|-- postings [PerFieldPostings(segment=_2 formats=1)]: 320 bytes
    |-- format 'Lucene50_0' [BlockTreeTermsReader(fields=1,delegate=Lucene50PostingsReader(positions=false,payloads=false))]: 280 bytes
        |-- field '_id' [BlockTreeTerms(seg=_2 terms=27,postings=27,positions=27,docs=27)]: 248 bytes
            |-- term index [FST(input=BYTE1,output=ByteSequenceOutputs]: 88 bytes
        |-- delegate [Lucene50PostingsReader(positions=false,payloads=false)]: 32 bytes
|-- docvalues [PerFieldDocValues(formats=1)]: 68 bytes
    |-- format 'Lucene80_0' [org.apache.lucene.codecs.lucene80.Lucene80DocValuesProducer@419d0cfc]: 48 bytes
|-- stored fields [CompressingStoredFieldsReader(mode=FAST,chunksize=16384)]: 312 bytes
    |-- stored field index [CompressingStoredFieldsIndexReader(blocks=1)]: 312 bytes
        |-- doc base deltas: 88 bytes
        |-- start pointer deltas: 88 bytes
|-- points [org.apache.lucene.codecs.lucene60.Lucene60PointsReader@540f6c94]: 1 bytes
    |-- _seq_no [org.apache.lucene.util.bkd.BKDReader@24c926f]: 1 bytes

  4 of 9: name=_3 maxDoc=74
    version=8.3.0
    id=3snnz99pchiceseeauia6kpym
    codec=Lucene80
    compound=true
    numFiles=3
    size (MB)=0.003
    diagnostics = {java.vendor=Oracle Corporation, os=Windows 7, java.version=12.0.2, java.vm.version=12.0.2+10, lucene.version=8.3.0, os.arch=amd64, java.runtime.version=12.0.2+10, source=flush, os.version=6.1, timestamp=1581891871605}
    no deletions
    test: open reader.........OK [took 0.001 sec]
    test: check integrity.....OK [took 0.000 sec]

detailed segment RAM usage: 
_3(8.3.0):c74:[diagnostics={java.vendor=Oracle Corporation, os=Windows 7, java.version=12.0.2, java.vm.version=12.0.2+10, lucene.version=8.3.0, os.arch=amd64, java.runtime.version=12.0.2+10, source=flush, os.version=6.1, timestamp=1581891871605}]:[attributes={Lucene50StoredFieldsFormat.mode=BEST_SPEED}]: 701 bytes
|-- postings [PerFieldPostings(segment=_3 formats=1)]: 320 bytes
    |-- format 'Lucene50_0' [BlockTreeTermsReader(fields=1,delegate=Lucene50PostingsReader(positions=false,payloads=false))]: 280 bytes
        |-- field '_id' [BlockTreeTerms(seg=_3 terms=74,postings=74,positions=74,docs=74)]: 248 bytes
            |-- term index [FST(input=BYTE1,output=ByteSequenceOutputs]: 88 bytes
        |-- delegate [Lucene50PostingsReader(positions=false,payloads=false)]: 32 bytes
|-- docvalues [PerFieldDocValues(formats=1)]: 68 bytes
    |-- format 'Lucene80_0' [org.apache.lucene.codecs.lucene80.Lucene80DocValuesProducer@37bc2ebc]: 48 bytes
|-- stored fields [CompressingStoredFieldsReader(mode=FAST,chunksize=16384)]: 312 bytes
    |-- stored field index [CompressingStoredFieldsIndexReader(blocks=1)]: 312 bytes
        |-- doc base deltas: 88 bytes
        |-- start pointer deltas: 88 bytes
|-- points [org.apache.lucene.codecs.lucene60.Lucene60PointsReader@51051dce]: 1 bytes
    |-- _seq_no [org.apache.lucene.util.bkd.BKDReader@3c9580ca]: 1 bytes

  5 of 9: name=_4 maxDoc=15
    version=8.3.0
    id=3snnz99pchiceseeauia6kpyo
    codec=Lucene80
    compound=true
    numFiles=3
    size (MB)=0.002
    diagnostics = {java.vendor=Oracle Corporation, os=Windows 7, java.version=12.0.2, java.vm.version=12.0.2+10, lucene.version=8.3.0, os.arch=amd64, java.runtime.version=12.0.2+10, source=flush, os.version=6.1, timestamp=1581891871652}
    no deletions
    test: open reader.........OK [took 0.001 sec]
    test: check integrity.....OK [took 0.000 sec]

detailed segment RAM usage: 
_4(8.3.0):c15:[diagnostics={java.vendor=Oracle Corporation, os=Windows 7, java.version=12.0.2, java.vm.version=12.0.2+10, lucene.version=8.3.0, os.arch=amd64, java.runtime.version=12.0.2+10, source=flush, os.version=6.1, timestamp=1581891871652}]:[attributes={Lucene50StoredFieldsFormat.mode=BEST_SPEED}]: 701 bytes
|-- postings [PerFieldPostings(segment=_4 formats=1)]: 320 bytes
    |-- format 'Lucene50_0' [BlockTreeTermsReader(fields=1,delegate=Lucene50PostingsReader(positions=false,payloads=false))]: 280 bytes
        |-- field '_id' [BlockTreeTerms(seg=_4 terms=15,postings=15,positions=15,docs=15)]: 248 bytes
            |-- term index [FST(input=BYTE1,output=ByteSequenceOutputs]: 88 bytes
        |-- delegate [Lucene50PostingsReader(positions=false,payloads=false)]: 32 bytes
|-- docvalues [PerFieldDocValues(formats=1)]: 68 bytes
    |-- format 'Lucene80_0' [org.apache.lucene.codecs.lucene80.Lucene80DocValuesProducer@4feb6163]: 48 bytes
|-- stored fields [CompressingStoredFieldsReader(mode=FAST,chunksize=16384)]: 312 bytes
    |-- stored field index [CompressingStoredFieldsIndexReader(blocks=1)]: 312 bytes
        |-- doc base deltas: 88 bytes
        |-- start pointer deltas: 88 bytes
|-- points [org.apache.lucene.codecs.lucene60.Lucene60PointsReader@5f682b84]: 1 bytes
    |-- _seq_no [org.apache.lucene.util.bkd.BKDReader@80ae76a]: 1 bytes

  6 of 9: name=_5 maxDoc=93
    version=8.3.0
    id=3snnz99pchiceseeauia6kpyq
    codec=Lucene80
    compound=true
    numFiles=3
    size (MB)=0.003
    diagnostics = {java.vendor=Oracle Corporation, os=Windows 7, java.version=12.0.2, java.vm.version=12.0.2+10, lucene.version=8.3.0, os.arch=amd64, java.runtime.version=12.0.2+10, source=flush, os.version=6.1, timestamp=1581891871740}
    no deletions
    test: open reader.........OK [took 0.001 sec]
    test: check integrity.....OK [took 0.000 sec]

detailed segment RAM usage: 
_5(8.3.0):c93:[diagnostics={java.vendor=Oracle Corporation, os=Windows 7, java.version=12.0.2, java.vm.version=12.0.2+10, lucene.version=8.3.0, os.arch=amd64, java.runtime.version=12.0.2+10, source=flush, os.version=6.1, timestamp=1581891871740}]:[attributes={Lucene50StoredFieldsFormat.mode=BEST_SPEED}]: 701 bytes
|-- postings [PerFieldPostings(segment=_5 formats=1)]: 320 bytes
    |-- format 'Lucene50_0' [BlockTreeTermsReader(fields=1,delegate=Lucene50PostingsReader(positions=false,payloads=false))]: 280 bytes
        |-- field '_id' [BlockTreeTerms(seg=_5 terms=93,postings=93,positions=93,docs=93)]: 248 bytes
            |-- term index [FST(input=BYTE1,output=ByteSequenceOutputs]: 88 bytes
        |-- delegate [Lucene50PostingsReader(positions=false,payloads=false)]: 32 bytes
|-- docvalues [PerFieldDocValues(formats=1)]: 68 bytes
    |-- format 'Lucene80_0' [org.apache.lucene.codecs.lucene80.Lucene80DocValuesProducer@7b5cbaf6]: 48 bytes
|-- stored fields [CompressingStoredFieldsReader(mode=FAST,chunksize=16384)]: 312 bytes
    |-- stored field index [CompressingStoredFieldsIndexReader(blocks=1)]: 312 bytes
        |-- doc base deltas: 88 bytes
        |-- start pointer deltas: 88 bytes
|-- points [org.apache.lucene.codecs.lucene60.Lucene60PointsReader@24b23340]: 1 bytes
    |-- _seq_no [org.apache.lucene.util.bkd.BKDReader@45a6a4dd]: 1 bytes

  7 of 9: name=_6 maxDoc=71
    version=8.3.0
    id=3snnz99pchiceseeauia6kpys
    codec=Lucene80
    compound=true
    numFiles=3
    size (MB)=0.003
    diagnostics = {java.vendor=Oracle Corporation, os=Windows 7, java.version=12.0.2, java.vm.version=12.0.2+10, lucene.version=8.3.0, os.arch=amd64, java.runtime.version=12.0.2+10, source=flush, os.version=6.1, timestamp=1581891871839}
    no deletions
    test: open reader.........OK [took 0.001 sec]
    test: check integrity.....OK [took 0.000 sec]

detailed segment RAM usage: 
_6(8.3.0):c71:[diagnostics={java.vendor=Oracle Corporation, os=Windows 7, java.version=12.0.2, java.vm.version=12.0.2+10, lucene.version=8.3.0, os.arch=amd64, java.runtime.version=12.0.2+10, source=flush, os.version=6.1, timestamp=1581891871839}]:[attributes={Lucene50StoredFieldsFormat.mode=BEST_SPEED}]: 701 bytes
|-- postings [PerFieldPostings(segment=_6 formats=1)]: 320 bytes
    |-- format 'Lucene50_0' [BlockTreeTermsReader(fields=1,delegate=Lucene50PostingsReader(positions=false,payloads=false))]: 280 bytes
        |-- field '_id' [BlockTreeTerms(seg=_6 terms=71,postings=71,positions=71,docs=71)]: 248 bytes
            |-- term index [FST(input=BYTE1,output=ByteSequenceOutputs]: 88 bytes
        |-- delegate [Lucene50PostingsReader(positions=false,payloads=false)]: 32 bytes
|-- docvalues [PerFieldDocValues(formats=1)]: 68 bytes
    |-- format 'Lucene80_0' [org.apache.lucene.codecs.lucene80.Lucene80DocValuesProducer@3f473cc2]: 48 bytes
|-- stored fields [CompressingStoredFieldsReader(mode=FAST,chunksize=16384)]: 312 bytes
    |-- stored field index [CompressingStoredFieldsIndexReader(blocks=1)]: 312 bytes
        |-- doc base deltas: 88 bytes
        |-- start pointer deltas: 88 bytes
|-- points [org.apache.lucene.codecs.lucene60.Lucene60PointsReader@4f37e7bb]: 1 bytes
    |-- _seq_no [org.apache.lucene.util.bkd.BKDReader@26bdc01f]: 1 bytes

  8 of 9: name=_7 maxDoc=75
    version=8.3.0
    id=3snnz99pchiceseeauia6kpyu
    codec=Lucene80
    compound=true
    numFiles=3
    size (MB)=0.003
    diagnostics = {java.vendor=Oracle Corporation, os=Windows 7, java.version=12.0.2, java.vm.version=12.0.2+10, lucene.version=8.3.0, os.arch=amd64, java.runtime.version=12.0.2+10, source=flush, os.version=6.1, timestamp=1581891871926}
    no deletions
    test: open reader.........OK [took 0.001 sec]
    test: check integrity.....OK [took 0.000 sec]

detailed segment RAM usage: 
_7(8.3.0):c75:[diagnostics={java.vendor=Oracle Corporation, os=Windows 7, java.version=12.0.2, java.vm.version=12.0.2+10, lucene.version=8.3.0, os.arch=amd64, java.runtime.version=12.0.2+10, source=flush, os.version=6.1, timestamp=1581891871926}]:[attributes={Lucene50StoredFieldsFormat.mode=BEST_SPEED}]: 701 bytes
|-- postings [PerFieldPostings(segment=_7 formats=1)]: 320 bytes
    |-- format 'Lucene50_0' [BlockTreeTermsReader(fields=1,delegate=Lucene50PostingsReader(positions=false,payloads=false))]: 280 bytes
        |-- field '_id' [BlockTreeTerms(seg=_7 terms=75,postings=75,positions=75,docs=75)]: 248 bytes
            |-- term index [FST(input=BYTE1,output=ByteSequenceOutputs]: 88 bytes
        |-- delegate [Lucene50PostingsReader(positions=false,payloads=false)]: 32 bytes
|-- docvalues [PerFieldDocValues(formats=1)]: 68 bytes
    |-- format 'Lucene80_0' [org.apache.lucene.codecs.lucene80.Lucene80DocValuesProducer@bd6677a]: 48 bytes
|-- stored fields [CompressingStoredFieldsReader(mode=FAST,chunksize=16384)]: 312 bytes
    |-- stored field index [CompressingStoredFieldsIndexReader(blocks=1)]: 312 bytes
        |-- doc base deltas: 88 bytes
        |-- start pointer deltas: 88 bytes
|-- points [org.apache.lucene.codecs.lucene60.Lucene60PointsReader@43a3e327]: 1 bytes
    |-- _seq_no [org.apache.lucene.util.bkd.BKDReader@60f5e1e8]: 1 bytes

  9 of 9: name=_8 maxDoc=78
    version=8.3.0
    id=3snnz99pchiceseeauia6kpyw
    codec=Lucene80
    compound=true
    numFiles=3
    size (MB)=0.003
    diagnostics = {java.vendor=Oracle Corporation, os=Windows 7, java.version=12.0.2, java.vm.version=12.0.2+10, lucene.version=8.3.0, os.arch=amd64, java.runtime.version=12.0.2+10, source=flush, os.version=6.1, timestamp=1581891872023}
    no deletions
    test: open reader.........OK [took 0.001 sec]
    test: check integrity.....OK [took 0.000 sec]

detailed segment RAM usage: 
_8(8.3.0):c78:[diagnostics={java.vendor=Oracle Corporation, os=Windows 7, java.version=12.0.2, java.vm.version=12.0.2+10, lucene.version=8.3.0, os.arch=amd64, java.runtime.version=12.0.2+10, source=flush, os.version=6.1, timestamp=1581891872023}]:[attributes={Lucene50StoredFieldsFormat.mode=BEST_SPEED}]: 701 bytes
|-- postings [PerFieldPostings(segment=_8 formats=1)]: 320 bytes
    |-- format 'Lucene50_0' [BlockTreeTermsReader(fields=1,delegate=Lucene50PostingsReader(positions=false,payloads=false))]: 280 bytes
        |-- field '_id' [BlockTreeTerms(seg=_8 terms=78,postings=78,positions=78,docs=78)]: 248 bytes
            |-- term index [FST(input=BYTE1,output=ByteSequenceOutputs]: 88 bytes
        |-- delegate [Lucene50PostingsReader(positions=false,payloads=false)]: 32 bytes
|-- docvalues [PerFieldDocValues(formats=1)]: 68 bytes
    |-- format 'Lucene80_0' [org.apache.lucene.codecs.lucene80.Lucene80DocValuesProducer@1d1f04c3]: 48 bytes
|-- stored fields [CompressingStoredFieldsReader(mode=FAST,chunksize=16384)]: 312 bytes
    |-- stored field index [CompressingStoredFieldsIndexReader(blocks=1)]: 312 bytes
        |-- doc base deltas: 88 bytes
        |-- start pointer deltas: 88 bytes
|-- points [org.apache.lucene.codecs.lucene60.Lucene60PointsReader@52aa5c29]: 1 bytes
    |-- _seq_no [org.apache.lucene.util.bkd.BKDReader@4ad9d56c]: 1 bytes

WARNING: 1 broken segments (containing 26 documents) detected
Took 0.032 sec total.

 >> Lucene index is corrupted at E:\NotD\git\elasticsearch\server\build\testrun\test\temp\org.elasticsearch.index.shard.RemoveCorruptedShardDataCommandTests_9EA1F2A3814E5F76-001\tempDir-014\nodes\0\indices\_na_\0\index


Opening translog at E:\NotD\git\elasticsearch\server\build\testrun\test\temp\org.elasticsearch.index.shard.RemoveCorruptedShardDataCommandTests_9EA1F2A3814E5F76-001\tempDir-014\nodes\0\indices\_na_\0\translog


 >> Translog is corrupted at E:\NotD\git\elasticsearch\server\build\testrun\test\temp\org.elasticsearch.index.shard.RemoveCorruptedShardDataCommandTests_9EA1F2A3814E5F76-001\tempDir-014\nodes\0\indices\_na_\0\translog

-----------------------------------------------------------------------

  Corrupted Lucene index segments found - 26 documents will be lost.


  Documents inside of translog files will be lost.
  The following files will be DELETED at E:\NotD\git\elasticsearch\server\build\testrun\test\temp\org.elasticsearch.index.shard.RemoveCorruptedShardDataCommandTests_9EA1F2A3814E5F76-001\tempDir-014\nodes\0\indices\_na_\0\translog

  --> translog-11.ckp
  --> translog-11.tlog
  --> translog-12.tlog
  --> translog.ckp

            WARNING:              YOU MAY LOSE DATA.
-----------------------------------------------------------------------
Continue and remove corrupted data from the shard ?

[2020-02-16T15:24:32,351][WARN ][o.e.i.IndexSettings      ] [testCorruptedBothIndexAndTranslog] [index0] [index.merge.enabled] is set to false, this should only be used in tests and can cause serious problems in production environments
[2020-02-16T15:24:32,379][WARN ][o.e.i.IndexSettings      ] [testCorruptedBothIndexAndTranslog] [index0] [index.merge.enabled] is set to false, this should only be used in tests and can cause serious problems in production environments
[2020-02-16T15:24:32,533][INFO ][o.e.i.s.RemoveCorruptedShardDataCommandTests] [testCorruptedBothIndexAndTranslog] --> output:
-----------------------------------------------------------------------

    WARNING: Elasticsearch MUST be stopped before running this tool.

  Please make a complete backup of your index before using this tool.

-----------------------------------------------------------------------

Opening Lucene index at E:\NotD\git\elasticsearch\server\build\testrun\test\temp\org.elasticsearch.index.shard.RemoveCorruptedShardDataCommandTests_9EA1F2A3814E5F76-001\tempDir-014\nodes\0\indices\_na_\0\index

0.00% total deletions; 542 documents; 0 deleteions
Segments file=segments_b numSegments=9 version=8.3.0 id=3snnz99pchiceseeauia6kpyx userData={history_uuid=S6yXCHgWQAyjuvODNqaNJw, local_checkpoint=541, max_seq_no=541, max_unsafe_auto_id_timestamp=-1, min_retained_seq_no=0, translog_generation=11, translog_uuid=n6o0OLb5SXWznDnzFLmTTA}
  1 of 9: name=_0 maxDoc=83
    version=8.3.0
    id=3snnz99pchiceseeauia6kpyg
    codec=Lucene80
    compound=true
    numFiles=3
    size (MB)=0.003
    diagnostics = {java.vendor=Oracle Corporation, os=Windows 7, java.version=12.0.2, java.vm.version=12.0.2+10, lucene.version=8.3.0, os.arch=amd64, java.runtime.version=12.0.2+10, source=flush, os.version=6.1, timestamp=1581891871389}
    no deletions
    test: open reader.........OK [took 0.001 sec]
    test: check integrity.....OK [took 0.000 sec]

detailed segment RAM usage: 
_0(8.3.0):c83:[diagnostics={java.vendor=Oracle Corporation, os=Windows 7, java.version=12.0.2, java.vm.version=12.0.2+10, lucene.version=8.3.0, os.arch=amd64, java.runtime.version=12.0.2+10, source=flush, os.version=6.1, timestamp=1581891871389}]:[attributes={Lucene50StoredFieldsFormat.mode=BEST_SPEED}]: 701 bytes
|-- postings [PerFieldPostings(segment=_0 formats=1)]: 320 bytes
    |-- format 'Lucene50_0' [BlockTreeTermsReader(fields=1,delegate=Lucene50PostingsReader(positions=false,payloads=false))]: 280 bytes
        |-- field '_id' [BlockTreeTerms(seg=_0 terms=83,postings=83,positions=83,docs=83)]: 248 bytes
            |-- term index [FST(input=BYTE1,output=ByteSequenceOutputs]: 88 bytes
        |-- delegate [Lucene50PostingsReader(positions=false,payloads=false)]: 32 bytes
|-- docvalues [PerFieldDocValues(formats=1)]: 68 bytes
    |-- format 'Lucene80_0' [org.apache.lucene.codecs.lucene80.Lucene80DocValuesProducer@3526ba82]: 48 bytes
|-- stored fields [CompressingStoredFieldsReader(mode=FAST,chunksize=16384)]: 312 bytes
    |-- stored field index [CompressingStoredFieldsIndexReader(blocks=1)]: 312 bytes
        |-- doc base deltas: 88 bytes
        |-- start pointer deltas: 88 bytes
|-- points [org.apache.lucene.codecs.lucene60.Lucene60PointsReader@5aecd963]: 1 bytes
    |-- _seq_no [org.apache.lucene.util.bkd.BKDReader@5ef8b10a]: 1 bytes

  2 of 9: name=_1 maxDoc=26
    version=8.3.0
    id=3snnz99pchiceseeauia6kpyi
    codec=Lucene80
    compound=true
    numFiles=3
    size (MB)=0.003
    diagnostics = {java.vendor=Oracle Corporation, os=Windows 7, java.version=12.0.2, java.vm.version=12.0.2+10, lucene.version=8.3.0, os.arch=amd64, java.runtime.version=12.0.2+10, source=flush, os.version=6.1, timestamp=1581891871454}
    no deletions
    test: open reader.........FAILED
    WARNING: exorciseIndex() would remove reference to this segment; full exception:
org.apache.lucene.index.CorruptIndexException: checksum failed (hardware problem?) : expected=366529fc actual=346c3f38 (resource=BufferedChecksumIndexInput(MMapIndexInput(path="E:\NotD\git\elasticsearch\server\build\testrun\test\temp\org.elasticsearch.index.shard.RemoveCorruptedShardDataCommandTests_9EA1F2A3814E5F76-001\tempDir-014\nodes\0\indices\_na_\0\index\_1.cfe")))
	at org.apache.lucene.codecs.CodecUtil.checkFooter(CodecUtil.java:419)
	at org.apache.lucene.codecs.CodecUtil.checkFooter(CodecUtil.java:448)
	at org.apache.lucene.codecs.lucene50.Lucene50CompoundReader.readEntries(Lucene50CompoundReader.java:127)
	at org.apache.lucene.codecs.lucene50.Lucene50CompoundReader.<init>(Lucene50CompoundReader.java:70)
	at org.apache.lucene.codecs.lucene50.Lucene50CompoundFormat.getCompoundReader(Lucene50CompoundFormat.java:70)
	at org.apache.lucene.index.SegmentCoreReaders.<init>(SegmentCoreReaders.java:101)
	at org.apache.lucene.index.SegmentReader.<init>(SegmentReader.java:84)
	at org.apache.lucene.index.CheckIndex.checkIndex(CheckIndex.java:679)
	at org.elasticsearch.index.shard.RemoveCorruptedLuceneSegmentsAction.getCleanStatus(RemoveCorruptedLuceneSegmentsAction.java:47)
	at org.elasticsearch.index.shard.RemoveCorruptedShardDataCommand.lambda$execute$1(RemoveCorruptedShardDataCommand.java:314)
	at org.elasticsearch.index.shard.RemoveCorruptedShardDataCommand.findAndProcessShardPath(RemoveCorruptedShardDataCommand.java:205)
	at org.elasticsearch.index.shard.RemoveCorruptedShardDataCommand.execute(RemoveCorruptedShardDataCommand.java:285)
	at org.elasticsearch.index.shard.RemoveCorruptedShardDataCommandTests.testCorruptedBothIndexAndTranslog(RemoveCorruptedShardDataCommandTests.java:310)
	at java.base/jdk.internal.reflect.NativeMethodAccessorImpl.invoke0(Native Method)
	at java.base/jdk.internal.reflect.NativeMethodAccessorImpl.invoke(NativeMethodAccessorImpl.java:62)
	at java.base/jdk.internal.reflect.DelegatingMethodAccessorImpl.invoke(DelegatingMethodAccessorImpl.java:43)
	at java.base/java.lang.reflect.Method.invoke(Method.java:567)
	at com.carrotsearch.randomizedtesting.RandomizedRunner.invoke(RandomizedRunner.java:1750)
	at com.carrotsearch.randomizedtesting.RandomizedRunner$8.evaluate(RandomizedRunner.java:938)
	at com.carrotsearch.randomizedtesting.RandomizedRunner$9.evaluate(RandomizedRunner.java:974)
	at com.carrotsearch.randomizedtesting.RandomizedRunner$10.evaluate(RandomizedRunner.java:988)
	at com.carrotsearch.randomizedtesting.rules.StatementAdapter.evaluate(StatementAdapter.java:36)
	at org.apache.lucene.util.TestRuleSetupTeardownChained$1.evaluate(TestRuleSetupTeardownChained.java:49)
	at org.apache.lucene.util.AbstractBeforeAfterRule$1.evaluate(AbstractBeforeAfterRule.java:45)
	at org.apache.lucene.util.TestRuleThreadAndTestName$1.evaluate(TestRuleThreadAndTestName.java:48)
	at org.apache.lucene.util.TestRuleIgnoreAfterMaxFailures$1.evaluate(TestRuleIgnoreAfterMaxFailures.java:64)
	at org.apache.lucene.util.TestRuleMarkFailure$1.evaluate(TestRuleMarkFailure.java:47)
	at com.carrotsearch.randomizedtesting.rules.StatementAdapter.evaluate(StatementAdapter.java:36)
	at com.carrotsearch.randomizedtesting.ThreadLeakControl$StatementRunner.run(ThreadLeakControl.java:368)
	at com.carrotsearch.randomizedtesting.ThreadLeakControl.forkTimeoutingTask(ThreadLeakControl.java:817)
	at com.carrotsearch.randomizedtesting.ThreadLeakControl$3.evaluate(ThreadLeakControl.java:468)
	at com.carrotsearch.randomizedtesting.RandomizedRunner.runSingleTest(RandomizedRunner.java:947)
	at com.carrotsearch.randomizedtesting.RandomizedRunner$5.evaluate(RandomizedRunner.java:832)
	at com.carrotsearch.randomizedtesting.RandomizedRunner$6.evaluate(RandomizedRunner.java:883)
	at com.carrotsearch.randomizedtesting.RandomizedRunner$7.evaluate(RandomizedRunner.java:894)
	at org.apache.lucene.util.AbstractBeforeAfterRule$1.evaluate(AbstractBeforeAfterRule.java:45)
	at com.carrotsearch.randomizedtesting.rules.StatementAdapter.evaluate(StatementAdapter.java:36)
	at org.apache.lucene.util.TestRuleStoreClassName$1.evaluate(TestRuleStoreClassName.java:41)
	at com.carrotsearch.randomizedtesting.rules.NoShadowingOrOverridesOnMethodsRule$1.evaluate(NoShadowingOrOverridesOnMethodsRule.java:40)
	at com.carrotsearch.randomizedtesting.rules.NoShadowingOrOverridesOnMethodsRule$1.evaluate(NoShadowingOrOverridesOnMethodsRule.java:40)
	at com.carrotsearch.randomizedtesting.rules.StatementAdapter.evaluate(StatementAdapter.java:36)
	at com.carrotsearch.randomizedtesting.rules.StatementAdapter.evaluate(StatementAdapter.java:36)
	at org.apache.lucene.util.TestRuleAssertionsRequired$1.evaluate(TestRuleAssertionsRequired.java:53)
	at org.apache.lucene.util.TestRuleMarkFailure$1.evaluate(TestRuleMarkFailure.java:47)
	at org.apache.lucene.util.TestRuleIgnoreAfterMaxFailures$1.evaluate(TestRuleIgnoreAfterMaxFailures.java:64)
	at org.apache.lucene.util.TestRuleIgnoreTestSuites$1.evaluate(TestRuleIgnoreTestSuites.java:54)
	at com.carrotsearch.randomizedtesting.rules.StatementAdapter.evaluate(StatementAdapter.java:36)
	at com.carrotsearch.randomizedtesting.ThreadLeakControl$StatementRunner.run(ThreadLeakControl.java:368)
	at java.base/java.lang.Thread.run(Thread.java:835)

  3 of 9: name=_2 maxDoc=27
    version=8.3.0
    id=3snnz99pchiceseeauia6kpyk
    codec=Lucene80
    compound=true
    numFiles=3
    size (MB)=0.003
    diagnostics = {java.vendor=Oracle Corporation, os=Windows 7, java.version=12.0.2, java.vm.version=12.0.2+10, lucene.version=8.3.0, os.arch=amd64, java.runtime.version=12.0.2+10, source=flush, os.version=6.1, timestamp=1581891871528}
    no deletions
    test: open reader.........OK [took 0.001 sec]
    test: check integrity.....OK [took 0.000 sec]

detailed segment RAM usage: 
_2(8.3.0):c27:[diagnostics={java.vendor=Oracle Corporation, os=Windows 7, java.version=12.0.2, java.vm.version=12.0.2+10, lucene.version=8.3.0, os.arch=amd64, java.runtime.version=12.0.2+10, source=flush, os.version=6.1, timestamp=1581891871528}]:[attributes={Lucene50StoredFieldsFormat.mode=BEST_SPEED}]: 701 bytes
|-- postings [PerFieldPostings(segment=_2 formats=1)]: 320 bytes
    |-- format 'Lucene50_0' [BlockTreeTermsReader(fields=1,delegate=Lucene50PostingsReader(positions=false,payloads=false))]: 280 bytes
        |-- field '_id' [BlockTreeTerms(seg=_2 terms=27,postings=27,positions=27,docs=27)]: 248 bytes
            |-- term index [FST(input=BYTE1,output=ByteSequenceOutputs]: 88 bytes
        |-- delegate [Lucene50PostingsReader(positions=false,payloads=false)]: 32 bytes
|-- docvalues [PerFieldDocValues(formats=1)]: 68 bytes
    |-- format 'Lucene80_0' [org.apache.lucene.codecs.lucene80.Lucene80DocValuesProducer@605d2dd]: 48 bytes
|-- stored fields [CompressingStoredFieldsReader(mode=FAST,chunksize=16384)]: 312 bytes
    |-- stored field index [CompressingStoredFieldsIndexReader(blocks=1)]: 312 bytes
        |-- doc base deltas: 88 bytes
        |-- start pointer deltas: 88 bytes
|-- points [org.apache.lucene.codecs.lucene60.Lucene60PointsReader@690b8fdb]: 1 bytes
    |-- _seq_no [org.apache.lucene.util.bkd.BKDReader@65945073]: 1 bytes

  4 of 9: name=_3 maxDoc=74
    version=8.3.0
    id=3snnz99pchiceseeauia6kpym
    codec=Lucene80
    compound=true
    numFiles=3
    size (MB)=0.003
    diagnostics = {java.vendor=Oracle Corporation, os=Windows 7, java.version=12.0.2, java.vm.version=12.0.2+10, lucene.version=8.3.0, os.arch=amd64, java.runtime.version=12.0.2+10, source=flush, os.version=6.1, timestamp=1581891871605}
    no deletions
    test: open reader.........OK [took 0.001 sec]
    test: check integrity.....OK [took 0.000 sec]

detailed segment RAM usage: 
_3(8.3.0):c74:[diagnostics={java.vendor=Oracle Corporation, os=Windows 7, java.version=12.0.2, java.vm.version=12.0.2+10, lucene.version=8.3.0, os.arch=amd64, java.runtime.version=12.0.2+10, source=flush, os.version=6.1, timestamp=1581891871605}]:[attributes={Lucene50StoredFieldsFormat.mode=BEST_SPEED}]: 701 bytes
|-- postings [PerFieldPostings(segment=_3 formats=1)]: 320 bytes
    |-- format 'Lucene50_0' [BlockTreeTermsReader(fields=1,delegate=Lucene50PostingsReader(positions=false,payloads=false))]: 280 bytes
        |-- field '_id' [BlockTreeTerms(seg=_3 terms=74,postings=74,positions=74,docs=74)]: 248 bytes
            |-- term index [FST(input=BYTE1,output=ByteSequenceOutputs]: 88 bytes
        |-- delegate [Lucene50PostingsReader(positions=false,payloads=false)]: 32 bytes
|-- docvalues [PerFieldDocValues(formats=1)]: 68 bytes
    |-- format 'Lucene80_0' [org.apache.lucene.codecs.lucene80.Lucene80DocValuesProducer@33b3d901]: 48 bytes
|-- stored fields [CompressingStoredFieldsReader(mode=FAST,chunksize=16384)]: 312 bytes
    |-- stored field index [CompressingStoredFieldsIndexReader(blocks=1)]: 312 bytes
        |-- doc base deltas: 88 bytes
        |-- start pointer deltas: 88 bytes
|-- points [org.apache.lucene.codecs.lucene60.Lucene60PointsReader@74e310cc]: 1 bytes
    |-- _seq_no [org.apache.lucene.util.bkd.BKDReader@187c5212]: 1 bytes

  5 of 9: name=_4 maxDoc=15
    version=8.3.0
    id=3snnz99pchiceseeauia6kpyo
    codec=Lucene80
    compound=true
    numFiles=3
    size (MB)=0.002
    diagnostics = {java.vendor=Oracle Corporation, os=Windows 7, java.version=12.0.2, java.vm.version=12.0.2+10, lucene.version=8.3.0, os.arch=amd64, java.runtime.version=12.0.2+10, source=flush, os.version=6.1, timestamp=1581891871652}
    no deletions
    test: open reader.........OK [took 0.001 sec]
    test: check integrity.....OK [took 0.000 sec]

detailed segment RAM usage: 
_4(8.3.0):c15:[diagnostics={java.vendor=Oracle Corporation, os=Windows 7, java.version=12.0.2, java.vm.version=12.0.2+10, lucene.version=8.3.0, os.arch=amd64, java.runtime.version=12.0.2+10, source=flush, os.version=6.1, timestamp=1581891871652}]:[attributes={Lucene50StoredFieldsFormat.mode=BEST_SPEED}]: 701 bytes
|-- postings [PerFieldPostings(segment=_4 formats=1)]: 320 bytes
    |-- format 'Lucene50_0' [BlockTreeTermsReader(fields=1,delegate=Lucene50PostingsReader(positions=false,payloads=false))]: 280 bytes
        |-- field '_id' [BlockTreeTerms(seg=_4 terms=15,postings=15,positions=15,docs=15)]: 248 bytes
            |-- term index [FST(input=BYTE1,output=ByteSequenceOutputs]: 88 bytes
        |-- delegate [Lucene50PostingsReader(positions=false,payloads=false)]: 32 bytes
|-- docvalues [PerFieldDocValues(formats=1)]: 68 bytes
    |-- format 'Lucene80_0' [org.apache.lucene.codecs.lucene80.Lucene80DocValuesProducer@4093a17b]: 48 bytes
|-- stored fields [CompressingStoredFieldsReader(mode=FAST,chunksize=16384)]: 312 bytes
    |-- stored field index [CompressingStoredFieldsIndexReader(blocks=1)]: 312 bytes
        |-- doc base deltas: 88 bytes
        |-- start pointer deltas: 88 bytes
|-- points [org.apache.lucene.codecs.lucene60.Lucene60PointsReader@3a8587b9]: 1 bytes
    |-- _seq_no [org.apache.lucene.util.bkd.BKDReader@5bf5f2a7]: 1 bytes

  6 of 9: name=_5 maxDoc=93
    version=8.3.0
    id=3snnz99pchiceseeauia6kpyq
    codec=Lucene80
    compound=true
    numFiles=3
    size (MB)=0.003
    diagnostics = {java.vendor=Oracle Corporation, os=Windows 7, java.version=12.0.2, java.vm.version=12.0.2+10, lucene.version=8.3.0, os.arch=amd64, java.runtime.version=12.0.2+10, source=flush, os.version=6.1, timestamp=1581891871740}
    no deletions
    test: open reader.........OK [took 0.001 sec]
    test: check integrity.....OK [took 0.000 sec]

detailed segment RAM usage: 
_5(8.3.0):c93:[diagnostics={java.vendor=Oracle Corporation, os=Windows 7, java.version=12.0.2, java.vm.version=12.0.2+10, lucene.version=8.3.0, os.arch=amd64, java.runtime.version=12.0.2+10, source=flush, os.version=6.1, timestamp=1581891871740}]:[attributes={Lucene50StoredFieldsFormat.mode=BEST_SPEED}]: 701 bytes
|-- postings [PerFieldPostings(segment=_5 formats=1)]: 320 bytes
    |-- format 'Lucene50_0' [BlockTreeTermsReader(fields=1,delegate=Lucene50PostingsReader(positions=false,payloads=false))]: 280 bytes
        |-- field '_id' [BlockTreeTerms(seg=_5 terms=93,postings=93,positions=93,docs=93)]: 248 bytes
            |-- term index [FST(input=BYTE1,output=ByteSequenceOutputs]: 88 bytes
        |-- delegate [Lucene50PostingsReader(positions=false,payloads=false)]: 32 bytes
|-- docvalues [PerFieldDocValues(formats=1)]: 68 bytes
    |-- format 'Lucene80_0' [org.apache.lucene.codecs.lucene80.Lucene80DocValuesProducer@69f76540]: 48 bytes
|-- stored fields [CompressingStoredFieldsReader(mode=FAST,chunksize=16384)]: 312 bytes
    |-- stored field index [CompressingStoredFieldsIndexReader(blocks=1)]: 312 bytes
        |-- doc base deltas: 88 bytes
        |-- start pointer deltas: 88 bytes
|-- points [org.apache.lucene.codecs.lucene60.Lucene60PointsReader@1d63c213]: 1 bytes
    |-- _seq_no [org.apache.lucene.util.bkd.BKDReader@5c7e852b]: 1 bytes

  7 of 9: name=_6 maxDoc=71
    version=8.3.0
    id=3snnz99pchiceseeauia6kpys
    codec=Lucene80
    compound=true
    numFiles=3
    size (MB)=0.003
    diagnostics = {java.vendor=Oracle Corporation, os=Windows 7, java.version=12.0.2, java.vm.version=12.0.2+10, lucene.version=8.3.0, os.arch=amd64, java.runtime.version=12.0.2+10, source=flush, os.version=6.1, timestamp=1581891871839}
    no deletions
    test: open reader.........OK [took 0.001 sec]
    test: check integrity.....OK [took 0.000 sec]

detailed segment RAM usage: 
_6(8.3.0):c71:[diagnostics={java.vendor=Oracle Corporation, os=Windows 7, java.version=12.0.2, java.vm.version=12.0.2+10, lucene.version=8.3.0, os.arch=amd64, java.runtime.version=12.0.2+10, source=flush, os.version=6.1, timestamp=1581891871839}]:[attributes={Lucene50StoredFieldsFormat.mode=BEST_SPEED}]: 701 bytes
|-- postings [PerFieldPostings(segment=_6 formats=1)]: 320 bytes
    |-- format 'Lucene50_0' [BlockTreeTermsReader(fields=1,delegate=Lucene50PostingsReader(positions=false,payloads=false))]: 280 bytes
        |-- field '_id' [BlockTreeTerms(seg=_6 terms=71,postings=71,positions=71,docs=71)]: 248 bytes
            |-- term index [FST(input=BYTE1,output=ByteSequenceOutputs]: 88 bytes
        |-- delegate [Lucene50PostingsReader(positions=false,payloads=false)]: 32 bytes
|-- docvalues [PerFieldDocValues(formats=1)]: 68 bytes
    |-- format 'Lucene80_0' [org.apache.lucene.codecs.lucene80.Lucene80DocValuesProducer@3e015321]: 48 bytes
|-- stored fields [CompressingStoredFieldsReader(mode=FAST,chunksize=16384)]: 312 bytes
    |-- stored field index [CompressingStoredFieldsIndexReader(blocks=1)]: 312 bytes
        |-- doc base deltas: 88 bytes
        |-- start pointer deltas: 88 bytes
|-- points [org.apache.lucene.codecs.lucene60.Lucene60PointsReader@16fede17]: 1 bytes
    |-- _seq_no [org.apache.lucene.util.bkd.BKDReader@f594a7c]: 1 bytes

  8 of 9: name=_7 maxDoc=75
    version=8.3.0
    id=3snnz99pchiceseeauia6kpyu
    codec=Lucene80
    compound=true
    numFiles=3
    size (MB)=0.003
    diagnostics = {java.vendor=Oracle Corporation, os=Windows 7, java.version=12.0.2, java.vm.version=12.0.2+10, lucene.version=8.3.0, os.arch=amd64, java.runtime.version=12.0.2+10, source=flush, os.version=6.1, timestamp=1581891871926}
    no deletions
    test: open reader.........OK [took 0.001 sec]
    test: check integrity.....OK [took 0.000 sec]

detailed segment RAM usage: 
_7(8.3.0):c75:[diagnostics={java.vendor=Oracle Corporation, os=Windows 7, java.version=12.0.2, java.vm.version=12.0.2+10, lucene.version=8.3.0, os.arch=amd64, java.runtime.version=12.0.2+10, source=flush, os.version=6.1, timestamp=1581891871926}]:[attributes={Lucene50StoredFieldsFormat.mode=BEST_SPEED}]: 701 bytes
|-- postings [PerFieldPostings(segment=_7 formats=1)]: 320 bytes
    |-- format 'Lucene50_0' [BlockTreeTermsReader(fields=1,delegate=Lucene50PostingsReader(positions=false,payloads=false))]: 280 bytes
        |-- field '_id' [BlockTreeTerms(seg=_7 terms=75,postings=75,positions=75,docs=75)]: 248 bytes
            |-- term index [FST(input=BYTE1,output=ByteSequenceOutputs]: 88 bytes
        |-- delegate [Lucene50PostingsReader(positions=false,payloads=false)]: 32 bytes
|-- docvalues [PerFieldDocValues(formats=1)]: 68 bytes
    |-- format 'Lucene80_0' [org.apache.lucene.codecs.lucene80.Lucene80DocValuesProducer@6d32a402]: 48 bytes
|-- stored fields [CompressingStoredFieldsReader(mode=FAST,chunksize=16384)]: 312 bytes
    |-- stored field index [CompressingStoredFieldsIndexReader(blocks=1)]: 312 bytes
        |-- doc base deltas: 88 bytes
        |-- start pointer deltas: 88 bytes
|-- points [org.apache.lucene.codecs.lucene60.Lucene60PointsReader@28fd0972]: 1 bytes
    |-- _seq_no [org.apache.lucene.util.bkd.BKDReader@11f84918]: 1 bytes

  9 of 9: name=_8 maxDoc=78
    version=8.3.0
    id=3snnz99pchiceseeauia6kpyw
    codec=Lucene80
    compound=true
    numFiles=3
    size (MB)=0.003
    diagnostics = {java.vendor=Oracle Corporation, os=Windows 7, java.version=12.0.2, java.vm.version=12.0.2+10, lucene.version=8.3.0, os.arch=amd64, java.runtime.version=12.0.2+10, source=flush, os.version=6.1, timestamp=1581891872023}
    no deletions
    test: open reader.........OK [took 0.001 sec]
    test: check integrity.....OK [took 0.000 sec]

detailed segment RAM usage: 
_8(8.3.0):c78:[diagnostics={java.vendor=Oracle Corporation, os=Windows 7, java.version=12.0.2, java.vm.version=12.0.2+10, lucene.version=8.3.0, os.arch=amd64, java.runtime.version=12.0.2+10, source=flush, os.version=6.1, timestamp=1581891872023}]:[attributes={Lucene50StoredFieldsFormat.mode=BEST_SPEED}]: 701 bytes
|-- postings [PerFieldPostings(segment=_8 formats=1)]: 320 bytes
    |-- format 'Lucene50_0' [BlockTreeTermsReader(fields=1,delegate=Lucene50PostingsReader(positions=false,payloads=false))]: 280 bytes
        |-- field '_id' [BlockTreeTerms(seg=_8 terms=78,postings=78,positions=78,docs=78)]: 248 bytes
            |-- term index [FST(input=BYTE1,output=ByteSequenceOutputs]: 88 bytes
        |-- delegate [Lucene50PostingsReader(positions=false,payloads=false)]: 32 bytes
|-- docvalues [PerFieldDocValues(formats=1)]: 68 bytes
    |-- format 'Lucene80_0' [org.apache.lucene.codecs.lucene80.Lucene80DocValuesProducer@423de2b2]: 48 bytes
|-- stored fields [CompressingStoredFieldsReader(mode=FAST,chunksize=16384)]: 312 bytes
    |-- stored field index [CompressingStoredFieldsIndexReader(blocks=1)]: 312 bytes
        |-- doc base deltas: 88 bytes
        |-- start pointer deltas: 88 bytes
|-- points [org.apache.lucene.codecs.lucene60.Lucene60PointsReader@115ed364]: 1 bytes
    |-- _seq_no [org.apache.lucene.util.bkd.BKDReader@6029a359]: 1 bytes

WARNING: 1 broken segments (containing 26 documents) detected
Took 0.018 sec total.

 >> Lucene index is corrupted at E:\NotD\git\elasticsearch\server\build\testrun\test\temp\org.elasticsearch.index.shard.RemoveCorruptedShardDataCommandTests_9EA1F2A3814E5F76-001\tempDir-014\nodes\0\indices\_na_\0\index


Opening translog at E:\NotD\git\elasticsearch\server\build\testrun\test\temp\org.elasticsearch.index.shard.RemoveCorruptedShardDataCommandTests_9EA1F2A3814E5F76-001\tempDir-014\nodes\0\indices\_na_\0\translog


 >> Translog is corrupted at E:\NotD\git\elasticsearch\server\build\testrun\test\temp\org.elasticsearch.index.shard.RemoveCorruptedShardDataCommandTests_9EA1F2A3814E5F76-001\tempDir-014\nodes\0\indices\_na_\0\translog

-----------------------------------------------------------------------

  Corrupted Lucene index segments found - 26 documents will be lost.


  Documents inside of translog files will be lost.
  The following files will be DELETED at E:\NotD\git\elasticsearch\server\build\testrun\test\temp\org.elasticsearch.index.shard.RemoveCorruptedShardDataCommandTests_9EA1F2A3814E5F76-001\tempDir-014\nodes\0\indices\_na_\0\translog

  --> translog-11.ckp
  --> translog-11.tlog
  --> translog-12.ckp
  --> translog-12.tlog
  --> translog-13.tlog
  --> translog.ckp

            WARNING:              YOU MAY LOSE DATA.
-----------------------------------------------------------------------
Continue and remove corrupted data from the shard ?
0.00% total deletions; 542 documents; 0 deleteions
Segments file=segments_b numSegments=9 version=8.3.0 id=3snnz99pchiceseeauia6kpyx userData={history_uuid=S6yXCHgWQAyjuvODNqaNJw, local_checkpoint=541, max_seq_no=541, max_unsafe_auto_id_timestamp=-1, min_retained_seq_no=0, translog_generation=11, translog_uuid=n6o0OLb5SXWznDnzFLmTTA}
  1 of 9: name=_0 maxDoc=83
    version=8.3.0
    id=3snnz99pchiceseeauia6kpyg
    codec=Lucene80
    compound=true
    numFiles=3
    size (MB)=0.003
    diagnostics = {java.vendor=Oracle Corporation, os=Windows 7, java.version=12.0.2, java.vm.version=12.0.2+10, lucene.version=8.3.0, os.arch=amd64, java.runtime.version=12.0.2+10, source=flush, os.version=6.1, timestamp=1581891871389}
    no deletions
    test: open reader.........OK [took 0.001 sec]
    test: check integrity.....OK [took 0.000 sec]

detailed segment RAM usage: 
_0(8.3.0):c83:[diagnostics={java.vendor=Oracle Corporation, os=Windows 7, java.version=12.0.2, java.vm.version=12.0.2+10, lucene.version=8.3.0, os.arch=amd64, java.runtime.version=12.0.2+10, source=flush, os.version=6.1, timestamp=1581891871389}]:[attributes={Lucene50StoredFieldsFormat.mode=BEST_SPEED}]: 701 bytes
|-- postings [PerFieldPostings(segment=_0 formats=1)]: 320 bytes
    |-- format 'Lucene50_0' [BlockTreeTermsReader(fields=1,delegate=Lucene50PostingsReader(positions=false,payloads=false))]: 280 bytes
        |-- field '_id' [BlockTreeTerms(seg=_0 terms=83,postings=83,positions=83,docs=83)]: 248 bytes
            |-- term index [FST(input=BYTE1,output=ByteSequenceOutputs]: 88 bytes
        |-- delegate [Lucene50PostingsReader(positions=false,payloads=false)]: 32 bytes
|-- docvalues [PerFieldDocValues(formats=1)]: 68 bytes
    |-- format 'Lucene80_0' [org.apache.lucene.codecs.lucene80.Lucene80DocValuesProducer@bfe67e0]: 48 bytes
|-- stored fields [CompressingStoredFieldsReader(mode=FAST,chunksize=16384)]: 312 bytes
    |-- stored field index [CompressingStoredFieldsIndexReader(blocks=1)]: 312 bytes
        |-- doc base deltas: 88 bytes
        |-- start pointer deltas: 88 bytes
|-- points [org.apache.lucene.codecs.lucene60.Lucene60PointsReader@7535f7d0]: 1 bytes
    |-- _seq_no [org.apache.lucene.util.bkd.BKDReader@2093d96]: 1 bytes

  2 of 9: name=_1 maxDoc=26
    version=8.3.0
    id=3snnz99pchiceseeauia6kpyi
    codec=Lucene80
    compound=true
    numFiles=3
    size (MB)=0.003
    diagnostics = {java.vendor=Oracle Corporation, os=Windows 7, java.version=12.0.2, java.vm.version=12.0.2+10, lucene.version=8.3.0, os.arch=amd64, java.runtime.version=12.0.2+10, source=flush, os.version=6.1, timestamp=1581891871454}
    no deletions
    test: open reader.........FAILED
    WARNING: exorciseIndex() would remove reference to this segment; full exception:
org.apache.lucene.index.CorruptIndexException: checksum failed (hardware problem?) : expected=366529fc actual=346c3f38 (resource=BufferedChecksumIndexInput(MMapIndexInput(path="E:\NotD\git\elasticsearch\server\build\testrun\test\temp\org.elasticsearch.index.shard.RemoveCorruptedShardDataCommandTests_9EA1F2A3814E5F76-001\tempDir-014\nodes\0\indices\_na_\0\index\_1.cfe")))
	at org.apache.lucene.codecs.CodecUtil.checkFooter(CodecUtil.java:419)
	at org.apache.lucene.codecs.CodecUtil.checkFooter(CodecUtil.java:448)
	at org.apache.lucene.codecs.lucene50.Lucene50CompoundReader.readEntries(Lucene50CompoundReader.java:127)
	at org.apache.lucene.codecs.lucene50.Lucene50CompoundReader.<init>(Lucene50CompoundReader.java:70)
	at org.apache.lucene.codecs.lucene50.Lucene50CompoundFormat.getCompoundReader(Lucene50CompoundFormat.java:70)
	at org.apache.lucene.index.SegmentCoreReaders.<init>(SegmentCoreReaders.java:101)
	at org.apache.lucene.index.SegmentReader.<init>(SegmentReader.java:84)
	at org.apache.lucene.index.CheckIndex.checkIndex(CheckIndex.java:679)
	at org.elasticsearch.index.shard.RemoveCorruptedLuceneSegmentsAction.execute(RemoveCorruptedLuceneSegmentsAction.java:74)
	at org.elasticsearch.index.shard.RemoveCorruptedShardDataCommand.lambda$execute$1(RemoveCorruptedShardDataCommand.java:384)
	at org.elasticsearch.index.shard.RemoveCorruptedShardDataCommand.findAndProcessShardPath(RemoveCorruptedShardDataCommand.java:205)
	at org.elasticsearch.index.shard.RemoveCorruptedShardDataCommand.execute(RemoveCorruptedShardDataCommand.java:285)
	at org.elasticsearch.index.shard.RemoveCorruptedShardDataCommandTests.testCorruptedBothIndexAndTranslog(RemoveCorruptedShardDataCommandTests.java:310)
	at java.base/jdk.internal.reflect.NativeMethodAccessorImpl.invoke0(Native Method)
	at java.base/jdk.internal.reflect.NativeMethodAccessorImpl.invoke(NativeMethodAccessorImpl.java:62)
	at java.base/jdk.internal.reflect.DelegatingMethodAccessorImpl.invoke(DelegatingMethodAccessorImpl.java:43)
	at java.base/java.lang.reflect.Method.invoke(Method.java:567)
	at com.carrotsearch.randomizedtesting.RandomizedRunner.invoke(RandomizedRunner.java:1750)
	at com.carrotsearch.randomizedtesting.RandomizedRunner$8.evaluate(RandomizedRunner.java:938)
	at com.carrotsearch.randomizedtesting.RandomizedRunner$9.evaluate(RandomizedRunner.java:974)
	at com.carrotsearch.randomizedtesting.RandomizedRunner$10.evaluate(RandomizedRunner.java:988)
	at com.carrotsearch.randomizedtesting.rules.StatementAdapter.evaluate(StatementAdapter.java:36)
	at org.apache.lucene.util.TestRuleSetupTeardownChained$1.evaluate(TestRuleSetupTeardownChained.java:49)
	at org.apache.lucene.util.AbstractBeforeAfterRule$1.evaluate(AbstractBeforeAfterRule.java:45)
	at org.apache.lucene.util.TestRuleThreadAndTestName$1.evaluate(TestRuleThreadAndTestName.java:48)
	at org.apache.lucene.util.TestRuleIgnoreAfterMaxFailures$1.evaluate(TestRuleIgnoreAfterMaxFailures.java:64)
	at org.apache.lucene.util.TestRuleMarkFailure$1.evaluate(TestRuleMarkFailure.java:47)
	at com.carrotsearch.randomizedtesting.rules.StatementAdapter.evaluate(StatementAdapter.java:36)
	at com.carrotsearch.randomizedtesting.ThreadLeakControl$StatementRunner.run(ThreadLeakControl.java:368)
	at com.carrotsearch.randomizedtesting.ThreadLeakControl.forkTimeoutingTask(ThreadLeakControl.java:817)
	at com.carrotsearch.randomizedtesting.ThreadLeakControl$3.evaluate(ThreadLeakControl.java:468)
	at com.carrotsearch.randomizedtesting.RandomizedRunner.runSingleTest(RandomizedRunner.java:947)
	at com.carrotsearch.randomizedtesting.RandomizedRunner$5.evaluate(RandomizedRunner.java:832)
	at com.carrotsearch.randomizedtesting.RandomizedRunner$6.evaluate(RandomizedRunner.java:883)
	at com.carrotsearch.randomizedtesting.RandomizedRunner$7.evaluate(RandomizedRunner.java:894)
	at org.apache.lucene.util.AbstractBeforeAfterRule$1.evaluate(AbstractBeforeAfterRule.java:45)
	at com.carrotsearch.randomizedtesting.rules.StatementAdapter.evaluate(StatementAdapter.java:36)
	at org.apache.lucene.util.TestRuleStoreClassName$1.evaluate(TestRuleStoreClassName.java:41)
	at com.carrotsearch.randomizedtesting.rules.NoShadowingOrOverridesOnMethodsRule$1.evaluate(NoShadowingOrOverridesOnMethodsRule.java:40)
	at com.carrotsearch.randomizedtesting.rules.NoShadowingOrOverridesOnMethodsRule$1.evaluate(NoShadowingOrOverridesOnMethodsRule.java:40)
	at com.carrotsearch.randomizedtesting.rules.StatementAdapter.evaluate(StatementAdapter.java:36)
	at com.carrotsearch.randomizedtesting.rules.StatementAdapter.evaluate(StatementAdapter.java:36)
	at org.apache.lucene.util.TestRuleAssertionsRequired$1.evaluate(TestRuleAssertionsRequired.java:53)
	at org.apache.lucene.util.TestRuleMarkFailure$1.evaluate(TestRuleMarkFailure.java:47)
	at org.apache.lucene.util.TestRuleIgnoreAfterMaxFailures$1.evaluate(TestRuleIgnoreAfterMaxFailures.java:64)
	at org.apache.lucene.util.TestRuleIgnoreTestSuites$1.evaluate(TestRuleIgnoreTestSuites.java:54)
	at com.carrotsearch.randomizedtesting.rules.StatementAdapter.evaluate(StatementAdapter.java:36)
	at com.carrotsearch.randomizedtesting.ThreadLeakControl$StatementRunner.run(ThreadLeakControl.java:368)
	at java.base/java.lang.Thread.run(Thread.java:835)

  3 of 9: name=_2 maxDoc=27
    version=8.3.0
    id=3snnz99pchiceseeauia6kpyk
    codec=Lucene80
    compound=true
    numFiles=3
    size (MB)=0.003
    diagnostics = {java.vendor=Oracle Corporation, os=Windows 7, java.version=12.0.2, java.vm.version=12.0.2+10, lucene.version=8.3.0, os.arch=amd64, java.runtime.version=12.0.2+10, source=flush, os.version=6.1, timestamp=1581891871528}
    no deletions
    test: open reader.........OK [took 0.001 sec]
    test: check integrity.....OK [took 0.000 sec]

detailed segment RAM usage: 
_2(8.3.0):c27:[diagnostics={java.vendor=Oracle Corporation, os=Windows 7, java.version=12.0.2, java.vm.version=12.0.2+10, lucene.version=8.3.0, os.arch=amd64, java.runtime.version=12.0.2+10, source=flush, os.version=6.1, timestamp=1581891871528}]:[attributes={Lucene50StoredFieldsFormat.mode=BEST_SPEED}]: 701 bytes
|-- postings [PerFieldPostings(segment=_2 formats=1)]: 320 bytes
    |-- format 'Lucene50_0' [BlockTreeTermsReader(fields=1,delegate=Lucene50PostingsReader(positions=false,payloads=false))]: 280 bytes
        |-- field '_id' [BlockTreeTerms(seg=_2 terms=27,postings=27,positions=27,docs=27)]: 248 bytes
            |-- term index [FST(input=BYTE1,output=ByteSequenceOutputs]: 88 bytes
        |-- delegate [Lucene50PostingsReader(positions=false,payloads=false)]: 32 bytes
|-- docvalues [PerFieldDocValues(formats=1)]: 68 bytes
    |-- format 'Lucene80_0' [org.apache.lucene.codecs.lucene80.Lucene80DocValuesProducer@44227d1f]: 48 bytes
|-- stored fields [CompressingStoredFieldsReader(mode=FAST,chunksize=16384)]: 312 bytes
    |-- stored field index [CompressingStoredFieldsIndexReader(blocks=1)]: 312 bytes
        |-- doc base deltas: 88 bytes
        |-- start pointer deltas: 88 bytes
|-- points [org.apache.lucene.codecs.lucene60.Lucene60PointsReader@6116fb34]: 1 bytes
    |-- _seq_no [org.apache.lucene.util.bkd.BKDReader@1106ac97]: 1 bytes

  4 of 9: name=_3 maxDoc=74
    version=8.3.0
    id=3snnz99pchiceseeauia6kpym
    codec=Lucene80
    compound=true
    numFiles=3
    size (MB)=0.003
    diagnostics = {java.vendor=Oracle Corporation, os=Windows 7, java.version=12.0.2, java.vm.version=12.0.2+10, lucene.version=8.3.0, os.arch=amd64, java.runtime.version=12.0.2+10, source=flush, os.version=6.1, timestamp=1581891871605}
    no deletions
    test: open reader.........OK [took 0.001 sec]
    test: check integrity.....OK [took 0.000 sec]

detailed segment RAM usage: 
_3(8.3.0):c74:[diagnostics={java.vendor=Oracle Corporation, os=Windows 7, java.version=12.0.2, java.vm.version=12.0.2+10, lucene.version=8.3.0, os.arch=amd64, java.runtime.version=12.0.2+10, source=flush, os.version=6.1, timestamp=1581891871605}]:[attributes={Lucene50StoredFieldsFormat.mode=BEST_SPEED}]: 701 bytes
|-- postings [PerFieldPostings(segment=_3 formats=1)]: 320 bytes
    |-- format 'Lucene50_0' [BlockTreeTermsReader(fields=1,delegate=Lucene50PostingsReader(positions=false,payloads=false))]: 280 bytes
        |-- field '_id' [BlockTreeTerms(seg=_3 terms=74,postings=74,positions=74,docs=74)]: 248 bytes
            |-- term index [FST(input=BYTE1,output=ByteSequenceOutputs]: 88 bytes
        |-- delegate [Lucene50PostingsReader(positions=false,payloads=false)]: 32 bytes
|-- docvalues [PerFieldDocValues(formats=1)]: 68 bytes
    |-- format 'Lucene80_0' [org.apache.lucene.codecs.lucene80.Lucene80DocValuesProducer@585b5e47]: 48 bytes
|-- stored fields [CompressingStoredFieldsReader(mode=FAST,chunksize=16384)]: 312 bytes
    |-- stored field index [CompressingStoredFieldsIndexReader(blocks=1)]: 312 bytes
        |-- doc base deltas: 88 bytes
        |-- start pointer deltas: 88 bytes
|-- points [org.apache.lucene.codecs.lucene60.Lucene60PointsReader@7c1d33cf]: 1 bytes
    |-- _seq_no [org.apache.lucene.util.bkd.BKDReader@599d9e0a]: 1 bytes

  5 of 9: name=_4 maxDoc=15
    version=8.3.0
    id=3snnz99pchiceseeauia6kpyo
    codec=Lucene80
    compound=true
    numFiles=3
    size (MB)=0.002
    diagnostics = {java.vendor=Oracle Corporation, os=Windows 7, java.version=12.0.2, java.vm.version=12.0.2+10, lucene.version=8.3.0, os.arch=amd64, java.runtime.version=12.0.2+10, source=flush, os.version=6.1, timestamp=1581891871652}
    no deletions
    test: open reader.........OK [took 0.001 sec]
    test: check integrity.....OK [took 0.000 sec]

detailed segment RAM usage: 
_4(8.3.0):c15:[diagnostics={java.vendor=Oracle Corporation, os=Windows 7, java.version=12.0.2, java.vm.version=12.0.2+10, lucene.version=8.3.0, os.arch=amd64, java.runtime.version=12.0.2+10, source=flush, os.version=6.1, timestamp=1581891871652}]:[attributes={Lucene50StoredFieldsFormat.mode=BEST_SPEED}]: 701 bytes
|-- postings [PerFieldPostings(segment=_4 formats=1)]: 320 bytes
    |-- format 'Lucene50_0' [BlockTreeTermsReader(fields=1,delegate=Lucene50PostingsReader(positions=false,payloads=false))]: 280 bytes
        |-- field '_id' [BlockTreeTerms(seg=_4 terms=15,postings=15,positions=15,docs=15)]: 248 bytes
            |-- term index [FST(input=BYTE1,output=ByteSequenceOutputs]: 88 bytes
        |-- delegate [Lucene50PostingsReader(positions=false,payloads=false)]: 32 bytes
|-- docvalues [PerFieldDocValues(formats=1)]: 68 bytes
    |-- format 'Lucene80_0' [org.apache.lucene.codecs.lucene80.Lucene80DocValuesProducer@56a554e2]: 48 bytes
|-- stored fields [CompressingStoredFieldsReader(mode=FAST,chunksize=16384)]: 312 bytes
    |-- stored field index [CompressingStoredFieldsIndexReader(blocks=1)]: 312 bytes
        |-- doc base deltas: 88 bytes
        |-- start pointer deltas: 88 bytes
|-- points [org.apache.lucene.codecs.lucene60.Lucene60PointsReader@63fdedf2]: 1 bytes
    |-- _seq_no [org.apache.lucene.util.bkd.BKDReader@60fe325c]: 1 bytes

  6 of 9: name=_5 maxDoc=93
    version=8.3.0
    id=3snnz99pchiceseeauia6kpyq
    codec=Lucene80
    compound=true
    numFiles=3
    size (MB)=0.003
    diagnostics = {java.vendor=Oracle Corporation, os=Windows 7, java.version=12.0.2, java.vm.version=12.0.2+10, lucene.version=8.3.0, os.arch=amd64, java.runtime.version=12.0.2+10, source=flush, os.version=6.1, timestamp=1581891871740}
    no deletions
    test: open reader.........OK [took 0.001 sec]
    test: check integrity.....OK [took 0.000 sec]

detailed segment RAM usage: 
_5(8.3.0):c93:[diagnostics={java.vendor=Oracle Corporation, os=Windows 7, java.version=12.0.2, java.vm.version=12.0.2+10, lucene.version=8.3.0, os.arch=amd64, java.runtime.version=12.0.2+10, source=flush, os.version=6.1, timestamp=1581891871740}]:[attributes={Lucene50StoredFieldsFormat.mode=BEST_SPEED}]: 701 bytes
|-- postings [PerFieldPostings(segment=_5 formats=1)]: 320 bytes
    |-- format 'Lucene50_0' [BlockTreeTermsReader(fields=1,delegate=Lucene50PostingsReader(positions=false,payloads=false))]: 280 bytes
        |-- field '_id' [BlockTreeTerms(seg=_5 terms=93,postings=93,positions=93,docs=93)]: 248 bytes
            |-- term index [FST(input=BYTE1,output=ByteSequenceOutputs]: 88 bytes
        |-- delegate [Lucene50PostingsReader(positions=false,payloads=false)]: 32 bytes
|-- docvalues [PerFieldDocValues(formats=1)]: 68 bytes
    |-- format 'Lucene80_0' [org.apache.lucene.codecs.lucene80.Lucene80DocValuesProducer@4fd20f71]: 48 bytes
|-- stored fields [CompressingStoredFieldsReader(mode=FAST,chunksize=16384)]: 312 bytes
    |-- stored field index [CompressingStoredFieldsIndexReader(blocks=1)]: 312 bytes
        |-- doc base deltas: 88 bytes
        |-- start pointer deltas: 88 bytes
|-- points [org.apache.lucene.codecs.lucene60.Lucene60PointsReader@5eafb805]: 1 bytes
    |-- _seq_no [org.apache.lucene.util.bkd.BKDReader@74f94e96]: 1 bytes

  7 of 9: name=_6 maxDoc=71
    version=8.3.0
    id=3snnz99pchiceseeauia6kpys
    codec=Lucene80
    compound=true
    numFiles=3
    size (MB)=0.003
    diagnostics = {java.vendor=Oracle Corporation, os=Windows 7, java.version=12.0.2, java.vm.version=12.0.2+10, lucene.version=8.3.0, os.arch=amd64, java.runtime.version=12.0.2+10, source=flush, os.version=6.1, timestamp=1581891871839}
    no deletions
    test: open reader.........OK [took 0.001 sec]
    test: check integrity.....OK [took 0.000 sec]

detailed segment RAM usage: 
_6(8.3.0):c71:[diagnostics={java.vendor=Oracle Corporation, os=Windows 7, java.version=12.0.2, java.vm.version=12.0.2+10, lucene.version=8.3.0, os.arch=amd64, java.runtime.version=12.0.2+10, source=flush, os.version=6.1, timestamp=1581891871839}]:[attributes={Lucene50StoredFieldsFormat.mode=BEST_SPEED}]: 701 bytes
|-- postings [PerFieldPostings(segment=_6 formats=1)]: 320 bytes
    |-- format 'Lucene50_0' [BlockTreeTermsReader(fields=1,delegate=Lucene50PostingsReader(positions=false,payloads=false))]: 280 bytes
        |-- field '_id' [BlockTreeTerms(seg=_6 terms=71,postings=71,positions=71,docs=71)]: 248 bytes
            |-- term index [FST(input=BYTE1,output=ByteSequenceOutputs]: 88 bytes
        |-- delegate [Lucene50PostingsReader(positions=false,payloads=false)]: 32 bytes
|-- docvalues [PerFieldDocValues(formats=1)]: 68 bytes
    |-- format 'Lucene80_0' [org.apache.lucene.codecs.lucene80.Lucene80DocValuesProducer@2cefd243]: 48 bytes
|-- stored fields [CompressingStoredFieldsReader(mode=FAST,chunksize=16384)]: 312 bytes
    |-- stored field index [CompressingStoredFieldsIndexReader(blocks=1)]: 312 bytes
        |-- doc base deltas: 88 bytes
        |-- start pointer deltas: 88 bytes
|-- points [org.apache.lucene.codecs.lucene60.Lucene60PointsReader@12dcb4b6]: 1 bytes
    |-- _seq_no [org.apache.lucene.util.bkd.BKDReader@6a37cd4b]: 1 bytes

  8 of 9: name=_7 maxDoc=75
    version=8.3.0
    id=3snnz99pchiceseeauia6kpyu
    codec=Lucene80
    compound=true
    numFiles=3
    size (MB)=0.003
    diagnostics = {java.vendor=Oracle Corporation, os=Windows 7, java.version=12.0.2, java.vm.version=12.0.2+10, lucene.version=8.3.0, os.arch=amd64, java.runtime.version=12.0.2+10, source=flush, os.version=6.1, timestamp=1581891871926}
    no deletions
    test: open reader.........OK [took 0.001 sec]
    test: check integrity.....OK [took 0.000 sec]

detailed segment RAM usage: 
_7(8.3.0):c75:[diagnostics={java.vendor=Oracle Corporation, os=Windows 7, java.version=12.0.2, java.vm.version=12.0.2+10, lucene.version=8.3.0, os.arch=amd64, java.runtime.version=12.0.2+10, source=flush, os.version=6.1, timestamp=1581891871926}]:[attributes={Lucene50StoredFieldsFormat.mode=BEST_SPEED}]: 701 bytes
|-- postings [PerFieldPostings(segment=_7 formats=1)]: 320 bytes
    |-- format 'Lucene50_0' [BlockTreeTermsReader(fields=1,delegate=Lucene50PostingsReader(positions=false,payloads=false))]: 280 bytes
        |-- field '_id' [BlockTreeTerms(seg=_7 terms=75,postings=75,positions=75,docs=75)]: 248 bytes
            |-- term index [FST(input=BYTE1,output=ByteSequenceOutputs]: 88 bytes
        |-- delegate [Lucene50PostingsReader(positions=false,payloads=false)]: 32 bytes
|-- docvalues [PerFieldDocValues(formats=1)]: 68 bytes
    |-- format 'Lucene80_0' [org.apache.lucene.codecs.lucene80.Lucene80DocValuesProducer@59c26e6d]: 48 bytes
|-- stored fields [CompressingStoredFieldsReader(mode=FAST,chunksize=16384)]: 312 bytes
    |-- stored field index [CompressingStoredFieldsIndexReader(blocks=1)]: 312 bytes
        |-- doc base deltas: 88 bytes
        |-- start pointer deltas: 88 bytes
|-- points [org.apache.lucene.codecs.lucene60.Lucene60PointsReader@dcbad8b]: 1 bytes
    |-- _seq_no [org.apache.lucene.util.bkd.BKDReader@6cb91997]: 1 bytes

  9 of 9: name=_8 maxDoc=78
    version=8.3.0
    id=3snnz99pchiceseeauia6kpyw
    codec=Lucene80
    compound=true
    numFiles=3
    size (MB)=0.003
    diagnostics = {java.vendor=Oracle Corporation, os=Windows 7, java.version=12.0.2, java.vm.version=12.0.2+10, lucene.version=8.3.0, os.arch=amd64, java.runtime.version=12.0.2+10, source=flush, os.version=6.1, timestamp=1581891872023}
    no deletions
    test: open reader.........OK [took 0.001 sec]
    test: check integrity.....OK [took 0.000 sec]

detailed segment RAM usage: 
_8(8.3.0):c78:[diagnostics={java.vendor=Oracle Corporation, os=Windows 7, java.version=12.0.2, java.vm.version=12.0.2+10, lucene.version=8.3.0, os.arch=amd64, java.runtime.version=12.0.2+10, source=flush, os.version=6.1, timestamp=1581891872023}]:[attributes={Lucene50StoredFieldsFormat.mode=BEST_SPEED}]: 701 bytes
|-- postings [PerFieldPostings(segment=_8 formats=1)]: 320 bytes
    |-- format 'Lucene50_0' [BlockTreeTermsReader(fields=1,delegate=Lucene50PostingsReader(positions=false,payloads=false))]: 280 bytes
        |-- field '_id' [BlockTreeTerms(seg=_8 terms=78,postings=78,positions=78,docs=78)]: 248 bytes
            |-- term index [FST(input=BYTE1,output=ByteSequenceOutputs]: 88 bytes
        |-- delegate [Lucene50PostingsReader(positions=false,payloads=false)]: 32 bytes
|-- docvalues [PerFieldDocValues(formats=1)]: 68 bytes
    |-- format 'Lucene80_0' [org.apache.lucene.codecs.lucene80.Lucene80DocValuesProducer@380732ea]: 48 bytes
|-- stored fields [CompressingStoredFieldsReader(mode=FAST,chunksize=16384)]: 312 bytes
    |-- stored field index [CompressingStoredFieldsIndexReader(blocks=1)]: 312 bytes
        |-- doc base deltas: 88 bytes
        |-- start pointer deltas: 88 bytes
|-- points [org.apache.lucene.codecs.lucene60.Lucene60PointsReader@1cd6f1dc]: 1 bytes
    |-- _seq_no [org.apache.lucene.util.bkd.BKDReader@60d4d238]: 1 bytes

WARNING: 1 broken segments (containing 26 documents) detected
Took 0.020 sec total.
Writing...
OK
Wrote new segments file "segments_b"
Checking existing translog files
Reading translog UUID information from Lucene commit from shard at [E:\NotD\git\elasticsearch\server\build\testrun\test\temp\org.elasticsearch.index.shard.RemoveCorruptedShardDataCommandTests_9EA1F2A3814E5F76-001\tempDir-014\nodes\0\indices\_na_\0\index]
Translog Generation: 11
Translog UUID      : n6o0OLb5SXWznDnzFLmTTA
History UUID       : PP9G8euLQI2TijmDY9madw
Removing existing translog files
Creating new empty checkpoint at [E:\NotD\git\elasticsearch\server\build\testrun\test\temp\org.elasticsearch.index.shard.RemoveCorruptedShardDataCommandTests_9EA1F2A3814E5F76-001\tempDir-014\nodes\0\indices\_na_\0\translog\translog.ckp]
Creating new empty translog at [E:\NotD\git\elasticsearch\server\build\testrun\test\temp\org.elasticsearch.index.shard.RemoveCorruptedShardDataCommandTests_9EA1F2A3814E5F76-001\tempDir-014\nodes\0\indices\_na_\0\translog\translog-11.tlog]
Marking index with the new history uuid : 7xWaiWoyS5aCzxJxIPWJow
Changing allocation id 9T5MbYjVR6a1_iNnj0nCmQ to w-kpimV1QOKPSZHqL6SNrA

You should run the following command to allocate this shard:

POST /_cluster/reroute
{
  "commands" : [
    {
      "allocate_stale_primary" : {
        "index" : "index0",
        "shard" : 0,
        "node" : "PEM8t___T_-Ts81wAAAAAA",
        "accept_data_loss" : false
      }
    }
  ]
}

You must accept the possibility of data loss by changing the `accept_data_loss` parameter to `true`.


[2020-02-16T15:24:32,534][WARN ][o.e.i.IndexSettings      ] [testCorruptedBothIndexAndTranslog] [index0] [index.merge.enabled] is set to false, this should only be used in tests and can cause serious problems in production environments
[2020-02-16T15:24:32,537][WARN ][o.e.i.IndexSettings      ] [testCorruptedBothIndexAndTranslog] [index] [index.merge.enabled] is set to false, this should only be used in tests and can cause serious problems in production environments
[2020-02-16T15:24:32,789][INFO ][o.e.i.s.RemoveCorruptedShardDataCommandTests] [testCorruptedBothIndexAndTranslog] after test
[2020-02-16T15:24:32,818][INFO ][o.e.i.s.RemoveCorruptedShardDataCommandTests] [testCorruptedIndex] before test
[2020-02-16T15:24:32,833][WARN ][o.e.i.IndexSettings      ] [testCorruptedIndex] [index0] [index.merge.enabled] is set to false, this should only be used in tests and can cause serious problems in production environments
[2020-02-16T15:24:32,837][WARN ][o.e.i.IndexSettings      ] [testCorruptedIndex] [index] [index.merge.enabled] is set to false, this should only be used in tests and can cause serious problems in production environments
[2020-02-16T15:24:33,251][INFO ][o.e.i.s.RemoveCorruptedShardDataCommandTests] [testCorruptedIndex] --> indexed 359 docs, 359 to keep
[2020-02-16T15:24:33,257][INFO ][o.e.e.NodeEnvironment    ] [testCorruptedIndex] using [1] data paths, mounts [[Old HDD (E:)]], net usable_space [89.5gb], net total_space [232.8gb], types [NTFS]
[2020-02-16T15:24:33,257][INFO ][o.e.e.NodeEnvironment    ] [testCorruptedIndex] heap size [512mb], compressed ordinary object pointers [true]
[2020-02-16T15:24:33,265][INFO ][o.e.i.s.RemoveCorruptedShardDataCommandTests] [testCorruptedIndex] --> index metadata persisted to [E:\NotD\git\elasticsearch\server\build\testrun\test\temp\org.elasticsearch.index.shard.RemoveCorruptedShardDataCommandTests_9EA1F2A3814E5F76-001\tempDir-017\nodes\0\indices\_na_] 
[2020-02-16T15:24:33,302][INFO ][o.e.t.CorruptionUtils    ] [testCorruptedIndex] Corrupting file --  flipping at position 1346 from 14 to 15 file: _6.cfs
[2020-02-16T15:24:33,302][INFO ][o.e.t.CorruptionUtils    ] [testCorruptedIndex] Checksum before: [3235607882] after: [202968303] checksum value after corruption: 3235607882] file: _6.cfs length: 2832
[2020-02-16T15:24:33,303][WARN ][o.e.i.IndexSettings      ] [testCorruptedIndex] [index0] [index.merge.enabled] is set to false, this should only be used in tests and can cause serious problems in production environments
[2020-02-16T15:24:33,305][WARN ][o.e.i.IndexSettings      ] [testCorruptedIndex] [index] [index.merge.enabled] is set to false, this should only be used in tests and can cause serious problems in production environments
[2020-02-16T15:24:33,353][WARN ][o.e.i.s.IndexShard       ] [testCorruptedIndex] [index0][0] check index [failure]
checksum passed: _6.cfe
checksum passed: segments_9
checksum passed: _0.si
checksum passed: _3.si
checksum passed: _1.cfe
checksum passed: _1.si
checksum passed: _2.si
checksum passed: _0.cfs
checksum passed: _5.cfs
checksum passed: _2.cfs
checksum passed: _4.cfe
checksum passed: _3.cfe
checksum passed: _1.cfs
checksum passed: _0.cfe
checksum failed: _6.cfs
org.apache.lucene.index.CorruptIndexException: checksum failed (hardware problem?) : expected=c0db754a actual=1cf9e4bd (resource=BufferedChecksumIndexInput(MockIndexInputWrapper(SimpleFSIndexInput(path="E:\NotD\git\elasticsearch\server\build\testrun\test\temp\org.elasticsearch.index.shard.RemoveCorruptedShardDataCommandTests_9EA1F2A3814E5F76-001\tempDir-017\nodes\0\indices\_na_\0\index\_6.cfs"))))
	at org.apache.lucene.codecs.CodecUtil.checkFooter(CodecUtil.java:419)
	at org.apache.lucene.codecs.CodecUtil.checksumEntireFile(CodecUtil.java:526)
	at org.elasticsearch.index.store.Store.checkIntegrity(Store.java:537)
	at org.elasticsearch.index.shard.IndexShard.doCheckIndex(IndexShard.java:2478)
	at org.elasticsearch.index.shard.IndexShard.checkIndex(IndexShard.java:2454)
	at org.elasticsearch.index.shard.IndexShard.maybeCheckIndex(IndexShard.java:2444)
	at org.elasticsearch.index.shard.IndexShard.openEngineAndRecoverFromTranslog(IndexShard.java:1579)
	at org.elasticsearch.index.shard.StoreRecovery.internalRecoverFromStore(StoreRecovery.java:422)
	at org.elasticsearch.index.shard.StoreRecovery.lambda$recoverFromStore$0(StoreRecovery.java:95)
	at org.elasticsearch.index.shard.StoreRecovery.executeRecovery(StoreRecovery.java:308)
	at org.elasticsearch.index.shard.StoreRecovery.recoverFromStore(StoreRecovery.java:93)
	at org.elasticsearch.index.shard.IndexShard.recoverFromStore(IndexShard.java:1859)
	at org.elasticsearch.index.shard.IndexShardTestCase.recoverShardFromStore(IndexShardTestCase.java:549)
	at org.elasticsearch.index.shard.IndexShardTestCase.newStartedShard(IndexShardTestCase.java:511)
	at org.elasticsearch.index.shard.RemoveCorruptedShardDataCommandTests.lambda$testCorruptedIndex$3(RemoveCorruptedShardDataCommandTests.java:164)
	at org.apache.lucene.util.LuceneTestCase._expectThrows(LuceneTestCase.java:2842)
	at org.apache.lucene.util.LuceneTestCase.expectThrows(LuceneTestCase.java:2717)
	at org.apache.lucene.util.LuceneTestCase.expectThrows(LuceneTestCase.java:2712)
	at org.elasticsearch.index.shard.RemoveCorruptedShardDataCommandTests.testCorruptedIndex(RemoveCorruptedShardDataCommandTests.java:164)
	at java.base/jdk.internal.reflect.NativeMethodAccessorImpl.invoke0(Native Method)
	at java.base/jdk.internal.reflect.NativeMethodAccessorImpl.invoke(NativeMethodAccessorImpl.java:62)
	at java.base/jdk.internal.reflect.DelegatingMethodAccessorImpl.invoke(DelegatingMethodAccessorImpl.java:43)
	at java.base/java.lang.reflect.Method.invoke(Method.java:567)
	at com.carrotsearch.randomizedtesting.RandomizedRunner.invoke(RandomizedRunner.java:1750)
	at com.carrotsearch.randomizedtesting.RandomizedRunner$8.evaluate(RandomizedRunner.java:938)
	at com.carrotsearch.randomizedtesting.RandomizedRunner$9.evaluate(RandomizedRunner.java:974)
	at com.carrotsearch.randomizedtesting.RandomizedRunner$10.evaluate(RandomizedRunner.java:988)
	at com.carrotsearch.randomizedtesting.rules.StatementAdapter.evaluate(StatementAdapter.java:36)
	at org.apache.lucene.util.TestRuleSetupTeardownChained$1.evaluate(TestRuleSetupTeardownChained.java:49)
	at org.apache.lucene.util.AbstractBeforeAfterRule$1.evaluate(AbstractBeforeAfterRule.java:45)
	at org.apache.lucene.util.TestRuleThreadAndTestName$1.evaluate(TestRuleThreadAndTestName.java:48)
	at org.apache.lucene.util.TestRuleIgnoreAfterMaxFailures$1.evaluate(TestRuleIgnoreAfterMaxFailures.java:64)
	at org.apache.lucene.util.TestRuleMarkFailure$1.evaluate(TestRuleMarkFailure.java:47)
	at com.carrotsearch.randomizedtesting.rules.StatementAdapter.evaluate(StatementAdapter.java:36)
	at com.carrotsearch.randomizedtesting.ThreadLeakControl$StatementRunner.run(ThreadLeakControl.java:368)
	at com.carrotsearch.randomizedtesting.ThreadLeakControl.forkTimeoutingTask(ThreadLeakControl.java:817)
	at com.carrotsearch.randomizedtesting.ThreadLeakControl$3.evaluate(ThreadLeakControl.java:468)
	at com.carrotsearch.randomizedtesting.RandomizedRunner.runSingleTest(RandomizedRunner.java:947)
	at com.carrotsearch.randomizedtesting.RandomizedRunner$5.evaluate(RandomizedRunner.java:832)
	at com.carrotsearch.randomizedtesting.RandomizedRunner$6.evaluate(RandomizedRunner.java:883)
	at com.carrotsearch.randomizedtesting.RandomizedRunner$7.evaluate(RandomizedRunner.java:894)
	at org.apache.lucene.util.AbstractBeforeAfterRule$1.evaluate(AbstractBeforeAfterRule.java:45)
	at com.carrotsearch.randomizedtesting.rules.StatementAdapter.evaluate(StatementAdapter.java:36)
	at org.apache.lucene.util.TestRuleStoreClassName$1.evaluate(TestRuleStoreClassName.java:41)
	at com.carrotsearch.randomizedtesting.rules.NoShadowingOrOverridesOnMethodsRule$1.evaluate(NoShadowingOrOverridesOnMethodsRule.java:40)
	at com.carrotsearch.randomizedtesting.rules.NoShadowingOrOverridesOnMethodsRule$1.evaluate(NoShadowingOrOverridesOnMethodsRule.java:40)
	at com.carrotsearch.randomizedtesting.rules.StatementAdapter.evaluate(StatementAdapter.java:36)
	at com.carrotsearch.randomizedtesting.rules.StatementAdapter.evaluate(StatementAdapter.java:36)
	at org.apache.lucene.util.TestRuleAssertionsRequired$1.evaluate(TestRuleAssertionsRequired.java:53)
	at org.apache.lucene.util.TestRuleMarkFailure$1.evaluate(TestRuleMarkFailure.java:47)
	at org.apache.lucene.util.TestRuleIgnoreAfterMaxFailures$1.evaluate(TestRuleIgnoreAfterMaxFailures.java:64)
	at org.apache.lucene.util.TestRuleIgnoreTestSuites$1.evaluate(TestRuleIgnoreTestSuites.java:54)
	at com.carrotsearch.randomizedtesting.rules.StatementAdapter.evaluate(StatementAdapter.java:36)
	at com.carrotsearch.randomizedtesting.ThreadLeakControl$StatementRunner.run(ThreadLeakControl.java:368)
	at java.base/java.lang.Thread.run(Thread.java:835)
checksum passed: _2.cfe
checksum passed: _3.cfs
checksum passed: _5.cfe
checksum passed: _4.cfs
checksum passed: _4.si
checksum passed: _5.si
checksum passed: _6.si

[2020-02-16T15:24:33,364][WARN ][o.e.i.IndexSettings      ] [testCorruptedIndex] [index0] [index.merge.enabled] is set to false, this should only be used in tests and can cause serious problems in production environments
[2020-02-16T15:24:33,392][WARN ][o.e.i.IndexSettings      ] [testCorruptedIndex] [index0] [index.merge.enabled] is set to false, this should only be used in tests and can cause serious problems in production environments
[2020-02-16T15:24:33,398][INFO ][o.e.i.s.RemoveCorruptedShardDataCommandTests] [testCorruptedIndex] --> output:
-----------------------------------------------------------------------

    WARNING: Elasticsearch MUST be stopped before running this tool.

  Please make a complete backup of your index before using this tool.

-----------------------------------------------------------------------

Opening Lucene index at E:\NotD\git\elasticsearch\server\build\testrun\test\temp\org.elasticsearch.index.shard.RemoveCorruptedShardDataCommandTests_9EA1F2A3814E5F76-001\tempDir-017\nodes\0\indices\_na_\0\index

0.00% total deletions; 359 documents; 0 deleteions
Segments file=segments_9 numSegments=7 version=8.3.0 id=3snnz99pchiceseeauia6kpzg userData={history_uuid=bbGpLD5NTFGmFWK5lZHlpw, local_checkpoint=358, max_seq_no=358, max_unsafe_auto_id_timestamp=-1, min_retained_seq_no=0, translog_generation=9, translog_uuid=lG3ROr-eTCG4biKdrpjLxg}
  1 of 7: name=_0 maxDoc=28
    version=8.3.0
    id=3snnz99pchiceseeauia6kpz3
    codec=Lucene80
    compound=true
    numFiles=3
    size (MB)=0.003
    diagnostics = {java.vendor=Oracle Corporation, os=Windows 7, java.version=12.0.2, java.vm.version=12.0.2+10, lucene.version=8.3.0, os.arch=amd64, java.runtime.version=12.0.2+10, source=flush, os.version=6.1, timestamp=1581891872965}
    no deletions
    test: open reader.........OK [took 0.001 sec]
    test: check integrity.....OK [took 0.000 sec]

detailed segment RAM usage: 
_0(8.3.0):c28:[diagnostics={java.vendor=Oracle Corporation, os=Windows 7, java.version=12.0.2, java.vm.version=12.0.2+10, lucene.version=8.3.0, os.arch=amd64, java.runtime.version=12.0.2+10, source=flush, os.version=6.1, timestamp=1581891872965}]:[attributes={Lucene50StoredFieldsFormat.mode=BEST_SPEED}]: 701 bytes
|-- postings [PerFieldPostings(segment=_0 formats=1)]: 320 bytes
    |-- format 'Lucene50_0' [BlockTreeTermsReader(fields=1,delegate=Lucene50PostingsReader(positions=false,payloads=false))]: 280 bytes
        |-- field '_id' [BlockTreeTerms(seg=_0 terms=28,postings=28,positions=28,docs=28)]: 248 bytes
            |-- term index [FST(input=BYTE1,output=ByteSequenceOutputs]: 88 bytes
        |-- delegate [Lucene50PostingsReader(positions=false,payloads=false)]: 32 bytes
|-- docvalues [PerFieldDocValues(formats=1)]: 68 bytes
    |-- format 'Lucene80_0' [org.apache.lucene.codecs.lucene80.Lucene80DocValuesProducer@11f47f67]: 48 bytes
|-- stored fields [CompressingStoredFieldsReader(mode=FAST,chunksize=16384)]: 312 bytes
    |-- stored field index [CompressingStoredFieldsIndexReader(blocks=1)]: 312 bytes
        |-- doc base deltas: 88 bytes
        |-- start pointer deltas: 88 bytes
|-- points [org.apache.lucene.codecs.lucene60.Lucene60PointsReader@33b61076]: 1 bytes
    |-- _seq_no [org.apache.lucene.util.bkd.BKDReader@69f0cff0]: 1 bytes

  2 of 7: name=_1 maxDoc=51
    version=8.3.0
    id=3snnz99pchiceseeauia6kpz5
    codec=Lucene80
    compound=true
    numFiles=3
    size (MB)=0.003
    diagnostics = {java.vendor=Oracle Corporation, os=Windows 7, java.version=12.0.2, java.vm.version=12.0.2+10, lucene.version=8.3.0, os.arch=amd64, java.runtime.version=12.0.2+10, source=flush, os.version=6.1, timestamp=1581891873000}
    no deletions
    test: open reader.........OK [took 0.001 sec]
    test: check integrity.....OK [took 0.000 sec]

detailed segment RAM usage: 
_1(8.3.0):c51:[diagnostics={java.vendor=Oracle Corporation, os=Windows 7, java.version=12.0.2, java.vm.version=12.0.2+10, lucene.version=8.3.0, os.arch=amd64, java.runtime.version=12.0.2+10, source=flush, os.version=6.1, timestamp=1581891873000}]:[attributes={Lucene50StoredFieldsFormat.mode=BEST_SPEED}]: 701 bytes
|-- postings [PerFieldPostings(segment=_1 formats=1)]: 320 bytes
    |-- format 'Lucene50_0' [BlockTreeTermsReader(fields=1,delegate=Lucene50PostingsReader(positions=false,payloads=false))]: 280 bytes
        |-- field '_id' [BlockTreeTerms(seg=_1 terms=51,postings=51,positions=51,docs=51)]: 248 bytes
            |-- term index [FST(input=BYTE1,output=ByteSequenceOutputs]: 88 bytes
        |-- delegate [Lucene50PostingsReader(positions=false,payloads=false)]: 32 bytes
|-- docvalues [PerFieldDocValues(formats=1)]: 68 bytes
    |-- format 'Lucene80_0' [org.apache.lucene.codecs.lucene80.Lucene80DocValuesProducer@5aa8e54]: 48 bytes
|-- stored fields [CompressingStoredFieldsReader(mode=FAST,chunksize=16384)]: 312 bytes
    |-- stored field index [CompressingStoredFieldsIndexReader(blocks=1)]: 312 bytes
        |-- doc base deltas: 88 bytes
        |-- start pointer deltas: 88 bytes
|-- points [org.apache.lucene.codecs.lucene60.Lucene60PointsReader@6aca4e5e]: 1 bytes
    |-- _seq_no [org.apache.lucene.util.bkd.BKDReader@54faa09f]: 1 bytes

  3 of 7: name=_2 maxDoc=61
    version=8.3.0
    id=3snnz99pchiceseeauia6kpz7
    codec=Lucene80
    compound=true
    numFiles=3
    size (MB)=0.003
    diagnostics = {java.vendor=Oracle Corporation, os=Windows 7, java.version=12.0.2, java.vm.version=12.0.2+10, lucene.version=8.3.0, os.arch=amd64, java.runtime.version=12.0.2+10, source=flush, os.version=6.1, timestamp=1581891873046}
    no deletions
    test: open reader.........OK [took 0.001 sec]
    test: check integrity.....OK [took 0.000 sec]

detailed segment RAM usage: 
_2(8.3.0):c61:[diagnostics={java.vendor=Oracle Corporation, os=Windows 7, java.version=12.0.2, java.vm.version=12.0.2+10, lucene.version=8.3.0, os.arch=amd64, java.runtime.version=12.0.2+10, source=flush, os.version=6.1, timestamp=1581891873046}]:[attributes={Lucene50StoredFieldsFormat.mode=BEST_SPEED}]: 701 bytes
|-- postings [PerFieldPostings(segment=_2 formats=1)]: 320 bytes
    |-- format 'Lucene50_0' [BlockTreeTermsReader(fields=1,delegate=Lucene50PostingsReader(positions=false,payloads=false))]: 280 bytes
        |-- field '_id' [BlockTreeTerms(seg=_2 terms=61,postings=61,positions=61,docs=61)]: 248 bytes
            |-- term index [FST(input=BYTE1,output=ByteSequenceOutputs]: 88 bytes
        |-- delegate [Lucene50PostingsReader(positions=false,payloads=false)]: 32 bytes
|-- docvalues [PerFieldDocValues(formats=1)]: 68 bytes
    |-- format 'Lucene80_0' [org.apache.lucene.codecs.lucene80.Lucene80DocValuesProducer@5b5315e9]: 48 bytes
|-- stored fields [CompressingStoredFieldsReader(mode=FAST,chunksize=16384)]: 312 bytes
    |-- stored field index [CompressingStoredFieldsIndexReader(blocks=1)]: 312 bytes
        |-- doc base deltas: 88 bytes
        |-- start pointer deltas: 88 bytes
|-- points [org.apache.lucene.codecs.lucene60.Lucene60PointsReader@5a2ca844]: 1 bytes
    |-- _seq_no [org.apache.lucene.util.bkd.BKDReader@3f69fcbc]: 1 bytes

  4 of 7: name=_3 maxDoc=31
    version=8.3.0
    id=3snnz99pchiceseeauia6kpz9
    codec=Lucene80
    compound=true
    numFiles=3
    size (MB)=0.003
    diagnostics = {java.vendor=Oracle Corporation, os=Windows 7, java.version=12.0.2, java.vm.version=12.0.2+10, lucene.version=8.3.0, os.arch=amd64, java.runtime.version=12.0.2+10, source=flush, os.version=6.1, timestamp=1581891873088}
    no deletions
    test: open reader.........OK [took 0.001 sec]
    test: check integrity.....OK [took 0.000 sec]

detailed segment RAM usage: 
_3(8.3.0):c31:[diagnostics={java.vendor=Oracle Corporation, os=Windows 7, java.version=12.0.2, java.vm.version=12.0.2+10, lucene.version=8.3.0, os.arch=amd64, java.runtime.version=12.0.2+10, source=flush, os.version=6.1, timestamp=1581891873088}]:[attributes={Lucene50StoredFieldsFormat.mode=BEST_SPEED}]: 701 bytes
|-- postings [PerFieldPostings(segment=_3 formats=1)]: 320 bytes
    |-- format 'Lucene50_0' [BlockTreeTermsReader(fields=1,delegate=Lucene50PostingsReader(positions=false,payloads=false))]: 280 bytes
        |-- field '_id' [BlockTreeTerms(seg=_3 terms=31,postings=31,positions=31,docs=31)]: 248 bytes
            |-- term index [FST(input=BYTE1,output=ByteSequenceOutputs]: 88 bytes
        |-- delegate [Lucene50PostingsReader(positions=false,payloads=false)]: 32 bytes
|-- docvalues [PerFieldDocValues(formats=1)]: 68 bytes
    |-- format 'Lucene80_0' [org.apache.lucene.codecs.lucene80.Lucene80DocValuesProducer@38d40b3a]: 48 bytes
|-- stored fields [CompressingStoredFieldsReader(mode=FAST,chunksize=16384)]: 312 bytes
    |-- stored field index [CompressingStoredFieldsIndexReader(blocks=1)]: 312 bytes
        |-- doc base deltas: 88 bytes
        |-- start pointer deltas: 88 bytes
|-- points [org.apache.lucene.codecs.lucene60.Lucene60PointsReader@48a89c80]: 1 bytes
    |-- _seq_no [org.apache.lucene.util.bkd.BKDReader@5e25724c]: 1 bytes

  5 of 7: name=_4 maxDoc=91
    version=8.3.0
    id=3snnz99pchiceseeauia6kpzb
    codec=Lucene80
    compound=true
    numFiles=3
    size (MB)=0.003
    diagnostics = {java.vendor=Oracle Corporation, os=Windows 7, java.version=12.0.2, java.vm.version=12.0.2+10, lucene.version=8.3.0, os.arch=amd64, java.runtime.version=12.0.2+10, source=flush, os.version=6.1, timestamp=1581891873134}
    no deletions
    test: open reader.........OK [took 0.001 sec]
    test: check integrity.....OK [took 0.000 sec]

detailed segment RAM usage: 
_4(8.3.0):c91:[diagnostics={java.vendor=Oracle Corporation, os=Windows 7, java.version=12.0.2, java.vm.version=12.0.2+10, lucene.version=8.3.0, os.arch=amd64, java.runtime.version=12.0.2+10, source=flush, os.version=6.1, timestamp=1581891873134}]:[attributes={Lucene50StoredFieldsFormat.mode=BEST_SPEED}]: 701 bytes
|-- postings [PerFieldPostings(segment=_4 formats=1)]: 320 bytes
    |-- format 'Lucene50_0' [BlockTreeTermsReader(fields=1,delegate=Lucene50PostingsReader(positions=false,payloads=false))]: 280 bytes
        |-- field '_id' [BlockTreeTerms(seg=_4 terms=91,postings=91,positions=91,docs=91)]: 248 bytes
            |-- term index [FST(input=BYTE1,output=ByteSequenceOutputs]: 88 bytes
        |-- delegate [Lucene50PostingsReader(positions=false,payloads=false)]: 32 bytes
|-- docvalues [PerFieldDocValues(formats=1)]: 68 bytes
    |-- format 'Lucene80_0' [org.apache.lucene.codecs.lucene80.Lucene80DocValuesProducer@6235dcac]: 48 bytes
|-- stored fields [CompressingStoredFieldsReader(mode=FAST,chunksize=16384)]: 312 bytes
    |-- stored field index [CompressingStoredFieldsIndexReader(blocks=1)]: 312 bytes
        |-- doc base deltas: 88 bytes
        |-- start pointer deltas: 88 bytes
|-- points [org.apache.lucene.codecs.lucene60.Lucene60PointsReader@17f775b4]: 1 bytes
    |-- _seq_no [org.apache.lucene.util.bkd.BKDReader@63290cc8]: 1 bytes

  6 of 7: name=_5 maxDoc=15
    version=8.3.0
    id=3snnz99pchiceseeauia6kpzd
    codec=Lucene80
    compound=true
    numFiles=3
    size (MB)=0.002
    diagnostics = {java.vendor=Oracle Corporation, os=Windows 7, java.version=12.0.2, java.vm.version=12.0.2+10, lucene.version=8.3.0, os.arch=amd64, java.runtime.version=12.0.2+10, source=flush, os.version=6.1, timestamp=1581891873179}
    no deletions
    test: open reader.........OK [took 0.001 sec]
    test: check integrity.....OK [took 0.000 sec]

detailed segment RAM usage: 
_5(8.3.0):c15:[diagnostics={java.vendor=Oracle Corporation, os=Windows 7, java.version=12.0.2, java.vm.version=12.0.2+10, lucene.version=8.3.0, os.arch=amd64, java.runtime.version=12.0.2+10, source=flush, os.version=6.1, timestamp=1581891873179}]:[attributes={Lucene50StoredFieldsFormat.mode=BEST_SPEED}]: 701 bytes
|-- postings [PerFieldPostings(segment=_5 formats=1)]: 320 bytes
    |-- format 'Lucene50_0' [BlockTreeTermsReader(fields=1,delegate=Lucene50PostingsReader(positions=false,payloads=false))]: 280 bytes
        |-- field '_id' [BlockTreeTerms(seg=_5 terms=15,postings=15,positions=15,docs=15)]: 248 bytes
            |-- term index [FST(input=BYTE1,output=ByteSequenceOutputs]: 88 bytes
        |-- delegate [Lucene50PostingsReader(positions=false,payloads=false)]: 32 bytes
|-- docvalues [PerFieldDocValues(formats=1)]: 68 bytes
    |-- format 'Lucene80_0' [org.apache.lucene.codecs.lucene80.Lucene80DocValuesProducer@45fbe550]: 48 bytes
|-- stored fields [CompressingStoredFieldsReader(mode=FAST,chunksize=16384)]: 312 bytes
    |-- stored field index [CompressingStoredFieldsIndexReader(blocks=1)]: 312 bytes
        |-- doc base deltas: 88 bytes
        |-- start pointer deltas: 88 bytes
|-- points [org.apache.lucene.codecs.lucene60.Lucene60PointsReader@6e9fee6b]: 1 bytes
    |-- _seq_no [org.apache.lucene.util.bkd.BKDReader@43de0015]: 1 bytes

  7 of 7: name=_6 maxDoc=82
    version=8.3.0
    id=3snnz99pchiceseeauia6kpzf
    codec=Lucene80
    compound=true
    numFiles=3
    size (MB)=0.003
    diagnostics = {java.vendor=Oracle Corporation, os=Windows 7, java.version=12.0.2, java.vm.version=12.0.2+10, lucene.version=8.3.0, os.arch=amd64, java.runtime.version=12.0.2+10, source=flush, os.version=6.1, timestamp=1581891873228}
    no deletions
    test: open reader.........OK [took 0.001 sec]
    test: check integrity.....FAILED
    WARNING: exorciseIndex() would remove reference to this segment; full exception:
org.apache.lucene.index.CorruptIndexException: checksum failed (hardware problem?) : expected=897f812a actual=2ca4eb62 (resource=BufferedChecksumIndexInput(MMapIndexInput(path="E:\NotD\git\elasticsearch\server\build\testrun\test\temp\org.elasticsearch.index.shard.RemoveCorruptedShardDataCommandTests_9EA1F2A3814E5F76-001\tempDir-017\nodes\0\indices\_na_\0\index\_6.cfs") [slice=_6.fdt]))
	at org.apache.lucene.codecs.CodecUtil.checkFooter(CodecUtil.java:419)
	at org.apache.lucene.codecs.CodecUtil.checksumEntireFile(CodecUtil.java:526)
	at org.apache.lucene.codecs.compressing.CompressingStoredFieldsReader.checkIntegrity(CompressingStoredFieldsReader.java:664)
	at org.apache.lucene.index.CodecReader.checkIntegrity(CodecReader.java:299)
	at org.apache.lucene.index.CheckIndex.checkIndex(CheckIndex.java:687)
	at org.elasticsearch.index.shard.RemoveCorruptedLuceneSegmentsAction.getCleanStatus(RemoveCorruptedLuceneSegmentsAction.java:47)
	at org.elasticsearch.index.shard.RemoveCorruptedShardDataCommand.lambda$execute$1(RemoveCorruptedShardDataCommand.java:314)
	at org.elasticsearch.index.shard.RemoveCorruptedShardDataCommand.findAndProcessShardPath(RemoveCorruptedShardDataCommand.java:205)
	at org.elasticsearch.index.shard.RemoveCorruptedShardDataCommand.execute(RemoveCorruptedShardDataCommand.java:285)
	at org.elasticsearch.index.shard.RemoveCorruptedShardDataCommandTests.testCorruptedIndex(RemoveCorruptedShardDataCommandTests.java:177)
	at java.base/jdk.internal.reflect.NativeMethodAccessorImpl.invoke0(Native Method)
	at java.base/jdk.internal.reflect.NativeMethodAccessorImpl.invoke(NativeMethodAccessorImpl.java:62)
	at java.base/jdk.internal.reflect.DelegatingMethodAccessorImpl.invoke(DelegatingMethodAccessorImpl.java:43)
	at java.base/java.lang.reflect.Method.invoke(Method.java:567)
	at com.carrotsearch.randomizedtesting.RandomizedRunner.invoke(RandomizedRunner.java:1750)
	at com.carrotsearch.randomizedtesting.RandomizedRunner$8.evaluate(RandomizedRunner.java:938)
	at com.carrotsearch.randomizedtesting.RandomizedRunner$9.evaluate(RandomizedRunner.java:974)
	at com.carrotsearch.randomizedtesting.RandomizedRunner$10.evaluate(RandomizedRunner.java:988)
	at com.carrotsearch.randomizedtesting.rules.StatementAdapter.evaluate(StatementAdapter.java:36)
	at org.apache.lucene.util.TestRuleSetupTeardownChained$1.evaluate(TestRuleSetupTeardownChained.java:49)
	at org.apache.lucene.util.AbstractBeforeAfterRule$1.evaluate(AbstractBeforeAfterRule.java:45)
	at org.apache.lucene.util.TestRuleThreadAndTestName$1.evaluate(TestRuleThreadAndTestName.java:48)
	at org.apache.lucene.util.TestRuleIgnoreAfterMaxFailures$1.evaluate(TestRuleIgnoreAfterMaxFailures.java:64)
	at org.apache.lucene.util.TestRuleMarkFailure$1.evaluate(TestRuleMarkFailure.java:47)
	at com.carrotsearch.randomizedtesting.rules.StatementAdapter.evaluate(StatementAdapter.java:36)
	at com.carrotsearch.randomizedtesting.ThreadLeakControl$StatementRunner.run(ThreadLeakControl.java:368)
	at com.carrotsearch.randomizedtesting.ThreadLeakControl.forkTimeoutingTask(ThreadLeakControl.java:817)
	at com.carrotsearch.randomizedtesting.ThreadLeakControl$3.evaluate(ThreadLeakControl.java:468)
	at com.carrotsearch.randomizedtesting.RandomizedRunner.runSingleTest(RandomizedRunner.java:947)
	at com.carrotsearch.randomizedtesting.RandomizedRunner$5.evaluate(RandomizedRunner.java:832)
	at com.carrotsearch.randomizedtesting.RandomizedRunner$6.evaluate(RandomizedRunner.java:883)
	at com.carrotsearch.randomizedtesting.RandomizedRunner$7.evaluate(RandomizedRunner.java:894)
	at org.apache.lucene.util.AbstractBeforeAfterRule$1.evaluate(AbstractBeforeAfterRule.java:45)
	at com.carrotsearch.randomizedtesting.rules.StatementAdapter.evaluate(StatementAdapter.java:36)
	at org.apache.lucene.util.TestRuleStoreClassName$1.evaluate(TestRuleStoreClassName.java:41)
	at com.carrotsearch.randomizedtesting.rules.NoShadowingOrOverridesOnMethodsRule$1.evaluate(NoShadowingOrOverridesOnMethodsRule.java:40)
	at com.carrotsearch.randomizedtesting.rules.NoShadowingOrOverridesOnMethodsRule$1.evaluate(NoShadowingOrOverridesOnMethodsRule.java:40)
	at com.carrotsearch.randomizedtesting.rules.StatementAdapter.evaluate(StatementAdapter.java:36)
	at com.carrotsearch.randomizedtesting.rules.StatementAdapter.evaluate(StatementAdapter.java:36)
	at org.apache.lucene.util.TestRuleAssertionsRequired$1.evaluate(TestRuleAssertionsRequired.java:53)
	at org.apache.lucene.util.TestRuleMarkFailure$1.evaluate(TestRuleMarkFailure.java:47)
	at org.apache.lucene.util.TestRuleIgnoreAfterMaxFailures$1.evaluate(TestRuleIgnoreAfterMaxFailures.java:64)
	at org.apache.lucene.util.TestRuleIgnoreTestSuites$1.evaluate(TestRuleIgnoreTestSuites.java:54)
	at com.carrotsearch.randomizedtesting.rules.StatementAdapter.evaluate(StatementAdapter.java:36)
	at com.carrotsearch.randomizedtesting.ThreadLeakControl$StatementRunner.run(ThreadLeakControl.java:368)
	at java.base/java.lang.Thread.run(Thread.java:835)

WARNING: 1 broken segments (containing 82 documents) detected
Took 0.014 sec total.

 >> Lucene index is corrupted at E:\NotD\git\elasticsearch\server\build\testrun\test\temp\org.elasticsearch.index.shard.RemoveCorruptedShardDataCommandTests_9EA1F2A3814E5F76-001\tempDir-017\nodes\0\indices\_na_\0\index


Opening translog at E:\NotD\git\elasticsearch\server\build\testrun\test\temp\org.elasticsearch.index.shard.RemoveCorruptedShardDataCommandTests_9EA1F2A3814E5F76-001\tempDir-017\nodes\0\indices\_na_\0\translog


 >> Translog is clean at E:\NotD\git\elasticsearch\server\build\testrun\test\temp\org.elasticsearch.index.shard.RemoveCorruptedShardDataCommandTests_9EA1F2A3814E5F76-001\tempDir-017\nodes\0\indices\_na_\0\translog

-----------------------------------------------------------------------

  Corrupted Lucene index segments found - 82 documents will be lost.

            WARNING:              YOU MAY LOSE DATA.
-----------------------------------------------------------------------
Continue and remove corrupted data from the shard ?

[2020-02-16T15:24:33,405][WARN ][o.e.i.IndexSettings      ] [testCorruptedIndex] [index0] [index.merge.enabled] is set to false, this should only be used in tests and can cause serious problems in production environments
[2020-02-16T15:24:33,435][WARN ][o.e.i.IndexSettings      ] [testCorruptedIndex] [index0] [index.merge.enabled] is set to false, this should only be used in tests and can cause serious problems in production environments
[2020-02-16T15:24:33,486][INFO ][o.e.i.s.RemoveCorruptedShardDataCommandTests] [testCorruptedIndex] --> output:
-----------------------------------------------------------------------

    WARNING: Elasticsearch MUST be stopped before running this tool.

  Please make a complete backup of your index before using this tool.

-----------------------------------------------------------------------

Opening Lucene index at E:\NotD\git\elasticsearch\server\build\testrun\test\temp\org.elasticsearch.index.shard.RemoveCorruptedShardDataCommandTests_9EA1F2A3814E5F76-001\tempDir-017\nodes\0\indices\_na_\0\index

0.00% total deletions; 359 documents; 0 deleteions
Segments file=segments_9 numSegments=7 version=8.3.0 id=3snnz99pchiceseeauia6kpzg userData={history_uuid=bbGpLD5NTFGmFWK5lZHlpw, local_checkpoint=358, max_seq_no=358, max_unsafe_auto_id_timestamp=-1, min_retained_seq_no=0, translog_generation=9, translog_uuid=lG3ROr-eTCG4biKdrpjLxg}
  1 of 7: name=_0 maxDoc=28
    version=8.3.0
    id=3snnz99pchiceseeauia6kpz3
    codec=Lucene80
    compound=true
    numFiles=3
    size (MB)=0.003
    diagnostics = {java.vendor=Oracle Corporation, os=Windows 7, java.version=12.0.2, java.vm.version=12.0.2+10, lucene.version=8.3.0, os.arch=amd64, java.runtime.version=12.0.2+10, source=flush, os.version=6.1, timestamp=1581891872965}
    no deletions
    test: open reader.........OK [took 0.001 sec]
    test: check integrity.....OK [took 0.000 sec]

detailed segment RAM usage: 
_0(8.3.0):c28:[diagnostics={java.vendor=Oracle Corporation, os=Windows 7, java.version=12.0.2, java.vm.version=12.0.2+10, lucene.version=8.3.0, os.arch=amd64, java.runtime.version=12.0.2+10, source=flush, os.version=6.1, timestamp=1581891872965}]:[attributes={Lucene50StoredFieldsFormat.mode=BEST_SPEED}]: 701 bytes
|-- postings [PerFieldPostings(segment=_0 formats=1)]: 320 bytes
    |-- format 'Lucene50_0' [BlockTreeTermsReader(fields=1,delegate=Lucene50PostingsReader(positions=false,payloads=false))]: 280 bytes
        |-- field '_id' [BlockTreeTerms(seg=_0 terms=28,postings=28,positions=28,docs=28)]: 248 bytes
            |-- term index [FST(input=BYTE1,output=ByteSequenceOutputs]: 88 bytes
        |-- delegate [Lucene50PostingsReader(positions=false,payloads=false)]: 32 bytes
|-- docvalues [PerFieldDocValues(formats=1)]: 68 bytes
    |-- format 'Lucene80_0' [org.apache.lucene.codecs.lucene80.Lucene80DocValuesProducer@11f47f67]: 48 bytes
|-- stored fields [CompressingStoredFieldsReader(mode=FAST,chunksize=16384)]: 312 bytes
    |-- stored field index [CompressingStoredFieldsIndexReader(blocks=1)]: 312 bytes
        |-- doc base deltas: 88 bytes
        |-- start pointer deltas: 88 bytes
|-- points [org.apache.lucene.codecs.lucene60.Lucene60PointsReader@33b61076]: 1 bytes
    |-- _seq_no [org.apache.lucene.util.bkd.BKDReader@69f0cff0]: 1 bytes

  2 of 7: name=_1 maxDoc=51
    version=8.3.0
    id=3snnz99pchiceseeauia6kpz5
    codec=Lucene80
    compound=true
    numFiles=3
    size (MB)=0.003
    diagnostics = {java.vendor=Oracle Corporation, os=Windows 7, java.version=12.0.2, java.vm.version=12.0.2+10, lucene.version=8.3.0, os.arch=amd64, java.runtime.version=12.0.2+10, source=flush, os.version=6.1, timestamp=1581891873000}
    no deletions
    test: open reader.........OK [took 0.001 sec]
    test: check integrity.....OK [took 0.000 sec]

detailed segment RAM usage: 
_1(8.3.0):c51:[diagnostics={java.vendor=Oracle Corporation, os=Windows 7, java.version=12.0.2, java.vm.version=12.0.2+10, lucene.version=8.3.0, os.arch=amd64, java.runtime.version=12.0.2+10, source=flush, os.version=6.1, timestamp=1581891873000}]:[attributes={Lucene50StoredFieldsFormat.mode=BEST_SPEED}]: 701 bytes
|-- postings [PerFieldPostings(segment=_1 formats=1)]: 320 bytes
    |-- format 'Lucene50_0' [BlockTreeTermsReader(fields=1,delegate=Lucene50PostingsReader(positions=false,payloads=false))]: 280 bytes
        |-- field '_id' [BlockTreeTerms(seg=_1 terms=51,postings=51,positions=51,docs=51)]: 248 bytes
            |-- term index [FST(input=BYTE1,output=ByteSequenceOutputs]: 88 bytes
        |-- delegate [Lucene50PostingsReader(positions=false,payloads=false)]: 32 bytes
|-- docvalues [PerFieldDocValues(formats=1)]: 68 bytes
    |-- format 'Lucene80_0' [org.apache.lucene.codecs.lucene80.Lucene80DocValuesProducer@5aa8e54]: 48 bytes
|-- stored fields [CompressingStoredFieldsReader(mode=FAST,chunksize=16384)]: 312 bytes
    |-- stored field index [CompressingStoredFieldsIndexReader(blocks=1)]: 312 bytes
        |-- doc base deltas: 88 bytes
        |-- start pointer deltas: 88 bytes
|-- points [org.apache.lucene.codecs.lucene60.Lucene60PointsReader@6aca4e5e]: 1 bytes
    |-- _seq_no [org.apache.lucene.util.bkd.BKDReader@54faa09f]: 1 bytes

  3 of 7: name=_2 maxDoc=61
    version=8.3.0
    id=3snnz99pchiceseeauia6kpz7
    codec=Lucene80
    compound=true
    numFiles=3
    size (MB)=0.003
    diagnostics = {java.vendor=Oracle Corporation, os=Windows 7, java.version=12.0.2, java.vm.version=12.0.2+10, lucene.version=8.3.0, os.arch=amd64, java.runtime.version=12.0.2+10, source=flush, os.version=6.1, timestamp=1581891873046}
    no deletions
    test: open reader.........OK [took 0.001 sec]
    test: check integrity.....OK [took 0.000 sec]

detailed segment RAM usage: 
_2(8.3.0):c61:[diagnostics={java.vendor=Oracle Corporation, os=Windows 7, java.version=12.0.2, java.vm.version=12.0.2+10, lucene.version=8.3.0, os.arch=amd64, java.runtime.version=12.0.2+10, source=flush, os.version=6.1, timestamp=1581891873046}]:[attributes={Lucene50StoredFieldsFormat.mode=BEST_SPEED}]: 701 bytes
|-- postings [PerFieldPostings(segment=_2 formats=1)]: 320 bytes
    |-- format 'Lucene50_0' [BlockTreeTermsReader(fields=1,delegate=Lucene50PostingsReader(positions=false,payloads=false))]: 280 bytes
        |-- field '_id' [BlockTreeTerms(seg=_2 terms=61,postings=61,positions=61,docs=61)]: 248 bytes
            |-- term index [FST(input=BYTE1,output=ByteSequenceOutputs]: 88 bytes
        |-- delegate [Lucene50PostingsReader(positions=false,payloads=false)]: 32 bytes
|-- docvalues [PerFieldDocValues(formats=1)]: 68 bytes
    |-- format 'Lucene80_0' [org.apache.lucene.codecs.lucene80.Lucene80DocValuesProducer@5b5315e9]: 48 bytes
|-- stored fields [CompressingStoredFieldsReader(mode=FAST,chunksize=16384)]: 312 bytes
    |-- stored field index [CompressingStoredFieldsIndexReader(blocks=1)]: 312 bytes
        |-- doc base deltas: 88 bytes
        |-- start pointer deltas: 88 bytes
|-- points [org.apache.lucene.codecs.lucene60.Lucene60PointsReader@5a2ca844]: 1 bytes
    |-- _seq_no [org.apache.lucene.util.bkd.BKDReader@3f69fcbc]: 1 bytes

  4 of 7: name=_3 maxDoc=31
    version=8.3.0
    id=3snnz99pchiceseeauia6kpz9
    codec=Lucene80
    compound=true
    numFiles=3
    size (MB)=0.003
    diagnostics = {java.vendor=Oracle Corporation, os=Windows 7, java.version=12.0.2, java.vm.version=12.0.2+10, lucene.version=8.3.0, os.arch=amd64, java.runtime.version=12.0.2+10, source=flush, os.version=6.1, timestamp=1581891873088}
    no deletions
    test: open reader.........OK [took 0.001 sec]
    test: check integrity.....OK [took 0.000 sec]

detailed segment RAM usage: 
_3(8.3.0):c31:[diagnostics={java.vendor=Oracle Corporation, os=Windows 7, java.version=12.0.2, java.vm.version=12.0.2+10, lucene.version=8.3.0, os.arch=amd64, java.runtime.version=12.0.2+10, source=flush, os.version=6.1, timestamp=1581891873088}]:[attributes={Lucene50StoredFieldsFormat.mode=BEST_SPEED}]: 701 bytes
|-- postings [PerFieldPostings(segment=_3 formats=1)]: 320 bytes
    |-- format 'Lucene50_0' [BlockTreeTermsReader(fields=1,delegate=Lucene50PostingsReader(positions=false,payloads=false))]: 280 bytes
        |-- field '_id' [BlockTreeTerms(seg=_3 terms=31,postings=31,positions=31,docs=31)]: 248 bytes
            |-- term index [FST(input=BYTE1,output=ByteSequenceOutputs]: 88 bytes
        |-- delegate [Lucene50PostingsReader(positions=false,payloads=false)]: 32 bytes
|-- docvalues [PerFieldDocValues(formats=1)]: 68 bytes
    |-- format 'Lucene80_0' [org.apache.lucene.codecs.lucene80.Lucene80DocValuesProducer@38d40b3a]: 48 bytes
|-- stored fields [CompressingStoredFieldsReader(mode=FAST,chunksize=16384)]: 312 bytes
    |-- stored field index [CompressingStoredFieldsIndexReader(blocks=1)]: 312 bytes
        |-- doc base deltas: 88 bytes
        |-- start pointer deltas: 88 bytes
|-- points [org.apache.lucene.codecs.lucene60.Lucene60PointsReader@48a89c80]: 1 bytes
    |-- _seq_no [org.apache.lucene.util.bkd.BKDReader@5e25724c]: 1 bytes

  5 of 7: name=_4 maxDoc=91
    version=8.3.0
    id=3snnz99pchiceseeauia6kpzb
    codec=Lucene80
    compound=true
    numFiles=3
    size (MB)=0.003
    diagnostics = {java.vendor=Oracle Corporation, os=Windows 7, java.version=12.0.2, java.vm.version=12.0.2+10, lucene.version=8.3.0, os.arch=amd64, java.runtime.version=12.0.2+10, source=flush, os.version=6.1, timestamp=1581891873134}
    no deletions
    test: open reader.........OK [took 0.001 sec]
    test: check integrity.....OK [took 0.000 sec]

detailed segment RAM usage: 
_4(8.3.0):c91:[diagnostics={java.vendor=Oracle Corporation, os=Windows 7, java.version=12.0.2, java.vm.version=12.0.2+10, lucene.version=8.3.0, os.arch=amd64, java.runtime.version=12.0.2+10, source=flush, os.version=6.1, timestamp=1581891873134}]:[attributes={Lucene50StoredFieldsFormat.mode=BEST_SPEED}]: 701 bytes
|-- postings [PerFieldPostings(segment=_4 formats=1)]: 320 bytes
    |-- format 'Lucene50_0' [BlockTreeTermsReader(fields=1,delegate=Lucene50PostingsReader(positions=false,payloads=false))]: 280 bytes
        |-- field '_id' [BlockTreeTerms(seg=_4 terms=91,postings=91,positions=91,docs=91)]: 248 bytes
            |-- term index [FST(input=BYTE1,output=ByteSequenceOutputs]: 88 bytes
        |-- delegate [Lucene50PostingsReader(positions=false,payloads=false)]: 32 bytes
|-- docvalues [PerFieldDocValues(formats=1)]: 68 bytes
    |-- format 'Lucene80_0' [org.apache.lucene.codecs.lucene80.Lucene80DocValuesProducer@6235dcac]: 48 bytes
|-- stored fields [CompressingStoredFieldsReader(mode=FAST,chunksize=16384)]: 312 bytes
    |-- stored field index [CompressingStoredFieldsIndexReader(blocks=1)]: 312 bytes
        |-- doc base deltas: 88 bytes
        |-- start pointer deltas: 88 bytes
|-- points [org.apache.lucene.codecs.lucene60.Lucene60PointsReader@17f775b4]: 1 bytes
    |-- _seq_no [org.apache.lucene.util.bkd.BKDReader@63290cc8]: 1 bytes

  6 of 7: name=_5 maxDoc=15
    version=8.3.0
    id=3snnz99pchiceseeauia6kpzd
    codec=Lucene80
    compound=true
    numFiles=3
    size (MB)=0.002
    diagnostics = {java.vendor=Oracle Corporation, os=Windows 7, java.version=12.0.2, java.vm.version=12.0.2+10, lucene.version=8.3.0, os.arch=amd64, java.runtime.version=12.0.2+10, source=flush, os.version=6.1, timestamp=1581891873179}
    no deletions
    test: open reader.........OK [took 0.001 sec]
    test: check integrity.....OK [took 0.000 sec]

detailed segment RAM usage: 
_5(8.3.0):c15:[diagnostics={java.vendor=Oracle Corporation, os=Windows 7, java.version=12.0.2, java.vm.version=12.0.2+10, lucene.version=8.3.0, os.arch=amd64, java.runtime.version=12.0.2+10, source=flush, os.version=6.1, timestamp=1581891873179}]:[attributes={Lucene50StoredFieldsFormat.mode=BEST_SPEED}]: 701 bytes
|-- postings [PerFieldPostings(segment=_5 formats=1)]: 320 bytes
    |-- format 'Lucene50_0' [BlockTreeTermsReader(fields=1,delegate=Lucene50PostingsReader(positions=false,payloads=false))]: 280 bytes
        |-- field '_id' [BlockTreeTerms(seg=_5 terms=15,postings=15,positions=15,docs=15)]: 248 bytes
            |-- term index [FST(input=BYTE1,output=ByteSequenceOutputs]: 88 bytes
        |-- delegate [Lucene50PostingsReader(positions=false,payloads=false)]: 32 bytes
|-- docvalues [PerFieldDocValues(formats=1)]: 68 bytes
    |-- format 'Lucene80_0' [org.apache.lucene.codecs.lucene80.Lucene80DocValuesProducer@45fbe550]: 48 bytes
|-- stored fields [CompressingStoredFieldsReader(mode=FAST,chunksize=16384)]: 312 bytes
    |-- stored field index [CompressingStoredFieldsIndexReader(blocks=1)]: 312 bytes
        |-- doc base deltas: 88 bytes
        |-- start pointer deltas: 88 bytes
|-- points [org.apache.lucene.codecs.lucene60.Lucene60PointsReader@6e9fee6b]: 1 bytes
    |-- _seq_no [org.apache.lucene.util.bkd.BKDReader@43de0015]: 1 bytes

  7 of 7: name=_6 maxDoc=82
    version=8.3.0
    id=3snnz99pchiceseeauia6kpzf
    codec=Lucene80
    compound=true
    numFiles=3
    size (MB)=0.003
    diagnostics = {java.vendor=Oracle Corporation, os=Windows 7, java.version=12.0.2, java.vm.version=12.0.2+10, lucene.version=8.3.0, os.arch=amd64, java.runtime.version=12.0.2+10, source=flush, os.version=6.1, timestamp=1581891873228}
    no deletions
    test: open reader.........OK [took 0.001 sec]
    test: check integrity.....FAILED
    WARNING: exorciseIndex() would remove reference to this segment; full exception:
org.apache.lucene.index.CorruptIndexException: checksum failed (hardware problem?) : expected=897f812a actual=2ca4eb62 (resource=BufferedChecksumIndexInput(MMapIndexInput(path="E:\NotD\git\elasticsearch\server\build\testrun\test\temp\org.elasticsearch.index.shard.RemoveCorruptedShardDataCommandTests_9EA1F2A3814E5F76-001\tempDir-017\nodes\0\indices\_na_\0\index\_6.cfs") [slice=_6.fdt]))
	at org.apache.lucene.codecs.CodecUtil.checkFooter(CodecUtil.java:419)
	at org.apache.lucene.codecs.CodecUtil.checksumEntireFile(CodecUtil.java:526)
	at org.apache.lucene.codecs.compressing.CompressingStoredFieldsReader.checkIntegrity(CompressingStoredFieldsReader.java:664)
	at org.apache.lucene.index.CodecReader.checkIntegrity(CodecReader.java:299)
	at org.apache.lucene.index.CheckIndex.checkIndex(CheckIndex.java:687)
	at org.elasticsearch.index.shard.RemoveCorruptedLuceneSegmentsAction.getCleanStatus(RemoveCorruptedLuceneSegmentsAction.java:47)
	at org.elasticsearch.index.shard.RemoveCorruptedShardDataCommand.lambda$execute$1(RemoveCorruptedShardDataCommand.java:314)
	at org.elasticsearch.index.shard.RemoveCorruptedShardDataCommand.findAndProcessShardPath(RemoveCorruptedShardDataCommand.java:205)
	at org.elasticsearch.index.shard.RemoveCorruptedShardDataCommand.execute(RemoveCorruptedShardDataCommand.java:285)
	at org.elasticsearch.index.shard.RemoveCorruptedShardDataCommandTests.testCorruptedIndex(RemoveCorruptedShardDataCommandTests.java:177)
	at java.base/jdk.internal.reflect.NativeMethodAccessorImpl.invoke0(Native Method)
	at java.base/jdk.internal.reflect.NativeMethodAccessorImpl.invoke(NativeMethodAccessorImpl.java:62)
	at java.base/jdk.internal.reflect.DelegatingMethodAccessorImpl.invoke(DelegatingMethodAccessorImpl.java:43)
	at java.base/java.lang.reflect.Method.invoke(Method.java:567)
	at com.carrotsearch.randomizedtesting.RandomizedRunner.invoke(RandomizedRunner.java:1750)
	at com.carrotsearch.randomizedtesting.RandomizedRunner$8.evaluate(RandomizedRunner.java:938)
	at com.carrotsearch.randomizedtesting.RandomizedRunner$9.evaluate(RandomizedRunner.java:974)
	at com.carrotsearch.randomizedtesting.RandomizedRunner$10.evaluate(RandomizedRunner.java:988)
	at com.carrotsearch.randomizedtesting.rules.StatementAdapter.evaluate(StatementAdapter.java:36)
	at org.apache.lucene.util.TestRuleSetupTeardownChained$1.evaluate(TestRuleSetupTeardownChained.java:49)
	at org.apache.lucene.util.AbstractBeforeAfterRule$1.evaluate(AbstractBeforeAfterRule.java:45)
	at org.apache.lucene.util.TestRuleThreadAndTestName$1.evaluate(TestRuleThreadAndTestName.java:48)
	at org.apache.lucene.util.TestRuleIgnoreAfterMaxFailures$1.evaluate(TestRuleIgnoreAfterMaxFailures.java:64)
	at org.apache.lucene.util.TestRuleMarkFailure$1.evaluate(TestRuleMarkFailure.java:47)
	at com.carrotsearch.randomizedtesting.rules.StatementAdapter.evaluate(StatementAdapter.java:36)
	at com.carrotsearch.randomizedtesting.ThreadLeakControl$StatementRunner.run(ThreadLeakControl.java:368)
	at com.carrotsearch.randomizedtesting.ThreadLeakControl.forkTimeoutingTask(ThreadLeakControl.java:817)
	at com.carrotsearch.randomizedtesting.ThreadLeakControl$3.evaluate(ThreadLeakControl.java:468)
	at com.carrotsearch.randomizedtesting.RandomizedRunner.runSingleTest(RandomizedRunner.java:947)
	at com.carrotsearch.randomizedtesting.RandomizedRunner$5.evaluate(RandomizedRunner.java:832)
	at com.carrotsearch.randomizedtesting.RandomizedRunner$6.evaluate(RandomizedRunner.java:883)
	at com.carrotsearch.randomizedtesting.RandomizedRunner$7.evaluate(RandomizedRunner.java:894)
	at org.apache.lucene.util.AbstractBeforeAfterRule$1.evaluate(AbstractBeforeAfterRule.java:45)
	at com.carrotsearch.randomizedtesting.rules.StatementAdapter.evaluate(StatementAdapter.java:36)
	at org.apache.lucene.util.TestRuleStoreClassName$1.evaluate(TestRuleStoreClassName.java:41)
	at com.carrotsearch.randomizedtesting.rules.NoShadowingOrOverridesOnMethodsRule$1.evaluate(NoShadowingOrOverridesOnMethodsRule.java:40)
	at com.carrotsearch.randomizedtesting.rules.NoShadowingOrOverridesOnMethodsRule$1.evaluate(NoShadowingOrOverridesOnMethodsRule.java:40)
	at com.carrotsearch.randomizedtesting.rules.StatementAdapter.evaluate(StatementAdapter.java:36)
	at com.carrotsearch.randomizedtesting.rules.StatementAdapter.evaluate(StatementAdapter.java:36)
	at org.apache.lucene.util.TestRuleAssertionsRequired$1.evaluate(TestRuleAssertionsRequired.java:53)
	at org.apache.lucene.util.TestRuleMarkFailure$1.evaluate(TestRuleMarkFailure.java:47)
	at org.apache.lucene.util.TestRuleIgnoreAfterMaxFailures$1.evaluate(TestRuleIgnoreAfterMaxFailures.java:64)
	at org.apache.lucene.util.TestRuleIgnoreTestSuites$1.evaluate(TestRuleIgnoreTestSuites.java:54)
	at com.carrotsearch.randomizedtesting.rules.StatementAdapter.evaluate(StatementAdapter.java:36)
	at com.carrotsearch.randomizedtesting.ThreadLeakControl$StatementRunner.run(ThreadLeakControl.java:368)
	at java.base/java.lang.Thread.run(Thread.java:835)

WARNING: 1 broken segments (containing 82 documents) detected
Took 0.014 sec total.

 >> Lucene index is corrupted at E:\NotD\git\elasticsearch\server\build\testrun\test\temp\org.elasticsearch.index.shard.RemoveCorruptedShardDataCommandTests_9EA1F2A3814E5F76-001\tempDir-017\nodes\0\indices\_na_\0\index


Opening translog at E:\NotD\git\elasticsearch\server\build\testrun\test\temp\org.elasticsearch.index.shard.RemoveCorruptedShardDataCommandTests_9EA1F2A3814E5F76-001\tempDir-017\nodes\0\indices\_na_\0\translog


 >> Translog is clean at E:\NotD\git\elasticsearch\server\build\testrun\test\temp\org.elasticsearch.index.shard.RemoveCorruptedShardDataCommandTests_9EA1F2A3814E5F76-001\tempDir-017\nodes\0\indices\_na_\0\translog

-----------------------------------------------------------------------

  Corrupted Lucene index segments found - 82 documents will be lost.

            WARNING:              YOU MAY LOSE DATA.
-----------------------------------------------------------------------
Continue and remove corrupted data from the shard ?
-----------------------------------------------------------------------

    WARNING: Elasticsearch MUST be stopped before running this tool.

  Please make a complete backup of your index before using this tool.

-----------------------------------------------------------------------

Opening Lucene index at E:\NotD\git\elasticsearch\server\build\testrun\test\temp\org.elasticsearch.index.shard.RemoveCorruptedShardDataCommandTests_9EA1F2A3814E5F76-001\tempDir-017\nodes\0\indices\_na_\0\index

0.00% total deletions; 359 documents; 0 deleteions
Segments file=segments_9 numSegments=7 version=8.3.0 id=3snnz99pchiceseeauia6kpzg userData={history_uuid=bbGpLD5NTFGmFWK5lZHlpw, local_checkpoint=358, max_seq_no=358, max_unsafe_auto_id_timestamp=-1, min_retained_seq_no=0, translog_generation=9, translog_uuid=lG3ROr-eTCG4biKdrpjLxg}
  1 of 7: name=_0 maxDoc=28
    version=8.3.0
    id=3snnz99pchiceseeauia6kpz3
    codec=Lucene80
    compound=true
    numFiles=3
    size (MB)=0.003
    diagnostics = {java.vendor=Oracle Corporation, os=Windows 7, java.version=12.0.2, java.vm.version=12.0.2+10, lucene.version=8.3.0, os.arch=amd64, java.runtime.version=12.0.2+10, source=flush, os.version=6.1, timestamp=1581891872965}
    no deletions
    test: open reader.........OK [took 0.001 sec]
    test: check integrity.....OK [took 0.000 sec]

detailed segment RAM usage: 
_0(8.3.0):c28:[diagnostics={java.vendor=Oracle Corporation, os=Windows 7, java.version=12.0.2, java.vm.version=12.0.2+10, lucene.version=8.3.0, os.arch=amd64, java.runtime.version=12.0.2+10, source=flush, os.version=6.1, timestamp=1581891872965}]:[attributes={Lucene50StoredFieldsFormat.mode=BEST_SPEED}]: 701 bytes
|-- postings [PerFieldPostings(segment=_0 formats=1)]: 320 bytes
    |-- format 'Lucene50_0' [BlockTreeTermsReader(fields=1,delegate=Lucene50PostingsReader(positions=false,payloads=false))]: 280 bytes
        |-- field '_id' [BlockTreeTerms(seg=_0 terms=28,postings=28,positions=28,docs=28)]: 248 bytes
            |-- term index [FST(input=BYTE1,output=ByteSequenceOutputs]: 88 bytes
        |-- delegate [Lucene50PostingsReader(positions=false,payloads=false)]: 32 bytes
|-- docvalues [PerFieldDocValues(formats=1)]: 68 bytes
    |-- format 'Lucene80_0' [org.apache.lucene.codecs.lucene80.Lucene80DocValuesProducer@747b063d]: 48 bytes
|-- stored fields [CompressingStoredFieldsReader(mode=FAST,chunksize=16384)]: 312 bytes
    |-- stored field index [CompressingStoredFieldsIndexReader(blocks=1)]: 312 bytes
        |-- doc base deltas: 88 bytes
        |-- start pointer deltas: 88 bytes
|-- points [org.apache.lucene.codecs.lucene60.Lucene60PointsReader@49680e13]: 1 bytes
    |-- _seq_no [org.apache.lucene.util.bkd.BKDReader@628e4c48]: 1 bytes

  2 of 7: name=_1 maxDoc=51
    version=8.3.0
    id=3snnz99pchiceseeauia6kpz5
    codec=Lucene80
    compound=true
    numFiles=3
    size (MB)=0.003
    diagnostics = {java.vendor=Oracle Corporation, os=Windows 7, java.version=12.0.2, java.vm.version=12.0.2+10, lucene.version=8.3.0, os.arch=amd64, java.runtime.version=12.0.2+10, source=flush, os.version=6.1, timestamp=1581891873000}
    no deletions
    test: open reader.........OK [took 0.001 sec]
    test: check integrity.....OK [took 0.000 sec]

detailed segment RAM usage: 
_1(8.3.0):c51:[diagnostics={java.vendor=Oracle Corporation, os=Windows 7, java.version=12.0.2, java.vm.version=12.0.2+10, lucene.version=8.3.0, os.arch=amd64, java.runtime.version=12.0.2+10, source=flush, os.version=6.1, timestamp=1581891873000}]:[attributes={Lucene50StoredFieldsFormat.mode=BEST_SPEED}]: 701 bytes
|-- postings [PerFieldPostings(segment=_1 formats=1)]: 320 bytes
    |-- format 'Lucene50_0' [BlockTreeTermsReader(fields=1,delegate=Lucene50PostingsReader(positions=false,payloads=false))]: 280 bytes
        |-- field '_id' [BlockTreeTerms(seg=_1 terms=51,postings=51,positions=51,docs=51)]: 248 bytes
            |-- term index [FST(input=BYTE1,output=ByteSequenceOutputs]: 88 bytes
        |-- delegate [Lucene50PostingsReader(positions=false,payloads=false)]: 32 bytes
|-- docvalues [PerFieldDocValues(formats=1)]: 68 bytes
    |-- format 'Lucene80_0' [org.apache.lucene.codecs.lucene80.Lucene80DocValuesProducer@427e1119]: 48 bytes
|-- stored fields [CompressingStoredFieldsReader(mode=FAST,chunksize=16384)]: 312 bytes
    |-- stored field index [CompressingStoredFieldsIndexReader(blocks=1)]: 312 bytes
        |-- doc base deltas: 88 bytes
        |-- start pointer deltas: 88 bytes
|-- points [org.apache.lucene.codecs.lucene60.Lucene60PointsReader@5202f912]: 1 bytes
    |-- _seq_no [org.apache.lucene.util.bkd.BKDReader@7cd3bab7]: 1 bytes

  3 of 7: name=_2 maxDoc=61
    version=8.3.0
    id=3snnz99pchiceseeauia6kpz7
    codec=Lucene80
    compound=true
    numFiles=3
    size (MB)=0.003
    diagnostics = {java.vendor=Oracle Corporation, os=Windows 7, java.version=12.0.2, java.vm.version=12.0.2+10, lucene.version=8.3.0, os.arch=amd64, java.runtime.version=12.0.2+10, source=flush, os.version=6.1, timestamp=1581891873046}
    no deletions
    test: open reader.........OK [took 0.001 sec]
    test: check integrity.....OK [took 0.000 sec]

detailed segment RAM usage: 
_2(8.3.0):c61:[diagnostics={java.vendor=Oracle Corporation, os=Windows 7, java.version=12.0.2, java.vm.version=12.0.2+10, lucene.version=8.3.0, os.arch=amd64, java.runtime.version=12.0.2+10, source=flush, os.version=6.1, timestamp=1581891873046}]:[attributes={Lucene50StoredFieldsFormat.mode=BEST_SPEED}]: 701 bytes
|-- postings [PerFieldPostings(segment=_2 formats=1)]: 320 bytes
    |-- format 'Lucene50_0' [BlockTreeTermsReader(fields=1,delegate=Lucene50PostingsReader(positions=false,payloads=false))]: 280 bytes
        |-- field '_id' [BlockTreeTerms(seg=_2 terms=61,postings=61,positions=61,docs=61)]: 248 bytes
            |-- term index [FST(input=BYTE1,output=ByteSequenceOutputs]: 88 bytes
        |-- delegate [Lucene50PostingsReader(positions=false,payloads=false)]: 32 bytes
|-- docvalues [PerFieldDocValues(formats=1)]: 68 bytes
    |-- format 'Lucene80_0' [org.apache.lucene.codecs.lucene80.Lucene80DocValuesProducer@3cf779b1]: 48 bytes
|-- stored fields [CompressingStoredFieldsReader(mode=FAST,chunksize=16384)]: 312 bytes
    |-- stored field index [CompressingStoredFieldsIndexReader(blocks=1)]: 312 bytes
        |-- doc base deltas: 88 bytes
        |-- start pointer deltas: 88 bytes
|-- points [org.apache.lucene.codecs.lucene60.Lucene60PointsReader@5d106a9a]: 1 bytes
    |-- _seq_no [org.apache.lucene.util.bkd.BKDReader@719a3489]: 1 bytes

  4 of 7: name=_3 maxDoc=31
    version=8.3.0
    id=3snnz99pchiceseeauia6kpz9
    codec=Lucene80
    compound=true
    numFiles=3
    size (MB)=0.003
    diagnostics = {java.vendor=Oracle Corporation, os=Windows 7, java.version=12.0.2, java.vm.version=12.0.2+10, lucene.version=8.3.0, os.arch=amd64, java.runtime.version=12.0.2+10, source=flush, os.version=6.1, timestamp=1581891873088}
    no deletions
    test: open reader.........OK [took 0.001 sec]
    test: check integrity.....OK [took 0.000 sec]

detailed segment RAM usage: 
_3(8.3.0):c31:[diagnostics={java.vendor=Oracle Corporation, os=Windows 7, java.version=12.0.2, java.vm.version=12.0.2+10, lucene.version=8.3.0, os.arch=amd64, java.runtime.version=12.0.2+10, source=flush, os.version=6.1, timestamp=1581891873088}]:[attributes={Lucene50StoredFieldsFormat.mode=BEST_SPEED}]: 701 bytes
|-- postings [PerFieldPostings(segment=_3 formats=1)]: 320 bytes
    |-- format 'Lucene50_0' [BlockTreeTermsReader(fields=1,delegate=Lucene50PostingsReader(positions=false,payloads=false))]: 280 bytes
        |-- field '_id' [BlockTreeTerms(seg=_3 terms=31,postings=31,positions=31,docs=31)]: 248 bytes
            |-- term index [FST(input=BYTE1,output=ByteSequenceOutputs]: 88 bytes
        |-- delegate [Lucene50PostingsReader(positions=false,payloads=false)]: 32 bytes
|-- docvalues [PerFieldDocValues(formats=1)]: 68 bytes
    |-- format 'Lucene80_0' [org.apache.lucene.codecs.lucene80.Lucene80DocValuesProducer@17d525b5]: 48 bytes
|-- stored fields [CompressingStoredFieldsReader(mode=FAST,chunksize=16384)]: 312 bytes
    |-- stored field index [CompressingStoredFieldsIndexReader(blocks=1)]: 312 bytes
        |-- doc base deltas: 88 bytes
        |-- start pointer deltas: 88 bytes
|-- points [org.apache.lucene.codecs.lucene60.Lucene60PointsReader@374b65ba]: 1 bytes
    |-- _seq_no [org.apache.lucene.util.bkd.BKDReader@69e600e1]: 1 bytes

  5 of 7: name=_4 maxDoc=91
    version=8.3.0
    id=3snnz99pchiceseeauia6kpzb
    codec=Lucene80
    compound=true
    numFiles=3
    size (MB)=0.003
    diagnostics = {java.vendor=Oracle Corporation, os=Windows 7, java.version=12.0.2, java.vm.version=12.0.2+10, lucene.version=8.3.0, os.arch=amd64, java.runtime.version=12.0.2+10, source=flush, os.version=6.1, timestamp=1581891873134}
    no deletions
    test: open reader.........OK [took 0.001 sec]
    test: check integrity.....OK [took 0.000 sec]

detailed segment RAM usage: 
_4(8.3.0):c91:[diagnostics={java.vendor=Oracle Corporation, os=Windows 7, java.version=12.0.2, java.vm.version=12.0.2+10, lucene.version=8.3.0, os.arch=amd64, java.runtime.version=12.0.2+10, source=flush, os.version=6.1, timestamp=1581891873134}]:[attributes={Lucene50StoredFieldsFormat.mode=BEST_SPEED}]: 701 bytes
|-- postings [PerFieldPostings(segment=_4 formats=1)]: 320 bytes
    |-- format 'Lucene50_0' [BlockTreeTermsReader(fields=1,delegate=Lucene50PostingsReader(positions=false,payloads=false))]: 280 bytes
        |-- field '_id' [BlockTreeTerms(seg=_4 terms=91,postings=91,positions=91,docs=91)]: 248 bytes
            |-- term index [FST(input=BYTE1,output=ByteSequenceOutputs]: 88 bytes
        |-- delegate [Lucene50PostingsReader(positions=false,payloads=false)]: 32 bytes
|-- docvalues [PerFieldDocValues(formats=1)]: 68 bytes
    |-- format 'Lucene80_0' [org.apache.lucene.codecs.lucene80.Lucene80DocValuesProducer@cc7d4bc]: 48 bytes
|-- stored fields [CompressingStoredFieldsReader(mode=FAST,chunksize=16384)]: 312 bytes
    |-- stored field index [CompressingStoredFieldsIndexReader(blocks=1)]: 312 bytes
        |-- doc base deltas: 88 bytes
        |-- start pointer deltas: 88 bytes
|-- points [org.apache.lucene.codecs.lucene60.Lucene60PointsReader@55ff3ccd]: 1 bytes
    |-- _seq_no [org.apache.lucene.util.bkd.BKDReader@50db7a4c]: 1 bytes

  6 of 7: name=_5 maxDoc=15
    version=8.3.0
    id=3snnz99pchiceseeauia6kpzd
    codec=Lucene80
    compound=true
    numFiles=3
    size (MB)=0.002
    diagnostics = {java.vendor=Oracle Corporation, os=Windows 7, java.version=12.0.2, java.vm.version=12.0.2+10, lucene.version=8.3.0, os.arch=amd64, java.runtime.version=12.0.2+10, source=flush, os.version=6.1, timestamp=1581891873179}
    no deletions
    test: open reader.........OK [took 0.001 sec]
    test: check integrity.....OK [took 0.000 sec]

detailed segment RAM usage: 
_5(8.3.0):c15:[diagnostics={java.vendor=Oracle Corporation, os=Windows 7, java.version=12.0.2, java.vm.version=12.0.2+10, lucene.version=8.3.0, os.arch=amd64, java.runtime.version=12.0.2+10, source=flush, os.version=6.1, timestamp=1581891873179}]:[attributes={Lucene50StoredFieldsFormat.mode=BEST_SPEED}]: 701 bytes
|-- postings [PerFieldPostings(segment=_5 formats=1)]: 320 bytes
    |-- format 'Lucene50_0' [BlockTreeTermsReader(fields=1,delegate=Lucene50PostingsReader(positions=false,payloads=false))]: 280 bytes
        |-- field '_id' [BlockTreeTerms(seg=_5 terms=15,postings=15,positions=15,docs=15)]: 248 bytes
            |-- term index [FST(input=BYTE1,output=ByteSequenceOutputs]: 88 bytes
        |-- delegate [Lucene50PostingsReader(positions=false,payloads=false)]: 32 bytes
|-- docvalues [PerFieldDocValues(formats=1)]: 68 bytes
    |-- format 'Lucene80_0' [org.apache.lucene.codecs.lucene80.Lucene80DocValuesProducer@46a6267d]: 48 bytes
|-- stored fields [CompressingStoredFieldsReader(mode=FAST,chunksize=16384)]: 312 bytes
    |-- stored field index [CompressingStoredFieldsIndexReader(blocks=1)]: 312 bytes
        |-- doc base deltas: 88 bytes
        |-- start pointer deltas: 88 bytes
|-- points [org.apache.lucene.codecs.lucene60.Lucene60PointsReader@4da43dff]: 1 bytes
    |-- _seq_no [org.apache.lucene.util.bkd.BKDReader@cff2566]: 1 bytes

  7 of 7: name=_6 maxDoc=82
    version=8.3.0
    id=3snnz99pchiceseeauia6kpzf
    codec=Lucene80
    compound=true
    numFiles=3
    size (MB)=0.003
    diagnostics = {java.vendor=Oracle Corporation, os=Windows 7, java.version=12.0.2, java.vm.version=12.0.2+10, lucene.version=8.3.0, os.arch=amd64, java.runtime.version=12.0.2+10, source=flush, os.version=6.1, timestamp=1581891873228}
    no deletions
    test: open reader.........OK [took 0.001 sec]
    test: check integrity.....FAILED
    WARNING: exorciseIndex() would remove reference to this segment; full exception:
org.apache.lucene.index.CorruptIndexException: checksum failed (hardware problem?) : expected=897f812a actual=2ca4eb62 (resource=BufferedChecksumIndexInput(MMapIndexInput(path="E:\NotD\git\elasticsearch\server\build\testrun\test\temp\org.elasticsearch.index.shard.RemoveCorruptedShardDataCommandTests_9EA1F2A3814E5F76-001\tempDir-017\nodes\0\indices\_na_\0\index\_6.cfs") [slice=_6.fdt]))
	at org.apache.lucene.codecs.CodecUtil.checkFooter(CodecUtil.java:419)
	at org.apache.lucene.codecs.CodecUtil.checksumEntireFile(CodecUtil.java:526)
	at org.apache.lucene.codecs.compressing.CompressingStoredFieldsReader.checkIntegrity(CompressingStoredFieldsReader.java:664)
	at org.apache.lucene.index.CodecReader.checkIntegrity(CodecReader.java:299)
	at org.apache.lucene.index.CheckIndex.checkIndex(CheckIndex.java:687)
	at org.elasticsearch.index.shard.RemoveCorruptedLuceneSegmentsAction.getCleanStatus(RemoveCorruptedLuceneSegmentsAction.java:47)
	at org.elasticsearch.index.shard.RemoveCorruptedShardDataCommand.lambda$execute$1(RemoveCorruptedShardDataCommand.java:314)
	at org.elasticsearch.index.shard.RemoveCorruptedShardDataCommand.findAndProcessShardPath(RemoveCorruptedShardDataCommand.java:205)
	at org.elasticsearch.index.shard.RemoveCorruptedShardDataCommand.execute(RemoveCorruptedShardDataCommand.java:285)
	at org.elasticsearch.index.shard.RemoveCorruptedShardDataCommandTests.testCorruptedIndex(RemoveCorruptedShardDataCommandTests.java:193)
	at java.base/jdk.internal.reflect.NativeMethodAccessorImpl.invoke0(Native Method)
	at java.base/jdk.internal.reflect.NativeMethodAccessorImpl.invoke(NativeMethodAccessorImpl.java:62)
	at java.base/jdk.internal.reflect.DelegatingMethodAccessorImpl.invoke(DelegatingMethodAccessorImpl.java:43)
	at java.base/java.lang.reflect.Method.invoke(Method.java:567)
	at com.carrotsearch.randomizedtesting.RandomizedRunner.invoke(RandomizedRunner.java:1750)
	at com.carrotsearch.randomizedtesting.RandomizedRunner$8.evaluate(RandomizedRunner.java:938)
	at com.carrotsearch.randomizedtesting.RandomizedRunner$9.evaluate(RandomizedRunner.java:974)
	at com.carrotsearch.randomizedtesting.RandomizedRunner$10.evaluate(RandomizedRunner.java:988)
	at com.carrotsearch.randomizedtesting.rules.StatementAdapter.evaluate(StatementAdapter.java:36)
	at org.apache.lucene.util.TestRuleSetupTeardownChained$1.evaluate(TestRuleSetupTeardownChained.java:49)
	at org.apache.lucene.util.AbstractBeforeAfterRule$1.evaluate(AbstractBeforeAfterRule.java:45)
	at org.apache.lucene.util.TestRuleThreadAndTestName$1.evaluate(TestRuleThreadAndTestName.java:48)
	at org.apache.lucene.util.TestRuleIgnoreAfterMaxFailures$1.evaluate(TestRuleIgnoreAfterMaxFailures.java:64)
	at org.apache.lucene.util.TestRuleMarkFailure$1.evaluate(TestRuleMarkFailure.java:47)
	at com.carrotsearch.randomizedtesting.rules.StatementAdapter.evaluate(StatementAdapter.java:36)
	at com.carrotsearch.randomizedtesting.ThreadLeakControl$StatementRunner.run(ThreadLeakControl.java:368)
	at com.carrotsearch.randomizedtesting.ThreadLeakControl.forkTimeoutingTask(ThreadLeakControl.java:817)
	at com.carrotsearch.randomizedtesting.ThreadLeakControl$3.evaluate(ThreadLeakControl.java:468)
	at com.carrotsearch.randomizedtesting.RandomizedRunner.runSingleTest(RandomizedRunner.java:947)
	at com.carrotsearch.randomizedtesting.RandomizedRunner$5.evaluate(RandomizedRunner.java:832)
	at com.carrotsearch.randomizedtesting.RandomizedRunner$6.evaluate(RandomizedRunner.java:883)
	at com.carrotsearch.randomizedtesting.RandomizedRunner$7.evaluate(RandomizedRunner.java:894)
	at org.apache.lucene.util.AbstractBeforeAfterRule$1.evaluate(AbstractBeforeAfterRule.java:45)
	at com.carrotsearch.randomizedtesting.rules.StatementAdapter.evaluate(StatementAdapter.java:36)
	at org.apache.lucene.util.TestRuleStoreClassName$1.evaluate(TestRuleStoreClassName.java:41)
	at com.carrotsearch.randomizedtesting.rules.NoShadowingOrOverridesOnMethodsRule$1.evaluate(NoShadowingOrOverridesOnMethodsRule.java:40)
	at com.carrotsearch.randomizedtesting.rules.NoShadowingOrOverridesOnMethodsRule$1.evaluate(NoShadowingOrOverridesOnMethodsRule.java:40)
	at com.carrotsearch.randomizedtesting.rules.StatementAdapter.evaluate(StatementAdapter.java:36)
	at com.carrotsearch.randomizedtesting.rules.StatementAdapter.evaluate(StatementAdapter.java:36)
	at org.apache.lucene.util.TestRuleAssertionsRequired$1.evaluate(TestRuleAssertionsRequired.java:53)
	at org.apache.lucene.util.TestRuleMarkFailure$1.evaluate(TestRuleMarkFailure.java:47)
	at org.apache.lucene.util.TestRuleIgnoreAfterMaxFailures$1.evaluate(TestRuleIgnoreAfterMaxFailures.java:64)
	at org.apache.lucene.util.TestRuleIgnoreTestSuites$1.evaluate(TestRuleIgnoreTestSuites.java:54)
	at com.carrotsearch.randomizedtesting.rules.StatementAdapter.evaluate(StatementAdapter.java:36)
	at com.carrotsearch.randomizedtesting.ThreadLeakControl$StatementRunner.run(ThreadLeakControl.java:368)
	at java.base/java.lang.Thread.run(Thread.java:835)

WARNING: 1 broken segments (containing 82 documents) detected
Took 0.016 sec total.

 >> Lucene index is corrupted at E:\NotD\git\elasticsearch\server\build\testrun\test\temp\org.elasticsearch.index.shard.RemoveCorruptedShardDataCommandTests_9EA1F2A3814E5F76-001\tempDir-017\nodes\0\indices\_na_\0\index


Opening translog at E:\NotD\git\elasticsearch\server\build\testrun\test\temp\org.elasticsearch.index.shard.RemoveCorruptedShardDataCommandTests_9EA1F2A3814E5F76-001\tempDir-017\nodes\0\indices\_na_\0\translog


 >> Translog is clean at E:\NotD\git\elasticsearch\server\build\testrun\test\temp\org.elasticsearch.index.shard.RemoveCorruptedShardDataCommandTests_9EA1F2A3814E5F76-001\tempDir-017\nodes\0\indices\_na_\0\translog

-----------------------------------------------------------------------

  Corrupted Lucene index segments found - 82 documents will be lost.

            WARNING:              YOU MAY LOSE DATA.
-----------------------------------------------------------------------
Continue and remove corrupted data from the shard ?
0.00% total deletions; 359 documents; 0 deleteions
Segments file=segments_9 numSegments=7 version=8.3.0 id=3snnz99pchiceseeauia6kpzg userData={history_uuid=bbGpLD5NTFGmFWK5lZHlpw, local_checkpoint=358, max_seq_no=358, max_unsafe_auto_id_timestamp=-1, min_retained_seq_no=0, translog_generation=9, translog_uuid=lG3ROr-eTCG4biKdrpjLxg}
  1 of 7: name=_0 maxDoc=28
    version=8.3.0
    id=3snnz99pchiceseeauia6kpz3
    codec=Lucene80
    compound=true
    numFiles=3
    size (MB)=0.003
    diagnostics = {java.vendor=Oracle Corporation, os=Windows 7, java.version=12.0.2, java.vm.version=12.0.2+10, lucene.version=8.3.0, os.arch=amd64, java.runtime.version=12.0.2+10, source=flush, os.version=6.1, timestamp=1581891872965}
    no deletions
    test: open reader.........OK [took 0.001 sec]
    test: check integrity.....OK [took 0.000 sec]

detailed segment RAM usage: 
_0(8.3.0):c28:[diagnostics={java.vendor=Oracle Corporation, os=Windows 7, java.version=12.0.2, java.vm.version=12.0.2+10, lucene.version=8.3.0, os.arch=amd64, java.runtime.version=12.0.2+10, source=flush, os.version=6.1, timestamp=1581891872965}]:[attributes={Lucene50StoredFieldsFormat.mode=BEST_SPEED}]: 701 bytes
|-- postings [PerFieldPostings(segment=_0 formats=1)]: 320 bytes
    |-- format 'Lucene50_0' [BlockTreeTermsReader(fields=1,delegate=Lucene50PostingsReader(positions=false,payloads=false))]: 280 bytes
        |-- field '_id' [BlockTreeTerms(seg=_0 terms=28,postings=28,positions=28,docs=28)]: 248 bytes
            |-- term index [FST(input=BYTE1,output=ByteSequenceOutputs]: 88 bytes
        |-- delegate [Lucene50PostingsReader(positions=false,payloads=false)]: 32 bytes
|-- docvalues [PerFieldDocValues(formats=1)]: 68 bytes
    |-- format 'Lucene80_0' [org.apache.lucene.codecs.lucene80.Lucene80DocValuesProducer@1583224]: 48 bytes
|-- stored fields [CompressingStoredFieldsReader(mode=FAST,chunksize=16384)]: 312 bytes
    |-- stored field index [CompressingStoredFieldsIndexReader(blocks=1)]: 312 bytes
        |-- doc base deltas: 88 bytes
        |-- start pointer deltas: 88 bytes
|-- points [org.apache.lucene.codecs.lucene60.Lucene60PointsReader@4e9270d2]: 1 bytes
    |-- _seq_no [org.apache.lucene.util.bkd.BKDReader@5b9b5ae]: 1 bytes

  2 of 7: name=_1 maxDoc=51
    version=8.3.0
    id=3snnz99pchiceseeauia6kpz5
    codec=Lucene80
    compound=true
    numFiles=3
    size (MB)=0.003
    diagnostics = {java.vendor=Oracle Corporation, os=Windows 7, java.version=12.0.2, java.vm.version=12.0.2+10, lucene.version=8.3.0, os.arch=amd64, java.runtime.version=12.0.2+10, source=flush, os.version=6.1, timestamp=1581891873000}
    no deletions
    test: open reader.........OK [took 0.001 sec]
    test: check integrity.....OK [took 0.000 sec]

detailed segment RAM usage: 
_1(8.3.0):c51:[diagnostics={java.vendor=Oracle Corporation, os=Windows 7, java.version=12.0.2, java.vm.version=12.0.2+10, lucene.version=8.3.0, os.arch=amd64, java.runtime.version=12.0.2+10, source=flush, os.version=6.1, timestamp=1581891873000}]:[attributes={Lucene50StoredFieldsFormat.mode=BEST_SPEED}]: 701 bytes
|-- postings [PerFieldPostings(segment=_1 formats=1)]: 320 bytes
    |-- format 'Lucene50_0' [BlockTreeTermsReader(fields=1,delegate=Lucene50PostingsReader(positions=false,payloads=false))]: 280 bytes
        |-- field '_id' [BlockTreeTerms(seg=_1 terms=51,postings=51,positions=51,docs=51)]: 248 bytes
            |-- term index [FST(input=BYTE1,output=ByteSequenceOutputs]: 88 bytes
        |-- delegate [Lucene50PostingsReader(positions=false,payloads=false)]: 32 bytes
|-- docvalues [PerFieldDocValues(formats=1)]: 68 bytes
    |-- format 'Lucene80_0' [org.apache.lucene.codecs.lucene80.Lucene80DocValuesProducer@29a12d3e]: 48 bytes
|-- stored fields [CompressingStoredFieldsReader(mode=FAST,chunksize=16384)]: 312 bytes
    |-- stored field index [CompressingStoredFieldsIndexReader(blocks=1)]: 312 bytes
        |-- doc base deltas: 88 bytes
        |-- start pointer deltas: 88 bytes
|-- points [org.apache.lucene.codecs.lucene60.Lucene60PointsReader@61fdf961]: 1 bytes
    |-- _seq_no [org.apache.lucene.util.bkd.BKDReader@5df11727]: 1 bytes

  3 of 7: name=_2 maxDoc=61
    version=8.3.0
    id=3snnz99pchiceseeauia6kpz7
    codec=Lucene80
    compound=true
    numFiles=3
    size (MB)=0.003
    diagnostics = {java.vendor=Oracle Corporation, os=Windows 7, java.version=12.0.2, java.vm.version=12.0.2+10, lucene.version=8.3.0, os.arch=amd64, java.runtime.version=12.0.2+10, source=flush, os.version=6.1, timestamp=1581891873046}
    no deletions
    test: open reader.........OK [took 0.001 sec]
    test: check integrity.....OK [took 0.000 sec]

detailed segment RAM usage: 
_2(8.3.0):c61:[diagnostics={java.vendor=Oracle Corporation, os=Windows 7, java.version=12.0.2, java.vm.version=12.0.2+10, lucene.version=8.3.0, os.arch=amd64, java.runtime.version=12.0.2+10, source=flush, os.version=6.1, timestamp=1581891873046}]:[attributes={Lucene50StoredFieldsFormat.mode=BEST_SPEED}]: 701 bytes
|-- postings [PerFieldPostings(segment=_2 formats=1)]: 320 bytes
    |-- format 'Lucene50_0' [BlockTreeTermsReader(fields=1,delegate=Lucene50PostingsReader(positions=false,payloads=false))]: 280 bytes
        |-- field '_id' [BlockTreeTerms(seg=_2 terms=61,postings=61,positions=61,docs=61)]: 248 bytes
            |-- term index [FST(input=BYTE1,output=ByteSequenceOutputs]: 88 bytes
        |-- delegate [Lucene50PostingsReader(positions=false,payloads=false)]: 32 bytes
|-- docvalues [PerFieldDocValues(formats=1)]: 68 bytes
    |-- format 'Lucene80_0' [org.apache.lucene.codecs.lucene80.Lucene80DocValuesProducer@414741b9]: 48 bytes
|-- stored fields [CompressingStoredFieldsReader(mode=FAST,chunksize=16384)]: 312 bytes
    |-- stored field index [CompressingStoredFieldsIndexReader(blocks=1)]: 312 bytes
        |-- doc base deltas: 88 bytes
        |-- start pointer deltas: 88 bytes
|-- points [org.apache.lucene.codecs.lucene60.Lucene60PointsReader@145a3e99]: 1 bytes
    |-- _seq_no [org.apache.lucene.util.bkd.BKDReader@4720aaea]: 1 bytes

  4 of 7: name=_3 maxDoc=31
    version=8.3.0
    id=3snnz99pchiceseeauia6kpz9
    codec=Lucene80
    compound=true
    numFiles=3
    size (MB)=0.003
    diagnostics = {java.vendor=Oracle Corporation, os=Windows 7, java.version=12.0.2, java.vm.version=12.0.2+10, lucene.version=8.3.0, os.arch=amd64, java.runtime.version=12.0.2+10, source=flush, os.version=6.1, timestamp=1581891873088}
    no deletions
    test: open reader.........OK [took 0.001 sec]
    test: check integrity.....OK [took 0.000 sec]

detailed segment RAM usage: 
_3(8.3.0):c31:[diagnostics={java.vendor=Oracle Corporation, os=Windows 7, java.version=12.0.2, java.vm.version=12.0.2+10, lucene.version=8.3.0, os.arch=amd64, java.runtime.version=12.0.2+10, source=flush, os.version=6.1, timestamp=1581891873088}]:[attributes={Lucene50StoredFieldsFormat.mode=BEST_SPEED}]: 701 bytes
|-- postings [PerFieldPostings(segment=_3 formats=1)]: 320 bytes
    |-- format 'Lucene50_0' [BlockTreeTermsReader(fields=1,delegate=Lucene50PostingsReader(positions=false,payloads=false))]: 280 bytes
        |-- field '_id' [BlockTreeTerms(seg=_3 terms=31,postings=31,positions=31,docs=31)]: 248 bytes
            |-- term index [FST(input=BYTE1,output=ByteSequenceOutputs]: 88 bytes
        |-- delegate [Lucene50PostingsReader(positions=false,payloads=false)]: 32 bytes
|-- docvalues [PerFieldDocValues(formats=1)]: 68 bytes
    |-- format 'Lucene80_0' [org.apache.lucene.codecs.lucene80.Lucene80DocValuesProducer@4a4898ce]: 48 bytes
|-- stored fields [CompressingStoredFieldsReader(mode=FAST,chunksize=16384)]: 312 bytes
    |-- stored field index [CompressingStoredFieldsIndexReader(blocks=1)]: 312 bytes
        |-- doc base deltas: 88 bytes
        |-- start pointer deltas: 88 bytes
|-- points [org.apache.lucene.codecs.lucene60.Lucene60PointsReader@87d1c97]: 1 bytes
    |-- _seq_no [org.apache.lucene.util.bkd.BKDReader@6ceccc5b]: 1 bytes

  5 of 7: name=_4 maxDoc=91
    version=8.3.0
    id=3snnz99pchiceseeauia6kpzb
    codec=Lucene80
    compound=true
    numFiles=3
    size (MB)=0.003
    diagnostics = {java.vendor=Oracle Corporation, os=Windows 7, java.version=12.0.2, java.vm.version=12.0.2+10, lucene.version=8.3.0, os.arch=amd64, java.runtime.version=12.0.2+10, source=flush, os.version=6.1, timestamp=1581891873134}
    no deletions
    test: open reader.........OK [took 0.001 sec]
    test: check integrity.....OK [took 0.000 sec]

detailed segment RAM usage: 
_4(8.3.0):c91:[diagnostics={java.vendor=Oracle Corporation, os=Windows 7, java.version=12.0.2, java.vm.version=12.0.2+10, lucene.version=8.3.0, os.arch=amd64, java.runtime.version=12.0.2+10, source=flush, os.version=6.1, timestamp=1581891873134}]:[attributes={Lucene50StoredFieldsFormat.mode=BEST_SPEED}]: 701 bytes
|-- postings [PerFieldPostings(segment=_4 formats=1)]: 320 bytes
    |-- format 'Lucene50_0' [BlockTreeTermsReader(fields=1,delegate=Lucene50PostingsReader(positions=false,payloads=false))]: 280 bytes
        |-- field '_id' [BlockTreeTerms(seg=_4 terms=91,postings=91,positions=91,docs=91)]: 248 bytes
            |-- term index [FST(input=BYTE1,output=ByteSequenceOutputs]: 88 bytes
        |-- delegate [Lucene50PostingsReader(positions=false,payloads=false)]: 32 bytes
|-- docvalues [PerFieldDocValues(formats=1)]: 68 bytes
    |-- format 'Lucene80_0' [org.apache.lucene.codecs.lucene80.Lucene80DocValuesProducer@13ad5b3f]: 48 bytes
|-- stored fields [CompressingStoredFieldsReader(mode=FAST,chunksize=16384)]: 312 bytes
    |-- stored field index [CompressingStoredFieldsIndexReader(blocks=1)]: 312 bytes
        |-- doc base deltas: 88 bytes
        |-- start pointer deltas: 88 bytes
|-- points [org.apache.lucene.codecs.lucene60.Lucene60PointsReader@1929d305]: 1 bytes
    |-- _seq_no [org.apache.lucene.util.bkd.BKDReader@44af4a0b]: 1 bytes

  6 of 7: name=_5 maxDoc=15
    version=8.3.0
    id=3snnz99pchiceseeauia6kpzd
    codec=Lucene80
    compound=true
    numFiles=3
    size (MB)=0.002
    diagnostics = {java.vendor=Oracle Corporation, os=Windows 7, java.version=12.0.2, java.vm.version=12.0.2+10, lucene.version=8.3.0, os.arch=amd64, java.runtime.version=12.0.2+10, source=flush, os.version=6.1, timestamp=1581891873179}
    no deletions
    test: open reader.........OK [took 0.001 sec]
    test: check integrity.....OK [took 0.000 sec]

detailed segment RAM usage: 
_5(8.3.0):c15:[diagnostics={java.vendor=Oracle Corporation, os=Windows 7, java.version=12.0.2, java.vm.version=12.0.2+10, lucene.version=8.3.0, os.arch=amd64, java.runtime.version=12.0.2+10, source=flush, os.version=6.1, timestamp=1581891873179}]:[attributes={Lucene50StoredFieldsFormat.mode=BEST_SPEED}]: 701 bytes
|-- postings [PerFieldPostings(segment=_5 formats=1)]: 320 bytes
    |-- format 'Lucene50_0' [BlockTreeTermsReader(fields=1,delegate=Lucene50PostingsReader(positions=false,payloads=false))]: 280 bytes
        |-- field '_id' [BlockTreeTerms(seg=_5 terms=15,postings=15,positions=15,docs=15)]: 248 bytes
            |-- term index [FST(input=BYTE1,output=ByteSequenceOutputs]: 88 bytes
        |-- delegate [Lucene50PostingsReader(positions=false,payloads=false)]: 32 bytes
|-- docvalues [PerFieldDocValues(formats=1)]: 68 bytes
    |-- format 'Lucene80_0' [org.apache.lucene.codecs.lucene80.Lucene80DocValuesProducer@3a038f63]: 48 bytes
|-- stored fields [CompressingStoredFieldsReader(mode=FAST,chunksize=16384)]: 312 bytes
    |-- stored field index [CompressingStoredFieldsIndexReader(blocks=1)]: 312 bytes
        |-- doc base deltas: 88 bytes
        |-- start pointer deltas: 88 bytes
|-- points [org.apache.lucene.codecs.lucene60.Lucene60PointsReader@4c2753a]: 1 bytes
    |-- _seq_no [org.apache.lucene.util.bkd.BKDReader@5097691f]: 1 bytes

  7 of 7: name=_6 maxDoc=82
    version=8.3.0
    id=3snnz99pchiceseeauia6kpzf
    codec=Lucene80
    compound=true
    numFiles=3
    size (MB)=0.003
    diagnostics = {java.vendor=Oracle Corporation, os=Windows 7, java.version=12.0.2, java.vm.version=12.0.2+10, lucene.version=8.3.0, os.arch=amd64, java.runtime.version=12.0.2+10, source=flush, os.version=6.1, timestamp=1581891873228}
    no deletions
    test: open reader.........OK [took 0.001 sec]
    test: check integrity.....FAILED
    WARNING: exorciseIndex() would remove reference to this segment; full exception:
org.apache.lucene.index.CorruptIndexException: checksum failed (hardware problem?) : expected=897f812a actual=2ca4eb62 (resource=BufferedChecksumIndexInput(MMapIndexInput(path="E:\NotD\git\elasticsearch\server\build\testrun\test\temp\org.elasticsearch.index.shard.RemoveCorruptedShardDataCommandTests_9EA1F2A3814E5F76-001\tempDir-017\nodes\0\indices\_na_\0\index\_6.cfs") [slice=_6.fdt]))
	at org.apache.lucene.codecs.CodecUtil.checkFooter(CodecUtil.java:419)
	at org.apache.lucene.codecs.CodecUtil.checksumEntireFile(CodecUtil.java:526)
	at org.apache.lucene.codecs.compressing.CompressingStoredFieldsReader.checkIntegrity(CompressingStoredFieldsReader.java:664)
	at org.apache.lucene.index.CodecReader.checkIntegrity(CodecReader.java:299)
	at org.apache.lucene.index.CheckIndex.checkIndex(CheckIndex.java:687)
	at org.elasticsearch.index.shard.RemoveCorruptedLuceneSegmentsAction.execute(RemoveCorruptedLuceneSegmentsAction.java:74)
	at org.elasticsearch.index.shard.RemoveCorruptedShardDataCommand.lambda$execute$1(RemoveCorruptedShardDataCommand.java:384)
	at org.elasticsearch.index.shard.RemoveCorruptedShardDataCommand.findAndProcessShardPath(RemoveCorruptedShardDataCommand.java:205)
	at org.elasticsearch.index.shard.RemoveCorruptedShardDataCommand.execute(RemoveCorruptedShardDataCommand.java:285)
	at org.elasticsearch.index.shard.RemoveCorruptedShardDataCommandTests.testCorruptedIndex(RemoveCorruptedShardDataCommandTests.java:193)
	at java.base/jdk.internal.reflect.NativeMethodAccessorImpl.invoke0(Native Method)
	at java.base/jdk.internal.reflect.NativeMethodAccessorImpl.invoke(NativeMethodAccessorImpl.java:62)
	at java.base/jdk.internal.reflect.DelegatingMethodAccessorImpl.invoke(DelegatingMethodAccessorImpl.java:43)
	at java.base/java.lang.reflect.Method.invoke(Method.java:567)
	at com.carrotsearch.randomizedtesting.RandomizedRunner.invoke(RandomizedRunner.java:1750)
	at com.carrotsearch.randomizedtesting.RandomizedRunner$8.evaluate(RandomizedRunner.java:938)
	at com.carrotsearch.randomizedtesting.RandomizedRunner$9.evaluate(RandomizedRunner.java:974)
	at com.carrotsearch.randomizedtesting.RandomizedRunner$10.evaluate(RandomizedRunner.java:988)
	at com.carrotsearch.randomizedtesting.rules.StatementAdapter.evaluate(StatementAdapter.java:36)
	at org.apache.lucene.util.TestRuleSetupTeardownChained$1.evaluate(TestRuleSetupTeardownChained.java:49)
	at org.apache.lucene.util.AbstractBeforeAfterRule$1.evaluate(AbstractBeforeAfterRule.java:45)
	at org.apache.lucene.util.TestRuleThreadAndTestName$1.evaluate(TestRuleThreadAndTestName.java:48)
	at org.apache.lucene.util.TestRuleIgnoreAfterMaxFailures$1.evaluate(TestRuleIgnoreAfterMaxFailures.java:64)
	at org.apache.lucene.util.TestRuleMarkFailure$1.evaluate(TestRuleMarkFailure.java:47)
	at com.carrotsearch.randomizedtesting.rules.StatementAdapter.evaluate(StatementAdapter.java:36)
	at com.carrotsearch.randomizedtesting.ThreadLeakControl$StatementRunner.run(ThreadLeakControl.java:368)
	at com.carrotsearch.randomizedtesting.ThreadLeakControl.forkTimeoutingTask(ThreadLeakControl.java:817)
	at com.carrotsearch.randomizedtesting.ThreadLeakControl$3.evaluate(ThreadLeakControl.java:468)
	at com.carrotsearch.randomizedtesting.RandomizedRunner.runSingleTest(RandomizedRunner.java:947)
	at com.carrotsearch.randomizedtesting.RandomizedRunner$5.evaluate(RandomizedRunner.java:832)
	at com.carrotsearch.randomizedtesting.RandomizedRunner$6.evaluate(RandomizedRunner.java:883)
	at com.carrotsearch.randomizedtesting.RandomizedRunner$7.evaluate(RandomizedRunner.java:894)
	at org.apache.lucene.util.AbstractBeforeAfterRule$1.evaluate(AbstractBeforeAfterRule.java:45)
	at com.carrotsearch.randomizedtesting.rules.StatementAdapter.evaluate(StatementAdapter.java:36)
	at org.apache.lucene.util.TestRuleStoreClassName$1.evaluate(TestRuleStoreClassName.java:41)
	at com.carrotsearch.randomizedtesting.rules.NoShadowingOrOverridesOnMethodsRule$1.evaluate(NoShadowingOrOverridesOnMethodsRule.java:40)
	at com.carrotsearch.randomizedtesting.rules.NoShadowingOrOverridesOnMethodsRule$1.evaluate(NoShadowingOrOverridesOnMethodsRule.java:40)
	at com.carrotsearch.randomizedtesting.rules.StatementAdapter.evaluate(StatementAdapter.java:36)
	at com.carrotsearch.randomizedtesting.rules.StatementAdapter.evaluate(StatementAdapter.java:36)
	at org.apache.lucene.util.TestRuleAssertionsRequired$1.evaluate(TestRuleAssertionsRequired.java:53)
	at org.apache.lucene.util.TestRuleMarkFailure$1.evaluate(TestRuleMarkFailure.java:47)
	at org.apache.lucene.util.TestRuleIgnoreAfterMaxFailures$1.evaluate(TestRuleIgnoreAfterMaxFailures.java:64)
	at org.apache.lucene.util.TestRuleIgnoreTestSuites$1.evaluate(TestRuleIgnoreTestSuites.java:54)
	at com.carrotsearch.randomizedtesting.rules.StatementAdapter.evaluate(StatementAdapter.java:36)
	at com.carrotsearch.randomizedtesting.ThreadLeakControl$StatementRunner.run(ThreadLeakControl.java:368)
	at java.base/java.lang.Thread.run(Thread.java:835)

WARNING: 1 broken segments (containing 82 documents) detected
Took 0.016 sec total.
Writing...
OK
Wrote new segments file "segments_9"
Marking index with the new history uuid : fhhLKj8KQmKptfaVv2JdkA
Changing allocation id 1V7nnrGqQY6WF-LWs6WBjw to gt7Oic7lRcaMbbv88ohmvA

You should run the following command to allocate this shard:

POST /_cluster/reroute
{
  "commands" : [
    {
      "allocate_stale_primary" : {
        "index" : "index0",
        "shard" : 0,
        "node" : "8rt11v__T_-rhK83AAAAAA",
        "accept_data_loss" : false
      }
    }
  ]
}

You must accept the possibility of data loss by changing the `accept_data_loss` parameter to `true`.

Deleted corrupt marker corrupted_mN37TDOKS0KbH5elKBHhAQ from E:\NotD\git\elasticsearch\server\build\testrun\test\temp\org.elasticsearch.index.shard.RemoveCorruptedShardDataCommandTests_9EA1F2A3814E5F76-001\tempDir-017\nodes\0\indices\_na_\0\index

[2020-02-16T15:24:33,487][WARN ][o.e.i.IndexSettings      ] [testCorruptedIndex] [index0] [index.merge.enabled] is set to false, this should only be used in tests and can cause serious problems in production environments
[2020-02-16T15:24:33,491][WARN ][o.e.i.IndexSettings      ] [testCorruptedIndex] [index] [index.merge.enabled] is set to false, this should only be used in tests and can cause serious problems in production environments
[2020-02-16T15:24:33,638][INFO ][o.e.i.s.RemoveCorruptedShardDataCommandTests] [testCorruptedIndex] after test
[2020-02-16T15:24:33,641][INFO ][o.e.i.s.RemoveCorruptedShardDataCommandTests] [testFailsOnCleanIndex] before test
[2020-02-16T15:24:33,645][WARN ][o.e.i.IndexSettings      ] [testFailsOnCleanIndex] [index0] [index.merge.enabled] is set to false, this should only be used in tests and can cause serious problems in production environments
[2020-02-16T15:24:33,649][WARN ][o.e.i.IndexSettings      ] [testFailsOnCleanIndex] [index] [index.merge.enabled] is set to false, this should only be used in tests and can cause serious problems in production environments
[2020-02-16T15:24:34,186][INFO ][o.e.i.s.RemoveCorruptedShardDataCommandTests] [testFailsOnCleanIndex] --> indexed 515 docs, 515 to keep
[2020-02-16T15:24:34,193][INFO ][o.e.e.NodeEnvironment    ] [testFailsOnCleanIndex] using [1] data paths, mounts [[Old HDD (E:)]], net usable_space [89.5gb], net total_space [232.8gb], types [NTFS]
[2020-02-16T15:24:34,193][INFO ][o.e.e.NodeEnvironment    ] [testFailsOnCleanIndex] heap size [512mb], compressed ordinary object pointers [true]
[2020-02-16T15:24:34,204][INFO ][o.e.i.s.RemoveCorruptedShardDataCommandTests] [testFailsOnCleanIndex] --> index metadata persisted to [E:\NotD\git\elasticsearch\server\build\testrun\test\temp\org.elasticsearch.index.shard.RemoveCorruptedShardDataCommandTests_9EA1F2A3814E5F76-001\tempDir-021\nodes\0\indices\_na_] 
[2020-02-16T15:24:34,239][WARN ][o.e.i.IndexSettings      ] [testFailsOnCleanIndex] [index0] [index.merge.enabled] is set to false, this should only be used in tests and can cause serious problems in production environments
[2020-02-16T15:24:34,267][WARN ][o.e.i.IndexSettings      ] [testFailsOnCleanIndex] [index0] [index.merge.enabled] is set to false, this should only be used in tests and can cause serious problems in production environments
[2020-02-16T15:24:34,272][INFO ][o.e.i.s.RemoveCorruptedShardDataCommandTests] [testFailsOnCleanIndex] after test
[2020-02-16T15:24:34,276][INFO ][o.e.i.s.RemoveCorruptedShardDataCommandTests] [testResolveIndexDirectory] before test
[2020-02-16T15:24:34,280][WARN ][o.e.i.IndexSettings      ] [testResolveIndexDirectory] [index0] [index.merge.enabled] is set to false, this should only be used in tests and can cause serious problems in production environments
[2020-02-16T15:24:34,284][WARN ][o.e.i.IndexSettings      ] [testResolveIndexDirectory] [index] [index.merge.enabled] is set to false, this should only be used in tests and can cause serious problems in production environments
[2020-02-16T15:24:34,393][INFO ][o.e.e.NodeEnvironment    ] [testResolveIndexDirectory] using [1] data paths, mounts [[Old HDD (E:)]], net usable_space [89.5gb], net total_space [232.8gb], types [NTFS]
[2020-02-16T15:24:34,393][INFO ][o.e.e.NodeEnvironment    ] [testResolveIndexDirectory] heap size [512mb], compressed ordinary object pointers [true]
[2020-02-16T15:24:34,407][INFO ][o.e.i.s.RemoveCorruptedShardDataCommandTests] [testResolveIndexDirectory] --> index metadata persisted to [E:\NotD\git\elasticsearch\server\build\testrun\test\temp\org.elasticsearch.index.shard.RemoveCorruptedShardDataCommandTests_9EA1F2A3814E5F76-001\tempDir-023\nodes\0\indices\_na_] 
[2020-02-16T15:24:34,422][WARN ][o.e.i.IndexSettings      ] [testResolveIndexDirectory] [index0] [index.merge.enabled] is set to false, this should only be used in tests and can cause serious problems in production environments
[2020-02-16T15:24:34,433][WARN ][o.e.i.IndexSettings      ] [testResolveIndexDirectory] [index0] [index.merge.enabled] is set to false, this should only be used in tests and can cause serious problems in production environments
[2020-02-16T15:24:34,434][INFO ][o.e.i.s.RemoveCorruptedShardDataCommandTests] [testResolveIndexDirectory] after test
]]></system-out>
  <system-err><![CDATA[]]></system-err>
</testsuite>
