<?xml version="1.0" encoding="UTF-8"?>
<testsuite name="org.elasticsearch.action.admin.cluster.health.ClusterHealthResponsesTests" tests="5" skipped="0" failures="0" errors="0" timestamp="2020-02-16T22:20:01" hostname="Escoto-PC" time="0.128">
  <properties/>
  <testcase name="testEqualsAndHashcode" classname="org.elasticsearch.action.admin.cluster.health.ClusterHealthResponsesTests" time="0.013"/>
  <testcase name="testClusterHealth" classname="org.elasticsearch.action.admin.cluster.health.ClusterHealthResponsesTests" time="0.004"/>
  <testcase name="testIsTimeout" classname="org.elasticsearch.action.admin.cluster.health.ClusterHealthResponsesTests" time="0.002"/>
  <testcase name="testFromXContent" classname="org.elasticsearch.action.admin.cluster.health.ClusterHealthResponsesTests" time="0.105"/>
  <testcase name="testSerialization" classname="org.elasticsearch.action.admin.cluster.health.ClusterHealthResponsesTests" time="0.003"/>
  <system-out><![CDATA[[2020-02-17T04:20:01,740][INFO ][o.e.a.a.c.h.ClusterHealthResponsesTests] [testEqualsAndHashcode] before test
[2020-02-17T04:20:01,751][INFO ][o.e.a.a.c.h.ClusterHealthResponsesTests] [testEqualsAndHashcode] after test
[2020-02-17T04:20:01,753][INFO ][o.e.a.a.c.h.ClusterHealthResponsesTests] [testClusterHealth] before test
[2020-02-17T04:20:01,754][INFO ][o.e.a.a.c.h.ClusterHealthResponsesTests] [testClusterHealth] after test
[2020-02-17T04:20:01,756][INFO ][o.e.a.a.c.h.ClusterHealthResponsesTests] [testIsTimeout] before test
[2020-02-17T04:20:01,757][INFO ][o.e.a.a.c.h.ClusterHealthResponsesTests] [testIsTimeout] after test
[2020-02-17T04:20:01,758][INFO ][o.e.a.a.c.h.ClusterHealthResponsesTests] [testFromXContent] before test
[2020-02-17T04:20:01,862][INFO ][o.e.a.a.c.h.ClusterHealthResponsesTests] [testFromXContent] after test
[2020-02-17T04:20:01,864][INFO ][o.e.a.a.c.h.ClusterHealthResponsesTests] [testSerialization] before test
[2020-02-17T04:20:01,866][INFO ][o.e.a.a.c.h.ClusterHealthResponsesTests] [testSerialization] after test
]]></system-out>
  <system-err><![CDATA[]]></system-err>
</testsuite>
