<?xml version="1.0" encoding="UTF-8"?>
<testsuite name="org.elasticsearch.cluster.health.ClusterIndexHealthTests" tests="4" skipped="0" failures="0" errors="0" timestamp="2020-02-16T22:21:32" hostname="Escoto-PC" time="0.033">
  <properties/>
  <testcase name="testClusterIndexHealth" classname="org.elasticsearch.cluster.health.ClusterIndexHealthTests" time="0.004"/>
  <testcase name="testFromXContent" classname="org.elasticsearch.cluster.health.ClusterIndexHealthTests" time="0.015"/>
  <testcase name="testEqualsAndHashcode" classname="org.elasticsearch.cluster.health.ClusterIndexHealthTests" time="0.008"/>
  <testcase name="testSerialization" classname="org.elasticsearch.cluster.health.ClusterIndexHealthTests" time="0.005"/>
  <system-out><![CDATA[[2020-02-17T07:21:32,838][INFO ][o.e.c.h.ClusterIndexHealthTests] [testClusterIndexHealth] before test
[2020-02-17T07:21:32,839][INFO ][o.e.c.h.ClusterIndexHealthTests] [testClusterIndexHealth] after test
[2020-02-17T07:21:32,842][INFO ][o.e.c.h.ClusterIndexHealthTests] [testFromXContent] before test
[2020-02-17T07:21:32,854][INFO ][o.e.c.h.ClusterIndexHealthTests] [testFromXContent] after test
[2020-02-17T07:21:32,857][INFO ][o.e.c.h.ClusterIndexHealthTests] [testEqualsAndHashcode] before test
[2020-02-17T07:21:32,863][INFO ][o.e.c.h.ClusterIndexHealthTests] [testEqualsAndHashcode] after test
[2020-02-17T07:21:32,868][INFO ][o.e.c.h.ClusterIndexHealthTests] [testSerialization] before test
[2020-02-17T07:21:32,868][INFO ][o.e.c.h.ClusterIndexHealthTests] [testSerialization] after test
]]></system-out>
  <system-err><![CDATA[]]></system-err>
</testsuite>
