<?xml version="1.0" encoding="UTF-8"?>
<testsuite name="org.elasticsearch.action.NotifyOnceListenerTests" tests="2" skipped="0" failures="0" errors="0" timestamp="2020-02-16T22:20:18" hostname="Escoto-PC" time="0.007">
  <properties/>
  <testcase name="testWhenErrorCannotNotifyMultipleTimes" classname="org.elasticsearch.action.NotifyOnceListenerTests" time="0.005"/>
  <testcase name="testWhenSuccessCannotNotifyMultipleTimes" classname="org.elasticsearch.action.NotifyOnceListenerTests" time="0.002"/>
  <system-out><![CDATA[[2020-02-16T16:20:18,672][INFO ][o.e.a.NotifyOnceListenerTests] [testWhenErrorCannotNotifyMultipleTimes] before test
[2020-02-16T16:20:18,674][INFO ][o.e.a.NotifyOnceListenerTests] [testWhenErrorCannotNotifyMultipleTimes] after test
[2020-02-16T16:20:18,676][INFO ][o.e.a.NotifyOnceListenerTests] [testWhenSuccessCannotNotifyMultipleTimes] before test
[2020-02-16T16:20:18,676][INFO ][o.e.a.NotifyOnceListenerTests] [testWhenSuccessCannotNotifyMultipleTimes] after test
]]></system-out>
  <system-err><![CDATA[]]></system-err>
</testsuite>
