<?xml version="1.0" encoding="UTF-8"?>
<testsuite name="org.elasticsearch.common.util.CancellableThreadsTests" tests="1" skipped="0" failures="0" errors="0" timestamp="2020-02-16T22:21:58" hostname="Escoto-PC" time="0.006">
  <properties/>
  <testcase name="testCancellableThreads" classname="org.elasticsearch.common.util.CancellableThreadsTests" time="0.006"/>
  <system-out><![CDATA[[2020-02-16T18:21:58,409][INFO ][o.e.c.u.CancellableThreadsTests] [testCancellableThreads] before test
[2020-02-16T18:21:58,413][INFO ][o.e.c.u.CancellableThreadsTests] [testCancellableThreads] after test
]]></system-out>
  <system-err><![CDATA[]]></system-err>
</testsuite>
