<?xml version="1.0" encoding="UTF-8"?>
<testsuite name="org.elasticsearch.search.aggregations.bucket.IpRangeTests" tests="8" skipped="0" failures="0" errors="0" timestamp="2020-02-16T22:24:18" hostname="Escoto-PC" time="0.034">
  <properties/>
  <testcase name="testMask" classname="org.elasticsearch.search.aggregations.bucket.IpRangeTests" time="0.015"/>
  <testcase name="testEqualsAndHashcode" classname="org.elasticsearch.search.aggregations.bucket.IpRangeTests" time="0.002"/>
  <testcase name="testToString" classname="org.elasticsearch.search.aggregations.bucket.IpRangeTests" time="0.002"/>
  <testcase name="testSerialization" classname="org.elasticsearch.search.aggregations.bucket.IpRangeTests" time="0.002"/>
  <testcase name="testFromXContent" classname="org.elasticsearch.search.aggregations.bucket.IpRangeTests" time="0.003"/>
  <testcase name="testFromXContentMulti" classname="org.elasticsearch.search.aggregations.bucket.IpRangeTests" time="0.003"/>
  <testcase name="testSerializationMulti" classname="org.elasticsearch.search.aggregations.bucket.IpRangeTests" time="0.005"/>
  <testcase name="testShallowCopy" classname="org.elasticsearch.search.aggregations.bucket.IpRangeTests" time="0.002"/>
  <system-out><![CDATA[[2020-02-17T00:24:18,245][INFO ][o.e.s.a.b.IpRangeTests   ] [testMask] before test
[2020-02-17T00:24:18,248][INFO ][o.e.p.PluginsService     ] [testMask] no modules loaded
[2020-02-17T00:24:18,248][INFO ][o.e.p.PluginsService     ] [testMask] no plugins loaded
[2020-02-17T00:24:18,254][INFO ][o.e.p.PluginsService     ] [testMask] no modules loaded
[2020-02-17T00:24:18,254][INFO ][o.e.p.PluginsService     ] [testMask] no plugins loaded
[2020-02-17T00:24:18,258][INFO ][o.e.s.a.b.IpRangeTests   ] [testMask] after test
[2020-02-17T00:24:18,260][INFO ][o.e.s.a.b.IpRangeTests   ] [testEqualsAndHashcode] before test
[2020-02-17T00:24:18,261][INFO ][o.e.s.a.b.IpRangeTests   ] [testEqualsAndHashcode] after test
[2020-02-17T00:24:18,262][INFO ][o.e.s.a.b.IpRangeTests   ] [testToString] before test
[2020-02-17T00:24:18,263][INFO ][o.e.s.a.b.IpRangeTests   ] [testToString] after test
[2020-02-17T00:24:18,264][INFO ][o.e.s.a.b.IpRangeTests   ] [testSerialization] before test
[2020-02-17T00:24:18,264][INFO ][o.e.s.a.b.IpRangeTests   ] [testSerialization] after test
[2020-02-17T00:24:18,266][INFO ][o.e.s.a.b.IpRangeTests   ] [testFromXContent] before test
[2020-02-17T00:24:18,267][INFO ][o.e.s.a.b.IpRangeTests   ] [testFromXContent] after test
[2020-02-17T00:24:18,269][INFO ][o.e.s.a.b.IpRangeTests   ] [testFromXContentMulti] before test
[2020-02-17T00:24:18,270][INFO ][o.e.s.a.b.IpRangeTests   ] [testFromXContentMulti] after test
[2020-02-17T00:24:18,273][INFO ][o.e.s.a.b.IpRangeTests   ] [testSerializationMulti] before test
[2020-02-17T00:24:18,276][INFO ][o.e.s.a.b.IpRangeTests   ] [testSerializationMulti] after test
[2020-02-17T00:24:18,277][INFO ][o.e.s.a.b.IpRangeTests   ] [testShallowCopy] before test
[2020-02-17T00:24:18,278][INFO ][o.e.s.a.b.IpRangeTests   ] [testShallowCopy] after test
]]></system-out>
  <system-err><![CDATA[]]></system-err>
</testsuite>
