<?xml version="1.0" encoding="UTF-8"?>
<testsuite name="org.elasticsearch.search.aggregations.metrics.InternalExtendedStatsTests" tests="6" skipped="0" failures="0" errors="0" timestamp="2020-02-16T22:25:31" hostname="Escoto-PC" time="0.017">
  <properties/>
  <testcase name="testFromXContentWithRandomFields" classname="org.elasticsearch.search.aggregations.metrics.InternalExtendedStatsTests" time="0.005"/>
  <testcase name="testSummationAccuracy" classname="org.elasticsearch.search.aggregations.metrics.InternalExtendedStatsTests" time="0.002"/>
  <testcase name="testFromXContent" classname="org.elasticsearch.search.aggregations.metrics.InternalExtendedStatsTests" time="0.003"/>
  <testcase name="testEqualsAndHashcode" classname="org.elasticsearch.search.aggregations.metrics.InternalExtendedStatsTests" time="0.003"/>
  <testcase name="testSerialization" classname="org.elasticsearch.search.aggregations.metrics.InternalExtendedStatsTests" time="0.002"/>
  <testcase name="testReduceRandom" classname="org.elasticsearch.search.aggregations.metrics.InternalExtendedStatsTests" time="0.002"/>
  <system-out><![CDATA[[2020-02-16T22:25:31,876][INFO ][o.e.s.a.m.InternalExtendedStatsTests] [testFromXContentWithRandomFields] before test
[2020-02-16T22:25:31,879][INFO ][o.e.s.a.m.InternalExtendedStatsTests] [testFromXContentWithRandomFields] after test
[2020-02-16T22:25:31,881][INFO ][o.e.s.a.m.InternalExtendedStatsTests] [testSummationAccuracy] before test
[2020-02-16T22:25:31,881][INFO ][o.e.s.a.m.InternalExtendedStatsTests] [testSummationAccuracy] after test
[2020-02-16T22:25:31,883][INFO ][o.e.s.a.m.InternalExtendedStatsTests] [testFromXContent] before test
[2020-02-16T22:25:31,884][INFO ][o.e.s.a.m.InternalExtendedStatsTests] [testFromXContent] after test
[2020-02-16T22:25:31,886][INFO ][o.e.s.a.m.InternalExtendedStatsTests] [testEqualsAndHashcode] before test
[2020-02-16T22:25:31,887][INFO ][o.e.s.a.m.InternalExtendedStatsTests] [testEqualsAndHashcode] after test
[2020-02-16T22:25:31,889][INFO ][o.e.s.a.m.InternalExtendedStatsTests] [testSerialization] before test
[2020-02-16T22:25:31,889][INFO ][o.e.s.a.m.InternalExtendedStatsTests] [testSerialization] after test
[2020-02-16T22:25:31,891][INFO ][o.e.s.a.m.InternalExtendedStatsTests] [testReduceRandom] before test
[2020-02-16T22:25:31,891][INFO ][o.e.s.a.m.InternalExtendedStatsTests] [testReduceRandom] after test
]]></system-out>
  <system-err><![CDATA[]]></system-err>
</testsuite>
