<?xml version="1.0" encoding="UTF-8"?>
<testsuite name="org.apache.lucene.queries.InetAddressRandomBinaryDocValuesRangeQueryTests" tests="6" skipped="1" failures="0" errors="0" timestamp="2020-02-16T22:19:52" hostname="Escoto-PC" time="2.769">
  <properties/>
  <testcase name="testRandomBig" classname="org.apache.lucene.queries.InetAddressRandomBinaryDocValuesRangeQueryTests" time="0.0">
    <skipped/>
  </testcase>
  <testcase name="testRandomMedium" classname="org.apache.lucene.queries.InetAddressRandomBinaryDocValuesRangeQueryTests" time="0.643"/>
  <testcase name="testLowCardinality" classname="org.apache.lucene.queries.InetAddressRandomBinaryDocValuesRangeQueryTests" time="1.395"/>
  <testcase name="testMultiValued" classname="org.apache.lucene.queries.InetAddressRandomBinaryDocValuesRangeQueryTests" time="0.004"/>
  <testcase name="testAllEqual" classname="org.apache.lucene.queries.InetAddressRandomBinaryDocValuesRangeQueryTests" time="0.19"/>
  <testcase name="testRandomTiny" classname="org.apache.lucene.queries.InetAddressRandomBinaryDocValuesRangeQueryTests" time="0.536"/>
  <system-out><![CDATA[]]></system-out>
  <system-err><![CDATA[]]></system-err>
</testsuite>
