<?xml version="1.0" encoding="UTF-8"?>
<testsuite name="org.elasticsearch.search.profile.aggregation.AggregationProfileShardResultTests" tests="2" skipped="0" failures="0" errors="0" timestamp="2020-02-16T22:25:35" hostname="Escoto-PC" time="0.005">
  <properties/>
  <testcase name="testFromXContent" classname="org.elasticsearch.search.profile.aggregation.AggregationProfileShardResultTests" time="0.003"/>
  <testcase name="testToXContent" classname="org.elasticsearch.search.profile.aggregation.AggregationProfileShardResultTests" time="0.002"/>
  <system-out><![CDATA[[2020-02-16T17:25:35,823][INFO ][o.e.s.p.a.AggregationProfileShardResultTests] [testFromXContent] before test
[2020-02-16T17:25:35,824][INFO ][o.e.s.p.a.AggregationProfileShardResultTests] [testFromXContent] after test
[2020-02-16T17:25:35,826][INFO ][o.e.s.p.a.AggregationProfileShardResultTests] [testToXContent] before test
[2020-02-16T17:25:35,826][INFO ][o.e.s.p.a.AggregationProfileShardResultTests] [testToXContent] after test
]]></system-out>
  <system-err><![CDATA[]]></system-err>
</testsuite>
