<?xml version="1.0" encoding="UTF-8"?>
<testsuite name="org.elasticsearch.action.OriginalIndicesTests" tests="1" skipped="0" failures="0" errors="0" timestamp="2020-02-16T22:20:37" hostname="Escoto-PC" time="0.007">
  <properties/>
  <testcase name="testOriginalIndicesSerialization" classname="org.elasticsearch.action.OriginalIndicesTests" time="0.007"/>
  <system-out><![CDATA[[2020-02-16T22:20:37,843][INFO ][o.e.a.OriginalIndicesTests] [testOriginalIndicesSerialization] before test
[2020-02-16T22:20:37,845][INFO ][o.e.a.OriginalIndicesTests] [testOriginalIndicesSerialization] after test
]]></system-out>
  <system-err><![CDATA[]]></system-err>
</testsuite>
