<?xml version="1.0" encoding="UTF-8"?>
<testsuite name="org.elasticsearch.ExceptionsHelperTests" tests="8" skipped="0" failures="0" errors="0" timestamp="2020-02-16T22:21:11" hostname="Escoto-PC" time="0.042">
  <properties/>
  <testcase name="testUnwrapCorruption" classname="org.elasticsearch.ExceptionsHelperTests" time="0.003"/>
  <testcase name="testCauseCycle" classname="org.elasticsearch.ExceptionsHelperTests" time="0.003"/>
  <testcase name="testSuppressedCycle" classname="org.elasticsearch.ExceptionsHelperTests" time="0.002"/>
  <testcase name="testGroupByNullTarget" classname="org.elasticsearch.ExceptionsHelperTests" time="0.001"/>
  <testcase name="testGroupBy" classname="org.elasticsearch.ExceptionsHelperTests" time="0.019"/>
  <testcase name="testGroupByNullIndex" classname="org.elasticsearch.ExceptionsHelperTests" time="0.008"/>
  <testcase name="testMaybeError" classname="org.elasticsearch.ExceptionsHelperTests" time="0.003"/>
  <testcase name="testStatus" classname="org.elasticsearch.ExceptionsHelperTests" time="0.002"/>
  <system-out><![CDATA[[2020-02-16T17:21:11,205][INFO ][o.e.ExceptionsHelperTests] [testUnwrapCorruption] before test
[2020-02-16T17:21:11,207][INFO ][o.e.ExceptionsHelperTests] [testUnwrapCorruption] after test
[2020-02-16T17:21:11,209][INFO ][o.e.ExceptionsHelperTests] [testCauseCycle] before test
[2020-02-16T17:21:11,209][INFO ][o.e.ExceptionsHelperTests] [testCauseCycle] after test
[2020-02-16T17:21:11,211][INFO ][o.e.ExceptionsHelperTests] [testSuppressedCycle] before test
[2020-02-16T17:21:11,211][INFO ][o.e.ExceptionsHelperTests] [testSuppressedCycle] after test
[2020-02-16T17:21:11,212][INFO ][o.e.ExceptionsHelperTests] [testGroupByNullTarget] before test
[2020-02-16T17:21:11,213][INFO ][o.e.ExceptionsHelperTests] [testGroupByNullTarget] after test
[2020-02-16T17:21:11,232][INFO ][o.e.ExceptionsHelperTests] [testGroupBy] before test
[2020-02-16T17:21:11,232][INFO ][o.e.ExceptionsHelperTests] [testGroupBy] after test
[2020-02-16T17:21:11,240][INFO ][o.e.ExceptionsHelperTests] [testGroupByNullIndex] before test
[2020-02-16T17:21:11,241][INFO ][o.e.ExceptionsHelperTests] [testGroupByNullIndex] after test
[2020-02-16T17:21:11,242][INFO ][o.e.ExceptionsHelperTests] [testMaybeError] before test
[2020-02-16T17:21:11,244][INFO ][o.e.ExceptionsHelperTests] [testMaybeError] after test
[2020-02-16T17:21:11,245][INFO ][o.e.ExceptionsHelperTests] [testStatus] before test
[2020-02-16T17:21:11,246][INFO ][o.e.ExceptionsHelperTests] [testStatus] after test
]]></system-out>
  <system-err><![CDATA[]]></system-err>
</testsuite>
