<?xml version="1.0" encoding="UTF-8"?>
<testsuite name="org.elasticsearch.search.aggregations.pipeline.InternalBucketMetricValueTests" tests="5" skipped="0" failures="0" errors="0" timestamp="2020-02-16T22:25:34" hostname="Escoto-PC" time="0.016">
  <properties/>
  <testcase name="testSerialization" classname="org.elasticsearch.search.aggregations.pipeline.InternalBucketMetricValueTests" time="0.003"/>
  <testcase name="testFromXContentWithRandomFields" classname="org.elasticsearch.search.aggregations.pipeline.InternalBucketMetricValueTests" time="0.005"/>
  <testcase name="testReduceRandom" classname="org.elasticsearch.search.aggregations.pipeline.InternalBucketMetricValueTests" time="0.002"/>
  <testcase name="testEqualsAndHashcode" classname="org.elasticsearch.search.aggregations.pipeline.InternalBucketMetricValueTests" time="0.003"/>
  <testcase name="testFromXContent" classname="org.elasticsearch.search.aggregations.pipeline.InternalBucketMetricValueTests" time="0.002"/>
  <system-out><![CDATA[[2020-02-17T04:25:34,601][INFO ][o.e.s.a.p.InternalBucketMetricValueTests] [testSerialization] before test
[2020-02-17T04:25:34,602][INFO ][o.e.s.a.p.InternalBucketMetricValueTests] [testSerialization] after test
[2020-02-17T04:25:34,605][INFO ][o.e.s.a.p.InternalBucketMetricValueTests] [testFromXContentWithRandomFields] before test
[2020-02-17T04:25:34,606][INFO ][o.e.s.a.p.InternalBucketMetricValueTests] [testFromXContentWithRandomFields] after test
[2020-02-17T04:25:34,608][INFO ][o.e.s.a.p.InternalBucketMetricValueTests] [testReduceRandom] before test
[2020-02-17T04:25:34,609][INFO ][o.e.s.a.p.InternalBucketMetricValueTests] [testReduceRandom] after test
[2020-02-17T04:25:34,611][INFO ][o.e.s.a.p.InternalBucketMetricValueTests] [testEqualsAndHashcode] before test
[2020-02-17T04:25:34,612][INFO ][o.e.s.a.p.InternalBucketMetricValueTests] [testEqualsAndHashcode] after test
[2020-02-17T04:25:34,614][INFO ][o.e.s.a.p.InternalBucketMetricValueTests] [testFromXContent] before test
[2020-02-17T04:25:34,614][INFO ][o.e.s.a.p.InternalBucketMetricValueTests] [testFromXContent] after test
]]></system-out>
  <system-err><![CDATA[]]></system-err>
</testsuite>
