<?xml version="1.0" encoding="UTF-8"?>
<testsuite name="org.elasticsearch.watcher.FileWatcherTests" tests="7" skipped="0" failures="0" errors="0" timestamp="2020-02-16T22:26:21" hostname="Escoto-PC" time="0.082">
  <properties/>
  <testcase name="testNestedDirectoryOperations" classname="org.elasticsearch.watcher.FileWatcherTests" time="0.024"/>
  <testcase name="testNoDirectoryOnInit" classname="org.elasticsearch.watcher.FileWatcherTests" time="0.005"/>
  <testcase name="testEmptyDirectory" classname="org.elasticsearch.watcher.FileWatcherTests" time="0.009"/>
  <testcase name="testNoFileOnInit" classname="org.elasticsearch.watcher.FileWatcherTests" time="0.004"/>
  <testcase name="testSimpleDirectoryOperations" classname="org.elasticsearch.watcher.FileWatcherTests" time="0.022"/>
  <testcase name="testSimpleFileOperations" classname="org.elasticsearch.watcher.FileWatcherTests" time="0.007"/>
  <testcase name="testFileReplacingDirectory" classname="org.elasticsearch.watcher.FileWatcherTests" time="0.009"/>
  <system-out><![CDATA[[2020-02-17T00:26:21,667][INFO ][o.e.w.FileWatcherTests   ] [testNestedDirectoryOperations] before test
[2020-02-17T00:26:21,690][INFO ][o.e.w.FileWatcherTests   ] [testNestedDirectoryOperations] after test
[2020-02-17T00:26:21,692][INFO ][o.e.w.FileWatcherTests   ] [testNoDirectoryOnInit] before test
[2020-02-17T00:26:21,695][INFO ][o.e.w.FileWatcherTests   ] [testNoDirectoryOnInit] after test
[2020-02-17T00:26:21,698][INFO ][o.e.w.FileWatcherTests   ] [testEmptyDirectory] before test
[2020-02-17T00:26:21,704][INFO ][o.e.w.FileWatcherTests   ] [testEmptyDirectory] after test
[2020-02-17T00:26:21,707][INFO ][o.e.w.FileWatcherTests   ] [testNoFileOnInit] before test
[2020-02-17T00:26:21,708][INFO ][o.e.w.FileWatcherTests   ] [testNoFileOnInit] after test
[2020-02-17T00:26:21,711][INFO ][o.e.w.FileWatcherTests   ] [testSimpleDirectoryOperations] before test
[2020-02-17T00:26:21,730][INFO ][o.e.w.FileWatcherTests   ] [testSimpleDirectoryOperations] after test
[2020-02-17T00:26:21,732][INFO ][o.e.w.FileWatcherTests   ] [testSimpleFileOperations] before test
[2020-02-17T00:26:21,737][INFO ][o.e.w.FileWatcherTests   ] [testSimpleFileOperations] after test
[2020-02-17T00:26:21,739][INFO ][o.e.w.FileWatcherTests   ] [testFileReplacingDirectory] before test
[2020-02-17T00:26:21,747][INFO ][o.e.w.FileWatcherTests   ] [testFileReplacingDirectory] after test
]]></system-out>
  <system-err><![CDATA[]]></system-err>
</testsuite>
