<?xml version="1.0" encoding="UTF-8"?>
<testsuite name="org.elasticsearch.common.lucene.search.morelikethis.MoreLikeThisQueryTests" tests="1" skipped="0" failures="0" errors="0" timestamp="2020-02-16T22:20:47" hostname="Escoto-PC" time="0.01">
  <properties/>
  <testcase name="testSimple" classname="org.elasticsearch.common.lucene.search.morelikethis.MoreLikeThisQueryTests" time="0.01"/>
  <system-out><![CDATA[[2020-02-16T23:20:47,458][INFO ][o.e.c.l.s.m.MoreLikeThisQueryTests] [testSimple] before test
[2020-02-16T23:20:47,467][INFO ][o.e.c.l.s.m.MoreLikeThisQueryTests] [testSimple] after test
]]></system-out>
  <system-err><![CDATA[]]></system-err>
</testsuite>
