<?xml version="1.0" encoding="UTF-8"?>
<testsuite name="org.elasticsearch.search.aggregations.bucket.range.InternalBinaryRangeTests" tests="7" skipped="0" failures="0" errors="0" timestamp="2020-02-16T22:25:23" hostname="Escoto-PC" time="0.036">
  <properties/>
  <testcase name="testFromXContent" classname="org.elasticsearch.search.aggregations.bucket.range.InternalBinaryRangeTests" time="0.003"/>
  <testcase name="testFromXContentWithRandomFields" classname="org.elasticsearch.search.aggregations.bucket.range.InternalBinaryRangeTests" time="0.003"/>
  <testcase name="testEqualsAndHashcode" classname="org.elasticsearch.search.aggregations.bucket.range.InternalBinaryRangeTests" time="0.008"/>
  <testcase name="testKeyGeneration" classname="org.elasticsearch.search.aggregations.bucket.range.InternalBinaryRangeTests" time="0.003"/>
  <testcase name="testReduceRandom" classname="org.elasticsearch.search.aggregations.bucket.range.InternalBinaryRangeTests" time="0.004"/>
  <testcase name="testIterators" classname="org.elasticsearch.search.aggregations.bucket.range.InternalBinaryRangeTests" time="0.004"/>
  <testcase name="testSerialization" classname="org.elasticsearch.search.aggregations.bucket.range.InternalBinaryRangeTests" time="0.011"/>
  <system-out><![CDATA[[2020-02-16T23:25:23,873][INFO ][o.e.s.a.b.r.InternalBinaryRangeTests] [testFromXContent] before test
[2020-02-16T23:25:23,874][INFO ][o.e.s.a.b.r.InternalBinaryRangeTests] [testFromXContent] after test
[2020-02-16T23:25:23,876][INFO ][o.e.s.a.b.r.InternalBinaryRangeTests] [testFromXContentWithRandomFields] before test
[2020-02-16T23:25:23,877][INFO ][o.e.s.a.b.r.InternalBinaryRangeTests] [testFromXContentWithRandomFields] after test
[2020-02-16T23:25:23,879][INFO ][o.e.s.a.b.r.InternalBinaryRangeTests] [testEqualsAndHashcode] before test
[2020-02-16T23:25:23,885][INFO ][o.e.s.a.b.r.InternalBinaryRangeTests] [testEqualsAndHashcode] after test
[2020-02-16T23:25:23,887][INFO ][o.e.s.a.b.r.InternalBinaryRangeTests] [testKeyGeneration] before test
[2020-02-16T23:25:23,887][INFO ][o.e.s.a.b.r.InternalBinaryRangeTests] [testKeyGeneration] after test
[2020-02-16T23:25:23,890][INFO ][o.e.s.a.b.r.InternalBinaryRangeTests] [testReduceRandom] before test
[2020-02-16T23:25:23,892][INFO ][o.e.s.a.b.r.InternalBinaryRangeTests] [testReduceRandom] after test
[2020-02-16T23:25:23,895][INFO ][o.e.s.a.b.r.InternalBinaryRangeTests] [testIterators] before test
[2020-02-16T23:25:23,896][INFO ][o.e.s.a.b.r.InternalBinaryRangeTests] [testIterators] after test
[2020-02-16T23:25:23,900][INFO ][o.e.s.a.b.r.InternalBinaryRangeTests] [testSerialization] before test
[2020-02-16T23:25:23,906][INFO ][o.e.s.a.b.r.InternalBinaryRangeTests] [testSerialization] after test
]]></system-out>
  <system-err><![CDATA[]]></system-err>
</testsuite>
