<?xml version="1.0" encoding="UTF-8"?>
<testsuite name="org.elasticsearch.action.termvectors.GetTermVectorsTests" tests="1" skipped="0" failures="0" errors="0" timestamp="2020-02-16T22:20:48" hostname="Escoto-PC" time="1.017">
  <properties/>
  <testcase name="testRandomPayloadWithDelimitedPayloadTokenFilter" classname="org.elasticsearch.action.termvectors.GetTermVectorsTests" time="1.017"/>
  <system-out><![CDATA[[2020-02-17T06:20:48,521][INFO ][o.e.e.NodeEnvironment    ] [testRandomPayloadWithDelimitedPayloadTokenFilter] using [1] data paths, mounts [[Old HDD (E:)]], net usable_space [89.5gb], net total_space [232.8gb], types [NTFS]
[2020-02-17T06:20:48,525][INFO ][o.e.e.NodeEnvironment    ] [testRandomPayloadWithDelimitedPayloadTokenFilter] heap size [512mb], compressed ordinary object pointers [true]
[2020-02-17T06:20:48,528][INFO ][o.e.n.Node               ] [testRandomPayloadWithDelimitedPayloadTokenFilter] node name [node_s_0], node ID [EftD4mvcSR-2FzQwKtkiSw], cluster name [single-node-cluster-TEST_WORKER_VM=[12]-CLUSTER_SEED=[2148442050725082585]-HASH=[127D938E040]]
[2020-02-17T06:20:48,528][INFO ][o.e.n.Node               ] [testRandomPayloadWithDelimitedPayloadTokenFilter] version[7.5.1], pid[2148], build[unknown/unknown/unknown/unknown], OS[Windows 7/6.1/amd64], JVM[Oracle Corporation/OpenJDK 64-Bit Server VM/12.0.2/12.0.2+10]
[2020-02-17T06:20:48,528][INFO ][o.e.n.Node               ] [testRandomPayloadWithDelimitedPayloadTokenFilter] JVM home [C:\Program Files\Java\jdk-12.0.2]
[2020-02-17T06:20:48,528][INFO ][o.e.n.Node               ] [testRandomPayloadWithDelimitedPayloadTokenFilter] JVM arguments [-Dcompiler.java=12, -Des.scripting.update.ctx_in_params=false, -Des.transport.cname_in_publish_address=true, -Dgradle.dist.lib=C:\Users\Escoto\.gradle\wrapper\dists\gradle-5.6.2-bin\3clyn6icets6f02ptgd5hlmou\gradle-5.6.2\lib, -Dgradle.user.home=C:\Users\Escoto\.gradle, -Dgradle.worker.jar=C:\Users\Escoto\.gradle/caches/5.6.2/workerMain/gradle-worker.jar, -Dio.netty.noKeySetOptimization=true, -Dio.netty.noUnsafe=true, -Dio.netty.recycler.maxCapacityPerThread=0, -Djava.awt.headless=true, -Djna.nosys=true, -Dorg.gradle.native=false, -Druntime.java=12, -Dtests.artifact=server, -Dtests.gradle=true, -Dtests.logger.level=WARN, -Dtests.security.manager=true, -Dtests.seed=9EA1F2A3814E5F76, -Dtests.task=:server:test, -Dtests.timeoutSuite=1800000!, -esa, --illegal-access=warn, -XX:+HeapDumpOnOutOfMemoryError, -XX:HeapDumpPath=E:\NotD\git\elasticsearch\server\build\heapdump, -Xms512m, -Xmx512m, -Dfile.encoding=windows-1252, -Djava.io.tmpdir=./temp, -Duser.country=US, -Duser.language=en, -Duser.variant, -ea]
[2020-02-17T06:20:48,529][INFO ][o.e.p.PluginsService     ] [testRandomPayloadWithDelimitedPayloadTokenFilter] no modules loaded
[2020-02-17T06:20:48,529][INFO ][o.e.p.PluginsService     ] [testRandomPayloadWithDelimitedPayloadTokenFilter] loaded plugin [org.elasticsearch.action.termvectors.GetTermVectorsTests$MockPayloadAnalyzerPlugin]
[2020-02-17T06:20:48,529][INFO ][o.e.p.PluginsService     ] [testRandomPayloadWithDelimitedPayloadTokenFilter] loaded plugin [org.elasticsearch.test.MockHttpTransport$TestPlugin]
[2020-02-17T06:20:48,529][INFO ][o.e.p.PluginsService     ] [testRandomPayloadWithDelimitedPayloadTokenFilter] loaded plugin [org.elasticsearch.transport.nio.MockNioTransportPlugin]
[2020-02-17T06:20:48,778][INFO ][o.e.d.DiscoveryModule    ] [testRandomPayloadWithDelimitedPayloadTokenFilter] using discovery type [zen] and seed hosts providers [settings]
[2020-02-17T06:20:48,791][INFO ][o.e.n.Node               ] [testRandomPayloadWithDelimitedPayloadTokenFilter] initialized
[2020-02-17T06:20:48,791][INFO ][o.e.n.Node               ] [testRandomPayloadWithDelimitedPayloadTokenFilter] starting ...
[2020-02-17T06:20:49,297][INFO ][o.e.t.TransportService   ] [testRandomPayloadWithDelimitedPayloadTokenFilter] publish_address {127.0.0.1:11500}, bound_addresses {127.0.0.1:11500}, {[::1]:11500}
[2020-02-17T06:20:49,304][INFO ][o.e.c.c.Coordinator      ] [testRandomPayloadWithDelimitedPayloadTokenFilter] setting initial configuration to VotingConfiguration{EftD4mvcSR-2FzQwKtkiSw}
[2020-02-17T06:20:49,316][INFO ][o.e.c.s.MasterService    ] [node_s_0] elected-as-master ([1] nodes joined)[{node_s_0}{EftD4mvcSR-2FzQwKtkiSw}{WZ-7IwCrR9ev_liGFhJbEQ}{127.0.0.1}{127.0.0.1:11500}{dim} elect leader, _BECOME_MASTER_TASK_, _FINISH_ELECTION_], term: 1, version: 1, delta: master node changed {previous [], current [{node_s_0}{EftD4mvcSR-2FzQwKtkiSw}{WZ-7IwCrR9ev_liGFhJbEQ}{127.0.0.1}{127.0.0.1:11500}{dim}]}
[2020-02-17T06:20:49,323][INFO ][o.e.c.c.CoordinationState] [node_s_0] cluster UUID set to [72Gl37A1R3mYt6zkFhfdZA]
[2020-02-17T06:20:49,330][INFO ][o.e.c.s.ClusterApplierService] [node_s_0] master node changed {previous [], current [{node_s_0}{EftD4mvcSR-2FzQwKtkiSw}{WZ-7IwCrR9ev_liGFhJbEQ}{127.0.0.1}{127.0.0.1:11500}{dim}]}, term: 1, version: 1, reason: Publication{term=1, version=1}
[2020-02-17T06:20:49,331][INFO ][o.e.n.Node               ] [testRandomPayloadWithDelimitedPayloadTokenFilter] started
[2020-02-17T06:20:49,338][INFO ][o.e.g.GatewayService     ] [node_s_0] recovered [0] indices into cluster_state
[2020-02-17T06:20:49,341][INFO ][o.e.c.m.MetaDataIndexTemplateService] [node_s_0] adding template [one_shard_index_template] for index patterns [*]
[2020-02-17T06:20:49,353][INFO ][o.e.c.m.MetaDataIndexTemplateService] [node_s_0] adding template [random-soft-deletes-template] for index patterns [*]
[2020-02-17T06:20:49,361][INFO ][o.e.a.t.GetTermVectorsTests] [testRandomPayloadWithDelimitedPayloadTokenFilter] before test
[2020-02-17T06:20:49,367][INFO ][o.e.c.m.MetaDataCreateIndexService] [node_s_0] [test] creating index, cause [api], templates [random-soft-deletes-template, one_shard_index_template], shards [1]/[0], mappings [type1]
[2020-02-17T06:20:49,433][INFO ][o.e.c.r.a.AllocationService] [node_s_0] Cluster health status changed from [YELLOW] to [GREEN] (reason: [shards started [[test][0]]]).
[2020-02-17T06:20:49,499][INFO ][o.e.a.t.GetTermVectorsTests] [testRandomPayloadWithDelimitedPayloadTokenFilter] after test
[2020-02-17T06:20:49,500][INFO ][o.e.c.m.MetaDataDeleteIndexService] [node_s_0] [test/vnUjriwhSXqFp3x7i7ZuCA] deleting index
[2020-02-17T06:20:49,525][INFO ][o.e.n.Node               ] [suite] stopping ...
[2020-02-17T06:20:49,526][INFO ][o.e.n.Node               ] [suite] stopped
[2020-02-17T06:20:49,526][INFO ][o.e.n.Node               ] [suite] closing ...
[2020-02-17T06:20:49,526][INFO ][o.e.n.Node               ] [suite] closed
]]></system-out>
  <system-err><![CDATA[]]></system-err>
</testsuite>
