<?xml version="1.0" encoding="UTF-8"?>
<testsuite name="org.elasticsearch.action.admin.indices.segments.IndicesSegmentResponseTests" tests="1" skipped="0" failures="0" errors="0" timestamp="2020-02-16T22:20:06" hostname="Escoto-PC" time="0.007">
  <properties/>
  <testcase name="testToXContentSerialiationWithSortedFields" classname="org.elasticsearch.action.admin.indices.segments.IndicesSegmentResponseTests" time="0.007"/>
  <system-out><![CDATA[[2020-02-17T04:20:06,268][INFO ][o.e.a.a.i.s.IndicesSegmentResponseTests] [testToXContentSerialiationWithSortedFields] before test
[2020-02-17T04:20:06,272][INFO ][o.e.a.a.i.s.IndicesSegmentResponseTests] [testToXContentSerialiationWithSortedFields] after test
]]></system-out>
  <system-err><![CDATA[]]></system-err>
</testsuite>
