<?xml version="1.0" encoding="UTF-8"?>
<testsuite name="org.elasticsearch.env.OverrideNodeVersionCommandTests" tests="7" skipped="0" failures="0" errors="0" timestamp="2020-02-16T22:21:10" hostname="Escoto-PC" time="0.289">
  <properties/>
  <testcase name="testLenientlyIgnoresExtraFields" classname="org.elasticsearch.env.OverrideNodeVersionCommandTests" time="0.084"/>
  <testcase name="testOverwritesIfTooNew" classname="org.elasticsearch.env.OverrideNodeVersionCommandTests" time="0.061"/>
  <testcase name="testFailsIfUnnecessary" classname="org.elasticsearch.env.OverrideNodeVersionCommandTests" time="0.039"/>
  <testcase name="testOverwritesIfTooOld" classname="org.elasticsearch.env.OverrideNodeVersionCommandTests" time="0.025"/>
  <testcase name="testWarnsIfTooNew" classname="org.elasticsearch.env.OverrideNodeVersionCommandTests" time="0.026"/>
  <testcase name="testWarnsIfTooOld" classname="org.elasticsearch.env.OverrideNodeVersionCommandTests" time="0.023"/>
  <testcase name="testFailsOnEmptyPath" classname="org.elasticsearch.env.OverrideNodeVersionCommandTests" time="0.031"/>
  <system-out><![CDATA[[2020-02-16T19:21:10,828][INFO ][o.e.e.OverrideNodeVersionCommandTests] [testLenientlyIgnoresExtraFields] before test
[2020-02-16T19:21:10,863][INFO ][o.e.e.NodeEnvironment    ] [testLenientlyIgnoresExtraFields] using [3] data paths, mounts [[Old HDD (E:)]], net usable_space [89.5gb], net total_space [232.8gb], types [NTFS]
[2020-02-16T19:21:10,863][INFO ][o.e.e.NodeEnvironment    ] [testLenientlyIgnoresExtraFields] heap size [512mb], compressed ordinary object pointers [true]
[2020-02-16T19:21:10,910][INFO ][o.e.e.OverrideNodeVersionCommandTests] [testLenientlyIgnoresExtraFields] after test
[2020-02-16T19:21:10,913][INFO ][o.e.e.OverrideNodeVersionCommandTests] [testOverwritesIfTooNew] before test
[2020-02-16T19:21:10,938][INFO ][o.e.e.NodeEnvironment    ] [testOverwritesIfTooNew] using [3] data paths, mounts [[Old HDD (E:)]], net usable_space [89.5gb], net total_space [232.8gb], types [NTFS]
[2020-02-16T19:21:10,938][INFO ][o.e.e.NodeEnvironment    ] [testOverwritesIfTooNew] heap size [512mb], compressed ordinary object pointers [true]
[2020-02-16T19:21:10,971][INFO ][o.e.e.OverrideNodeVersionCommandTests] [testOverwritesIfTooNew] after test
[2020-02-16T19:21:10,978][INFO ][o.e.e.OverrideNodeVersionCommandTests] [testFailsIfUnnecessary] before test
[2020-02-16T19:21:10,996][INFO ][o.e.e.NodeEnvironment    ] [testFailsIfUnnecessary] using [2] data paths, mounts [[Old HDD (E:)]], net usable_space [89.5gb], net total_space [232.8gb], types [NTFS]
[2020-02-16T19:21:10,996][INFO ][o.e.e.NodeEnvironment    ] [testFailsIfUnnecessary] heap size [512mb], compressed ordinary object pointers [true]
[2020-02-16T19:21:11,010][INFO ][o.e.e.OverrideNodeVersionCommandTests] [testFailsIfUnnecessary] after test
[2020-02-16T19:21:11,012][INFO ][o.e.e.OverrideNodeVersionCommandTests] [testOverwritesIfTooOld] before test
[2020-02-16T19:21:11,021][INFO ][o.e.e.NodeEnvironment    ] [testOverwritesIfTooOld] using [1] data paths, mounts [[Old HDD (E:)]], net usable_space [89.5gb], net total_space [232.8gb], types [NTFS]
[2020-02-16T19:21:11,021][INFO ][o.e.e.NodeEnvironment    ] [testOverwritesIfTooOld] heap size [512mb], compressed ordinary object pointers [true]
[2020-02-16T19:21:11,036][INFO ][o.e.e.OverrideNodeVersionCommandTests] [testOverwritesIfTooOld] after test
[2020-02-16T19:21:11,038][INFO ][o.e.e.OverrideNodeVersionCommandTests] [testWarnsIfTooNew] before test
[2020-02-16T19:21:11,049][INFO ][o.e.e.NodeEnvironment    ] [testWarnsIfTooNew] using [1] data paths, mounts [[Old HDD (E:)]], net usable_space [89.5gb], net total_space [232.8gb], types [NTFS]
[2020-02-16T19:21:11,049][INFO ][o.e.e.NodeEnvironment    ] [testWarnsIfTooNew] heap size [512mb], compressed ordinary object pointers [true]
[2020-02-16T19:21:11,061][INFO ][o.e.e.OverrideNodeVersionCommandTests] [testWarnsIfTooNew] after test
[2020-02-16T19:21:11,064][INFO ][o.e.e.OverrideNodeVersionCommandTests] [testWarnsIfTooOld] before test
[2020-02-16T19:21:11,074][INFO ][o.e.e.NodeEnvironment    ] [testWarnsIfTooOld] using [1] data paths, mounts [[Old HDD (E:)]], net usable_space [89.5gb], net total_space [232.8gb], types [NTFS]
[2020-02-16T19:21:11,074][INFO ][o.e.e.NodeEnvironment    ] [testWarnsIfTooOld] heap size [512mb], compressed ordinary object pointers [true]
[2020-02-16T19:21:11,085][INFO ][o.e.e.OverrideNodeVersionCommandTests] [testWarnsIfTooOld] after test
[2020-02-16T19:21:11,088][INFO ][o.e.e.OverrideNodeVersionCommandTests] [testFailsOnEmptyPath] before test
[2020-02-16T19:21:11,107][INFO ][o.e.e.NodeEnvironment    ] [testFailsOnEmptyPath] using [2] data paths, mounts [[Old HDD (E:)]], net usable_space [89.5gb], net total_space [232.8gb], types [NTFS]
[2020-02-16T19:21:11,107][INFO ][o.e.e.NodeEnvironment    ] [testFailsOnEmptyPath] heap size [512mb], compressed ordinary object pointers [true]
[2020-02-16T19:21:11,115][INFO ][o.e.e.OverrideNodeVersionCommandTests] [testFailsOnEmptyPath] after test
]]></system-out>
  <system-err><![CDATA[]]></system-err>
</testsuite>
