<?xml version="1.0" encoding="UTF-8"?>
<testsuite name="org.elasticsearch.index.snapshots.blobstore.SlicedInputStreamTests" tests="1" skipped="0" failures="0" errors="0" timestamp="2020-02-16T22:24:40" hostname="Escoto-PC" time="0.01">
  <properties/>
  <testcase name="testReadRandom" classname="org.elasticsearch.index.snapshots.blobstore.SlicedInputStreamTests" time="0.01"/>
  <system-out><![CDATA[[2020-02-16T19:24:40,485][INFO ][o.e.i.s.b.SlicedInputStreamTests] [testReadRandom] before test
[2020-02-16T19:24:40,495][INFO ][o.e.i.s.b.SlicedInputStreamTests] [testReadRandom] after test
]]></system-out>
  <system-err><![CDATA[]]></system-err>
</testsuite>
