<?xml version="1.0" encoding="UTF-8"?>
<testsuite name="org.elasticsearch.search.sort.SortModeTests" tests="2" skipped="0" failures="0" errors="0" timestamp="2020-02-16T22:24:39" hostname="Escoto-PC" time="0.005">
  <properties/>
  <testcase name="testParsingFromStringExceptions" classname="org.elasticsearch.search.sort.SortModeTests" time="0.003"/>
  <testcase name="testSortMode" classname="org.elasticsearch.search.sort.SortModeTests" time="0.002"/>
  <system-out><![CDATA[[2020-02-17T12:24:39,781][INFO ][o.e.s.s.SortModeTests    ] [testParsingFromStringExceptions] before test
[2020-02-17T12:24:39,782][INFO ][o.e.s.s.SortModeTests    ] [testParsingFromStringExceptions] after test
[2020-02-17T12:24:39,784][INFO ][o.e.s.s.SortModeTests    ] [testSortMode] before test
[2020-02-17T12:24:39,784][INFO ][o.e.s.s.SortModeTests    ] [testSortMode] after test
]]></system-out>
  <system-err><![CDATA[]]></system-err>
</testsuite>
