<?xml version="1.0" encoding="UTF-8"?>
<testsuite name="org.elasticsearch.rest.action.admin.cluster.RestAddVotingConfigExclusionActionTests" tests="1" skipped="0" failures="0" errors="0" timestamp="2020-02-16T22:25:17" hostname="Escoto-PC" time="0.011">
  <properties/>
  <testcase name="testResolveVotingConfigExclusionsRequest" classname="org.elasticsearch.rest.action.admin.cluster.RestAddVotingConfigExclusionActionTests" time="0.011"/>
  <system-out><![CDATA[[2020-02-16T19:25:17,546][INFO ][o.e.r.a.a.c.RestAddVotingConfigExclusionActionTests] [testResolveVotingConfigExclusionsRequest] before test
[2020-02-16T19:25:17,556][INFO ][o.e.r.a.a.c.RestAddVotingConfigExclusionActionTests] [testResolveVotingConfigExclusionsRequest] after test
]]></system-out>
  <system-err><![CDATA[]]></system-err>
</testsuite>
