<?xml version="1.0" encoding="UTF-8"?>
<testsuite name="org.elasticsearch.common.xcontent.support.XContentMapValuesTests" tests="51" skipped="0" failures="0" errors="0" timestamp="2020-02-16T22:20:56" hostname="Escoto-PC" time="0.687">
  <properties/>
  <testcase name="testSingleFieldWithBothExcludesIncludes" classname="org.elasticsearch.common.xcontent.support.XContentMapValuesTests" time="0.024"/>
  <testcase name="testSimpleFieldWithWildcardInclusive" classname="org.elasticsearch.common.xcontent.support.XContentMapValuesTests" time="0.005"/>
  <testcase name="testFilterPrefix" classname="org.elasticsearch.common.xcontent.support.XContentMapValuesTests" time="0.003"/>
  <testcase name="testEmptyObject" classname="org.elasticsearch.common.xcontent.support.XContentMapValuesTests" time="0.008"/>
  <testcase name="testRawField" classname="org.elasticsearch.common.xcontent.support.XContentMapValuesTests" time="0.023"/>
  <testcase name="testSimpleArrayOfObjectsExclusive" classname="org.elasticsearch.common.xcontent.support.XContentMapValuesTests" time="0.03"/>
  <testcase name="testPrefixedNamesFilteringTest" classname="org.elasticsearch.common.xcontent.support.XContentMapValuesTests" time="0.005"/>
  <testcase name="testNoFiltering" classname="org.elasticsearch.common.xcontent.support.XContentMapValuesTests" time="0.013"/>
  <testcase name="testRecurseField1Inclusive" classname="org.elasticsearch.common.xcontent.support.XContentMapValuesTests" time="0.003"/>
  <testcase name="testMultipleFieldsExclusive" classname="org.elasticsearch.common.xcontent.support.XContentMapValuesTests" time="0.078"/>
  <testcase name="testFilterWithEmptyIncludesExcludes" classname="org.elasticsearch.common.xcontent.support.XContentMapValuesTests" time="0.141"/>
  <testcase name="testSimpleFieldExclusive" classname="org.elasticsearch.common.xcontent.support.XContentMapValuesTests" time="0.003"/>
  <testcase name="testRecurseField2Exclusive" classname="org.elasticsearch.common.xcontent.support.XContentMapValuesTests" time="0.016"/>
  <testcase name="testMultipleFieldsInclusive" classname="org.elasticsearch.common.xcontent.support.XContentMapValuesTests" time="0.005"/>
  <testcase name="testNestedFiltering" classname="org.elasticsearch.common.xcontent.support.XContentMapValuesTests" time="0.01"/>
  <testcase name="testSimpleArrayOfObjectsPropertyInclusive" classname="org.elasticsearch.common.xcontent.support.XContentMapValuesTests" time="0.019"/>
  <testcase name="testDotsInFieldNames" classname="org.elasticsearch.common.xcontent.support.XContentMapValuesTests" time="0.003"/>
  <testcase name="testRecurseField1Exclusive" classname="org.elasticsearch.common.xcontent.support.XContentMapValuesTests" time="0.007"/>
  <testcase name="testRecursiveSameObjectWithBothExcludesIncludes" classname="org.elasticsearch.common.xcontent.support.XContentMapValuesTests" time="0.003"/>
  <testcase name="testPrefix" classname="org.elasticsearch.common.xcontent.support.XContentMapValuesTests" time="0.023"/>
  <testcase name="testExtractRawValue" classname="org.elasticsearch.common.xcontent.support.XContentMapValuesTests" time="0.002"/>
  <testcase name="testSimpleArrayOfObjectsPropertyExclusive" classname="org.elasticsearch.common.xcontent.support.XContentMapValuesTests" time="0.024"/>
  <testcase name="testObjectsInArrayWithBothExcludesIncludes" classname="org.elasticsearch.common.xcontent.support.XContentMapValuesTests" time="0.004"/>
  <testcase name="testNotOmittingObjectWithNestedExcludedObject" classname="org.elasticsearch.common.xcontent.support.XContentMapValuesTests" time="0.003"/>
  <testcase name="testIncludingObjectWithNestedIncludedObject" classname="org.elasticsearch.common.xcontent.support.XContentMapValuesTests" time="0.002"/>
  <testcase name="testExtractValue" classname="org.elasticsearch.common.xcontent.support.XContentMapValuesTests" time="0.005"/>
  <testcase name="testSimpleArrayExclusive" classname="org.elasticsearch.common.xcontent.support.XContentMapValuesTests" time="0.002"/>
  <testcase name="testBasics" classname="org.elasticsearch.common.xcontent.support.XContentMapValuesTests" time="0.002"/>
  <testcase name="testSupplementaryCharactersInPaths" classname="org.elasticsearch.common.xcontent.support.XContentMapValuesTests" time="0.005"/>
  <testcase name="testSharedPrefixes" classname="org.elasticsearch.common.xcontent.support.XContentMapValuesTests" time="0.003"/>
  <testcase name="testThatFilterIncludesEmptyObjectWhenUsingExcludes" classname="org.elasticsearch.common.xcontent.support.XContentMapValuesTests" time="0.018"/>
  <testcase name="testFilterSupplementaryCharactersInPaths" classname="org.elasticsearch.common.xcontent.support.XContentMapValuesTests" time="0.003"/>
  <testcase name="testWithLfAtEnd" classname="org.elasticsearch.common.xcontent.support.XContentMapValuesTests" time="0.005"/>
  <testcase name="testSimpleFieldInclusive" classname="org.elasticsearch.common.xcontent.support.XContentMapValuesTests" time="0.008"/>
  <testcase name="testFilterIncludesUsingStarPrefix" classname="org.elasticsearch.common.xcontent.support.XContentMapValuesTests" time="0.004"/>
  <testcase name="testSimpleArrayInclusive" classname="org.elasticsearch.common.xcontent.support.XContentMapValuesTests" time="0.002"/>
  <testcase name="testArrays" classname="org.elasticsearch.common.xcontent.support.XContentMapValuesTests" time="0.003"/>
  <testcase name="testNoMatch" classname="org.elasticsearch.common.xcontent.support.XContentMapValuesTests" time="0.059"/>
  <testcase name="testRecurseField4Inclusive" classname="org.elasticsearch.common.xcontent.support.XContentMapValuesTests" time="0.003"/>
  <testcase name="testCompleteObjectFiltering" classname="org.elasticsearch.common.xcontent.support.XContentMapValuesTests" time="0.002"/>
  <testcase name="testRecurseField3Inclusive" classname="org.elasticsearch.common.xcontent.support.XContentMapValuesTests" time="0.002"/>
  <testcase name="testRecurseField2Inclusive" classname="org.elasticsearch.common.xcontent.support.XContentMapValuesTests" time="0.005"/>
  <testcase name="testRecurseField3Exclusive" classname="org.elasticsearch.common.xcontent.support.XContentMapValuesTests" time="0.003"/>
  <testcase name="testRecursiveObjectsPropertiesWithBothExcludesIncludes" classname="org.elasticsearch.common.xcontent.support.XContentMapValuesTests" time="0.003"/>
  <testcase name="testRecurseField4Exclusive" classname="org.elasticsearch.common.xcontent.support.XContentMapValuesTests" time="0.024"/>
  <testcase name="testNotOmittingObjectsWithExcludedProperties" classname="org.elasticsearch.common.xcontent.support.XContentMapValuesTests" time="0.002"/>
  <testcase name="testSimpleArrayOfObjectsInclusive" classname="org.elasticsearch.common.xcontent.support.XContentMapValuesTests" time="0.003"/>
  <testcase name="testThatFilterIncludesEmptyObjectWhenUsingIncludes" classname="org.elasticsearch.common.xcontent.support.XContentMapValuesTests" time="0.004"/>
  <testcase name="testFilterSharedPrefixes" classname="org.elasticsearch.common.xcontent.support.XContentMapValuesTests" time="0.005"/>
  <testcase name="testSimpleFieldWithWildcardExclusive" classname="org.elasticsearch.common.xcontent.support.XContentMapValuesTests" time="0.04"/>
  <testcase name="testRecursiveObjectsInArrayWithBothExcludesIncludes" classname="org.elasticsearch.common.xcontent.support.XContentMapValuesTests" time="0.011"/>
  <system-out><![CDATA[[2020-02-16T18:20:56,568][INFO ][o.e.c.x.s.XContentMapValuesTests] [testSingleFieldWithBothExcludesIncludes] before test
[2020-02-16T18:20:56,572][INFO ][o.e.c.x.s.XContentMapValuesTests] [testSingleFieldWithBothExcludesIncludes] after test
[2020-02-16T18:20:56,577][INFO ][o.e.c.x.s.XContentMapValuesTests] [testSimpleFieldWithWildcardInclusive] before test
[2020-02-16T18:20:56,578][INFO ][o.e.c.x.s.XContentMapValuesTests] [testSimpleFieldWithWildcardInclusive] after test
[2020-02-16T18:20:56,580][INFO ][o.e.c.x.s.XContentMapValuesTests] [testFilterPrefix] before test
[2020-02-16T18:20:56,581][INFO ][o.e.c.x.s.XContentMapValuesTests] [testFilterPrefix] after test
[2020-02-16T18:20:56,583][INFO ][o.e.c.x.s.XContentMapValuesTests] [testEmptyObject] before test
[2020-02-16T18:20:56,589][INFO ][o.e.c.x.s.XContentMapValuesTests] [testEmptyObject] after test
[2020-02-16T18:20:56,609][INFO ][o.e.c.x.s.XContentMapValuesTests] [testRawField] before test
[2020-02-16T18:20:56,611][INFO ][o.e.c.x.s.XContentMapValuesTests] [testRawField] after test
[2020-02-16T18:20:56,640][INFO ][o.e.c.x.s.XContentMapValuesTests] [testSimpleArrayOfObjectsExclusive] before test
[2020-02-16T18:20:56,642][INFO ][o.e.c.x.s.XContentMapValuesTests] [testSimpleArrayOfObjectsExclusive] after test
[2020-02-16T18:20:56,644][INFO ][o.e.c.x.s.XContentMapValuesTests] [testPrefixedNamesFilteringTest] before test
[2020-02-16T18:20:56,647][INFO ][o.e.c.x.s.XContentMapValuesTests] [testPrefixedNamesFilteringTest] after test
[2020-02-16T18:20:56,657][INFO ][o.e.c.x.s.XContentMapValuesTests] [testNoFiltering] before test
[2020-02-16T18:20:56,660][INFO ][o.e.c.x.s.XContentMapValuesTests] [testNoFiltering] after test
[2020-02-16T18:20:56,661][INFO ][o.e.c.x.s.XContentMapValuesTests] [testRecurseField1Inclusive] before test
[2020-02-16T18:20:56,662][INFO ][o.e.c.x.s.XContentMapValuesTests] [testRecurseField1Inclusive] after test
[2020-02-16T18:20:56,740][INFO ][o.e.c.x.s.XContentMapValuesTests] [testMultipleFieldsExclusive] before test
[2020-02-16T18:20:56,740][INFO ][o.e.c.x.s.XContentMapValuesTests] [testMultipleFieldsExclusive] after test
[2020-02-16T18:20:56,881][INFO ][o.e.c.x.s.XContentMapValuesTests] [testFilterWithEmptyIncludesExcludes] before test
[2020-02-16T18:20:56,881][INFO ][o.e.c.x.s.XContentMapValuesTests] [testFilterWithEmptyIncludesExcludes] after test
[2020-02-16T18:20:56,883][INFO ][o.e.c.x.s.XContentMapValuesTests] [testSimpleFieldExclusive] before test
[2020-02-16T18:20:56,884][INFO ][o.e.c.x.s.XContentMapValuesTests] [testSimpleFieldExclusive] after test
[2020-02-16T18:20:56,900][INFO ][o.e.c.x.s.XContentMapValuesTests] [testRecurseField2Exclusive] before test
[2020-02-16T18:20:56,900][INFO ][o.e.c.x.s.XContentMapValuesTests] [testRecurseField2Exclusive] after test
[2020-02-16T18:20:56,905][INFO ][o.e.c.x.s.XContentMapValuesTests] [testMultipleFieldsInclusive] before test
[2020-02-16T18:20:56,906][INFO ][o.e.c.x.s.XContentMapValuesTests] [testMultipleFieldsInclusive] after test
[2020-02-16T18:20:56,911][INFO ][o.e.c.x.s.XContentMapValuesTests] [testNestedFiltering] before test
[2020-02-16T18:20:56,915][INFO ][o.e.c.x.s.XContentMapValuesTests] [testNestedFiltering] after test
[2020-02-16T18:20:56,931][INFO ][o.e.c.x.s.XContentMapValuesTests] [testSimpleArrayOfObjectsPropertyInclusive] before test
[2020-02-16T18:20:56,934][INFO ][o.e.c.x.s.XContentMapValuesTests] [testSimpleArrayOfObjectsPropertyInclusive] after test
[2020-02-16T18:20:56,937][INFO ][o.e.c.x.s.XContentMapValuesTests] [testDotsInFieldNames] before test
[2020-02-16T18:20:56,937][INFO ][o.e.c.x.s.XContentMapValuesTests] [testDotsInFieldNames] after test
[2020-02-16T18:20:56,943][INFO ][o.e.c.x.s.XContentMapValuesTests] [testRecurseField1Exclusive] before test
[2020-02-16T18:20:56,944][INFO ][o.e.c.x.s.XContentMapValuesTests] [testRecurseField1Exclusive] after test
[2020-02-16T18:20:56,947][INFO ][o.e.c.x.s.XContentMapValuesTests] [testRecursiveSameObjectWithBothExcludesIncludes] before test
[2020-02-16T18:20:56,948][INFO ][o.e.c.x.s.XContentMapValuesTests] [testRecursiveSameObjectWithBothExcludesIncludes] after test
[2020-02-16T18:20:56,970][INFO ][o.e.c.x.s.XContentMapValuesTests] [testPrefix] before test
[2020-02-16T18:20:56,971][INFO ][o.e.c.x.s.XContentMapValuesTests] [testPrefix] after test
[2020-02-16T18:20:56,972][INFO ][o.e.c.x.s.XContentMapValuesTests] [testExtractRawValue] before test
[2020-02-16T18:20:56,973][INFO ][o.e.c.x.s.XContentMapValuesTests] [testExtractRawValue] after test
[2020-02-16T18:20:56,983][INFO ][o.e.c.x.s.XContentMapValuesTests] [testSimpleArrayOfObjectsPropertyExclusive] before test
[2020-02-16T18:20:56,995][INFO ][o.e.c.x.s.XContentMapValuesTests] [testSimpleArrayOfObjectsPropertyExclusive] after test
[2020-02-16T18:20:57,000][INFO ][o.e.c.x.s.XContentMapValuesTests] [testObjectsInArrayWithBothExcludesIncludes] before test
[2020-02-16T18:20:57,000][INFO ][o.e.c.x.s.XContentMapValuesTests] [testObjectsInArrayWithBothExcludesIncludes] after test
[2020-02-16T18:20:57,003][INFO ][o.e.c.x.s.XContentMapValuesTests] [testNotOmittingObjectWithNestedExcludedObject] before test
[2020-02-16T18:20:57,004][INFO ][o.e.c.x.s.XContentMapValuesTests] [testNotOmittingObjectWithNestedExcludedObject] after test
[2020-02-16T18:20:57,006][INFO ][o.e.c.x.s.XContentMapValuesTests] [testIncludingObjectWithNestedIncludedObject] before test
[2020-02-16T18:20:57,006][INFO ][o.e.c.x.s.XContentMapValuesTests] [testIncludingObjectWithNestedIncludedObject] after test
[2020-02-16T18:20:57,011][INFO ][o.e.c.x.s.XContentMapValuesTests] [testExtractValue] before test
[2020-02-16T18:20:57,011][INFO ][o.e.c.x.s.XContentMapValuesTests] [testExtractValue] after test
[2020-02-16T18:20:57,012][INFO ][o.e.c.x.s.XContentMapValuesTests] [testSimpleArrayExclusive] before test
[2020-02-16T18:20:57,013][INFO ][o.e.c.x.s.XContentMapValuesTests] [testSimpleArrayExclusive] after test
[2020-02-16T18:20:57,015][INFO ][o.e.c.x.s.XContentMapValuesTests] [testBasics] before test
[2020-02-16T18:20:57,016][INFO ][o.e.c.x.s.XContentMapValuesTests] [testBasics] after test
[2020-02-16T18:20:57,020][INFO ][o.e.c.x.s.XContentMapValuesTests] [testSupplementaryCharactersInPaths] before test
[2020-02-16T18:20:57,020][INFO ][o.e.c.x.s.XContentMapValuesTests] [testSupplementaryCharactersInPaths] after test
[2020-02-16T18:20:57,023][INFO ][o.e.c.x.s.XContentMapValuesTests] [testSharedPrefixes] before test
[2020-02-16T18:20:57,023][INFO ][o.e.c.x.s.XContentMapValuesTests] [testSharedPrefixes] after test
[2020-02-16T18:20:57,041][INFO ][o.e.c.x.s.XContentMapValuesTests] [testThatFilterIncludesEmptyObjectWhenUsingExcludes] before test
[2020-02-16T18:20:57,042][INFO ][o.e.c.x.s.XContentMapValuesTests] [testThatFilterIncludesEmptyObjectWhenUsingExcludes] after test
[2020-02-16T18:20:57,045][INFO ][o.e.c.x.s.XContentMapValuesTests] [testFilterSupplementaryCharactersInPaths] before test
[2020-02-16T18:20:57,045][INFO ][o.e.c.x.s.XContentMapValuesTests] [testFilterSupplementaryCharactersInPaths] after test
[2020-02-16T18:20:57,050][INFO ][o.e.c.x.s.XContentMapValuesTests] [testWithLfAtEnd] before test
[2020-02-16T18:20:57,051][INFO ][o.e.c.x.s.XContentMapValuesTests] [testWithLfAtEnd] after test
[2020-02-16T18:20:57,057][INFO ][o.e.c.x.s.XContentMapValuesTests] [testSimpleFieldInclusive] before test
[2020-02-16T18:20:57,058][INFO ][o.e.c.x.s.XContentMapValuesTests] [testSimpleFieldInclusive] after test
[2020-02-16T18:20:57,061][INFO ][o.e.c.x.s.XContentMapValuesTests] [testFilterIncludesUsingStarPrefix] before test
[2020-02-16T18:20:57,062][INFO ][o.e.c.x.s.XContentMapValuesTests] [testFilterIncludesUsingStarPrefix] after test
[2020-02-16T18:20:57,064][INFO ][o.e.c.x.s.XContentMapValuesTests] [testSimpleArrayInclusive] before test
[2020-02-16T18:20:57,064][INFO ][o.e.c.x.s.XContentMapValuesTests] [testSimpleArrayInclusive] after test
[2020-02-16T18:20:57,066][INFO ][o.e.c.x.s.XContentMapValuesTests] [testArrays] before test
[2020-02-16T18:20:57,067][INFO ][o.e.c.x.s.XContentMapValuesTests] [testArrays] after test
[2020-02-16T18:20:57,125][INFO ][o.e.c.x.s.XContentMapValuesTests] [testNoMatch] before test
[2020-02-16T18:20:57,126][INFO ][o.e.c.x.s.XContentMapValuesTests] [testNoMatch] after test
[2020-02-16T18:20:57,129][INFO ][o.e.c.x.s.XContentMapValuesTests] [testRecurseField4Inclusive] before test
[2020-02-16T18:20:57,129][INFO ][o.e.c.x.s.XContentMapValuesTests] [testRecurseField4Inclusive] after test
[2020-02-16T18:20:57,131][INFO ][o.e.c.x.s.XContentMapValuesTests] [testCompleteObjectFiltering] before test
[2020-02-16T18:20:57,132][INFO ][o.e.c.x.s.XContentMapValuesTests] [testCompleteObjectFiltering] after test
[2020-02-16T18:20:57,134][INFO ][o.e.c.x.s.XContentMapValuesTests] [testRecurseField3Inclusive] before test
[2020-02-16T18:20:57,135][INFO ][o.e.c.x.s.XContentMapValuesTests] [testRecurseField3Inclusive] after test
[2020-02-16T18:20:57,138][INFO ][o.e.c.x.s.XContentMapValuesTests] [testRecurseField2Inclusive] before test
[2020-02-16T18:20:57,139][INFO ][o.e.c.x.s.XContentMapValuesTests] [testRecurseField2Inclusive] after test
[2020-02-16T18:20:57,142][INFO ][o.e.c.x.s.XContentMapValuesTests] [testRecurseField3Exclusive] before test
[2020-02-16T18:20:57,142][INFO ][o.e.c.x.s.XContentMapValuesTests] [testRecurseField3Exclusive] after test
[2020-02-16T18:20:57,144][INFO ][o.e.c.x.s.XContentMapValuesTests] [testRecursiveObjectsPropertiesWithBothExcludesIncludes] before test
[2020-02-16T18:20:57,145][INFO ][o.e.c.x.s.XContentMapValuesTests] [testRecursiveObjectsPropertiesWithBothExcludesIncludes] after test
[2020-02-16T18:20:57,168][INFO ][o.e.c.x.s.XContentMapValuesTests] [testRecurseField4Exclusive] before test
[2020-02-16T18:20:57,169][INFO ][o.e.c.x.s.XContentMapValuesTests] [testRecurseField4Exclusive] after test
[2020-02-16T18:20:57,171][INFO ][o.e.c.x.s.XContentMapValuesTests] [testNotOmittingObjectsWithExcludedProperties] before test
[2020-02-16T18:20:57,171][INFO ][o.e.c.x.s.XContentMapValuesTests] [testNotOmittingObjectsWithExcludedProperties] after test
[2020-02-16T18:20:57,173][INFO ][o.e.c.x.s.XContentMapValuesTests] [testSimpleArrayOfObjectsInclusive] before test
[2020-02-16T18:20:57,174][INFO ][o.e.c.x.s.XContentMapValuesTests] [testSimpleArrayOfObjectsInclusive] after test
[2020-02-16T18:20:57,178][INFO ][o.e.c.x.s.XContentMapValuesTests] [testThatFilterIncludesEmptyObjectWhenUsingIncludes] before test
[2020-02-16T18:20:57,178][INFO ][o.e.c.x.s.XContentMapValuesTests] [testThatFilterIncludesEmptyObjectWhenUsingIncludes] after test
[2020-02-16T18:20:57,183][INFO ][o.e.c.x.s.XContentMapValuesTests] [testFilterSharedPrefixes] before test
[2020-02-16T18:20:57,183][INFO ][o.e.c.x.s.XContentMapValuesTests] [testFilterSharedPrefixes] after test
[2020-02-16T18:20:57,223][INFO ][o.e.c.x.s.XContentMapValuesTests] [testSimpleFieldWithWildcardExclusive] before test
[2020-02-16T18:20:57,223][INFO ][o.e.c.x.s.XContentMapValuesTests] [testSimpleFieldWithWildcardExclusive] after test
[2020-02-16T18:20:57,234][INFO ][o.e.c.x.s.XContentMapValuesTests] [testRecursiveObjectsInArrayWithBothExcludesIncludes] before test
[2020-02-16T18:20:57,234][INFO ][o.e.c.x.s.XContentMapValuesTests] [testRecursiveObjectsInArrayWithBothExcludesIncludes] after test
]]></system-out>
  <system-err><![CDATA[]]></system-err>
</testsuite>
