<?xml version="1.0" encoding="UTF-8"?>
<testsuite name="org.elasticsearch.search.aggregations.pipeline.MovFnWhitelistedFunctionTests" tests="29" skipped="0" failures="0" errors="0" timestamp="2020-02-16T22:24:28" hostname="Escoto-PC" time="0.111">
  <properties/>
  <testcase name="testEmptyEwmaMovAvg" classname="org.elasticsearch.search.aggregations.pipeline.MovFnWhitelistedFunctionTests" time="0.005"/>
  <testcase name="testNullWindowSum" classname="org.elasticsearch.search.aggregations.pipeline.MovFnWhitelistedFunctionTests" time="0.003"/>
  <testcase name="testLinearMovAvg" classname="org.elasticsearch.search.aggregations.pipeline.MovFnWhitelistedFunctionTests" time="0.006"/>
  <testcase name="testSimpleMovAvg" classname="org.elasticsearch.search.aggregations.pipeline.MovFnWhitelistedFunctionTests" time="0.004"/>
  <testcase name="testEmptyWindowMax" classname="org.elasticsearch.search.aggregations.pipeline.MovFnWhitelistedFunctionTests" time="0.002"/>
  <testcase name="testStdDevNaNAvg" classname="org.elasticsearch.search.aggregations.pipeline.MovFnWhitelistedFunctionTests" time="0.002"/>
  <testcase name="testEmptyHoltWintersMovAvg" classname="org.elasticsearch.search.aggregations.pipeline.MovFnWhitelistedFunctionTests" time="0.002"/>
  <testcase name="testEmptyLinearMovAvg" classname="org.elasticsearch.search.aggregations.pipeline.MovFnWhitelistedFunctionTests" time="0.004"/>
  <testcase name="testNullHoltMovAvg" classname="org.elasticsearch.search.aggregations.pipeline.MovFnWhitelistedFunctionTests" time="0.002"/>
  <testcase name="testSimpleMovStdDev" classname="org.elasticsearch.search.aggregations.pipeline.MovFnWhitelistedFunctionTests" time="0.025"/>
  <testcase name="testEmptyHoltMovAvg" classname="org.elasticsearch.search.aggregations.pipeline.MovFnWhitelistedFunctionTests" time="0.002"/>
  <testcase name="testNullWindowMax" classname="org.elasticsearch.search.aggregations.pipeline.MovFnWhitelistedFunctionTests" time="0.003"/>
  <testcase name="testNullLinearMovAvg" classname="org.elasticsearch.search.aggregations.pipeline.MovFnWhitelistedFunctionTests" time="0.003"/>
  <testcase name="testNullSimpleMovAvg" classname="org.elasticsearch.search.aggregations.pipeline.MovFnWhitelistedFunctionTests" time="0.003"/>
  <testcase name="testEmptyWindowSum" classname="org.elasticsearch.search.aggregations.pipeline.MovFnWhitelistedFunctionTests" time="0.002"/>
  <testcase name="testEWMAMovAvg" classname="org.elasticsearch.search.aggregations.pipeline.MovFnWhitelistedFunctionTests" time="0.002"/>
  <testcase name="testHoltWintersMultiplicative" classname="org.elasticsearch.search.aggregations.pipeline.MovFnWhitelistedFunctionTests" time="0.002"/>
  <testcase name="testWindowMax" classname="org.elasticsearch.search.aggregations.pipeline.MovFnWhitelistedFunctionTests" time="0.007"/>
  <testcase name="testEmptySimpleStdDev" classname="org.elasticsearch.search.aggregations.pipeline.MovFnWhitelistedFunctionTests" time="0.002"/>
  <testcase name="testNullSimpleStdDev" classname="org.elasticsearch.search.aggregations.pipeline.MovFnWhitelistedFunctionTests" time="0.002"/>
  <testcase name="testHoltLinearMovAvg" classname="org.elasticsearch.search.aggregations.pipeline.MovFnWhitelistedFunctionTests" time="0.003"/>
  <testcase name="testWindowSum" classname="org.elasticsearch.search.aggregations.pipeline.MovFnWhitelistedFunctionTests" time="0.003"/>
  <testcase name="testEmptyWindowMin" classname="org.elasticsearch.search.aggregations.pipeline.MovFnWhitelistedFunctionTests" time="0.003"/>
  <testcase name="testNullHoltWintersMovAvg" classname="org.elasticsearch.search.aggregations.pipeline.MovFnWhitelistedFunctionTests" time="0.003"/>
  <testcase name="testEmptySimpleMovAvg" classname="org.elasticsearch.search.aggregations.pipeline.MovFnWhitelistedFunctionTests" time="0.002"/>
  <testcase name="testNullEwmaMovAvg" classname="org.elasticsearch.search.aggregations.pipeline.MovFnWhitelistedFunctionTests" time="0.002"/>
  <testcase name="testWindowMin" classname="org.elasticsearch.search.aggregations.pipeline.MovFnWhitelistedFunctionTests" time="0.003"/>
  <testcase name="testHoltWintersAdditive" classname="org.elasticsearch.search.aggregations.pipeline.MovFnWhitelistedFunctionTests" time="0.002"/>
  <testcase name="testNullWindowMin" classname="org.elasticsearch.search.aggregations.pipeline.MovFnWhitelistedFunctionTests" time="0.004"/>
  <system-out><![CDATA[[2020-02-16T14:24:28,433][INFO ][o.e.s.a.p.MovFnWhitelistedFunctionTests] [testEmptyEwmaMovAvg] before test
[2020-02-16T14:24:28,436][INFO ][o.e.s.a.p.MovFnWhitelistedFunctionTests] [testEmptyEwmaMovAvg] after test
[2020-02-16T14:24:28,438][INFO ][o.e.s.a.p.MovFnWhitelistedFunctionTests] [testNullWindowSum] before test
[2020-02-16T14:24:28,439][INFO ][o.e.s.a.p.MovFnWhitelistedFunctionTests] [testNullWindowSum] after test
[2020-02-16T14:24:28,443][INFO ][o.e.s.a.p.MovFnWhitelistedFunctionTests] [testLinearMovAvg] before test
[2020-02-16T14:24:28,446][INFO ][o.e.s.a.p.MovFnWhitelistedFunctionTests] [testLinearMovAvg] after test
[2020-02-16T14:24:28,449][INFO ][o.e.s.a.p.MovFnWhitelistedFunctionTests] [testSimpleMovAvg] before test
[2020-02-16T14:24:28,451][INFO ][o.e.s.a.p.MovFnWhitelistedFunctionTests] [testSimpleMovAvg] after test
[2020-02-16T14:24:28,453][INFO ][o.e.s.a.p.MovFnWhitelistedFunctionTests] [testEmptyWindowMax] before test
[2020-02-16T14:24:28,453][INFO ][o.e.s.a.p.MovFnWhitelistedFunctionTests] [testEmptyWindowMax] after test
[2020-02-16T14:24:28,455][INFO ][o.e.s.a.p.MovFnWhitelistedFunctionTests] [testStdDevNaNAvg] before test
[2020-02-16T14:24:28,455][INFO ][o.e.s.a.p.MovFnWhitelistedFunctionTests] [testStdDevNaNAvg] after test
[2020-02-16T14:24:28,457][INFO ][o.e.s.a.p.MovFnWhitelistedFunctionTests] [testEmptyHoltWintersMovAvg] before test
[2020-02-16T14:24:28,457][INFO ][o.e.s.a.p.MovFnWhitelistedFunctionTests] [testEmptyHoltWintersMovAvg] after test
[2020-02-16T14:24:28,460][INFO ][o.e.s.a.p.MovFnWhitelistedFunctionTests] [testEmptyLinearMovAvg] before test
[2020-02-16T14:24:28,461][INFO ][o.e.s.a.p.MovFnWhitelistedFunctionTests] [testEmptyLinearMovAvg] after test
[2020-02-16T14:24:28,463][INFO ][o.e.s.a.p.MovFnWhitelistedFunctionTests] [testNullHoltMovAvg] before test
[2020-02-16T14:24:28,463][INFO ][o.e.s.a.p.MovFnWhitelistedFunctionTests] [testNullHoltMovAvg] after test
[2020-02-16T14:24:28,487][INFO ][o.e.s.a.p.MovFnWhitelistedFunctionTests] [testSimpleMovStdDev] before test
[2020-02-16T14:24:28,488][INFO ][o.e.s.a.p.MovFnWhitelistedFunctionTests] [testSimpleMovStdDev] after test
[2020-02-16T14:24:28,490][INFO ][o.e.s.a.p.MovFnWhitelistedFunctionTests] [testEmptyHoltMovAvg] before test
[2020-02-16T14:24:28,490][INFO ][o.e.s.a.p.MovFnWhitelistedFunctionTests] [testEmptyHoltMovAvg] after test
[2020-02-16T14:24:28,493][INFO ][o.e.s.a.p.MovFnWhitelistedFunctionTests] [testNullWindowMax] before test
[2020-02-16T14:24:28,493][INFO ][o.e.s.a.p.MovFnWhitelistedFunctionTests] [testNullWindowMax] after test
[2020-02-16T14:24:28,495][INFO ][o.e.s.a.p.MovFnWhitelistedFunctionTests] [testNullLinearMovAvg] before test
[2020-02-16T14:24:28,496][INFO ][o.e.s.a.p.MovFnWhitelistedFunctionTests] [testNullLinearMovAvg] after test
[2020-02-16T14:24:28,498][INFO ][o.e.s.a.p.MovFnWhitelistedFunctionTests] [testNullSimpleMovAvg] before test
[2020-02-16T14:24:28,499][INFO ][o.e.s.a.p.MovFnWhitelistedFunctionTests] [testNullSimpleMovAvg] after test
[2020-02-16T14:24:28,501][INFO ][o.e.s.a.p.MovFnWhitelistedFunctionTests] [testEmptyWindowSum] before test
[2020-02-16T14:24:28,502][INFO ][o.e.s.a.p.MovFnWhitelistedFunctionTests] [testEmptyWindowSum] after test
[2020-02-16T14:24:28,504][INFO ][o.e.s.a.p.MovFnWhitelistedFunctionTests] [testEWMAMovAvg] before test
[2020-02-16T14:24:28,504][INFO ][o.e.s.a.p.MovFnWhitelistedFunctionTests] [testEWMAMovAvg] after test
[2020-02-16T14:24:28,506][INFO ][o.e.s.a.p.MovFnWhitelistedFunctionTests] [testHoltWintersMultiplicative] before test
[2020-02-16T14:24:28,506][INFO ][o.e.s.a.p.MovFnWhitelistedFunctionTests] [testHoltWintersMultiplicative] after test
[2020-02-16T14:24:28,512][INFO ][o.e.s.a.p.MovFnWhitelistedFunctionTests] [testWindowMax] before test
[2020-02-16T14:24:28,513][INFO ][o.e.s.a.p.MovFnWhitelistedFunctionTests] [testWindowMax] after test
[2020-02-16T14:24:28,515][INFO ][o.e.s.a.p.MovFnWhitelistedFunctionTests] [testEmptySimpleStdDev] before test
[2020-02-16T14:24:28,515][INFO ][o.e.s.a.p.MovFnWhitelistedFunctionTests] [testEmptySimpleStdDev] after test
[2020-02-16T14:24:28,517][INFO ][o.e.s.a.p.MovFnWhitelistedFunctionTests] [testNullSimpleStdDev] before test
[2020-02-16T14:24:28,517][INFO ][o.e.s.a.p.MovFnWhitelistedFunctionTests] [testNullSimpleStdDev] after test
[2020-02-16T14:24:28,519][INFO ][o.e.s.a.p.MovFnWhitelistedFunctionTests] [testHoltLinearMovAvg] before test
[2020-02-16T14:24:28,520][INFO ][o.e.s.a.p.MovFnWhitelistedFunctionTests] [testHoltLinearMovAvg] after test
[2020-02-16T14:24:28,522][INFO ][o.e.s.a.p.MovFnWhitelistedFunctionTests] [testWindowSum] before test
[2020-02-16T14:24:28,523][INFO ][o.e.s.a.p.MovFnWhitelistedFunctionTests] [testWindowSum] after test
[2020-02-16T14:24:28,526][INFO ][o.e.s.a.p.MovFnWhitelistedFunctionTests] [testEmptyWindowMin] before test
[2020-02-16T14:24:28,526][INFO ][o.e.s.a.p.MovFnWhitelistedFunctionTests] [testEmptyWindowMin] after test
[2020-02-16T14:24:28,528][INFO ][o.e.s.a.p.MovFnWhitelistedFunctionTests] [testNullHoltWintersMovAvg] before test
[2020-02-16T14:24:28,529][INFO ][o.e.s.a.p.MovFnWhitelistedFunctionTests] [testNullHoltWintersMovAvg] after test
[2020-02-16T14:24:28,531][INFO ][o.e.s.a.p.MovFnWhitelistedFunctionTests] [testEmptySimpleMovAvg] before test
[2020-02-16T14:24:28,531][INFO ][o.e.s.a.p.MovFnWhitelistedFunctionTests] [testEmptySimpleMovAvg] after test
[2020-02-16T14:24:28,533][INFO ][o.e.s.a.p.MovFnWhitelistedFunctionTests] [testNullEwmaMovAvg] before test
[2020-02-16T14:24:28,533][INFO ][o.e.s.a.p.MovFnWhitelistedFunctionTests] [testNullEwmaMovAvg] after test
[2020-02-16T14:24:28,535][INFO ][o.e.s.a.p.MovFnWhitelistedFunctionTests] [testWindowMin] before test
[2020-02-16T14:24:28,536][INFO ][o.e.s.a.p.MovFnWhitelistedFunctionTests] [testWindowMin] after test
[2020-02-16T14:24:28,537][INFO ][o.e.s.a.p.MovFnWhitelistedFunctionTests] [testHoltWintersAdditive] before test
[2020-02-16T14:24:28,538][INFO ][o.e.s.a.p.MovFnWhitelistedFunctionTests] [testHoltWintersAdditive] after test
[2020-02-16T14:24:28,541][INFO ][o.e.s.a.p.MovFnWhitelistedFunctionTests] [testNullWindowMin] before test
[2020-02-16T14:24:28,542][INFO ][o.e.s.a.p.MovFnWhitelistedFunctionTests] [testNullWindowMin] after test
]]></system-out>
  <system-err><![CDATA[]]></system-err>
</testsuite>
