<?xml version="1.0" encoding="UTF-8"?>
<testsuite name="org.elasticsearch.plugins.IndexStorePluginTests" tests="2" skipped="0" failures="0" errors="0" timestamp="2020-02-16T22:25:15" hostname="Escoto-PC" time="0.382">
  <properties/>
  <testcase name="testDuplicateIndexStoreFactories" classname="org.elasticsearch.plugins.IndexStorePluginTests" time="0.192"/>
  <testcase name="testIndexStoreFactoryConflictsWithBuiltInIndexStoreType" classname="org.elasticsearch.plugins.IndexStorePluginTests" time="0.19"/>
  <system-out><![CDATA[[2020-02-16T12:25:15,644][INFO ][o.e.p.IndexStorePluginTests] [testDuplicateIndexStoreFactories] before test
[2020-02-16T12:25:15,653][INFO ][o.e.e.NodeEnvironment    ] [testDuplicateIndexStoreFactories] using [1] data paths, mounts [[Old HDD (E:)]], net usable_space [89.5gb], net total_space [232.8gb], types [NTFS]
[2020-02-16T12:25:15,653][INFO ][o.e.e.NodeEnvironment    ] [testDuplicateIndexStoreFactories] heap size [512mb], compressed ordinary object pointers [true]
[2020-02-16T12:25:15,655][INFO ][o.e.n.Node               ] [testDuplicateIndexStoreFactories] node name [mock_ node], node ID [APdqn___T_-n2xrq_____w], cluster name [elasticsearch]
[2020-02-16T12:25:15,656][INFO ][o.e.n.Node               ] [testDuplicateIndexStoreFactories] version[7.5.1], pid[2148], build[unknown/unknown/unknown/unknown], OS[Windows 7/6.1/amd64], JVM[Oracle Corporation/OpenJDK 64-Bit Server VM/12.0.2/12.0.2+10]
[2020-02-16T12:25:15,656][INFO ][o.e.n.Node               ] [testDuplicateIndexStoreFactories] JVM home [C:\Program Files\Java\jdk-12.0.2]
[2020-02-16T12:25:15,656][INFO ][o.e.n.Node               ] [testDuplicateIndexStoreFactories] JVM arguments [-Dcompiler.java=12, -Des.scripting.update.ctx_in_params=false, -Des.transport.cname_in_publish_address=true, -Dgradle.dist.lib=C:\Users\Escoto\.gradle\wrapper\dists\gradle-5.6.2-bin\3clyn6icets6f02ptgd5hlmou\gradle-5.6.2\lib, -Dgradle.user.home=C:\Users\Escoto\.gradle, -Dgradle.worker.jar=C:\Users\Escoto\.gradle/caches/5.6.2/workerMain/gradle-worker.jar, -Dio.netty.noKeySetOptimization=true, -Dio.netty.noUnsafe=true, -Dio.netty.recycler.maxCapacityPerThread=0, -Djava.awt.headless=true, -Djna.nosys=true, -Dorg.gradle.native=false, -Druntime.java=12, -Dtests.artifact=server, -Dtests.gradle=true, -Dtests.logger.level=WARN, -Dtests.security.manager=true, -Dtests.seed=9EA1F2A3814E5F76, -Dtests.task=:server:test, -Dtests.timeoutSuite=1800000!, -esa, --illegal-access=warn, -XX:+HeapDumpOnOutOfMemoryError, -XX:HeapDumpPath=E:\NotD\git\elasticsearch\server\build\heapdump, -Xms512m, -Xmx512m, -Dfile.encoding=windows-1252, -Djava.io.tmpdir=./temp, -Duser.country=US, -Duser.language=en, -Duser.variant, -ea]
[2020-02-16T12:25:15,656][INFO ][o.e.p.PluginsService     ] [testDuplicateIndexStoreFactories] no modules loaded
[2020-02-16T12:25:15,656][INFO ][o.e.p.PluginsService     ] [testDuplicateIndexStoreFactories] loaded plugin [org.elasticsearch.plugins.IndexStorePluginTests$BarStorePlugin]
[2020-02-16T12:25:15,656][INFO ][o.e.p.PluginsService     ] [testDuplicateIndexStoreFactories] loaded plugin [org.elasticsearch.plugins.IndexStorePluginTests$FooStorePlugin]
[2020-02-16T12:25:15,834][INFO ][o.e.p.IndexStorePluginTests] [testDuplicateIndexStoreFactories] after test
[2020-02-16T12:25:15,835][INFO ][o.e.p.IndexStorePluginTests] [testIndexStoreFactoryConflictsWithBuiltInIndexStoreType] before test
[2020-02-16T12:25:15,844][INFO ][o.e.e.NodeEnvironment    ] [testIndexStoreFactoryConflictsWithBuiltInIndexStoreType] using [1] data paths, mounts [[Old HDD (E:)]], net usable_space [89.5gb], net total_space [232.8gb], types [NTFS]
[2020-02-16T12:25:15,844][INFO ][o.e.e.NodeEnvironment    ] [testIndexStoreFactoryConflictsWithBuiltInIndexStoreType] heap size [512mb], compressed ordinary object pointers [true]
[2020-02-16T12:25:15,846][INFO ][o.e.n.Node               ] [testIndexStoreFactoryConflictsWithBuiltInIndexStoreType] node name [mock_ node], node ID [reNpfQAAQACsmQzb_____w], cluster name [elasticsearch]
[2020-02-16T12:25:15,846][INFO ][o.e.n.Node               ] [testIndexStoreFactoryConflictsWithBuiltInIndexStoreType] version[7.5.1], pid[2148], build[unknown/unknown/unknown/unknown], OS[Windows 7/6.1/amd64], JVM[Oracle Corporation/OpenJDK 64-Bit Server VM/12.0.2/12.0.2+10]
[2020-02-16T12:25:15,846][INFO ][o.e.n.Node               ] [testIndexStoreFactoryConflictsWithBuiltInIndexStoreType] JVM home [C:\Program Files\Java\jdk-12.0.2]
[2020-02-16T12:25:15,846][INFO ][o.e.n.Node               ] [testIndexStoreFactoryConflictsWithBuiltInIndexStoreType] JVM arguments [-Dcompiler.java=12, -Des.scripting.update.ctx_in_params=false, -Des.transport.cname_in_publish_address=true, -Dgradle.dist.lib=C:\Users\Escoto\.gradle\wrapper\dists\gradle-5.6.2-bin\3clyn6icets6f02ptgd5hlmou\gradle-5.6.2\lib, -Dgradle.user.home=C:\Users\Escoto\.gradle, -Dgradle.worker.jar=C:\Users\Escoto\.gradle/caches/5.6.2/workerMain/gradle-worker.jar, -Dio.netty.noKeySetOptimization=true, -Dio.netty.noUnsafe=true, -Dio.netty.recycler.maxCapacityPerThread=0, -Djava.awt.headless=true, -Djna.nosys=true, -Dorg.gradle.native=false, -Druntime.java=12, -Dtests.artifact=server, -Dtests.gradle=true, -Dtests.logger.level=WARN, -Dtests.security.manager=true, -Dtests.seed=9EA1F2A3814E5F76, -Dtests.task=:server:test, -Dtests.timeoutSuite=1800000!, -esa, --illegal-access=warn, -XX:+HeapDumpOnOutOfMemoryError, -XX:HeapDumpPath=E:\NotD\git\elasticsearch\server\build\heapdump, -Xms512m, -Xmx512m, -Dfile.encoding=windows-1252, -Djava.io.tmpdir=./temp, -Duser.country=US, -Duser.language=en, -Duser.variant, -ea]
[2020-02-16T12:25:15,847][INFO ][o.e.p.PluginsService     ] [testIndexStoreFactoryConflictsWithBuiltInIndexStoreType] no modules loaded
[2020-02-16T12:25:15,847][INFO ][o.e.p.PluginsService     ] [testIndexStoreFactoryConflictsWithBuiltInIndexStoreType] loaded plugin [org.elasticsearch.plugins.IndexStorePluginTests$ConflictingStorePlugin]
[2020-02-16T12:25:16,023][INFO ][o.e.p.IndexStorePluginTests] [testIndexStoreFactoryConflictsWithBuiltInIndexStoreType] after test
]]></system-out>
  <system-err><![CDATA[]]></system-err>
</testsuite>
