<?xml version="1.0" encoding="UTF-8"?>
<testsuite name="org.elasticsearch.cluster.serialization.ClusterStateToStringTests" tests="1" skipped="0" failures="0" errors="0" timestamp="2020-02-16T22:20:40" hostname="Escoto-PC" time="0.005">
  <properties/>
  <testcase name="testClusterStateSerialization" classname="org.elasticsearch.cluster.serialization.ClusterStateToStringTests" time="0.005"/>
  <system-out><![CDATA[[2020-02-17T01:20:40,911][INFO ][o.e.c.s.ClusterStateToStringTests] [testClusterStateSerialization] before test
[2020-02-17T01:20:40,913][INFO ][o.e.c.r.a.AllocationService] [testClusterStateSerialization] Cluster health status changed from [YELLOW] to [RED] (reason: [reroute]).
[2020-02-17T01:20:40,914][INFO ][o.e.c.s.ClusterStateToStringTests] [testClusterStateSerialization] after test
]]></system-out>
  <system-err><![CDATA[]]></system-err>
</testsuite>
