<?xml version="1.0" encoding="UTF-8"?>
<testsuite name="org.elasticsearch.index.fielddata.fieldcomparator.ReplaceMissingTests" tests="1" skipped="0" failures="0" errors="0" timestamp="2020-02-16T22:22:35" hostname="Escoto-PC" time="0.012">
  <properties/>
  <testcase name="test" classname="org.elasticsearch.index.fielddata.fieldcomparator.ReplaceMissingTests" time="0.012"/>
  <system-out><![CDATA[[2020-02-16T10:22:35,610][INFO ][o.e.i.f.f.ReplaceMissingTests] [test] before test
[2020-02-16T10:22:35,619][INFO ][o.e.i.f.f.ReplaceMissingTests] [test] after test
]]></system-out>
  <system-err><![CDATA[]]></system-err>
</testsuite>
