<?xml version="1.0" encoding="UTF-8"?>
<testsuite name="org.elasticsearch.common.transport.BoundTransportAddressTests" tests="2" skipped="0" failures="0" errors="0" timestamp="2020-02-16T22:21:54" hostname="Escoto-PC" time="0.008">
  <properties/>
  <testcase name="testBadBoundAddressArray" classname="org.elasticsearch.common.transport.BoundTransportAddressTests" time="0.004"/>
  <testcase name="testSerialization" classname="org.elasticsearch.common.transport.BoundTransportAddressTests" time="0.004"/>
  <system-out><![CDATA[[2020-02-16T18:21:54,916][INFO ][o.e.c.t.BoundTransportAddressTests] [testBadBoundAddressArray] before test
[2020-02-16T18:21:54,918][INFO ][o.e.c.t.BoundTransportAddressTests] [testBadBoundAddressArray] after test
[2020-02-16T18:21:54,922][INFO ][o.e.c.t.BoundTransportAddressTests] [testSerialization] before test
[2020-02-16T18:21:54,922][INFO ][o.e.c.t.BoundTransportAddressTests] [testSerialization] after test
]]></system-out>
  <system-err><![CDATA[]]></system-err>
</testsuite>
