<?xml version="1.0" encoding="UTF-8"?>
<testsuite name="org.elasticsearch.index.query.CommonTermsQueryParserTests" tests="1" skipped="0" failures="0" errors="0" timestamp="2020-02-16T22:23:34" hostname="Escoto-PC" time="2.333">
  <properties/>
  <testcase name="testWhenParsedQueryIsNullNoNullPointerExceptionIsThrown" classname="org.elasticsearch.index.query.CommonTermsQueryParserTests" time="2.333"/>
  <system-out><![CDATA[[2020-02-17T10:23:34,192][INFO ][o.e.e.NodeEnvironment    ] [testWhenParsedQueryIsNullNoNullPointerExceptionIsThrown] using [1] data paths, mounts [[Old HDD (E:)]], net usable_space [89.5gb], net total_space [232.8gb], types [NTFS]
[2020-02-17T10:23:34,194][INFO ][o.e.e.NodeEnvironment    ] [testWhenParsedQueryIsNullNoNullPointerExceptionIsThrown] heap size [512mb], compressed ordinary object pointers [true]
[2020-02-17T10:23:34,196][INFO ][o.e.n.Node               ] [testWhenParsedQueryIsNullNoNullPointerExceptionIsThrown] node name [node_s_0], node ID [dk2VT76lQ26PKgrLU5gJAA], cluster name [single-node-cluster-TEST_WORKER_VM=[12]-CLUSTER_SEED=[1569056718503389575]-HASH=[14E683E1AC0]]
[2020-02-17T10:23:34,196][INFO ][o.e.n.Node               ] [testWhenParsedQueryIsNullNoNullPointerExceptionIsThrown] version[7.5.1], pid[2148], build[unknown/unknown/unknown/unknown], OS[Windows 7/6.1/amd64], JVM[Oracle Corporation/OpenJDK 64-Bit Server VM/12.0.2/12.0.2+10]
[2020-02-17T10:23:34,196][INFO ][o.e.n.Node               ] [testWhenParsedQueryIsNullNoNullPointerExceptionIsThrown] JVM home [C:\Program Files\Java\jdk-12.0.2]
[2020-02-17T10:23:34,196][INFO ][o.e.n.Node               ] [testWhenParsedQueryIsNullNoNullPointerExceptionIsThrown] JVM arguments [-Dcompiler.java=12, -Des.scripting.update.ctx_in_params=false, -Des.transport.cname_in_publish_address=true, -Dgradle.dist.lib=C:\Users\Escoto\.gradle\wrapper\dists\gradle-5.6.2-bin\3clyn6icets6f02ptgd5hlmou\gradle-5.6.2\lib, -Dgradle.user.home=C:\Users\Escoto\.gradle, -Dgradle.worker.jar=C:\Users\Escoto\.gradle/caches/5.6.2/workerMain/gradle-worker.jar, -Dio.netty.noKeySetOptimization=true, -Dio.netty.noUnsafe=true, -Dio.netty.recycler.maxCapacityPerThread=0, -Djava.awt.headless=true, -Djna.nosys=true, -Dorg.gradle.native=false, -Druntime.java=12, -Dtests.artifact=server, -Dtests.gradle=true, -Dtests.logger.level=WARN, -Dtests.security.manager=true, -Dtests.seed=9EA1F2A3814E5F76, -Dtests.task=:server:test, -Dtests.timeoutSuite=1800000!, -esa, --illegal-access=warn, -XX:+HeapDumpOnOutOfMemoryError, -XX:HeapDumpPath=E:\NotD\git\elasticsearch\server\build\heapdump, -Xms512m, -Xmx512m, -Dfile.encoding=windows-1252, -Djava.io.tmpdir=./temp, -Duser.country=US, -Duser.language=en, -Duser.variant, -ea]
[2020-02-17T10:23:34,197][INFO ][o.e.p.PluginsService     ] [testWhenParsedQueryIsNullNoNullPointerExceptionIsThrown] no modules loaded
[2020-02-17T10:23:34,197][INFO ][o.e.p.PluginsService     ] [testWhenParsedQueryIsNullNoNullPointerExceptionIsThrown] loaded plugin [org.elasticsearch.test.MockHttpTransport$TestPlugin]
[2020-02-17T10:23:34,197][INFO ][o.e.p.PluginsService     ] [testWhenParsedQueryIsNullNoNullPointerExceptionIsThrown] loaded plugin [org.elasticsearch.transport.nio.MockNioTransportPlugin]
[2020-02-17T10:23:34,385][INFO ][o.e.d.DiscoveryModule    ] [testWhenParsedQueryIsNullNoNullPointerExceptionIsThrown] using discovery type [zen] and seed hosts providers [settings]
[2020-02-17T10:23:34,392][INFO ][o.e.n.Node               ] [testWhenParsedQueryIsNullNoNullPointerExceptionIsThrown] initialized
[2020-02-17T10:23:34,392][INFO ][o.e.n.Node               ] [testWhenParsedQueryIsNullNoNullPointerExceptionIsThrown] starting ...
[2020-02-17T10:23:34,680][INFO ][o.e.t.TransportService   ] [testWhenParsedQueryIsNullNoNullPointerExceptionIsThrown] publish_address {127.0.0.1:11500}, bound_addresses {127.0.0.1:11500}, {[::1]:11500}
[2020-02-17T10:23:34,728][INFO ][o.e.c.c.Coordinator      ] [testWhenParsedQueryIsNullNoNullPointerExceptionIsThrown] setting initial configuration to VotingConfiguration{dk2VT76lQ26PKgrLU5gJAA}
[2020-02-17T10:23:34,877][INFO ][o.e.c.s.MasterService    ] [node_s_0] elected-as-master ([1] nodes joined)[{node_s_0}{dk2VT76lQ26PKgrLU5gJAA}{p9drKUgpQsWPqZ6PpPkUVw}{127.0.0.1}{127.0.0.1:11500}{dim} elect leader, _BECOME_MASTER_TASK_, _FINISH_ELECTION_], term: 1, version: 1, delta: master node changed {previous [], current [{node_s_0}{dk2VT76lQ26PKgrLU5gJAA}{p9drKUgpQsWPqZ6PpPkUVw}{127.0.0.1}{127.0.0.1:11500}{dim}]}
[2020-02-17T10:23:34,968][INFO ][o.e.c.c.CoordinationState] [node_s_0] cluster UUID set to [MVgW77jVRT2rfMieKLlBOQ]
[2020-02-17T10:23:35,052][INFO ][o.e.c.s.ClusterApplierService] [node_s_0] master node changed {previous [], current [{node_s_0}{dk2VT76lQ26PKgrLU5gJAA}{p9drKUgpQsWPqZ6PpPkUVw}{127.0.0.1}{127.0.0.1:11500}{dim}]}, term: 1, version: 1, reason: Publication{term=1, version=1}
[2020-02-17T10:23:35,052][INFO ][o.e.n.Node               ] [testWhenParsedQueryIsNullNoNullPointerExceptionIsThrown] started
[2020-02-17T10:23:35,093][INFO ][o.e.g.GatewayService     ] [node_s_0] recovered [0] indices into cluster_state
[2020-02-17T10:23:35,094][INFO ][o.e.c.m.MetaDataIndexTemplateService] [node_s_0] adding template [one_shard_index_template] for index patterns [*]
[2020-02-17T10:23:35,196][INFO ][o.e.c.m.MetaDataIndexTemplateService] [node_s_0] adding template [random-soft-deletes-template] for index patterns [*]
[2020-02-17T10:23:35,336][INFO ][o.e.i.q.CommonTermsQueryParserTests] [testWhenParsedQueryIsNullNoNullPointerExceptionIsThrown] before test
[2020-02-17T10:23:35,338][INFO ][o.e.c.m.MetaDataCreateIndexService] [node_s_0] [test-index] creating index, cause [api], templates [random-soft-deletes-template, one_shard_index_template], shards [1]/[0], mappings [test-type]
[2020-02-17T10:23:36,196][INFO ][o.e.c.r.a.AllocationService] [node_s_0] Cluster health status changed from [YELLOW] to [GREEN] (reason: [shards started [[test-index][0]]]).
[2020-02-17T10:23:36,315][INFO ][o.e.i.q.CommonTermsQueryParserTests] [testWhenParsedQueryIsNullNoNullPointerExceptionIsThrown] after test
[2020-02-17T10:23:36,316][INFO ][o.e.c.m.MetaDataDeleteIndexService] [node_s_0] [test-index/k1IpCTueQq-LFsqR-hl2wA] deleting index
[2020-02-17T10:23:36,447][INFO ][o.e.n.Node               ] [suite] stopping ...
[2020-02-17T10:23:36,447][INFO ][o.e.n.Node               ] [suite] stopped
[2020-02-17T10:23:36,447][INFO ][o.e.n.Node               ] [suite] closing ...
[2020-02-17T10:23:36,448][INFO ][o.e.n.Node               ] [suite] closed
]]></system-out>
  <system-err><![CDATA[]]></system-err>
</testsuite>
