<?xml version="1.0" encoding="UTF-8"?>
<testsuite name="org.elasticsearch.action.admin.cluster.snapshots.get.GetSnapshotsResponseTests" tests="3" skipped="0" failures="0" errors="0" timestamp="2020-02-16T22:20:23" hostname="Escoto-PC" time="0.336">
  <properties/>
  <testcase name="testEqualsAndHashcode" classname="org.elasticsearch.action.admin.cluster.snapshots.get.GetSnapshotsResponseTests" time="0.045"/>
  <testcase name="testFromXContent" classname="org.elasticsearch.action.admin.cluster.snapshots.get.GetSnapshotsResponseTests" time="0.262"/>
  <testcase name="testSerialization" classname="org.elasticsearch.action.admin.cluster.snapshots.get.GetSnapshotsResponseTests" time="0.029"/>
  <system-out><![CDATA[[2020-02-16T17:20:23,859][INFO ][o.e.a.a.c.s.g.GetSnapshotsResponseTests] [testEqualsAndHashcode] before test
[2020-02-16T17:20:23,901][INFO ][o.e.a.a.c.s.g.GetSnapshotsResponseTests] [testEqualsAndHashcode] after test
[2020-02-16T17:20:23,904][INFO ][o.e.a.a.c.s.g.GetSnapshotsResponseTests] [testFromXContent] before test
[2020-02-16T17:20:24,163][INFO ][o.e.a.a.c.s.g.GetSnapshotsResponseTests] [testFromXContent] after test
[2020-02-16T17:20:24,181][INFO ][o.e.a.a.c.s.g.GetSnapshotsResponseTests] [testSerialization] before test
[2020-02-16T17:20:24,193][INFO ][o.e.a.a.c.s.g.GetSnapshotsResponseTests] [testSerialization] after test
]]></system-out>
  <system-err><![CDATA[]]></system-err>
</testsuite>
