<?xml version="1.0" encoding="UTF-8"?>
<testsuite name="org.elasticsearch.common.xcontent.json.JsonXContentTests" tests="53" skipped="0" failures="0" errors="0" timestamp="2020-02-16T22:20:54" hostname="Escoto-PC" time="0.419">
  <properties/>
  <testcase name="testLatLon" classname="org.elasticsearch.common.xcontent.json.JsonXContentTests" time="0.022"/>
  <testcase name="testLongs" classname="org.elasticsearch.common.xcontent.json.JsonXContentTests" time="0.008"/>
  <testcase name="testReadableInstant" classname="org.elasticsearch.common.xcontent.json.JsonXContentTests" time="0.002"/>
  <testcase name="testBinaryUTF8" classname="org.elasticsearch.common.xcontent.json.JsonXContentTests" time="0.004"/>
  <testcase name="testStrings" classname="org.elasticsearch.common.xcontent.json.JsonXContentTests" time="0.047"/>
  <testcase name="testBinaryValueWithOffsetLength" classname="org.elasticsearch.common.xcontent.json.JsonXContentTests" time="0.004"/>
  <testcase name="testField" classname="org.elasticsearch.common.xcontent.json.JsonXContentTests" time="0.003"/>
  <testcase name="testSelfReferencingMapsOneLevel" classname="org.elasticsearch.common.xcontent.json.JsonXContentTests" time="0.004"/>
  <testcase name="testBigDecimals" classname="org.elasticsearch.common.xcontent.json.JsonXContentTests" time="0.003"/>
  <testcase name="testObject" classname="org.elasticsearch.common.xcontent.json.JsonXContentTests" time="0.008"/>
  <testcase name="testBytes" classname="org.elasticsearch.common.xcontent.json.JsonXContentTests" time="0.005"/>
  <testcase name="testBigIntegers" classname="org.elasticsearch.common.xcontent.json.JsonXContentTests" time="0.003"/>
  <testcase name="testToXContent" classname="org.elasticsearch.common.xcontent.json.JsonXContentTests" time="0.004"/>
  <testcase name="testMissingEndObject" classname="org.elasticsearch.common.xcontent.json.JsonXContentTests" time="0.011"/>
  <testcase name="testJavaTime" classname="org.elasticsearch.common.xcontent.json.JsonXContentTests" time="0.026"/>
  <testcase name="testSelfReferencingMapsTwoLevels" classname="org.elasticsearch.common.xcontent.json.JsonXContentTests" time="0.01"/>
  <testcase name="testDateField" classname="org.elasticsearch.common.xcontent.json.JsonXContentTests" time="0.008"/>
  <testcase name="testSelfReferencingIterableTwoLevels" classname="org.elasticsearch.common.xcontent.json.JsonXContentTests" time="0.003"/>
  <testcase name="testSelfReferencingIterable" classname="org.elasticsearch.common.xcontent.json.JsonXContentTests" time="0.003"/>
  <testcase name="testUnknownObject" classname="org.elasticsearch.common.xcontent.json.JsonXContentTests" time="0.005"/>
  <testcase name="testDoubles" classname="org.elasticsearch.common.xcontent.json.JsonXContentTests" time="0.023"/>
  <testcase name="testChecksForDuplicates" classname="org.elasticsearch.common.xcontent.json.JsonXContentTests" time="0.003"/>
  <testcase name="testEnsureNotNull" classname="org.elasticsearch.common.xcontent.json.JsonXContentTests" time="0.003"/>
  <testcase name="testEnsureNameNotNull" classname="org.elasticsearch.common.xcontent.json.JsonXContentTests" time="0.003"/>
  <testcase name="testBinaryValue" classname="org.elasticsearch.common.xcontent.json.JsonXContentTests" time="0.019"/>
  <testcase name="testNullValue" classname="org.elasticsearch.common.xcontent.json.JsonXContentTests" time="0.003"/>
  <testcase name="testMap" classname="org.elasticsearch.common.xcontent.json.JsonXContentTests" time="0.003"/>
  <testcase name="testBooleans" classname="org.elasticsearch.common.xcontent.json.JsonXContentTests" time="0.02"/>
  <testcase name="testGeoPoint" classname="org.elasticsearch.common.xcontent.json.JsonXContentTests" time="0.003"/>
  <testcase name="testNullField" classname="org.elasticsearch.common.xcontent.json.JsonXContentTests" time="0.015"/>
  <testcase name="testStartEndArray" classname="org.elasticsearch.common.xcontent.json.JsonXContentTests" time="0.012"/>
  <testcase name="testSelfReferencingObjectsArray" classname="org.elasticsearch.common.xcontent.json.JsonXContentTests" time="0.021"/>
  <testcase name="testIntegers" classname="org.elasticsearch.common.xcontent.json.JsonXContentTests" time="0.003"/>
  <testcase name="testCalendar" classname="org.elasticsearch.common.xcontent.json.JsonXContentTests" time="0.004"/>
  <testcase name="testShorts" classname="org.elasticsearch.common.xcontent.json.JsonXContentTests" time="0.003"/>
  <testcase name="testIterable" classname="org.elasticsearch.common.xcontent.json.JsonXContentTests" time="0.003"/>
  <testcase name="testNamedObject" classname="org.elasticsearch.common.xcontent.json.JsonXContentTests" time="0.003"/>
  <testcase name="testDate" classname="org.elasticsearch.common.xcontent.json.JsonXContentTests" time="0.002"/>
  <testcase name="testBigInteger" classname="org.elasticsearch.common.xcontent.json.JsonXContentTests" time="0.006"/>
  <testcase name="testObjects" classname="org.elasticsearch.common.xcontent.json.JsonXContentTests" time="0.004"/>
  <testcase name="testContentType" classname="org.elasticsearch.common.xcontent.json.JsonXContentTests" time="0.002"/>
  <testcase name="testRawField" classname="org.elasticsearch.common.xcontent.json.JsonXContentTests" time="0.004"/>
  <testcase name="testBasics" classname="org.elasticsearch.common.xcontent.json.JsonXContentTests" time="0.002"/>
  <testcase name="testMissingEndArray" classname="org.elasticsearch.common.xcontent.json.JsonXContentTests" time="0.002"/>
  <testcase name="testPath" classname="org.elasticsearch.common.xcontent.json.JsonXContentTests" time="0.003"/>
  <testcase name="testFloats" classname="org.elasticsearch.common.xcontent.json.JsonXContentTests" time="0.003"/>
  <testcase name="testText" classname="org.elasticsearch.common.xcontent.json.JsonXContentTests" time="0.003"/>
  <testcase name="testEnsureNoSelfReferences" classname="org.elasticsearch.common.xcontent.json.JsonXContentTests" time="0.002"/>
  <testcase name="testSelfReferencingIterableOneLevel" classname="org.elasticsearch.common.xcontent.json.JsonXContentTests" time="0.002"/>
  <testcase name="testRawValue" classname="org.elasticsearch.common.xcontent.json.JsonXContentTests" time="0.002"/>
  <testcase name="testRepeatedMapsAndNoSelfReferences" classname="org.elasticsearch.common.xcontent.json.JsonXContentTests" time="0.002"/>
  <testcase name="testStartEndObject" classname="org.elasticsearch.common.xcontent.json.JsonXContentTests" time="0.021"/>
  <testcase name="testBinaryField" classname="org.elasticsearch.common.xcontent.json.JsonXContentTests" time="0.005"/>
  <system-out><![CDATA[[2020-02-16T22:20:54,805][INFO ][o.e.c.x.j.JsonXContentTests] [testLatLon] before test
[2020-02-16T22:20:54,805][INFO ][o.e.c.x.j.JsonXContentTests] [testLatLon] after test
[2020-02-16T22:20:54,813][INFO ][o.e.c.x.j.JsonXContentTests] [testLongs] before test
[2020-02-16T22:20:54,813][INFO ][o.e.c.x.j.JsonXContentTests] [testLongs] after test
[2020-02-16T22:20:54,816][INFO ][o.e.c.x.j.JsonXContentTests] [testReadableInstant] before test
[2020-02-16T22:20:54,816][INFO ][o.e.c.x.j.JsonXContentTests] [testReadableInstant] after test
[2020-02-16T22:20:54,821][INFO ][o.e.c.x.j.JsonXContentTests] [testBinaryUTF8] before test
[2020-02-16T22:20:54,821][INFO ][o.e.c.x.j.JsonXContentTests] [testBinaryUTF8] after test
[2020-02-16T22:20:54,869][INFO ][o.e.c.x.j.JsonXContentTests] [testStrings] before test
[2020-02-16T22:20:54,869][INFO ][o.e.c.x.j.JsonXContentTests] [testStrings] after test
[2020-02-16T22:20:54,873][INFO ][o.e.c.x.j.JsonXContentTests] [testBinaryValueWithOffsetLength] before test
[2020-02-16T22:20:54,874][INFO ][o.e.c.x.j.JsonXContentTests] [testBinaryValueWithOffsetLength] after test
[2020-02-16T22:20:54,877][INFO ][o.e.c.x.j.JsonXContentTests] [testField] before test
[2020-02-16T22:20:54,877][INFO ][o.e.c.x.j.JsonXContentTests] [testField] after test
[2020-02-16T22:20:54,881][INFO ][o.e.c.x.j.JsonXContentTests] [testSelfReferencingMapsOneLevel] before test
[2020-02-16T22:20:54,881][INFO ][o.e.c.x.j.JsonXContentTests] [testSelfReferencingMapsOneLevel] after test
[2020-02-16T22:20:54,884][INFO ][o.e.c.x.j.JsonXContentTests] [testBigDecimals] before test
[2020-02-16T22:20:54,884][INFO ][o.e.c.x.j.JsonXContentTests] [testBigDecimals] after test
[2020-02-16T22:20:54,887][INFO ][o.e.c.x.j.JsonXContentTests] [testObject] before test
[2020-02-16T22:20:54,892][INFO ][o.e.c.x.j.JsonXContentTests] [testObject] after test
[2020-02-16T22:20:54,897][INFO ][o.e.c.x.j.JsonXContentTests] [testBytes] before test
[2020-02-16T22:20:54,897][INFO ][o.e.c.x.j.JsonXContentTests] [testBytes] after test
[2020-02-16T22:20:54,899][INFO ][o.e.c.x.j.JsonXContentTests] [testBigIntegers] before test
[2020-02-16T22:20:54,900][INFO ][o.e.c.x.j.JsonXContentTests] [testBigIntegers] after test
[2020-02-16T22:20:54,904][INFO ][o.e.c.x.j.JsonXContentTests] [testToXContent] before test
[2020-02-16T22:20:54,904][INFO ][o.e.c.x.j.JsonXContentTests] [testToXContent] after test
[2020-02-16T22:20:54,915][INFO ][o.e.c.x.j.JsonXContentTests] [testMissingEndObject] before test
[2020-02-16T22:20:54,915][INFO ][o.e.c.x.j.JsonXContentTests] [testMissingEndObject] after test
[2020-02-16T22:20:54,941][INFO ][o.e.c.x.j.JsonXContentTests] [testJavaTime] before test
[2020-02-16T22:20:54,942][INFO ][o.e.c.x.j.JsonXContentTests] [testJavaTime] after test
[2020-02-16T22:20:54,952][INFO ][o.e.c.x.j.JsonXContentTests] [testSelfReferencingMapsTwoLevels] before test
[2020-02-16T22:20:54,952][INFO ][o.e.c.x.j.JsonXContentTests] [testSelfReferencingMapsTwoLevels] after test
[2020-02-16T22:20:54,960][INFO ][o.e.c.x.j.JsonXContentTests] [testDateField] before test
[2020-02-16T22:20:54,960][INFO ][o.e.c.x.j.JsonXContentTests] [testDateField] after test
[2020-02-16T22:20:54,963][INFO ][o.e.c.x.j.JsonXContentTests] [testSelfReferencingIterableTwoLevels] before test
[2020-02-16T22:20:54,963][INFO ][o.e.c.x.j.JsonXContentTests] [testSelfReferencingIterableTwoLevels] after test
[2020-02-16T22:20:54,965][INFO ][o.e.c.x.j.JsonXContentTests] [testSelfReferencingIterable] before test
[2020-02-16T22:20:54,966][INFO ][o.e.c.x.j.JsonXContentTests] [testSelfReferencingIterable] after test
[2020-02-16T22:20:54,970][INFO ][o.e.c.x.j.JsonXContentTests] [testUnknownObject] before test
[2020-02-16T22:20:54,971][INFO ][o.e.c.x.j.JsonXContentTests] [testUnknownObject] after test
[2020-02-16T22:20:54,994][INFO ][o.e.c.x.j.JsonXContentTests] [testDoubles] before test
[2020-02-16T22:20:54,994][INFO ][o.e.c.x.j.JsonXContentTests] [testDoubles] after test
[2020-02-16T22:20:54,997][INFO ][o.e.c.x.j.JsonXContentTests] [testChecksForDuplicates] before test
[2020-02-16T22:20:54,997][INFO ][o.e.c.x.j.JsonXContentTests] [testChecksForDuplicates] after test
[2020-02-16T22:20:54,999][INFO ][o.e.c.x.j.JsonXContentTests] [testEnsureNotNull] before test
[2020-02-16T22:20:55,000][INFO ][o.e.c.x.j.JsonXContentTests] [testEnsureNotNull] after test
[2020-02-16T22:20:55,003][INFO ][o.e.c.x.j.JsonXContentTests] [testEnsureNameNotNull] before test
[2020-02-16T22:20:55,003][INFO ][o.e.c.x.j.JsonXContentTests] [testEnsureNameNotNull] after test
[2020-02-16T22:20:55,021][INFO ][o.e.c.x.j.JsonXContentTests] [testBinaryValue] before test
[2020-02-16T22:20:55,022][INFO ][o.e.c.x.j.JsonXContentTests] [testBinaryValue] after test
[2020-02-16T22:20:55,025][INFO ][o.e.c.x.j.JsonXContentTests] [testNullValue] before test
[2020-02-16T22:20:55,025][INFO ][o.e.c.x.j.JsonXContentTests] [testNullValue] after test
[2020-02-16T22:20:55,027][INFO ][o.e.c.x.j.JsonXContentTests] [testMap] before test
[2020-02-16T22:20:55,027][INFO ][o.e.c.x.j.JsonXContentTests] [testMap] after test
[2020-02-16T22:20:55,048][INFO ][o.e.c.x.j.JsonXContentTests] [testBooleans] before test
[2020-02-16T22:20:55,048][INFO ][o.e.c.x.j.JsonXContentTests] [testBooleans] after test
[2020-02-16T22:20:55,050][INFO ][o.e.c.x.j.JsonXContentTests] [testGeoPoint] before test
[2020-02-16T22:20:55,051][INFO ][o.e.c.x.j.JsonXContentTests] [testGeoPoint] after test
[2020-02-16T22:20:55,066][INFO ][o.e.c.x.j.JsonXContentTests] [testNullField] before test
[2020-02-16T22:20:55,066][INFO ][o.e.c.x.j.JsonXContentTests] [testNullField] after test
[2020-02-16T22:20:55,076][INFO ][o.e.c.x.j.JsonXContentTests] [testStartEndArray] before test
[2020-02-16T22:20:55,078][INFO ][o.e.c.x.j.JsonXContentTests] [testStartEndArray] after test
[2020-02-16T22:20:55,099][INFO ][o.e.c.x.j.JsonXContentTests] [testSelfReferencingObjectsArray] before test
[2020-02-16T22:20:55,099][INFO ][o.e.c.x.j.JsonXContentTests] [testSelfReferencingObjectsArray] after test
[2020-02-16T22:20:55,101][INFO ][o.e.c.x.j.JsonXContentTests] [testIntegers] before test
[2020-02-16T22:20:55,102][INFO ][o.e.c.x.j.JsonXContentTests] [testIntegers] after test
[2020-02-16T22:20:55,106][INFO ][o.e.c.x.j.JsonXContentTests] [testCalendar] before test
[2020-02-16T22:20:55,106][INFO ][o.e.c.x.j.JsonXContentTests] [testCalendar] after test
[2020-02-16T22:20:55,108][INFO ][o.e.c.x.j.JsonXContentTests] [testShorts] before test
[2020-02-16T22:20:55,109][INFO ][o.e.c.x.j.JsonXContentTests] [testShorts] after test
[2020-02-16T22:20:55,112][INFO ][o.e.c.x.j.JsonXContentTests] [testIterable] before test
[2020-02-16T22:20:55,112][INFO ][o.e.c.x.j.JsonXContentTests] [testIterable] after test
[2020-02-16T22:20:55,115][INFO ][o.e.c.x.j.JsonXContentTests] [testNamedObject] before test
[2020-02-16T22:20:55,115][WARN ][o.e.d.c.ParseField       ] [testNamedObject] Deprecated field [deprecated] used, expected [test2] instead
[2020-02-16T22:20:55,115][INFO ][o.e.c.x.j.JsonXContentTests] [testNamedObject] after test
[2020-02-16T22:20:55,117][INFO ][o.e.c.x.j.JsonXContentTests] [testDate] before test
[2020-02-16T22:20:55,118][INFO ][o.e.c.x.j.JsonXContentTests] [testDate] after test
[2020-02-16T22:20:55,124][INFO ][o.e.c.x.j.JsonXContentTests] [testBigInteger] before test
[2020-02-16T22:20:55,124][INFO ][o.e.c.x.j.JsonXContentTests] [testBigInteger] after test
[2020-02-16T22:20:55,126][INFO ][o.e.c.x.j.JsonXContentTests] [testObjects] before test
[2020-02-16T22:20:55,128][INFO ][o.e.c.x.j.JsonXContentTests] [testObjects] after test
[2020-02-16T22:20:55,130][INFO ][o.e.c.x.j.JsonXContentTests] [testContentType] before test
[2020-02-16T22:20:55,130][INFO ][o.e.c.x.j.JsonXContentTests] [testContentType] after test
[2020-02-16T22:20:55,134][INFO ][o.e.c.x.j.JsonXContentTests] [testRawField] before test
[2020-02-16T22:20:55,134][INFO ][o.e.c.x.j.JsonXContentTests] [testRawField] after test
[2020-02-16T22:20:55,137][INFO ][o.e.c.x.j.JsonXContentTests] [testBasics] before test
[2020-02-16T22:20:55,137][INFO ][o.e.c.x.j.JsonXContentTests] [testBasics] after test
[2020-02-16T22:20:55,139][INFO ][o.e.c.x.j.JsonXContentTests] [testMissingEndArray] before test
[2020-02-16T22:20:55,139][INFO ][o.e.c.x.j.JsonXContentTests] [testMissingEndArray] after test
[2020-02-16T22:20:55,142][INFO ][o.e.c.x.j.JsonXContentTests] [testPath] before test
[2020-02-16T22:20:55,142][INFO ][o.e.c.x.j.JsonXContentTests] [testPath] after test
[2020-02-16T22:20:55,144][INFO ][o.e.c.x.j.JsonXContentTests] [testFloats] before test
[2020-02-16T22:20:55,145][INFO ][o.e.c.x.j.JsonXContentTests] [testFloats] after test
[2020-02-16T22:20:55,148][INFO ][o.e.c.x.j.JsonXContentTests] [testText] before test
[2020-02-16T22:20:55,148][INFO ][o.e.c.x.j.JsonXContentTests] [testText] after test
[2020-02-16T22:20:55,170][INFO ][o.e.c.x.j.JsonXContentTests] [testEnsureNoSelfReferences] before test
[2020-02-16T22:20:55,170][INFO ][o.e.c.x.j.JsonXContentTests] [testEnsureNoSelfReferences] after test
[2020-02-16T22:20:55,172][INFO ][o.e.c.x.j.JsonXContentTests] [testSelfReferencingIterableOneLevel] before test
[2020-02-16T22:20:55,172][INFO ][o.e.c.x.j.JsonXContentTests] [testSelfReferencingIterableOneLevel] after test
[2020-02-16T22:20:55,174][INFO ][o.e.c.x.j.JsonXContentTests] [testRawValue] before test
[2020-02-16T22:20:55,174][INFO ][o.e.c.x.j.JsonXContentTests] [testRawValue] after test
[2020-02-16T22:20:55,176][INFO ][o.e.c.x.j.JsonXContentTests] [testRepeatedMapsAndNoSelfReferences] before test
[2020-02-16T22:20:55,176][INFO ][o.e.c.x.j.JsonXContentTests] [testRepeatedMapsAndNoSelfReferences] after test
[2020-02-16T22:20:55,196][INFO ][o.e.c.x.j.JsonXContentTests] [testStartEndObject] before test
[2020-02-16T22:20:55,197][INFO ][o.e.c.x.j.JsonXContentTests] [testStartEndObject] after test
[2020-02-16T22:20:55,201][INFO ][o.e.c.x.j.JsonXContentTests] [testBinaryField] before test
[2020-02-16T22:20:55,202][INFO ][o.e.c.x.j.JsonXContentTests] [testBinaryField] after test
]]></system-out>
  <system-err><![CDATA[]]></system-err>
</testsuite>
