<?xml version="1.0" encoding="UTF-8"?>
<testsuite name="org.elasticsearch.index.cache.bitset.BitSetFilterCacheTests" tests="4" skipped="0" failures="0" errors="0" timestamp="2020-02-16T22:21:14" hostname="Escoto-PC" time="0.03">
  <properties/>
  <testcase name="testSetNullListener" classname="org.elasticsearch.index.cache.bitset.BitSetFilterCacheTests" time="0.003"/>
  <testcase name="testInvalidateEntries" classname="org.elasticsearch.index.cache.bitset.BitSetFilterCacheTests" time="0.017"/>
  <testcase name="testListener" classname="org.elasticsearch.index.cache.bitset.BitSetFilterCacheTests" time="0.005"/>
  <testcase name="testRejectOtherIndex" classname="org.elasticsearch.index.cache.bitset.BitSetFilterCacheTests" time="0.005"/>
  <system-out><![CDATA[[2020-02-17T02:21:14,576][INFO ][o.e.i.c.b.BitSetFilterCacheTests] [testSetNullListener] before test
[2020-02-17T02:21:14,578][INFO ][o.e.i.c.b.BitSetFilterCacheTests] [testSetNullListener] after test
[2020-02-17T02:21:14,579][INFO ][o.e.i.c.b.BitSetFilterCacheTests] [testInvalidateEntries] before test
[2020-02-17T02:21:14,595][INFO ][o.e.i.c.b.BitSetFilterCacheTests] [testInvalidateEntries] after test
[2020-02-17T02:21:14,597][INFO ][o.e.i.c.b.BitSetFilterCacheTests] [testListener] before test
[2020-02-17T02:21:14,600][INFO ][o.e.i.c.b.BitSetFilterCacheTests] [testListener] after test
[2020-02-17T02:21:14,602][INFO ][o.e.i.c.b.BitSetFilterCacheTests] [testRejectOtherIndex] before test
[2020-02-17T02:21:14,605][INFO ][o.e.i.c.b.BitSetFilterCacheTests] [testRejectOtherIndex] after test
]]></system-out>
  <system-err><![CDATA[]]></system-err>
</testsuite>
