<?xml version="1.0" encoding="UTF-8"?>
<testsuite name="org.elasticsearch.action.ShardValidateQueryRequestTests" tests="1" skipped="0" failures="0" errors="0" timestamp="2020-02-16T22:20:24" hostname="Escoto-PC" time="0.007">
  <properties/>
  <testcase name="testSerialize" classname="org.elasticsearch.action.ShardValidateQueryRequestTests" time="0.007"/>
  <system-out><![CDATA[[2020-02-17T08:20:24,244][INFO ][o.e.a.ShardValidateQueryRequestTests] [testSerialize] before test
[2020-02-17T08:20:24,247][INFO ][o.e.a.ShardValidateQueryRequestTests] [testSerialize] after test
]]></system-out>
  <system-err><![CDATA[]]></system-err>
</testsuite>
