<?xml version="1.0" encoding="UTF-8"?>
<testsuite name="org.elasticsearch.search.ClearScrollResponseTests" tests="2" skipped="0" failures="0" errors="0" timestamp="2020-02-16T22:24:32" hostname="Escoto-PC" time="0.02">
  <properties/>
  <testcase name="testToAndFromXContent" classname="org.elasticsearch.search.ClearScrollResponseTests" time="0.018"/>
  <testcase name="testToXContent" classname="org.elasticsearch.search.ClearScrollResponseTests" time="0.002"/>
  <system-out><![CDATA[[2020-02-16T16:24:32,750][INFO ][o.e.s.ClearScrollResponseTests] [testToAndFromXContent] before test
[2020-02-16T16:24:32,751][INFO ][o.e.s.ClearScrollResponseTests] [testToAndFromXContent] after test
[2020-02-16T16:24:32,753][INFO ][o.e.s.ClearScrollResponseTests] [testToXContent] before test
[2020-02-16T16:24:32,753][INFO ][o.e.s.ClearScrollResponseTests] [testToXContent] after test
]]></system-out>
  <system-err><![CDATA[]]></system-err>
</testsuite>
