<?xml version="1.0" encoding="UTF-8"?>
<testsuite name="org.elasticsearch.index.analysis.CustomNormalizerTests" tests="6" skipped="0" failures="0" errors="0" timestamp="2020-02-16T22:22:26" hostname="Escoto-PC" time="0.039">
  <properties/>
  <testcase name="testIllegalFilters" classname="org.elasticsearch.index.analysis.CustomNormalizerTests" time="0.008"/>
  <testcase name="testTokenizer" classname="org.elasticsearch.index.analysis.CustomNormalizerTests" time="0.004"/>
  <testcase name="testIllegalCharFilters" classname="org.elasticsearch.index.analysis.CustomNormalizerTests" time="0.005"/>
  <testcase name="testBasics" classname="org.elasticsearch.index.analysis.CustomNormalizerTests" time="0.008"/>
  <testcase name="testCharFilters" classname="org.elasticsearch.index.analysis.CustomNormalizerTests" time="0.007"/>
  <testcase name="testUnknownType" classname="org.elasticsearch.index.analysis.CustomNormalizerTests" time="0.006"/>
  <system-out><![CDATA[]]></system-out>
  <system-err><![CDATA[]]></system-err>
</testsuite>
