<?xml version="1.0" encoding="UTF-8"?>
<testsuite name="org.elasticsearch.index.search.stats.SearchStatsTests" tests="1" skipped="0" failures="0" errors="0" timestamp="2020-02-16T22:23:52" hostname="Escoto-PC" time="0.002">
  <properties/>
  <testcase name="testShardLevelSearchGroupStats" classname="org.elasticsearch.index.search.stats.SearchStatsTests" time="0.002"/>
  <system-out><![CDATA[[2020-02-16T17:23:52,404][INFO ][o.e.i.s.s.SearchStatsTests] [testShardLevelSearchGroupStats] before test
[2020-02-16T17:23:52,404][INFO ][o.e.i.s.s.SearchStatsTests] [testShardLevelSearchGroupStats] after test
]]></system-out>
  <system-err><![CDATA[]]></system-err>
</testsuite>
