<?xml version="1.0" encoding="UTF-8"?>
<testsuite name="org.elasticsearch.index.store.FsDirectoryFactoryTests" tests="2" skipped="0" failures="0" errors="0" timestamp="2020-02-16T22:24:40" hostname="Escoto-PC" time="0.035">
  <properties/>
  <testcase name="testPreload" classname="org.elasticsearch.index.store.FsDirectoryFactoryTests" time="0.018"/>
  <testcase name="testStoreDirectory" classname="org.elasticsearch.index.store.FsDirectoryFactoryTests" time="0.017"/>
  <system-out><![CDATA[[2020-02-16T15:24:40,513][INFO ][o.e.i.s.FsDirectoryFactoryTests] [testPreload] before test
[2020-02-16T15:24:40,528][INFO ][o.e.i.s.FsDirectoryFactoryTests] [testPreload] after test
[2020-02-16T15:24:40,536][INFO ][o.e.i.s.FsDirectoryFactoryTests] [testStoreDirectory] before test
[2020-02-16T15:24:40,545][INFO ][o.e.i.s.FsDirectoryFactoryTests] [testStoreDirectory] after test
]]></system-out>
  <system-err><![CDATA[]]></system-err>
</testsuite>
