<?xml version="1.0" encoding="UTF-8"?>
<testsuite name="org.elasticsearch.action.search.SearchPhaseExecutionExceptionTests" tests="5" skipped="0" failures="0" errors="0" timestamp="2020-02-16T22:20:19" hostname="Escoto-PC" time="0.018">
  <properties/>
  <testcase name="testPhaseFailureWithoutSearchShardFailure" classname="org.elasticsearch.action.search.SearchPhaseExecutionExceptionTests" time="0.004"/>
  <testcase name="testToAndFromXContent" classname="org.elasticsearch.action.search.SearchPhaseExecutionExceptionTests" time="0.005"/>
  <testcase name="testToXContent" classname="org.elasticsearch.action.search.SearchPhaseExecutionExceptionTests" time="0.002"/>
  <testcase name="testPhaseFailureWithSearchShardFailure" classname="org.elasticsearch.action.search.SearchPhaseExecutionExceptionTests" time="0.004"/>
  <testcase name="testPhaseFailureWithoutSearchShardFailureAndCause" classname="org.elasticsearch.action.search.SearchPhaseExecutionExceptionTests" time="0.003"/>
  <system-out><![CDATA[[2020-02-17T08:20:19,383][INFO ][o.e.a.s.SearchPhaseExecutionExceptionTests] [testPhaseFailureWithoutSearchShardFailure] before test
[2020-02-17T08:20:19,386][INFO ][o.e.a.s.SearchPhaseExecutionExceptionTests] [testPhaseFailureWithoutSearchShardFailure] after test
[2020-02-17T08:20:19,389][INFO ][o.e.a.s.SearchPhaseExecutionExceptionTests] [testToAndFromXContent] before test
[2020-02-17T08:20:19,390][INFO ][o.e.a.s.SearchPhaseExecutionExceptionTests] [testToAndFromXContent] after test
[2020-02-17T08:20:19,392][INFO ][o.e.a.s.SearchPhaseExecutionExceptionTests] [testToXContent] before test
[2020-02-17T08:20:19,392][INFO ][o.e.a.s.SearchPhaseExecutionExceptionTests] [testToXContent] after test
[2020-02-17T08:20:19,396][INFO ][o.e.a.s.SearchPhaseExecutionExceptionTests] [testPhaseFailureWithSearchShardFailure] before test
[2020-02-17T08:20:19,396][INFO ][o.e.a.s.SearchPhaseExecutionExceptionTests] [testPhaseFailureWithSearchShardFailure] after test
[2020-02-17T08:20:19,399][INFO ][o.e.a.s.SearchPhaseExecutionExceptionTests] [testPhaseFailureWithoutSearchShardFailureAndCause] before test
[2020-02-17T08:20:19,400][INFO ][o.e.a.s.SearchPhaseExecutionExceptionTests] [testPhaseFailureWithoutSearchShardFailureAndCause] after test
]]></system-out>
  <system-err><![CDATA[]]></system-err>
</testsuite>
