<?xml version="1.0" encoding="UTF-8"?>
<testsuite name="org.elasticsearch.cluster.metadata.AliasValidatorTests" tests="1" skipped="0" failures="0" errors="0" timestamp="2020-02-16T22:21:32" hostname="Escoto-PC" time="0.005">
  <properties/>
  <testcase name="testValidatesAliasNames" classname="org.elasticsearch.cluster.metadata.AliasValidatorTests" time="0.005"/>
  <system-out><![CDATA[[2020-02-16T19:21:32,997][INFO ][o.e.c.m.AliasValidatorTests] [testValidatesAliasNames] before test
[2020-02-16T19:21:33,000][INFO ][o.e.c.m.AliasValidatorTests] [testValidatesAliasNames] after test
]]></system-out>
  <system-err><![CDATA[]]></system-err>
</testsuite>
