<?xml version="1.0" encoding="UTF-8"?>
<testsuite name="org.elasticsearch.index.mapper.MultiFieldCopyToMapperTests" tests="1" skipped="0" failures="0" errors="0" timestamp="2020-02-16T22:22:50" hostname="Escoto-PC" time="0.007">
  <properties/>
  <testcase name="testExceptionForCopyToInMultiFields" classname="org.elasticsearch.index.mapper.MultiFieldCopyToMapperTests" time="0.007"/>
  <system-out><![CDATA[[2020-02-17T09:22:50,034][INFO ][o.e.i.m.MultiFieldCopyToMapperTests] [testExceptionForCopyToInMultiFields] before test
[2020-02-17T09:22:50,038][INFO ][o.e.i.m.MultiFieldCopyToMapperTests] [testExceptionForCopyToInMultiFields] after test
]]></system-out>
  <system-err><![CDATA[]]></system-err>
</testsuite>
