<?xml version="1.0" encoding="UTF-8"?>
<testsuite name="org.elasticsearch.cluster.routing.allocation.AllocationCommandsTests" tests="9" skipped="0" failures="0" errors="0" timestamp="2020-02-16T22:20:37" hostname="Escoto-PC" time="0.075">
  <properties/>
  <testcase name="testSerialization" classname="org.elasticsearch.cluster.routing.allocation.AllocationCommandsTests" time="0.008"/>
  <testcase name="testConflictingCommandsInSingleRequest" classname="org.elasticsearch.cluster.routing.allocation.AllocationCommandsTests" time="0.014"/>
  <testcase name="testMoveShardToNonDataNode" classname="org.elasticsearch.cluster.routing.allocation.AllocationCommandsTests" time="0.007"/>
  <testcase name="testXContent" classname="org.elasticsearch.cluster.routing.allocation.AllocationCommandsTests" time="0.003"/>
  <testcase name="testAllocateCommand" classname="org.elasticsearch.cluster.routing.allocation.AllocationCommandsTests" time="0.009"/>
  <testcase name="testCancelCommand" classname="org.elasticsearch.cluster.routing.allocation.AllocationCommandsTests" time="0.014"/>
  <testcase name="testMoveShardCommand" classname="org.elasticsearch.cluster.routing.allocation.AllocationCommandsTests" time="0.006"/>
  <testcase name="testAllocateStalePrimaryCommand" classname="org.elasticsearch.cluster.routing.allocation.AllocationCommandsTests" time="0.008"/>
  <testcase name="testMoveShardFromNonDataNode" classname="org.elasticsearch.cluster.routing.allocation.AllocationCommandsTests" time="0.005"/>
  <system-out><![CDATA[[2020-02-16T18:20:37,323][INFO ][o.e.c.r.a.AllocationCommandsTests] [testSerialization] before test
[2020-02-16T18:20:37,325][INFO ][o.e.c.r.a.AllocationCommandsTests] [testSerialization] after test
[2020-02-16T18:20:37,328][INFO ][o.e.c.r.a.AllocationCommandsTests] [testConflictingCommandsInSingleRequest] before test
[2020-02-16T18:20:37,332][INFO ][o.e.c.r.a.AllocationCommandsTests] [testConflictingCommandsInSingleRequest] --> building initial routing table
[2020-02-16T18:20:37,335][INFO ][o.e.c.r.a.AllocationCommandsTests] [testConflictingCommandsInSingleRequest] --> allocating same index primary in multiple commands should fail
[2020-02-16T18:20:37,339][INFO ][o.e.c.r.a.AllocationCommandsTests] [testConflictingCommandsInSingleRequest] --> subsequent replica allocation fails as all configured replicas have been allocated
[2020-02-16T18:20:37,340][INFO ][o.e.c.r.a.AllocationCommandsTests] [testConflictingCommandsInSingleRequest] after test
[2020-02-16T18:20:37,344][INFO ][o.e.c.r.a.AllocationCommandsTests] [testMoveShardToNonDataNode] before test
[2020-02-16T18:20:37,345][INFO ][o.e.c.r.a.AllocationCommandsTests] [testMoveShardToNonDataNode] creating an index with 1 shard, no replica
[2020-02-16T18:20:37,345][INFO ][o.e.c.r.a.AllocationCommandsTests] [testMoveShardToNonDataNode] --> adding two nodes
[2020-02-16T18:20:37,346][INFO ][o.e.c.r.a.AllocationCommandsTests] [testMoveShardToNonDataNode] start primary shard
[2020-02-16T18:20:37,346][INFO ][o.e.c.r.a.AllocationCommandsTests] [testMoveShardToNonDataNode] --> executing move allocation command to non-data node
[2020-02-16T18:20:37,347][INFO ][o.e.c.r.a.AllocationCommandsTests] [testMoveShardToNonDataNode] after test
[2020-02-16T18:20:37,348][INFO ][o.e.c.r.a.AllocationCommandsTests] [testXContent] before test
[2020-02-16T18:20:37,349][INFO ][o.e.c.r.a.AllocationCommandsTests] [testXContent] after test
[2020-02-16T18:20:37,353][INFO ][o.e.c.r.a.AllocationCommandsTests] [testAllocateCommand] before test
[2020-02-16T18:20:37,354][INFO ][o.e.c.r.a.AllocationCommandsTests] [testAllocateCommand] --> building initial routing table
[2020-02-16T18:20:37,354][INFO ][o.e.c.r.a.AllocationCommandsTests] [testAllocateCommand] --> adding 3 nodes on same rack and do rerouting
[2020-02-16T18:20:37,355][INFO ][o.e.c.r.a.AllocationCommandsTests] [testAllocateCommand] --> allocating to non-existent node, should fail
[2020-02-16T18:20:37,355][INFO ][o.e.c.r.a.AllocationCommandsTests] [testAllocateCommand] --> allocating to non-data node, should fail
[2020-02-16T18:20:37,355][INFO ][o.e.c.r.a.AllocationCommandsTests] [testAllocateCommand] --> allocating non-existing shard, should fail
[2020-02-16T18:20:37,355][INFO ][o.e.c.r.a.AllocationCommandsTests] [testAllocateCommand] --> allocating non-existing index, should fail
[2020-02-16T18:20:37,355][INFO ][o.e.c.r.a.AllocationCommandsTests] [testAllocateCommand] --> allocating empty primary with acceptDataLoss flag set to false
[2020-02-16T18:20:37,355][INFO ][o.e.c.r.a.AllocationCommandsTests] [testAllocateCommand] --> allocating stale primary with acceptDataLoss flag set to false
[2020-02-16T18:20:37,356][INFO ][o.e.c.r.a.AllocationCommandsTests] [testAllocateCommand] --> allocating empty primary with acceptDataLoss flag set to true
[2020-02-16T18:20:37,357][INFO ][o.e.c.r.a.AllocationService] [testAllocateCommand] Cluster health status changed from [RED] to [YELLOW] (reason: [reroute commands]).
[2020-02-16T18:20:37,357][INFO ][o.e.c.r.a.AllocationCommandsTests] [testAllocateCommand] --> start the primary shard
[2020-02-16T18:20:37,357][INFO ][o.e.c.r.a.AllocationCommandsTests] [testAllocateCommand] --> allocate the replica shard on the primary shard node, should fail
[2020-02-16T18:20:37,357][INFO ][o.e.c.r.a.AllocationCommandsTests] [testAllocateCommand] --> allocate the replica shard on on the second node
[2020-02-16T18:20:37,358][INFO ][o.e.c.r.a.AllocationCommandsTests] [testAllocateCommand] --> start the replica shard
[2020-02-16T18:20:37,358][INFO ][o.e.c.r.a.AllocationService] [testAllocateCommand] Cluster health status changed from [YELLOW] to [GREEN] (reason: [shards started [[test][0]]]).
[2020-02-16T18:20:37,358][INFO ][o.e.c.r.a.AllocationCommandsTests] [testAllocateCommand] --> verify that we fail when there are no unassigned shards
[2020-02-16T18:20:37,358][INFO ][o.e.c.r.a.AllocationCommandsTests] [testAllocateCommand] after test
[2020-02-16T18:20:37,362][INFO ][o.e.c.r.a.AllocationCommandsTests] [testCancelCommand] before test
[2020-02-16T18:20:37,363][INFO ][o.e.c.r.a.AllocationCommandsTests] [testCancelCommand] --> building initial routing table
[2020-02-16T18:20:37,364][INFO ][o.e.c.r.a.AllocationCommandsTests] [testCancelCommand] --> adding 3 nodes
[2020-02-16T18:20:37,364][INFO ][o.e.c.r.a.AllocationService] [testCancelCommand] Cluster health status changed from [YELLOW] to [RED] (reason: [reroute]).
[2020-02-16T18:20:37,364][INFO ][o.e.c.r.a.AllocationCommandsTests] [testCancelCommand] --> allocating empty primary shard with accept_data_loss flag set to true
[2020-02-16T18:20:37,365][INFO ][o.e.c.r.a.AllocationCommandsTests] [testCancelCommand] --> cancel primary allocation, make sure it fails...
[2020-02-16T18:20:37,365][INFO ][o.e.c.r.a.AllocationCommandsTests] [testCancelCommand] --> start the primary shard
[2020-02-16T18:20:37,365][INFO ][o.e.c.r.a.AllocationService] [testCancelCommand] Cluster health status changed from [RED] to [YELLOW] (reason: [shards started [[test][0]]]).
[2020-02-16T18:20:37,368][INFO ][o.e.c.r.a.AllocationCommandsTests] [testCancelCommand] --> cancel primary allocation, make sure it fails...
[2020-02-16T18:20:37,368][INFO ][o.e.c.r.a.AllocationCommandsTests] [testCancelCommand] --> allocate the replica shard on on the second node
[2020-02-16T18:20:37,369][INFO ][o.e.c.r.a.AllocationCommandsTests] [testCancelCommand] --> cancel the relocation allocation
[2020-02-16T18:20:37,369][INFO ][o.e.c.r.a.AllocationCommandsTests] [testCancelCommand] --> allocate the replica shard on on the second node
[2020-02-16T18:20:37,370][INFO ][o.e.c.r.a.AllocationCommandsTests] [testCancelCommand] --> cancel the primary being replicated, make sure it fails
[2020-02-16T18:20:37,370][INFO ][o.e.c.r.a.AllocationCommandsTests] [testCancelCommand] --> start the replica shard
[2020-02-16T18:20:37,370][INFO ][o.e.c.r.a.AllocationService] [testCancelCommand] Cluster health status changed from [YELLOW] to [GREEN] (reason: [shards started [[test][0]]]).
[2020-02-16T18:20:37,370][INFO ][o.e.c.r.a.AllocationCommandsTests] [testCancelCommand] --> cancel allocation of the replica shard
[2020-02-16T18:20:37,371][INFO ][o.e.c.r.a.AllocationService] [testCancelCommand] Cluster health status changed from [GREEN] to [YELLOW] (reason: [reroute commands]).
[2020-02-16T18:20:37,371][INFO ][o.e.c.r.a.AllocationCommandsTests] [testCancelCommand] --> allocate the replica shard on on the second node
[2020-02-16T18:20:37,371][INFO ][o.e.c.r.a.AllocationCommandsTests] [testCancelCommand] --> start the replica shard
[2020-02-16T18:20:37,371][INFO ][o.e.c.r.a.AllocationService] [testCancelCommand] Cluster health status changed from [YELLOW] to [GREEN] (reason: [shards started [[test][0]]]).
[2020-02-16T18:20:37,371][INFO ][o.e.c.r.a.AllocationCommandsTests] [testCancelCommand] --> move the replica shard
[2020-02-16T18:20:37,372][INFO ][o.e.c.r.a.AllocationCommandsTests] [testCancelCommand] --> cancel the primary allocation (with allow_primary set to true)
[2020-02-16T18:20:37,372][INFO ][o.e.c.r.a.AllocationService] [testCancelCommand] Cluster health status changed from [GREEN] to [YELLOW] (reason: [reroute commands]).
[2020-02-16T18:20:37,372][INFO ][o.e.c.r.a.AllocationCommandsTests] [testCancelCommand] after test
[2020-02-16T18:20:37,375][INFO ][o.e.c.r.a.AllocationCommandsTests] [testMoveShardCommand] before test
[2020-02-16T18:20:37,376][INFO ][o.e.c.r.a.AllocationCommandsTests] [testMoveShardCommand] creating an index with 1 shard, no replica
[2020-02-16T18:20:37,377][INFO ][o.e.c.r.a.AllocationCommandsTests] [testMoveShardCommand] adding two nodes and performing rerouting
[2020-02-16T18:20:37,377][INFO ][o.e.c.r.a.AllocationCommandsTests] [testMoveShardCommand] start primary shard
[2020-02-16T18:20:37,377][INFO ][o.e.c.r.a.AllocationService] [testMoveShardCommand] Cluster health status changed from [YELLOW] to [GREEN] (reason: [shards started [[test][0]]]).
[2020-02-16T18:20:37,378][INFO ][o.e.c.r.a.AllocationCommandsTests] [testMoveShardCommand] move the shard
[2020-02-16T18:20:37,378][INFO ][o.e.c.r.a.AllocationCommandsTests] [testMoveShardCommand] finish moving the shard
[2020-02-16T18:20:37,378][INFO ][o.e.c.r.a.AllocationCommandsTests] [testMoveShardCommand] after test
[2020-02-16T18:20:37,382][INFO ][o.e.c.r.a.AllocationCommandsTests] [testAllocateStalePrimaryCommand] before test
[2020-02-16T18:20:37,384][INFO ][o.e.c.r.a.AllocationCommandsTests] [testAllocateStalePrimaryCommand] --> building initial routing table
[2020-02-16T18:20:37,385][INFO ][o.e.c.r.a.AllocationCommandsTests] [testAllocateStalePrimaryCommand] --> allocating empty primary with acceptDataLoss flag set to true
[2020-02-16T18:20:37,386][INFO ][o.e.c.r.a.AllocationService] [testAllocateStalePrimaryCommand] Cluster health status changed from [RED] to [YELLOW] (reason: [shards started [[test][0]]]).
[2020-02-16T18:20:37,386][INFO ][o.e.c.r.a.AllocationCommandsTests] [testAllocateStalePrimaryCommand] after test
[2020-02-16T18:20:37,389][INFO ][o.e.c.r.a.AllocationCommandsTests] [testMoveShardFromNonDataNode] before test
[2020-02-16T18:20:37,391][INFO ][o.e.c.r.a.AllocationCommandsTests] [testMoveShardFromNonDataNode] creating an index with 1 shard, no replica
[2020-02-16T18:20:37,391][INFO ][o.e.c.r.a.AllocationCommandsTests] [testMoveShardFromNonDataNode] --> adding two nodes
[2020-02-16T18:20:37,391][INFO ][o.e.c.r.a.AllocationCommandsTests] [testMoveShardFromNonDataNode] start primary shard
[2020-02-16T18:20:37,391][INFO ][o.e.c.r.a.AllocationCommandsTests] [testMoveShardFromNonDataNode] --> executing move allocation command from non-data node
[2020-02-16T18:20:37,392][INFO ][o.e.c.r.a.AllocationCommandsTests] [testMoveShardFromNonDataNode] after test
]]></system-out>
  <system-err><![CDATA[]]></system-err>
</testsuite>
