<?xml version="1.0" encoding="UTF-8"?>
<testsuite name="org.elasticsearch.cluster.ClusterChangedEventTests" tests="8" skipped="0" failures="0" errors="0" timestamp="2020-02-16T22:20:31" hostname="Escoto-PC" time="0.039">
  <properties/>
  <testcase name="testRoutingTableChanges" classname="org.elasticsearch.cluster.ClusterChangedEventTests" time="0.004"/>
  <testcase name="testBasicProperties" classname="org.elasticsearch.cluster.ClusterChangedEventTests" time="0.003"/>
  <testcase name="testNodesAddedAndRemovedAndChanged" classname="org.elasticsearch.cluster.ClusterChangedEventTests" time="0.008"/>
  <testcase name="testIndicesDeletionWithNotRecoveredState" classname="org.elasticsearch.cluster.ClusterChangedEventTests" time="0.006"/>
  <testcase name="testChangedCustomMetaDataSet" classname="org.elasticsearch.cluster.ClusterChangedEventTests" time="0.005"/>
  <testcase name="testIndexMetaDataChange" classname="org.elasticsearch.cluster.ClusterChangedEventTests" time="0.005"/>
  <testcase name="testIndicesMetaDataChanges" classname="org.elasticsearch.cluster.ClusterChangedEventTests" time="0.003"/>
  <testcase name="testLocalNodeIsMaster" classname="org.elasticsearch.cluster.ClusterChangedEventTests" time="0.005"/>
  <system-out><![CDATA[[2020-02-17T06:20:31,639][INFO ][o.e.c.ClusterChangedEventTests] [testRoutingTableChanges] before test
[2020-02-17T06:20:31,641][INFO ][o.e.c.ClusterChangedEventTests] [testRoutingTableChanges] after test
[2020-02-17T06:20:31,644][INFO ][o.e.c.ClusterChangedEventTests] [testBasicProperties] before test
[2020-02-17T06:20:31,644][INFO ][o.e.c.ClusterChangedEventTests] [testBasicProperties] after test
[2020-02-17T06:20:31,646][INFO ][o.e.c.ClusterChangedEventTests] [testNodesAddedAndRemovedAndChanged] before test
[2020-02-17T06:20:31,652][INFO ][o.e.c.ClusterChangedEventTests] [testNodesAddedAndRemovedAndChanged] after test
[2020-02-17T06:20:31,656][INFO ][o.e.c.ClusterChangedEventTests] [testIndicesDeletionWithNotRecoveredState] before test
[2020-02-17T06:20:31,658][INFO ][o.e.c.ClusterChangedEventTests] [testIndicesDeletionWithNotRecoveredState] after test
[2020-02-17T06:20:31,661][INFO ][o.e.c.ClusterChangedEventTests] [testChangedCustomMetaDataSet] before test
[2020-02-17T06:20:31,663][INFO ][o.e.c.ClusterChangedEventTests] [testChangedCustomMetaDataSet] after test
[2020-02-17T06:20:31,667][INFO ][o.e.c.ClusterChangedEventTests] [testIndexMetaDataChange] before test
[2020-02-17T06:20:31,668][INFO ][o.e.c.ClusterChangedEventTests] [testIndexMetaDataChange] after test
[2020-02-17T06:20:31,670][INFO ][o.e.c.ClusterChangedEventTests] [testIndicesMetaDataChanges] before test
[2020-02-17T06:20:31,671][INFO ][o.e.c.ClusterChangedEventTests] [testIndicesMetaDataChanges] after test
[2020-02-17T06:20:31,676][INFO ][o.e.c.ClusterChangedEventTests] [testLocalNodeIsMaster] before test
[2020-02-17T06:20:31,676][INFO ][o.e.c.ClusterChangedEventTests] [testLocalNodeIsMaster] after test
]]></system-out>
  <system-err><![CDATA[]]></system-err>
</testsuite>
