<?xml version="1.0" encoding="UTF-8"?>
<testsuite name="org.elasticsearch.index.mapper.DocumentParserTests" tests="78" skipped="0" failures="0" errors="0" timestamp="2020-02-16T22:22:19" hostname="Escoto-PC" time="8.135">
  <properties/>
  <testcase name="testDynamicDateDetectionEnabledWithNoSpecialCharacters" classname="org.elasticsearch.index.mapper.DocumentParserTests" time="0.83"/>
  <testcase name="testDynamicDottedFieldNameLongWithExistingParentWrongType" classname="org.elasticsearch.index.mapper.DocumentParserTests" time="0.085"/>
  <testcase name="testDynamicStrictDottedFieldNameLongArray" classname="org.elasticsearch.index.mapper.DocumentParserTests" time="0.097"/>
  <testcase name="testSimpleMapper" classname="org.elasticsearch.index.mapper.DocumentParserTests" time="0.099"/>
  <testcase name="testSimpleParserNoTypeNoId" classname="org.elasticsearch.index.mapper.DocumentParserTests" time="0.098"/>
  <testcase name="testTypeless" classname="org.elasticsearch.index.mapper.DocumentParserTests" time="0.092"/>
  <testcase name="testTypeLevelWithFieldTypeAsValue" classname="org.elasticsearch.index.mapper.DocumentParserTests" time="0.102"/>
  <testcase name="testDynamicStrictDottedFieldNameLong" classname="org.elasticsearch.index.mapper.DocumentParserTests" time="0.097"/>
  <testcase name="testDynamicFalseDottedFieldNameLong" classname="org.elasticsearch.index.mapper.DocumentParserTests" time="0.085"/>
  <testcase name="testBlankFieldNames" classname="org.elasticsearch.index.mapper.DocumentParserTests" time="0.094"/>
  <testcase name="testDynamicFalseDottedFieldNameObject" classname="org.elasticsearch.index.mapper.DocumentParserTests" time="0.091"/>
  <testcase name="testTypeLevel" classname="org.elasticsearch.index.mapper.DocumentParserTests" time="0.099"/>
  <testcase name="testDynamicRootFallback" classname="org.elasticsearch.index.mapper.DocumentParserTests" time="0.1"/>
  <testcase name="testDynamicFalseDottedFieldNameLongArray" classname="org.elasticsearch.index.mapper.DocumentParserTests" time="0.107"/>
  <testcase name="testTypeLevelWithFieldTypeAsObject" classname="org.elasticsearch.index.mapper.DocumentParserTests" time="0.096"/>
  <testcase name="testDynamicFalseObject" classname="org.elasticsearch.index.mapper.DocumentParserTests" time="0.084"/>
  <testcase name="testDeepSubfieldAfterSubfieldMappingUpdate" classname="org.elasticsearch.index.mapper.DocumentParserTests" time="0.096"/>
  <testcase name="testDynamicLongArrayWithTemplate" classname="org.elasticsearch.index.mapper.DocumentParserTests" time="0.089"/>
  <testcase name="testDotsWithFieldDisabled" classname="org.elasticsearch.index.mapper.DocumentParserTests" time="0.086"/>
  <testcase name="testDynamicDottedFieldNameLong" classname="org.elasticsearch.index.mapper.DocumentParserTests" time="0.091"/>
  <testcase name="testEmptyMappingUpdate" classname="org.elasticsearch.index.mapper.DocumentParserTests" time="0.095"/>
  <testcase name="testDynamicStrictDottedFieldNameObject" classname="org.elasticsearch.index.mapper.DocumentParserTests" time="0.082"/>
  <testcase name="testDotsWithExistingNestedMapper" classname="org.elasticsearch.index.mapper.DocumentParserTests" time="0.088"/>
  <testcase name="testSubfieldMappingUpdate" classname="org.elasticsearch.index.mapper.DocumentParserTests" time="0.08"/>
  <testcase name="testPropagateDynamicWithExistingMapper" classname="org.elasticsearch.index.mapper.DocumentParserTests" time="0.125"/>
  <testcase name="testDynamicDottedFieldNameObject" classname="org.elasticsearch.index.mapper.DocumentParserTests" time="0.122"/>
  <testcase name="testNoDocumentSent" classname="org.elasticsearch.index.mapper.DocumentParserTests" time="0.15"/>
  <testcase name="testNoLevelWithFieldTypeAsObjectNotFirst" classname="org.elasticsearch.index.mapper.DocumentParserTests" time="0.139"/>
  <testcase name="testDynamicStrictLongArray" classname="org.elasticsearch.index.mapper.DocumentParserTests" time="0.088"/>
  <testcase name="testCopyToFieldAlias" classname="org.elasticsearch.index.mapper.DocumentParserTests" time="0.088"/>
  <testcase name="testDynamicDottedFieldNameWithFieldAlias" classname="org.elasticsearch.index.mapper.DocumentParserTests" time="0.091"/>
  <testcase name="testWriteToFieldAlias" classname="org.elasticsearch.index.mapper.DocumentParserTests" time="0.094"/>
  <testcase name="testDynamicDottedFieldNameObjectWithExistingParentWrongType" classname="org.elasticsearch.index.mapper.DocumentParserTests" time="0.079"/>
  <testcase name="testNestedHaveIdAndTypeFields" classname="org.elasticsearch.index.mapper.DocumentParserTests" time="0.095"/>
  <testcase name="testMultipleSubfieldMappingUpdate" classname="org.elasticsearch.index.mapper.DocumentParserTests" time="0.079"/>
  <testcase name="testMappedNullValue" classname="org.elasticsearch.index.mapper.DocumentParserTests" time="0.087"/>
  <testcase name="testTypeLevelWithFieldTypeAsValueNotFirst" classname="org.elasticsearch.index.mapper.DocumentParserTests" time="0.087"/>
  <testcase name="testMappedLongArray" classname="org.elasticsearch.index.mapper.DocumentParserTests" time="0.082"/>
  <testcase name="testNoLevel" classname="org.elasticsearch.index.mapper.DocumentParserTests" time="0.081"/>
  <testcase name="testSimpleParser" classname="org.elasticsearch.index.mapper.DocumentParserTests" time="0.08"/>
  <testcase name="testMappedGeoPointArray" classname="org.elasticsearch.index.mapper.DocumentParserTests" time="0.085"/>
  <testcase name="testDynamicGeoPointArrayWithTemplate" classname="org.elasticsearch.index.mapper.DocumentParserTests" time="0.084"/>
  <testcase name="testDynamicFalseNull" classname="org.elasticsearch.index.mapper.DocumentParserTests" time="0.083"/>
  <testcase name="testDynamicStrictObject" classname="org.elasticsearch.index.mapper.DocumentParserTests" time="0.077"/>
  <testcase name="testSingleMappingUpdate" classname="org.elasticsearch.index.mapper.DocumentParserTests" time="0.086"/>
  <testcase name="testDynamicLongArray" classname="org.elasticsearch.index.mapper.DocumentParserTests" time="0.086"/>
  <testcase name="testParseToJsonAndParse" classname="org.elasticsearch.index.mapper.DocumentParserTests" time="0.102"/>
  <testcase name="testDynamicFalseLongArray" classname="org.elasticsearch.index.mapper.DocumentParserTests" time="0.088"/>
  <testcase name="testDynamicDottedFieldNameLongArrayWithExistingParentWrongType" classname="org.elasticsearch.index.mapper.DocumentParserTests" time="0.095"/>
  <testcase name="testDocumentContainsMetadataField" classname="org.elasticsearch.index.mapper.DocumentParserTests" time="0.103"/>
  <testcase name="testTypeLevelWithFieldTypeAsObjectNotFirst" classname="org.elasticsearch.index.mapper.DocumentParserTests" time="0.093"/>
  <testcase name="testFieldDisabled" classname="org.elasticsearch.index.mapper.DocumentParserTests" time="0.096"/>
  <testcase name="testDynamicFieldsEmptyName" classname="org.elasticsearch.index.mapper.DocumentParserTests" time="0.113"/>
  <testcase name="testDynamicDottedFieldNameObjectWithExistingParent" classname="org.elasticsearch.index.mapper.DocumentParserTests" time="0.094"/>
  <testcase name="testDynamicDottedFieldNameLongWithExistingParent" classname="org.elasticsearch.index.mapper.DocumentParserTests" time="0.089"/>
  <testcase name="testDynamicBigDecimal" classname="org.elasticsearch.index.mapper.DocumentParserTests" time="0.093"/>
  <testcase name="testObjectMappingUpdate" classname="org.elasticsearch.index.mapper.DocumentParserTests" time="0.088"/>
  <testcase name="testDynamicDottedFieldNameLongArray" classname="org.elasticsearch.index.mapper.DocumentParserTests" time="0.1"/>
  <testcase name="testDynamicStrictNull" classname="org.elasticsearch.index.mapper.DocumentParserTests" time="0.084"/>
  <testcase name="testDynamicObjectWithTemplate" classname="org.elasticsearch.index.mapper.DocumentParserTests" time="0.089"/>
  <testcase name="testDynamicDottedFieldNameObjectWithParentTemplate" classname="org.elasticsearch.index.mapper.DocumentParserTests" time="0.084"/>
  <testcase name="testDynamicStrictValue" classname="org.elasticsearch.index.mapper.DocumentParserTests" time="0.1"/>
  <testcase name="testDotsWithDynamicNestedMapper" classname="org.elasticsearch.index.mapper.DocumentParserTests" time="0.104"/>
  <testcase name="testNoLevelWithFieldTypeAsValueNotFirst" classname="org.elasticsearch.index.mapper.DocumentParserTests" time="0.122"/>
  <testcase name="testDynamicFalseValue" classname="org.elasticsearch.index.mapper.DocumentParserTests" time="0.119"/>
  <testcase name="testDynamicDottedFieldNameLongArrayWithExistingParent" classname="org.elasticsearch.index.mapper.DocumentParserTests" time="0.112"/>
  <testcase name="testDynamicDateDetectionDisabledOnNumbers" classname="org.elasticsearch.index.mapper.DocumentParserTests" time="0.088"/>
  <testcase name="testDynamicDottedFieldNameLongArrayWithParentTemplate" classname="org.elasticsearch.index.mapper.DocumentParserTests" time="0.126"/>
  <testcase name="testDynamicDottedFieldNameLongWithParentTemplate" classname="org.elasticsearch.index.mapper.DocumentParserTests" time="0.08"/>
  <testcase name="testNoLevelWithFieldTypeAsValue" classname="org.elasticsearch.index.mapper.DocumentParserTests" time="0.079"/>
  <testcase name="testAttributes" classname="org.elasticsearch.index.mapper.DocumentParserTests" time="0.089"/>
  <testcase name="testPropagateDynamicWithDynamicMapper" classname="org.elasticsearch.index.mapper.DocumentParserTests" time="0.079"/>
  <testcase name="testNoLevelWithFieldTypeAsObject" classname="org.elasticsearch.index.mapper.DocumentParserTests" time="0.081"/>
  <testcase name="testDotsWithExistingMapper" classname="org.elasticsearch.index.mapper.DocumentParserTests" time="0.076"/>
  <testcase name="testUnexpectedFieldMappingType" classname="org.elasticsearch.index.mapper.DocumentParserTests" time="0.106"/>
  <testcase name="testDeepSubfieldMappingUpdate" classname="org.elasticsearch.index.mapper.DocumentParserTests" time="0.095"/>
  <testcase name="testDynamicBigInteger" classname="org.elasticsearch.index.mapper.DocumentParserTests" time="0.108"/>
  <testcase name="testDynamicFieldsStartingAndEndingWithDot" classname="org.elasticsearch.index.mapper.DocumentParserTests" time="0.114"/>
  <system-out><![CDATA[[2020-02-17T00:22:19,370][INFO ][o.e.e.NodeEnvironment    ] [testDynamicDateDetectionEnabledWithNoSpecialCharacters] using [1] data paths, mounts [[Old HDD (E:)]], net usable_space [89.5gb], net total_space [232.8gb], types [NTFS]
[2020-02-17T00:22:19,372][INFO ][o.e.e.NodeEnvironment    ] [testDynamicDateDetectionEnabledWithNoSpecialCharacters] heap size [512mb], compressed ordinary object pointers [true]
[2020-02-17T00:22:19,374][INFO ][o.e.n.Node               ] [testDynamicDateDetectionEnabledWithNoSpecialCharacters] node name [node_s_0], node ID [L6qdoBQxTEC1l5DFC7U4fw], cluster name [single-node-cluster-TEST_WORKER_VM=[13]-CLUSTER_SEED=[-6966601845050041299]-HASH=[13D0041B9BE]]
[2020-02-17T00:22:19,374][INFO ][o.e.n.Node               ] [testDynamicDateDetectionEnabledWithNoSpecialCharacters] version[7.5.1], pid[5104], build[unknown/unknown/unknown/unknown], OS[Windows 7/6.1/amd64], JVM[Oracle Corporation/OpenJDK 64-Bit Server VM/12.0.2/12.0.2+10]
[2020-02-17T00:22:19,374][INFO ][o.e.n.Node               ] [testDynamicDateDetectionEnabledWithNoSpecialCharacters] JVM home [C:\Program Files\Java\jdk-12.0.2]
[2020-02-17T00:22:19,374][INFO ][o.e.n.Node               ] [testDynamicDateDetectionEnabledWithNoSpecialCharacters] JVM arguments [-Dcompiler.java=12, -Des.scripting.update.ctx_in_params=false, -Des.transport.cname_in_publish_address=true, -Dgradle.dist.lib=C:\Users\Escoto\.gradle\wrapper\dists\gradle-5.6.2-bin\3clyn6icets6f02ptgd5hlmou\gradle-5.6.2\lib, -Dgradle.user.home=C:\Users\Escoto\.gradle, -Dgradle.worker.jar=C:\Users\Escoto\.gradle/caches/5.6.2/workerMain/gradle-worker.jar, -Dio.netty.noKeySetOptimization=true, -Dio.netty.noUnsafe=true, -Dio.netty.recycler.maxCapacityPerThread=0, -Djava.awt.headless=true, -Djna.nosys=true, -Dorg.gradle.native=false, -Druntime.java=12, -Dtests.artifact=server, -Dtests.gradle=true, -Dtests.logger.level=WARN, -Dtests.security.manager=true, -Dtests.seed=9EA1F2A3814E5F76, -Dtests.task=:server:test, -Dtests.timeoutSuite=1800000!, -esa, --illegal-access=warn, -XX:+HeapDumpOnOutOfMemoryError, -XX:HeapDumpPath=E:\NotD\git\elasticsearch\server\build\heapdump, -Xms512m, -Xmx512m, -Dfile.encoding=windows-1252, -Djava.io.tmpdir=./temp, -Duser.country=US, -Duser.language=en, -Duser.variant, -ea]
[2020-02-17T00:22:19,374][INFO ][o.e.p.PluginsService     ] [testDynamicDateDetectionEnabledWithNoSpecialCharacters] no modules loaded
[2020-02-17T00:22:19,374][INFO ][o.e.p.PluginsService     ] [testDynamicDateDetectionEnabledWithNoSpecialCharacters] loaded plugin [org.elasticsearch.test.InternalSettingsPlugin]
[2020-02-17T00:22:19,374][INFO ][o.e.p.PluginsService     ] [testDynamicDateDetectionEnabledWithNoSpecialCharacters] loaded plugin [org.elasticsearch.test.MockHttpTransport$TestPlugin]
[2020-02-17T00:22:19,374][INFO ][o.e.p.PluginsService     ] [testDynamicDateDetectionEnabledWithNoSpecialCharacters] loaded plugin [org.elasticsearch.transport.nio.MockNioTransportPlugin]
[2020-02-17T00:22:19,619][INFO ][o.e.d.DiscoveryModule    ] [testDynamicDateDetectionEnabledWithNoSpecialCharacters] using discovery type [zen] and seed hosts providers [settings]
[2020-02-17T00:22:19,642][INFO ][o.e.n.Node               ] [testDynamicDateDetectionEnabledWithNoSpecialCharacters] initialized
[2020-02-17T00:22:19,642][INFO ][o.e.n.Node               ] [testDynamicDateDetectionEnabledWithNoSpecialCharacters] starting ...
[2020-02-17T00:22:19,988][INFO ][o.e.t.TransportService   ] [testDynamicDateDetectionEnabledWithNoSpecialCharacters] publish_address {127.0.0.1:11600}, bound_addresses {127.0.0.1:11600}, {[::1]:11600}
[2020-02-17T00:22:19,995][INFO ][o.e.c.c.Coordinator      ] [testDynamicDateDetectionEnabledWithNoSpecialCharacters] setting initial configuration to VotingConfiguration{L6qdoBQxTEC1l5DFC7U4fw}
[2020-02-17T00:22:20,036][INFO ][o.e.c.s.MasterService    ] [node_s_0] elected-as-master ([1] nodes joined)[{node_s_0}{L6qdoBQxTEC1l5DFC7U4fw}{H8nowT6vSNOC3dh3h29oUw}{127.0.0.1}{127.0.0.1:11600}{dim} elect leader, _BECOME_MASTER_TASK_, _FINISH_ELECTION_], term: 1, version: 1, delta: master node changed {previous [], current [{node_s_0}{L6qdoBQxTEC1l5DFC7U4fw}{H8nowT6vSNOC3dh3h29oUw}{127.0.0.1}{127.0.0.1:11600}{dim}]}
[2020-02-17T00:22:20,044][INFO ][o.e.c.c.CoordinationState] [node_s_0] cluster UUID set to [T6CMf2CRSkWjw13wCozQbQ]
[2020-02-17T00:22:20,050][INFO ][o.e.c.s.ClusterApplierService] [node_s_0] master node changed {previous [], current [{node_s_0}{L6qdoBQxTEC1l5DFC7U4fw}{H8nowT6vSNOC3dh3h29oUw}{127.0.0.1}{127.0.0.1:11600}{dim}]}, term: 1, version: 1, reason: Publication{term=1, version=1}
[2020-02-17T00:22:20,055][INFO ][o.e.n.Node               ] [testDynamicDateDetectionEnabledWithNoSpecialCharacters] started
[2020-02-17T00:22:20,058][INFO ][o.e.g.GatewayService     ] [node_s_0] recovered [0] indices into cluster_state
[2020-02-17T00:22:20,059][INFO ][o.e.c.m.MetaDataIndexTemplateService] [node_s_0] adding template [one_shard_index_template] for index patterns [*]
[2020-02-17T00:22:20,070][INFO ][o.e.c.m.MetaDataIndexTemplateService] [node_s_0] adding template [random-soft-deletes-template] for index patterns [*]
[2020-02-17T00:22:20,081][INFO ][o.e.i.m.DocumentParserTests] [testDynamicDateDetectionEnabledWithNoSpecialCharacters] before test
[2020-02-17T00:22:20,082][INFO ][o.e.c.m.MetaDataCreateIndexService] [node_s_0] [test] creating index, cause [api], templates [one_shard_index_template, random-soft-deletes-template], shards [1]/[0], mappings []
[2020-02-17T00:22:20,144][INFO ][o.e.c.r.a.AllocationService] [node_s_0] Cluster health status changed from [YELLOW] to [GREEN] (reason: [shards started [[test][0]]]).
[2020-02-17T00:22:20,160][INFO ][o.e.i.m.DocumentParserTests] [testDynamicDateDetectionEnabledWithNoSpecialCharacters] after test
[2020-02-17T00:22:20,160][INFO ][o.e.c.m.MetaDataDeleteIndexService] [node_s_0] [test/34vtef3STpaEGZmYsgVRTA] deleting index
[2020-02-17T00:22:20,193][INFO ][o.e.i.m.DocumentParserTests] [testDynamicDottedFieldNameLongWithExistingParentWrongType] before test
[2020-02-17T00:22:20,194][INFO ][o.e.c.m.MetaDataCreateIndexService] [node_s_0] [test] creating index, cause [api], templates [one_shard_index_template, random-soft-deletes-template], shards [1]/[0], mappings []
[2020-02-17T00:22:20,242][INFO ][o.e.c.r.a.AllocationService] [node_s_0] Cluster health status changed from [YELLOW] to [GREEN] (reason: [shards started [[test][0]]]).
[2020-02-17T00:22:20,254][INFO ][o.e.i.m.DocumentParserTests] [testDynamicDottedFieldNameLongWithExistingParentWrongType] after test
[2020-02-17T00:22:20,254][INFO ][o.e.c.m.MetaDataDeleteIndexService] [node_s_0] [test/hJPonm6DS9mqsmWzlDbGAg] deleting index
[2020-02-17T00:22:20,278][INFO ][o.e.i.m.DocumentParserTests] [testDynamicStrictDottedFieldNameLongArray] before test
[2020-02-17T00:22:20,280][INFO ][o.e.c.m.MetaDataCreateIndexService] [node_s_0] [test] creating index, cause [api], templates [one_shard_index_template, random-soft-deletes-template], shards [1]/[0], mappings []
[2020-02-17T00:22:20,334][INFO ][o.e.c.r.a.AllocationService] [node_s_0] Cluster health status changed from [YELLOW] to [GREEN] (reason: [shards started [[test][0]]]).
[2020-02-17T00:22:20,350][INFO ][o.e.i.m.DocumentParserTests] [testDynamicStrictDottedFieldNameLongArray] after test
[2020-02-17T00:22:20,350][INFO ][o.e.c.m.MetaDataDeleteIndexService] [node_s_0] [test/uACRZ9W9SzathEWpXnDxRg] deleting index
[2020-02-17T00:22:20,376][INFO ][o.e.i.m.DocumentParserTests] [testSimpleMapper] before test
[2020-02-17T00:22:20,377][INFO ][o.e.c.m.MetaDataCreateIndexService] [node_s_0] [test] creating index, cause [api], templates [one_shard_index_template, random-soft-deletes-template], shards [1]/[0], mappings []
[2020-02-17T00:22:20,431][INFO ][o.e.c.r.a.AllocationService] [node_s_0] Cluster health status changed from [YELLOW] to [GREEN] (reason: [shards started [[test][0]]]).
[2020-02-17T00:22:20,446][INFO ][o.e.i.m.DocumentParserTests] [testSimpleMapper] after test
[2020-02-17T00:22:20,450][INFO ][o.e.c.m.MetaDataDeleteIndexService] [node_s_0] [test/nEAqTCxkRYylZA5qW1aKrw] deleting index
[2020-02-17T00:22:20,474][INFO ][o.e.i.m.DocumentParserTests] [testSimpleParserNoTypeNoId] before test
[2020-02-17T00:22:20,479][INFO ][o.e.c.m.MetaDataCreateIndexService] [node_s_0] [test] creating index, cause [api], templates [one_shard_index_template, random-soft-deletes-template], shards [1]/[0], mappings []
[2020-02-17T00:22:20,538][INFO ][o.e.c.r.a.AllocationService] [node_s_0] Cluster health status changed from [YELLOW] to [GREEN] (reason: [shards started [[test][0]]]).
[2020-02-17T00:22:20,550][INFO ][o.e.i.m.DocumentParserTests] [testSimpleParserNoTypeNoId] after test
[2020-02-17T00:22:20,550][INFO ][o.e.c.m.MetaDataDeleteIndexService] [node_s_0] [test/-sWRJcFPTVGZZePtm4FB3Q] deleting index
[2020-02-17T00:22:20,573][INFO ][o.e.i.m.DocumentParserTests] [testTypeless] before test
[2020-02-17T00:22:20,575][INFO ][o.e.c.m.MetaDataCreateIndexService] [node_s_0] [test] creating index, cause [api], templates [one_shard_index_template, random-soft-deletes-template], shards [1]/[0], mappings []
[2020-02-17T00:22:20,627][INFO ][o.e.c.r.a.AllocationService] [node_s_0] Cluster health status changed from [YELLOW] to [GREEN] (reason: [shards started [[test][0]]]).
[2020-02-17T00:22:20,640][INFO ][o.e.i.m.DocumentParserTests] [testTypeless] after test
[2020-02-17T00:22:20,640][INFO ][o.e.c.m.MetaDataDeleteIndexService] [node_s_0] [test/jv2cEjBFRqWKyd4bnrR63w] deleting index
[2020-02-17T00:22:20,665][INFO ][o.e.i.m.DocumentParserTests] [testTypeLevelWithFieldTypeAsValue] before test
[2020-02-17T00:22:20,669][INFO ][o.e.c.m.MetaDataCreateIndexService] [node_s_0] [test] creating index, cause [api], templates [one_shard_index_template, random-soft-deletes-template], shards [1]/[0], mappings []
[2020-02-17T00:22:20,731][INFO ][o.e.c.r.a.AllocationService] [node_s_0] Cluster health status changed from [YELLOW] to [GREEN] (reason: [shards started [[test][0]]]).
[2020-02-17T00:22:20,743][INFO ][o.e.i.m.DocumentParserTests] [testTypeLevelWithFieldTypeAsValue] after test
[2020-02-17T00:22:20,744][INFO ][o.e.c.m.MetaDataDeleteIndexService] [node_s_0] [test/_lC_yp59Rzul9_II9PBsDg] deleting index
[2020-02-17T00:22:20,767][INFO ][o.e.i.m.DocumentParserTests] [testDynamicStrictDottedFieldNameLong] before test
[2020-02-17T00:22:20,768][INFO ][o.e.c.m.MetaDataCreateIndexService] [node_s_0] [test] creating index, cause [api], templates [one_shard_index_template, random-soft-deletes-template], shards [1]/[0], mappings []
[2020-02-17T00:22:20,823][INFO ][o.e.c.r.a.AllocationService] [node_s_0] Cluster health status changed from [YELLOW] to [GREEN] (reason: [shards started [[test][0]]]).
[2020-02-17T00:22:20,835][INFO ][o.e.i.m.DocumentParserTests] [testDynamicStrictDottedFieldNameLong] after test
[2020-02-17T00:22:20,836][INFO ][o.e.c.m.MetaDataDeleteIndexService] [node_s_0] [test/fMh9o1WDTN6QU1KJtCDhZw] deleting index
[2020-02-17T00:22:20,863][INFO ][o.e.i.m.DocumentParserTests] [testDynamicFalseDottedFieldNameLong] before test
[2020-02-17T00:22:20,864][INFO ][o.e.c.m.MetaDataCreateIndexService] [node_s_0] [test] creating index, cause [api], templates [one_shard_index_template, random-soft-deletes-template], shards [1]/[0], mappings []
[2020-02-17T00:22:20,914][INFO ][o.e.c.r.a.AllocationService] [node_s_0] Cluster health status changed from [YELLOW] to [GREEN] (reason: [shards started [[test][0]]]).
[2020-02-17T00:22:20,926][INFO ][o.e.i.m.DocumentParserTests] [testDynamicFalseDottedFieldNameLong] after test
[2020-02-17T00:22:20,926][INFO ][o.e.c.m.MetaDataDeleteIndexService] [node_s_0] [test/8HJmKhBcSWqOT7wA-yF4Tw] deleting index
[2020-02-17T00:22:20,949][INFO ][o.e.i.m.DocumentParserTests] [testBlankFieldNames] before test
[2020-02-17T00:22:20,951][INFO ][o.e.c.m.MetaDataCreateIndexService] [node_s_0] [idx] creating index, cause [auto(bulk api)], templates [one_shard_index_template, random-soft-deletes-template], shards [1]/[0], mappings []
[2020-02-17T00:22:21,006][INFO ][o.e.c.r.a.AllocationService] [node_s_0] Cluster health status changed from [YELLOW] to [GREEN] (reason: [shards started [[idx][0]]]).
[2020-02-17T00:22:21,018][INFO ][o.e.i.m.DocumentParserTests] [testBlankFieldNames] after test
[2020-02-17T00:22:21,018][INFO ][o.e.c.m.MetaDataDeleteIndexService] [node_s_0] [idx/vHoWCQx3Tu6XH8CDoHMvIQ] deleting index
[2020-02-17T00:22:21,043][INFO ][o.e.i.m.DocumentParserTests] [testDynamicFalseDottedFieldNameObject] before test
[2020-02-17T00:22:21,044][INFO ][o.e.c.m.MetaDataCreateIndexService] [node_s_0] [test] creating index, cause [api], templates [one_shard_index_template, random-soft-deletes-template], shards [1]/[0], mappings []
[2020-02-17T00:22:21,097][INFO ][o.e.c.r.a.AllocationService] [node_s_0] Cluster health status changed from [YELLOW] to [GREEN] (reason: [shards started [[test][0]]]).
[2020-02-17T00:22:21,110][INFO ][o.e.i.m.DocumentParserTests] [testDynamicFalseDottedFieldNameObject] after test
[2020-02-17T00:22:21,110][INFO ][o.e.c.m.MetaDataDeleteIndexService] [node_s_0] [test/GQKnIIGtQ7GzadRUewUCVw] deleting index
[2020-02-17T00:22:21,136][INFO ][o.e.i.m.DocumentParserTests] [testTypeLevel] before test
[2020-02-17T00:22:21,139][INFO ][o.e.c.m.MetaDataCreateIndexService] [node_s_0] [test] creating index, cause [api], templates [one_shard_index_template, random-soft-deletes-template], shards [1]/[0], mappings []
[2020-02-17T00:22:21,197][INFO ][o.e.c.r.a.AllocationService] [node_s_0] Cluster health status changed from [YELLOW] to [GREEN] (reason: [shards started [[test][0]]]).
[2020-02-17T00:22:21,208][INFO ][o.e.i.m.DocumentParserTests] [testTypeLevel] after test
[2020-02-17T00:22:21,208][INFO ][o.e.c.m.MetaDataDeleteIndexService] [node_s_0] [test/oi846y9PS8-TQzJ_X_R1GA] deleting index
[2020-02-17T00:22:21,234][INFO ][o.e.i.m.DocumentParserTests] [testDynamicRootFallback] before test
[2020-02-17T00:22:21,241][INFO ][o.e.c.m.MetaDataCreateIndexService] [node_s_0] [test] creating index, cause [api], templates [one_shard_index_template, random-soft-deletes-template], shards [1]/[0], mappings []
[2020-02-17T00:22:21,299][INFO ][o.e.c.r.a.AllocationService] [node_s_0] Cluster health status changed from [YELLOW] to [GREEN] (reason: [shards started [[test][0]]]).
[2020-02-17T00:22:21,310][INFO ][o.e.i.m.DocumentParserTests] [testDynamicRootFallback] after test
[2020-02-17T00:22:21,311][INFO ][o.e.c.m.MetaDataDeleteIndexService] [node_s_0] [test/4wKvoKF7TU6aAoHwfRVBAg] deleting index
[2020-02-17T00:22:21,336][INFO ][o.e.i.m.DocumentParserTests] [testDynamicFalseDottedFieldNameLongArray] before test
[2020-02-17T00:22:21,337][INFO ][o.e.c.m.MetaDataCreateIndexService] [node_s_0] [test] creating index, cause [api], templates [one_shard_index_template, random-soft-deletes-template], shards [1]/[0], mappings []
[2020-02-17T00:22:21,410][INFO ][o.e.c.r.a.AllocationService] [node_s_0] Cluster health status changed from [YELLOW] to [GREEN] (reason: [shards started [[test][0]]]).
[2020-02-17T00:22:21,419][INFO ][o.e.i.m.DocumentParserTests] [testDynamicFalseDottedFieldNameLongArray] after test
[2020-02-17T00:22:21,419][INFO ][o.e.c.m.MetaDataDeleteIndexService] [node_s_0] [test/9XCS3WFyTeepzFOYEr92Vg] deleting index
[2020-02-17T00:22:21,442][INFO ][o.e.i.m.DocumentParserTests] [testTypeLevelWithFieldTypeAsObject] before test
[2020-02-17T00:22:21,443][INFO ][o.e.c.m.MetaDataCreateIndexService] [node_s_0] [test] creating index, cause [api], templates [one_shard_index_template, random-soft-deletes-template], shards [1]/[0], mappings []
[2020-02-17T00:22:21,503][INFO ][o.e.c.r.a.AllocationService] [node_s_0] Cluster health status changed from [YELLOW] to [GREEN] (reason: [shards started [[test][0]]]).
[2020-02-17T00:22:21,515][INFO ][o.e.i.m.DocumentParserTests] [testTypeLevelWithFieldTypeAsObject] after test
[2020-02-17T00:22:21,515][INFO ][o.e.c.m.MetaDataDeleteIndexService] [node_s_0] [test/P9RMOfMsR_2ezWXfoQfyrg] deleting index
[2020-02-17T00:22:21,538][INFO ][o.e.i.m.DocumentParserTests] [testDynamicFalseObject] before test
[2020-02-17T00:22:21,540][INFO ][o.e.c.m.MetaDataCreateIndexService] [node_s_0] [test] creating index, cause [api], templates [one_shard_index_template, random-soft-deletes-template], shards [1]/[0], mappings []
[2020-02-17T00:22:21,591][INFO ][o.e.c.r.a.AllocationService] [node_s_0] Cluster health status changed from [YELLOW] to [GREEN] (reason: [shards started [[test][0]]]).
[2020-02-17T00:22:21,602][INFO ][o.e.i.m.DocumentParserTests] [testDynamicFalseObject] after test
[2020-02-17T00:22:21,602][INFO ][o.e.c.m.MetaDataDeleteIndexService] [node_s_0] [test/eAZoQCiPTzmRJvvMmajSnw] deleting index
[2020-02-17T00:22:21,623][INFO ][o.e.i.m.DocumentParserTests] [testDeepSubfieldAfterSubfieldMappingUpdate] before test
[2020-02-17T00:22:21,624][INFO ][o.e.c.m.MetaDataCreateIndexService] [node_s_0] [test] creating index, cause [api], templates [one_shard_index_template, random-soft-deletes-template], shards [1]/[0], mappings []
[2020-02-17T00:22:21,685][INFO ][o.e.c.r.a.AllocationService] [node_s_0] Cluster health status changed from [YELLOW] to [GREEN] (reason: [shards started [[test][0]]]).
[2020-02-17T00:22:21,697][INFO ][o.e.i.m.DocumentParserTests] [testDeepSubfieldAfterSubfieldMappingUpdate] after test
[2020-02-17T00:22:21,697][INFO ][o.e.c.m.MetaDataDeleteIndexService] [node_s_0] [test/ghyqzGDET62tWRujXUg32A] deleting index
[2020-02-17T00:22:21,719][INFO ][o.e.i.m.DocumentParserTests] [testDynamicLongArrayWithTemplate] before test
[2020-02-17T00:22:21,720][INFO ][o.e.c.m.MetaDataCreateIndexService] [node_s_0] [test] creating index, cause [api], templates [one_shard_index_template, random-soft-deletes-template], shards [1]/[0], mappings []
[2020-02-17T00:22:21,774][INFO ][o.e.c.r.a.AllocationService] [node_s_0] Cluster health status changed from [YELLOW] to [GREEN] (reason: [shards started [[test][0]]]).
[2020-02-17T00:22:21,784][INFO ][o.e.i.m.DocumentParserTests] [testDynamicLongArrayWithTemplate] after test
[2020-02-17T00:22:21,785][INFO ][o.e.c.m.MetaDataDeleteIndexService] [node_s_0] [test/LxvW4WjTRWG5Y9hLs8k3ew] deleting index
[2020-02-17T00:22:21,809][INFO ][o.e.i.m.DocumentParserTests] [testDotsWithFieldDisabled] before test
[2020-02-17T00:22:21,811][INFO ][o.e.c.m.MetaDataCreateIndexService] [node_s_0] [test] creating index, cause [api], templates [one_shard_index_template, random-soft-deletes-template], shards [1]/[0], mappings []
[2020-02-17T00:22:21,858][INFO ][o.e.c.r.a.AllocationService] [node_s_0] Cluster health status changed from [YELLOW] to [GREEN] (reason: [shards started [[test][0]]]).
[2020-02-17T00:22:21,869][INFO ][o.e.i.m.DocumentParserTests] [testDotsWithFieldDisabled] after test
[2020-02-17T00:22:21,870][INFO ][o.e.c.m.MetaDataDeleteIndexService] [node_s_0] [test/T8JpyxXESPOk2Iykbe4TWw] deleting index
[2020-02-17T00:22:21,894][INFO ][o.e.i.m.DocumentParserTests] [testDynamicDottedFieldNameLong] before test
[2020-02-17T00:22:21,896][INFO ][o.e.c.m.MetaDataCreateIndexService] [node_s_0] [test] creating index, cause [api], templates [one_shard_index_template, random-soft-deletes-template], shards [1]/[0], mappings []
[2020-02-17T00:22:21,946][INFO ][o.e.c.r.a.AllocationService] [node_s_0] Cluster health status changed from [YELLOW] to [GREEN] (reason: [shards started [[test][0]]]).
[2020-02-17T00:22:21,956][INFO ][o.e.i.m.DocumentParserTests] [testDynamicDottedFieldNameLong] after test
[2020-02-17T00:22:21,956][INFO ][o.e.c.m.MetaDataDeleteIndexService] [node_s_0] [test/NroaDJUFQXmZmh8sE5yBig] deleting index
[2020-02-17T00:22:21,985][INFO ][o.e.i.m.DocumentParserTests] [testEmptyMappingUpdate] before test
[2020-02-17T00:22:21,986][INFO ][o.e.c.m.MetaDataCreateIndexService] [node_s_0] [test] creating index, cause [api], templates [one_shard_index_template, random-soft-deletes-template], shards [1]/[0], mappings []
[2020-02-17T00:22:22,048][INFO ][o.e.c.r.a.AllocationService] [node_s_0] Cluster health status changed from [YELLOW] to [GREEN] (reason: [shards started [[test][0]]]).
[2020-02-17T00:22:22,059][INFO ][o.e.i.m.DocumentParserTests] [testEmptyMappingUpdate] after test
[2020-02-17T00:22:22,059][INFO ][o.e.c.m.MetaDataDeleteIndexService] [node_s_0] [test/sncD_ZCbQB6cl-pmD9W2jA] deleting index
[2020-02-17T00:22:22,081][INFO ][o.e.i.m.DocumentParserTests] [testDynamicStrictDottedFieldNameObject] before test
[2020-02-17T00:22:22,083][INFO ][o.e.c.m.MetaDataCreateIndexService] [node_s_0] [test] creating index, cause [api], templates [one_shard_index_template, random-soft-deletes-template], shards [1]/[0], mappings []
[2020-02-17T00:22:22,132][INFO ][o.e.c.r.a.AllocationService] [node_s_0] Cluster health status changed from [YELLOW] to [GREEN] (reason: [shards started [[test][0]]]).
[2020-02-17T00:22:22,142][INFO ][o.e.i.m.DocumentParserTests] [testDynamicStrictDottedFieldNameObject] after test
[2020-02-17T00:22:22,142][INFO ][o.e.c.m.MetaDataDeleteIndexService] [node_s_0] [test/kBEhvkp_QIeKWIkHdYD6qA] deleting index
[2020-02-17T00:22:22,163][INFO ][o.e.i.m.DocumentParserTests] [testDotsWithExistingNestedMapper] before test
[2020-02-17T00:22:22,164][INFO ][o.e.c.m.MetaDataCreateIndexService] [node_s_0] [test] creating index, cause [api], templates [one_shard_index_template, random-soft-deletes-template], shards [1]/[0], mappings []
[2020-02-17T00:22:22,218][INFO ][o.e.c.r.a.AllocationService] [node_s_0] Cluster health status changed from [YELLOW] to [GREEN] (reason: [shards started [[test][0]]]).
[2020-02-17T00:22:22,229][INFO ][o.e.i.m.DocumentParserTests] [testDotsWithExistingNestedMapper] after test
[2020-02-17T00:22:22,229][INFO ][o.e.c.m.MetaDataDeleteIndexService] [node_s_0] [test/Ou_qFgwgRs2S94bLceDc-A] deleting index
[2020-02-17T00:22:22,251][INFO ][o.e.i.m.DocumentParserTests] [testSubfieldMappingUpdate] before test
[2020-02-17T00:22:22,253][INFO ][o.e.c.m.MetaDataCreateIndexService] [node_s_0] [test] creating index, cause [api], templates [one_shard_index_template, random-soft-deletes-template], shards [1]/[0], mappings []
[2020-02-17T00:22:22,300][INFO ][o.e.c.r.a.AllocationService] [node_s_0] Cluster health status changed from [YELLOW] to [GREEN] (reason: [shards started [[test][0]]]).
[2020-02-17T00:22:22,310][INFO ][o.e.i.m.DocumentParserTests] [testSubfieldMappingUpdate] after test
[2020-02-17T00:22:22,310][INFO ][o.e.c.m.MetaDataDeleteIndexService] [node_s_0] [test/heOxE0OiRzOW6LFpEbmclg] deleting index
[2020-02-17T00:22:22,331][INFO ][o.e.i.m.DocumentParserTests] [testPropagateDynamicWithExistingMapper] before test
[2020-02-17T00:22:22,332][INFO ][o.e.c.m.MetaDataCreateIndexService] [node_s_0] [test] creating index, cause [api], templates [one_shard_index_template, random-soft-deletes-template], shards [1]/[0], mappings []
[2020-02-17T00:22:22,409][INFO ][o.e.c.r.a.AllocationService] [node_s_0] Cluster health status changed from [YELLOW] to [GREEN] (reason: [shards started [[test][0]]]).
[2020-02-17T00:22:22,423][INFO ][o.e.i.m.DocumentParserTests] [testPropagateDynamicWithExistingMapper] after test
[2020-02-17T00:22:22,423][INFO ][o.e.c.m.MetaDataDeleteIndexService] [node_s_0] [test/ert53ptgTcSlZn7Icak0MA] deleting index
[2020-02-17T00:22:22,457][INFO ][o.e.i.m.DocumentParserTests] [testDynamicDottedFieldNameObject] before test
[2020-02-17T00:22:22,459][INFO ][o.e.c.m.MetaDataCreateIndexService] [node_s_0] [test] creating index, cause [api], templates [one_shard_index_template, random-soft-deletes-template], shards [1]/[0], mappings []
[2020-02-17T00:22:22,540][INFO ][o.e.c.r.a.AllocationService] [node_s_0] Cluster health status changed from [YELLOW] to [GREEN] (reason: [shards started [[test][0]]]).
[2020-02-17T00:22:22,554][INFO ][o.e.i.m.DocumentParserTests] [testDynamicDottedFieldNameObject] after test
[2020-02-17T00:22:22,554][INFO ][o.e.c.m.MetaDataDeleteIndexService] [node_s_0] [test/k-vWJxKRSZOTuA8U_inY7A] deleting index
[2020-02-17T00:22:22,589][INFO ][o.e.i.m.DocumentParserTests] [testNoDocumentSent] before test
[2020-02-17T00:22:22,590][INFO ][o.e.c.m.MetaDataCreateIndexService] [node_s_0] [test] creating index, cause [api], templates [one_shard_index_template, random-soft-deletes-template], shards [1]/[0], mappings []
[2020-02-17T00:22:22,688][INFO ][o.e.c.r.a.AllocationService] [node_s_0] Cluster health status changed from [YELLOW] to [GREEN] (reason: [shards started [[test][0]]]).
[2020-02-17T00:22:22,701][INFO ][o.e.i.m.DocumentParserTests] [testNoDocumentSent] after test
[2020-02-17T00:22:22,702][INFO ][o.e.c.m.MetaDataDeleteIndexService] [node_s_0] [test/EBTtUbziSpuHQmUE-IP95Q] deleting index
[2020-02-17T00:22:22,739][INFO ][o.e.i.m.DocumentParserTests] [testNoLevelWithFieldTypeAsObjectNotFirst] before test
[2020-02-17T00:22:22,780][INFO ][o.e.c.m.MetaDataCreateIndexService] [node_s_0] [test] creating index, cause [api], templates [one_shard_index_template, random-soft-deletes-template], shards [1]/[0], mappings []
[2020-02-17T00:22:22,837][INFO ][o.e.c.r.a.AllocationService] [node_s_0] Cluster health status changed from [YELLOW] to [GREEN] (reason: [shards started [[test][0]]]).
[2020-02-17T00:22:22,847][INFO ][o.e.i.m.DocumentParserTests] [testNoLevelWithFieldTypeAsObjectNotFirst] after test
[2020-02-17T00:22:22,847][INFO ][o.e.c.m.MetaDataDeleteIndexService] [node_s_0] [test/qvbS9AutRqq3F08zEnGjpg] deleting index
[2020-02-17T00:22:22,867][INFO ][o.e.i.m.DocumentParserTests] [testDynamicStrictLongArray] before test
[2020-02-17T00:22:22,868][INFO ][o.e.c.m.MetaDataCreateIndexService] [node_s_0] [test] creating index, cause [api], templates [one_shard_index_template, random-soft-deletes-template], shards [1]/[0], mappings []
[2020-02-17T00:22:22,922][INFO ][o.e.c.r.a.AllocationService] [node_s_0] Cluster health status changed from [YELLOW] to [GREEN] (reason: [shards started [[test][0]]]).
[2020-02-17T00:22:22,932][INFO ][o.e.i.m.DocumentParserTests] [testDynamicStrictLongArray] after test
[2020-02-17T00:22:22,932][INFO ][o.e.c.m.MetaDataDeleteIndexService] [node_s_0] [test/MhUTBvasTZS91AWsKxM0hw] deleting index
[2020-02-17T00:22:22,956][INFO ][o.e.i.m.DocumentParserTests] [testCopyToFieldAlias] before test
[2020-02-17T00:22:22,958][INFO ][o.e.c.m.MetaDataCreateIndexService] [node_s_0] [test] creating index, cause [api], templates [one_shard_index_template, random-soft-deletes-template], shards [1]/[0], mappings []
[2020-02-17T00:22:23,010][INFO ][o.e.c.r.a.AllocationService] [node_s_0] Cluster health status changed from [YELLOW] to [GREEN] (reason: [shards started [[test][0]]]).
[2020-02-17T00:22:23,020][INFO ][o.e.i.m.DocumentParserTests] [testCopyToFieldAlias] after test
[2020-02-17T00:22:23,020][INFO ][o.e.c.m.MetaDataDeleteIndexService] [node_s_0] [test/tFYBGNRiSGOrtPjPhQ-lOA] deleting index
[2020-02-17T00:22:23,043][INFO ][o.e.i.m.DocumentParserTests] [testDynamicDottedFieldNameWithFieldAlias] before test
[2020-02-17T00:22:23,045][INFO ][o.e.c.m.MetaDataCreateIndexService] [node_s_0] [test] creating index, cause [api], templates [one_shard_index_template, random-soft-deletes-template], shards [1]/[0], mappings []
[2020-02-17T00:22:23,096][INFO ][o.e.c.r.a.AllocationService] [node_s_0] Cluster health status changed from [YELLOW] to [GREEN] (reason: [shards started [[test][0]]]).
[2020-02-17T00:22:23,111][INFO ][o.e.i.m.DocumentParserTests] [testDynamicDottedFieldNameWithFieldAlias] after test
[2020-02-17T00:22:23,111][INFO ][o.e.c.m.MetaDataDeleteIndexService] [node_s_0] [test/b_wEtY6eQf2qZ3U3UakRwA] deleting index
[2020-02-17T00:22:23,134][INFO ][o.e.i.m.DocumentParserTests] [testWriteToFieldAlias] before test
[2020-02-17T00:22:23,137][INFO ][o.e.c.m.MetaDataCreateIndexService] [node_s_0] [test] creating index, cause [api], templates [one_shard_index_template, random-soft-deletes-template], shards [1]/[0], mappings []
[2020-02-17T00:22:23,199][INFO ][o.e.c.r.a.AllocationService] [node_s_0] Cluster health status changed from [YELLOW] to [GREEN] (reason: [shards started [[test][0]]]).
[2020-02-17T00:22:23,208][INFO ][o.e.i.m.DocumentParserTests] [testWriteToFieldAlias] after test
[2020-02-17T00:22:23,208][INFO ][o.e.c.m.MetaDataDeleteIndexService] [node_s_0] [test/VSFfhnjITNyNo3GlI4olzQ] deleting index
[2020-02-17T00:22:23,229][INFO ][o.e.i.m.DocumentParserTests] [testDynamicDottedFieldNameObjectWithExistingParentWrongType] before test
[2020-02-17T00:22:23,230][INFO ][o.e.c.m.MetaDataCreateIndexService] [node_s_0] [test] creating index, cause [api], templates [one_shard_index_template, random-soft-deletes-template], shards [1]/[0], mappings []
[2020-02-17T00:22:23,278][INFO ][o.e.c.r.a.AllocationService] [node_s_0] Cluster health status changed from [YELLOW] to [GREEN] (reason: [shards started [[test][0]]]).
[2020-02-17T00:22:23,287][INFO ][o.e.i.m.DocumentParserTests] [testDynamicDottedFieldNameObjectWithExistingParentWrongType] after test
[2020-02-17T00:22:23,287][INFO ][o.e.c.m.MetaDataDeleteIndexService] [node_s_0] [test/XWT0gpOGQH6TxaFkdq6Sog] deleting index
[2020-02-17T00:22:23,309][INFO ][o.e.i.m.DocumentParserTests] [testNestedHaveIdAndTypeFields] before test
[2020-02-17T00:22:23,310][INFO ][o.e.c.m.MetaDataCreateIndexService] [node_s_0] [index2] creating index, cause [api], templates [one_shard_index_template, random-soft-deletes-template], shards [1]/[0], mappings []
[2020-02-17T00:22:23,370][INFO ][o.e.c.r.a.AllocationService] [node_s_0] Cluster health status changed from [YELLOW] to [GREEN] (reason: [shards started [[index2][0]]]).
[2020-02-17T00:22:23,381][INFO ][o.e.i.m.DocumentParserTests] [testNestedHaveIdAndTypeFields] after test
[2020-02-17T00:22:23,381][INFO ][o.e.c.m.MetaDataDeleteIndexService] [node_s_0] [index2/whIADHy3R92IkDh_eysx_A] deleting index
[2020-02-17T00:22:23,404][INFO ][o.e.i.m.DocumentParserTests] [testMultipleSubfieldMappingUpdate] before test
[2020-02-17T00:22:23,405][INFO ][o.e.c.m.MetaDataCreateIndexService] [node_s_0] [test] creating index, cause [api], templates [one_shard_index_template, random-soft-deletes-template], shards [1]/[0], mappings []
[2020-02-17T00:22:23,452][INFO ][o.e.c.r.a.AllocationService] [node_s_0] Cluster health status changed from [YELLOW] to [GREEN] (reason: [shards started [[test][0]]]).
[2020-02-17T00:22:23,461][INFO ][o.e.i.m.DocumentParserTests] [testMultipleSubfieldMappingUpdate] after test
[2020-02-17T00:22:23,462][INFO ][o.e.c.m.MetaDataDeleteIndexService] [node_s_0] [test/mbIWtnC0QN64I3ufTs7nwQ] deleting index
[2020-02-17T00:22:23,487][INFO ][o.e.i.m.DocumentParserTests] [testMappedNullValue] before test
[2020-02-17T00:22:23,489][INFO ][o.e.c.m.MetaDataCreateIndexService] [node_s_0] [test] creating index, cause [api], templates [one_shard_index_template, random-soft-deletes-template], shards [1]/[0], mappings []
[2020-02-17T00:22:23,536][INFO ][o.e.c.r.a.AllocationService] [node_s_0] Cluster health status changed from [YELLOW] to [GREEN] (reason: [shards started [[test][0]]]).
[2020-02-17T00:22:23,547][INFO ][o.e.i.m.DocumentParserTests] [testMappedNullValue] after test
[2020-02-17T00:22:23,548][INFO ][o.e.c.m.MetaDataDeleteIndexService] [node_s_0] [test/4wYwaC9YTEqxe42Oo06DEQ] deleting index
[2020-02-17T00:22:23,570][INFO ][o.e.i.m.DocumentParserTests] [testTypeLevelWithFieldTypeAsValueNotFirst] before test
[2020-02-17T00:22:23,571][INFO ][o.e.c.m.MetaDataCreateIndexService] [node_s_0] [test] creating index, cause [api], templates [one_shard_index_template, random-soft-deletes-template], shards [1]/[0], mappings []
[2020-02-17T00:22:23,626][INFO ][o.e.c.r.a.AllocationService] [node_s_0] Cluster health status changed from [YELLOW] to [GREEN] (reason: [shards started [[test][0]]]).
[2020-02-17T00:22:23,635][INFO ][o.e.i.m.DocumentParserTests] [testTypeLevelWithFieldTypeAsValueNotFirst] after test
[2020-02-17T00:22:23,635][INFO ][o.e.c.m.MetaDataDeleteIndexService] [node_s_0] [test/XULE3i_ASPSwSotlNqMPZA] deleting index
[2020-02-17T00:22:23,657][INFO ][o.e.i.m.DocumentParserTests] [testMappedLongArray] before test
[2020-02-17T00:22:23,658][INFO ][o.e.c.m.MetaDataCreateIndexService] [node_s_0] [test] creating index, cause [api], templates [one_shard_index_template, random-soft-deletes-template], shards [1]/[0], mappings []
[2020-02-17T00:22:23,709][INFO ][o.e.c.r.a.AllocationService] [node_s_0] Cluster health status changed from [YELLOW] to [GREEN] (reason: [shards started [[test][0]]]).
[2020-02-17T00:22:23,718][INFO ][o.e.i.m.DocumentParserTests] [testMappedLongArray] after test
[2020-02-17T00:22:23,718][INFO ][o.e.c.m.MetaDataDeleteIndexService] [node_s_0] [test/ufQ5T6b4TGCLd9o7_u8nZQ] deleting index
[2020-02-17T00:22:23,739][INFO ][o.e.i.m.DocumentParserTests] [testNoLevel] before test
[2020-02-17T00:22:23,741][INFO ][o.e.c.m.MetaDataCreateIndexService] [node_s_0] [test] creating index, cause [api], templates [one_shard_index_template, random-soft-deletes-template], shards [1]/[0], mappings []
[2020-02-17T00:22:23,789][INFO ][o.e.c.r.a.AllocationService] [node_s_0] Cluster health status changed from [YELLOW] to [GREEN] (reason: [shards started [[test][0]]]).
[2020-02-17T00:22:23,798][INFO ][o.e.i.m.DocumentParserTests] [testNoLevel] after test
[2020-02-17T00:22:23,798][INFO ][o.e.c.m.MetaDataDeleteIndexService] [node_s_0] [test/5ajOfVxpQTCJ4ms8EzejxA] deleting index
[2020-02-17T00:22:23,820][INFO ][o.e.i.m.DocumentParserTests] [testSimpleParser] before test
[2020-02-17T00:22:23,821][INFO ][o.e.c.m.MetaDataCreateIndexService] [node_s_0] [test] creating index, cause [api], templates [one_shard_index_template, random-soft-deletes-template], shards [1]/[0], mappings []
[2020-02-17T00:22:23,868][INFO ][o.e.c.r.a.AllocationService] [node_s_0] Cluster health status changed from [YELLOW] to [GREEN] (reason: [shards started [[test][0]]]).
[2020-02-17T00:22:23,879][INFO ][o.e.i.m.DocumentParserTests] [testSimpleParser] after test
[2020-02-17T00:22:23,879][INFO ][o.e.c.m.MetaDataDeleteIndexService] [node_s_0] [test/4hb4qR2sSOqTIVjYgJD9eg] deleting index
[2020-02-17T00:22:23,900][INFO ][o.e.i.m.DocumentParserTests] [testMappedGeoPointArray] before test
[2020-02-17T00:22:23,901][INFO ][o.e.c.m.MetaDataCreateIndexService] [node_s_0] [test] creating index, cause [api], templates [one_shard_index_template, random-soft-deletes-template], shards [1]/[0], mappings []
[2020-02-17T00:22:23,952][INFO ][o.e.c.r.a.AllocationService] [node_s_0] Cluster health status changed from [YELLOW] to [GREEN] (reason: [shards started [[test][0]]]).
[2020-02-17T00:22:23,962][INFO ][o.e.i.m.DocumentParserTests] [testMappedGeoPointArray] after test
[2020-02-17T00:22:23,962][INFO ][o.e.c.m.MetaDataDeleteIndexService] [node_s_0] [test/ey2lUKeLRDWBYooY77-fkw] deleting index
[2020-02-17T00:22:23,986][INFO ][o.e.i.m.DocumentParserTests] [testDynamicGeoPointArrayWithTemplate] before test
[2020-02-17T00:22:23,987][INFO ][o.e.c.m.MetaDataCreateIndexService] [node_s_0] [test] creating index, cause [api], templates [one_shard_index_template, random-soft-deletes-template], shards [1]/[0], mappings []
[2020-02-17T00:22:24,038][INFO ][o.e.c.r.a.AllocationService] [node_s_0] Cluster health status changed from [YELLOW] to [GREEN] (reason: [shards started [[test][0]]]).
[2020-02-17T00:22:24,047][INFO ][o.e.i.m.DocumentParserTests] [testDynamicGeoPointArrayWithTemplate] after test
[2020-02-17T00:22:24,048][INFO ][o.e.c.m.MetaDataDeleteIndexService] [node_s_0] [test/S25ruwlDSBSEgqA0v-yoKA] deleting index
[2020-02-17T00:22:24,074][INFO ][o.e.i.m.DocumentParserTests] [testDynamicFalseNull] before test
[2020-02-17T00:22:24,076][INFO ][o.e.c.m.MetaDataCreateIndexService] [node_s_0] [test] creating index, cause [api], templates [one_shard_index_template, random-soft-deletes-template], shards [1]/[0], mappings []
[2020-02-17T00:22:24,122][INFO ][o.e.c.r.a.AllocationService] [node_s_0] Cluster health status changed from [YELLOW] to [GREEN] (reason: [shards started [[test][0]]]).
[2020-02-17T00:22:24,132][INFO ][o.e.i.m.DocumentParserTests] [testDynamicFalseNull] after test
[2020-02-17T00:22:24,132][INFO ][o.e.c.m.MetaDataDeleteIndexService] [node_s_0] [test/BWr5MptaTQuMepcUiUoqnQ] deleting index
[2020-02-17T00:22:24,153][INFO ][o.e.i.m.DocumentParserTests] [testDynamicStrictObject] before test
[2020-02-17T00:22:24,155][INFO ][o.e.c.m.MetaDataCreateIndexService] [node_s_0] [test] creating index, cause [api], templates [one_shard_index_template, random-soft-deletes-template], shards [1]/[0], mappings []
[2020-02-17T00:22:24,201][INFO ][o.e.c.r.a.AllocationService] [node_s_0] Cluster health status changed from [YELLOW] to [GREEN] (reason: [shards started [[test][0]]]).
[2020-02-17T00:22:24,210][INFO ][o.e.i.m.DocumentParserTests] [testDynamicStrictObject] after test
[2020-02-17T00:22:24,210][INFO ][o.e.c.m.MetaDataDeleteIndexService] [node_s_0] [test/c_WNvdw_Rf6HrxCNbFo_Bw] deleting index
[2020-02-17T00:22:24,231][INFO ][o.e.i.m.DocumentParserTests] [testSingleMappingUpdate] before test
[2020-02-17T00:22:24,233][INFO ][o.e.c.m.MetaDataCreateIndexService] [node_s_0] [test] creating index, cause [api], templates [one_shard_index_template, random-soft-deletes-template], shards [1]/[0], mappings []
[2020-02-17T00:22:24,285][INFO ][o.e.c.r.a.AllocationService] [node_s_0] Cluster health status changed from [YELLOW] to [GREEN] (reason: [shards started [[test][0]]]).
[2020-02-17T00:22:24,295][INFO ][o.e.i.m.DocumentParserTests] [testSingleMappingUpdate] after test
[2020-02-17T00:22:24,295][INFO ][o.e.c.m.MetaDataDeleteIndexService] [node_s_0] [test/vI9lny9hS-CXRJ6RW6MIdQ] deleting index
[2020-02-17T00:22:24,317][INFO ][o.e.i.m.DocumentParserTests] [testDynamicLongArray] before test
[2020-02-17T00:22:24,318][INFO ][o.e.c.m.MetaDataCreateIndexService] [node_s_0] [test] creating index, cause [api], templates [one_shard_index_template, random-soft-deletes-template], shards [1]/[0], mappings []
[2020-02-17T00:22:24,371][INFO ][o.e.c.r.a.AllocationService] [node_s_0] Cluster health status changed from [YELLOW] to [GREEN] (reason: [shards started [[test][0]]]).
[2020-02-17T00:22:24,381][INFO ][o.e.i.m.DocumentParserTests] [testDynamicLongArray] after test
[2020-02-17T00:22:24,381][INFO ][o.e.c.m.MetaDataDeleteIndexService] [node_s_0] [test/TrgQb0xxRQyCk2OR4dgWWg] deleting index
[2020-02-17T00:22:24,402][INFO ][o.e.i.m.DocumentParserTests] [testParseToJsonAndParse] before test
[2020-02-17T00:22:24,405][INFO ][o.e.c.m.MetaDataCreateIndexService] [node_s_0] [test] creating index, cause [api], templates [one_shard_index_template, random-soft-deletes-template], shards [1]/[0], mappings []
[2020-02-17T00:22:24,461][INFO ][o.e.c.r.a.AllocationService] [node_s_0] Cluster health status changed from [YELLOW] to [GREEN] (reason: [shards started [[test][0]]]).
[2020-02-17T00:22:24,480][INFO ][o.e.i.m.DocumentParserTests] [testParseToJsonAndParse] after test
[2020-02-17T00:22:24,481][INFO ][o.e.c.m.MetaDataDeleteIndexService] [node_s_0] [test/V9T_2G0jQRe4ZBBXuLA_SA] deleting index
[2020-02-17T00:22:24,505][INFO ][o.e.i.m.DocumentParserTests] [testDynamicFalseLongArray] before test
[2020-02-17T00:22:24,506][INFO ][o.e.c.m.MetaDataCreateIndexService] [node_s_0] [test] creating index, cause [api], templates [one_shard_index_template, random-soft-deletes-template], shards [1]/[0], mappings []
[2020-02-17T00:22:24,558][INFO ][o.e.c.r.a.AllocationService] [node_s_0] Cluster health status changed from [YELLOW] to [GREEN] (reason: [shards started [[test][0]]]).
[2020-02-17T00:22:24,568][INFO ][o.e.i.m.DocumentParserTests] [testDynamicFalseLongArray] after test
[2020-02-17T00:22:24,569][INFO ][o.e.c.m.MetaDataDeleteIndexService] [node_s_0] [test/IBmPLZ3yR_2vUhn5mugv3Q] deleting index
[2020-02-17T00:22:24,593][INFO ][o.e.i.m.DocumentParserTests] [testDynamicDottedFieldNameLongArrayWithExistingParentWrongType] before test
[2020-02-17T00:22:24,595][INFO ][o.e.c.m.MetaDataCreateIndexService] [node_s_0] [test] creating index, cause [api], templates [one_shard_index_template, random-soft-deletes-template], shards [1]/[0], mappings []
[2020-02-17T00:22:24,653][INFO ][o.e.c.r.a.AllocationService] [node_s_0] Cluster health status changed from [YELLOW] to [GREEN] (reason: [shards started [[test][0]]]).
[2020-02-17T00:22:24,663][INFO ][o.e.i.m.DocumentParserTests] [testDynamicDottedFieldNameLongArrayWithExistingParentWrongType] after test
[2020-02-17T00:22:24,663][INFO ][o.e.c.m.MetaDataDeleteIndexService] [node_s_0] [test/hPPuCLClQcOwviJqh-kGuw] deleting index
[2020-02-17T00:22:24,691][INFO ][o.e.i.m.DocumentParserTests] [testDocumentContainsMetadataField] before test
[2020-02-17T00:22:24,692][INFO ][o.e.c.m.MetaDataCreateIndexService] [node_s_0] [test] creating index, cause [api], templates [one_shard_index_template, random-soft-deletes-template], shards [1]/[0], mappings []
[2020-02-17T00:22:24,756][INFO ][o.e.c.r.a.AllocationService] [node_s_0] Cluster health status changed from [YELLOW] to [GREEN] (reason: [shards started [[test][0]]]).
[2020-02-17T00:22:24,767][INFO ][o.e.i.m.DocumentParserTests] [testDocumentContainsMetadataField] after test
[2020-02-17T00:22:24,768][INFO ][o.e.c.m.MetaDataDeleteIndexService] [node_s_0] [test/ziNP7F5qQuWnx--mWS9jgA] deleting index
[2020-02-17T00:22:24,794][INFO ][o.e.i.m.DocumentParserTests] [testTypeLevelWithFieldTypeAsObjectNotFirst] before test
[2020-02-17T00:22:24,795][INFO ][o.e.c.m.MetaDataCreateIndexService] [node_s_0] [test] creating index, cause [api], templates [one_shard_index_template, random-soft-deletes-template], shards [1]/[0], mappings []
[2020-02-17T00:22:24,853][INFO ][o.e.c.r.a.AllocationService] [node_s_0] Cluster health status changed from [YELLOW] to [GREEN] (reason: [shards started [[test][0]]]).
[2020-02-17T00:22:24,863][INFO ][o.e.i.m.DocumentParserTests] [testTypeLevelWithFieldTypeAsObjectNotFirst] after test
[2020-02-17T00:22:24,863][INFO ][o.e.c.m.MetaDataDeleteIndexService] [node_s_0] [test/12XCZcB4Q26Lyk8DYVARwQ] deleting index
[2020-02-17T00:22:24,887][INFO ][o.e.i.m.DocumentParserTests] [testFieldDisabled] before test
[2020-02-17T00:22:24,889][INFO ][o.e.c.m.MetaDataCreateIndexService] [node_s_0] [test] creating index, cause [api], templates [one_shard_index_template, random-soft-deletes-template], shards [1]/[0], mappings []
[2020-02-17T00:22:24,945][INFO ][o.e.c.r.a.AllocationService] [node_s_0] Cluster health status changed from [YELLOW] to [GREEN] (reason: [shards started [[test][0]]]).
[2020-02-17T00:22:24,957][INFO ][o.e.i.m.DocumentParserTests] [testFieldDisabled] after test
[2020-02-17T00:22:24,958][INFO ][o.e.c.m.MetaDataDeleteIndexService] [node_s_0] [test/zDVtx6D6TSCxtid1zoXPkQ] deleting index
[2020-02-17T00:22:24,985][INFO ][o.e.i.m.DocumentParserTests] [testDynamicFieldsEmptyName] before test
[2020-02-17T00:22:24,987][INFO ][o.e.c.m.MetaDataCreateIndexService] [node_s_0] [idx] creating index, cause [auto(bulk api)], templates [one_shard_index_template, random-soft-deletes-template], shards [1]/[0], mappings []
[2020-02-17T00:22:25,037][INFO ][o.e.c.r.a.AllocationService] [node_s_0] Cluster health status changed from [YELLOW] to [GREEN] (reason: [shards started [[idx][0]]]).
[2020-02-17T00:22:25,058][INFO ][o.e.i.m.DocumentParserTests] [testDynamicFieldsEmptyName] after test
[2020-02-17T00:22:25,058][INFO ][o.e.c.m.MetaDataDeleteIndexService] [node_s_0] [idx/aPDdE1dtSyG7xvBZp5NLbQ] deleting index
[2020-02-17T00:22:25,096][INFO ][o.e.i.m.DocumentParserTests] [testDynamicDottedFieldNameObjectWithExistingParent] before test
[2020-02-17T00:22:25,097][INFO ][o.e.c.m.MetaDataCreateIndexService] [node_s_0] [test] creating index, cause [api], templates [one_shard_index_template, random-soft-deletes-template], shards [1]/[0], mappings []
[2020-02-17T00:22:25,156][INFO ][o.e.c.r.a.AllocationService] [node_s_0] Cluster health status changed from [YELLOW] to [GREEN] (reason: [shards started [[test][0]]]).
[2020-02-17T00:22:25,165][INFO ][o.e.i.m.DocumentParserTests] [testDynamicDottedFieldNameObjectWithExistingParent] after test
[2020-02-17T00:22:25,166][INFO ][o.e.c.m.MetaDataDeleteIndexService] [node_s_0] [test/ytbUYQW5SMyHacKirySudg] deleting index
[2020-02-17T00:22:25,197][INFO ][o.e.i.m.DocumentParserTests] [testDynamicDottedFieldNameLongWithExistingParent] before test
[2020-02-17T00:22:25,198][INFO ][o.e.c.m.MetaDataCreateIndexService] [node_s_0] [test] creating index, cause [api], templates [one_shard_index_template, random-soft-deletes-template], shards [1]/[0], mappings []
[2020-02-17T00:22:25,247][INFO ][o.e.c.r.a.AllocationService] [node_s_0] Cluster health status changed from [YELLOW] to [GREEN] (reason: [shards started [[test][0]]]).
[2020-02-17T00:22:25,257][INFO ][o.e.i.m.DocumentParserTests] [testDynamicDottedFieldNameLongWithExistingParent] after test
[2020-02-17T00:22:25,257][INFO ][o.e.c.m.MetaDataDeleteIndexService] [node_s_0] [test/z14CVlTERtG_jA2WVyOqRA] deleting index
[2020-02-17T00:22:25,281][INFO ][o.e.i.m.DocumentParserTests] [testDynamicBigDecimal] before test
[2020-02-17T00:22:25,282][INFO ][o.e.c.m.MetaDataCreateIndexService] [node_s_0] [test] creating index, cause [api], templates [one_shard_index_template, random-soft-deletes-template], shards [1]/[0], mappings []
[2020-02-17T00:22:25,334][INFO ][o.e.c.r.a.AllocationService] [node_s_0] Cluster health status changed from [YELLOW] to [GREEN] (reason: [shards started [[test][0]]]).
[2020-02-17T00:22:25,348][INFO ][o.e.i.m.DocumentParserTests] [testDynamicBigDecimal] after test
[2020-02-17T00:22:25,348][INFO ][o.e.c.m.MetaDataDeleteIndexService] [node_s_0] [test/6m8Cz5E5QR6U61In00WxVw] deleting index
[2020-02-17T00:22:25,374][INFO ][o.e.i.m.DocumentParserTests] [testObjectMappingUpdate] before test
[2020-02-17T00:22:25,375][INFO ][o.e.c.m.MetaDataCreateIndexService] [node_s_0] [test] creating index, cause [api], templates [one_shard_index_template, random-soft-deletes-template], shards [1]/[0], mappings []
[2020-02-17T00:22:25,425][INFO ][o.e.c.r.a.AllocationService] [node_s_0] Cluster health status changed from [YELLOW] to [GREEN] (reason: [shards started [[test][0]]]).
[2020-02-17T00:22:25,434][INFO ][o.e.i.m.DocumentParserTests] [testObjectMappingUpdate] after test
[2020-02-17T00:22:25,435][INFO ][o.e.c.m.MetaDataDeleteIndexService] [node_s_0] [test/L4gnieCKTNOvshuoY4eOFQ] deleting index
[2020-02-17T00:22:25,463][INFO ][o.e.i.m.DocumentParserTests] [testDynamicDottedFieldNameLongArray] before test
[2020-02-17T00:22:25,464][INFO ][o.e.c.m.MetaDataCreateIndexService] [node_s_0] [test] creating index, cause [api], templates [one_shard_index_template, random-soft-deletes-template], shards [1]/[0], mappings []
[2020-02-17T00:22:25,529][INFO ][o.e.c.r.a.AllocationService] [node_s_0] Cluster health status changed from [YELLOW] to [GREEN] (reason: [shards started [[test][0]]]).
[2020-02-17T00:22:25,538][INFO ][o.e.i.m.DocumentParserTests] [testDynamicDottedFieldNameLongArray] after test
[2020-02-17T00:22:25,538][INFO ][o.e.c.m.MetaDataDeleteIndexService] [node_s_0] [test/lSU4pd1TR026s0Qw87Y1BQ] deleting index
[2020-02-17T00:22:25,561][INFO ][o.e.i.m.DocumentParserTests] [testDynamicStrictNull] before test
[2020-02-17T00:22:25,562][INFO ][o.e.c.m.MetaDataCreateIndexService] [node_s_0] [test] creating index, cause [api], templates [one_shard_index_template, random-soft-deletes-template], shards [1]/[0], mappings []
[2020-02-17T00:22:25,612][INFO ][o.e.c.r.a.AllocationService] [node_s_0] Cluster health status changed from [YELLOW] to [GREEN] (reason: [shards started [[test][0]]]).
[2020-02-17T00:22:25,621][INFO ][o.e.i.m.DocumentParserTests] [testDynamicStrictNull] after test
[2020-02-17T00:22:25,621][INFO ][o.e.c.m.MetaDataDeleteIndexService] [node_s_0] [test/_-K_BGBmQZ6sKyGKsg8Lng] deleting index
[2020-02-17T00:22:25,645][INFO ][o.e.i.m.DocumentParserTests] [testDynamicObjectWithTemplate] before test
[2020-02-17T00:22:25,646][INFO ][o.e.c.m.MetaDataCreateIndexService] [node_s_0] [test] creating index, cause [api], templates [one_shard_index_template, random-soft-deletes-template], shards [1]/[0], mappings []
[2020-02-17T00:22:25,700][INFO ][o.e.c.r.a.AllocationService] [node_s_0] Cluster health status changed from [YELLOW] to [GREEN] (reason: [shards started [[test][0]]]).
[2020-02-17T00:22:25,711][INFO ][o.e.i.m.DocumentParserTests] [testDynamicObjectWithTemplate] after test
[2020-02-17T00:22:25,711][INFO ][o.e.c.m.MetaDataDeleteIndexService] [node_s_0] [test/Q0DIFJZCS6azEuascD0dlg] deleting index
[2020-02-17T00:22:25,734][INFO ][o.e.i.m.DocumentParserTests] [testDynamicDottedFieldNameObjectWithParentTemplate] before test
[2020-02-17T00:22:25,736][INFO ][o.e.c.m.MetaDataCreateIndexService] [node_s_0] [test] creating index, cause [api], templates [one_shard_index_template, random-soft-deletes-template], shards [1]/[0], mappings []
[2020-02-17T00:22:25,785][INFO ][o.e.c.r.a.AllocationService] [node_s_0] Cluster health status changed from [YELLOW] to [GREEN] (reason: [shards started [[test][0]]]).
[2020-02-17T00:22:25,796][INFO ][o.e.i.m.DocumentParserTests] [testDynamicDottedFieldNameObjectWithParentTemplate] after test
[2020-02-17T00:22:25,796][INFO ][o.e.c.m.MetaDataDeleteIndexService] [node_s_0] [test/rdob2h1PQ3SR0VVGwbjnRA] deleting index
[2020-02-17T00:22:25,819][INFO ][o.e.i.m.DocumentParserTests] [testDynamicStrictValue] before test
[2020-02-17T00:22:25,820][INFO ][o.e.c.m.MetaDataCreateIndexService] [node_s_0] [test] creating index, cause [api], templates [one_shard_index_template, random-soft-deletes-template], shards [1]/[0], mappings []
[2020-02-17T00:22:25,882][INFO ][o.e.c.r.a.AllocationService] [node_s_0] Cluster health status changed from [YELLOW] to [GREEN] (reason: [shards started [[test][0]]]).
[2020-02-17T00:22:25,893][INFO ][o.e.i.m.DocumentParserTests] [testDynamicStrictValue] after test
[2020-02-17T00:22:25,894][INFO ][o.e.c.m.MetaDataDeleteIndexService] [node_s_0] [test/TBmq76AsSjWgnxztCbqj5w] deleting index
[2020-02-17T00:22:25,929][INFO ][o.e.i.m.DocumentParserTests] [testDotsWithDynamicNestedMapper] before test
[2020-02-17T00:22:25,931][INFO ][o.e.c.m.MetaDataCreateIndexService] [node_s_0] [test] creating index, cause [api], templates [one_shard_index_template, random-soft-deletes-template], shards [1]/[0], mappings []
[2020-02-17T00:22:25,985][INFO ][o.e.c.r.a.AllocationService] [node_s_0] Cluster health status changed from [YELLOW] to [GREEN] (reason: [shards started [[test][0]]]).
[2020-02-17T00:22:26,000][INFO ][o.e.i.m.DocumentParserTests] [testDotsWithDynamicNestedMapper] after test
[2020-02-17T00:22:26,000][INFO ][o.e.c.m.MetaDataDeleteIndexService] [node_s_0] [test/V9pjstAXQk267Zr_gjMTzA] deleting index
[2020-02-17T00:22:26,026][INFO ][o.e.i.m.DocumentParserTests] [testNoLevelWithFieldTypeAsValueNotFirst] before test
[2020-02-17T00:22:26,027][INFO ][o.e.c.m.MetaDataCreateIndexService] [node_s_0] [test] creating index, cause [api], templates [one_shard_index_template, random-soft-deletes-template], shards [1]/[0], mappings []
[2020-02-17T00:22:26,095][INFO ][o.e.c.r.a.AllocationService] [node_s_0] Cluster health status changed from [YELLOW] to [GREEN] (reason: [shards started [[test][0]]]).
[2020-02-17T00:22:26,122][INFO ][o.e.i.m.DocumentParserTests] [testNoLevelWithFieldTypeAsValueNotFirst] after test
[2020-02-17T00:22:26,122][INFO ][o.e.c.m.MetaDataDeleteIndexService] [node_s_0] [test/PhGk2NpKRiGGv0isSghlKA] deleting index
[2020-02-17T00:22:26,162][INFO ][o.e.i.m.DocumentParserTests] [testDynamicFalseValue] before test
[2020-02-17T00:22:26,163][INFO ][o.e.c.m.MetaDataCreateIndexService] [node_s_0] [test] creating index, cause [api], templates [one_shard_index_template, random-soft-deletes-template], shards [1]/[0], mappings []
[2020-02-17T00:22:26,227][INFO ][o.e.c.r.a.AllocationService] [node_s_0] Cluster health status changed from [YELLOW] to [GREEN] (reason: [shards started [[test][0]]]).
[2020-02-17T00:22:26,241][INFO ][o.e.i.m.DocumentParserTests] [testDynamicFalseValue] after test
[2020-02-17T00:22:26,242][INFO ][o.e.c.m.MetaDataDeleteIndexService] [node_s_0] [test/FtwXjuX4QxyE7lKT2Hj5wg] deleting index
[2020-02-17T00:22:26,270][INFO ][o.e.i.m.DocumentParserTests] [testDynamicDottedFieldNameLongArrayWithExistingParent] before test
[2020-02-17T00:22:26,272][INFO ][o.e.c.m.MetaDataCreateIndexService] [node_s_0] [test] creating index, cause [api], templates [one_shard_index_template, random-soft-deletes-template], shards [1]/[0], mappings []
[2020-02-17T00:22:26,322][INFO ][o.e.c.r.a.AllocationService] [node_s_0] Cluster health status changed from [YELLOW] to [GREEN] (reason: [shards started [[test][0]]]).
[2020-02-17T00:22:26,332][INFO ][o.e.i.m.DocumentParserTests] [testDynamicDottedFieldNameLongArrayWithExistingParent] after test
[2020-02-17T00:22:26,345][INFO ][o.e.c.m.MetaDataDeleteIndexService] [node_s_0] [test/w3dUkWAgSDuU8jNIVmb1Dg] deleting index
[2020-02-17T00:22:26,378][INFO ][o.e.i.m.DocumentParserTests] [testDynamicDateDetectionDisabledOnNumbers] before test
[2020-02-17T00:22:26,379][INFO ][o.e.c.m.MetaDataCreateIndexService] [node_s_0] [test] creating index, cause [api], templates [one_shard_index_template, random-soft-deletes-template], shards [1]/[0], mappings []
[2020-02-17T00:22:26,429][INFO ][o.e.c.r.a.AllocationService] [node_s_0] Cluster health status changed from [YELLOW] to [GREEN] (reason: [shards started [[test][0]]]).
[2020-02-17T00:22:26,444][INFO ][o.e.i.m.DocumentParserTests] [testDynamicDateDetectionDisabledOnNumbers] after test
[2020-02-17T00:22:26,444][INFO ][o.e.c.m.MetaDataDeleteIndexService] [node_s_0] [test/EJd0w3oLSxCz5duEJMIx0Q] deleting index
[2020-02-17T00:22:26,493][INFO ][o.e.i.m.DocumentParserTests] [testDynamicDottedFieldNameLongArrayWithParentTemplate] before test
[2020-02-17T00:22:26,494][INFO ][o.e.c.m.MetaDataCreateIndexService] [node_s_0] [test] creating index, cause [api], templates [one_shard_index_template, random-soft-deletes-template], shards [1]/[0], mappings []
[2020-02-17T00:22:26,554][INFO ][o.e.c.r.a.AllocationService] [node_s_0] Cluster health status changed from [YELLOW] to [GREEN] (reason: [shards started [[test][0]]]).
[2020-02-17T00:22:26,566][INFO ][o.e.i.m.DocumentParserTests] [testDynamicDottedFieldNameLongArrayWithParentTemplate] after test
[2020-02-17T00:22:26,566][INFO ][o.e.c.m.MetaDataDeleteIndexService] [node_s_0] [test/nDtFXnfYS664Cfiv8uP99Q] deleting index
[2020-02-17T00:22:26,593][INFO ][o.e.i.m.DocumentParserTests] [testDynamicDottedFieldNameLongWithParentTemplate] before test
[2020-02-17T00:22:26,594][INFO ][o.e.c.m.MetaDataCreateIndexService] [node_s_0] [test] creating index, cause [api], templates [one_shard_index_template, random-soft-deletes-template], shards [1]/[0], mappings []
[2020-02-17T00:22:26,642][INFO ][o.e.c.r.a.AllocationService] [node_s_0] Cluster health status changed from [YELLOW] to [GREEN] (reason: [shards started [[test][0]]]).
[2020-02-17T00:22:26,650][INFO ][o.e.i.m.DocumentParserTests] [testDynamicDottedFieldNameLongWithParentTemplate] after test
[2020-02-17T00:22:26,650][INFO ][o.e.c.m.MetaDataDeleteIndexService] [node_s_0] [test/tHDq8bU-RhSR5-F-mMSy3w] deleting index
[2020-02-17T00:22:26,672][INFO ][o.e.i.m.DocumentParserTests] [testNoLevelWithFieldTypeAsValue] before test
[2020-02-17T00:22:26,673][INFO ][o.e.c.m.MetaDataCreateIndexService] [node_s_0] [test] creating index, cause [api], templates [one_shard_index_template, random-soft-deletes-template], shards [1]/[0], mappings []
[2020-02-17T00:22:26,719][INFO ][o.e.c.r.a.AllocationService] [node_s_0] Cluster health status changed from [YELLOW] to [GREEN] (reason: [shards started [[test][0]]]).
[2020-02-17T00:22:26,729][INFO ][o.e.i.m.DocumentParserTests] [testNoLevelWithFieldTypeAsValue] after test
[2020-02-17T00:22:26,729][INFO ][o.e.c.m.MetaDataDeleteIndexService] [node_s_0] [test/dZKvGK_1SdSwgZCXHlY3vw] deleting index
[2020-02-17T00:22:26,750][INFO ][o.e.i.m.DocumentParserTests] [testAttributes] before test
[2020-02-17T00:22:26,751][INFO ][o.e.c.m.MetaDataCreateIndexService] [node_s_0] [test] creating index, cause [api], templates [one_shard_index_template, random-soft-deletes-template], shards [1]/[0], mappings []
[2020-02-17T00:22:26,803][INFO ][o.e.c.r.a.AllocationService] [node_s_0] Cluster health status changed from [YELLOW] to [GREEN] (reason: [shards started [[test][0]]]).
[2020-02-17T00:22:26,816][INFO ][o.e.i.m.DocumentParserTests] [testAttributes] after test
[2020-02-17T00:22:26,816][INFO ][o.e.c.m.MetaDataDeleteIndexService] [node_s_0] [test/jpVvqJC9Rhe94tK0c5TeAA] deleting index
[2020-02-17T00:22:26,839][INFO ][o.e.i.m.DocumentParserTests] [testPropagateDynamicWithDynamicMapper] before test
[2020-02-17T00:22:26,840][INFO ][o.e.c.m.MetaDataCreateIndexService] [node_s_0] [test] creating index, cause [api], templates [one_shard_index_template, random-soft-deletes-template], shards [1]/[0], mappings []
[2020-02-17T00:22:26,887][INFO ][o.e.c.r.a.AllocationService] [node_s_0] Cluster health status changed from [YELLOW] to [GREEN] (reason: [shards started [[test][0]]]).
[2020-02-17T00:22:26,896][INFO ][o.e.i.m.DocumentParserTests] [testPropagateDynamicWithDynamicMapper] after test
[2020-02-17T00:22:26,896][INFO ][o.e.c.m.MetaDataDeleteIndexService] [node_s_0] [test/w0HVmIEVRW6FCOl4XQwh6Q] deleting index
[2020-02-17T00:22:26,918][INFO ][o.e.i.m.DocumentParserTests] [testNoLevelWithFieldTypeAsObject] before test
[2020-02-17T00:22:26,919][INFO ][o.e.c.m.MetaDataCreateIndexService] [node_s_0] [test] creating index, cause [api], templates [one_shard_index_template, random-soft-deletes-template], shards [1]/[0], mappings []
[2020-02-17T00:22:26,967][INFO ][o.e.c.r.a.AllocationService] [node_s_0] Cluster health status changed from [YELLOW] to [GREEN] (reason: [shards started [[test][0]]]).
[2020-02-17T00:22:26,977][INFO ][o.e.i.m.DocumentParserTests] [testNoLevelWithFieldTypeAsObject] after test
[2020-02-17T00:22:26,978][INFO ][o.e.c.m.MetaDataDeleteIndexService] [node_s_0] [test/vJRiDGfbRkq7tickpSjuNQ] deleting index
[2020-02-17T00:22:26,998][INFO ][o.e.i.m.DocumentParserTests] [testDotsWithExistingMapper] before test
[2020-02-17T00:22:27,000][INFO ][o.e.c.m.MetaDataCreateIndexService] [node_s_0] [test] creating index, cause [api], templates [one_shard_index_template, random-soft-deletes-template], shards [1]/[0], mappings []
[2020-02-17T00:22:27,045][INFO ][o.e.c.r.a.AllocationService] [node_s_0] Cluster health status changed from [YELLOW] to [GREEN] (reason: [shards started [[test][0]]]).
[2020-02-17T00:22:27,054][INFO ][o.e.i.m.DocumentParserTests] [testDotsWithExistingMapper] after test
[2020-02-17T00:22:27,054][INFO ][o.e.c.m.MetaDataDeleteIndexService] [node_s_0] [test/ipLYZrIUQE2J8wWnzm3jIw] deleting index
[2020-02-17T00:22:27,076][INFO ][o.e.i.m.DocumentParserTests] [testUnexpectedFieldMappingType] before test
[2020-02-17T00:22:27,077][INFO ][o.e.c.m.MetaDataCreateIndexService] [node_s_0] [test] creating index, cause [api], templates [one_shard_index_template, random-soft-deletes-template], shards [1]/[0], mappings []
[2020-02-17T00:22:27,134][INFO ][o.e.c.r.a.AllocationService] [node_s_0] Cluster health status changed from [YELLOW] to [GREEN] (reason: [shards started [[test][0]]]).
[2020-02-17T00:22:27,148][INFO ][o.e.i.m.DocumentParserTests] [testUnexpectedFieldMappingType] after test
[2020-02-17T00:22:27,149][INFO ][o.e.c.m.MetaDataDeleteIndexService] [node_s_0] [test/p8lJV0F9RDKvZINm7cp4Kw] deleting index
[2020-02-17T00:22:27,181][INFO ][o.e.i.m.DocumentParserTests] [testDeepSubfieldMappingUpdate] before test
[2020-02-17T00:22:27,183][INFO ][o.e.c.m.MetaDataCreateIndexService] [node_s_0] [test] creating index, cause [api], templates [one_shard_index_template, random-soft-deletes-template], shards [1]/[0], mappings []
[2020-02-17T00:22:27,238][INFO ][o.e.c.r.a.AllocationService] [node_s_0] Cluster health status changed from [YELLOW] to [GREEN] (reason: [shards started [[test][0]]]).
[2020-02-17T00:22:27,250][INFO ][o.e.i.m.DocumentParserTests] [testDeepSubfieldMappingUpdate] after test
[2020-02-17T00:22:27,250][INFO ][o.e.c.m.MetaDataDeleteIndexService] [node_s_0] [test/G3yokw_tT8yWrxzq8DASRQ] deleting index
[2020-02-17T00:22:27,291][INFO ][o.e.i.m.DocumentParserTests] [testDynamicBigInteger] before test
[2020-02-17T00:22:27,292][INFO ][o.e.c.m.MetaDataCreateIndexService] [node_s_0] [test] creating index, cause [api], templates [one_shard_index_template, random-soft-deletes-template], shards [1]/[0], mappings []
[2020-02-17T00:22:27,346][INFO ][o.e.c.r.a.AllocationService] [node_s_0] Cluster health status changed from [YELLOW] to [GREEN] (reason: [shards started [[test][0]]]).
[2020-02-17T00:22:27,360][INFO ][o.e.i.m.DocumentParserTests] [testDynamicBigInteger] after test
[2020-02-17T00:22:27,360][INFO ][o.e.c.m.MetaDataDeleteIndexService] [node_s_0] [test/qeotrOQXSrSPW8e4r7PBDg] deleting index
[2020-02-17T00:22:27,384][INFO ][o.e.i.m.DocumentParserTests] [testDynamicFieldsStartingAndEndingWithDot] before test
[2020-02-17T00:22:27,386][INFO ][o.e.c.m.MetaDataCreateIndexService] [node_s_0] [idx] creating index, cause [auto(bulk api)], templates [one_shard_index_template, random-soft-deletes-template], shards [1]/[0], mappings []
[2020-02-17T00:22:27,434][INFO ][o.e.c.r.a.AllocationService] [node_s_0] Cluster health status changed from [YELLOW] to [GREEN] (reason: [shards started [[idx][0]]]).
[2020-02-17T00:22:27,449][INFO ][o.e.c.m.MetaDataMappingService] [node_s_0] [idx/DpY-38HfTEC9Kjs3DMhzDA] create_mapping [type]
[2020-02-17T00:22:27,469][INFO ][o.e.i.m.DocumentParserTests] [testDynamicFieldsStartingAndEndingWithDot] after test
[2020-02-17T00:22:27,469][INFO ][o.e.c.m.MetaDataDeleteIndexService] [node_s_0] [idx/DpY-38HfTEC9Kjs3DMhzDA] deleting index
[2020-02-17T00:22:27,496][INFO ][o.e.n.Node               ] [suite] stopping ...
[2020-02-17T00:22:27,497][INFO ][o.e.n.Node               ] [suite] stopped
[2020-02-17T00:22:27,497][INFO ][o.e.n.Node               ] [suite] closing ...
[2020-02-17T00:22:27,499][INFO ][o.e.n.Node               ] [suite] closed
]]></system-out>
  <system-err><![CDATA[]]></system-err>
</testsuite>
