<?xml version="1.0" encoding="UTF-8"?>
<testsuite name="org.elasticsearch.common.util.URIPatternTests" tests="1" skipped="0" failures="0" errors="0" timestamp="2020-02-16T22:20:53" hostname="Escoto-PC" time="0.005">
  <properties/>
  <testcase name="testURIPattern" classname="org.elasticsearch.common.util.URIPatternTests" time="0.005"/>
  <system-out><![CDATA[[2020-02-16T23:20:53,755][INFO ][o.e.c.u.URIPatternTests  ] [testURIPattern] before test
[2020-02-16T23:20:53,757][INFO ][o.e.c.u.URIPatternTests  ] [testURIPattern] after test
]]></system-out>
  <system-err><![CDATA[]]></system-err>
</testsuite>
