<?xml version="1.0" encoding="UTF-8"?>
<testsuite name="org.elasticsearch.discovery.PeerFinderMessagesTests" tests="2" skipped="0" failures="0" errors="0" timestamp="2020-02-16T22:22:06" hostname="Escoto-PC" time="0.012">
  <properties/>
  <testcase name="testPeersRequestEqualsHashCodeSerialization" classname="org.elasticsearch.discovery.PeerFinderMessagesTests" time="0.004"/>
  <testcase name="testPeersResponseEqualsHashCodeSerialization" classname="org.elasticsearch.discovery.PeerFinderMessagesTests" time="0.008"/>
  <system-out><![CDATA[[2020-02-16T23:22:06,030][INFO ][o.e.d.PeerFinderMessagesTests] [testPeersRequestEqualsHashCodeSerialization] before test
[2020-02-16T23:22:06,032][INFO ][o.e.d.PeerFinderMessagesTests] [testPeersRequestEqualsHashCodeSerialization] after test
[2020-02-16T23:22:06,039][INFO ][o.e.d.PeerFinderMessagesTests] [testPeersResponseEqualsHashCodeSerialization] before test
[2020-02-16T23:22:06,040][INFO ][o.e.d.PeerFinderMessagesTests] [testPeersResponseEqualsHashCodeSerialization] after test
]]></system-out>
  <system-err><![CDATA[]]></system-err>
</testsuite>
