<?xml version="1.0" encoding="UTF-8"?>
<testsuite name="org.elasticsearch.ingest.IngestDocumentTests" tests="87" skipped="0" failures="0" errors="0" timestamp="2020-02-16T22:24:58" hostname="Escoto-PC" time="0.215">
  <properties/>
  <testcase name="testGetFieldValueNull" classname="org.elasticsearch.ingest.IngestDocumentTests" time="0.006"/>
  <testcase name="testHasFieldNestedNotFound" classname="org.elasticsearch.ingest.IngestDocumentTests" time="0.003"/>
  <testcase name="testNestedGetFieldValue" classname="org.elasticsearch.ingest.IngestDocumentTests" time="0.006"/>
  <testcase name="testAppendFieldValueConvertStringListElementToList" classname="org.elasticsearch.ingest.IngestDocumentTests" time="0.006"/>
  <testcase name="testAppendFieldValuesConvertStringListElementToList" classname="org.elasticsearch.ingest.IngestDocumentTests" time="0.002"/>
  <testcase name="testHasFieldSourceObject" classname="org.elasticsearch.ingest.IngestDocumentTests" time="0.002"/>
  <testcase name="testAppendFieldValuesToListElement" classname="org.elasticsearch.ingest.IngestDocumentTests" time="0.003"/>
  <testcase name="testListHasFieldIndexOutOfBounds" classname="org.elasticsearch.ingest.IngestDocumentTests" time="0.002"/>
  <testcase name="testHasFieldIngestObject" classname="org.elasticsearch.ingest.IngestDocumentTests" time="0.002"/>
  <testcase name="testAppendFieldValuesConvertIntegerToList" classname="org.elasticsearch.ingest.IngestDocumentTests" time="0.003"/>
  <testcase name="testAppendFieldValueToNonExistingList" classname="org.elasticsearch.ingest.IngestDocumentTests" time="0.002"/>
  <testcase name="testListAppendFieldValues" classname="org.elasticsearch.ingest.IngestDocumentTests" time="0.002"/>
  <testcase name="testListHasField" classname="org.elasticsearch.ingest.IngestDocumentTests" time="0.002"/>
  <testcase name="testListSetFieldValueIndexNotNumeric" classname="org.elasticsearch.ingest.IngestDocumentTests" time="0.002"/>
  <testcase name="testHasFieldEmptyPathAfterStrippingOutPrefix" classname="org.elasticsearch.ingest.IngestDocumentTests" time="0.003"/>
  <testcase name="testListGetFieldValue" classname="org.elasticsearch.ingest.IngestDocumentTests" time="0.002"/>
  <testcase name="testListSetFieldValueNoIndexProvided" classname="org.elasticsearch.ingest.IngestDocumentTests" time="0.002"/>
  <testcase name="testListRemoveField" classname="org.elasticsearch.ingest.IngestDocumentTests" time="0.002"/>
  <testcase name="testHasFieldNull" classname="org.elasticsearch.ingest.IngestDocumentTests" time="0.003"/>
  <testcase name="testRemoveEmptyField" classname="org.elasticsearch.ingest.IngestDocumentTests" time="0.002"/>
  <testcase name="testIngestMetadataTimestamp" classname="org.elasticsearch.ingest.IngestDocumentTests" time="0.004"/>
  <testcase name="testListSetFieldValueIndexOutOfBounds" classname="org.elasticsearch.ingest.IngestDocumentTests" time="0.003"/>
  <testcase name="testGetFieldValueNullValue" classname="org.elasticsearch.ingest.IngestDocumentTests" time="0.002"/>
  <testcase name="testListHasFieldIndexNotNumeric" classname="org.elasticsearch.ingest.IngestDocumentTests" time="0.002"/>
  <testcase name="testNestedSetFieldValue" classname="org.elasticsearch.ingest.IngestDocumentTests" time="0.003"/>
  <testcase name="testSetFieldValueEmptyName" classname="org.elasticsearch.ingest.IngestDocumentTests" time="0.005"/>
  <testcase name="testGetFieldValueEmpty" classname="org.elasticsearch.ingest.IngestDocumentTests" time="0.003"/>
  <testcase name="testListSetFieldValueIndexProvided" classname="org.elasticsearch.ingest.IngestDocumentTests" time="0.006"/>
  <testcase name="testSetFieldValueOnExistingNullParent" classname="org.elasticsearch.ingest.IngestDocumentTests" time="0.003"/>
  <testcase name="testRemoveEmptyPathAfterStrippingOutPrefix" classname="org.elasticsearch.ingest.IngestDocumentTests" time="0.002"/>
  <testcase name="testAppendFieldValueListElementConvertMapToList" classname="org.elasticsearch.ingest.IngestDocumentTests" time="0.003"/>
  <testcase name="testSetFieldValueOnExistingParentTypeMismatch" classname="org.elasticsearch.ingest.IngestDocumentTests" time="0.002"/>
  <testcase name="testSetFieldValueNullValue" classname="org.elasticsearch.ingest.IngestDocumentTests" time="0.002"/>
  <testcase name="testEqualsAndHashcode" classname="org.elasticsearch.ingest.IngestDocumentTests" time="0.003"/>
  <testcase name="testNestedRemoveFieldTypeMismatch" classname="org.elasticsearch.ingest.IngestDocumentTests" time="0.004"/>
  <testcase name="testListRemoveFieldIndexOutOfBounds" classname="org.elasticsearch.ingest.IngestDocumentTests" time="0.003"/>
  <testcase name="testSimpleGetFieldValueTypeMismatch" classname="org.elasticsearch.ingest.IngestDocumentTests" time="0.002"/>
  <testcase name="testAppendFieldValueConvertStringToList" classname="org.elasticsearch.ingest.IngestDocumentTests" time="0.002"/>
  <testcase name="testListAppendFieldValue" classname="org.elasticsearch.ingest.IngestDocumentTests" time="0.002"/>
  <testcase name="testRemoveField" classname="org.elasticsearch.ingest.IngestDocumentTests" time="0.001"/>
  <testcase name="testCopyConstructorWithZonedDateTime" classname="org.elasticsearch.ingest.IngestDocumentTests" time="0.002"/>
  <testcase name="testAppendFieldValuesConvertStringToList" classname="org.elasticsearch.ingest.IngestDocumentTests" time="0.002"/>
  <testcase name="testSetFieldValueListAsPartOfPath" classname="org.elasticsearch.ingest.IngestDocumentTests" time="0.002"/>
  <testcase name="testHasFieldNotFound" classname="org.elasticsearch.ingest.IngestDocumentTests" time="0.002"/>
  <testcase name="testRemoveExistingParentTypeMismatch" classname="org.elasticsearch.ingest.IngestDocumentTests" time="0.002"/>
  <testcase name="testRemoveFieldValueNotFoundNullParent" classname="org.elasticsearch.ingest.IngestDocumentTests" time="0.002"/>
  <testcase name="testAppendFieldValueToNullListElement" classname="org.elasticsearch.ingest.IngestDocumentTests" time="0.002"/>
  <testcase name="testNestedGetFieldValueTypeMismatch" classname="org.elasticsearch.ingest.IngestDocumentTests" time="0.001"/>
  <testcase name="testSetInvalidSourceField" classname="org.elasticsearch.ingest.IngestDocumentTests" time="0.002"/>
  <testcase name="testSetIngestObject" classname="org.elasticsearch.ingest.IngestDocumentTests" time="0.002"/>
  <testcase name="testHasFieldNested" classname="org.elasticsearch.ingest.IngestDocumentTests" time="0.002"/>
  <testcase name="testAppendFieldValueConvertMapToList" classname="org.elasticsearch.ingest.IngestDocumentTests" time="0.002"/>
  <testcase name="testSetSourceObject" classname="org.elasticsearch.ingest.IngestDocumentTests" time="0.002"/>
  <testcase name="testSetFieldValueOnExistingParent" classname="org.elasticsearch.ingest.IngestDocumentTests" time="0.002"/>
  <testcase name="testHasField" classname="org.elasticsearch.ingest.IngestDocumentTests" time="0.002"/>
  <testcase name="testSimpleSetFieldValue" classname="org.elasticsearch.ingest.IngestDocumentTests" time="0.002"/>
  <testcase name="testAppendFieldValueConvertIntegerToList" classname="org.elasticsearch.ingest.IngestDocumentTests" time="0.002"/>
  <testcase name="testRemoveIngestObject" classname="org.elasticsearch.ingest.IngestDocumentTests" time="0.002"/>
  <testcase name="testListGetFieldValueIndexOutOfBounds" classname="org.elasticsearch.ingest.IngestDocumentTests" time="0.003"/>
  <testcase name="testHasFieldNotFoundNullParent" classname="org.elasticsearch.ingest.IngestDocumentTests" time="0.001"/>
  <testcase name="testSetEmptyPathAfterStrippingOutPrefix" classname="org.elasticsearch.ingest.IngestDocumentTests" time="0.002"/>
  <testcase name="testAppendFieldValueToListElement" classname="org.elasticsearch.ingest.IngestDocumentTests" time="0.002"/>
  <testcase name="testAppendFieldValuesToNonExistingList" classname="org.elasticsearch.ingest.IngestDocumentTests" time="0.002"/>
  <testcase name="testGetSourceObject" classname="org.elasticsearch.ingest.IngestDocumentTests" time="0.002"/>
  <testcase name="testNestedHasFieldTypeMismatch" classname="org.elasticsearch.ingest.IngestDocumentTests" time="0.002"/>
  <testcase name="testGetFieldValueNotFound" classname="org.elasticsearch.ingest.IngestDocumentTests" time="0.002"/>
  <testcase name="testRemoveNonExistingField" classname="org.elasticsearch.ingest.IngestDocumentTests" time="0.003"/>
  <testcase name="testSetFieldValueNullName" classname="org.elasticsearch.ingest.IngestDocumentTests" time="0.002"/>
  <testcase name="testRemoveSourceObject" classname="org.elasticsearch.ingest.IngestDocumentTests" time="0.002"/>
  <testcase name="testSetFieldValueOnExistingField" classname="org.elasticsearch.ingest.IngestDocumentTests" time="0.002"/>
  <testcase name="testSimpleGetFieldValue" classname="org.elasticsearch.ingest.IngestDocumentTests" time="0.002"/>
  <testcase name="testGetIngestObject" classname="org.elasticsearch.ingest.IngestDocumentTests" time="0.002"/>
  <testcase name="testRemoveInnerField" classname="org.elasticsearch.ingest.IngestDocumentTests" time="0.002"/>
  <testcase name="testHasFieldNullValue" classname="org.elasticsearch.ingest.IngestDocumentTests" time="0.002"/>
  <testcase name="testListGetFieldValueNull" classname="org.elasticsearch.ingest.IngestDocumentTests" time="0.002"/>
  <testcase name="testListHasFieldIndexOutOfBounds_fail" classname="org.elasticsearch.ingest.IngestDocumentTests" time="0.003"/>
  <testcase name="testAppendFieldValueToListOfMaps" classname="org.elasticsearch.ingest.IngestDocumentTests" time="0.002"/>
  <testcase name="testCopyConstructor" classname="org.elasticsearch.ingest.IngestDocumentTests" time="0.002"/>
  <testcase name="testListHasFieldNull" classname="org.elasticsearch.ingest.IngestDocumentTests" time="0.002"/>
  <testcase name="testListGetFieldValueIndexNotNumeric" classname="org.elasticsearch.ingest.IngestDocumentTests" time="0.001"/>
  <testcase name="testHasFieldEmpty" classname="org.elasticsearch.ingest.IngestDocumentTests" time="0.002"/>
  <testcase name="testGetEmptyPathAfterStrippingOutPrefix" classname="org.elasticsearch.ingest.IngestDocumentTests" time="0.002"/>
  <testcase name="testRemoveNullField" classname="org.elasticsearch.ingest.IngestDocumentTests" time="0.002"/>
  <testcase name="testAppendFieldValueToNull" classname="org.elasticsearch.ingest.IngestDocumentTests" time="0.002"/>
  <testcase name="testGetFieldValueNotFoundNullParent" classname="org.elasticsearch.ingest.IngestDocumentTests" time="0.002"/>
  <testcase name="testSetIngestSourceObject" classname="org.elasticsearch.ingest.IngestDocumentTests" time="0.003"/>
  <testcase name="testListRemoveFieldIndexNotNumeric" classname="org.elasticsearch.ingest.IngestDocumentTests" time="0.002"/>
  <system-out><![CDATA[[2020-02-17T05:24:58,935][INFO ][o.e.i.IngestDocumentTests] [testGetFieldValueNull] before test
[2020-02-17T05:24:58,938][INFO ][o.e.i.IngestDocumentTests] [testGetFieldValueNull] after test
[2020-02-17T05:24:58,941][INFO ][o.e.i.IngestDocumentTests] [testHasFieldNestedNotFound] before test
[2020-02-17T05:24:58,942][INFO ][o.e.i.IngestDocumentTests] [testHasFieldNestedNotFound] after test
[2020-02-17T05:24:58,948][INFO ][o.e.i.IngestDocumentTests] [testNestedGetFieldValue] before test
[2020-02-17T05:24:58,948][INFO ][o.e.i.IngestDocumentTests] [testNestedGetFieldValue] after test
[2020-02-17T05:24:58,954][INFO ][o.e.i.IngestDocumentTests] [testAppendFieldValueConvertStringListElementToList] before test
[2020-02-17T05:24:58,954][INFO ][o.e.i.IngestDocumentTests] [testAppendFieldValueConvertStringListElementToList] after test
[2020-02-17T05:24:58,956][INFO ][o.e.i.IngestDocumentTests] [testAppendFieldValuesConvertStringListElementToList] before test
[2020-02-17T05:24:58,956][INFO ][o.e.i.IngestDocumentTests] [testAppendFieldValuesConvertStringListElementToList] after test
[2020-02-17T05:24:58,958][INFO ][o.e.i.IngestDocumentTests] [testHasFieldSourceObject] before test
[2020-02-17T05:24:58,958][INFO ][o.e.i.IngestDocumentTests] [testHasFieldSourceObject] after test
[2020-02-17T05:24:58,961][INFO ][o.e.i.IngestDocumentTests] [testAppendFieldValuesToListElement] before test
[2020-02-17T05:24:58,961][INFO ][o.e.i.IngestDocumentTests] [testAppendFieldValuesToListElement] after test
[2020-02-17T05:24:58,963][INFO ][o.e.i.IngestDocumentTests] [testListHasFieldIndexOutOfBounds] before test
[2020-02-17T05:24:58,963][INFO ][o.e.i.IngestDocumentTests] [testListHasFieldIndexOutOfBounds] after test
[2020-02-17T05:24:58,965][INFO ][o.e.i.IngestDocumentTests] [testHasFieldIngestObject] before test
[2020-02-17T05:24:58,965][INFO ][o.e.i.IngestDocumentTests] [testHasFieldIngestObject] after test
[2020-02-17T05:24:58,969][INFO ][o.e.i.IngestDocumentTests] [testAppendFieldValuesConvertIntegerToList] before test
[2020-02-17T05:24:58,969][INFO ][o.e.i.IngestDocumentTests] [testAppendFieldValuesConvertIntegerToList] after test
[2020-02-17T05:24:58,971][INFO ][o.e.i.IngestDocumentTests] [testAppendFieldValueToNonExistingList] before test
[2020-02-17T05:24:58,971][INFO ][o.e.i.IngestDocumentTests] [testAppendFieldValueToNonExistingList] after test
[2020-02-17T05:24:58,972][INFO ][o.e.i.IngestDocumentTests] [testListAppendFieldValues] before test
[2020-02-17T05:24:58,973][INFO ][o.e.i.IngestDocumentTests] [testListAppendFieldValues] after test
[2020-02-17T05:24:58,974][INFO ][o.e.i.IngestDocumentTests] [testListHasField] before test
[2020-02-17T05:24:58,974][INFO ][o.e.i.IngestDocumentTests] [testListHasField] after test
[2020-02-17T05:24:58,976][INFO ][o.e.i.IngestDocumentTests] [testListSetFieldValueIndexNotNumeric] before test
[2020-02-17T05:24:58,977][INFO ][o.e.i.IngestDocumentTests] [testListSetFieldValueIndexNotNumeric] after test
[2020-02-17T05:24:58,979][INFO ][o.e.i.IngestDocumentTests] [testHasFieldEmptyPathAfterStrippingOutPrefix] before test
[2020-02-17T05:24:58,979][INFO ][o.e.i.IngestDocumentTests] [testHasFieldEmptyPathAfterStrippingOutPrefix] after test
[2020-02-17T05:24:58,981][INFO ][o.e.i.IngestDocumentTests] [testListGetFieldValue] before test
[2020-02-17T05:24:58,981][INFO ][o.e.i.IngestDocumentTests] [testListGetFieldValue] after test
[2020-02-17T05:24:58,983][INFO ][o.e.i.IngestDocumentTests] [testListSetFieldValueNoIndexProvided] before test
[2020-02-17T05:24:58,983][INFO ][o.e.i.IngestDocumentTests] [testListSetFieldValueNoIndexProvided] after test
[2020-02-17T05:24:58,985][INFO ][o.e.i.IngestDocumentTests] [testListRemoveField] before test
[2020-02-17T05:24:58,985][INFO ][o.e.i.IngestDocumentTests] [testListRemoveField] after test
[2020-02-17T05:24:58,988][INFO ][o.e.i.IngestDocumentTests] [testHasFieldNull] before test
[2020-02-17T05:24:58,988][INFO ][o.e.i.IngestDocumentTests] [testHasFieldNull] after test
[2020-02-17T05:24:58,990][INFO ][o.e.i.IngestDocumentTests] [testRemoveEmptyField] before test
[2020-02-17T05:24:58,990][INFO ][o.e.i.IngestDocumentTests] [testRemoveEmptyField] after test
[2020-02-17T05:24:58,994][INFO ][o.e.i.IngestDocumentTests] [testIngestMetadataTimestamp] before test
[2020-02-17T05:24:58,994][INFO ][o.e.i.IngestDocumentTests] [testIngestMetadataTimestamp] after test
[2020-02-17T05:24:58,997][INFO ][o.e.i.IngestDocumentTests] [testListSetFieldValueIndexOutOfBounds] before test
[2020-02-17T05:24:58,997][INFO ][o.e.i.IngestDocumentTests] [testListSetFieldValueIndexOutOfBounds] after test
[2020-02-17T05:24:59,000][INFO ][o.e.i.IngestDocumentTests] [testGetFieldValueNullValue] before test
[2020-02-17T05:24:59,000][INFO ][o.e.i.IngestDocumentTests] [testGetFieldValueNullValue] after test
[2020-02-17T05:24:59,002][INFO ][o.e.i.IngestDocumentTests] [testListHasFieldIndexNotNumeric] before test
[2020-02-17T05:24:59,002][INFO ][o.e.i.IngestDocumentTests] [testListHasFieldIndexNotNumeric] after test
[2020-02-17T05:24:59,005][INFO ][o.e.i.IngestDocumentTests] [testNestedSetFieldValue] before test
[2020-02-17T05:24:59,005][INFO ][o.e.i.IngestDocumentTests] [testNestedSetFieldValue] after test
[2020-02-17T05:24:59,010][INFO ][o.e.i.IngestDocumentTests] [testSetFieldValueEmptyName] before test
[2020-02-17T05:24:59,010][INFO ][o.e.i.IngestDocumentTests] [testSetFieldValueEmptyName] after test
[2020-02-17T05:24:59,013][INFO ][o.e.i.IngestDocumentTests] [testGetFieldValueEmpty] before test
[2020-02-17T05:24:59,014][INFO ][o.e.i.IngestDocumentTests] [testGetFieldValueEmpty] after test
[2020-02-17T05:24:59,019][INFO ][o.e.i.IngestDocumentTests] [testListSetFieldValueIndexProvided] before test
[2020-02-17T05:24:59,019][INFO ][o.e.i.IngestDocumentTests] [testListSetFieldValueIndexProvided] after test
[2020-02-17T05:24:59,022][INFO ][o.e.i.IngestDocumentTests] [testSetFieldValueOnExistingNullParent] before test
[2020-02-17T05:24:59,022][INFO ][o.e.i.IngestDocumentTests] [testSetFieldValueOnExistingNullParent] after test
[2020-02-17T05:24:59,024][INFO ][o.e.i.IngestDocumentTests] [testRemoveEmptyPathAfterStrippingOutPrefix] before test
[2020-02-17T05:24:59,025][INFO ][o.e.i.IngestDocumentTests] [testRemoveEmptyPathAfterStrippingOutPrefix] after test
[2020-02-17T05:24:59,027][INFO ][o.e.i.IngestDocumentTests] [testAppendFieldValueListElementConvertMapToList] before test
[2020-02-17T05:24:59,028][INFO ][o.e.i.IngestDocumentTests] [testAppendFieldValueListElementConvertMapToList] after test
[2020-02-17T05:24:59,029][INFO ][o.e.i.IngestDocumentTests] [testSetFieldValueOnExistingParentTypeMismatch] before test
[2020-02-17T05:24:59,029][INFO ][o.e.i.IngestDocumentTests] [testSetFieldValueOnExistingParentTypeMismatch] after test
[2020-02-17T05:24:59,031][INFO ][o.e.i.IngestDocumentTests] [testSetFieldValueNullValue] before test
[2020-02-17T05:24:59,031][INFO ][o.e.i.IngestDocumentTests] [testSetFieldValueNullValue] after test
[2020-02-17T05:24:59,033][INFO ][o.e.i.IngestDocumentTests] [testEqualsAndHashcode] before test
[2020-02-17T05:24:59,035][INFO ][o.e.i.IngestDocumentTests] [testEqualsAndHashcode] after test
[2020-02-17T05:24:59,039][INFO ][o.e.i.IngestDocumentTests] [testNestedRemoveFieldTypeMismatch] before test
[2020-02-17T05:24:59,040][INFO ][o.e.i.IngestDocumentTests] [testNestedRemoveFieldTypeMismatch] after test
[2020-02-17T05:24:59,042][INFO ][o.e.i.IngestDocumentTests] [testListRemoveFieldIndexOutOfBounds] before test
[2020-02-17T05:24:59,043][INFO ][o.e.i.IngestDocumentTests] [testListRemoveFieldIndexOutOfBounds] after test
[2020-02-17T05:24:59,044][INFO ][o.e.i.IngestDocumentTests] [testSimpleGetFieldValueTypeMismatch] before test
[2020-02-17T05:24:59,044][INFO ][o.e.i.IngestDocumentTests] [testSimpleGetFieldValueTypeMismatch] after test
[2020-02-17T05:24:59,046][INFO ][o.e.i.IngestDocumentTests] [testAppendFieldValueConvertStringToList] before test
[2020-02-17T05:24:59,046][INFO ][o.e.i.IngestDocumentTests] [testAppendFieldValueConvertStringToList] after test
[2020-02-17T05:24:59,049][INFO ][o.e.i.IngestDocumentTests] [testListAppendFieldValue] before test
[2020-02-17T05:24:59,049][INFO ][o.e.i.IngestDocumentTests] [testListAppendFieldValue] after test
[2020-02-17T05:24:59,050][INFO ][o.e.i.IngestDocumentTests] [testRemoveField] before test
[2020-02-17T05:24:59,050][INFO ][o.e.i.IngestDocumentTests] [testRemoveField] after test
[2020-02-17T05:24:59,052][INFO ][o.e.i.IngestDocumentTests] [testCopyConstructorWithZonedDateTime] before test
[2020-02-17T05:24:59,053][INFO ][o.e.i.IngestDocumentTests] [testCopyConstructorWithZonedDateTime] after test
[2020-02-17T05:24:59,054][INFO ][o.e.i.IngestDocumentTests] [testAppendFieldValuesConvertStringToList] before test
[2020-02-17T05:24:59,054][INFO ][o.e.i.IngestDocumentTests] [testAppendFieldValuesConvertStringToList] after test
[2020-02-17T05:24:59,056][INFO ][o.e.i.IngestDocumentTests] [testSetFieldValueListAsPartOfPath] before test
[2020-02-17T05:24:59,056][INFO ][o.e.i.IngestDocumentTests] [testSetFieldValueListAsPartOfPath] after test
[2020-02-17T05:24:59,058][INFO ][o.e.i.IngestDocumentTests] [testHasFieldNotFound] before test
[2020-02-17T05:24:59,058][INFO ][o.e.i.IngestDocumentTests] [testHasFieldNotFound] after test
[2020-02-17T05:24:59,060][INFO ][o.e.i.IngestDocumentTests] [testRemoveExistingParentTypeMismatch] before test
[2020-02-17T05:24:59,060][INFO ][o.e.i.IngestDocumentTests] [testRemoveExistingParentTypeMismatch] after test
[2020-02-17T05:24:59,062][INFO ][o.e.i.IngestDocumentTests] [testRemoveFieldValueNotFoundNullParent] before test
[2020-02-17T05:24:59,062][INFO ][o.e.i.IngestDocumentTests] [testRemoveFieldValueNotFoundNullParent] after test
[2020-02-17T05:24:59,064][INFO ][o.e.i.IngestDocumentTests] [testAppendFieldValueToNullListElement] before test
[2020-02-17T05:24:59,064][INFO ][o.e.i.IngestDocumentTests] [testAppendFieldValueToNullListElement] after test
[2020-02-17T05:24:59,065][INFO ][o.e.i.IngestDocumentTests] [testNestedGetFieldValueTypeMismatch] before test
[2020-02-17T05:24:59,066][INFO ][o.e.i.IngestDocumentTests] [testNestedGetFieldValueTypeMismatch] after test
[2020-02-17T05:24:59,067][INFO ][o.e.i.IngestDocumentTests] [testSetInvalidSourceField] before test
[2020-02-17T05:24:59,067][INFO ][o.e.i.IngestDocumentTests] [testSetInvalidSourceField] after test
[2020-02-17T05:24:59,069][INFO ][o.e.i.IngestDocumentTests] [testSetIngestObject] before test
[2020-02-17T05:24:59,069][INFO ][o.e.i.IngestDocumentTests] [testSetIngestObject] after test
[2020-02-17T05:24:59,071][INFO ][o.e.i.IngestDocumentTests] [testHasFieldNested] before test
[2020-02-17T05:24:59,071][INFO ][o.e.i.IngestDocumentTests] [testHasFieldNested] after test
[2020-02-17T05:24:59,073][INFO ][o.e.i.IngestDocumentTests] [testAppendFieldValueConvertMapToList] before test
[2020-02-17T05:24:59,073][INFO ][o.e.i.IngestDocumentTests] [testAppendFieldValueConvertMapToList] after test
[2020-02-17T05:24:59,075][INFO ][o.e.i.IngestDocumentTests] [testSetSourceObject] before test
[2020-02-17T05:24:59,075][INFO ][o.e.i.IngestDocumentTests] [testSetSourceObject] after test
[2020-02-17T05:24:59,077][INFO ][o.e.i.IngestDocumentTests] [testSetFieldValueOnExistingParent] before test
[2020-02-17T05:24:59,077][INFO ][o.e.i.IngestDocumentTests] [testSetFieldValueOnExistingParent] after test
[2020-02-17T05:24:59,079][INFO ][o.e.i.IngestDocumentTests] [testHasField] before test
[2020-02-17T05:24:59,079][INFO ][o.e.i.IngestDocumentTests] [testHasField] after test
[2020-02-17T05:24:59,081][INFO ][o.e.i.IngestDocumentTests] [testSimpleSetFieldValue] before test
[2020-02-17T05:24:59,081][INFO ][o.e.i.IngestDocumentTests] [testSimpleSetFieldValue] after test
[2020-02-17T05:24:59,084][INFO ][o.e.i.IngestDocumentTests] [testAppendFieldValueConvertIntegerToList] before test
[2020-02-17T05:24:59,084][INFO ][o.e.i.IngestDocumentTests] [testAppendFieldValueConvertIntegerToList] after test
[2020-02-17T05:24:59,085][INFO ][o.e.i.IngestDocumentTests] [testRemoveIngestObject] before test
[2020-02-17T05:24:59,086][INFO ][o.e.i.IngestDocumentTests] [testRemoveIngestObject] after test
[2020-02-17T05:24:59,088][INFO ][o.e.i.IngestDocumentTests] [testListGetFieldValueIndexOutOfBounds] before test
[2020-02-17T05:24:59,088][INFO ][o.e.i.IngestDocumentTests] [testListGetFieldValueIndexOutOfBounds] after test
[2020-02-17T05:24:59,090][INFO ][o.e.i.IngestDocumentTests] [testHasFieldNotFoundNullParent] before test
[2020-02-17T05:24:59,090][INFO ][o.e.i.IngestDocumentTests] [testHasFieldNotFoundNullParent] after test
[2020-02-17T05:24:59,091][INFO ][o.e.i.IngestDocumentTests] [testSetEmptyPathAfterStrippingOutPrefix] before test
[2020-02-17T05:24:59,092][INFO ][o.e.i.IngestDocumentTests] [testSetEmptyPathAfterStrippingOutPrefix] after test
[2020-02-17T05:24:59,094][INFO ][o.e.i.IngestDocumentTests] [testAppendFieldValueToListElement] before test
[2020-02-17T05:24:59,094][INFO ][o.e.i.IngestDocumentTests] [testAppendFieldValueToListElement] after test
[2020-02-17T05:24:59,096][INFO ][o.e.i.IngestDocumentTests] [testAppendFieldValuesToNonExistingList] before test
[2020-02-17T05:24:59,097][INFO ][o.e.i.IngestDocumentTests] [testAppendFieldValuesToNonExistingList] after test
[2020-02-17T05:24:59,098][INFO ][o.e.i.IngestDocumentTests] [testGetSourceObject] before test
[2020-02-17T05:24:59,098][INFO ][o.e.i.IngestDocumentTests] [testGetSourceObject] after test
[2020-02-17T05:24:59,100][INFO ][o.e.i.IngestDocumentTests] [testNestedHasFieldTypeMismatch] before test
[2020-02-17T05:24:59,100][INFO ][o.e.i.IngestDocumentTests] [testNestedHasFieldTypeMismatch] after test
[2020-02-17T05:24:59,102][INFO ][o.e.i.IngestDocumentTests] [testGetFieldValueNotFound] before test
[2020-02-17T05:24:59,103][INFO ][o.e.i.IngestDocumentTests] [testGetFieldValueNotFound] after test
[2020-02-17T05:24:59,105][INFO ][o.e.i.IngestDocumentTests] [testRemoveNonExistingField] before test
[2020-02-17T05:24:59,105][INFO ][o.e.i.IngestDocumentTests] [testRemoveNonExistingField] after test
[2020-02-17T05:24:59,107][INFO ][o.e.i.IngestDocumentTests] [testSetFieldValueNullName] before test
[2020-02-17T05:24:59,107][INFO ][o.e.i.IngestDocumentTests] [testSetFieldValueNullName] after test
[2020-02-17T05:24:59,109][INFO ][o.e.i.IngestDocumentTests] [testRemoveSourceObject] before test
[2020-02-17T05:24:59,109][INFO ][o.e.i.IngestDocumentTests] [testRemoveSourceObject] after test
[2020-02-17T05:24:59,111][INFO ][o.e.i.IngestDocumentTests] [testSetFieldValueOnExistingField] before test
[2020-02-17T05:24:59,111][INFO ][o.e.i.IngestDocumentTests] [testSetFieldValueOnExistingField] after test
[2020-02-17T05:24:59,113][INFO ][o.e.i.IngestDocumentTests] [testSimpleGetFieldValue] before test
[2020-02-17T05:24:59,113][INFO ][o.e.i.IngestDocumentTests] [testSimpleGetFieldValue] after test
[2020-02-17T05:24:59,115][INFO ][o.e.i.IngestDocumentTests] [testGetIngestObject] before test
[2020-02-17T05:24:59,115][INFO ][o.e.i.IngestDocumentTests] [testGetIngestObject] after test
[2020-02-17T05:24:59,117][INFO ][o.e.i.IngestDocumentTests] [testRemoveInnerField] before test
[2020-02-17T05:24:59,117][INFO ][o.e.i.IngestDocumentTests] [testRemoveInnerField] after test
[2020-02-17T05:24:59,120][INFO ][o.e.i.IngestDocumentTests] [testHasFieldNullValue] before test
[2020-02-17T05:24:59,120][INFO ][o.e.i.IngestDocumentTests] [testHasFieldNullValue] after test
[2020-02-17T05:24:59,122][INFO ][o.e.i.IngestDocumentTests] [testListGetFieldValueNull] before test
[2020-02-17T05:24:59,122][INFO ][o.e.i.IngestDocumentTests] [testListGetFieldValueNull] after test
[2020-02-17T05:24:59,123][INFO ][o.e.i.IngestDocumentTests] [testListHasFieldIndexOutOfBounds_fail] before test
[2020-02-17T05:24:59,124][INFO ][o.e.i.IngestDocumentTests] [testListHasFieldIndexOutOfBounds_fail] after test
[2020-02-17T05:24:59,126][INFO ][o.e.i.IngestDocumentTests] [testAppendFieldValueToListOfMaps] before test
[2020-02-17T05:24:59,126][INFO ][o.e.i.IngestDocumentTests] [testAppendFieldValueToListOfMaps] after test
[2020-02-17T05:24:59,128][INFO ][o.e.i.IngestDocumentTests] [testCopyConstructor] before test
[2020-02-17T05:24:59,129][INFO ][o.e.i.IngestDocumentTests] [testCopyConstructor] after test
[2020-02-17T05:24:59,131][INFO ][o.e.i.IngestDocumentTests] [testListHasFieldNull] before test
[2020-02-17T05:24:59,131][INFO ][o.e.i.IngestDocumentTests] [testListHasFieldNull] after test
[2020-02-17T05:24:59,132][INFO ][o.e.i.IngestDocumentTests] [testListGetFieldValueIndexNotNumeric] before test
[2020-02-17T05:24:59,133][INFO ][o.e.i.IngestDocumentTests] [testListGetFieldValueIndexNotNumeric] after test
[2020-02-17T05:24:59,134][INFO ][o.e.i.IngestDocumentTests] [testHasFieldEmpty] before test
[2020-02-17T05:24:59,134][INFO ][o.e.i.IngestDocumentTests] [testHasFieldEmpty] after test
[2020-02-17T05:24:59,136][INFO ][o.e.i.IngestDocumentTests] [testGetEmptyPathAfterStrippingOutPrefix] before test
[2020-02-17T05:24:59,136][INFO ][o.e.i.IngestDocumentTests] [testGetEmptyPathAfterStrippingOutPrefix] after test
[2020-02-17T05:24:59,138][INFO ][o.e.i.IngestDocumentTests] [testRemoveNullField] before test
[2020-02-17T05:24:59,138][INFO ][o.e.i.IngestDocumentTests] [testRemoveNullField] after test
[2020-02-17T05:24:59,140][INFO ][o.e.i.IngestDocumentTests] [testAppendFieldValueToNull] before test
[2020-02-17T05:24:59,140][INFO ][o.e.i.IngestDocumentTests] [testAppendFieldValueToNull] after test
[2020-02-17T05:24:59,143][INFO ][o.e.i.IngestDocumentTests] [testGetFieldValueNotFoundNullParent] before test
[2020-02-17T05:24:59,143][INFO ][o.e.i.IngestDocumentTests] [testGetFieldValueNotFoundNullParent] after test
[2020-02-17T05:24:59,145][INFO ][o.e.i.IngestDocumentTests] [testSetIngestSourceObject] before test
[2020-02-17T05:24:59,145][INFO ][o.e.i.IngestDocumentTests] [testSetIngestSourceObject] after test
[2020-02-17T05:24:59,147][INFO ][o.e.i.IngestDocumentTests] [testListRemoveFieldIndexNotNumeric] before test
[2020-02-17T05:24:59,148][INFO ][o.e.i.IngestDocumentTests] [testListRemoveFieldIndexNotNumeric] after test
]]></system-out>
  <system-err><![CDATA[]]></system-err>
</testsuite>
