<?xml version="1.0" encoding="UTF-8"?>
<testsuite name="org.elasticsearch.action.search.TransportMultiSearchActionTests" tests="3" skipped="0" failures="0" errors="0" timestamp="2020-02-16T22:20:39" hostname="Escoto-PC" time="0.028">
  <properties/>
  <testcase name="testDefaultMaxConcurrentSearches" classname="org.elasticsearch.action.search.TransportMultiSearchActionTests" time="0.006"/>
  <testcase name="testBatchExecute" classname="org.elasticsearch.action.search.TransportMultiSearchActionTests" time="0.012"/>
  <testcase name="testParentTaskId" classname="org.elasticsearch.action.search.TransportMultiSearchActionTests" time="0.009"/>
  <system-out><![CDATA[[2020-02-16T19:20:39,467][INFO ][o.e.a.s.TransportMultiSearchActionTests] [testDefaultMaxConcurrentSearches] before test
[2020-02-16T19:20:39,470][INFO ][o.e.a.s.TransportMultiSearchActionTests] [testDefaultMaxConcurrentSearches] after test
[2020-02-16T19:20:39,476][INFO ][o.e.a.s.TransportMultiSearchActionTests] [testBatchExecute] before test
[2020-02-16T19:20:39,483][INFO ][o.e.a.s.TransportMultiSearchActionTests] [testBatchExecute] after test
[2020-02-16T19:20:39,486][INFO ][o.e.a.s.TransportMultiSearchActionTests] [testParentTaskId] before test
[2020-02-16T19:20:39,493][INFO ][o.e.a.s.TransportMultiSearchActionTests] [testParentTaskId] after test
]]></system-out>
  <system-err><![CDATA[]]></system-err>
</testsuite>
