<?xml version="1.0" encoding="UTF-8"?>
<testsuite name="org.elasticsearch.common.settings.CreateKeyStoreCommandTests" tests="3" skipped="0" failures="0" errors="0" timestamp="2020-02-16T22:20:49" hostname="Escoto-PC" time="0.056">
  <properties/>
  <testcase name="testOverwrite" classname="org.elasticsearch.common.settings.CreateKeyStoreCommandTests" time="0.019"/>
  <testcase name="testNotPosix" classname="org.elasticsearch.common.settings.CreateKeyStoreCommandTests" time="0.019"/>
  <testcase name="testPosix" classname="org.elasticsearch.common.settings.CreateKeyStoreCommandTests" time="0.018"/>
  <system-out><![CDATA[[2020-02-17T02:20:49,764][INFO ][o.e.c.s.CreateKeyStoreCommandTests] [testOverwrite] before test
[2020-02-17T02:20:49,779][INFO ][o.e.c.s.CreateKeyStoreCommandTests] [testOverwrite] after test
[2020-02-17T02:20:49,782][INFO ][o.e.c.s.CreateKeyStoreCommandTests] [testNotPosix] before test
[2020-02-17T02:20:49,798][INFO ][o.e.c.s.CreateKeyStoreCommandTests] [testNotPosix] after test
[2020-02-17T02:20:49,800][INFO ][o.e.c.s.CreateKeyStoreCommandTests] [testPosix] before test
[2020-02-17T02:20:49,816][INFO ][o.e.c.s.CreateKeyStoreCommandTests] [testPosix] after test
]]></system-out>
  <system-err><![CDATA[]]></system-err>
</testsuite>
