<?xml version="1.0" encoding="UTF-8"?>
<testsuite name="org.elasticsearch.common.lucene.search.morelikethis.XMoreLikeThisTests" tests="1" skipped="0" failures="0" errors="0" timestamp="2020-02-16T22:21:46" hostname="Escoto-PC" time="0.796">
  <properties/>
  <testcase name="testTopN" classname="org.elasticsearch.common.lucene.search.morelikethis.XMoreLikeThisTests" time="0.796"/>
  <system-out><![CDATA[[2020-02-16T17:21:46,610][INFO ][o.e.c.l.s.m.XMoreLikeThisTests] [testTopN] before test
[2020-02-16T17:21:47,398][INFO ][o.e.c.l.s.m.XMoreLikeThisTests] [testTopN] after test
]]></system-out>
  <system-err><![CDATA[]]></system-err>
</testsuite>
