<?xml version="1.0" encoding="UTF-8"?>
<testsuite name="org.elasticsearch.env.NodeRepurposeCommandTests" tests="6" skipped="0" failures="0" errors="0" timestamp="2020-02-16T22:22:20" hostname="Escoto-PC" time="0.873">
  <properties/>
  <testcase name="testEarlyExitNoCleanup" classname="org.elasticsearch.env.NodeRepurposeCommandTests" time="0.084"/>
  <testcase name="testLocked" classname="org.elasticsearch.env.NodeRepurposeCommandTests" time="0.026"/>
  <testcase name="testCleanupShardData" classname="org.elasticsearch.env.NodeRepurposeCommandTests" time="0.339"/>
  <testcase name="testCleanupAll" classname="org.elasticsearch.env.NodeRepurposeCommandTests" time="0.246"/>
  <testcase name="testCleanupAllPreV7" classname="org.elasticsearch.env.NodeRepurposeCommandTests" time="0.119"/>
  <testcase name="testNothingToCleanup" classname="org.elasticsearch.env.NodeRepurposeCommandTests" time="0.059"/>
  <system-out><![CDATA[[2020-02-17T09:22:20,782][INFO ][o.e.e.NodeRepurposeCommandTests] [testEarlyExitNoCleanup] before test
[2020-02-17T09:22:20,805][INFO ][o.e.e.NodeEnvironment    ] [testEarlyExitNoCleanup] using [3] data paths, mounts [[Old HDD (E:)]], net usable_space [89.5gb], net total_space [232.8gb], types [NTFS]
[2020-02-17T09:22:20,806][INFO ][o.e.e.NodeEnvironment    ] [testEarlyExitNoCleanup] heap size [512mb], compressed ordinary object pointers [true]
[2020-02-17T09:22:20,837][INFO ][o.e.e.NodeEnvironment    ] [testEarlyExitNoCleanup] using [3] data paths, mounts [[Old HDD (E:)]], net usable_space [89.5gb], net total_space [232.8gb], types [NTFS]
[2020-02-17T09:22:20,837][INFO ][o.e.e.NodeEnvironment    ] [testEarlyExitNoCleanup] heap size [512mb], compressed ordinary object pointers [true]
[2020-02-17T09:22:20,864][INFO ][o.e.e.NodeRepurposeCommandTests] [testEarlyExitNoCleanup] after test
[2020-02-17T09:22:20,866][INFO ][o.e.e.NodeRepurposeCommandTests] [testLocked] before test
[2020-02-17T09:22:20,874][INFO ][o.e.e.NodeEnvironment    ] [testLocked] using [1] data paths, mounts [[Old HDD (E:)]], net usable_space [89.5gb], net total_space [232.8gb], types [NTFS]
[2020-02-17T09:22:20,874][INFO ][o.e.e.NodeEnvironment    ] [testLocked] heap size [512mb], compressed ordinary object pointers [true]
[2020-02-17T09:22:20,885][INFO ][o.e.e.NodeEnvironment    ] [testLocked] using [1] data paths, mounts [[Old HDD (E:)]], net usable_space [89.5gb], net total_space [232.8gb], types [NTFS]
[2020-02-17T09:22:20,885][INFO ][o.e.e.NodeEnvironment    ] [testLocked] heap size [512mb], compressed ordinary object pointers [true]
[2020-02-17T09:22:20,890][INFO ][o.e.e.NodeRepurposeCommandTests] [testLocked] after test
[2020-02-17T09:22:20,893][INFO ][o.e.e.NodeRepurposeCommandTests] [testCleanupShardData] before test
[2020-02-17T09:22:20,914][INFO ][o.e.e.NodeEnvironment    ] [testCleanupShardData] using [3] data paths, mounts [[Old HDD (E:)]], net usable_space [89.5gb], net total_space [232.8gb], types [NTFS]
[2020-02-17T09:22:20,914][INFO ][o.e.e.NodeEnvironment    ] [testCleanupShardData] heap size [512mb], compressed ordinary object pointers [true]
[2020-02-17T09:22:20,948][INFO ][o.e.e.NodeEnvironment    ] [testCleanupShardData] using [3] data paths, mounts [[Old HDD (E:)]], net usable_space [89.5gb], net total_space [232.8gb], types [NTFS]
[2020-02-17T09:22:20,948][INFO ][o.e.e.NodeEnvironment    ] [testCleanupShardData] heap size [512mb], compressed ordinary object pointers [true]
[2020-02-17T09:22:21,084][INFO ][o.e.e.NodeEnvironment    ] [testCleanupShardData] using [3] data paths, mounts [[Old HDD (E:)]], net usable_space [89.5gb], net total_space [232.8gb], types [NTFS]
[2020-02-17T09:22:21,084][INFO ][o.e.e.NodeEnvironment    ] [testCleanupShardData] heap size [512mb], compressed ordinary object pointers [true]
[2020-02-17T09:22:21,212][INFO ][o.e.e.NodeEnvironment    ] [testCleanupShardData] using [3] data paths, mounts [[Old HDD (E:)]], net usable_space [89.5gb], net total_space [232.8gb], types [NTFS]
[2020-02-17T09:22:21,212][INFO ][o.e.e.NodeEnvironment    ] [testCleanupShardData] heap size [512mb], compressed ordinary object pointers [true]
[2020-02-17T09:22:21,228][INFO ][o.e.e.NodeRepurposeCommandTests] [testCleanupShardData] after test
[2020-02-17T09:22:21,230][INFO ][o.e.e.NodeRepurposeCommandTests] [testCleanupAll] before test
[2020-02-17T09:22:21,247][INFO ][o.e.e.NodeEnvironment    ] [testCleanupAll] using [2] data paths, mounts [[Old HDD (E:)]], net usable_space [89.5gb], net total_space [232.8gb], types [NTFS]
[2020-02-17T09:22:21,247][INFO ][o.e.e.NodeEnvironment    ] [testCleanupAll] heap size [512mb], compressed ordinary object pointers [true]
[2020-02-17T09:22:21,273][INFO ][o.e.e.NodeEnvironment    ] [testCleanupAll] using [2] data paths, mounts [[Old HDD (E:)]], net usable_space [89.5gb], net total_space [232.8gb], types [NTFS]
[2020-02-17T09:22:21,273][INFO ][o.e.e.NodeEnvironment    ] [testCleanupAll] heap size [512mb], compressed ordinary object pointers [true]
[2020-02-17T09:22:21,373][INFO ][o.e.e.NodeEnvironment    ] [testCleanupAll] using [2] data paths, mounts [[Old HDD (E:)]], net usable_space [89.5gb], net total_space [232.8gb], types [NTFS]
[2020-02-17T09:22:21,373][INFO ][o.e.e.NodeEnvironment    ] [testCleanupAll] heap size [512mb], compressed ordinary object pointers [true]
[2020-02-17T09:22:21,467][INFO ][o.e.e.NodeEnvironment    ] [testCleanupAll] using [2] data paths, mounts [[Old HDD (E:)]], net usable_space [89.5gb], net total_space [232.8gb], types [NTFS]
[2020-02-17T09:22:21,467][INFO ][o.e.e.NodeEnvironment    ] [testCleanupAll] heap size [512mb], compressed ordinary object pointers [true]
[2020-02-17T09:22:21,475][INFO ][o.e.e.NodeRepurposeCommandTests] [testCleanupAll] after test
[2020-02-17T09:22:21,477][INFO ][o.e.e.NodeRepurposeCommandTests] [testCleanupAllPreV7] before test
[2020-02-17T09:22:21,486][INFO ][o.e.e.NodeEnvironment    ] [testCleanupAllPreV7] using [1] data paths, mounts [[Old HDD (E:)]], net usable_space [89.5gb], net total_space [232.8gb], types [NTFS]
[2020-02-17T09:22:21,486][INFO ][o.e.e.NodeEnvironment    ] [testCleanupAllPreV7] heap size [512mb], compressed ordinary object pointers [true]
[2020-02-17T09:22:21,497][INFO ][o.e.e.NodeEnvironment    ] [testCleanupAllPreV7] using [1] data paths, mounts [[Old HDD (E:)]], net usable_space [89.5gb], net total_space [232.8gb], types [NTFS]
[2020-02-17T09:22:21,497][INFO ][o.e.e.NodeEnvironment    ] [testCleanupAllPreV7] heap size [512mb], compressed ordinary object pointers [true]
[2020-02-17T09:22:21,546][INFO ][o.e.e.NodeEnvironment    ] [testCleanupAllPreV7] using [1] data paths, mounts [[Old HDD (E:)]], net usable_space [89.5gb], net total_space [232.8gb], types [NTFS]
[2020-02-17T09:22:21,546][INFO ][o.e.e.NodeEnvironment    ] [testCleanupAllPreV7] heap size [512mb], compressed ordinary object pointers [true]
[2020-02-17T09:22:21,592][INFO ][o.e.e.NodeEnvironment    ] [testCleanupAllPreV7] using [1] data paths, mounts [[Old HDD (E:)]], net usable_space [89.5gb], net total_space [232.8gb], types [NTFS]
[2020-02-17T09:22:21,592][INFO ][o.e.e.NodeEnvironment    ] [testCleanupAllPreV7] heap size [512mb], compressed ordinary object pointers [true]
[2020-02-17T09:22:21,594][INFO ][o.e.e.NodeRepurposeCommandTests] [testCleanupAllPreV7] after test
[2020-02-17T09:22:21,596][INFO ][o.e.e.NodeRepurposeCommandTests] [testNothingToCleanup] before test
[2020-02-17T09:22:21,605][INFO ][o.e.e.NodeEnvironment    ] [testNothingToCleanup] using [1] data paths, mounts [[Old HDD (E:)]], net usable_space [89.5gb], net total_space [232.8gb], types [NTFS]
[2020-02-17T09:22:21,605][INFO ][o.e.e.NodeEnvironment    ] [testNothingToCleanup] heap size [512mb], compressed ordinary object pointers [true]
[2020-02-17T09:22:21,641][INFO ][o.e.e.NodeEnvironment    ] [testNothingToCleanup] using [1] data paths, mounts [[Old HDD (E:)]], net usable_space [89.5gb], net total_space [232.8gb], types [NTFS]
[2020-02-17T09:22:21,641][INFO ][o.e.e.NodeEnvironment    ] [testNothingToCleanup] heap size [512mb], compressed ordinary object pointers [true]
[2020-02-17T09:22:21,653][INFO ][o.e.e.NodeRepurposeCommandTests] [testNothingToCleanup] after test
]]></system-out>
  <system-err><![CDATA[]]></system-err>
</testsuite>
