<?xml version="1.0" encoding="UTF-8"?>
<testsuite name="org.elasticsearch.action.support.master.TransportMasterNodeActionTests" tests="9" skipped="0" failures="0" errors="0" timestamp="2020-02-16T22:20:47" hostname="Escoto-PC" time="0.096">
  <properties/>
  <testcase name="testMasterFailoverAfterStepDown" classname="org.elasticsearch.action.support.master.TransportMasterNodeActionTests" time="0.021"/>
  <testcase name="testForceLocalOperation" classname="org.elasticsearch.action.support.master.TransportMasterNodeActionTests" time="0.009"/>
  <testcase name="testMasterBecomesAvailable" classname="org.elasticsearch.action.support.master.TransportMasterNodeActionTests" time="0.007"/>
  <testcase name="testMasterNotAvailable" classname="org.elasticsearch.action.support.master.TransportMasterNodeActionTests" time="0.023"/>
  <testcase name="testCheckBlockThrowsException" classname="org.elasticsearch.action.support.master.TransportMasterNodeActionTests" time="0.007"/>
  <testcase name="testDelegateToMaster" classname="org.elasticsearch.action.support.master.TransportMasterNodeActionTests" time="0.006"/>
  <testcase name="testLocalOperationWithBlocks" classname="org.elasticsearch.action.support.master.TransportMasterNodeActionTests" time="0.006"/>
  <testcase name="testDelegateToFailingMaster" classname="org.elasticsearch.action.support.master.TransportMasterNodeActionTests" time="0.008"/>
  <testcase name="testLocalOperationWithoutBlocks" classname="org.elasticsearch.action.support.master.TransportMasterNodeActionTests" time="0.007"/>
  <system-out><![CDATA[[2020-02-16T17:20:47,648][INFO ][o.e.a.s.m.TransportMasterNodeActionTests] [testMasterFailoverAfterStepDown] before test
[2020-02-16T17:20:47,654][INFO ][o.e.c.s.ClusterApplierService] [test] master node changed {previous [{node}{CgQ-seT3RzuxoSJCUVL_cA}{0.0.0.0}{0.0.0.0:1}{dim}], current [{local_node}{X6D9Ik0nQAqBDV6XXTHpJg}{0.0.0.0}{0.0.0.0:2}{m}]}, removed {{node}{CgQ-seT3RzuxoSJCUVL_cA}{0.0.0.0}{0.0.0.0:1}{dim}}, added {{remote_node}{XFZfvLwWTSa0ul3iOPULBw}{0.0.0.0}{0.0.0.0:3}{m}}, term: 0, version: 1, reason: test setting state
[2020-02-16T17:20:47,656][INFO ][o.e.c.s.ClusterApplierService] [test] master node changed {previous [{local_node}{X6D9Ik0nQAqBDV6XXTHpJg}{0.0.0.0}{0.0.0.0:2}{m}], current [{remote_node}{XFZfvLwWTSa0ul3iOPULBw}{0.0.0.0}{0.0.0.0:3}{m}]}, term: 0, version: 1, reason: test setting state
[2020-02-16T17:20:47,658][INFO ][o.e.a.s.m.TransportMasterNodeActionTests] [testMasterFailoverAfterStepDown] after test
[2020-02-16T17:20:47,661][INFO ][o.e.a.s.m.TransportMasterNodeActionTests] [testForceLocalOperation] before test
[2020-02-16T17:20:47,664][INFO ][o.e.c.s.ClusterApplierService] [test] master node changed {previous [{node}{vHzkr-5JR3SZGQTiKnQruw}{0.0.0.0}{0.0.0.0:4}{dim}], current []}, removed {{node}{vHzkr-5JR3SZGQTiKnQruw}{0.0.0.0}{0.0.0.0:4}{dim}}, added {{remote_node}{Nt5EdRFBRRGPntXz6J5F_w}{0.0.0.0}{0.0.0.0:6}{m}}, term: 0, version: 1, reason: test setting state
[2020-02-16T17:20:47,666][INFO ][o.e.a.s.m.TransportMasterNodeActionTests] [testForceLocalOperation] after test
[2020-02-16T17:20:47,670][INFO ][o.e.a.s.m.TransportMasterNodeActionTests] [testMasterBecomesAvailable] before test
[2020-02-16T17:20:47,672][INFO ][o.e.c.s.ClusterApplierService] [test] master node changed {previous [{node}{ze249kQySmq9yhkBYIRwUg}{0.0.0.0}{0.0.0.0:7}{dim}], current []}, removed {{node}{ze249kQySmq9yhkBYIRwUg}{0.0.0.0}{0.0.0.0:7}{dim}}, added {{remote_node}{MidktKbnRM2zmZh87YWTTA}{0.0.0.0}{0.0.0.0:9}{m}}, term: 0, version: 1, reason: test setting state
[2020-02-16T17:20:47,673][INFO ][o.e.c.s.ClusterApplierService] [test] master node changed {previous [], current [{local_node}{swHtdnF0QQKkrDUy7ATHIw}{0.0.0.0}{0.0.0.0:8}{m}]}, term: 0, version: 1, reason: test setting state
[2020-02-16T17:20:47,674][INFO ][o.e.a.s.m.TransportMasterNodeActionTests] [testMasterBecomesAvailable] after test
[2020-02-16T17:20:47,685][INFO ][o.e.a.s.m.TransportMasterNodeActionTests] [testMasterNotAvailable] before test
[2020-02-16T17:20:47,695][INFO ][o.e.c.s.ClusterApplierService] [test] master node changed {previous [{node}{N9tAFUkhRoeLbcn5nASDDw}{0.0.0.0}{0.0.0.0:10}{dim}], current []}, removed {{node}{N9tAFUkhRoeLbcn5nASDDw}{0.0.0.0}{0.0.0.0:10}{dim}}, added {{remote_node}{2-C_mE77Raa7xboOz6c8AQ}{0.0.0.0}{0.0.0.0:12}{m}}, term: 0, version: 1, reason: test setting state
[2020-02-16T17:20:47,696][INFO ][o.e.a.s.m.TransportMasterNodeActionTests] [testMasterNotAvailable] after test
[2020-02-16T17:20:47,698][INFO ][o.e.a.s.m.TransportMasterNodeActionTests] [testCheckBlockThrowsException] before test
[2020-02-16T17:20:47,700][INFO ][o.e.c.s.ClusterApplierService] [test] master node changed {previous [{node}{frR1F_WCSR-pIKA23MvEiQ}{0.0.0.0}{0.0.0.0:13}{dim}], current [{local_node}{uGnKLqL0TGyljD4blbNUkg}{0.0.0.0}{0.0.0.0:14}{m}]}, removed {{node}{frR1F_WCSR-pIKA23MvEiQ}{0.0.0.0}{0.0.0.0:13}{dim}}, added {{remote_node}{S9zL5LhGSI6kHACsC41pJA}{0.0.0.0}{0.0.0.0:15}{m}}, term: 0, version: 1, reason: test setting state
[2020-02-16T17:20:47,704][INFO ][o.e.a.s.m.TransportMasterNodeActionTests] [testCheckBlockThrowsException] after test
[2020-02-16T17:20:47,706][INFO ][o.e.a.s.m.TransportMasterNodeActionTests] [testDelegateToMaster] before test
[2020-02-16T17:20:47,709][INFO ][o.e.c.s.ClusterApplierService] [test] master node changed {previous [{node}{kyHNyxdBQnOwFxGFQ_cNAw}{0.0.0.0}{0.0.0.0:16}{dim}], current [{remote_node}{xngCvws9QvWJ5J7_AremZw}{0.0.0.0}{0.0.0.0:18}{m}]}, removed {{node}{kyHNyxdBQnOwFxGFQ_cNAw}{0.0.0.0}{0.0.0.0:16}{dim}}, added {{remote_node}{xngCvws9QvWJ5J7_AremZw}{0.0.0.0}{0.0.0.0:18}{m}}, term: 0, version: 1, reason: test setting state
[2020-02-16T17:20:47,710][INFO ][o.e.a.s.m.TransportMasterNodeActionTests] [testDelegateToMaster] after test
[2020-02-16T17:20:47,712][INFO ][o.e.a.s.m.TransportMasterNodeActionTests] [testLocalOperationWithBlocks] before test
[2020-02-16T17:20:47,714][INFO ][o.e.c.s.ClusterApplierService] [test] master node changed {previous [{node}{Mvp3_ZqyR72TYbJU13wTLg}{0.0.0.0}{0.0.0.0:19}{dim}], current [{local_node}{CznEPRR-Q3-05ou-ykwwmQ}{0.0.0.0}{0.0.0.0:20}{m}]}, removed {{node}{Mvp3_ZqyR72TYbJU13wTLg}{0.0.0.0}{0.0.0.0:19}{dim}}, added {{remote_node}{fxhyQRzIRouHsjGA4O9Hng}{0.0.0.0}{0.0.0.0:21}{m}}, term: 0, version: 1, reason: test setting state
[2020-02-16T17:20:47,717][INFO ][o.e.a.s.m.TransportMasterNodeActionTests] [testLocalOperationWithBlocks] after test
[2020-02-16T17:20:47,720][INFO ][o.e.a.s.m.TransportMasterNodeActionTests] [testDelegateToFailingMaster] before test
[2020-02-16T17:20:47,722][INFO ][o.e.c.s.ClusterApplierService] [test] master node changed {previous [{node}{JomdGffPRO66ZTFLcqOJfg}{0.0.0.0}{0.0.0.0:22}{dim}], current [{remote_node}{2-5B7153SyeKie6L2x2ozQ}{0.0.0.0}{0.0.0.0:24}{m}]}, removed {{node}{JomdGffPRO66ZTFLcqOJfg}{0.0.0.0}{0.0.0.0:22}{dim}}, added {{remote_node}{2-5B7153SyeKie6L2x2ozQ}{0.0.0.0}{0.0.0.0:24}{m}}, term: 0, version: 8, reason: test setting state
[2020-02-16T17:20:47,726][INFO ][o.e.a.s.m.TransportMasterNodeActionTests] [testDelegateToFailingMaster] after test
[2020-02-16T17:20:47,729][INFO ][o.e.a.s.m.TransportMasterNodeActionTests] [testLocalOperationWithoutBlocks] before test
[2020-02-16T17:20:47,731][INFO ][o.e.c.s.ClusterApplierService] [test] master node changed {previous [{node}{UH8dRyKvQNGqM5kcXEXvTQ}{0.0.0.0}{0.0.0.0:25}{dim}], current [{local_node}{6u07aPYEQyOgOWpjbmcfOg}{0.0.0.0}{0.0.0.0:26}{m}]}, removed {{node}{UH8dRyKvQNGqM5kcXEXvTQ}{0.0.0.0}{0.0.0.0:25}{dim}}, added {{remote_node}{3DJK5gMfRNudMc4DdL5GZg}{0.0.0.0}{0.0.0.0:27}{m}}, term: 0, version: 1, reason: test setting state
[2020-02-16T17:20:47,733][INFO ][o.e.a.s.m.TransportMasterNodeActionTests] [testLocalOperationWithoutBlocks] after test
]]></system-out>
  <system-err><![CDATA[]]></system-err>
</testsuite>
