<?xml version="1.0" encoding="UTF-8"?>
<testsuite name="org.elasticsearch.action.support.ListenableActionFutureTests" tests="1" skipped="0" failures="0" errors="0" timestamp="2020-02-16T22:20:24" hostname="Escoto-PC" time="0.021">
  <properties/>
  <testcase name="testListenerIsCallableFromNetworkThreads" classname="org.elasticsearch.action.support.ListenableActionFutureTests" time="0.021"/>
  <system-out><![CDATA[[2020-02-16T17:20:24,726][INFO ][o.e.a.s.ListenableActionFutureTests] [testListenerIsCallableFromNetworkThreads] before test
[2020-02-16T17:20:24,743][INFO ][o.e.a.s.ListenableActionFutureTests] [testListenerIsCallableFromNetworkThreads] after test
]]></system-out>
  <system-err><![CDATA[]]></system-err>
</testsuite>
