<?xml version="1.0" encoding="UTF-8"?>
<testsuite name="org.elasticsearch.common.blobstore.fs.FsBlobContainerTests" tests="2" skipped="0" failures="0" errors="0" timestamp="2020-02-16T22:21:39" hostname="Escoto-PC" time="0.013">
  <properties/>
  <testcase name="testIsTempBlobName" classname="org.elasticsearch.common.blobstore.fs.FsBlobContainerTests" time="0.01"/>
  <testcase name="testTempBlobName" classname="org.elasticsearch.common.blobstore.fs.FsBlobContainerTests" time="0.003"/>
  <system-out><![CDATA[[2020-02-17T08:21:39,766][INFO ][o.e.c.b.f.FsBlobContainerTests] [testIsTempBlobName] before test
[2020-02-17T08:21:39,768][INFO ][o.e.c.b.f.FsBlobContainerTests] [testIsTempBlobName] after test
[2020-02-17T08:21:39,772][INFO ][o.e.c.b.f.FsBlobContainerTests] [testTempBlobName] before test
[2020-02-17T08:21:39,772][INFO ][o.e.c.b.f.FsBlobContainerTests] [testTempBlobName] after test
]]></system-out>
  <system-err><![CDATA[]]></system-err>
</testsuite>
