<?xml version="1.0" encoding="UTF-8"?>
<testsuite name="org.elasticsearch.SpecialPermissionTests" tests="2" skipped="0" failures="0" errors="0" timestamp="2020-02-16T22:26:00" hostname="Escoto-PC" time="0.003">
  <properties/>
  <testcase name="testEquals" classname="org.elasticsearch.SpecialPermissionTests" time="0.001"/>
  <testcase name="testImplies" classname="org.elasticsearch.SpecialPermissionTests" time="0.002"/>
  <system-out><![CDATA[[2020-02-16T18:26:00,019][INFO ][o.e.SpecialPermissionTests] [testEquals] before test
[2020-02-16T18:26:00,019][INFO ][o.e.SpecialPermissionTests] [testEquals] after test
[2020-02-16T18:26:00,020][INFO ][o.e.SpecialPermissionTests] [testImplies] before test
[2020-02-16T18:26:00,021][INFO ][o.e.SpecialPermissionTests] [testImplies] after test
]]></system-out>
  <system-err><![CDATA[]]></system-err>
</testsuite>
