<?xml version="1.0" encoding="UTF-8"?>
<testsuite name="org.elasticsearch.client.node.NodeClientHeadersTests" tests="2" skipped="0" failures="0" errors="0" timestamp="2020-02-16T22:20:29" hostname="Escoto-PC" time="0.017">
  <properties/>
  <testcase name="testActions" classname="org.elasticsearch.client.node.NodeClientHeadersTests" time="0.011"/>
  <testcase name="testOverrideHeader" classname="org.elasticsearch.client.node.NodeClientHeadersTests" time="0.006"/>
  <system-out><![CDATA[[2020-02-17T00:20:29,157][INFO ][o.e.c.n.NodeClientHeadersTests] [testActions] before test
[2020-02-17T00:20:29,163][INFO ][o.e.c.n.NodeClientHeadersTests] [testActions] after test
[2020-02-17T00:20:29,167][INFO ][o.e.c.n.NodeClientHeadersTests] [testOverrideHeader] before test
[2020-02-17T00:20:29,168][INFO ][o.e.c.n.NodeClientHeadersTests] [testOverrideHeader] after test
]]></system-out>
  <system-err><![CDATA[]]></system-err>
</testsuite>
