<?xml version="1.0" encoding="UTF-8"?>
<testsuite name="org.elasticsearch.action.admin.cluster.storedscripts.GetStoredScriptRequestTests" tests="1" skipped="0" failures="0" errors="0" timestamp="2020-02-16T22:20:04" hostname="Escoto-PC" time="0.014">
  <properties/>
  <testcase name="testGetIndexedScriptRequestSerialization" classname="org.elasticsearch.action.admin.cluster.storedscripts.GetStoredScriptRequestTests" time="0.014"/>
  <system-out><![CDATA[[2020-02-16T15:20:05,002][INFO ][o.e.a.a.c.s.GetStoredScriptRequestTests] [testGetIndexedScriptRequestSerialization] before test
[2020-02-16T15:20:05,003][INFO ][o.e.a.a.c.s.GetStoredScriptRequestTests] [testGetIndexedScriptRequestSerialization] after test
]]></system-out>
  <system-err><![CDATA[]]></system-err>
</testsuite>
