<?xml version="1.0" encoding="UTF-8"?>
<testsuite name="org.elasticsearch.action.admin.indices.validate.query.QueryExplanationTests" tests="3" skipped="0" failures="0" errors="0" timestamp="2020-02-16T22:20:34" hostname="Escoto-PC" time="0.017">
  <properties/>
  <testcase name="testEqualsAndHashcode" classname="org.elasticsearch.action.admin.indices.validate.query.QueryExplanationTests" time="0.006"/>
  <testcase name="testFromXContent" classname="org.elasticsearch.action.admin.indices.validate.query.QueryExplanationTests" time="0.008"/>
  <testcase name="testSerialization" classname="org.elasticsearch.action.admin.indices.validate.query.QueryExplanationTests" time="0.002"/>
  <system-out><![CDATA[[2020-02-17T01:20:34,480][INFO ][o.e.a.a.i.v.q.QueryExplanationTests] [testEqualsAndHashcode] before test
[2020-02-17T01:20:34,484][INFO ][o.e.a.a.i.v.q.QueryExplanationTests] [testEqualsAndHashcode] after test
[2020-02-17T01:20:34,489][INFO ][o.e.a.a.i.v.q.QueryExplanationTests] [testFromXContent] before test
[2020-02-17T01:20:34,492][INFO ][o.e.a.a.i.v.q.QueryExplanationTests] [testFromXContent] after test
[2020-02-17T01:20:34,494][INFO ][o.e.a.a.i.v.q.QueryExplanationTests] [testSerialization] before test
[2020-02-17T01:20:34,495][INFO ][o.e.a.a.i.v.q.QueryExplanationTests] [testSerialization] after test
]]></system-out>
  <system-err><![CDATA[]]></system-err>
</testsuite>
