<?xml version="1.0" encoding="UTF-8"?>
<testsuite name="org.apache.lucene.queries.DoubleRandomBinaryDocValuesRangeQueryTests" tests="6" skipped="1" failures="0" errors="0" timestamp="2020-02-16T22:19:50" hostname="Escoto-PC" time="1.731">
  <properties/>
  <testcase name="testRandomBig" classname="org.apache.lucene.queries.DoubleRandomBinaryDocValuesRangeQueryTests" time="0.005">
    <skipped/>
  </testcase>
  <testcase name="testRandomMedium" classname="org.apache.lucene.queries.DoubleRandomBinaryDocValuesRangeQueryTests" time="0.655"/>
  <testcase name="testLowCardinality" classname="org.apache.lucene.queries.DoubleRandomBinaryDocValuesRangeQueryTests" time="0.591"/>
  <testcase name="testMultiValued" classname="org.apache.lucene.queries.DoubleRandomBinaryDocValuesRangeQueryTests" time="0.061"/>
  <testcase name="testAllEqual" classname="org.apache.lucene.queries.DoubleRandomBinaryDocValuesRangeQueryTests" time="0.271"/>
  <testcase name="testRandomTiny" classname="org.apache.lucene.queries.DoubleRandomBinaryDocValuesRangeQueryTests" time="0.147"/>
  <system-out><![CDATA[]]></system-out>
  <system-err><![CDATA[]]></system-err>
</testsuite>
