<?xml version="1.0" encoding="UTF-8"?>
<testsuite name="org.elasticsearch.action.search.CountedCollectorTests" tests="1" skipped="0" failures="0" errors="0" timestamp="2020-02-16T22:20:38" hostname="Escoto-PC" time="0.051">
  <properties/>
  <testcase name="testCollect" classname="org.elasticsearch.action.search.CountedCollectorTests" time="0.051"/>
  <system-out><![CDATA[[2020-02-16T23:20:38,124][INFO ][o.e.a.s.CountedCollectorTests] [testCollect] before test
[2020-02-16T23:20:38,143][INFO ][o.e.a.s.CountedCollectorTests] [testCollect] after test
]]></system-out>
  <system-err><![CDATA[]]></system-err>
</testsuite>
