<?xml version="1.0" encoding="UTF-8"?>
<testsuite name="org.elasticsearch.bootstrap.JNANativesTests" tests="2" skipped="0" failures="0" errors="0" timestamp="2020-02-16T22:20:49" hostname="Escoto-PC" time="0.031">
  <properties/>
  <testcase name="testConsoleCtrlHandler" classname="org.elasticsearch.bootstrap.JNANativesTests" time="0.022"/>
  <testcase name="testMlockall" classname="org.elasticsearch.bootstrap.JNANativesTests" time="0.009"/>
  <system-out><![CDATA[[2020-02-17T09:20:49,933][INFO ][o.e.b.JNANativesTests    ] [testConsoleCtrlHandler] before test
[2020-02-17T09:20:49,935][INFO ][o.e.b.JNANativesTests    ] [testConsoleCtrlHandler] after test
[2020-02-17T09:20:49,944][INFO ][o.e.b.JNANativesTests    ] [testMlockall] before test
[2020-02-17T09:20:49,944][INFO ][o.e.b.JNANativesTests    ] [testMlockall] after test
]]></system-out>
  <system-err><![CDATA[]]></system-err>
</testsuite>
