<?xml version="1.0" encoding="UTF-8"?>
<testsuite name="org.elasticsearch.common.util.concurrent.FutureUtilsTests" tests="2" skipped="0" failures="0" errors="0" timestamp="2020-02-16T22:20:51" hostname="Escoto-PC" time="0.011">
  <properties/>
  <testcase name="testCancellingNullFutureOkay" classname="org.elasticsearch.common.util.concurrent.FutureUtilsTests" time="0.006"/>
  <testcase name="testRunningFutureNotInterrupted" classname="org.elasticsearch.common.util.concurrent.FutureUtilsTests" time="0.005"/>
  <system-out><![CDATA[[2020-02-16T22:20:51,639][INFO ][o.e.c.u.c.FutureUtilsTests] [testCancellingNullFutureOkay] before test
[2020-02-16T22:20:51,640][INFO ][o.e.c.u.c.FutureUtilsTests] [testCancellingNullFutureOkay] after test
[2020-02-16T22:20:51,643][INFO ][o.e.c.u.c.FutureUtilsTests] [testRunningFutureNotInterrupted] before test
[2020-02-16T22:20:51,645][INFO ][o.e.c.u.c.FutureUtilsTests] [testRunningFutureNotInterrupted] after test
]]></system-out>
  <system-err><![CDATA[]]></system-err>
</testsuite>
