<?xml version="1.0" encoding="UTF-8"?>
<testsuite name="org.elasticsearch.transport.TransportRequestDeduplicatorTests" tests="1" skipped="0" failures="0" errors="0" timestamp="2020-02-16T22:26:21" hostname="Escoto-PC" time="0.007">
  <properties/>
  <testcase name="testRequestDeduplication" classname="org.elasticsearch.transport.TransportRequestDeduplicatorTests" time="0.007"/>
  <system-out><![CDATA[[2020-02-17T09:26:21,629][INFO ][o.e.t.TransportRequestDeduplicatorTests] [testRequestDeduplication] before test
[2020-02-17T09:26:21,634][INFO ][o.e.t.TransportRequestDeduplicatorTests] [testRequestDeduplication] after test
]]></system-out>
  <system-err><![CDATA[]]></system-err>
</testsuite>
