<?xml version="1.0" encoding="UTF-8"?>
<testsuite name="org.elasticsearch.nodesinfo.NodeInfoStreamingTests" tests="1" skipped="0" failures="0" errors="0" timestamp="2020-02-16T22:25:15" hostname="Escoto-PC" time="0.008">
  <properties/>
  <testcase name="testNodeInfoStreaming" classname="org.elasticsearch.nodesinfo.NodeInfoStreamingTests" time="0.008"/>
  <system-out><![CDATA[[2020-02-16T23:25:15,442][INFO ][o.e.n.NodeInfoStreamingTests] [testNodeInfoStreaming] before test
[2020-02-16T23:25:15,448][INFO ][o.e.n.NodeInfoStreamingTests] [testNodeInfoStreaming] after test
]]></system-out>
  <system-err><![CDATA[]]></system-err>
</testsuite>
