<?xml version="1.0" encoding="UTF-8"?>
<testsuite name="org.elasticsearch.index.search.MultiMatchQueryTests" tests="9" skipped="0" failures="0" errors="0" timestamp="2020-02-16T22:23:18" hostname="Escoto-PC" time="2.094">
  <properties/>
  <testcase name="testMultiMatchCrossFieldsWithSynonyms" classname="org.elasticsearch.index.search.MultiMatchQueryTests" time="1.083"/>
  <testcase name="testBlendTermsUnsupportedValueWithoutLenient" classname="org.elasticsearch.index.search.MultiMatchQueryTests" time="0.098"/>
  <testcase name="testKeywordSplitQueriesOnWhitespace" classname="org.elasticsearch.index.search.MultiMatchQueryTests" time="0.195"/>
  <testcase name="testMultiMatchCrossFieldsWithSynonymsPhrase" classname="org.elasticsearch.index.search.MultiMatchQueryTests" time="0.107"/>
  <testcase name="testBlendNoTermQuery" classname="org.elasticsearch.index.search.MultiMatchQueryTests" time="0.108"/>
  <testcase name="testBlendTermsUnsupportedValueWithLenient" classname="org.elasticsearch.index.search.MultiMatchQueryTests" time="0.126"/>
  <testcase name="testBlendTermsWithFieldBoosts" classname="org.elasticsearch.index.search.MultiMatchQueryTests" time="0.137"/>
  <testcase name="testBlendTerms" classname="org.elasticsearch.index.search.MultiMatchQueryTests" time="0.131"/>
  <testcase name="testCrossFieldMultiMatchQuery" classname="org.elasticsearch.index.search.MultiMatchQueryTests" time="0.107"/>
  <system-out><![CDATA[[2020-02-16T18:23:18,513][INFO ][o.e.e.NodeEnvironment    ] [testMultiMatchCrossFieldsWithSynonyms] using [1] data paths, mounts [[Old HDD (E:)]], net usable_space [89.5gb], net total_space [232.8gb], types [NTFS]
[2020-02-16T18:23:18,514][INFO ][o.e.e.NodeEnvironment    ] [testMultiMatchCrossFieldsWithSynonyms] heap size [512mb], compressed ordinary object pointers [true]
[2020-02-16T18:23:18,516][INFO ][o.e.n.Node               ] [testMultiMatchCrossFieldsWithSynonyms] node name [node_s_0], node ID [UFgq5aHLREePaY94gKvWjg], cluster name [single-node-cluster-TEST_WORKER_VM=[13]-CLUSTER_SEED=[7728989194250219288]-HASH=[14AC54FC0EC]]
[2020-02-16T18:23:18,516][INFO ][o.e.n.Node               ] [testMultiMatchCrossFieldsWithSynonyms] version[7.5.1], pid[5104], build[unknown/unknown/unknown/unknown], OS[Windows 7/6.1/amd64], JVM[Oracle Corporation/OpenJDK 64-Bit Server VM/12.0.2/12.0.2+10]
[2020-02-16T18:23:18,516][INFO ][o.e.n.Node               ] [testMultiMatchCrossFieldsWithSynonyms] JVM home [C:\Program Files\Java\jdk-12.0.2]
[2020-02-16T18:23:18,516][INFO ][o.e.n.Node               ] [testMultiMatchCrossFieldsWithSynonyms] JVM arguments [-Dcompiler.java=12, -Des.scripting.update.ctx_in_params=false, -Des.transport.cname_in_publish_address=true, -Dgradle.dist.lib=C:\Users\Escoto\.gradle\wrapper\dists\gradle-5.6.2-bin\3clyn6icets6f02ptgd5hlmou\gradle-5.6.2\lib, -Dgradle.user.home=C:\Users\Escoto\.gradle, -Dgradle.worker.jar=C:\Users\Escoto\.gradle/caches/5.6.2/workerMain/gradle-worker.jar, -Dio.netty.noKeySetOptimization=true, -Dio.netty.noUnsafe=true, -Dio.netty.recycler.maxCapacityPerThread=0, -Djava.awt.headless=true, -Djna.nosys=true, -Dorg.gradle.native=false, -Druntime.java=12, -Dtests.artifact=server, -Dtests.gradle=true, -Dtests.logger.level=WARN, -Dtests.security.manager=true, -Dtests.seed=9EA1F2A3814E5F76, -Dtests.task=:server:test, -Dtests.timeoutSuite=1800000!, -esa, --illegal-access=warn, -XX:+HeapDumpOnOutOfMemoryError, -XX:HeapDumpPath=E:\NotD\git\elasticsearch\server\build\heapdump, -Xms512m, -Xmx512m, -Dfile.encoding=windows-1252, -Djava.io.tmpdir=./temp, -Duser.country=US, -Duser.language=en, -Duser.variant, -ea]
[2020-02-16T18:23:18,517][INFO ][o.e.p.PluginsService     ] [testMultiMatchCrossFieldsWithSynonyms] no modules loaded
[2020-02-16T18:23:18,517][INFO ][o.e.p.PluginsService     ] [testMultiMatchCrossFieldsWithSynonyms] loaded plugin [org.elasticsearch.test.MockHttpTransport$TestPlugin]
[2020-02-16T18:23:18,517][INFO ][o.e.p.PluginsService     ] [testMultiMatchCrossFieldsWithSynonyms] loaded plugin [org.elasticsearch.test.MockKeywordPlugin]
[2020-02-16T18:23:18,517][INFO ][o.e.p.PluginsService     ] [testMultiMatchCrossFieldsWithSynonyms] loaded plugin [org.elasticsearch.transport.nio.MockNioTransportPlugin]
[2020-02-16T18:23:18,745][INFO ][o.e.d.DiscoveryModule    ] [testMultiMatchCrossFieldsWithSynonyms] using discovery type [zen] and seed hosts providers [settings]
[2020-02-16T18:23:18,753][INFO ][o.e.n.Node               ] [testMultiMatchCrossFieldsWithSynonyms] initialized
[2020-02-16T18:23:18,753][INFO ][o.e.n.Node               ] [testMultiMatchCrossFieldsWithSynonyms] starting ...
[2020-02-16T18:23:19,298][INFO ][o.e.t.TransportService   ] [testMultiMatchCrossFieldsWithSynonyms] publish_address {127.0.0.1:11600}, bound_addresses {127.0.0.1:11600}, {[::1]:11600}
[2020-02-16T18:23:19,305][INFO ][o.e.c.c.Coordinator      ] [testMultiMatchCrossFieldsWithSynonyms] setting initial configuration to VotingConfiguration{UFgq5aHLREePaY94gKvWjg}
[2020-02-16T18:23:19,399][INFO ][o.e.c.s.MasterService    ] [node_s_0] elected-as-master ([1] nodes joined)[{node_s_0}{UFgq5aHLREePaY94gKvWjg}{YdOeQSOsRNSGkwteyL6W4w}{127.0.0.1}{127.0.0.1:11600}{dim} elect leader, _BECOME_MASTER_TASK_, _FINISH_ELECTION_], term: 1, version: 1, delta: master node changed {previous [], current [{node_s_0}{UFgq5aHLREePaY94gKvWjg}{YdOeQSOsRNSGkwteyL6W4w}{127.0.0.1}{127.0.0.1:11600}{dim}]}
[2020-02-16T18:23:19,408][INFO ][o.e.c.c.CoordinationState] [node_s_0] cluster UUID set to [2APz1pl_Tmak5eQc53KV1A]
[2020-02-16T18:23:19,421][INFO ][o.e.c.s.ClusterApplierService] [node_s_0] master node changed {previous [], current [{node_s_0}{UFgq5aHLREePaY94gKvWjg}{YdOeQSOsRNSGkwteyL6W4w}{127.0.0.1}{127.0.0.1:11600}{dim}]}, term: 1, version: 1, reason: Publication{term=1, version=1}
[2020-02-16T18:23:19,425][INFO ][o.e.n.Node               ] [testMultiMatchCrossFieldsWithSynonyms] started
[2020-02-16T18:23:19,441][INFO ][o.e.g.GatewayService     ] [node_s_0] recovered [0] indices into cluster_state
[2020-02-16T18:23:19,443][INFO ][o.e.c.m.MetaDataIndexTemplateService] [node_s_0] adding template [one_shard_index_template] for index patterns [*]
[2020-02-16T18:23:19,464][INFO ][o.e.c.m.MetaDataIndexTemplateService] [node_s_0] adding template [random-soft-deletes-template] for index patterns [*]
[2020-02-16T18:23:19,472][INFO ][o.e.i.s.MultiMatchQueryTests] [testMultiMatchCrossFieldsWithSynonyms] before test
[2020-02-16T18:23:19,474][INFO ][o.e.c.m.MetaDataCreateIndexService] [node_s_0] [test] creating index, cause [api], templates [one_shard_index_template, random-soft-deletes-template], shards [1]/[0], mappings []
[2020-02-16T18:23:19,537][INFO ][o.e.c.r.a.AllocationService] [node_s_0] Cluster health status changed from [YELLOW] to [GREEN] (reason: [shards started [[test][0]]]).
[2020-02-16T18:23:19,555][INFO ][o.e.i.s.MultiMatchQueryTests] [testMultiMatchCrossFieldsWithSynonyms] after test
[2020-02-16T18:23:19,557][INFO ][o.e.c.m.MetaDataDeleteIndexService] [node_s_0] [test/5zrkst4VSmG6uy5YX2wIgA] deleting index
[2020-02-16T18:23:19,587][INFO ][o.e.i.s.MultiMatchQueryTests] [testBlendTermsUnsupportedValueWithoutLenient] before test
[2020-02-16T18:23:19,589][INFO ][o.e.c.m.MetaDataCreateIndexService] [node_s_0] [test] creating index, cause [api], templates [one_shard_index_template, random-soft-deletes-template], shards [1]/[0], mappings []
[2020-02-16T18:23:19,649][INFO ][o.e.c.r.a.AllocationService] [node_s_0] Cluster health status changed from [YELLOW] to [GREEN] (reason: [shards started [[test][0]]]).
[2020-02-16T18:23:19,662][INFO ][o.e.i.s.MultiMatchQueryTests] [testBlendTermsUnsupportedValueWithoutLenient] after test
[2020-02-16T18:23:19,662][INFO ][o.e.c.m.MetaDataDeleteIndexService] [node_s_0] [test/BI2klFN4SACZIftk-kUYaQ] deleting index
[2020-02-16T18:23:19,685][INFO ][o.e.i.s.MultiMatchQueryTests] [testKeywordSplitQueriesOnWhitespace] before test
[2020-02-16T18:23:19,686][INFO ][o.e.c.m.MetaDataCreateIndexService] [node_s_0] [test] creating index, cause [api], templates [one_shard_index_template, random-soft-deletes-template], shards [1]/[0], mappings []
[2020-02-16T18:23:19,737][INFO ][o.e.c.r.a.AllocationService] [node_s_0] Cluster health status changed from [YELLOW] to [GREEN] (reason: [shards started [[test][0]]]).
[2020-02-16T18:23:19,751][INFO ][o.e.c.m.MetaDataCreateIndexService] [node_s_0] [test_keyword] creating index, cause [api], templates [one_shard_index_template, random-soft-deletes-template], shards [1]/[0], mappings []
[2020-02-16T18:23:19,826][INFO ][o.e.c.r.a.AllocationService] [node_s_0] Cluster health status changed from [YELLOW] to [GREEN] (reason: [shards started [[test_keyword][0]]]).
[2020-02-16T18:23:19,839][INFO ][o.e.i.s.MultiMatchQueryTests] [testKeywordSplitQueriesOnWhitespace] after test
[2020-02-16T18:23:19,840][INFO ][o.e.c.m.MetaDataDeleteIndexService] [node_s_0] [test_keyword/7hmu13dYRiOFaWmVLQ90ug] deleting index
[2020-02-16T18:23:19,840][INFO ][o.e.c.m.MetaDataDeleteIndexService] [node_s_0] [test/oRon90VET1y8KKQMe_GLFg] deleting index
[2020-02-16T18:23:19,880][INFO ][o.e.i.s.MultiMatchQueryTests] [testMultiMatchCrossFieldsWithSynonymsPhrase] before test
[2020-02-16T18:23:19,881][INFO ][o.e.c.m.MetaDataCreateIndexService] [node_s_0] [test] creating index, cause [api], templates [one_shard_index_template, random-soft-deletes-template], shards [1]/[0], mappings []
[2020-02-16T18:23:19,942][INFO ][o.e.c.r.a.AllocationService] [node_s_0] Cluster health status changed from [YELLOW] to [GREEN] (reason: [shards started [[test][0]]]).
[2020-02-16T18:23:19,958][INFO ][o.e.i.s.MultiMatchQueryTests] [testMultiMatchCrossFieldsWithSynonymsPhrase] after test
[2020-02-16T18:23:19,959][INFO ][o.e.c.m.MetaDataDeleteIndexService] [node_s_0] [test/bB78GrdkRLmlc0Z_IdKyoA] deleting index
[2020-02-16T18:23:19,997][INFO ][o.e.i.s.MultiMatchQueryTests] [testBlendNoTermQuery] before test
[2020-02-16T18:23:20,000][INFO ][o.e.c.m.MetaDataCreateIndexService] [node_s_0] [test] creating index, cause [api], templates [one_shard_index_template, random-soft-deletes-template], shards [1]/[0], mappings []
[2020-02-16T18:23:20,060][INFO ][o.e.c.r.a.AllocationService] [node_s_0] Cluster health status changed from [YELLOW] to [GREEN] (reason: [shards started [[test][0]]]).
[2020-02-16T18:23:20,070][INFO ][o.e.i.s.MultiMatchQueryTests] [testBlendNoTermQuery] after test
[2020-02-16T18:23:20,071][INFO ][o.e.c.m.MetaDataDeleteIndexService] [node_s_0] [test/TcFu5ri_RvahHp_gvmy0Jg] deleting index
[2020-02-16T18:23:20,096][INFO ][o.e.i.s.MultiMatchQueryTests] [testBlendTermsUnsupportedValueWithLenient] before test
[2020-02-16T18:23:20,098][INFO ][o.e.c.m.MetaDataCreateIndexService] [node_s_0] [test] creating index, cause [api], templates [one_shard_index_template, random-soft-deletes-template], shards [1]/[0], mappings []
[2020-02-16T18:23:20,151][INFO ][o.e.c.r.a.AllocationService] [node_s_0] Cluster health status changed from [YELLOW] to [GREEN] (reason: [shards started [[test][0]]]).
[2020-02-16T18:23:20,172][INFO ][o.e.i.s.MultiMatchQueryTests] [testBlendTermsUnsupportedValueWithLenient] after test
[2020-02-16T18:23:20,172][INFO ][o.e.c.m.MetaDataDeleteIndexService] [node_s_0] [test/SevYxML2QxqeBc_dy99obA] deleting index
[2020-02-16T18:23:20,229][INFO ][o.e.i.s.MultiMatchQueryTests] [testBlendTermsWithFieldBoosts] before test
[2020-02-16T18:23:20,241][INFO ][o.e.c.m.MetaDataCreateIndexService] [node_s_0] [test] creating index, cause [api], templates [one_shard_index_template, random-soft-deletes-template], shards [1]/[0], mappings []
[2020-02-16T18:23:20,301][INFO ][o.e.c.r.a.AllocationService] [node_s_0] Cluster health status changed from [YELLOW] to [GREEN] (reason: [shards started [[test][0]]]).
[2020-02-16T18:23:20,321][INFO ][o.e.i.s.MultiMatchQueryTests] [testBlendTermsWithFieldBoosts] after test
[2020-02-16T18:23:20,327][INFO ][o.e.c.m.MetaDataDeleteIndexService] [node_s_0] [test/OON19p5bTtyVQCDt7UANXQ] deleting index
[2020-02-16T18:23:20,360][INFO ][o.e.i.s.MultiMatchQueryTests] [testBlendTerms] before test
[2020-02-16T18:23:20,363][INFO ][o.e.c.m.MetaDataCreateIndexService] [node_s_0] [test] creating index, cause [api], templates [one_shard_index_template, random-soft-deletes-template], shards [1]/[0], mappings []
[2020-02-16T18:23:20,442][INFO ][o.e.c.r.a.AllocationService] [node_s_0] Cluster health status changed from [YELLOW] to [GREEN] (reason: [shards started [[test][0]]]).
[2020-02-16T18:23:20,453][INFO ][o.e.i.s.MultiMatchQueryTests] [testBlendTerms] after test
[2020-02-16T18:23:20,454][INFO ][o.e.c.m.MetaDataDeleteIndexService] [node_s_0] [test/IYr_eXyyRLW_05e5yGLfMw] deleting index
[2020-02-16T18:23:20,492][INFO ][o.e.i.s.MultiMatchQueryTests] [testCrossFieldMultiMatchQuery] before test
[2020-02-16T18:23:20,494][INFO ][o.e.c.m.MetaDataCreateIndexService] [node_s_0] [test] creating index, cause [api], templates [one_shard_index_template, random-soft-deletes-template], shards [1]/[0], mappings []
[2020-02-16T18:23:20,554][INFO ][o.e.c.r.a.AllocationService] [node_s_0] Cluster health status changed from [YELLOW] to [GREEN] (reason: [shards started [[test][0]]]).
[2020-02-16T18:23:20,567][INFO ][o.e.i.s.MultiMatchQueryTests] [testCrossFieldMultiMatchQuery] after test
[2020-02-16T18:23:20,567][INFO ][o.e.c.m.MetaDataDeleteIndexService] [node_s_0] [test/7j3nnC1wRhmYzLqFTYCkSg] deleting index
[2020-02-16T18:23:20,595][INFO ][o.e.n.Node               ] [suite] stopping ...
[2020-02-16T18:23:20,598][INFO ][o.e.n.Node               ] [suite] stopped
[2020-02-16T18:23:20,598][INFO ][o.e.n.Node               ] [suite] closing ...
[2020-02-16T18:23:20,599][INFO ][o.e.n.Node               ] [suite] closed
]]></system-out>
  <system-err><![CDATA[]]></system-err>
</testsuite>
