<?xml version="1.0" encoding="UTF-8"?>
<testsuite name="org.elasticsearch.action.admin.indices.open.OpenIndexResponseTests" tests="3" skipped="0" failures="0" errors="0" timestamp="2020-02-16T22:20:06" hostname="Escoto-PC" time="0.038">
  <properties/>
  <testcase name="testEqualsAndHashcode" classname="org.elasticsearch.action.admin.indices.open.OpenIndexResponseTests" time="0.021"/>
  <testcase name="testFromXContent" classname="org.elasticsearch.action.admin.indices.open.OpenIndexResponseTests" time="0.013"/>
  <testcase name="testSerialization" classname="org.elasticsearch.action.admin.indices.open.OpenIndexResponseTests" time="0.003"/>
  <system-out><![CDATA[[2020-02-17T01:20:06,083][INFO ][o.e.a.a.i.o.OpenIndexResponseTests] [testEqualsAndHashcode] before test
[2020-02-17T01:20:06,087][INFO ][o.e.a.a.i.o.OpenIndexResponseTests] [testEqualsAndHashcode] after test
[2020-02-17T01:20:06,092][INFO ][o.e.a.a.i.o.OpenIndexResponseTests] [testFromXContent] before test
[2020-02-17T01:20:06,100][INFO ][o.e.a.a.i.o.OpenIndexResponseTests] [testFromXContent] after test
[2020-02-17T01:20:06,103][INFO ][o.e.a.a.i.o.OpenIndexResponseTests] [testSerialization] before test
[2020-02-17T01:20:06,104][INFO ][o.e.a.a.i.o.OpenIndexResponseTests] [testSerialization] after test
]]></system-out>
  <system-err><![CDATA[]]></system-err>
</testsuite>
