<?xml version="1.0" encoding="UTF-8"?>
<testsuite name="org.elasticsearch.search.aggregations.metrics.MaxAggregatorTests" tests="30" skipped="0" failures="0" errors="0" timestamp="2020-02-16T22:24:25" hostname="Escoto-PC" time="0.512">
  <properties/>
  <testcase name="testSomeMatchesSortedNumericDocValues" classname="org.elasticsearch.search.aggregations.metrics.MaxAggregatorTests" time="0.049"/>
  <testcase name="testUnmappedWithMissingField" classname="org.elasticsearch.search.aggregations.metrics.MaxAggregatorTests" time="0.007"/>
  <testcase name="testSingleValuedFieldWithValueScript" classname="org.elasticsearch.search.aggregations.metrics.MaxAggregatorTests" time="0.018"/>
  <testcase name="testEarlyTermination" classname="org.elasticsearch.search.aggregations.metrics.MaxAggregatorTests" time="0.013"/>
  <testcase name="testSomeMatchesNumericDocValues" classname="org.elasticsearch.search.aggregations.metrics.MaxAggregatorTests" time="0.007"/>
  <testcase name="testMissingFieldOptimization" classname="org.elasticsearch.search.aggregations.metrics.MaxAggregatorTests" time="0.007"/>
  <testcase name="testScriptSingleValued" classname="org.elasticsearch.search.aggregations.metrics.MaxAggregatorTests" time="0.006"/>
  <testcase name="testOrderByEmptyAggregation" classname="org.elasticsearch.search.aggregations.metrics.MaxAggregatorTests" time="0.01"/>
  <testcase name="testMultiValuedFieldWithValueScriptWithParams" classname="org.elasticsearch.search.aggregations.metrics.MaxAggregatorTests" time="0.009"/>
  <testcase name="testMultiValuedFieldWithValueScript" classname="org.elasticsearch.search.aggregations.metrics.MaxAggregatorTests" time="0.008"/>
  <testcase name="testQueryFiltersAll" classname="org.elasticsearch.search.aggregations.metrics.MaxAggregatorTests" time="0.008"/>
  <testcase name="testSingleValuedFieldGetProperty" classname="org.elasticsearch.search.aggregations.metrics.MaxAggregatorTests" time="0.009"/>
  <testcase name="testDontCacheScripts" classname="org.elasticsearch.search.aggregations.metrics.MaxAggregatorTests" time="0.025"/>
  <testcase name="testScriptMultiValued" classname="org.elasticsearch.search.aggregations.metrics.MaxAggregatorTests" time="0.006"/>
  <testcase name="testMultiValuedField" classname="org.elasticsearch.search.aggregations.metrics.MaxAggregatorTests" time="0.006"/>
  <testcase name="testSingleValuedField" classname="org.elasticsearch.search.aggregations.metrics.MaxAggregatorTests" time="0.006"/>
  <testcase name="testEmptyAggregation" classname="org.elasticsearch.search.aggregations.metrics.MaxAggregatorTests" time="0.047"/>
  <testcase name="testSingleValuedFieldPartiallyUnmapped" classname="org.elasticsearch.search.aggregations.metrics.MaxAggregatorTests" time="0.023"/>
  <testcase name="testUnmappedField" classname="org.elasticsearch.search.aggregations.metrics.MaxAggregatorTests" time="0.007"/>
  <testcase name="testNoDocs" classname="org.elasticsearch.search.aggregations.metrics.MaxAggregatorTests" time="0.006"/>
  <testcase name="testSingleValuedFieldWithFormatter" classname="org.elasticsearch.search.aggregations.metrics.MaxAggregatorTests" time="0.016"/>
  <testcase name="testQueryFiltering" classname="org.elasticsearch.search.aggregations.metrics.MaxAggregatorTests" time="0.033"/>
  <testcase name="testScriptSingleValuedWithParams" classname="org.elasticsearch.search.aggregations.metrics.MaxAggregatorTests" time="0.009"/>
  <testcase name="testScript" classname="org.elasticsearch.search.aggregations.metrics.MaxAggregatorTests" time="0.014"/>
  <testcase name="testCacheAggregation" classname="org.elasticsearch.search.aggregations.metrics.MaxAggregatorTests" time="0.007"/>
  <testcase name="testNestedEarlyTermination" classname="org.elasticsearch.search.aggregations.metrics.MaxAggregatorTests" time="0.016"/>
  <testcase name="testNoMatchingField" classname="org.elasticsearch.search.aggregations.metrics.MaxAggregatorTests" time="0.01"/>
  <testcase name="testMaxShortcutRandom" classname="org.elasticsearch.search.aggregations.metrics.MaxAggregatorTests" time="0.108"/>
  <testcase name="testSingleValuedFieldWithValueScriptWithParams" classname="org.elasticsearch.search.aggregations.metrics.MaxAggregatorTests" time="0.007"/>
  <testcase name="testScriptMultiValuedWithParams" classname="org.elasticsearch.search.aggregations.metrics.MaxAggregatorTests" time="0.007"/>
  <system-out><![CDATA[[2020-02-16T22:24:25,472][INFO ][o.e.s.a.m.MaxAggregatorTests] [testSomeMatchesSortedNumericDocValues] before test
[2020-02-16T22:24:25,490][INFO ][o.e.s.a.m.MaxAggregatorTests] [testSomeMatchesSortedNumericDocValues] after test
[2020-02-16T22:24:25,492][INFO ][o.e.s.a.m.MaxAggregatorTests] [testUnmappedWithMissingField] before test
[2020-02-16T22:24:25,497][INFO ][o.e.s.a.m.MaxAggregatorTests] [testUnmappedWithMissingField] after test
[2020-02-16T22:24:25,506][INFO ][o.e.s.a.m.MaxAggregatorTests] [testSingleValuedFieldWithValueScript] before test
[2020-02-16T22:24:25,515][INFO ][o.e.s.a.m.MaxAggregatorTests] [testSingleValuedFieldWithValueScript] after test
[2020-02-16T22:24:25,519][INFO ][o.e.s.a.m.MaxAggregatorTests] [testEarlyTermination] before test
[2020-02-16T22:24:25,529][INFO ][o.e.s.a.m.MaxAggregatorTests] [testEarlyTermination] after test
[2020-02-16T22:24:25,532][INFO ][o.e.s.a.m.MaxAggregatorTests] [testSomeMatchesNumericDocValues] before test
[2020-02-16T22:24:25,537][INFO ][o.e.s.a.m.MaxAggregatorTests] [testSomeMatchesNumericDocValues] after test
[2020-02-16T22:24:25,539][INFO ][o.e.s.a.m.MaxAggregatorTests] [testMissingFieldOptimization] before test
[2020-02-16T22:24:25,544][INFO ][o.e.s.a.m.MaxAggregatorTests] [testMissingFieldOptimization] after test
[2020-02-16T22:24:25,547][INFO ][o.e.s.a.m.MaxAggregatorTests] [testScriptSingleValued] before test
[2020-02-16T22:24:25,551][INFO ][o.e.s.a.m.MaxAggregatorTests] [testScriptSingleValued] after test
[2020-02-16T22:24:25,555][INFO ][o.e.s.a.m.MaxAggregatorTests] [testOrderByEmptyAggregation] before test
[2020-02-16T22:24:25,561][INFO ][o.e.s.a.m.MaxAggregatorTests] [testOrderByEmptyAggregation] after test
[2020-02-16T22:24:25,565][INFO ][o.e.s.a.m.MaxAggregatorTests] [testMultiValuedFieldWithValueScriptWithParams] before test
[2020-02-16T22:24:25,570][INFO ][o.e.s.a.m.MaxAggregatorTests] [testMultiValuedFieldWithValueScriptWithParams] after test
[2020-02-16T22:24:25,573][INFO ][o.e.s.a.m.MaxAggregatorTests] [testMultiValuedFieldWithValueScript] before test
[2020-02-16T22:24:25,578][INFO ][o.e.s.a.m.MaxAggregatorTests] [testMultiValuedFieldWithValueScript] after test
[2020-02-16T22:24:25,582][INFO ][o.e.s.a.m.MaxAggregatorTests] [testQueryFiltersAll] before test
[2020-02-16T22:24:25,587][INFO ][o.e.s.a.m.MaxAggregatorTests] [testQueryFiltersAll] after test
[2020-02-16T22:24:25,589][INFO ][o.e.s.a.m.MaxAggregatorTests] [testSingleValuedFieldGetProperty] before test
[2020-02-16T22:24:25,597][INFO ][o.e.s.a.m.MaxAggregatorTests] [testSingleValuedFieldGetProperty] after test
[2020-02-16T22:24:25,599][INFO ][o.e.s.a.m.MaxAggregatorTests] [testDontCacheScripts] before test
[2020-02-16T22:24:25,623][INFO ][o.e.s.a.m.MaxAggregatorTests] [testDontCacheScripts] after test
[2020-02-16T22:24:25,624][INFO ][o.e.s.a.m.MaxAggregatorTests] [testScriptMultiValued] before test
[2020-02-16T22:24:25,629][INFO ][o.e.s.a.m.MaxAggregatorTests] [testScriptMultiValued] after test
[2020-02-16T22:24:25,631][INFO ][o.e.s.a.m.MaxAggregatorTests] [testMultiValuedField] before test
[2020-02-16T22:24:25,635][INFO ][o.e.s.a.m.MaxAggregatorTests] [testMultiValuedField] after test
[2020-02-16T22:24:25,638][INFO ][o.e.s.a.m.MaxAggregatorTests] [testSingleValuedField] before test
[2020-02-16T22:24:25,642][INFO ][o.e.s.a.m.MaxAggregatorTests] [testSingleValuedField] after test
[2020-02-16T22:24:25,687][INFO ][o.e.s.a.m.MaxAggregatorTests] [testEmptyAggregation] before test
[2020-02-16T22:24:25,689][INFO ][o.e.s.a.m.MaxAggregatorTests] [testEmptyAggregation] after test
[2020-02-16T22:24:25,707][INFO ][o.e.s.a.m.MaxAggregatorTests] [testSingleValuedFieldPartiallyUnmapped] before test
[2020-02-16T22:24:25,712][INFO ][o.e.s.a.m.MaxAggregatorTests] [testSingleValuedFieldPartiallyUnmapped] after test
[2020-02-16T22:24:25,715][INFO ][o.e.s.a.m.MaxAggregatorTests] [testUnmappedField] before test
[2020-02-16T22:24:25,719][INFO ][o.e.s.a.m.MaxAggregatorTests] [testUnmappedField] after test
[2020-02-16T22:24:25,722][INFO ][o.e.s.a.m.MaxAggregatorTests] [testNoDocs] before test
[2020-02-16T22:24:25,725][INFO ][o.e.s.a.m.MaxAggregatorTests] [testNoDocs] after test
[2020-02-16T22:24:25,728][INFO ][o.e.s.a.m.MaxAggregatorTests] [testSingleValuedFieldWithFormatter] before test
[2020-02-16T22:24:25,742][INFO ][o.e.s.a.m.MaxAggregatorTests] [testSingleValuedFieldWithFormatter] after test
[2020-02-16T22:24:25,769][INFO ][o.e.s.a.m.MaxAggregatorTests] [testQueryFiltering] before test
[2020-02-16T22:24:25,775][INFO ][o.e.s.a.m.MaxAggregatorTests] [testQueryFiltering] after test
[2020-02-16T22:24:25,778][INFO ][o.e.s.a.m.MaxAggregatorTests] [testScriptSingleValuedWithParams] before test
[2020-02-16T22:24:25,784][INFO ][o.e.s.a.m.MaxAggregatorTests] [testScriptSingleValuedWithParams] after test
[2020-02-16T22:24:25,792][INFO ][o.e.s.a.m.MaxAggregatorTests] [testScript] before test
[2020-02-16T22:24:25,798][INFO ][o.e.s.a.m.MaxAggregatorTests] [testScript] after test
[2020-02-16T22:24:25,800][INFO ][o.e.s.a.m.MaxAggregatorTests] [testCacheAggregation] before test
[2020-02-16T22:24:25,805][INFO ][o.e.s.a.m.MaxAggregatorTests] [testCacheAggregation] after test
[2020-02-16T22:24:25,807][INFO ][o.e.s.a.m.MaxAggregatorTests] [testNestedEarlyTermination] before test
[2020-02-16T22:24:25,821][INFO ][o.e.s.a.m.MaxAggregatorTests] [testNestedEarlyTermination] after test
[2020-02-16T22:24:25,824][INFO ][o.e.s.a.m.MaxAggregatorTests] [testNoMatchingField] before test
[2020-02-16T22:24:25,831][INFO ][o.e.s.a.m.MaxAggregatorTests] [testNoMatchingField] after test
[2020-02-16T22:24:25,836][INFO ][o.e.s.a.m.MaxAggregatorTests] [testMaxShortcutRandom] before test
[2020-02-16T22:24:25,939][INFO ][o.e.s.a.m.MaxAggregatorTests] [testMaxShortcutRandom] after test
[2020-02-16T22:24:25,942][INFO ][o.e.s.a.m.MaxAggregatorTests] [testSingleValuedFieldWithValueScriptWithParams] before test
[2020-02-16T22:24:25,946][INFO ][o.e.s.a.m.MaxAggregatorTests] [testSingleValuedFieldWithValueScriptWithParams] after test
[2020-02-16T22:24:25,948][INFO ][o.e.s.a.m.MaxAggregatorTests] [testScriptMultiValuedWithParams] before test
[2020-02-16T22:24:25,953][INFO ][o.e.s.a.m.MaxAggregatorTests] [testScriptMultiValuedWithParams] after test
]]></system-out>
  <system-err><![CDATA[]]></system-err>
</testsuite>
