<?xml version="1.0" encoding="UTF-8"?>
<testsuite name="org.apache.lucene.queries.IntegerRandomBinaryDocValuesRangeQueryTests" tests="6" skipped="1" failures="0" errors="0" timestamp="2020-02-16T22:19:55" hostname="Escoto-PC" time="1.949">
  <properties/>
  <testcase name="testRandomBig" classname="org.apache.lucene.queries.IntegerRandomBinaryDocValuesRangeQueryTests" time="0.0">
    <skipped/>
  </testcase>
  <testcase name="testRandomMedium" classname="org.apache.lucene.queries.IntegerRandomBinaryDocValuesRangeQueryTests" time="0.477"/>
  <testcase name="testLowCardinality" classname="org.apache.lucene.queries.IntegerRandomBinaryDocValuesRangeQueryTests" time="0.903"/>
  <testcase name="testMultiValued" classname="org.apache.lucene.queries.IntegerRandomBinaryDocValuesRangeQueryTests" time="0.226"/>
  <testcase name="testAllEqual" classname="org.apache.lucene.queries.IntegerRandomBinaryDocValuesRangeQueryTests" time="0.24"/>
  <testcase name="testRandomTiny" classname="org.apache.lucene.queries.IntegerRandomBinaryDocValuesRangeQueryTests" time="0.099"/>
  <system-out><![CDATA[]]></system-out>
  <system-err><![CDATA[]]></system-err>
</testsuite>
