<?xml version="1.0" encoding="UTF-8"?>
<testsuite name="org.elasticsearch.transport.RemoteClusterAwareTests" tests="1" skipped="0" failures="0" errors="0" timestamp="2020-02-16T22:26:00" hostname="Escoto-PC" time="0.004">
  <properties/>
  <testcase name="testBuildRemoteIndexName" classname="org.elasticsearch.transport.RemoteClusterAwareTests" time="0.004"/>
  <system-out><![CDATA[[2020-02-17T01:56:00,509][INFO ][o.e.t.RemoteClusterAwareTests] [testBuildRemoteIndexName] before test
[2020-02-17T01:56:00,511][INFO ][o.e.t.RemoteClusterAwareTests] [testBuildRemoteIndexName] after test
]]></system-out>
  <system-err><![CDATA[]]></system-err>
</testsuite>
