<?xml version="1.0" encoding="UTF-8"?>
<testsuite name="org.elasticsearch.action.admin.indices.validate.query.ValidateQueryResponseTests" tests="3" skipped="0" failures="0" errors="0" timestamp="2020-02-16T22:20:09" hostname="Escoto-PC" time="0.037">
  <properties/>
  <testcase name="testToXContent" classname="org.elasticsearch.action.admin.indices.validate.query.ValidateQueryResponseTests" time="0.005"/>
  <testcase name="testFromXContent" classname="org.elasticsearch.action.admin.indices.validate.query.ValidateQueryResponseTests" time="0.029"/>
  <testcase name="testFailuresDeduplication" classname="org.elasticsearch.action.admin.indices.validate.query.ValidateQueryResponseTests" time="0.003"/>
  <system-out><![CDATA[[2020-02-17T11:20:09,275][INFO ][o.e.a.a.i.v.q.ValidateQueryResponseTests] [testToXContent] before test
[2020-02-17T11:20:09,278][INFO ][o.e.a.a.i.v.q.ValidateQueryResponseTests] [testToXContent] after test
[2020-02-17T11:20:09,280][INFO ][o.e.a.a.i.v.q.ValidateQueryResponseTests] [testFromXContent] before test
[2020-02-17T11:20:09,307][INFO ][o.e.a.a.i.v.q.ValidateQueryResponseTests] [testFromXContent] after test
[2020-02-17T11:20:09,309][INFO ][o.e.a.a.i.v.q.ValidateQueryResponseTests] [testFailuresDeduplication] before test
[2020-02-17T11:20:09,309][INFO ][o.e.a.a.i.v.q.ValidateQueryResponseTests] [testFailuresDeduplication] after test
]]></system-out>
  <system-err><![CDATA[]]></system-err>
</testsuite>
