<?xml version="1.0" encoding="UTF-8"?>
<testsuite name="org.elasticsearch.search.aggregations.metrics.MinTests" tests="7" skipped="0" failures="0" errors="0" timestamp="2020-02-16T22:25:32" hostname="Escoto-PC" time="0.02">
  <properties/>
  <testcase name="testFromXContentMulti" classname="org.elasticsearch.search.aggregations.metrics.MinTests" time="0.011"/>
  <testcase name="testSerialization" classname="org.elasticsearch.search.aggregations.metrics.MinTests" time="0.002"/>
  <testcase name="testEqualsAndHashcode" classname="org.elasticsearch.search.aggregations.metrics.MinTests" time="0.001"/>
  <testcase name="testSerializationMulti" classname="org.elasticsearch.search.aggregations.metrics.MinTests" time="0.001"/>
  <testcase name="testShallowCopy" classname="org.elasticsearch.search.aggregations.metrics.MinTests" time="0.001"/>
  <testcase name="testToString" classname="org.elasticsearch.search.aggregations.metrics.MinTests" time="0.001"/>
  <testcase name="testFromXContent" classname="org.elasticsearch.search.aggregations.metrics.MinTests" time="0.002"/>
  <system-out><![CDATA[[2020-02-16T17:25:32,608][INFO ][o.e.s.a.m.MinTests       ] [testFromXContentMulti] before test
[2020-02-16T17:25:32,610][INFO ][o.e.p.PluginsService     ] [testFromXContentMulti] no modules loaded
[2020-02-16T17:25:32,610][INFO ][o.e.p.PluginsService     ] [testFromXContentMulti] no plugins loaded
[2020-02-16T17:25:32,616][INFO ][o.e.p.PluginsService     ] [testFromXContentMulti] no modules loaded
[2020-02-16T17:25:32,616][INFO ][o.e.p.PluginsService     ] [testFromXContentMulti] no plugins loaded
[2020-02-16T17:25:32,618][INFO ][o.e.s.a.m.MinTests       ] [testFromXContentMulti] after test
[2020-02-16T17:25:32,620][INFO ][o.e.s.a.m.MinTests       ] [testSerialization] before test
[2020-02-16T17:25:32,620][INFO ][o.e.s.a.m.MinTests       ] [testSerialization] after test
[2020-02-16T17:25:32,621][INFO ][o.e.s.a.m.MinTests       ] [testEqualsAndHashcode] before test
[2020-02-16T17:25:32,621][INFO ][o.e.s.a.m.MinTests       ] [testEqualsAndHashcode] after test
[2020-02-16T17:25:32,623][INFO ][o.e.s.a.m.MinTests       ] [testSerializationMulti] before test
[2020-02-16T17:25:32,623][INFO ][o.e.s.a.m.MinTests       ] [testSerializationMulti] after test
[2020-02-16T17:25:32,624][INFO ][o.e.s.a.m.MinTests       ] [testShallowCopy] before test
[2020-02-16T17:25:32,624][INFO ][o.e.s.a.m.MinTests       ] [testShallowCopy] after test
[2020-02-16T17:25:32,626][INFO ][o.e.s.a.m.MinTests       ] [testToString] before test
[2020-02-16T17:25:32,626][INFO ][o.e.s.a.m.MinTests       ] [testToString] after test
[2020-02-16T17:25:32,627][INFO ][o.e.s.a.m.MinTests       ] [testFromXContent] before test
[2020-02-16T17:25:32,628][INFO ][o.e.s.a.m.MinTests       ] [testFromXContent] after test
]]></system-out>
  <system-err><![CDATA[]]></system-err>
</testsuite>
