<?xml version="1.0" encoding="UTF-8"?>
<testsuite name="org.elasticsearch.persistent.PersistentTasksExecutorResponseTests" tests="2" skipped="0" failures="0" errors="0" timestamp="2020-02-16T22:25:15" hostname="Escoto-PC" time="0.005">
  <properties/>
  <testcase name="testEqualsAndHashcode" classname="org.elasticsearch.persistent.PersistentTasksExecutorResponseTests" time="0.003"/>
  <testcase name="testSerialization" classname="org.elasticsearch.persistent.PersistentTasksExecutorResponseTests" time="0.002"/>
  <system-out><![CDATA[[2020-02-16T18:25:15,568][INFO ][o.e.p.PersistentTasksExecutorResponseTests] [testEqualsAndHashcode] before test
[2020-02-16T18:25:15,569][INFO ][o.e.p.PersistentTasksExecutorResponseTests] [testEqualsAndHashcode] after test
[2020-02-16T18:25:15,571][INFO ][o.e.p.PersistentTasksExecutorResponseTests] [testSerialization] before test
[2020-02-16T18:25:15,572][INFO ][o.e.p.PersistentTasksExecutorResponseTests] [testSerialization] after test
]]></system-out>
  <system-err><![CDATA[]]></system-err>
</testsuite>
