<?xml version="1.0" encoding="UTF-8"?>
<testsuite name="org.elasticsearch.env.ESFileStoreTests" tests="1" skipped="0" failures="0" errors="0" timestamp="2020-02-16T22:21:10" hostname="Escoto-PC" time="0.012">
  <properties/>
  <testcase name="testNegativeSpace" classname="org.elasticsearch.env.ESFileStoreTests" time="0.012"/>
  <system-out><![CDATA[[2020-02-17T01:21:10,746][INFO ][o.e.e.ESFileStoreTests   ] [testNegativeSpace] before test
[2020-02-17T01:21:10,756][INFO ][o.e.e.ESFileStoreTests   ] [testNegativeSpace] after test
]]></system-out>
  <system-err><![CDATA[]]></system-err>
</testsuite>
