<?xml version="1.0" encoding="UTF-8"?>
<testsuite name="org.elasticsearch.common.bytes.ByteBufferReferenceTests" tests="32" skipped="0" failures="0" errors="0" timestamp="2020-02-16T22:21:39" hostname="Escoto-PC" time="0.295">
  <properties/>
  <testcase name="testEmptyToBytesRefIterator" classname="org.elasticsearch.common.bytes.ByteBufferReferenceTests" time="0.007"/>
  <testcase name="testToBytesRefSharedPage" classname="org.elasticsearch.common.bytes.ByteBufferReferenceTests" time="0.003"/>
  <testcase name="testStreamInput" classname="org.elasticsearch.common.bytes.ByteBufferReferenceTests" time="0.016"/>
  <testcase name="testCompareTo" classname="org.elasticsearch.common.bytes.ByteBufferReferenceTests" time="0.068"/>
  <testcase name="testIterator" classname="org.elasticsearch.common.bytes.ByteBufferReferenceTests" time="0.004"/>
  <testcase name="testIteratorRandom" classname="org.elasticsearch.common.bytes.ByteBufferReferenceTests" time="0.025"/>
  <testcase name="testArrayOffset" classname="org.elasticsearch.common.bytes.ByteBufferReferenceTests" time="0.005"/>
  <testcase name="testSliceWriteToOutputStream" classname="org.elasticsearch.common.bytes.ByteBufferReferenceTests" time="0.002"/>
  <testcase name="testLength" classname="org.elasticsearch.common.bytes.ByteBufferReferenceTests" time="0.005"/>
  <testcase name="testSliceIterator" classname="org.elasticsearch.common.bytes.ByteBufferReferenceTests" time="0.014"/>
  <testcase name="testToUtf8" classname="org.elasticsearch.common.bytes.ByteBufferReferenceTests" time="0.002"/>
  <testcase name="testStreamInputMarkAndReset" classname="org.elasticsearch.common.bytes.ByteBufferReferenceTests" time="0.014"/>
  <testcase name="testInputStreamSkip" classname="org.elasticsearch.common.bytes.ByteBufferReferenceTests" time="0.015"/>
  <testcase name="testToBytesRef" classname="org.elasticsearch.common.bytes.ByteBufferReferenceTests" time="0.003"/>
  <testcase name="testSlice" classname="org.elasticsearch.common.bytes.ByteBufferReferenceTests" time="0.019"/>
  <testcase name="testBasicEquals" classname="org.elasticsearch.common.bytes.ByteBufferReferenceTests" time="0.005"/>
  <testcase name="testSliceStreamInput" classname="org.elasticsearch.common.bytes.ByteBufferReferenceTests" time="0.003"/>
  <testcase name="testSliceEquals" classname="org.elasticsearch.common.bytes.ByteBufferReferenceTests" time="0.001"/>
  <testcase name="testIndexOf" classname="org.elasticsearch.common.bytes.ByteBufferReferenceTests" time="0.003"/>
  <testcase name="testHashCode" classname="org.elasticsearch.common.bytes.ByteBufferReferenceTests" time="0.006"/>
  <testcase name="testRandomReads" classname="org.elasticsearch.common.bytes.ByteBufferReferenceTests" time="0.004"/>
  <testcase name="testGet" classname="org.elasticsearch.common.bytes.ByteBufferReferenceTests" time="0.002"/>
  <testcase name="testStreamInputBulkReadWithOffset" classname="org.elasticsearch.common.bytes.ByteBufferReferenceTests" time="0.004"/>
  <testcase name="testGetInt" classname="org.elasticsearch.common.bytes.ByteBufferReferenceTests" time="0.005"/>
  <testcase name="testWriteToOutputStream" classname="org.elasticsearch.common.bytes.ByteBufferReferenceTests" time="0.002"/>
  <testcase name="testToBytesRefMaterializedPages" classname="org.elasticsearch.common.bytes.ByteBufferReferenceTests" time="0.002"/>
  <testcase name="testSliceArrayOffset" classname="org.elasticsearch.common.bytes.ByteBufferReferenceTests" time="0.002"/>
  <testcase name="testEquals" classname="org.elasticsearch.common.bytes.ByteBufferReferenceTests" time="0.005"/>
  <testcase name="testCopyBytesRefSharesBytes" classname="org.elasticsearch.common.bytes.ByteBufferReferenceTests" time="0.008"/>
  <testcase name="testToBytes" classname="org.elasticsearch.common.bytes.ByteBufferReferenceTests" time="0.01"/>
  <testcase name="testSliceCopyBytesRef" classname="org.elasticsearch.common.bytes.ByteBufferReferenceTests" time="0.011"/>
  <testcase name="testSliceToBytesRef" classname="org.elasticsearch.common.bytes.ByteBufferReferenceTests" time="0.012"/>
  <system-out><![CDATA[[2020-02-17T03:21:39,916][INFO ][o.e.c.b.ByteBufferReferenceTests] [testEmptyToBytesRefIterator] before test
[2020-02-17T03:21:39,918][INFO ][o.e.c.b.ByteBufferReferenceTests] [testEmptyToBytesRefIterator] after test
[2020-02-17T03:21:39,920][INFO ][o.e.c.b.ByteBufferReferenceTests] [testToBytesRefSharedPage] before test
[2020-02-17T03:21:39,921][INFO ][o.e.c.b.ByteBufferReferenceTests] [testToBytesRefSharedPage] after test
[2020-02-17T03:21:39,929][INFO ][o.e.c.b.ByteBufferReferenceTests] [testStreamInput] before test
[2020-02-17T03:21:39,937][INFO ][o.e.c.b.ByteBufferReferenceTests] [testStreamInput] after test
[2020-02-17T03:21:39,942][INFO ][o.e.c.b.ByteBufferReferenceTests] [testCompareTo] before test
[2020-02-17T03:21:40,005][INFO ][o.e.c.b.ByteBufferReferenceTests] [testCompareTo] after test
[2020-02-17T03:21:40,009][INFO ][o.e.c.b.ByteBufferReferenceTests] [testIterator] before test
[2020-02-17T03:21:40,009][INFO ][o.e.c.b.ByteBufferReferenceTests] [testIterator] after test
[2020-02-17T03:21:40,035][INFO ][o.e.c.b.ByteBufferReferenceTests] [testIteratorRandom] before test
[2020-02-17T03:21:40,035][INFO ][o.e.c.b.ByteBufferReferenceTests] [testIteratorRandom] after test
[2020-02-17T03:21:40,039][INFO ][o.e.c.b.ByteBufferReferenceTests] [testArrayOffset] before test
[2020-02-17T03:21:40,039][INFO ][o.e.c.b.ByteBufferReferenceTests] [testArrayOffset] after test
[2020-02-17T03:21:40,041][INFO ][o.e.c.b.ByteBufferReferenceTests] [testSliceWriteToOutputStream] before test
[2020-02-17T03:21:40,041][INFO ][o.e.c.b.ByteBufferReferenceTests] [testSliceWriteToOutputStream] after test
[2020-02-17T03:21:40,047][INFO ][o.e.c.b.ByteBufferReferenceTests] [testLength] before test
[2020-02-17T03:21:40,047][INFO ][o.e.c.b.ByteBufferReferenceTests] [testLength] after test
[2020-02-17T03:21:40,061][INFO ][o.e.c.b.ByteBufferReferenceTests] [testSliceIterator] before test
[2020-02-17T03:21:40,061][INFO ][o.e.c.b.ByteBufferReferenceTests] [testSliceIterator] after test
[2020-02-17T03:21:40,063][INFO ][o.e.c.b.ByteBufferReferenceTests] [testToUtf8] before test
[2020-02-17T03:21:40,064][INFO ][o.e.c.b.ByteBufferReferenceTests] [testToUtf8] after test
[2020-02-17T03:21:40,065][INFO ][o.e.c.b.ByteBufferReferenceTests] [testStreamInputMarkAndReset] before test
[2020-02-17T03:21:40,078][INFO ][o.e.c.b.ByteBufferReferenceTests] [testStreamInputMarkAndReset] after test
[2020-02-17T03:21:40,092][INFO ][o.e.c.b.ByteBufferReferenceTests] [testInputStreamSkip] before test
[2020-02-17T03:21:40,093][INFO ][o.e.c.b.ByteBufferReferenceTests] [testInputStreamSkip] after test
[2020-02-17T03:21:40,096][INFO ][o.e.c.b.ByteBufferReferenceTests] [testToBytesRef] before test
[2020-02-17T03:21:40,096][INFO ][o.e.c.b.ByteBufferReferenceTests] [testToBytesRef] after test
[2020-02-17T03:21:40,113][INFO ][o.e.c.b.ByteBufferReferenceTests] [testSlice] before test
[2020-02-17T03:21:40,114][INFO ][o.e.c.b.ByteBufferReferenceTests] [testSlice] after test
[2020-02-17T03:21:40,120][INFO ][o.e.c.b.ByteBufferReferenceTests] [testBasicEquals] before test
[2020-02-17T03:21:40,120][INFO ][o.e.c.b.ByteBufferReferenceTests] [testBasicEquals] after test
[2020-02-17T03:21:40,123][INFO ][o.e.c.b.ByteBufferReferenceTests] [testSliceStreamInput] before test
[2020-02-17T03:21:40,123][INFO ][o.e.c.b.ByteBufferReferenceTests] [testSliceStreamInput] after test
[2020-02-17T03:21:40,125][INFO ][o.e.c.b.ByteBufferReferenceTests] [testSliceEquals] before test
[2020-02-17T03:21:40,125][INFO ][o.e.c.b.ByteBufferReferenceTests] [testSliceEquals] after test
[2020-02-17T03:21:40,127][INFO ][o.e.c.b.ByteBufferReferenceTests] [testIndexOf] before test
[2020-02-17T03:21:40,128][INFO ][o.e.c.b.ByteBufferReferenceTests] [testIndexOf] after test
[2020-02-17T03:21:40,130][INFO ][o.e.c.b.ByteBufferReferenceTests] [testHashCode] before test
[2020-02-17T03:21:40,135][INFO ][o.e.c.b.ByteBufferReferenceTests] [testHashCode] after test
[2020-02-17T03:21:40,138][INFO ][o.e.c.b.ByteBufferReferenceTests] [testRandomReads] before test
[2020-02-17T03:21:40,139][INFO ][o.e.c.b.ByteBufferReferenceTests] [testRandomReads] after test
[2020-02-17T03:21:40,141][INFO ][o.e.c.b.ByteBufferReferenceTests] [testGet] before test
[2020-02-17T03:21:40,141][INFO ][o.e.c.b.ByteBufferReferenceTests] [testGet] after test
[2020-02-17T03:21:40,147][INFO ][o.e.c.b.ByteBufferReferenceTests] [testStreamInputBulkReadWithOffset] before test
[2020-02-17T03:21:40,148][INFO ][o.e.c.b.ByteBufferReferenceTests] [testStreamInputBulkReadWithOffset] after test
[2020-02-17T03:21:40,151][INFO ][o.e.c.b.ByteBufferReferenceTests] [testGetInt] before test
[2020-02-17T03:21:40,153][INFO ][o.e.c.b.ByteBufferReferenceTests] [testGetInt] after test
[2020-02-17T03:21:40,155][INFO ][o.e.c.b.ByteBufferReferenceTests] [testWriteToOutputStream] before test
[2020-02-17T03:21:40,155][INFO ][o.e.c.b.ByteBufferReferenceTests] [testWriteToOutputStream] after test
[2020-02-17T03:21:40,157][INFO ][o.e.c.b.ByteBufferReferenceTests] [testToBytesRefMaterializedPages] before test
[2020-02-17T03:21:40,157][INFO ][o.e.c.b.ByteBufferReferenceTests] [testToBytesRefMaterializedPages] after test
[2020-02-17T03:21:40,159][INFO ][o.e.c.b.ByteBufferReferenceTests] [testSliceArrayOffset] before test
[2020-02-17T03:21:40,159][INFO ][o.e.c.b.ByteBufferReferenceTests] [testSliceArrayOffset] after test
[2020-02-17T03:21:40,163][INFO ][o.e.c.b.ByteBufferReferenceTests] [testEquals] before test
[2020-02-17T03:21:40,164][INFO ][o.e.c.b.ByteBufferReferenceTests] [testEquals] after test
[2020-02-17T03:21:40,171][INFO ][o.e.c.b.ByteBufferReferenceTests] [testCopyBytesRefSharesBytes] before test
[2020-02-17T03:21:40,171][INFO ][o.e.c.b.ByteBufferReferenceTests] [testCopyBytesRefSharesBytes] after test
[2020-02-17T03:21:40,180][INFO ][o.e.c.b.ByteBufferReferenceTests] [testToBytes] before test
[2020-02-17T03:21:40,182][INFO ][o.e.c.b.ByteBufferReferenceTests] [testToBytes] after test
[2020-02-17T03:21:40,194][INFO ][o.e.c.b.ByteBufferReferenceTests] [testSliceCopyBytesRef] before test
[2020-02-17T03:21:40,194][INFO ][o.e.c.b.ByteBufferReferenceTests] [testSliceCopyBytesRef] after test
[2020-02-17T03:21:40,206][INFO ][o.e.c.b.ByteBufferReferenceTests] [testSliceToBytesRef] before test
[2020-02-17T03:21:40,206][INFO ][o.e.c.b.ByteBufferReferenceTests] [testSliceToBytesRef] after test
]]></system-out>
  <system-err><![CDATA[]]></system-err>
</testsuite>
