<?xml version="1.0" encoding="UTF-8"?>
<testsuite name="org.elasticsearch.common.hashing.MurmurHash3Tests" tests="1" skipped="0" failures="0" errors="0" timestamp="2020-02-16T22:21:44" hostname="Escoto-PC" time="0.005">
  <properties/>
  <testcase name="testKnownValues" classname="org.elasticsearch.common.hashing.MurmurHash3Tests" time="0.005"/>
  <system-out><![CDATA[[2020-02-17T01:21:44,266][INFO ][o.e.c.h.MurmurHash3Tests ] [testKnownValues] before test
[2020-02-17T01:21:44,269][INFO ][o.e.c.h.MurmurHash3Tests ] [testKnownValues] after test
]]></system-out>
  <system-err><![CDATA[]]></system-err>
</testsuite>
