<?xml version="1.0" encoding="UTF-8"?>
<testsuite name="org.elasticsearch.index.termvectors.TermVectorsServiceTests" tests="3" skipped="0" failures="0" errors="0" timestamp="2020-02-16T22:23:37" hostname="Escoto-PC" time="1.536">
  <properties/>
  <testcase name="testTook" classname="org.elasticsearch.index.termvectors.TermVectorsServiceTests" time="1.208"/>
  <testcase name="testDocFreqs" classname="org.elasticsearch.index.termvectors.TermVectorsServiceTests" time="0.165"/>
  <testcase name="testWithIndexedPhrases" classname="org.elasticsearch.index.termvectors.TermVectorsServiceTests" time="0.162"/>
  <system-out><![CDATA[[2020-02-17T09:23:37,655][INFO ][o.e.e.NodeEnvironment    ] [testTook] using [1] data paths, mounts [[Old HDD (E:)]], net usable_space [89.5gb], net total_space [232.8gb], types [NTFS]
[2020-02-17T09:23:37,655][INFO ][o.e.e.NodeEnvironment    ] [testTook] heap size [512mb], compressed ordinary object pointers [true]
[2020-02-17T09:23:37,657][INFO ][o.e.n.Node               ] [testTook] node name [node_s_0], node ID [CQBx0MVrRXGtGb1abhLvNA], cluster name [single-node-cluster-TEST_WORKER_VM=[13]-CLUSTER_SEED=[3503362295668157567]-HASH=[14F3A66B108]]
[2020-02-17T09:23:37,658][INFO ][o.e.n.Node               ] [testTook] version[7.5.1], pid[5104], build[unknown/unknown/unknown/unknown], OS[Windows 7/6.1/amd64], JVM[Oracle Corporation/OpenJDK 64-Bit Server VM/12.0.2/12.0.2+10]
[2020-02-17T09:23:37,658][INFO ][o.e.n.Node               ] [testTook] JVM home [C:\Program Files\Java\jdk-12.0.2]
[2020-02-17T09:23:37,658][INFO ][o.e.n.Node               ] [testTook] JVM arguments [-Dcompiler.java=12, -Des.scripting.update.ctx_in_params=false, -Des.transport.cname_in_publish_address=true, -Dgradle.dist.lib=C:\Users\Escoto\.gradle\wrapper\dists\gradle-5.6.2-bin\3clyn6icets6f02ptgd5hlmou\gradle-5.6.2\lib, -Dgradle.user.home=C:\Users\Escoto\.gradle, -Dgradle.worker.jar=C:\Users\Escoto\.gradle/caches/5.6.2/workerMain/gradle-worker.jar, -Dio.netty.noKeySetOptimization=true, -Dio.netty.noUnsafe=true, -Dio.netty.recycler.maxCapacityPerThread=0, -Djava.awt.headless=true, -Djna.nosys=true, -Dorg.gradle.native=false, -Druntime.java=12, -Dtests.artifact=server, -Dtests.gradle=true, -Dtests.logger.level=WARN, -Dtests.security.manager=true, -Dtests.seed=9EA1F2A3814E5F76, -Dtests.task=:server:test, -Dtests.timeoutSuite=1800000!, -esa, --illegal-access=warn, -XX:+HeapDumpOnOutOfMemoryError, -XX:HeapDumpPath=E:\NotD\git\elasticsearch\server\build\heapdump, -Xms512m, -Xmx512m, -Dfile.encoding=windows-1252, -Djava.io.tmpdir=./temp, -Duser.country=US, -Duser.language=en, -Duser.variant, -ea]
[2020-02-17T09:23:37,658][INFO ][o.e.p.PluginsService     ] [testTook] no modules loaded
[2020-02-17T09:23:37,658][INFO ][o.e.p.PluginsService     ] [testTook] loaded plugin [org.elasticsearch.test.MockHttpTransport$TestPlugin]
[2020-02-17T09:23:37,658][INFO ][o.e.p.PluginsService     ] [testTook] loaded plugin [org.elasticsearch.transport.nio.MockNioTransportPlugin]
[2020-02-17T09:23:37,963][INFO ][o.e.d.DiscoveryModule    ] [testTook] using discovery type [zen] and seed hosts providers [settings]
[2020-02-17T09:23:37,970][INFO ][o.e.n.Node               ] [testTook] initialized
[2020-02-17T09:23:37,970][INFO ][o.e.n.Node               ] [testTook] starting ...
[2020-02-17T09:23:38,570][INFO ][o.e.t.TransportService   ] [testTook] publish_address {127.0.0.1:11600}, bound_addresses {127.0.0.1:11600}, {[::1]:11600}
[2020-02-17T09:23:38,577][INFO ][o.e.c.c.Coordinator      ] [testTook] setting initial configuration to VotingConfiguration{CQBx0MVrRXGtGb1abhLvNA}
[2020-02-17T09:23:38,644][INFO ][o.e.c.s.MasterService    ] [node_s_0] elected-as-master ([1] nodes joined)[{node_s_0}{CQBx0MVrRXGtGb1abhLvNA}{5ZTzSRiLQ8-y8du3g9g0dA}{127.0.0.1}{127.0.0.1:11600}{dim} elect leader, _BECOME_MASTER_TASK_, _FINISH_ELECTION_], term: 1, version: 1, delta: master node changed {previous [], current [{node_s_0}{CQBx0MVrRXGtGb1abhLvNA}{5ZTzSRiLQ8-y8du3g9g0dA}{127.0.0.1}{127.0.0.1:11600}{dim}]}
[2020-02-17T09:23:38,655][INFO ][o.e.c.c.CoordinationState] [node_s_0] cluster UUID set to [aqL7Dws7QKesPiaoal3cSQ]
[2020-02-17T09:23:38,665][INFO ][o.e.c.s.ClusterApplierService] [node_s_0] master node changed {previous [], current [{node_s_0}{CQBx0MVrRXGtGb1abhLvNA}{5ZTzSRiLQ8-y8du3g9g0dA}{127.0.0.1}{127.0.0.1:11600}{dim}]}, term: 1, version: 1, reason: Publication{term=1, version=1}
[2020-02-17T09:23:38,666][INFO ][o.e.n.Node               ] [testTook] started
[2020-02-17T09:23:38,672][INFO ][o.e.g.GatewayService     ] [node_s_0] recovered [0] indices into cluster_state
[2020-02-17T09:23:38,673][INFO ][o.e.c.m.MetaDataIndexTemplateService] [node_s_0] adding template [one_shard_index_template] for index patterns [*]
[2020-02-17T09:23:38,684][INFO ][o.e.c.m.MetaDataIndexTemplateService] [node_s_0] adding template [random-soft-deletes-template] for index patterns [*]
[2020-02-17T09:23:38,693][INFO ][o.e.i.t.TermVectorsServiceTests] [testTook] before test
[2020-02-17T09:23:38,695][INFO ][o.e.c.m.MetaDataCreateIndexService] [node_s_0] [test] creating index, cause [api], templates [one_shard_index_template, random-soft-deletes-template], shards [1]/[0], mappings [type1]
[2020-02-17T09:23:38,750][INFO ][o.e.c.r.a.AllocationService] [node_s_0] Cluster health status changed from [YELLOW] to [GREEN] (reason: [shards started [[test][0]]]).
[2020-02-17T09:23:38,816][INFO ][o.e.i.t.TermVectorsServiceTests] [testTook] after test
[2020-02-17T09:23:38,816][INFO ][o.e.c.m.MetaDataDeleteIndexService] [node_s_0] [test/8ZkEG6L5SaKYLfNJcHshZA] deleting index
[2020-02-17T09:23:38,857][INFO ][o.e.i.t.TermVectorsServiceTests] [testDocFreqs] before test
[2020-02-17T09:23:38,859][INFO ][o.e.c.m.MetaDataCreateIndexService] [node_s_0] [test] creating index, cause [api], templates [one_shard_index_template, random-soft-deletes-template], shards [1]/[0], mappings [_doc]
[2020-02-17T09:23:38,927][INFO ][o.e.c.r.a.AllocationService] [node_s_0] Cluster health status changed from [YELLOW] to [GREEN] (reason: [shards started [[test][0]]]).
[2020-02-17T09:23:38,982][INFO ][o.e.i.t.TermVectorsServiceTests] [testDocFreqs] after test
[2020-02-17T09:23:38,983][INFO ][o.e.c.m.MetaDataDeleteIndexService] [node_s_0] [test/8uLusFEmSZyzI0k3r2CPDQ] deleting index
[2020-02-17T09:23:39,025][INFO ][o.e.i.t.TermVectorsServiceTests] [testWithIndexedPhrases] before test
[2020-02-17T09:23:39,028][INFO ][o.e.c.m.MetaDataCreateIndexService] [node_s_0] [test] creating index, cause [api], templates [one_shard_index_template, random-soft-deletes-template], shards [1]/[0], mappings [_doc]
[2020-02-17T09:23:39,109][INFO ][o.e.c.r.a.AllocationService] [node_s_0] Cluster health status changed from [YELLOW] to [GREEN] (reason: [shards started [[test][0]]]).
[2020-02-17T09:23:39,154][INFO ][o.e.i.t.TermVectorsServiceTests] [testWithIndexedPhrases] after test
[2020-02-17T09:23:39,155][INFO ][o.e.c.m.MetaDataDeleteIndexService] [node_s_0] [test/cR6_kOWJQQ2yQRng4mZaog] deleting index
[2020-02-17T09:23:39,180][INFO ][o.e.n.Node               ] [suite] stopping ...
[2020-02-17T09:23:39,181][INFO ][o.e.n.Node               ] [suite] stopped
[2020-02-17T09:23:39,182][INFO ][o.e.n.Node               ] [suite] closing ...
[2020-02-17T09:23:39,182][INFO ][o.e.n.Node               ] [suite] closed
]]></system-out>
  <system-err><![CDATA[]]></system-err>
</testsuite>
