<?xml version="1.0" encoding="UTF-8"?>
<testsuite name="org.elasticsearch.common.bytes.PagedBytesReferenceTests" tests="34" skipped="0" failures="0" errors="0" timestamp="2020-02-16T22:20:41" hostname="Escoto-PC" time="0.289">
  <properties/>
  <testcase name="testSliceIterator" classname="org.elasticsearch.common.bytes.PagedBytesReferenceTests" time="0.006"/>
  <testcase name="testHashCode" classname="org.elasticsearch.common.bytes.PagedBytesReferenceTests" time="0.002"/>
  <testcase name="testSliceWriteToOutputStream" classname="org.elasticsearch.common.bytes.PagedBytesReferenceTests" time="0.009"/>
  <testcase name="testEmptyToBytesRefIterator" classname="org.elasticsearch.common.bytes.PagedBytesReferenceTests" time="0.002"/>
  <testcase name="testCompareTo" classname="org.elasticsearch.common.bytes.PagedBytesReferenceTests" time="0.1"/>
  <testcase name="testSinglePage" classname="org.elasticsearch.common.bytes.PagedBytesReferenceTests" time="0.006"/>
  <testcase name="testBasicEquals" classname="org.elasticsearch.common.bytes.PagedBytesReferenceTests" time="0.002"/>
  <testcase name="testGet" classname="org.elasticsearch.common.bytes.PagedBytesReferenceTests" time="0.007"/>
  <testcase name="testArrayOffset" classname="org.elasticsearch.common.bytes.PagedBytesReferenceTests" time="0.006"/>
  <testcase name="testStreamInputMarkAndReset" classname="org.elasticsearch.common.bytes.PagedBytesReferenceTests" time="0.012"/>
  <testcase name="testSliceToBytesRef" classname="org.elasticsearch.common.bytes.PagedBytesReferenceTests" time="0.003"/>
  <testcase name="testGetInt" classname="org.elasticsearch.common.bytes.PagedBytesReferenceTests" time="0.002"/>
  <testcase name="testSliceEquals" classname="org.elasticsearch.common.bytes.PagedBytesReferenceTests" time="0.001"/>
  <testcase name="testToBytesRefSharedPage" classname="org.elasticsearch.common.bytes.PagedBytesReferenceTests" time="0.003"/>
  <testcase name="testIterator" classname="org.elasticsearch.common.bytes.PagedBytesReferenceTests" time="0.007"/>
  <testcase name="testSlice" classname="org.elasticsearch.common.bytes.PagedBytesReferenceTests" time="0.007"/>
  <testcase name="testRandomReads" classname="org.elasticsearch.common.bytes.PagedBytesReferenceTests" time="0.003"/>
  <testcase name="testToBytesRef" classname="org.elasticsearch.common.bytes.PagedBytesReferenceTests" time="0.003"/>
  <testcase name="testHasSinglePage" classname="org.elasticsearch.common.bytes.PagedBytesReferenceTests" time="0.003"/>
  <testcase name="testStreamInputBulkReadWithOffset" classname="org.elasticsearch.common.bytes.PagedBytesReferenceTests" time="0.008"/>
  <testcase name="testIndexOf" classname="org.elasticsearch.common.bytes.PagedBytesReferenceTests" time="0.002"/>
  <testcase name="testSliceCopyBytesRef" classname="org.elasticsearch.common.bytes.PagedBytesReferenceTests" time="0.005"/>
  <testcase name="testInputStreamSkip" classname="org.elasticsearch.common.bytes.PagedBytesReferenceTests" time="0.021"/>
  <testcase name="testToBytes" classname="org.elasticsearch.common.bytes.PagedBytesReferenceTests" time="0.008"/>
  <testcase name="testSliceStreamInput" classname="org.elasticsearch.common.bytes.PagedBytesReferenceTests" time="0.006"/>
  <testcase name="testToUtf8" classname="org.elasticsearch.common.bytes.PagedBytesReferenceTests" time="0.002"/>
  <testcase name="testWriteToOutputStream" classname="org.elasticsearch.common.bytes.PagedBytesReferenceTests" time="0.005"/>
  <testcase name="testEquals" classname="org.elasticsearch.common.bytes.PagedBytesReferenceTests" time="0.002"/>
  <testcase name="testIteratorRandom" classname="org.elasticsearch.common.bytes.PagedBytesReferenceTests" time="0.005"/>
  <testcase name="testSliceArrayOffset" classname="org.elasticsearch.common.bytes.PagedBytesReferenceTests" time="0.008"/>
  <testcase name="testLength" classname="org.elasticsearch.common.bytes.PagedBytesReferenceTests" time="0.007"/>
  <testcase name="testToBytesRefMaterializedPages" classname="org.elasticsearch.common.bytes.PagedBytesReferenceTests" time="0.004"/>
  <testcase name="testStreamInput" classname="org.elasticsearch.common.bytes.PagedBytesReferenceTests" time="0.016"/>
  <testcase name="testCopyBytesRefSharesBytes" classname="org.elasticsearch.common.bytes.PagedBytesReferenceTests" time="0.003"/>
  <system-out><![CDATA[[2020-02-17T00:20:41,688][INFO ][o.e.c.b.PagedBytesReferenceTests] [testSliceIterator] before test
[2020-02-17T00:20:41,692][INFO ][o.e.c.b.PagedBytesReferenceTests] [testSliceIterator] after test
[2020-02-17T00:20:41,694][INFO ][o.e.c.b.PagedBytesReferenceTests] [testHashCode] before test
[2020-02-17T00:20:41,695][INFO ][o.e.c.b.PagedBytesReferenceTests] [testHashCode] after test
[2020-02-17T00:20:41,697][INFO ][o.e.c.b.PagedBytesReferenceTests] [testSliceWriteToOutputStream] before test
[2020-02-17T00:20:41,704][INFO ][o.e.c.b.PagedBytesReferenceTests] [testSliceWriteToOutputStream] after test
[2020-02-17T00:20:41,705][INFO ][o.e.c.b.PagedBytesReferenceTests] [testEmptyToBytesRefIterator] before test
[2020-02-17T00:20:41,706][INFO ][o.e.c.b.PagedBytesReferenceTests] [testEmptyToBytesRefIterator] after test
[2020-02-17T00:20:41,707][INFO ][o.e.c.b.PagedBytesReferenceTests] [testCompareTo] before test
[2020-02-17T00:20:41,805][INFO ][o.e.c.b.PagedBytesReferenceTests] [testCompareTo] after test
[2020-02-17T00:20:41,807][INFO ][o.e.c.b.PagedBytesReferenceTests] [testSinglePage] before test
[2020-02-17T00:20:41,812][INFO ][o.e.c.b.PagedBytesReferenceTests] [testSinglePage] after test
[2020-02-17T00:20:41,814][INFO ][o.e.c.b.PagedBytesReferenceTests] [testBasicEquals] before test
[2020-02-17T00:20:41,814][INFO ][o.e.c.b.PagedBytesReferenceTests] [testBasicEquals] after test
[2020-02-17T00:20:41,815][INFO ][o.e.c.b.PagedBytesReferenceTests] [testGet] before test
[2020-02-17T00:20:41,821][INFO ][o.e.c.b.PagedBytesReferenceTests] [testGet] after test
[2020-02-17T00:20:41,823][INFO ][o.e.c.b.PagedBytesReferenceTests] [testArrayOffset] before test
[2020-02-17T00:20:41,827][INFO ][o.e.c.b.PagedBytesReferenceTests] [testArrayOffset] after test
[2020-02-17T00:20:41,829][INFO ][o.e.c.b.PagedBytesReferenceTests] [testStreamInputMarkAndReset] before test
[2020-02-17T00:20:41,840][INFO ][o.e.c.b.PagedBytesReferenceTests] [testStreamInputMarkAndReset] after test
[2020-02-17T00:20:41,842][INFO ][o.e.c.b.PagedBytesReferenceTests] [testSliceToBytesRef] before test
[2020-02-17T00:20:41,844][INFO ][o.e.c.b.PagedBytesReferenceTests] [testSliceToBytesRef] after test
[2020-02-17T00:20:41,845][INFO ][o.e.c.b.PagedBytesReferenceTests] [testGetInt] before test
[2020-02-17T00:20:41,845][INFO ][o.e.c.b.PagedBytesReferenceTests] [testGetInt] after test
[2020-02-17T00:20:41,847][INFO ][o.e.c.b.PagedBytesReferenceTests] [testSliceEquals] before test
[2020-02-17T00:20:41,847][INFO ][o.e.c.b.PagedBytesReferenceTests] [testSliceEquals] after test
[2020-02-17T00:20:41,849][INFO ][o.e.c.b.PagedBytesReferenceTests] [testToBytesRefSharedPage] before test
[2020-02-17T00:20:41,849][INFO ][o.e.c.b.PagedBytesReferenceTests] [testToBytesRefSharedPage] after test
[2020-02-17T00:20:41,851][INFO ][o.e.c.b.PagedBytesReferenceTests] [testIterator] before test
[2020-02-17T00:20:41,857][INFO ][o.e.c.b.PagedBytesReferenceTests] [testIterator] after test
[2020-02-17T00:20:41,859][INFO ][o.e.c.b.PagedBytesReferenceTests] [testSlice] before test
[2020-02-17T00:20:41,864][INFO ][o.e.c.b.PagedBytesReferenceTests] [testSlice] after test
[2020-02-17T00:20:41,865][INFO ][o.e.c.b.PagedBytesReferenceTests] [testRandomReads] before test
[2020-02-17T00:20:41,866][INFO ][o.e.c.b.PagedBytesReferenceTests] [testRandomReads] after test
[2020-02-17T00:20:41,868][INFO ][o.e.c.b.PagedBytesReferenceTests] [testToBytesRef] before test
[2020-02-17T00:20:41,869][INFO ][o.e.c.b.PagedBytesReferenceTests] [testToBytesRef] after test
[2020-02-17T00:20:41,871][INFO ][o.e.c.b.PagedBytesReferenceTests] [testHasSinglePage] before test
[2020-02-17T00:20:41,873][INFO ][o.e.c.b.PagedBytesReferenceTests] [testHasSinglePage] after test
[2020-02-17T00:20:41,875][INFO ][o.e.c.b.PagedBytesReferenceTests] [testStreamInputBulkReadWithOffset] before test
[2020-02-17T00:20:41,881][INFO ][o.e.c.b.PagedBytesReferenceTests] [testStreamInputBulkReadWithOffset] after test
[2020-02-17T00:20:41,883][INFO ][o.e.c.b.PagedBytesReferenceTests] [testIndexOf] before test
[2020-02-17T00:20:41,883][INFO ][o.e.c.b.PagedBytesReferenceTests] [testIndexOf] after test
[2020-02-17T00:20:41,884][INFO ][o.e.c.b.PagedBytesReferenceTests] [testSliceCopyBytesRef] before test
[2020-02-17T00:20:41,888][INFO ][o.e.c.b.PagedBytesReferenceTests] [testSliceCopyBytesRef] after test
[2020-02-17T00:20:41,890][INFO ][o.e.c.b.PagedBytesReferenceTests] [testInputStreamSkip] before test
[2020-02-17T00:20:41,909][INFO ][o.e.c.b.PagedBytesReferenceTests] [testInputStreamSkip] after test
[2020-02-17T00:20:41,911][INFO ][o.e.c.b.PagedBytesReferenceTests] [testToBytes] before test
[2020-02-17T00:20:41,918][INFO ][o.e.c.b.PagedBytesReferenceTests] [testToBytes] after test
[2020-02-17T00:20:41,920][INFO ][o.e.c.b.PagedBytesReferenceTests] [testSliceStreamInput] before test
[2020-02-17T00:20:41,924][INFO ][o.e.c.b.PagedBytesReferenceTests] [testSliceStreamInput] after test
[2020-02-17T00:20:41,925][INFO ][o.e.c.b.PagedBytesReferenceTests] [testToUtf8] before test
[2020-02-17T00:20:41,925][INFO ][o.e.c.b.PagedBytesReferenceTests] [testToUtf8] after test
[2020-02-17T00:20:41,927][INFO ][o.e.c.b.PagedBytesReferenceTests] [testWriteToOutputStream] before test
[2020-02-17T00:20:41,931][INFO ][o.e.c.b.PagedBytesReferenceTests] [testWriteToOutputStream] after test
[2020-02-17T00:20:41,932][INFO ][o.e.c.b.PagedBytesReferenceTests] [testEquals] before test
[2020-02-17T00:20:41,932][INFO ][o.e.c.b.PagedBytesReferenceTests] [testEquals] after test
[2020-02-17T00:20:41,934][INFO ][o.e.c.b.PagedBytesReferenceTests] [testIteratorRandom] before test
[2020-02-17T00:20:41,938][INFO ][o.e.c.b.PagedBytesReferenceTests] [testIteratorRandom] after test
[2020-02-17T00:20:41,939][INFO ][o.e.c.b.PagedBytesReferenceTests] [testSliceArrayOffset] before test
[2020-02-17T00:20:41,945][INFO ][o.e.c.b.PagedBytesReferenceTests] [testSliceArrayOffset] after test
[2020-02-17T00:20:41,947][INFO ][o.e.c.b.PagedBytesReferenceTests] [testLength] before test
[2020-02-17T00:20:41,953][INFO ][o.e.c.b.PagedBytesReferenceTests] [testLength] after test
[2020-02-17T00:20:41,954][INFO ][o.e.c.b.PagedBytesReferenceTests] [testToBytesRefMaterializedPages] before test
[2020-02-17T00:20:41,957][INFO ][o.e.c.b.PagedBytesReferenceTests] [testToBytesRefMaterializedPages] after test
[2020-02-17T00:20:41,958][INFO ][o.e.c.b.PagedBytesReferenceTests] [testStreamInput] before test
[2020-02-17T00:20:41,973][INFO ][o.e.c.b.PagedBytesReferenceTests] [testStreamInput] after test
[2020-02-17T00:20:41,975][INFO ][o.e.c.b.PagedBytesReferenceTests] [testCopyBytesRefSharesBytes] before test
[2020-02-17T00:20:41,975][INFO ][o.e.c.b.PagedBytesReferenceTests] [testCopyBytesRefSharesBytes] after test
]]></system-out>
  <system-err><![CDATA[]]></system-err>
</testsuite>
