<?xml version="1.0" encoding="UTF-8"?>
<testsuite name="org.elasticsearch.search.aggregations.metrics.TopHitsTests" tests="8" skipped="0" failures="0" errors="0" timestamp="2020-02-16T22:25:33" hostname="Escoto-PC" time="0.041">
  <properties/>
  <testcase name="testFailWithSubAgg" classname="org.elasticsearch.search.aggregations.metrics.TopHitsTests" time="0.014"/>
  <testcase name="testEqualsAndHashcode" classname="org.elasticsearch.search.aggregations.metrics.TopHitsTests" time="0.003"/>
  <testcase name="testToString" classname="org.elasticsearch.search.aggregations.metrics.TopHitsTests" time="0.004"/>
  <testcase name="testSerialization" classname="org.elasticsearch.search.aggregations.metrics.TopHitsTests" time="0.002"/>
  <testcase name="testFromXContent" classname="org.elasticsearch.search.aggregations.metrics.TopHitsTests" time="0.003"/>
  <testcase name="testFromXContentMulti" classname="org.elasticsearch.search.aggregations.metrics.TopHitsTests" time="0.004"/>
  <testcase name="testSerializationMulti" classname="org.elasticsearch.search.aggregations.metrics.TopHitsTests" time="0.005"/>
  <testcase name="testShallowCopy" classname="org.elasticsearch.search.aggregations.metrics.TopHitsTests" time="0.002"/>
  <system-out><![CDATA[[2020-02-17T08:25:33,017][INFO ][o.e.s.a.m.TopHitsTests   ] [testFailWithSubAgg] before test
[2020-02-17T08:25:33,019][INFO ][o.e.p.PluginsService     ] [testFailWithSubAgg] no modules loaded
[2020-02-17T08:25:33,019][INFO ][o.e.p.PluginsService     ] [testFailWithSubAgg] no plugins loaded
[2020-02-17T08:25:33,025][INFO ][o.e.p.PluginsService     ] [testFailWithSubAgg] no modules loaded
[2020-02-17T08:25:33,025][INFO ][o.e.p.PluginsService     ] [testFailWithSubAgg] no plugins loaded
[2020-02-17T08:25:33,030][INFO ][o.e.s.a.m.TopHitsTests   ] [testFailWithSubAgg] after test
[2020-02-17T08:25:33,032][INFO ][o.e.s.a.m.TopHitsTests   ] [testEqualsAndHashcode] before test
[2020-02-17T08:25:33,034][INFO ][o.e.s.a.m.TopHitsTests   ] [testEqualsAndHashcode] after test
[2020-02-17T08:25:33,035][INFO ][o.e.s.a.m.TopHitsTests   ] [testToString] before test
[2020-02-17T08:25:33,038][INFO ][o.e.s.a.m.TopHitsTests   ] [testToString] after test
[2020-02-17T08:25:33,040][INFO ][o.e.s.a.m.TopHitsTests   ] [testSerialization] before test
[2020-02-17T08:25:33,041][INFO ][o.e.s.a.m.TopHitsTests   ] [testSerialization] after test
[2020-02-17T08:25:33,042][INFO ][o.e.s.a.m.TopHitsTests   ] [testFromXContent] before test
[2020-02-17T08:25:33,045][INFO ][o.e.s.a.m.TopHitsTests   ] [testFromXContent] after test
[2020-02-17T08:25:33,047][INFO ][o.e.s.a.m.TopHitsTests   ] [testFromXContentMulti] before test
[2020-02-17T08:25:33,049][INFO ][o.e.s.a.m.TopHitsTests   ] [testFromXContentMulti] after test
[2020-02-17T08:25:33,051][INFO ][o.e.s.a.m.TopHitsTests   ] [testSerializationMulti] before test
[2020-02-17T08:25:33,054][INFO ][o.e.s.a.m.TopHitsTests   ] [testSerializationMulti] after test
[2020-02-17T08:25:33,056][INFO ][o.e.s.a.m.TopHitsTests   ] [testShallowCopy] before test
[2020-02-17T08:25:33,056][INFO ][o.e.s.a.m.TopHitsTests   ] [testShallowCopy] after test
]]></system-out>
  <system-err><![CDATA[]]></system-err>
</testsuite>
