<?xml version="1.0" encoding="UTF-8"?>
<testsuite name="org.elasticsearch.action.search.TransportSearchHelperTests" tests="1" skipped="0" failures="0" errors="0" timestamp="2020-02-16T22:20:24" hostname="Escoto-PC" time="0.01">
  <properties/>
  <testcase name="testParseScrollId" classname="org.elasticsearch.action.search.TransportSearchHelperTests" time="0.01"/>
  <system-out><![CDATA[[2020-02-17T02:20:24,199][INFO ][o.e.a.s.TransportSearchHelperTests] [testParseScrollId] before test
[2020-02-17T02:20:24,203][INFO ][o.e.a.s.TransportSearchHelperTests] [testParseScrollId] after test
]]></system-out>
  <system-err><![CDATA[]]></system-err>
</testsuite>
