<?xml version="1.0" encoding="UTF-8"?>
<testsuite name="org.elasticsearch.cluster.coordination.DiscoveryUpgradeServiceTests" tests="1" skipped="0" failures="0" errors="0" timestamp="2020-02-16T22:20:32" hostname="Escoto-PC" time="0.004">
  <properties/>
  <testcase name="testCreateDiscoveryNodeWithImpossiblyHighId" classname="org.elasticsearch.cluster.coordination.DiscoveryUpgradeServiceTests" time="0.004"/>
  <system-out><![CDATA[[2020-02-17T00:20:32,355][INFO ][o.e.c.c.DiscoveryUpgradeServiceTests] [testCreateDiscoveryNodeWithImpossiblyHighId] before test
[2020-02-17T00:20:32,356][INFO ][o.e.c.c.DiscoveryUpgradeServiceTests] [testCreateDiscoveryNodeWithImpossiblyHighId] after test
]]></system-out>
  <system-err><![CDATA[]]></system-err>
</testsuite>
