<?xml version="1.0" encoding="UTF-8"?>
<testsuite name="org.elasticsearch.action.admin.cluster.snapshots.status.SnapshotsStatusResponseTests" tests="1" skipped="0" failures="0" errors="0" timestamp="2020-02-16T22:20:24" hostname="Escoto-PC" time="0.165">
  <properties/>
  <testcase name="testFromXContent" classname="org.elasticsearch.action.admin.cluster.snapshots.status.SnapshotsStatusResponseTests" time="0.165"/>
  <system-out><![CDATA[[2020-02-16T18:20:24,401][INFO ][o.e.a.a.c.s.s.SnapshotsStatusResponseTests] [testFromXContent] before test
[2020-02-16T18:20:24,561][INFO ][o.e.a.a.c.s.s.SnapshotsStatusResponseTests] [testFromXContent] after test
]]></system-out>
  <system-err><![CDATA[]]></system-err>
</testsuite>
