<?xml version="1.0" encoding="UTF-8"?>
<testsuite name="org.elasticsearch.index.fielddata.ScriptDocValuesLongsTests" tests="1" skipped="0" failures="0" errors="0" timestamp="2020-02-16T22:22:10" hostname="Escoto-PC" time="0.003">
  <properties/>
  <testcase name="testLongs" classname="org.elasticsearch.index.fielddata.ScriptDocValuesLongsTests" time="0.003"/>
  <system-out><![CDATA[[2020-02-17T06:22:10,893][INFO ][o.e.i.f.ScriptDocValuesLongsTests] [testLongs] before test
[2020-02-17T06:22:10,894][INFO ][o.e.i.f.ScriptDocValuesLongsTests] [testLongs] after test
]]></system-out>
  <system-err><![CDATA[]]></system-err>
</testsuite>
