<?xml version="1.0" encoding="UTF-8"?>
<testsuite name="org.elasticsearch.bootstrap.BootstrapSettingsTests" tests="1" skipped="0" failures="0" errors="0" timestamp="2020-02-16T22:20:49" hostname="Escoto-PC" time="0.004">
  <properties/>
  <testcase name="testDefaultSettings" classname="org.elasticsearch.bootstrap.BootstrapSettingsTests" time="0.004"/>
  <system-out><![CDATA[[2020-02-17T01:20:49,619][INFO ][o.e.b.BootstrapSettingsTests] [testDefaultSettings] before test
[2020-02-17T01:20:49,621][INFO ][o.e.b.BootstrapSettingsTests] [testDefaultSettings] after test
]]></system-out>
  <system-err><![CDATA[]]></system-err>
</testsuite>
