<?xml version="1.0" encoding="UTF-8"?>
<testsuite name="org.elasticsearch.action.bulk.BulkResponseTests" tests="1" skipped="0" failures="0" errors="0" timestamp="2020-02-16T22:20:17" hostname="Escoto-PC" time="0.009">
  <properties/>
  <testcase name="testToAndFromXContent" classname="org.elasticsearch.action.bulk.BulkResponseTests" time="0.009"/>
  <system-out><![CDATA[[2020-02-17T01:50:17,573][INFO ][o.e.a.b.BulkResponseTests] [testToAndFromXContent] before test
[2020-02-17T01:50:17,579][INFO ][o.e.a.b.BulkResponseTests] [testToAndFromXContent] after test
]]></system-out>
  <system-err><![CDATA[]]></system-err>
</testsuite>
