<?xml version="1.0" encoding="UTF-8"?>
<testsuite name="org.elasticsearch.plugins.PlatformsTests" tests="1" skipped="0" failures="0" errors="0" timestamp="2020-02-16T22:24:01" hostname="Escoto-PC" time="0.004">
  <properties/>
  <testcase name="testNativeControllerPath" classname="org.elasticsearch.plugins.PlatformsTests" time="0.004"/>
  <system-out><![CDATA[[2020-02-17T00:24:01,808][INFO ][o.e.p.PlatformsTests     ] [testNativeControllerPath] before test
[2020-02-17T00:24:01,810][INFO ][o.e.p.PlatformsTests     ] [testNativeControllerPath] after test
]]></system-out>
  <system-err><![CDATA[]]></system-err>
</testsuite>
