<?xml version="1.0" encoding="UTF-8"?>
<testsuite name="org.elasticsearch.index.analysis.HunspellTokenFilterFactoryTests" tests="1" skipped="0" failures="0" errors="0" timestamp="2020-02-16T22:21:13" hostname="Escoto-PC" time="1.148">
  <properties/>
  <testcase name="testDedup" classname="org.elasticsearch.index.analysis.HunspellTokenFilterFactoryTests" time="1.148"/>
  <system-out><![CDATA[[0002-02-16T17:21:13,192][INFO ][o.e.i.a.HunspellTokenFilterFactoryTests] [testDedup] before test
[0002-02-16T17:21:14,335][INFO ][o.e.i.a.HunspellTokenFilterFactoryTests] [testDedup] after test
]]></system-out>
  <system-err><![CDATA[]]></system-err>
</testsuite>
