<?xml version="1.0" encoding="UTF-8"?>
<testsuite name="org.elasticsearch.common.xcontent.yaml.YamlXContentTests" tests="53" skipped="0" failures="0" errors="0" timestamp="2020-02-16T22:22:04" hostname="Escoto-PC" time="0.647">
  <properties/>
  <testcase name="testLatLon" classname="org.elasticsearch.common.xcontent.yaml.YamlXContentTests" time="0.007"/>
  <testcase name="testLongs" classname="org.elasticsearch.common.xcontent.yaml.YamlXContentTests" time="0.007"/>
  <testcase name="testReadableInstant" classname="org.elasticsearch.common.xcontent.yaml.YamlXContentTests" time="0.006"/>
  <testcase name="testBinaryUTF8" classname="org.elasticsearch.common.xcontent.yaml.YamlXContentTests" time="0.003"/>
  <testcase name="testStrings" classname="org.elasticsearch.common.xcontent.yaml.YamlXContentTests" time="0.003"/>
  <testcase name="testBinaryValueWithOffsetLength" classname="org.elasticsearch.common.xcontent.yaml.YamlXContentTests" time="0.015"/>
  <testcase name="testField" classname="org.elasticsearch.common.xcontent.yaml.YamlXContentTests" time="0.007"/>
  <testcase name="testSelfReferencingMapsOneLevel" classname="org.elasticsearch.common.xcontent.yaml.YamlXContentTests" time="0.016"/>
  <testcase name="testBigDecimals" classname="org.elasticsearch.common.xcontent.yaml.YamlXContentTests" time="0.003"/>
  <testcase name="testObject" classname="org.elasticsearch.common.xcontent.yaml.YamlXContentTests" time="0.025"/>
  <testcase name="testBytes" classname="org.elasticsearch.common.xcontent.yaml.YamlXContentTests" time="0.004"/>
  <testcase name="testBigIntegers" classname="org.elasticsearch.common.xcontent.yaml.YamlXContentTests" time="0.003"/>
  <testcase name="testToXContent" classname="org.elasticsearch.common.xcontent.yaml.YamlXContentTests" time="0.011"/>
  <testcase name="testMissingEndObject" classname="org.elasticsearch.common.xcontent.yaml.YamlXContentTests" time="0.003"/>
  <testcase name="testJavaTime" classname="org.elasticsearch.common.xcontent.yaml.YamlXContentTests" time="0.019"/>
  <testcase name="testSelfReferencingMapsTwoLevels" classname="org.elasticsearch.common.xcontent.yaml.YamlXContentTests" time="0.003"/>
  <testcase name="testDateField" classname="org.elasticsearch.common.xcontent.yaml.YamlXContentTests" time="0.003"/>
  <testcase name="testSelfReferencingIterableTwoLevels" classname="org.elasticsearch.common.xcontent.yaml.YamlXContentTests" time="0.002"/>
  <testcase name="testSelfReferencingIterable" classname="org.elasticsearch.common.xcontent.yaml.YamlXContentTests" time="0.003"/>
  <testcase name="testUnknownObject" classname="org.elasticsearch.common.xcontent.yaml.YamlXContentTests" time="0.018"/>
  <testcase name="testDoubles" classname="org.elasticsearch.common.xcontent.yaml.YamlXContentTests" time="0.004"/>
  <testcase name="testChecksForDuplicates" classname="org.elasticsearch.common.xcontent.yaml.YamlXContentTests" time="0.022"/>
  <testcase name="testEnsureNotNull" classname="org.elasticsearch.common.xcontent.yaml.YamlXContentTests" time="0.002"/>
  <testcase name="testEnsureNameNotNull" classname="org.elasticsearch.common.xcontent.yaml.YamlXContentTests" time="0.018"/>
  <testcase name="testBinaryValue" classname="org.elasticsearch.common.xcontent.yaml.YamlXContentTests" time="0.011"/>
  <testcase name="testNullValue" classname="org.elasticsearch.common.xcontent.yaml.YamlXContentTests" time="0.002"/>
  <testcase name="testMap" classname="org.elasticsearch.common.xcontent.yaml.YamlXContentTests" time="0.005"/>
  <testcase name="testBooleans" classname="org.elasticsearch.common.xcontent.yaml.YamlXContentTests" time="0.005"/>
  <testcase name="testGeoPoint" classname="org.elasticsearch.common.xcontent.yaml.YamlXContentTests" time="0.004"/>
  <testcase name="testNullField" classname="org.elasticsearch.common.xcontent.yaml.YamlXContentTests" time="0.003"/>
  <testcase name="testStartEndArray" classname="org.elasticsearch.common.xcontent.yaml.YamlXContentTests" time="0.004"/>
  <testcase name="testSelfReferencingObjectsArray" classname="org.elasticsearch.common.xcontent.yaml.YamlXContentTests" time="0.002"/>
  <testcase name="testIntegers" classname="org.elasticsearch.common.xcontent.yaml.YamlXContentTests" time="0.004"/>
  <testcase name="testCalendar" classname="org.elasticsearch.common.xcontent.yaml.YamlXContentTests" time="0.005"/>
  <testcase name="testShorts" classname="org.elasticsearch.common.xcontent.yaml.YamlXContentTests" time="0.004"/>
  <testcase name="testIterable" classname="org.elasticsearch.common.xcontent.yaml.YamlXContentTests" time="0.004"/>
  <testcase name="testNamedObject" classname="org.elasticsearch.common.xcontent.yaml.YamlXContentTests" time="0.005"/>
  <testcase name="testDate" classname="org.elasticsearch.common.xcontent.yaml.YamlXContentTests" time="0.005"/>
  <testcase name="testBigInteger" classname="org.elasticsearch.common.xcontent.yaml.YamlXContentTests" time="0.005"/>
  <testcase name="testObjects" classname="org.elasticsearch.common.xcontent.yaml.YamlXContentTests" time="0.012"/>
  <testcase name="testContentType" classname="org.elasticsearch.common.xcontent.yaml.YamlXContentTests" time="0.003"/>
  <testcase name="testRawField" classname="org.elasticsearch.common.xcontent.yaml.YamlXContentTests" time="0.004"/>
  <testcase name="testBasics" classname="org.elasticsearch.common.xcontent.yaml.YamlXContentTests" time="0.007"/>
  <testcase name="testMissingEndArray" classname="org.elasticsearch.common.xcontent.yaml.YamlXContentTests" time="0.011"/>
  <testcase name="testPath" classname="org.elasticsearch.common.xcontent.yaml.YamlXContentTests" time="0.259"/>
  <testcase name="testFloats" classname="org.elasticsearch.common.xcontent.yaml.YamlXContentTests" time="0.007"/>
  <testcase name="testText" classname="org.elasticsearch.common.xcontent.yaml.YamlXContentTests" time="0.004"/>
  <testcase name="testEnsureNoSelfReferences" classname="org.elasticsearch.common.xcontent.yaml.YamlXContentTests" time="0.011"/>
  <testcase name="testSelfReferencingIterableOneLevel" classname="org.elasticsearch.common.xcontent.yaml.YamlXContentTests" time="0.025"/>
  <testcase name="testRawValue" classname="org.elasticsearch.common.xcontent.yaml.YamlXContentTests" time="0.011"/>
  <testcase name="testRepeatedMapsAndNoSelfReferences" classname="org.elasticsearch.common.xcontent.yaml.YamlXContentTests" time="0.003"/>
  <testcase name="testStartEndObject" classname="org.elasticsearch.common.xcontent.yaml.YamlXContentTests" time="0.004"/>
  <testcase name="testBinaryField" classname="org.elasticsearch.common.xcontent.yaml.YamlXContentTests" time="0.003"/>
  <system-out><![CDATA[[2020-02-16T19:22:04,102][INFO ][o.e.c.x.y.YamlXContentTests] [testLatLon] before test
[2020-02-16T19:22:04,105][INFO ][o.e.c.x.y.YamlXContentTests] [testLatLon] after test
[2020-02-16T19:22:04,110][INFO ][o.e.c.x.y.YamlXContentTests] [testLongs] before test
[2020-02-16T19:22:04,113][INFO ][o.e.c.x.y.YamlXContentTests] [testLongs] after test
[2020-02-16T19:22:04,115][INFO ][o.e.c.x.y.YamlXContentTests] [testReadableInstant] before test
[2020-02-16T19:22:04,119][INFO ][o.e.c.x.y.YamlXContentTests] [testReadableInstant] after test
[2020-02-16T19:22:04,121][INFO ][o.e.c.x.y.YamlXContentTests] [testBinaryUTF8] before test
[2020-02-16T19:22:04,122][INFO ][o.e.c.x.y.YamlXContentTests] [testBinaryUTF8] after test
[2020-02-16T19:22:04,124][INFO ][o.e.c.x.y.YamlXContentTests] [testStrings] before test
[2020-02-16T19:22:04,126][INFO ][o.e.c.x.y.YamlXContentTests] [testStrings] after test
[2020-02-16T19:22:04,140][INFO ][o.e.c.x.y.YamlXContentTests] [testBinaryValueWithOffsetLength] before test
[2020-02-16T19:22:04,141][INFO ][o.e.c.x.y.YamlXContentTests] [testBinaryValueWithOffsetLength] after test
[2020-02-16T19:22:04,147][INFO ][o.e.c.x.y.YamlXContentTests] [testField] before test
[2020-02-16T19:22:04,148][INFO ][o.e.c.x.y.YamlXContentTests] [testField] after test
[2020-02-16T19:22:04,164][INFO ][o.e.c.x.y.YamlXContentTests] [testSelfReferencingMapsOneLevel] before test
[2020-02-16T19:22:04,164][INFO ][o.e.c.x.y.YamlXContentTests] [testSelfReferencingMapsOneLevel] after test
[2020-02-16T19:22:04,167][INFO ][o.e.c.x.y.YamlXContentTests] [testBigDecimals] before test
[2020-02-16T19:22:04,168][INFO ][o.e.c.x.y.YamlXContentTests] [testBigDecimals] after test
[2020-02-16T19:22:04,170][INFO ][o.e.c.x.y.YamlXContentTests] [testObject] before test
[2020-02-16T19:22:04,194][INFO ][o.e.c.x.y.YamlXContentTests] [testObject] after test
[2020-02-16T19:22:04,196][INFO ][o.e.c.x.y.YamlXContentTests] [testBytes] before test
[2020-02-16T19:22:04,197][INFO ][o.e.c.x.y.YamlXContentTests] [testBytes] after test
[2020-02-16T19:22:04,199][INFO ][o.e.c.x.y.YamlXContentTests] [testBigIntegers] before test
[2020-02-16T19:22:04,201][INFO ][o.e.c.x.y.YamlXContentTests] [testBigIntegers] after test
[2020-02-16T19:22:04,209][INFO ][o.e.c.x.y.YamlXContentTests] [testToXContent] before test
[2020-02-16T19:22:04,212][INFO ][o.e.c.x.y.YamlXContentTests] [testToXContent] after test
[2020-02-16T19:22:04,214][INFO ][o.e.c.x.y.YamlXContentTests] [testMissingEndObject] before test
[2020-02-16T19:22:04,215][INFO ][o.e.c.x.y.YamlXContentTests] [testMissingEndObject] after test
[2020-02-16T19:22:04,217][INFO ][o.e.c.x.y.YamlXContentTests] [testJavaTime] before test
[2020-02-16T19:22:04,234][INFO ][o.e.c.x.y.YamlXContentTests] [testJavaTime] after test
[2020-02-16T19:22:04,237][INFO ][o.e.c.x.y.YamlXContentTests] [testSelfReferencingMapsTwoLevels] before test
[2020-02-16T19:22:04,238][INFO ][o.e.c.x.y.YamlXContentTests] [testSelfReferencingMapsTwoLevels] after test
[2020-02-16T19:22:04,240][INFO ][o.e.c.x.y.YamlXContentTests] [testDateField] before test
[2020-02-16T19:22:04,241][INFO ][o.e.c.x.y.YamlXContentTests] [testDateField] after test
[2020-02-16T19:22:04,243][INFO ][o.e.c.x.y.YamlXContentTests] [testSelfReferencingIterableTwoLevels] before test
[2020-02-16T19:22:04,243][INFO ][o.e.c.x.y.YamlXContentTests] [testSelfReferencingIterableTwoLevels] after test
[2020-02-16T19:22:04,245][INFO ][o.e.c.x.y.YamlXContentTests] [testSelfReferencingIterable] before test
[2020-02-16T19:22:04,245][INFO ][o.e.c.x.y.YamlXContentTests] [testSelfReferencingIterable] after test
[2020-02-16T19:22:04,263][INFO ][o.e.c.x.y.YamlXContentTests] [testUnknownObject] before test
[2020-02-16T19:22:04,264][INFO ][o.e.c.x.y.YamlXContentTests] [testUnknownObject] after test
[2020-02-16T19:22:04,266][INFO ][o.e.c.x.y.YamlXContentTests] [testDoubles] before test
[2020-02-16T19:22:04,268][INFO ][o.e.c.x.y.YamlXContentTests] [testDoubles] after test
[2020-02-16T19:22:04,290][INFO ][o.e.c.x.y.YamlXContentTests] [testChecksForDuplicates] before test
[2020-02-16T19:22:04,291][INFO ][o.e.c.x.y.YamlXContentTests] [testChecksForDuplicates] after test
[2020-02-16T19:22:04,292][INFO ][o.e.c.x.y.YamlXContentTests] [testEnsureNotNull] before test
[2020-02-16T19:22:04,293][INFO ][o.e.c.x.y.YamlXContentTests] [testEnsureNotNull] after test
[2020-02-16T19:22:04,311][INFO ][o.e.c.x.y.YamlXContentTests] [testEnsureNameNotNull] before test
[2020-02-16T19:22:04,311][INFO ][o.e.c.x.y.YamlXContentTests] [testEnsureNameNotNull] after test
[2020-02-16T19:22:04,322][INFO ][o.e.c.x.y.YamlXContentTests] [testBinaryValue] before test
[2020-02-16T19:22:04,322][INFO ][o.e.c.x.y.YamlXContentTests] [testBinaryValue] after test
[2020-02-16T19:22:04,325][INFO ][o.e.c.x.y.YamlXContentTests] [testNullValue] before test
[2020-02-16T19:22:04,325][INFO ][o.e.c.x.y.YamlXContentTests] [testNullValue] after test
[2020-02-16T19:22:04,328][INFO ][o.e.c.x.y.YamlXContentTests] [testMap] before test
[2020-02-16T19:22:04,330][INFO ][o.e.c.x.y.YamlXContentTests] [testMap] after test
[2020-02-16T19:22:04,333][INFO ][o.e.c.x.y.YamlXContentTests] [testBooleans] before test
[2020-02-16T19:22:04,335][INFO ][o.e.c.x.y.YamlXContentTests] [testBooleans] after test
[2020-02-16T19:22:04,338][INFO ][o.e.c.x.y.YamlXContentTests] [testGeoPoint] before test
[2020-02-16T19:22:04,339][INFO ][o.e.c.x.y.YamlXContentTests] [testGeoPoint] after test
[2020-02-16T19:22:04,341][INFO ][o.e.c.x.y.YamlXContentTests] [testNullField] before test
[2020-02-16T19:22:04,342][INFO ][o.e.c.x.y.YamlXContentTests] [testNullField] after test
[2020-02-16T19:22:04,343][INFO ][o.e.c.x.y.YamlXContentTests] [testStartEndArray] before test
[2020-02-16T19:22:04,345][INFO ][o.e.c.x.y.YamlXContentTests] [testStartEndArray] after test
[2020-02-16T19:22:04,347][INFO ][o.e.c.x.y.YamlXContentTests] [testSelfReferencingObjectsArray] before test
[2020-02-16T19:22:04,348][INFO ][o.e.c.x.y.YamlXContentTests] [testSelfReferencingObjectsArray] after test
[2020-02-16T19:22:04,350][INFO ][o.e.c.x.y.YamlXContentTests] [testIntegers] before test
[2020-02-16T19:22:04,352][INFO ][o.e.c.x.y.YamlXContentTests] [testIntegers] after test
[2020-02-16T19:22:04,356][INFO ][o.e.c.x.y.YamlXContentTests] [testCalendar] before test
[2020-02-16T19:22:04,356][INFO ][o.e.c.x.y.YamlXContentTests] [testCalendar] after test
[2020-02-16T19:22:04,359][INFO ][o.e.c.x.y.YamlXContentTests] [testShorts] before test
[2020-02-16T19:22:04,361][INFO ][o.e.c.x.y.YamlXContentTests] [testShorts] after test
[2020-02-16T19:22:04,364][INFO ][o.e.c.x.y.YamlXContentTests] [testIterable] before test
[2020-02-16T19:22:04,365][INFO ][o.e.c.x.y.YamlXContentTests] [testIterable] after test
[2020-02-16T19:22:04,368][INFO ][o.e.c.x.y.YamlXContentTests] [testNamedObject] before test
[2020-02-16T19:22:04,369][WARN ][o.e.d.c.ParseField       ] [testNamedObject] Deprecated field [deprecated] used, expected [test2] instead
[2020-02-16T19:22:04,370][INFO ][o.e.c.x.y.YamlXContentTests] [testNamedObject] after test
[2020-02-16T19:22:04,373][INFO ][o.e.c.x.y.YamlXContentTests] [testDate] before test
[2020-02-16T19:22:04,375][INFO ][o.e.c.x.y.YamlXContentTests] [testDate] after test
[2020-02-16T19:22:04,380][INFO ][o.e.c.x.y.YamlXContentTests] [testBigInteger] before test
[2020-02-16T19:22:04,380][INFO ][o.e.c.x.y.YamlXContentTests] [testBigInteger] after test
[2020-02-16T19:22:04,388][INFO ][o.e.c.x.y.YamlXContentTests] [testObjects] before test
[2020-02-16T19:22:04,393][INFO ][o.e.c.x.y.YamlXContentTests] [testObjects] after test
[2020-02-16T19:22:04,395][INFO ][o.e.c.x.y.YamlXContentTests] [testContentType] before test
[2020-02-16T19:22:04,395][INFO ][o.e.c.x.y.YamlXContentTests] [testContentType] after test
[2020-02-16T19:22:04,399][INFO ][o.e.c.x.y.YamlXContentTests] [testRawField] before test
[2020-02-16T19:22:04,400][INFO ][o.e.c.x.y.YamlXContentTests] [testRawField] after test
[2020-02-16T19:22:04,406][INFO ][o.e.c.x.y.YamlXContentTests] [testBasics] before test
[2020-02-16T19:22:04,406][INFO ][o.e.c.x.y.YamlXContentTests] [testBasics] after test
[2020-02-16T19:22:04,417][INFO ][o.e.c.x.y.YamlXContentTests] [testMissingEndArray] before test
[2020-02-16T19:22:04,417][INFO ][o.e.c.x.y.YamlXContentTests] [testMissingEndArray] after test
[2020-02-16T19:22:04,676][INFO ][o.e.c.x.y.YamlXContentTests] [testPath] before test
[2020-02-16T19:22:04,677][INFO ][o.e.c.x.y.YamlXContentTests] [testPath] after test
[2020-02-16T19:22:04,682][INFO ][o.e.c.x.y.YamlXContentTests] [testFloats] before test
[2020-02-16T19:22:04,683][INFO ][o.e.c.x.y.YamlXContentTests] [testFloats] after test
[2020-02-16T19:22:04,686][INFO ][o.e.c.x.y.YamlXContentTests] [testText] before test
[2020-02-16T19:22:04,687][INFO ][o.e.c.x.y.YamlXContentTests] [testText] after test
[2020-02-16T19:22:04,698][INFO ][o.e.c.x.y.YamlXContentTests] [testEnsureNoSelfReferences] before test
[2020-02-16T19:22:04,698][INFO ][o.e.c.x.y.YamlXContentTests] [testEnsureNoSelfReferences] after test
[2020-02-16T19:22:04,723][INFO ][o.e.c.x.y.YamlXContentTests] [testSelfReferencingIterableOneLevel] before test
[2020-02-16T19:22:04,723][INFO ][o.e.c.x.y.YamlXContentTests] [testSelfReferencingIterableOneLevel] after test
[2020-02-16T19:22:04,734][INFO ][o.e.c.x.y.YamlXContentTests] [testRawValue] before test
[2020-02-16T19:22:04,734][INFO ][o.e.c.x.y.YamlXContentTests] [testRawValue] after test
[2020-02-16T19:22:04,737][INFO ][o.e.c.x.y.YamlXContentTests] [testRepeatedMapsAndNoSelfReferences] before test
[2020-02-16T19:22:04,738][INFO ][o.e.c.x.y.YamlXContentTests] [testRepeatedMapsAndNoSelfReferences] after test
[2020-02-16T19:22:04,740][INFO ][o.e.c.x.y.YamlXContentTests] [testStartEndObject] before test
[2020-02-16T19:22:04,742][INFO ][o.e.c.x.y.YamlXContentTests] [testStartEndObject] after test
[2020-02-16T19:22:04,744][INFO ][o.e.c.x.y.YamlXContentTests] [testBinaryField] before test
[2020-02-16T19:22:04,745][INFO ][o.e.c.x.y.YamlXContentTests] [testBinaryField] after test
]]></system-out>
  <system-err><![CDATA[]]></system-err>
</testsuite>
