<?xml version="1.0" encoding="UTF-8"?>
<testsuite name="org.apache.lucene.search.uhighlight.BoundedBreakIteratorScannerTests" tests="1" skipped="0" failures="0" errors="0" timestamp="2020-02-16T22:19:58" hostname="Escoto-PC" time="0.23">
  <properties/>
  <testcase name="testBoundedSentence" classname="org.apache.lucene.search.uhighlight.BoundedBreakIteratorScannerTests" time="0.23"/>
  <system-out><![CDATA[[2020-02-16T14:19:58,589][INFO ][o.a.l.s.u.BoundedBreakIteratorScannerTests] [testBoundedSentence] before test
[2020-02-16T14:19:58,812][INFO ][o.a.l.s.u.BoundedBreakIteratorScannerTests] [testBoundedSentence] after test
]]></system-out>
  <system-err><![CDATA[]]></system-err>
</testsuite>
