<?xml version="1.0" encoding="UTF-8"?>
<testsuite name="org.elasticsearch.rest.action.cat.RestIndicesActionTests" tests="1" skipped="0" failures="0" errors="0" timestamp="2020-02-16T22:25:17" hostname="Escoto-PC" time="0.008">
  <properties/>
  <testcase name="testBuildTable" classname="org.elasticsearch.rest.action.cat.RestIndicesActionTests" time="0.008"/>
  <system-out><![CDATA[[2020-02-16T23:25:17,744][INFO ][o.e.r.a.c.RestIndicesActionTests] [testBuildTable] before test
[2020-02-16T23:25:17,751][INFO ][o.e.r.a.c.RestIndicesActionTests] [testBuildTable] after test
]]></system-out>
  <system-err><![CDATA[]]></system-err>
</testsuite>
