<?xml version="1.0" encoding="UTF-8"?>
<testsuite name="org.elasticsearch.action.index.IndexResponseTests" tests="3" skipped="0" failures="0" errors="0" timestamp="2020-02-16T22:20:36" hostname="Escoto-PC" time="0.016">
  <properties/>
  <testcase name="testToAndFromXContent" classname="org.elasticsearch.action.index.IndexResponseTests" time="0.007"/>
  <testcase name="testFromXContentWithRandomFields" classname="org.elasticsearch.action.index.IndexResponseTests" time="0.006"/>
  <testcase name="testToXContent" classname="org.elasticsearch.action.index.IndexResponseTests" time="0.003"/>
  <system-out><![CDATA[[2020-02-17T00:20:36,921][INFO ][o.e.a.i.IndexResponseTests] [testToAndFromXContent] before test
[2020-02-17T00:20:36,926][INFO ][o.e.a.i.IndexResponseTests] [testToAndFromXContent] after test
[2020-02-17T00:20:36,930][INFO ][o.e.a.i.IndexResponseTests] [testFromXContentWithRandomFields] before test
[2020-02-17T00:20:36,931][INFO ][o.e.a.i.IndexResponseTests] [testFromXContentWithRandomFields] after test
[2020-02-17T00:20:36,935][INFO ][o.e.a.i.IndexResponseTests] [testToXContent] before test
[2020-02-17T00:20:36,935][INFO ][o.e.a.i.IndexResponseTests] [testToXContent] after test
]]></system-out>
  <system-err><![CDATA[]]></system-err>
</testsuite>
