<?xml version="1.0" encoding="UTF-8"?>
<testsuite name="org.elasticsearch.search.profile.query.QueryProfileShardResultTests" tests="1" skipped="0" failures="0" errors="0" timestamp="2020-02-16T22:24:38" hostname="Escoto-PC" time="0.003">
  <properties/>
  <testcase name="testFromXContent" classname="org.elasticsearch.search.profile.query.QueryProfileShardResultTests" time="0.003"/>
  <system-out><![CDATA[[2020-02-16T16:24:38,332][INFO ][o.e.s.p.q.QueryProfileShardResultTests] [testFromXContent] before test
[2020-02-16T16:24:38,334][INFO ][o.e.s.p.q.QueryProfileShardResultTests] [testFromXContent] after test
]]></system-out>
  <system-err><![CDATA[]]></system-err>
</testsuite>
