<?xml version="1.0" encoding="UTF-8"?>
<testsuite name="org.elasticsearch.cluster.routing.operation.hash.murmur3.Murmur3HashFunctionTests" tests="1" skipped="0" failures="0" errors="0" timestamp="2020-02-16T22:21:39" hostname="Escoto-PC" time="0.002">
  <properties/>
  <testcase name="testKnownValues" classname="org.elasticsearch.cluster.routing.operation.hash.murmur3.Murmur3HashFunctionTests" time="0.002"/>
  <system-out><![CDATA[[2020-02-16T17:21:39,189][INFO ][o.e.c.r.o.h.m.Murmur3HashFunctionTests] [testKnownValues] before test
[2020-02-16T17:21:39,189][INFO ][o.e.c.r.o.h.m.Murmur3HashFunctionTests] [testKnownValues] after test
]]></system-out>
  <system-err><![CDATA[]]></system-err>
</testsuite>
