<?xml version="1.0" encoding="UTF-8"?>
<testsuite name="org.elasticsearch.persistent.RestartPersistentTaskRequestTests" tests="2" skipped="0" failures="0" errors="0" timestamp="2020-02-16T22:24:01" hostname="Escoto-PC" time="0.019">
  <properties/>
  <testcase name="testEqualsAndHashcode" classname="org.elasticsearch.persistent.RestartPersistentTaskRequestTests" time="0.008"/>
  <testcase name="testSerialization" classname="org.elasticsearch.persistent.RestartPersistentTaskRequestTests" time="0.011"/>
  <system-out><![CDATA[[2020-02-16T23:24:01,721][INFO ][o.e.p.RestartPersistentTaskRequestTests] [testEqualsAndHashcode] before test
[2020-02-16T23:24:01,722][INFO ][o.e.p.RestartPersistentTaskRequestTests] [testEqualsAndHashcode] after test
[2020-02-16T23:24:01,732][INFO ][o.e.p.RestartPersistentTaskRequestTests] [testSerialization] before test
[2020-02-16T23:24:01,733][INFO ][o.e.p.RestartPersistentTaskRequestTests] [testSerialization] after test
]]></system-out>
  <system-err><![CDATA[]]></system-err>
</testsuite>
