<?xml version="1.0" encoding="UTF-8"?>
<testsuite name="org.elasticsearch.action.support.single.instance.TransportInstanceSingleOperationActionTests" tests="7" skipped="0" failures="0" errors="0" timestamp="2020-02-16T22:20:27" hostname="Escoto-PC" time="0.182">
  <properties/>
  <testcase name="testGlobalBlock" classname="org.elasticsearch.action.support.single.instance.TransportInstanceSingleOperationActionTests" time="0.049"/>
  <testcase name="testRetryOfAnAlreadyTimedOutRequest" classname="org.elasticsearch.action.support.single.instance.TransportInstanceSingleOperationActionTests" time="0.024"/>
  <testcase name="testBasicRequestWorks" classname="org.elasticsearch.action.support.single.instance.TransportInstanceSingleOperationActionTests" time="0.01"/>
  <testcase name="testSuccessAfterRetryWithClusterStateUpdate" classname="org.elasticsearch.action.support.single.instance.TransportInstanceSingleOperationActionTests" time="0.013"/>
  <testcase name="testSuccessAfterRetryWithExceptionFromTransport" classname="org.elasticsearch.action.support.single.instance.TransportInstanceSingleOperationActionTests" time="0.014"/>
  <testcase name="testUnresolvableRequestDoesNotHang" classname="org.elasticsearch.action.support.single.instance.TransportInstanceSingleOperationActionTests" time="0.041"/>
  <testcase name="testFailureWithoutRetry" classname="org.elasticsearch.action.support.single.instance.TransportInstanceSingleOperationActionTests" time="0.029"/>
  <system-out><![CDATA[[2020-02-17T10:20:27,684][INFO ][o.e.a.s.s.i.TransportInstanceSingleOperationActionTests] [testGlobalBlock] before test
[2020-02-17T10:20:27,712][INFO ][o.e.a.s.s.i.TransportInstanceSingleOperationActionTests] [testGlobalBlock] after test
[2020-02-17T10:20:27,715][INFO ][o.e.a.s.s.i.TransportInstanceSingleOperationActionTests] [testRetryOfAnAlreadyTimedOutRequest] before test
[2020-02-17T10:20:27,718][INFO ][o.e.c.s.ClusterApplierService] [test] master node changed {previous [{node}{4SwCS5imSKylNU759pXT0w}{0.0.0.0}{0.0.0.0:2}{dim}], current [{node_1}{iOwMCnMMSh2u7W9TK44D0w}{0.0.0.0}{0.0.0.0:4}{dim}]}, removed {{node}{4SwCS5imSKylNU759pXT0w}{0.0.0.0}{0.0.0.0:2}{dim}}, added {{node_1}{iOwMCnMMSh2u7W9TK44D0w}{0.0.0.0}{0.0.0.0:4}{dim},{node_2}{aJBmdzskRky4Ioz2_Lp4eg}{0.0.0.0}{0.0.0.0:5}{dim}}, term: 0, version: 1, reason: test setting state
[2020-02-17T10:20:27,737][INFO ][o.e.a.s.s.i.TransportInstanceSingleOperationActionTests] [testRetryOfAnAlreadyTimedOutRequest] after test
[2020-02-17T10:20:27,742][INFO ][o.e.a.s.s.i.TransportInstanceSingleOperationActionTests] [testBasicRequestWorks] before test
[2020-02-17T10:20:27,745][INFO ][o.e.c.s.ClusterApplierService] [test] master node changed {previous [{node}{8GymuJPaTViW2se_bmb0Mw}{0.0.0.0}{0.0.0.0:9}{dim}], current [{node_1}{uyTJBUjvStu6KwXoAAqeRw}{0.0.0.0}{0.0.0.0:11}{dim}]}, removed {{node}{8GymuJPaTViW2se_bmb0Mw}{0.0.0.0}{0.0.0.0:9}{dim}}, added {{node_1}{uyTJBUjvStu6KwXoAAqeRw}{0.0.0.0}{0.0.0.0:11}{dim},{node_2}{WyqHZUB3QiikZBR5uEP5cA}{0.0.0.0}{0.0.0.0:12}{dim}}, term: 0, version: 1, reason: test setting state
[2020-02-17T10:20:27,748][INFO ][o.e.a.s.s.i.TransportInstanceSingleOperationActionTests] [testBasicRequestWorks] after test
[2020-02-17T10:20:27,753][INFO ][o.e.a.s.s.i.TransportInstanceSingleOperationActionTests] [testSuccessAfterRetryWithClusterStateUpdate] before test
[2020-02-17T10:20:27,756][INFO ][o.e.c.s.ClusterApplierService] [test] master node changed {previous [{node}{n4GoQj6KRPC7j0eDZ-0ieA}{0.0.0.0}{0.0.0.0:16}{dim}], current [{node_1}{6SFHsICjTE-FXbpOV3hV9Q}{0.0.0.0}{0.0.0.0:18}{dim}]}, removed {{node}{n4GoQj6KRPC7j0eDZ-0ieA}{0.0.0.0}{0.0.0.0:16}{dim}}, added {{node_1}{6SFHsICjTE-FXbpOV3hV9Q}{0.0.0.0}{0.0.0.0:18}{dim},{node_2}{Pr7TpPIRSoShw0nt2KA4kw}{0.0.0.0}{0.0.0.0:19}{dim}}, term: 0, version: 1, reason: test setting state
[2020-02-17T10:20:27,758][INFO ][o.e.c.s.ClusterApplierService] [test] master node changed {previous [{node_1}{6SFHsICjTE-FXbpOV3hV9Q}{0.0.0.0}{0.0.0.0:18}{dim}], current [{node_1}{9i1SDzUEQr-3Sk2AAGNA0w}{0.0.0.0}{0.0.0.0:24}{dim}]}, removed {{node_0}{8uzKg3CgQlS5AY5EMTFhcg}{0.0.0.0}{0.0.0.0:17}{dim},{node_1}{6SFHsICjTE-FXbpOV3hV9Q}{0.0.0.0}{0.0.0.0:18}{dim},{node_2}{Pr7TpPIRSoShw0nt2KA4kw}{0.0.0.0}{0.0.0.0:19}{dim}}, added {{node_1}{9i1SDzUEQr-3Sk2AAGNA0w}{0.0.0.0}{0.0.0.0:24}{dim},{node_2}{2r30wSHVTbKgky4vRF_dhA}{0.0.0.0}{0.0.0.0:25}{dim}}, term: 0, version: 1, reason: test setting state
[2020-02-17T10:20:27,761][INFO ][o.e.a.s.s.i.TransportInstanceSingleOperationActionTests] [testSuccessAfterRetryWithClusterStateUpdate] after test
[2020-02-17T10:20:27,766][INFO ][o.e.a.s.s.i.TransportInstanceSingleOperationActionTests] [testSuccessAfterRetryWithExceptionFromTransport] before test
[2020-02-17T10:20:27,771][INFO ][o.e.c.s.ClusterApplierService] [test] master node changed {previous [{node}{6TndWog6SEaHvGKW-Kvc4g}{0.0.0.0}{0.0.0.0:29}{dim}], current [{node_1}{4Sl6_pR9SWO0IdM3U5_SDg}{0.0.0.0}{0.0.0.0:31}{dim}]}, removed {{node}{6TndWog6SEaHvGKW-Kvc4g}{0.0.0.0}{0.0.0.0:29}{dim}}, added {{node_1}{4Sl6_pR9SWO0IdM3U5_SDg}{0.0.0.0}{0.0.0.0:31}{dim},{node_2}{ZnwXNw8xSqmeGBbGPgaAXQ}{0.0.0.0}{0.0.0.0:32}{dim}}, term: 0, version: 1, reason: test setting state
[2020-02-17T10:20:27,773][INFO ][o.e.c.s.ClusterApplierService] [test] master node changed {previous [{node_1}{4Sl6_pR9SWO0IdM3U5_SDg}{0.0.0.0}{0.0.0.0:31}{dim}], current [{node_1}{tn1dYZJbSSqOF6xkEsZ7rg}{0.0.0.0}{0.0.0.0:37}{dim}]}, removed {{node_0}{rDg-nU_vTaCnVVWosMBcUg}{0.0.0.0}{0.0.0.0:30}{dim},{node_1}{4Sl6_pR9SWO0IdM3U5_SDg}{0.0.0.0}{0.0.0.0:31}{dim},{node_2}{ZnwXNw8xSqmeGBbGPgaAXQ}{0.0.0.0}{0.0.0.0:32}{dim}}, added {{node_1}{tn1dYZJbSSqOF6xkEsZ7rg}{0.0.0.0}{0.0.0.0:37}{dim},{node_2}{Qw1xR1GeQR2IZmRSCGhe4g}{0.0.0.0}{0.0.0.0:38}{dim}}, term: 0, version: 1, reason: test setting state
[2020-02-17T10:20:27,775][INFO ][o.e.a.s.s.i.TransportInstanceSingleOperationActionTests] [testSuccessAfterRetryWithExceptionFromTransport] after test
[2020-02-17T10:20:27,781][INFO ][o.e.a.s.s.i.TransportInstanceSingleOperationActionTests] [testUnresolvableRequestDoesNotHang] before test
[2020-02-17T10:20:27,802][INFO ][o.e.c.s.ClusterApplierService] [test] master node changed {previous [{node}{d0-0S48VTSCCJC3kS0LegQ}{0.0.0.0}{0.0.0.0:42}{dim}], current [{node_1}{3WXII42HQpSzkHDT4sEoBA}{0.0.0.0}{0.0.0.0:44}{dim}]}, removed {{node}{d0-0S48VTSCCJC3kS0LegQ}{0.0.0.0}{0.0.0.0:42}{dim}}, added {{node_1}{3WXII42HQpSzkHDT4sEoBA}{0.0.0.0}{0.0.0.0:44}{dim},{node_2}{5a0u2x9oStCe1bL2fVgz0w}{0.0.0.0}{0.0.0.0:45}{dim}}, term: 0, version: 1, reason: test setting state
[2020-02-17T10:20:27,816][INFO ][o.e.a.s.s.i.TransportInstanceSingleOperationActionTests] [testUnresolvableRequestDoesNotHang] after test
[2020-02-17T10:20:27,828][INFO ][o.e.a.s.s.i.TransportInstanceSingleOperationActionTests] [testFailureWithoutRetry] before test
[2020-02-17T10:20:27,839][INFO ][o.e.c.s.ClusterApplierService] [test] master node changed {previous [{node}{ppxzxG_cSAeg0mP5pok0ng}{0.0.0.0}{0.0.0.0:49}{dim}], current [{node_1}{oekwvjeqT4mXHl0ivohCpg}{0.0.0.0}{0.0.0.0:51}{dim}]}, removed {{node}{ppxzxG_cSAeg0mP5pok0ng}{0.0.0.0}{0.0.0.0:49}{dim}}, added {{node_1}{oekwvjeqT4mXHl0ivohCpg}{0.0.0.0}{0.0.0.0:51}{dim},{node_2}{xKbpUnd8TZakk_AyDQ-QaQ}{0.0.0.0}{0.0.0.0:52}{dim}}, term: 0, version: 1, reason: test setting state
[2020-02-17T10:20:27,845][INFO ][o.e.a.s.s.i.TransportInstanceSingleOperationActionTests] [testFailureWithoutRetry] after test
]]></system-out>
  <system-err><![CDATA[]]></system-err>
</testsuite>
