<?xml version="1.0" encoding="UTF-8"?>
<testsuite name="org.elasticsearch.index.analysis.StopTokenFilterTests" tests="3" skipped="0" failures="0" errors="0" timestamp="2020-02-16T22:22:27" hostname="Escoto-PC" time="0.014">
  <properties/>
  <testcase name="testPositionIncrementSetting" classname="org.elasticsearch.index.analysis.StopTokenFilterTests" time="0.004"/>
  <testcase name="testCorrectPositionIncrementSetting" classname="org.elasticsearch.index.analysis.StopTokenFilterTests" time="0.004"/>
  <testcase name="testThatSuggestStopFilterWorks" classname="org.elasticsearch.index.analysis.StopTokenFilterTests" time="0.005"/>
  <system-out><![CDATA[]]></system-out>
  <system-err><![CDATA[]]></system-err>
</testsuite>
