<?xml version="1.0" encoding="UTF-8"?>
<testsuite name="org.elasticsearch.search.aggregations.metrics.InternalTDigestPercentilesTests" tests="7" skipped="0" failures="0" errors="0" timestamp="2020-02-16T22:24:25" hostname="Escoto-PC" time="0.107">
  <properties/>
  <testcase name="testFromXContent" classname="org.elasticsearch.search.aggregations.metrics.InternalTDigestPercentilesTests" time="0.012"/>
  <testcase name="testFromXContentWithRandomFields" classname="org.elasticsearch.search.aggregations.metrics.InternalTDigestPercentilesTests" time="0.009"/>
  <testcase name="testEqualsAndHashcode" classname="org.elasticsearch.search.aggregations.metrics.InternalTDigestPercentilesTests" time="0.01"/>
  <testcase name="testEmptyRanksXContent" classname="org.elasticsearch.search.aggregations.metrics.InternalTDigestPercentilesTests" time="0.003"/>
  <testcase name="testPercentilesIterators" classname="org.elasticsearch.search.aggregations.metrics.InternalTDigestPercentilesTests" time="0.009"/>
  <testcase name="testReduceRandom" classname="org.elasticsearch.search.aggregations.metrics.InternalTDigestPercentilesTests" time="0.027"/>
  <testcase name="testSerialization" classname="org.elasticsearch.search.aggregations.metrics.InternalTDigestPercentilesTests" time="0.037"/>
  <system-out><![CDATA[[2020-02-16T17:24:25,185][INFO ][o.e.s.a.m.InternalTDigestPercentilesTests] [testFromXContent] before test
[2020-02-16T17:24:25,188][INFO ][o.e.s.a.m.InternalTDigestPercentilesTests] [testFromXContent] after test
[2020-02-16T17:24:25,196][INFO ][o.e.s.a.m.InternalTDigestPercentilesTests] [testFromXContentWithRandomFields] before test
[2020-02-16T17:24:25,197][INFO ][o.e.s.a.m.InternalTDigestPercentilesTests] [testFromXContentWithRandomFields] after test
[2020-02-16T17:24:25,200][INFO ][o.e.s.a.m.InternalTDigestPercentilesTests] [testEqualsAndHashcode] before test
[2020-02-16T17:24:25,207][INFO ][o.e.s.a.m.InternalTDigestPercentilesTests] [testEqualsAndHashcode] after test
[2020-02-16T17:24:25,210][INFO ][o.e.s.a.m.InternalTDigestPercentilesTests] [testEmptyRanksXContent] before test
[2020-02-16T17:24:25,210][INFO ][o.e.s.a.m.InternalTDigestPercentilesTests] [testEmptyRanksXContent] after test
[2020-02-16T17:24:25,218][INFO ][o.e.s.a.m.InternalTDigestPercentilesTests] [testPercentilesIterators] before test
[2020-02-16T17:24:25,219][INFO ][o.e.s.a.m.InternalTDigestPercentilesTests] [testPercentilesIterators] after test
[2020-02-16T17:24:25,224][INFO ][o.e.s.a.m.InternalTDigestPercentilesTests] [testReduceRandom] before test
[2020-02-16T17:24:25,246][INFO ][o.e.s.a.m.InternalTDigestPercentilesTests] [testReduceRandom] after test
[2020-02-16T17:24:25,280][INFO ][o.e.s.a.m.InternalTDigestPercentilesTests] [testSerialization] before test
[2020-02-16T17:24:25,283][INFO ][o.e.s.a.m.InternalTDigestPercentilesTests] [testSerialization] after test
]]></system-out>
  <system-err><![CDATA[]]></system-err>
</testsuite>
