<?xml version="1.0" encoding="UTF-8"?>
<testsuite name="org.elasticsearch.search.DefaultSearchContextTests" tests="1" skipped="0" failures="0" errors="0" timestamp="2020-02-16T22:24:32" hostname="Escoto-PC" time="0.034">
  <properties/>
  <testcase name="testPreProcess" classname="org.elasticsearch.search.DefaultSearchContextTests" time="0.034"/>
  <system-out><![CDATA[[2020-02-16T17:24:32,782][INFO ][o.e.s.DefaultSearchContextTests] [testPreProcess] before test
[2020-02-16T17:24:32,814][INFO ][o.e.s.DefaultSearchContextTests] [testPreProcess] after test
]]></system-out>
  <system-err><![CDATA[]]></system-err>
</testsuite>
