<?xml version="1.0" encoding="UTF-8"?>
<testsuite name="org.elasticsearch.tasks.TaskResultsServiceTests" tests="1" skipped="0" failures="0" errors="0" timestamp="2020-02-16T22:24:44" hostname="Escoto-PC" time="0.002">
  <properties/>
  <testcase name="testRetryTotalTime" classname="org.elasticsearch.tasks.TaskResultsServiceTests" time="0.002"/>
  <system-out><![CDATA[[2020-02-16T17:24:44,528][INFO ][o.e.t.TaskResultsServiceTests] [testRetryTotalTime] before test
[2020-02-16T17:24:44,529][INFO ][o.e.t.TaskResultsServiceTests] [testRetryTotalTime] after test
]]></system-out>
  <system-err><![CDATA[]]></system-err>
</testsuite>
