<?xml version="1.0" encoding="UTF-8"?>
<testsuite name="org.elasticsearch.snapshots.SnapshotRequestsTests" tests="2" skipped="0" failures="0" errors="0" timestamp="2020-02-16T22:24:43" hostname="Escoto-PC" time="0.006">
  <properties/>
  <testcase name="testCreateSnapshotRequestParsing" classname="org.elasticsearch.snapshots.SnapshotRequestsTests" time="0.003"/>
  <testcase name="testRestoreSnapshotRequestParsing" classname="org.elasticsearch.snapshots.SnapshotRequestsTests" time="0.003"/>
  <system-out><![CDATA[[2020-02-16T22:24:43,972][INFO ][o.e.s.SnapshotRequestsTests] [testCreateSnapshotRequestParsing] before test
[2020-02-16T22:24:43,974][INFO ][o.e.s.SnapshotRequestsTests] [testCreateSnapshotRequestParsing] after test
[2020-02-16T22:24:43,976][INFO ][o.e.s.SnapshotRequestsTests] [testRestoreSnapshotRequestParsing] before test
[2020-02-16T22:24:43,976][INFO ][o.e.s.SnapshotRequestsTests] [testRestoreSnapshotRequestParsing] after test
]]></system-out>
  <system-err><![CDATA[]]></system-err>
</testsuite>
