<?xml version="1.0" encoding="UTF-8"?>
<testsuite name="org.elasticsearch.client.OriginSettingClientTests" tests="1" skipped="0" failures="0" errors="0" timestamp="2020-02-16T22:20:50" hostname="Escoto-PC" time="0.009">
  <properties/>
  <testcase name="testSetsParentId" classname="org.elasticsearch.client.OriginSettingClientTests" time="0.009"/>
  <system-out><![CDATA[[2020-02-16T17:20:50,399][INFO ][o.e.c.OriginSettingClientTests] [testSetsParentId] before test
[2020-02-16T17:20:50,404][INFO ][o.e.c.OriginSettingClientTests] [testSetsParentId] after test
]]></system-out>
  <system-err><![CDATA[]]></system-err>
</testsuite>
