<?xml version="1.0" encoding="UTF-8"?>
<testsuite name="org.elasticsearch.index.fielddata.plain.HalfFloatFielddataTests" tests="2" skipped="0" failures="0" errors="0" timestamp="2020-02-16T22:22:10" hostname="Escoto-PC" time="0.014">
  <properties/>
  <testcase name="testMultiValued" classname="org.elasticsearch.index.fielddata.plain.HalfFloatFielddataTests" time="0.009"/>
  <testcase name="testSingleValued" classname="org.elasticsearch.index.fielddata.plain.HalfFloatFielddataTests" time="0.005"/>
  <system-out><![CDATA[[2020-02-16T17:22:10,858][INFO ][o.e.i.f.p.HalfFloatFielddataTests] [testMultiValued] before test
[2020-02-16T17:22:10,865][INFO ][o.e.i.f.p.HalfFloatFielddataTests] [testMultiValued] after test
[2020-02-16T17:22:10,868][INFO ][o.e.i.f.p.HalfFloatFielddataTests] [testSingleValued] before test
[2020-02-16T17:22:10,870][INFO ][o.e.i.f.p.HalfFloatFielddataTests] [testSingleValued] after test
]]></system-out>
  <system-err><![CDATA[]]></system-err>
</testsuite>
