<?xml version="1.0" encoding="UTF-8"?>
<testsuite name="org.elasticsearch.index.mapper.DocumentMapperParserTests" tests="5" skipped="0" failures="0" errors="0" timestamp="2020-02-16T22:22:18" hostname="Escoto-PC" time="1.071">
  <properties/>
  <testcase name="testFieldNameWithDots" classname="org.elasticsearch.index.mapper.DocumentMapperParserTests" time="0.679"/>
  <testcase name="testMultiFieldsWithFieldAlias" classname="org.elasticsearch.index.mapper.DocumentMapperParserTests" time="0.084"/>
  <testcase name="testTypeLevel" classname="org.elasticsearch.index.mapper.DocumentMapperParserTests" time="0.097"/>
  <testcase name="testFieldNameWithDeepDots" classname="org.elasticsearch.index.mapper.DocumentMapperParserTests" time="0.116"/>
  <testcase name="testFieldNameWithDotsConflict" classname="org.elasticsearch.index.mapper.DocumentMapperParserTests" time="0.094"/>
  <system-out><![CDATA[[2020-02-17T03:22:18,266][INFO ][o.e.e.NodeEnvironment    ] [testFieldNameWithDots] using [1] data paths, mounts [[Old HDD (E:)]], net usable_space [89.5gb], net total_space [232.8gb], types [NTFS]
[2020-02-17T03:22:18,267][INFO ][o.e.e.NodeEnvironment    ] [testFieldNameWithDots] heap size [512mb], compressed ordinary object pointers [true]
[2020-02-17T03:22:18,269][INFO ][o.e.n.Node               ] [testFieldNameWithDots] node name [node_s_0], node ID [B_E76wGyRsuUKhm-TSYGTw], cluster name [single-node-cluster-TEST_WORKER_VM=[13]-CLUSTER_SEED=[-8914613000629339166]-HASH=[13CBE75DE59]]
[2020-02-17T03:22:18,269][INFO ][o.e.n.Node               ] [testFieldNameWithDots] version[7.5.1], pid[5104], build[unknown/unknown/unknown/unknown], OS[Windows 7/6.1/amd64], JVM[Oracle Corporation/OpenJDK 64-Bit Server VM/12.0.2/12.0.2+10]
[2020-02-17T03:22:18,269][INFO ][o.e.n.Node               ] [testFieldNameWithDots] JVM home [C:\Program Files\Java\jdk-12.0.2]
[2020-02-17T03:22:18,269][INFO ][o.e.n.Node               ] [testFieldNameWithDots] JVM arguments [-Dcompiler.java=12, -Des.scripting.update.ctx_in_params=false, -Des.transport.cname_in_publish_address=true, -Dgradle.dist.lib=C:\Users\Escoto\.gradle\wrapper\dists\gradle-5.6.2-bin\3clyn6icets6f02ptgd5hlmou\gradle-5.6.2\lib, -Dgradle.user.home=C:\Users\Escoto\.gradle, -Dgradle.worker.jar=C:\Users\Escoto\.gradle/caches/5.6.2/workerMain/gradle-worker.jar, -Dio.netty.noKeySetOptimization=true, -Dio.netty.noUnsafe=true, -Dio.netty.recycler.maxCapacityPerThread=0, -Djava.awt.headless=true, -Djna.nosys=true, -Dorg.gradle.native=false, -Druntime.java=12, -Dtests.artifact=server, -Dtests.gradle=true, -Dtests.logger.level=WARN, -Dtests.security.manager=true, -Dtests.seed=9EA1F2A3814E5F76, -Dtests.task=:server:test, -Dtests.timeoutSuite=1800000!, -esa, --illegal-access=warn, -XX:+HeapDumpOnOutOfMemoryError, -XX:HeapDumpPath=E:\NotD\git\elasticsearch\server\build\heapdump, -Xms512m, -Xmx512m, -Dfile.encoding=windows-1252, -Djava.io.tmpdir=./temp, -Duser.country=US, -Duser.language=en, -Duser.variant, -ea]
[2020-02-17T03:22:18,269][INFO ][o.e.p.PluginsService     ] [testFieldNameWithDots] no modules loaded
[2020-02-17T03:22:18,269][INFO ][o.e.p.PluginsService     ] [testFieldNameWithDots] loaded plugin [org.elasticsearch.test.MockHttpTransport$TestPlugin]
[2020-02-17T03:22:18,269][INFO ][o.e.p.PluginsService     ] [testFieldNameWithDots] loaded plugin [org.elasticsearch.transport.nio.MockNioTransportPlugin]
[2020-02-17T03:22:18,451][INFO ][o.e.d.DiscoveryModule    ] [testFieldNameWithDots] using discovery type [zen] and seed hosts providers [settings]
[2020-02-17T03:22:18,458][INFO ][o.e.n.Node               ] [testFieldNameWithDots] initialized
[2020-02-17T03:22:18,458][INFO ][o.e.n.Node               ] [testFieldNameWithDots] starting ...
[2020-02-17T03:22:18,708][INFO ][o.e.t.TransportService   ] [testFieldNameWithDots] publish_address {127.0.0.1:11600}, bound_addresses {127.0.0.1:11600}, {[::1]:11600}
[2020-02-17T03:22:18,714][INFO ][o.e.c.c.Coordinator      ] [testFieldNameWithDots] setting initial configuration to VotingConfiguration{B_E76wGyRsuUKhm-TSYGTw}
[2020-02-17T03:22:18,810][INFO ][o.e.c.s.MasterService    ] [node_s_0] elected-as-master ([1] nodes joined)[{node_s_0}{B_E76wGyRsuUKhm-TSYGTw}{o4NUDNJbTju7cuouJKs5fQ}{127.0.0.1}{127.0.0.1:11600}{dim} elect leader, _BECOME_MASTER_TASK_, _FINISH_ELECTION_], term: 1, version: 1, delta: master node changed {previous [], current [{node_s_0}{B_E76wGyRsuUKhm-TSYGTw}{o4NUDNJbTju7cuouJKs5fQ}{127.0.0.1}{127.0.0.1:11600}{dim}]}
[2020-02-17T03:22:18,816][INFO ][o.e.c.c.CoordinationState] [node_s_0] cluster UUID set to [9KgDi5wEST2k1uiizUUvbg]
[2020-02-17T03:22:18,822][INFO ][o.e.c.s.ClusterApplierService] [node_s_0] master node changed {previous [], current [{node_s_0}{B_E76wGyRsuUKhm-TSYGTw}{o4NUDNJbTju7cuouJKs5fQ}{127.0.0.1}{127.0.0.1:11600}{dim}]}, term: 1, version: 1, reason: Publication{term=1, version=1}
[2020-02-17T03:22:18,823][INFO ][o.e.n.Node               ] [testFieldNameWithDots] started
[2020-02-17T03:22:18,827][INFO ][o.e.g.GatewayService     ] [node_s_0] recovered [0] indices into cluster_state
[2020-02-17T03:22:18,829][INFO ][o.e.c.m.MetaDataIndexTemplateService] [node_s_0] adding template [one_shard_index_template] for index patterns [*]
[2020-02-17T03:22:18,837][INFO ][o.e.c.m.MetaDataIndexTemplateService] [node_s_0] adding template [random-soft-deletes-template] for index patterns [*]
[2020-02-17T03:22:18,846][INFO ][o.e.i.m.DocumentMapperParserTests] [testFieldNameWithDots] before test
[2020-02-17T03:22:18,847][INFO ][o.e.c.m.MetaDataCreateIndexService] [node_s_0] [test] creating index, cause [api], templates [one_shard_index_template, random-soft-deletes-template], shards [1]/[0], mappings []
[2020-02-17T03:22:18,900][INFO ][o.e.c.r.a.AllocationService] [node_s_0] Cluster health status changed from [YELLOW] to [GREEN] (reason: [shards started [[test][0]]]).
[2020-02-17T03:22:18,911][INFO ][o.e.i.m.DocumentMapperParserTests] [testFieldNameWithDots] after test
[2020-02-17T03:22:18,911][INFO ][o.e.c.m.MetaDataDeleteIndexService] [node_s_0] [test/MT5YQE02Q1iq20zrXs8LPg] deleting index
[2020-02-17T03:22:18,936][INFO ][o.e.i.m.DocumentMapperParserTests] [testMultiFieldsWithFieldAlias] before test
[2020-02-17T03:22:18,937][INFO ][o.e.c.m.MetaDataCreateIndexService] [node_s_0] [test] creating index, cause [api], templates [one_shard_index_template, random-soft-deletes-template], shards [1]/[0], mappings []
[2020-02-17T03:22:18,986][INFO ][o.e.c.r.a.AllocationService] [node_s_0] Cluster health status changed from [YELLOW] to [GREEN] (reason: [shards started [[test][0]]]).
[2020-02-17T03:22:18,996][INFO ][o.e.i.m.DocumentMapperParserTests] [testMultiFieldsWithFieldAlias] after test
[2020-02-17T03:22:18,996][INFO ][o.e.c.m.MetaDataDeleteIndexService] [node_s_0] [test/t9VCDnT8Q9yMSEDMnHC_Kg] deleting index
[2020-02-17T03:22:19,021][INFO ][o.e.i.m.DocumentMapperParserTests] [testTypeLevel] before test
[2020-02-17T03:22:19,023][INFO ][o.e.c.m.MetaDataCreateIndexService] [node_s_0] [test] creating index, cause [api], templates [one_shard_index_template, random-soft-deletes-template], shards [1]/[0], mappings []
[2020-02-17T03:22:19,073][INFO ][o.e.c.r.a.AllocationService] [node_s_0] Cluster health status changed from [YELLOW] to [GREEN] (reason: [shards started [[test][0]]]).
[2020-02-17T03:22:19,085][INFO ][o.e.i.m.DocumentMapperParserTests] [testTypeLevel] after test
[2020-02-17T03:22:19,086][INFO ][o.e.c.m.MetaDataDeleteIndexService] [node_s_0] [test/4vSdgL1fTVC-aloF_eVv5A] deleting index
[2020-02-17T03:22:19,130][INFO ][o.e.i.m.DocumentMapperParserTests] [testFieldNameWithDeepDots] before test
[2020-02-17T03:22:19,132][INFO ][o.e.c.m.MetaDataCreateIndexService] [node_s_0] [test] creating index, cause [api], templates [one_shard_index_template, random-soft-deletes-template], shards [1]/[0], mappings []
[2020-02-17T03:22:19,192][INFO ][o.e.c.r.a.AllocationService] [node_s_0] Cluster health status changed from [YELLOW] to [GREEN] (reason: [shards started [[test][0]]]).
[2020-02-17T03:22:19,203][INFO ][o.e.i.m.DocumentMapperParserTests] [testFieldNameWithDeepDots] after test
[2020-02-17T03:22:19,204][INFO ][o.e.c.m.MetaDataDeleteIndexService] [node_s_0] [test/e5-nip2jSj-ggZsfhljrkA] deleting index
[2020-02-17T03:22:19,237][INFO ][o.e.i.m.DocumentMapperParserTests] [testFieldNameWithDotsConflict] before test
[2020-02-17T03:22:19,238][INFO ][o.e.c.m.MetaDataCreateIndexService] [node_s_0] [test] creating index, cause [api], templates [one_shard_index_template, random-soft-deletes-template], shards [1]/[0], mappings []
[2020-02-17T03:22:19,292][INFO ][o.e.c.r.a.AllocationService] [node_s_0] Cluster health status changed from [YELLOW] to [GREEN] (reason: [shards started [[test][0]]]).
[2020-02-17T03:22:19,302][INFO ][o.e.i.m.DocumentMapperParserTests] [testFieldNameWithDotsConflict] after test
[2020-02-17T03:22:19,302][INFO ][o.e.c.m.MetaDataDeleteIndexService] [node_s_0] [test/stT-rb-URwmtz2E-w_CtAw] deleting index
[2020-02-17T03:22:19,326][INFO ][o.e.n.Node               ] [suite] stopping ...
[2020-02-17T03:22:19,327][INFO ][o.e.n.Node               ] [suite] stopped
[2020-02-17T03:22:19,327][INFO ][o.e.n.Node               ] [suite] closing ...
[2020-02-17T03:22:19,328][INFO ][o.e.n.Node               ] [suite] closed
]]></system-out>
  <system-err><![CDATA[]]></system-err>
</testsuite>
