<?xml version="1.0" encoding="UTF-8"?>
<testsuite name="org.elasticsearch.client.ParentTaskAssigningClientTests" tests="1" skipped="0" failures="0" errors="0" timestamp="2020-02-16T22:20:29" hostname="Escoto-PC" time="0.006">
  <properties/>
  <testcase name="testSetsParentId" classname="org.elasticsearch.client.ParentTaskAssigningClientTests" time="0.006"/>
  <system-out><![CDATA[[2020-02-17T00:20:29,197][INFO ][o.e.c.ParentTaskAssigningClientTests] [testSetsParentId] before test
[2020-02-17T00:20:29,200][INFO ][o.e.c.ParentTaskAssigningClientTests] [testSetsParentId] after test
]]></system-out>
  <system-err><![CDATA[]]></system-err>
</testsuite>
