<?xml version="1.0" encoding="UTF-8"?>
<testsuite name="org.elasticsearch.index.engine.SegmentTests" tests="1" skipped="0" failures="0" errors="0" timestamp="2020-02-16T22:21:58" hostname="Escoto-PC" time="0.005">
  <properties/>
  <testcase name="testSerialization" classname="org.elasticsearch.index.engine.SegmentTests" time="0.005"/>
  <system-out><![CDATA[[2020-02-16T22:21:58,881][INFO ][o.e.i.e.SegmentTests     ] [testSerialization] before test
[2020-02-16T22:21:58,885][INFO ][o.e.i.e.SegmentTests     ] [testSerialization] after test
]]></system-out>
  <system-err><![CDATA[]]></system-err>
</testsuite>
