<?xml version="1.0" encoding="UTF-8"?>
<testsuite name="org.elasticsearch.search.profile.SearchProfileShardResultsTests" tests="2" skipped="0" failures="0" errors="0" timestamp="2020-02-16T22:25:35" hostname="Escoto-PC" time="0.008">
  <properties/>
  <testcase name="testFromXContent" classname="org.elasticsearch.search.profile.SearchProfileShardResultsTests" time="0.006"/>
  <testcase name="testFromXContentWithRandomFields" classname="org.elasticsearch.search.profile.SearchProfileShardResultsTests" time="0.002"/>
  <system-out><![CDATA[[2020-02-17T01:25:35,893][INFO ][o.e.s.p.SearchProfileShardResultsTests] [testFromXContent] before test
[2020-02-17T01:25:35,897][INFO ][o.e.s.p.SearchProfileShardResultsTests] [testFromXContent] after test
[2020-02-17T01:25:35,899][INFO ][o.e.s.p.SearchProfileShardResultsTests] [testFromXContentWithRandomFields] before test
[2020-02-17T01:25:35,899][INFO ][o.e.s.p.SearchProfileShardResultsTests] [testFromXContentWithRandomFields] after test
]]></system-out>
  <system-err><![CDATA[]]></system-err>
</testsuite>
