<?xml version="1.0" encoding="UTF-8"?>
<testsuite name="org.elasticsearch.action.support.master.ShardsAcknowledgedResponseTests" tests="1" skipped="0" failures="0" errors="0" timestamp="2020-02-16T22:20:24" hostname="Escoto-PC" time="0.005">
  <properties/>
  <testcase name="testSerialization" classname="org.elasticsearch.action.support.master.ShardsAcknowledgedResponseTests" time="0.005"/>
  <system-out><![CDATA[[2020-02-16T18:50:24,768][INFO ][o.e.a.s.m.ShardsAcknowledgedResponseTests] [testSerialization] before test
[2020-02-16T18:50:24,770][INFO ][o.e.a.s.m.ShardsAcknowledgedResponseTests] [testSerialization] after test
]]></system-out>
  <system-err><![CDATA[]]></system-err>
</testsuite>
