<?xml version="1.0" encoding="UTF-8"?>
<testsuite name="org.elasticsearch.secure_sm.ThreadPermissionTests" tests="2" skipped="0" failures="0" errors="0" timestamp="2020-02-16T22:50:36" hostname="Escoto-PC" time="0.001">
  <properties/>
  <testcase name="testEquals" classname="org.elasticsearch.secure_sm.ThreadPermissionTests" time="0.0"/>
  <testcase name="testImplies" classname="org.elasticsearch.secure_sm.ThreadPermissionTests" time="0.0"/>
  <system-out><![CDATA[]]></system-out>
  <system-err><![CDATA[]]></system-err>
</testsuite>
