<?xml version="1.0" encoding="UTF-8"?>
<testsuite name="org.elasticsearch.secure_sm.SecureSMTests" tests="6" skipped="0" failures="0" errors="0" timestamp="2020-02-16T22:50:30" hostname="Escoto-PC" time="0.424">
  <properties/>
  <testcase name="testModifyChild" classname="org.elasticsearch.secure_sm.SecureSMTests" time="0.23"/>
  <testcase name="testCreateThread" classname="org.elasticsearch.secure_sm.SecureSMTests" time="0.094"/>
  <testcase name="testNoModifySibling" classname="org.elasticsearch.secure_sm.SecureSMTests" time="0.022"/>
  <testcase name="testCreateThreadGroup" classname="org.elasticsearch.secure_sm.SecureSMTests" time="0.069"/>
  <testcase name="testTryToExit" classname="org.elasticsearch.secure_sm.SecureSMTests" time="0.007"/>
  <testcase name="testClassCanExit" classname="org.elasticsearch.secure_sm.SecureSMTests" time="0.0"/>
  <system-out><![CDATA[]]></system-out>
  <system-err><![CDATA[]]></system-err>
</testsuite>
