<?xml version="1.0" encoding="UTF-8"?>
<testsuite name="org.elasticsearch.node.MockNodeTests" tests="1" skipped="0" failures="0" errors="0" timestamp="2020-02-16T22:48:48" hostname="Escoto-PC" time="2.996">
  <properties/>
  <testcase name="testComponentsMockedByMarkerPlugins" classname="org.elasticsearch.node.MockNodeTests" time="2.996"/>
  <system-out><![CDATA[[2020-02-16T22:48:48,038][INFO ][o.e.n.MockNodeTests      ] [testComponentsMockedByMarkerPlugins] before test
[2020-02-16T22:48:48,724][INFO ][o.e.e.NodeEnvironment    ] [testComponentsMockedByMarkerPlugins] using [1] data paths, mounts [[Old HDD (E:)]], net usable_space [89.4gb], net total_space [232.8gb], types [NTFS]
[2020-02-16T22:48:48,725][INFO ][o.e.e.NodeEnvironment    ] [testComponentsMockedByMarkerPlugins] heap size [512mb], compressed ordinary object pointers [true]
[2020-02-16T22:48:48,728][INFO ][o.e.n.Node               ] [testComponentsMockedByMarkerPlugins] node name [mock_ node], node ID [DyK9agAAQACnfQMTAAAAAA], cluster name [elasticsearch]
[2020-02-16T22:48:48,728][INFO ][o.e.n.Node               ] [testComponentsMockedByMarkerPlugins] version[7.5.1-SNAPSHOT], pid[1564], build[unknown/unknown/eb2e25a2a7560267e67c1d3677fb4aa0516ffba6/2020-02-16T22:08:02.022844600Z], OS[Windows 7/6.1/amd64], JVM[Oracle Corporation/OpenJDK 64-Bit Server VM/12.0.2/12.0.2+10]
[2020-02-16T22:48:48,728][INFO ][o.e.n.Node               ] [testComponentsMockedByMarkerPlugins] JVM home [C:\Program Files\Java\jdk-12.0.2]
[2020-02-16T22:48:48,729][INFO ][o.e.n.Node               ] [testComponentsMockedByMarkerPlugins] JVM arguments [-Dcompiler.java=12, -Des.scripting.update.ctx_in_params=false, -Des.transport.cname_in_publish_address=true, -Dgradle.dist.lib=C:\Users\Escoto\.gradle\wrapper\dists\gradle-5.6.2-bin\3clyn6icets6f02ptgd5hlmou\gradle-5.6.2\lib, -Dgradle.user.home=C:\Users\Escoto\.gradle, -Dgradle.worker.jar=C:\Users\Escoto\.gradle/caches/5.6.2/workerMain/gradle-worker.jar, -Dio.netty.noKeySetOptimization=true, -Dio.netty.noUnsafe=true, -Dio.netty.recycler.maxCapacityPerThread=0, -Djava.awt.headless=true, -Djna.nosys=true, -Dorg.gradle.native=false, -Druntime.java=12, -Dtests.artifact=framework, -Dtests.gradle=true, -Dtests.gradle_index_compat_versions=6.0.0,6.0.1,6.1.0,6.1.1,6.1.2,6.1.3,6.1.4,6.2.0,6.2.1,6.2.2,6.2.3,6.2.4,6.3.0,6.3.1,6.3.2,6.4.0,6.4.1,6.4.2,6.4.3,6.5.0,6.5.1,6.5.2,6.5.3,6.5.4,6.6.0,6.6.1,6.6.2,6.7.0,6.7.1,6.7.2,6.8.0,6.8.1,6.8.2,6.8.3,6.8.4,6.8.5,6.8.6,7.0.0,7.0.1,7.1.0,7.1.1,7.2.0,7.2.1,7.3.0,7.3.1,7.3.2,7.4.0,7.4.1,7.4.2,7.5.0, -Dtests.gradle_unreleased_versions=6.8.6,7.5.1, -Dtests.gradle_wire_compat_versions=6.8.0,6.8.1,6.8.2,6.8.3,6.8.4,6.8.5,6.8.6,7.0.0,7.0.1,7.1.0,7.1.1,7.2.0,7.2.1,7.3.0,7.3.1,7.3.2,7.4.0,7.4.1,7.4.2,7.5.0, -Dtests.logger.level=WARN, -Dtests.security.manager=true, -Dtests.seed=F8F9B188E0B7E774, -Dtests.task=:test:framework:test, -Dtests.timeoutSuite=1800000!, -esa, --illegal-access=warn, -XX:+HeapDumpOnOutOfMemoryError, -XX:HeapDumpPath=E:\NotD\git\elasticsearch\test\framework\build\heapdump, -Xms512m, -Xmx512m, -Dfile.encoding=windows-1252, -Djava.io.tmpdir=./temp, -Duser.country=US, -Duser.language=en, -Duser.variant, -ea]
[2020-02-16T22:48:48,729][WARN ][o.e.n.Node               ] [testComponentsMockedByMarkerPlugins] version [7.5.1-SNAPSHOT] is a pre-release version of Elasticsearch and is not suitable for production
[2020-02-16T22:48:48,735][INFO ][o.e.p.PluginsService     ] [testComponentsMockedByMarkerPlugins] no modules loaded
[2020-02-16T22:48:48,735][INFO ][o.e.p.PluginsService     ] [testComponentsMockedByMarkerPlugins] loaded plugin [org.elasticsearch.node.NodeMocksPlugin]
[2020-02-16T22:48:48,735][INFO ][o.e.p.PluginsService     ] [testComponentsMockedByMarkerPlugins] loaded plugin [org.elasticsearch.test.MockHttpTransport$TestPlugin]
[2020-02-16T22:48:48,736][INFO ][o.e.p.PluginsService     ] [testComponentsMockedByMarkerPlugins] loaded plugin [org.elasticsearch.transport.nio.MockNioTransportPlugin]
[2020-02-16T22:48:50,588][INFO ][o.e.d.DiscoveryModule    ] [testComponentsMockedByMarkerPlugins] using discovery type [zen] and seed hosts providers [settings]
[2020-02-16T22:48:51,023][INFO ][o.e.n.Node               ] [testComponentsMockedByMarkerPlugins] initialized
[2020-02-16T22:48:51,023][INFO ][o.e.n.Node               ] [testComponentsMockedByMarkerPlugins] closing ...
[2020-02-16T22:48:51,028][INFO ][o.e.n.Node               ] [testComponentsMockedByMarkerPlugins] closed
[2020-02-16T22:48:51,028][INFO ][o.e.n.MockNodeTests      ] [testComponentsMockedByMarkerPlugins] after test
]]></system-out>
  <system-err><![CDATA[]]></system-err>
</testsuite>
