<?xml version="1.0" encoding="UTF-8"?>
<testsuite name="org.elasticsearch.test.rest.yaml.section.TransformAndSetSectionTests" tests="4" skipped="0" failures="0" errors="0" timestamp="2020-02-16T22:48:54" hostname="Escoto-PC" time="0.016">
  <properties/>
  <testcase name="testParseSingleValue" classname="org.elasticsearch.test.rest.yaml.section.TransformAndSetSectionTests" time="0.004"/>
  <testcase name="testParseSetSectionNoValues" classname="org.elasticsearch.test.rest.yaml.section.TransformAndSetSectionTests" time="0.003"/>
  <testcase name="testParseMultipleValues" classname="org.elasticsearch.test.rest.yaml.section.TransformAndSetSectionTests" time="0.002"/>
  <testcase name="testTransformation" classname="org.elasticsearch.test.rest.yaml.section.TransformAndSetSectionTests" time="0.006"/>
  <system-out><![CDATA[[2020-02-17T02:18:54,637][INFO ][o.e.t.r.y.s.TransformAndSetSectionTests] [testParseSingleValue] before test
[2020-02-17T02:18:54,639][INFO ][o.e.t.r.y.s.TransformAndSetSectionTests] [testParseSingleValue] after test
[2020-02-17T02:18:54,642][INFO ][o.e.t.r.y.s.TransformAndSetSectionTests] [testParseSetSectionNoValues] before test
[2020-02-17T02:18:54,643][INFO ][o.e.t.r.y.s.TransformAndSetSectionTests] [testParseSetSectionNoValues] after test
[2020-02-17T02:18:54,645][INFO ][o.e.t.r.y.s.TransformAndSetSectionTests] [testParseMultipleValues] before test
[2020-02-17T02:18:54,645][INFO ][o.e.t.r.y.s.TransformAndSetSectionTests] [testParseMultipleValues] after test
[2020-02-17T02:18:54,648][INFO ][o.e.t.r.y.s.TransformAndSetSectionTests] [testTransformation] before test
[2020-02-17T02:18:54,651][INFO ][o.e.t.r.y.s.TransformAndSetSectionTests] [testTransformation] after test
]]></system-out>
  <system-err><![CDATA[]]></system-err>
</testsuite>
