<?xml version="1.0" encoding="UTF-8"?>
<testsuite name="org.elasticsearch.cluster.service.FakeThreadPoolMasterServiceTests" tests="1" skipped="0" failures="0" errors="0" timestamp="2020-02-16T22:48:48" hostname="Escoto-PC" time="0.974">
  <properties/>
  <testcase name="testFakeMasterService" classname="org.elasticsearch.cluster.service.FakeThreadPoolMasterServiceTests" time="0.974"/>
  <system-out><![CDATA[[2020-02-16T14:48:48,474][INFO ][o.e.c.s.FakeThreadPoolMasterServiceTests] [testFakeMasterService] before test
[2020-02-16T14:48:49,444][INFO ][o.e.c.s.FakeThreadPoolMasterServiceTests] [testFakeMasterService] after test
]]></system-out>
  <system-err><![CDATA[]]></system-err>
</testsuite>
