<?xml version="1.0" encoding="UTF-8"?>
<testsuite name="org.elasticsearch.cluster.coordination.MockSinglePrioritizingExecutorTests" tests="1" skipped="0" failures="0" errors="0" timestamp="2020-02-16T22:48:47" hostname="Escoto-PC" time="0.461">
  <properties/>
  <testcase name="testPrioritizedEsThreadPoolExecutor" classname="org.elasticsearch.cluster.coordination.MockSinglePrioritizingExecutorTests" time="0.461"/>
  <system-out><![CDATA[[2020-02-17T11:48:47,485][INFO ][o.e.c.c.MockSinglePrioritizingExecutorTests] [testPrioritizedEsThreadPoolExecutor] before test
[2020-02-17T11:48:47,911][INFO ][o.e.c.c.MockSinglePrioritizingExecutorTests] [testPrioritizedEsThreadPoolExecutor] after test
]]></system-out>
  <system-err><![CDATA[]]></system-err>
</testsuite>
