<?xml version="1.0" encoding="UTF-8"?>
<testsuite name="org.elasticsearch.test.AbstractXContentTestCaseTests" tests="1" skipped="0" failures="0" errors="0" timestamp="2020-02-16T22:48:49" hostname="Escoto-PC" time="0.091">
  <properties/>
  <testcase name="testInsertRandomFieldsAndShuffle" classname="org.elasticsearch.test.AbstractXContentTestCaseTests" time="0.091"/>
  <system-out><![CDATA[[2020-02-17T09:48:49,914][INFO ][o.e.t.AbstractXContentTestCaseTests] [testInsertRandomFieldsAndShuffle] before test
[2020-02-17T09:48:49,958][INFO ][o.e.t.AbstractXContentTestCaseTests] [testInsertRandomFieldsAndShuffle] after test
]]></system-out>
  <system-err><![CDATA[]]></system-err>
</testsuite>
