<?xml version="1.0" encoding="UTF-8"?>
<testsuite name="org.elasticsearch.test.rest.yaml.StashTests" tests="6" skipped="0" failures="0" errors="0" timestamp="2020-02-16T22:48:51" hostname="Escoto-PC" time="0.022">
  <properties/>
  <testcase name="testReplaceStashedValuesStashKeyInMapKeyConflicts" classname="org.elasticsearch.test.rest.yaml.StashTests" time="0.008"/>
  <testcase name="testReplaceStashedValuesStashKeyInMapValue" classname="org.elasticsearch.test.rest.yaml.StashTests" time="0.003"/>
  <testcase name="testPathInList" classname="org.elasticsearch.test.rest.yaml.StashTests" time="0.003"/>
  <testcase name="testReplaceStashedValuesStashKeyInList" classname="org.elasticsearch.test.rest.yaml.StashTests" time="0.003"/>
  <testcase name="testReplaceStashedValuesStashKeyInMapKey" classname="org.elasticsearch.test.rest.yaml.StashTests" time="0.003"/>
  <testcase name="testPathInMapValue" classname="org.elasticsearch.test.rest.yaml.StashTests" time="0.002"/>
  <system-out><![CDATA[[2020-02-17T00:48:51,997][INFO ][o.e.t.r.y.StashTests     ] [testReplaceStashedValuesStashKeyInMapKeyConflicts] before test
[2020-02-17T00:48:52,000][INFO ][o.e.t.r.y.StashTests     ] [testReplaceStashedValuesStashKeyInMapKeyConflicts] after test
[2020-02-17T00:48:52,002][INFO ][o.e.t.r.y.StashTests     ] [testReplaceStashedValuesStashKeyInMapValue] before test
[2020-02-17T00:48:52,003][INFO ][o.e.t.r.y.StashTests     ] [testReplaceStashedValuesStashKeyInMapValue] after test
[2020-02-17T00:48:52,005][INFO ][o.e.t.r.y.StashTests     ] [testPathInList] before test
[2020-02-17T00:48:52,006][INFO ][o.e.t.r.y.StashTests     ] [testPathInList] after test
[2020-02-17T00:48:52,009][INFO ][o.e.t.r.y.StashTests     ] [testReplaceStashedValuesStashKeyInList] before test
[2020-02-17T00:48:52,009][INFO ][o.e.t.r.y.StashTests     ] [testReplaceStashedValuesStashKeyInList] after test
[2020-02-17T00:48:52,011][INFO ][o.e.t.r.y.StashTests     ] [testReplaceStashedValuesStashKeyInMapKey] before test
[2020-02-17T00:48:52,012][INFO ][o.e.t.r.y.StashTests     ] [testReplaceStashedValuesStashKeyInMapKey] after test
[2020-02-17T00:48:52,014][INFO ][o.e.t.r.y.StashTests     ] [testPathInMapValue] before test
[2020-02-17T00:48:52,014][INFO ][o.e.t.r.y.StashTests     ] [testPathInMapValue] after test
]]></system-out>
  <system-err><![CDATA[]]></system-err>
</testsuite>
