<?xml version="1.0" encoding="UTF-8"?>
<testsuite name="org.elasticsearch.common.logging.TestThreadInfoPatternConverterTests" tests="1" skipped="0" failures="0" errors="0" timestamp="2020-02-16T22:48:47" hostname="Escoto-PC" time="0.014">
  <properties/>
  <testcase name="testThreadInfo" classname="org.elasticsearch.common.logging.TestThreadInfoPatternConverterTests" time="0.014"/>
  <system-out><![CDATA[[2020-02-16T18:48:47,983][INFO ][o.e.c.l.TestThreadInfoPatternConverterTests] [testThreadInfo] before test
[2020-02-16T18:48:47,993][INFO ][o.e.c.l.TestThreadInfoPatternConverterTests] [testThreadInfo] after test
]]></system-out>
  <system-err><![CDATA[]]></system-err>
</testsuite>
