<?xml version="1.0" encoding="UTF-8"?>
<testsuite name="org.elasticsearch.search.MockSearchServiceTests" tests="1" skipped="0" failures="0" errors="0" timestamp="2020-02-16T22:48:49" hostname="Escoto-PC" time="0.092">
  <properties/>
  <testcase name="testAssertNoInFlightContext" classname="org.elasticsearch.search.MockSearchServiceTests" time="0.092"/>
  <system-out><![CDATA[[2020-02-16T23:48:49,695][INFO ][o.e.s.MockSearchServiceTests] [testAssertNoInFlightContext] before test
[2020-02-16T23:48:49,782][INFO ][o.e.s.MockSearchServiceTests] [testAssertNoInFlightContext] after test
]]></system-out>
  <system-err><![CDATA[]]></system-err>
</testsuite>
