<?xml version="1.0" encoding="UTF-8"?>
<testsuite name="org.elasticsearch.test.rest.yaml.ESClientYamlSuiteTestCaseTests" tests="3" skipped="0" failures="0" errors="0" timestamp="2020-02-16T22:48:53" hostname="Escoto-PC" time="0.043">
  <properties/>
  <testcase name="testLoadSingleYamlSuite" classname="org.elasticsearch.test.rest.yaml.ESClientYamlSuiteTestCaseTests" time="0.024"/>
  <testcase name="testLoadAllYamlSuites" classname="org.elasticsearch.test.rest.yaml.ESClientYamlSuiteTestCaseTests" time="0.009"/>
  <testcase name="testLoadMultipleYamlSuites" classname="org.elasticsearch.test.rest.yaml.ESClientYamlSuiteTestCaseTests" time="0.01"/>
  <system-out><![CDATA[[2020-02-17T00:48:53,676][INFO ][o.e.t.r.y.ESClientYamlSuiteTestCaseTests] [testLoadSingleYamlSuite] before test
[2020-02-17T00:48:53,692][INFO ][o.e.t.r.y.ESClientYamlSuiteTestCaseTests] [testLoadSingleYamlSuite] after test
[2020-02-17T00:48:53,699][INFO ][o.e.t.r.y.ESClientYamlSuiteTestCaseTests] [testLoadAllYamlSuites] before test
[2020-02-17T00:48:53,701][INFO ][o.e.t.r.y.ESClientYamlSuiteTestCaseTests] [testLoadAllYamlSuites] after test
[2020-02-17T00:48:53,704][INFO ][o.e.t.r.y.ESClientYamlSuiteTestCaseTests] [testLoadMultipleYamlSuites] before test
[2020-02-17T00:48:53,710][INFO ][o.e.t.r.y.ESClientYamlSuiteTestCaseTests] [testLoadMultipleYamlSuites] after test
]]></system-out>
  <system-err><![CDATA[]]></system-err>
</testsuite>
