<?xml version="1.0" encoding="UTF-8"?>
<testsuite name="org.elasticsearch.test.rest.yaml.ClientYamlTestExecutionContextTests" tests="1" skipped="0" failures="0" errors="0" timestamp="2020-02-16T22:48:50" hostname="Escoto-PC" time="0.012">
  <properties/>
  <testcase name="testHeadersSupportStashedValueReplacement" classname="org.elasticsearch.test.rest.yaml.ClientYamlTestExecutionContextTests" time="0.012"/>
  <system-out><![CDATA[[2020-02-16T16:48:50,775][INFO ][o.e.t.r.y.ClientYamlTestExecutionContextTests] [testHeadersSupportStashedValueReplacement] before test
[2020-02-16T16:48:50,784][INFO ][o.e.t.r.y.ClientYamlTestExecutionContextTests] [testHeadersSupportStashedValueReplacement] after test
]]></system-out>
  <system-err><![CDATA[]]></system-err>
</testsuite>
