<?xml version="1.0" encoding="UTF-8"?>
<testsuite name="org.elasticsearch.test.rest.yaml.restspec.ClientYamlSuiteRestApiParserTests" tests="4" skipped="0" failures="0" errors="0" timestamp="2020-02-16T22:48:51" hostname="Escoto-PC" time="0.067">
  <properties/>
  <testcase name="testParseRestSpecIndexApi" classname="org.elasticsearch.test.rest.yaml.restspec.ClientYamlSuiteRestApiParserTests" time="0.043"/>
  <testcase name="testParseRestSpecGetTemplateApi" classname="org.elasticsearch.test.rest.yaml.restspec.ClientYamlSuiteRestApiParserTests" time="0.012"/>
  <testcase name="testParseRestSpecCountApi" classname="org.elasticsearch.test.rest.yaml.restspec.ClientYamlSuiteRestApiParserTests" time="0.005"/>
  <testcase name="testRequiredBodyWithoutUrlParts" classname="org.elasticsearch.test.rest.yaml.restspec.ClientYamlSuiteRestApiParserTests" time="0.007"/>
  <system-out><![CDATA[[2020-02-17T09:48:51,065][INFO ][o.e.t.r.y.r.ClientYamlSuiteRestApiParserTests] [testParseRestSpecIndexApi] before test
[2020-02-17T09:48:51,089][INFO ][o.e.t.r.y.r.ClientYamlSuiteRestApiParserTests] [testParseRestSpecIndexApi] after test
[2020-02-17T09:48:51,100][INFO ][o.e.t.r.y.r.ClientYamlSuiteRestApiParserTests] [testParseRestSpecGetTemplateApi] before test
[2020-02-17T09:48:51,101][INFO ][o.e.t.r.y.r.ClientYamlSuiteRestApiParserTests] [testParseRestSpecGetTemplateApi] after test
[2020-02-17T09:48:51,103][INFO ][o.e.t.r.y.r.ClientYamlSuiteRestApiParserTests] [testParseRestSpecCountApi] before test
[2020-02-17T09:48:51,106][INFO ][o.e.t.r.y.r.ClientYamlSuiteRestApiParserTests] [testParseRestSpecCountApi] after test
[2020-02-17T09:48:51,113][INFO ][o.e.t.r.y.r.ClientYamlSuiteRestApiParserTests] [testRequiredBodyWithoutUrlParts] before test
[2020-02-17T09:48:51,113][INFO ][o.e.t.r.y.r.ClientYamlSuiteRestApiParserTests] [testRequiredBodyWithoutUrlParts] after test
]]></system-out>
  <system-err><![CDATA[]]></system-err>
</testsuite>
