<?xml version="1.0" encoding="UTF-8"?>
<testsuite name="org.elasticsearch.test.AbstractQueryTestCaseTests" tests="2" skipped="0" failures="0" errors="0" timestamp="2020-02-16T22:48:51" hostname="Escoto-PC" time="0.066">
  <properties/>
  <testcase name="testAlterateQueries" classname="org.elasticsearch.test.AbstractQueryTestCaseTests" time="0.035"/>
  <testcase name="testAlterateQueriesWithArbitraryContent" classname="org.elasticsearch.test.AbstractQueryTestCaseTests" time="0.03"/>
  <system-out><![CDATA[[2020-02-16T15:48:51,143][INFO ][o.e.t.AbstractQueryTestCaseTests] [testAlterateQueries] before test
[2020-02-16T15:48:51,165][INFO ][o.e.t.AbstractQueryTestCaseTests] [testAlterateQueries] after test
[2020-02-16T15:48:51,195][INFO ][o.e.t.AbstractQueryTestCaseTests] [testAlterateQueriesWithArbitraryContent] before test
[2020-02-16T15:48:51,196][INFO ][o.e.t.AbstractQueryTestCaseTests] [testAlterateQueriesWithArbitraryContent] after test
]]></system-out>
  <system-err><![CDATA[]]></system-err>
</testsuite>
