<?xml version="1.0" encoding="UTF-8"?>
<testsuite name="org.elasticsearch.test.rest.yaml.restspec.ClientYamlSuiteRestApiTests" tests="2" skipped="0" failures="0" errors="0" timestamp="2020-02-16T22:48:53" hostname="Escoto-PC" time="0.081">
  <properties/>
  <testcase name="testParseCommonSpec" classname="org.elasticsearch.test.rest.yaml.restspec.ClientYamlSuiteRestApiTests" time="0.028"/>
  <testcase name="testPathMatching" classname="org.elasticsearch.test.rest.yaml.restspec.ClientYamlSuiteRestApiTests" time="0.053"/>
  <system-out><![CDATA[[2020-02-16T17:48:53,975][INFO ][o.e.t.r.y.r.ClientYamlSuiteRestApiTests] [testParseCommonSpec] before test
[2020-02-16T17:48:53,980][INFO ][o.e.t.r.y.r.ClientYamlSuiteRestApiTests] [testParseCommonSpec] after test
[2020-02-16T17:48:54,024][INFO ][o.e.t.r.y.r.ClientYamlSuiteRestApiTests] [testPathMatching] before test
[2020-02-16T17:48:54,032][INFO ][o.e.t.r.y.r.ClientYamlSuiteRestApiTests] [testPathMatching] after test
]]></system-out>
  <system-err><![CDATA[]]></system-err>
</testsuite>
