<?xml version="1.0" encoding="UTF-8"?>
<testsuite name="org.elasticsearch.test.rest.yaml.section.TeardownSectionTests" tests="2" skipped="0" failures="0" errors="0" timestamp="2020-02-16T22:48:51" hostname="Escoto-PC" time="0.012">
  <properties/>
  <testcase name="testParseTeardownSection" classname="org.elasticsearch.test.rest.yaml.section.TeardownSectionTests" time="0.007"/>
  <testcase name="testParseWithSkip" classname="org.elasticsearch.test.rest.yaml.section.TeardownSectionTests" time="0.005"/>
  <system-out><![CDATA[[2020-02-16T17:48:51,902][INFO ][o.e.t.r.y.s.TeardownSectionTests] [testParseTeardownSection] before test
[2020-02-16T17:48:51,906][INFO ][o.e.t.r.y.s.TeardownSectionTests] [testParseTeardownSection] after test
[2020-02-16T17:48:51,909][INFO ][o.e.t.r.y.s.TeardownSectionTests] [testParseWithSkip] before test
[2020-02-16T17:48:51,910][INFO ][o.e.t.r.y.s.TeardownSectionTests] [testParseWithSkip] after test
]]></system-out>
  <system-err><![CDATA[]]></system-err>
</testsuite>
