<?xml version="1.0" encoding="UTF-8"?>
<testsuite name="org.elasticsearch.test.disruption.DisruptableMockTransportTests" tests="12" skipped="0" failures="0" errors="0" timestamp="2020-02-16T22:48:50" hostname="Escoto-PC" time="0.47">
  <properties/>
  <testcase name="testUnavailableOnRequestOnly" classname="org.elasticsearch.test.disruption.DisruptableMockTransportTests" time="0.087"/>
  <testcase name="testUnavailableOnExceptionalResponse" classname="org.elasticsearch.test.disruption.DisruptableMockTransportTests" time="0.042"/>
  <testcase name="testUnavailableOnRequestOnlyReceivesSuccessfulResponse" classname="org.elasticsearch.test.disruption.DisruptableMockTransportTests" time="0.045"/>
  <testcase name="testDisconnectedOnExceptionalResponse" classname="org.elasticsearch.test.disruption.DisruptableMockTransportTests" time="0.086"/>
  <testcase name="testBrokenLinkFailsToConnect" classname="org.elasticsearch.test.disruption.DisruptableMockTransportTests" time="0.08"/>
  <testcase name="testUnavailableOnSuccessfulResponse" classname="org.elasticsearch.test.disruption.DisruptableMockTransportTests" time="0.014"/>
  <testcase name="testDisconnectedOnRequest" classname="org.elasticsearch.test.disruption.DisruptableMockTransportTests" time="0.008"/>
  <testcase name="testExceptionalResponse" classname="org.elasticsearch.test.disruption.DisruptableMockTransportTests" time="0.015"/>
  <testcase name="testUnavailableOnRequestOnlyReceivesExceptionalResponse" classname="org.elasticsearch.test.disruption.DisruptableMockTransportTests" time="0.033"/>
  <testcase name="testDisconnectedOnSuccessfulResponse" classname="org.elasticsearch.test.disruption.DisruptableMockTransportTests" time="0.027"/>
  <testcase name="testSuccessfulResponse" classname="org.elasticsearch.test.disruption.DisruptableMockTransportTests" time="0.018"/>
  <testcase name="testUnavailableOnRequest" classname="org.elasticsearch.test.disruption.DisruptableMockTransportTests" time="0.01"/>
  <system-out><![CDATA[[2020-02-17T08:48:50,047][INFO ][o.e.t.d.DisruptableMockTransportTests] [testUnavailableOnRequestOnly] before test
[2020-02-17T08:48:50,130][INFO ][o.e.t.d.DisruptableMockTransportTests] [testUnavailableOnRequestOnly] after test
[2020-02-17T08:48:50,161][INFO ][o.e.t.d.DisruptableMockTransportTests] [testUnavailableOnExceptionalResponse] before test
[2020-02-17T08:48:50,173][INFO ][o.e.t.d.DisruptableMockTransportTests] [testUnavailableOnExceptionalResponse] after test
[2020-02-17T08:48:50,208][INFO ][o.e.t.d.DisruptableMockTransportTests] [testUnavailableOnRequestOnlyReceivesSuccessfulResponse] before test
[2020-02-17T08:48:50,218][INFO ][o.e.t.d.DisruptableMockTransportTests] [testUnavailableOnRequestOnlyReceivesSuccessfulResponse] after test
[2020-02-17T08:48:50,292][INFO ][o.e.t.d.DisruptableMockTransportTests] [testDisconnectedOnExceptionalResponse] before test
[2020-02-17T08:48:50,304][INFO ][o.e.t.d.DisruptableMockTransportTests] [testDisconnectedOnExceptionalResponse] after test
[2020-02-17T08:48:50,308][INFO ][o.e.t.d.DisruptableMockTransportTests] [testBrokenLinkFailsToConnect] before test
[2020-02-17T08:48:50,383][INFO ][o.e.t.d.DisruptableMockTransportTests] [testBrokenLinkFailsToConnect] after test
[2020-02-17T08:48:50,389][INFO ][o.e.t.d.DisruptableMockTransportTests] [testUnavailableOnSuccessfulResponse] before test
[2020-02-17T08:48:50,401][INFO ][o.e.t.d.DisruptableMockTransportTests] [testUnavailableOnSuccessfulResponse] after test
[2020-02-17T08:48:50,403][INFO ][o.e.t.d.DisruptableMockTransportTests] [testDisconnectedOnRequest] before test
[2020-02-17T08:48:50,408][INFO ][o.e.t.d.DisruptableMockTransportTests] [testDisconnectedOnRequest] after test
[2020-02-17T08:48:50,412][INFO ][o.e.t.d.DisruptableMockTransportTests] [testExceptionalResponse] before test
[2020-02-17T08:48:50,424][INFO ][o.e.t.d.DisruptableMockTransportTests] [testExceptionalResponse] after test
[2020-02-17T08:48:50,445][INFO ][o.e.t.d.DisruptableMockTransportTests] [testUnavailableOnRequestOnlyReceivesExceptionalResponse] before test
[2020-02-17T08:48:50,457][INFO ][o.e.t.d.DisruptableMockTransportTests] [testUnavailableOnRequestOnlyReceivesExceptionalResponse] after test
[2020-02-17T08:48:50,479][INFO ][o.e.t.d.DisruptableMockTransportTests] [testDisconnectedOnSuccessfulResponse] before test
[2020-02-17T08:48:50,484][INFO ][o.e.t.d.DisruptableMockTransportTests] [testDisconnectedOnSuccessfulResponse] after test
[2020-02-17T08:48:50,490][INFO ][o.e.t.d.DisruptableMockTransportTests] [testSuccessfulResponse] before test
[2020-02-17T08:48:50,504][INFO ][o.e.t.d.DisruptableMockTransportTests] [testSuccessfulResponse] after test
[2020-02-17T08:48:50,510][INFO ][o.e.t.d.DisruptableMockTransportTests] [testUnavailableOnRequest] before test
[2020-02-17T08:48:50,514][INFO ][o.e.t.d.DisruptableMockTransportTests] [testUnavailableOnRequest] after test
]]></system-out>
  <system-err><![CDATA[]]></system-err>
</testsuite>
