<?xml version="1.0" encoding="UTF-8"?>
<testsuite name="org.elasticsearch.test.rest.yaml.section.MatchAssertionTests" tests="1" skipped="0" failures="0" errors="0" timestamp="2020-02-16T22:48:51" hostname="Escoto-PC" time="0.011">
  <properties/>
  <testcase name="testNull" classname="org.elasticsearch.test.rest.yaml.section.MatchAssertionTests" time="0.011"/>
  <system-out><![CDATA[[2020-02-17T00:48:51,694][INFO ][o.e.t.r.y.s.MatchAssertionTests] [testNull] before test
[2020-02-17T00:48:51,703][INFO ][o.e.t.r.y.s.MatchAssertionTests] [testNull] after test
]]></system-out>
  <system-err><![CDATA[]]></system-err>
</testsuite>
