<?xml version="1.0" encoding="UTF-8"?>
<testsuite name="org.elasticsearch.test.hamcrest.ElasticsearchAssertionsTests" tests="2" skipped="0" failures="0" errors="0" timestamp="2020-02-16T22:48:53" hostname="Escoto-PC" time="0.018">
  <properties/>
  <testcase name="testAssertXContentEquivalent" classname="org.elasticsearch.test.hamcrest.ElasticsearchAssertionsTests" time="0.012"/>
  <testcase name="testAssertXContentEquivalentErrors" classname="org.elasticsearch.test.hamcrest.ElasticsearchAssertionsTests" time="0.006"/>
  <system-out><![CDATA[[2020-02-17T06:48:53,553][INFO ][o.e.t.h.ElasticsearchAssertionsTests] [testAssertXContentEquivalent] before test
[2020-02-17T06:48:53,562][INFO ][o.e.t.h.ElasticsearchAssertionsTests] [testAssertXContentEquivalent] after test
[2020-02-17T06:48:53,565][INFO ][o.e.t.h.ElasticsearchAssertionsTests] [testAssertXContentEquivalentErrors] before test
[2020-02-17T06:48:53,568][INFO ][o.e.t.h.ElasticsearchAssertionsTests] [testAssertXContentEquivalentErrors] after test
]]></system-out>
  <system-err><![CDATA[]]></system-err>
</testsuite>
