<?xml version="1.0" encoding="UTF-8"?>
<testsuite name="org.elasticsearch.index.rankeval.RankEvalRequestTests" tests="2" skipped="0" failures="0" errors="0" timestamp="2020-02-16T22:41:50" hostname="Escoto-PC" time="0.097">
  <properties/>
  <testcase name="testSerialization" classname="org.elasticsearch.index.rankeval.RankEvalRequestTests" time="0.067"/>
  <testcase name="testEqualsAndHashcode" classname="org.elasticsearch.index.rankeval.RankEvalRequestTests" time="0.03"/>
  <system-out><![CDATA[[2020-02-17T04:41:50,818][INFO ][o.e.i.r.RankEvalRequestTests] [testSerialization] before test
[2020-02-17T04:41:50,876][INFO ][o.e.i.r.RankEvalRequestTests] [testSerialization] after test
[2020-02-17T04:41:50,878][INFO ][o.e.i.r.RankEvalRequestTests] [testEqualsAndHashcode] before test
[2020-02-17T04:41:50,906][INFO ][o.e.i.r.RankEvalRequestTests] [testEqualsAndHashcode] after test
]]></system-out>
  <system-err><![CDATA[]]></system-err>
</testsuite>
