<?xml version="1.0" encoding="UTF-8"?>
<testsuite name="org.elasticsearch.index.rankeval.RankEvalResponseTests" tests="3" skipped="0" failures="0" errors="0" timestamp="2020-02-16T22:41:51" hostname="Escoto-PC" time="0.141">
  <properties/>
  <testcase name="testXContentParsing" classname="org.elasticsearch.index.rankeval.RankEvalResponseTests" time="0.118"/>
  <testcase name="testSerialization" classname="org.elasticsearch.index.rankeval.RankEvalResponseTests" time="0.017"/>
  <testcase name="testToXContent" classname="org.elasticsearch.index.rankeval.RankEvalResponseTests" time="0.005"/>
  <system-out><![CDATA[[2020-02-16T18:41:51,617][INFO ][o.e.i.r.RankEvalResponseTests] [testXContentParsing] before test
[2020-02-16T18:41:51,711][INFO ][o.e.i.r.RankEvalResponseTests] [testXContentParsing] after test
[2020-02-16T18:41:51,718][INFO ][o.e.i.r.RankEvalResponseTests] [testSerialization] before test
[2020-02-16T18:41:51,728][INFO ][o.e.i.r.RankEvalResponseTests] [testSerialization] after test
[2020-02-16T18:41:51,732][INFO ][o.e.i.r.RankEvalResponseTests] [testToXContent] before test
[2020-02-16T18:41:51,734][INFO ][o.e.i.r.RankEvalResponseTests] [testToXContent] after test
]]></system-out>
  <system-err><![CDATA[]]></system-err>
</testsuite>
