<?xml version="1.0" encoding="UTF-8"?>
<testsuite name="org.elasticsearch.common.collect.TupleTests" tests="1" skipped="0" failures="0" errors="0" timestamp="2020-02-16T22:50:17" hostname="Escoto-PC" time="0.022">
  <properties/>
  <testcase name="testTuple" classname="org.elasticsearch.common.collect.TupleTests" time="0.022"/>
  <system-out><![CDATA[[2020-02-16T15:50:17,219][INFO ][o.e.c.c.TupleTests       ] [testTuple] before test
[2020-02-16T15:50:17,236][INFO ][o.e.c.c.TupleTests       ] [testTuple] after test
]]></system-out>
  <system-err><![CDATA[]]></system-err>
</testsuite>
