<?xml version="1.0" encoding="UTF-8"?>
<testsuite name="org.elasticsearch.core.internal.io.StreamsTests" tests="1" skipped="0" failures="0" errors="0" timestamp="2020-02-16T22:50:17" hostname="Escoto-PC" time="0.016">
  <properties/>
  <testcase name="testCopyFromInputStream" classname="org.elasticsearch.core.internal.io.StreamsTests" time="0.016"/>
  <system-out><![CDATA[[2020-02-16T15:50:17,537][INFO ][o.e.c.i.i.StreamsTests   ] [testCopyFromInputStream] before test
[2020-02-16T15:50:17,549][INFO ][o.e.c.i.i.StreamsTests   ] [testCopyFromInputStream] after test
]]></system-out>
  <system-err><![CDATA[]]></system-err>
</testsuite>
