<?xml version="1.0" encoding="UTF-8"?>
<testsuite name="org.elasticsearch.core.internal.net.NetUtilsTests" tests="1" skipped="1" failures="0" errors="0" timestamp="2020-02-16T22:50:18" hostname="Escoto-PC" time="0.006">
  <properties/>
  <testcase name="testExtendedSocketOptions" classname="org.elasticsearch.core.internal.net.NetUtilsTests" time="0.006">
    <skipped/>
  </testcase>
  <system-out><![CDATA[[2020-02-16T18:50:18,266][INFO ][o.e.c.i.n.NetUtilsTests  ] [testExtendedSocketOptions] before test
[2020-02-16T18:50:18,269][INFO ][o.e.c.i.n.NetUtilsTests  ] [testExtendedSocketOptions] after test
]]></system-out>
  <system-err><![CDATA[]]></system-err>
</testsuite>
