<?xml version="1.0" encoding="UTF-8"?>
<testsuite name="org.elasticsearch.geometry.utils.GeoHashTests" tests="6" skipped="0" failures="0" errors="0" timestamp="2020-02-16T22:50:25" hostname="Escoto-PC" time="0.598">
  <properties/>
  <testcase name="testLongGeohashes" classname="org.elasticsearch.geometry.utils.GeoHashTests" time="0.383"/>
  <testcase name="testNorthPoleBoundingBox" classname="org.elasticsearch.geometry.utils.GeoHashTests" time="0.004"/>
  <testcase name="testBboxFromHash" classname="org.elasticsearch.geometry.utils.GeoHashTests" time="0.003"/>
  <testcase name="testGeohashExtremes" classname="org.elasticsearch.geometry.utils.GeoHashTests" time="0.005"/>
  <testcase name="testInvalidGeohashes" classname="org.elasticsearch.geometry.utils.GeoHashTests" time="0.003"/>
  <testcase name="testGeohashAsLongRoutines" classname="org.elasticsearch.geometry.utils.GeoHashTests" time="0.198"/>
  <system-out><![CDATA[[2020-02-16T23:50:25,394][INFO ][o.e.g.u.GeoHashTests     ] [testLongGeohashes] before test
[2020-02-16T23:50:25,752][INFO ][o.e.g.u.GeoHashTests     ] [testLongGeohashes] after test
[2020-02-16T23:50:25,756][INFO ][o.e.g.u.GeoHashTests     ] [testNorthPoleBoundingBox] before test
[2020-02-16T23:50:25,756][INFO ][o.e.g.u.GeoHashTests     ] [testNorthPoleBoundingBox] after test
[2020-02-16T23:50:25,759][INFO ][o.e.g.u.GeoHashTests     ] [testBboxFromHash] before test
[2020-02-16T23:50:25,760][INFO ][o.e.g.u.GeoHashTests     ] [testBboxFromHash] after test
[2020-02-16T23:50:25,764][INFO ][o.e.g.u.GeoHashTests     ] [testGeohashExtremes] before test
[2020-02-16T23:50:25,765][INFO ][o.e.g.u.GeoHashTests     ] [testGeohashExtremes] after test
[2020-02-16T23:50:25,767][INFO ][o.e.g.u.GeoHashTests     ] [testInvalidGeohashes] before test
[2020-02-16T23:50:25,768][INFO ][o.e.g.u.GeoHashTests     ] [testInvalidGeohashes] after test
[2020-02-16T23:50:25,772][INFO ][o.e.g.u.GeoHashTests     ] [testGeohashAsLongRoutines] before test
[2020-02-16T23:50:25,967][INFO ][o.e.g.u.GeoHashTests     ] [testGeohashAsLongRoutines] after test
]]></system-out>
  <system-err><![CDATA[]]></system-err>
</testsuite>
