<?xml version="1.0" encoding="UTF-8"?>
<testsuite name="org.elasticsearch.geometry.GeometryValidatorTests" tests="2" skipped="0" failures="0" errors="0" timestamp="2020-02-16T22:50:22" hostname="Escoto-PC" time="0.048">
  <properties/>
  <testcase name="testNoopValidator" classname="org.elasticsearch.geometry.GeometryValidatorTests" time="0.041"/>
  <testcase name="testOneValidator" classname="org.elasticsearch.geometry.GeometryValidatorTests" time="0.007"/>
  <system-out><![CDATA[[2020-02-16T22:50:22,855][INFO ][o.e.g.GeometryValidatorTests] [testNoopValidator] before test
[2020-02-16T22:50:22,887][INFO ][o.e.g.GeometryValidatorTests] [testNoopValidator] after test
[2020-02-16T22:50:22,890][INFO ][o.e.g.GeometryValidatorTests] [testOneValidator] before test
[2020-02-16T22:50:22,894][INFO ][o.e.g.GeometryValidatorTests] [testOneValidator] after test
]]></system-out>
  <system-err><![CDATA[]]></system-err>
</testsuite>
